[2024-12-03T11:06:36.907+0900] {local_task_job_runner.py:123} INFO - ::group::Pre task execution logs
[2024-12-03T11:06:36.917+0900] {taskinstance.py:2613} INFO - Dependencies all met for dep_context=non-requeueable deps ti=<TaskInstance: process_and_upload_json_to_hdfs.run_make_model scheduled__2024-12-03T01:00:00+00:00 [queued]>
[2024-12-03T11:06:36.924+0900] {taskinstance.py:2613} INFO - Dependencies all met for dep_context=requeueable deps ti=<TaskInstance: process_and_upload_json_to_hdfs.run_make_model scheduled__2024-12-03T01:00:00+00:00 [queued]>
[2024-12-03T11:06:36.924+0900] {taskinstance.py:2866} INFO - Starting attempt 1 of 2
[2024-12-03T11:06:36.939+0900] {taskinstance.py:2889} INFO - Executing <Task(BashOperator): run_make_model> on 2024-12-03 01:00:00+00:00
[2024-12-03T11:06:36.942+0900] {standard_task_runner.py:72} INFO - Started process 313322 to run task
[2024-12-03T11:06:36.946+0900] {standard_task_runner.py:104} INFO - Running: ['airflow', 'tasks', 'run', 'process_and_upload_json_to_hdfs', 'run_make_model', 'scheduled__2024-12-03T01:00:00+00:00', '--job-id', '440', '--raw', '--subdir', 'DAGS_FOLDER/data_to_hdfs.py', '--cfg-path', '/tmp/tmpevi27krq']
[2024-12-03T11:06:36.947+0900] {standard_task_runner.py:105} INFO - Job 440: Subtask run_make_model
[2024-12-03T11:06:36.981+0900] {task_command.py:467} INFO - Running <TaskInstance: process_and_upload_json_to_hdfs.run_make_model scheduled__2024-12-03T01:00:00+00:00 [running]> on host MN
[2024-12-03T11:06:37.048+0900] {taskinstance.py:3132} INFO - Exporting env vars: AIRFLOW_CTX_DAG_OWNER='airflow' AIRFLOW_CTX_DAG_ID='process_and_upload_json_to_hdfs' AIRFLOW_CTX_TASK_ID='run_make_model' AIRFLOW_CTX_EXECUTION_DATE='2024-12-03T01:00:00+00:00' AIRFLOW_CTX_TRY_NUMBER='1' AIRFLOW_CTX_DAG_RUN_ID='scheduled__2024-12-03T01:00:00+00:00'
[2024-12-03T11:06:37.049+0900] {taskinstance.py:731} INFO - ::endgroup::
[2024-12-03T11:06:37.063+0900] {subprocess.py:78} INFO - Tmp dir root location: /tmp
[2024-12-03T11:06:37.064+0900] {subprocess.py:88} INFO - Running command: ['/usr/bin/bash', '-c', '/laewon/spark/bin/spark-submit --master yarn --deploy-mode cluster /laewon/Riot/make_model.py']
[2024-12-03T11:06:37.070+0900] {subprocess.py:99} INFO - Output:
[2024-12-03T11:06:39.299+0900] {subprocess.py:106} INFO - 24/12/03 11:06:39 INFO DefaultNoHARMFailoverProxyProvider: Connecting to ResourceManager at MN/192.168.4.7:8032
[2024-12-03T11:06:40.000+0900] {subprocess.py:106} INFO - 24/12/03 11:06:40 INFO Configuration: resource-types.xml not found
[2024-12-03T11:06:40.001+0900] {subprocess.py:106} INFO - 24/12/03 11:06:40 INFO ResourceUtils: Unable to find 'resource-types.xml'.
[2024-12-03T11:06:40.019+0900] {subprocess.py:106} INFO - 24/12/03 11:06:40 INFO Client: Verifying our application has not requested more than the maximum memory capability of the cluster (819200 MB per container)
[2024-12-03T11:06:40.020+0900] {subprocess.py:106} INFO - 24/12/03 11:06:40 INFO Client: Will allocate AM container, with 1408 MB memory including 384 MB overhead
[2024-12-03T11:06:40.021+0900] {subprocess.py:106} INFO - 24/12/03 11:06:40 INFO Client: Setting up container launch context for our AM
[2024-12-03T11:06:40.024+0900] {subprocess.py:106} INFO - 24/12/03 11:06:40 INFO Client: Setting up the launch environment for our AM container
[2024-12-03T11:06:40.036+0900] {subprocess.py:106} INFO - 24/12/03 11:06:40 INFO Client: Preparing resources for our AM container
[2024-12-03T11:06:40.070+0900] {subprocess.py:106} INFO - 24/12/03 11:06:40 WARN Client: Neither spark.yarn.jars nor spark.yarn.archive is set, falling back to uploading libraries under SPARK_HOME.
[2024-12-03T11:06:42.953+0900] {subprocess.py:106} INFO - 24/12/03 11:06:42 INFO Client: Uploading resource file:/tmp/spark-1e27e90e-3b75-4fd6-a845-d12a03a448df/__spark_libs__955893406553522888.zip -> hdfs://MN:9000/user/dke/.sparkStaging/application_1733127595631_0021/__spark_libs__955893406553522888.zip
[2024-12-03T11:07:16.444+0900] {subprocess.py:106} INFO - 24/12/03 11:07:16 INFO Client: Uploading resource file:/laewon/Riot/make_model.py -> hdfs://MN:9000/user/dke/.sparkStaging/application_1733127595631_0021/make_model.py
[2024-12-03T11:07:16.481+0900] {subprocess.py:106} INFO - 24/12/03 11:07:16 INFO Client: Uploading resource file:/laewon/spark-3.5.1-bin-hadoop3/python/lib/pyspark.zip -> hdfs://MN:9000/user/dke/.sparkStaging/application_1733127595631_0021/pyspark.zip
[2024-12-03T11:07:16.721+0900] {subprocess.py:106} INFO - 24/12/03 11:07:16 INFO Client: Uploading resource file:/laewon/spark-3.5.1-bin-hadoop3/python/lib/py4j-0.10.9.7-src.zip -> hdfs://MN:9000/user/dke/.sparkStaging/application_1733127595631_0021/py4j-0.10.9.7-src.zip
[2024-12-03T11:07:16.936+0900] {subprocess.py:106} INFO - 24/12/03 11:07:16 INFO Client: Uploading resource file:/tmp/spark-1e27e90e-3b75-4fd6-a845-d12a03a448df/__spark_conf__14907623457383414193.zip -> hdfs://MN:9000/user/dke/.sparkStaging/application_1733127595631_0021/__spark_conf__.zip
[2024-12-03T11:07:17.027+0900] {subprocess.py:106} INFO - 24/12/03 11:07:17 INFO SecurityManager: Changing view acls to: dke
[2024-12-03T11:07:17.028+0900] {subprocess.py:106} INFO - 24/12/03 11:07:17 INFO SecurityManager: Changing modify acls to: dke
[2024-12-03T11:07:17.028+0900] {subprocess.py:106} INFO - 24/12/03 11:07:17 INFO SecurityManager: Changing view acls groups to:
[2024-12-03T11:07:17.028+0900] {subprocess.py:106} INFO - 24/12/03 11:07:17 INFO SecurityManager: Changing modify acls groups to:
[2024-12-03T11:07:17.029+0900] {subprocess.py:106} INFO - 24/12/03 11:07:17 INFO SecurityManager: SecurityManager: authentication disabled; ui acls disabled; users with view permissions: dke; groups with view permissions: EMPTY; users with modify permissions: dke; groups with modify permissions: EMPTY
[2024-12-03T11:07:17.065+0900] {subprocess.py:106} INFO - 24/12/03 11:07:17 INFO Client: Submitting application application_1733127595631_0021 to ResourceManager
[2024-12-03T11:07:17.110+0900] {subprocess.py:106} INFO - 24/12/03 11:07:17 INFO YarnClientImpl: Submitted application application_1733127595631_0021
[2024-12-03T11:07:18.113+0900] {subprocess.py:106} INFO - 24/12/03 11:07:18 INFO Client: Application report for application_1733127595631_0021 (state: ACCEPTED)
[2024-12-03T11:07:18.116+0900] {subprocess.py:106} INFO - 24/12/03 11:07:18 INFO Client:
[2024-12-03T11:07:18.117+0900] {subprocess.py:106} INFO - 	 client token: N/A
[2024-12-03T11:07:18.117+0900] {subprocess.py:106} INFO - 	 diagnostics: AM container is launched, waiting for AM container to Register with RM
[2024-12-03T11:07:18.118+0900] {subprocess.py:106} INFO - 	 ApplicationMaster host: N/A
[2024-12-03T11:07:18.118+0900] {subprocess.py:106} INFO - 	 ApplicationMaster RPC port: -1
[2024-12-03T11:07:18.118+0900] {subprocess.py:106} INFO - 	 queue: root.default
[2024-12-03T11:07:18.119+0900] {subprocess.py:106} INFO - 	 start time: 1733191637088
[2024-12-03T11:07:18.119+0900] {subprocess.py:106} INFO - 	 final status: UNDEFINED
[2024-12-03T11:07:18.119+0900] {subprocess.py:106} INFO - 	 tracking URL: http://MN:8088/proxy/application_1733127595631_0021/
[2024-12-03T11:07:18.119+0900] {subprocess.py:106} INFO - 	 user: dke
[2024-12-03T11:07:31.133+0900] {subprocess.py:106} INFO - 24/12/03 11:07:31 INFO Client: Application report for application_1733127595631_0021 (state: RUNNING)
[2024-12-03T11:07:31.134+0900] {subprocess.py:106} INFO - 24/12/03 11:07:31 INFO Client:
[2024-12-03T11:07:31.134+0900] {subprocess.py:106} INFO - 	 client token: N/A
[2024-12-03T11:07:31.135+0900] {subprocess.py:106} INFO - 	 diagnostics: N/A
[2024-12-03T11:07:31.135+0900] {subprocess.py:106} INFO - 	 ApplicationMaster host: SN09
[2024-12-03T11:07:31.135+0900] {subprocess.py:106} INFO - 	 ApplicationMaster RPC port: 43725
[2024-12-03T11:07:31.135+0900] {subprocess.py:106} INFO - 	 queue: root.default
[2024-12-03T11:07:31.136+0900] {subprocess.py:106} INFO - 	 start time: 1733191637088
[2024-12-03T11:07:31.136+0900] {subprocess.py:106} INFO - 	 final status: UNDEFINED
[2024-12-03T11:07:31.136+0900] {subprocess.py:106} INFO - 	 tracking URL: http://MN:8088/proxy/application_1733127595631_0021/
[2024-12-03T11:07:31.137+0900] {subprocess.py:106} INFO - 	 user: dke
[2024-12-03T11:08:01.170+0900] {subprocess.py:106} INFO - 24/12/03 11:08:01 INFO Client: Application report for application_1733127595631_0021 (state: RUNNING)
[2024-12-03T11:08:21.193+0900] {subprocess.py:106} INFO - 24/12/03 11:08:21 INFO Client: Application report for application_1733127595631_0021 (state: FINISHED)
[2024-12-03T11:08:21.194+0900] {subprocess.py:106} INFO - 24/12/03 11:08:21 INFO Client:
[2024-12-03T11:08:21.194+0900] {subprocess.py:106} INFO - 	 client token: N/A
[2024-12-03T11:08:21.194+0900] {subprocess.py:106} INFO - 	 diagnostics: N/A
[2024-12-03T11:08:21.195+0900] {subprocess.py:106} INFO - 	 ApplicationMaster host: SN09
[2024-12-03T11:08:21.195+0900] {subprocess.py:106} INFO - 	 ApplicationMaster RPC port: 43725
[2024-12-03T11:08:21.195+0900] {subprocess.py:106} INFO - 	 queue: root.default
[2024-12-03T11:08:21.196+0900] {subprocess.py:106} INFO - 	 start time: 1733191637088
[2024-12-03T11:08:21.196+0900] {subprocess.py:106} INFO - 	 final status: SUCCEEDED
[2024-12-03T11:08:21.196+0900] {subprocess.py:106} INFO - 	 tracking URL: http://MN:8088/proxy/application_1733127595631_0021/
[2024-12-03T11:08:21.197+0900] {subprocess.py:106} INFO - 	 user: dke
[2024-12-03T11:08:21.203+0900] {subprocess.py:106} INFO - 24/12/03 11:08:21 INFO ShutdownHookManager: Shutdown hook called
[2024-12-03T11:08:21.204+0900] {subprocess.py:106} INFO - 24/12/03 11:08:21 INFO ShutdownHookManager: Deleting directory /tmp/spark-440d4d74-7ea9-46e7-8e4d-316850d57277
[2024-12-03T11:08:21.207+0900] {subprocess.py:106} INFO - 24/12/03 11:08:21 INFO ShutdownHookManager: Deleting directory /tmp/spark-1e27e90e-3b75-4fd6-a845-d12a03a448df
[2024-12-03T11:08:21.561+0900] {subprocess.py:110} INFO - Command exited with return code 0
[2024-12-03T11:08:21.584+0900] {taskinstance.py:340} INFO - ::group::Post task execution logs
[2024-12-03T11:08:21.584+0900] {taskinstance.py:352} INFO - Marking task as SUCCESS. dag_id=process_and_upload_json_to_hdfs, task_id=run_make_model, run_id=scheduled__2024-12-03T01:00:00+00:00, execution_date=20241203T010000, start_date=20241203T020636, end_date=20241203T020821
[2024-12-03T11:08:21.639+0900] {local_task_job_runner.py:266} INFO - Task exited with return code 0
[2024-12-03T11:08:21.650+0900] {taskinstance.py:3895} INFO - 0 downstream tasks scheduled from follow-on schedule check
[2024-12-03T11:08:21.651+0900] {local_task_job_runner.py:245} INFO - ::endgroup::
