[2024-12-03T19:06:23.904+0900] {local_task_job_runner.py:123} INFO - ::group::Pre task execution logs
[2024-12-03T19:06:23.914+0900] {taskinstance.py:2613} INFO - Dependencies all met for dep_context=non-requeueable deps ti=<TaskInstance: process_and_upload_json_to_hdfs.run_make_model scheduled__2024-12-03T09:00:00+00:00 [queued]>
[2024-12-03T19:06:23.921+0900] {taskinstance.py:2613} INFO - Dependencies all met for dep_context=requeueable deps ti=<TaskInstance: process_and_upload_json_to_hdfs.run_make_model scheduled__2024-12-03T09:00:00+00:00 [queued]>
[2024-12-03T19:06:23.922+0900] {taskinstance.py:2866} INFO - Starting attempt 1 of 2
[2024-12-03T19:06:23.938+0900] {taskinstance.py:2889} INFO - Executing <Task(BashOperator): run_make_model> on 2024-12-03 09:00:00+00:00
[2024-12-03T19:06:23.941+0900] {standard_task_runner.py:72} INFO - Started process 483152 to run task
[2024-12-03T19:06:23.944+0900] {standard_task_runner.py:104} INFO - Running: ['airflow', 'tasks', 'run', 'process_and_upload_json_to_hdfs', 'run_make_model', 'scheduled__2024-12-03T09:00:00+00:00', '--job-id', '474', '--raw', '--subdir', 'DAGS_FOLDER/data_to_hdfs.py', '--cfg-path', '/tmp/tmpu8x31k9r']
[2024-12-03T19:06:23.946+0900] {standard_task_runner.py:105} INFO - Job 474: Subtask run_make_model
[2024-12-03T19:06:23.978+0900] {task_command.py:467} INFO - Running <TaskInstance: process_and_upload_json_to_hdfs.run_make_model scheduled__2024-12-03T09:00:00+00:00 [running]> on host MN
[2024-12-03T19:06:24.045+0900] {taskinstance.py:3132} INFO - Exporting env vars: AIRFLOW_CTX_DAG_OWNER='airflow' AIRFLOW_CTX_DAG_ID='process_and_upload_json_to_hdfs' AIRFLOW_CTX_TASK_ID='run_make_model' AIRFLOW_CTX_EXECUTION_DATE='2024-12-03T09:00:00+00:00' AIRFLOW_CTX_TRY_NUMBER='1' AIRFLOW_CTX_DAG_RUN_ID='scheduled__2024-12-03T09:00:00+00:00'
[2024-12-03T19:06:24.046+0900] {taskinstance.py:731} INFO - ::endgroup::
[2024-12-03T19:06:24.060+0900] {subprocess.py:78} INFO - Tmp dir root location: /tmp
[2024-12-03T19:06:24.061+0900] {subprocess.py:88} INFO - Running command: ['/usr/bin/bash', '-c', '/laewon/spark/bin/spark-submit --master yarn --deploy-mode cluster /laewon/Riot/make_model.py']
[2024-12-03T19:06:24.067+0900] {subprocess.py:99} INFO - Output:
[2024-12-03T19:06:26.327+0900] {subprocess.py:106} INFO - 24/12/03 19:06:26 INFO DefaultNoHARMFailoverProxyProvider: Connecting to ResourceManager at MN/192.168.4.7:8032
[2024-12-03T19:06:27.026+0900] {subprocess.py:106} INFO - 24/12/03 19:06:27 INFO Configuration: resource-types.xml not found
[2024-12-03T19:06:27.027+0900] {subprocess.py:106} INFO - 24/12/03 19:06:27 INFO ResourceUtils: Unable to find 'resource-types.xml'.
[2024-12-03T19:06:27.040+0900] {subprocess.py:106} INFO - 24/12/03 19:06:27 INFO Client: Verifying our application has not requested more than the maximum memory capability of the cluster (819200 MB per container)
[2024-12-03T19:06:27.041+0900] {subprocess.py:106} INFO - 24/12/03 19:06:27 INFO Client: Will allocate AM container, with 1408 MB memory including 384 MB overhead
[2024-12-03T19:06:27.042+0900] {subprocess.py:106} INFO - 24/12/03 19:06:27 INFO Client: Setting up container launch context for our AM
[2024-12-03T19:06:27.046+0900] {subprocess.py:106} INFO - 24/12/03 19:06:27 INFO Client: Setting up the launch environment for our AM container
[2024-12-03T19:06:27.057+0900] {subprocess.py:106} INFO - 24/12/03 19:06:27 INFO Client: Preparing resources for our AM container
[2024-12-03T19:06:27.092+0900] {subprocess.py:106} INFO - 24/12/03 19:06:27 WARN Client: Neither spark.yarn.jars nor spark.yarn.archive is set, falling back to uploading libraries under SPARK_HOME.
[2024-12-03T19:06:29.910+0900] {subprocess.py:106} INFO - 24/12/03 19:06:29 INFO Client: Uploading resource file:/tmp/spark-45dbd726-55dc-439c-bd2a-0455c54f4982/__spark_libs__6769997793017414517.zip -> hdfs://MN:9000/user/dke/.sparkStaging/application_1733127595631_0034/__spark_libs__6769997793017414517.zip
[2024-12-03T19:07:02.281+0900] {subprocess.py:106} INFO - 24/12/03 19:07:02 INFO Client: Uploading resource file:/laewon/Riot/make_model.py -> hdfs://MN:9000/user/dke/.sparkStaging/application_1733127595631_0034/make_model.py
[2024-12-03T19:07:02.313+0900] {subprocess.py:106} INFO - 24/12/03 19:07:02 INFO Client: Uploading resource file:/laewon/spark-3.5.1-bin-hadoop3/python/lib/pyspark.zip -> hdfs://MN:9000/user/dke/.sparkStaging/application_1733127595631_0034/pyspark.zip
[2024-12-03T19:07:02.552+0900] {subprocess.py:106} INFO - 24/12/03 19:07:02 INFO Client: Uploading resource file:/laewon/spark-3.5.1-bin-hadoop3/python/lib/py4j-0.10.9.7-src.zip -> hdfs://MN:9000/user/dke/.sparkStaging/application_1733127595631_0034/py4j-0.10.9.7-src.zip
[2024-12-03T19:07:02.752+0900] {subprocess.py:106} INFO - 24/12/03 19:07:02 INFO Client: Uploading resource file:/tmp/spark-45dbd726-55dc-439c-bd2a-0455c54f4982/__spark_conf__10643123217936228570.zip -> hdfs://MN:9000/user/dke/.sparkStaging/application_1733127595631_0034/__spark_conf__.zip
[2024-12-03T19:07:02.838+0900] {subprocess.py:106} INFO - 24/12/03 19:07:02 INFO SecurityManager: Changing view acls to: dke
[2024-12-03T19:07:02.839+0900] {subprocess.py:106} INFO - 24/12/03 19:07:02 INFO SecurityManager: Changing modify acls to: dke
[2024-12-03T19:07:02.839+0900] {subprocess.py:106} INFO - 24/12/03 19:07:02 INFO SecurityManager: Changing view acls groups to:
[2024-12-03T19:07:02.840+0900] {subprocess.py:106} INFO - 24/12/03 19:07:02 INFO SecurityManager: Changing modify acls groups to:
[2024-12-03T19:07:02.840+0900] {subprocess.py:106} INFO - 24/12/03 19:07:02 INFO SecurityManager: SecurityManager: authentication disabled; ui acls disabled; users with view permissions: dke; groups with view permissions: EMPTY; users with modify permissions: dke; groups with modify permissions: EMPTY
[2024-12-03T19:07:02.876+0900] {subprocess.py:106} INFO - 24/12/03 19:07:02 INFO Client: Submitting application application_1733127595631_0034 to ResourceManager
[2024-12-03T19:07:02.921+0900] {subprocess.py:106} INFO - 24/12/03 19:07:02 INFO YarnClientImpl: Submitted application application_1733127595631_0034
[2024-12-03T19:07:03.924+0900] {subprocess.py:106} INFO - 24/12/03 19:07:03 INFO Client: Application report for application_1733127595631_0034 (state: ACCEPTED)
[2024-12-03T19:07:03.927+0900] {subprocess.py:106} INFO - 24/12/03 19:07:03 INFO Client:
[2024-12-03T19:07:03.927+0900] {subprocess.py:106} INFO - 	 client token: N/A
[2024-12-03T19:07:03.928+0900] {subprocess.py:106} INFO - 	 diagnostics: AM container is launched, waiting for AM container to Register with RM
[2024-12-03T19:07:03.928+0900] {subprocess.py:106} INFO - 	 ApplicationMaster host: N/A
[2024-12-03T19:07:03.928+0900] {subprocess.py:106} INFO - 	 ApplicationMaster RPC port: -1
[2024-12-03T19:07:03.928+0900] {subprocess.py:106} INFO - 	 queue: root.default
[2024-12-03T19:07:03.929+0900] {subprocess.py:106} INFO - 	 start time: 1733220422900
[2024-12-03T19:07:03.929+0900] {subprocess.py:106} INFO - 	 final status: UNDEFINED
[2024-12-03T19:07:03.929+0900] {subprocess.py:106} INFO - 	 tracking URL: http://MN:8088/proxy/application_1733127595631_0034/
[2024-12-03T19:07:03.929+0900] {subprocess.py:106} INFO - 	 user: dke
[2024-12-03T19:07:20.951+0900] {subprocess.py:106} INFO - 24/12/03 19:07:20 INFO Client: Application report for application_1733127595631_0034 (state: RUNNING)
[2024-12-03T19:07:20.951+0900] {subprocess.py:106} INFO - 24/12/03 19:07:20 INFO Client:
[2024-12-03T19:07:20.951+0900] {subprocess.py:106} INFO - 	 client token: N/A
[2024-12-03T19:07:20.952+0900] {subprocess.py:106} INFO - 	 diagnostics: N/A
[2024-12-03T19:07:20.952+0900] {subprocess.py:106} INFO - 	 ApplicationMaster host: SN04
[2024-12-03T19:07:20.952+0900] {subprocess.py:106} INFO - 	 ApplicationMaster RPC port: 42863
[2024-12-03T19:07:20.952+0900] {subprocess.py:106} INFO - 	 queue: root.default
[2024-12-03T19:07:20.953+0900] {subprocess.py:106} INFO - 	 start time: 1733220422900
[2024-12-03T19:07:20.953+0900] {subprocess.py:106} INFO - 	 final status: UNDEFINED
[2024-12-03T19:07:20.953+0900] {subprocess.py:106} INFO - 	 tracking URL: http://MN:8088/proxy/application_1733127595631_0034/
[2024-12-03T19:07:20.954+0900] {subprocess.py:106} INFO - 	 user: dke
[2024-12-03T19:07:50.989+0900] {subprocess.py:106} INFO - 24/12/03 19:07:50 INFO Client: Application report for application_1733127595631_0034 (state: RUNNING)
[2024-12-03T19:08:19.024+0900] {subprocess.py:106} INFO - 24/12/03 19:08:19 INFO Client: Application report for application_1733127595631_0034 (state: FINISHED)
[2024-12-03T19:08:19.024+0900] {subprocess.py:106} INFO - 24/12/03 19:08:19 INFO Client:
[2024-12-03T19:08:19.025+0900] {subprocess.py:106} INFO - 	 client token: N/A
[2024-12-03T19:08:19.025+0900] {subprocess.py:106} INFO - 	 diagnostics: N/A
[2024-12-03T19:08:19.025+0900] {subprocess.py:106} INFO - 	 ApplicationMaster host: SN04
[2024-12-03T19:08:19.025+0900] {subprocess.py:106} INFO - 	 ApplicationMaster RPC port: 42863
[2024-12-03T19:08:19.026+0900] {subprocess.py:106} INFO - 	 queue: root.default
[2024-12-03T19:08:19.026+0900] {subprocess.py:106} INFO - 	 start time: 1733220422900
[2024-12-03T19:08:19.026+0900] {subprocess.py:106} INFO - 	 final status: SUCCEEDED
[2024-12-03T19:08:19.026+0900] {subprocess.py:106} INFO - 	 tracking URL: http://MN:8088/proxy/application_1733127595631_0034/
[2024-12-03T19:08:19.027+0900] {subprocess.py:106} INFO - 	 user: dke
[2024-12-03T19:08:19.034+0900] {subprocess.py:106} INFO - 24/12/03 19:08:19 INFO Client: Deleted staging directory hdfs://MN:9000/user/dke/.sparkStaging/application_1733127595631_0034
[2024-12-03T19:08:19.038+0900] {subprocess.py:106} INFO - 24/12/03 19:08:19 INFO ShutdownHookManager: Shutdown hook called
[2024-12-03T19:08:19.039+0900] {subprocess.py:106} INFO - 24/12/03 19:08:19 INFO ShutdownHookManager: Deleting directory /tmp/spark-da13f368-1927-4ad4-b269-d9e7decbda8f
[2024-12-03T19:08:19.042+0900] {subprocess.py:106} INFO - 24/12/03 19:08:19 INFO ShutdownHookManager: Deleting directory /tmp/spark-45dbd726-55dc-439c-bd2a-0455c54f4982
[2024-12-03T19:08:19.397+0900] {subprocess.py:110} INFO - Command exited with return code 0
[2024-12-03T19:08:19.420+0900] {taskinstance.py:340} INFO - ::group::Post task execution logs
[2024-12-03T19:08:19.421+0900] {taskinstance.py:352} INFO - Marking task as SUCCESS. dag_id=process_and_upload_json_to_hdfs, task_id=run_make_model, run_id=scheduled__2024-12-03T09:00:00+00:00, execution_date=20241203T090000, start_date=20241203T100623, end_date=20241203T100819
[2024-12-03T19:08:19.474+0900] {local_task_job_runner.py:266} INFO - Task exited with return code 0
[2024-12-03T19:08:19.484+0900] {taskinstance.py:3895} INFO - 0 downstream tasks scheduled from follow-on schedule check
[2024-12-03T19:08:19.485+0900] {local_task_job_runner.py:245} INFO - ::endgroup::
