[2024-12-06T13:06:25.111+0900] {local_task_job_runner.py:123} INFO - ::group::Pre task execution logs
[2024-12-06T13:06:25.121+0900] {taskinstance.py:2613} INFO - Dependencies all met for dep_context=non-requeueable deps ti=<TaskInstance: process_and_upload_json_to_hdfs.run_make_model scheduled__2024-12-06T03:00:00+00:00 [queued]>
[2024-12-06T13:06:25.127+0900] {taskinstance.py:2613} INFO - Dependencies all met for dep_context=requeueable deps ti=<TaskInstance: process_and_upload_json_to_hdfs.run_make_model scheduled__2024-12-06T03:00:00+00:00 [queued]>
[2024-12-06T13:06:25.127+0900] {taskinstance.py:2866} INFO - Starting attempt 1 of 2
[2024-12-06T13:06:25.145+0900] {taskinstance.py:2889} INFO - Executing <Task(BashOperator): run_make_model> on 2024-12-06 03:00:00+00:00
[2024-12-06T13:06:25.148+0900] {standard_task_runner.py:72} INFO - Started process 2424154 to run task
[2024-12-06T13:06:25.151+0900] {standard_task_runner.py:104} INFO - Running: ['airflow', 'tasks', 'run', 'process_and_upload_json_to_hdfs', 'run_make_model', 'scheduled__2024-12-06T03:00:00+00:00', '--job-id', '738', '--raw', '--subdir', 'DAGS_FOLDER/data_to_hdfs.py', '--cfg-path', '/tmp/tmpawwq9wp_']
[2024-12-06T13:06:25.153+0900] {standard_task_runner.py:105} INFO - Job 738: Subtask run_make_model
[2024-12-06T13:06:25.188+0900] {task_command.py:467} INFO - Running <TaskInstance: process_and_upload_json_to_hdfs.run_make_model scheduled__2024-12-06T03:00:00+00:00 [running]> on host MN
[2024-12-06T13:06:25.264+0900] {taskinstance.py:3132} INFO - Exporting env vars: AIRFLOW_CTX_DAG_OWNER='airflow' AIRFLOW_CTX_DAG_ID='process_and_upload_json_to_hdfs' AIRFLOW_CTX_TASK_ID='run_make_model' AIRFLOW_CTX_EXECUTION_DATE='2024-12-06T03:00:00+00:00' AIRFLOW_CTX_TRY_NUMBER='1' AIRFLOW_CTX_DAG_RUN_ID='scheduled__2024-12-06T03:00:00+00:00'
[2024-12-06T13:06:25.265+0900] {taskinstance.py:731} INFO - ::endgroup::
[2024-12-06T13:06:25.279+0900] {subprocess.py:78} INFO - Tmp dir root location: /tmp
[2024-12-06T13:06:25.280+0900] {subprocess.py:88} INFO - Running command: ['/usr/bin/bash', '-c', '/laewon/spark/bin/spark-submit --master yarn --deploy-mode cluster /laewon/Riot/make_model.py']
[2024-12-06T13:06:25.286+0900] {subprocess.py:99} INFO - Output:
[2024-12-06T13:06:27.548+0900] {subprocess.py:106} INFO - 24/12/06 13:06:27 INFO DefaultNoHARMFailoverProxyProvider: Connecting to ResourceManager at MN/192.168.4.7:8032
[2024-12-06T13:06:28.250+0900] {subprocess.py:106} INFO - 24/12/06 13:06:28 INFO Configuration: resource-types.xml not found
[2024-12-06T13:06:28.250+0900] {subprocess.py:106} INFO - 24/12/06 13:06:28 INFO ResourceUtils: Unable to find 'resource-types.xml'.
[2024-12-06T13:06:28.264+0900] {subprocess.py:106} INFO - 24/12/06 13:06:28 INFO Client: Verifying our application has not requested more than the maximum memory capability of the cluster (819200 MB per container)
[2024-12-06T13:06:28.265+0900] {subprocess.py:106} INFO - 24/12/06 13:06:28 INFO Client: Will allocate AM container, with 1408 MB memory including 384 MB overhead
[2024-12-06T13:06:28.265+0900] {subprocess.py:106} INFO - 24/12/06 13:06:28 INFO Client: Setting up container launch context for our AM
[2024-12-06T13:06:28.269+0900] {subprocess.py:106} INFO - 24/12/06 13:06:28 INFO Client: Setting up the launch environment for our AM container
[2024-12-06T13:06:28.280+0900] {subprocess.py:106} INFO - 24/12/06 13:06:28 INFO Client: Preparing resources for our AM container
[2024-12-06T13:06:28.314+0900] {subprocess.py:106} INFO - 24/12/06 13:06:28 WARN Client: Neither spark.yarn.jars nor spark.yarn.archive is set, falling back to uploading libraries under SPARK_HOME.
[2024-12-06T13:06:34.242+0900] {subprocess.py:106} INFO - 24/12/06 13:06:34 INFO Client: Uploading resource file:/tmp/spark-d24880ea-6cbe-41c3-901b-6de3320cfb82/__spark_libs__11717121424969516599.zip -> hdfs://MN:9000/user/dke/.sparkStaging/application_1733127595631_0101/__spark_libs__11717121424969516599.zip
[2024-12-06T13:07:03.983+0900] {subprocess.py:106} INFO - 24/12/06 13:07:03 INFO Client: Uploading resource file:/laewon/Riot/make_model.py -> hdfs://MN:9000/user/dke/.sparkStaging/application_1733127595631_0101/make_model.py
[2024-12-06T13:07:04.039+0900] {subprocess.py:106} INFO - 24/12/06 13:07:04 INFO Client: Uploading resource file:/laewon/spark-3.5.1-bin-hadoop3/python/lib/pyspark.zip -> hdfs://MN:9000/user/dke/.sparkStaging/application_1733127595631_0101/pyspark.zip
[2024-12-06T13:07:04.305+0900] {subprocess.py:106} INFO - 24/12/06 13:07:04 INFO Client: Uploading resource file:/laewon/spark-3.5.1-bin-hadoop3/python/lib/py4j-0.10.9.7-src.zip -> hdfs://MN:9000/user/dke/.sparkStaging/application_1733127595631_0101/py4j-0.10.9.7-src.zip
[2024-12-06T13:07:04.507+0900] {subprocess.py:106} INFO - 24/12/06 13:07:04 INFO Client: Uploading resource file:/tmp/spark-d24880ea-6cbe-41c3-901b-6de3320cfb82/__spark_conf__14870102642384625339.zip -> hdfs://MN:9000/user/dke/.sparkStaging/application_1733127595631_0101/__spark_conf__.zip
[2024-12-06T13:07:04.600+0900] {subprocess.py:106} INFO - 24/12/06 13:07:04 INFO SecurityManager: Changing view acls to: dke
[2024-12-06T13:07:04.600+0900] {subprocess.py:106} INFO - 24/12/06 13:07:04 INFO SecurityManager: Changing modify acls to: dke
[2024-12-06T13:07:04.601+0900] {subprocess.py:106} INFO - 24/12/06 13:07:04 INFO SecurityManager: Changing view acls groups to:
[2024-12-06T13:07:04.601+0900] {subprocess.py:106} INFO - 24/12/06 13:07:04 INFO SecurityManager: Changing modify acls groups to:
[2024-12-06T13:07:04.602+0900] {subprocess.py:106} INFO - 24/12/06 13:07:04 INFO SecurityManager: SecurityManager: authentication disabled; ui acls disabled; users with view permissions: dke; groups with view permissions: EMPTY; users with modify permissions: dke; groups with modify permissions: EMPTY
[2024-12-06T13:07:04.638+0900] {subprocess.py:106} INFO - 24/12/06 13:07:04 INFO Client: Submitting application application_1733127595631_0101 to ResourceManager
[2024-12-06T13:07:04.683+0900] {subprocess.py:106} INFO - 24/12/06 13:07:04 INFO YarnClientImpl: Submitted application application_1733127595631_0101
[2024-12-06T13:07:05.686+0900] {subprocess.py:106} INFO - 24/12/06 13:07:05 INFO Client: Application report for application_1733127595631_0101 (state: ACCEPTED)
[2024-12-06T13:07:05.689+0900] {subprocess.py:106} INFO - 24/12/06 13:07:05 INFO Client:
[2024-12-06T13:07:05.690+0900] {subprocess.py:106} INFO - 	 client token: N/A
[2024-12-06T13:07:05.690+0900] {subprocess.py:106} INFO - 	 diagnostics: AM container is launched, waiting for AM container to Register with RM
[2024-12-06T13:07:05.690+0900] {subprocess.py:106} INFO - 	 ApplicationMaster host: N/A
[2024-12-06T13:07:05.690+0900] {subprocess.py:106} INFO - 	 ApplicationMaster RPC port: -1
[2024-12-06T13:07:05.691+0900] {subprocess.py:106} INFO - 	 queue: root.default
[2024-12-06T13:07:05.691+0900] {subprocess.py:106} INFO - 	 start time: 1733458024661
[2024-12-06T13:07:05.691+0900] {subprocess.py:106} INFO - 	 final status: UNDEFINED
[2024-12-06T13:07:05.691+0900] {subprocess.py:106} INFO - 	 tracking URL: http://MN:8088/proxy/application_1733127595631_0101/
[2024-12-06T13:07:05.692+0900] {subprocess.py:106} INFO - 	 user: dke
[2024-12-06T13:07:12.698+0900] {subprocess.py:106} INFO - 24/12/06 13:07:12 INFO Client: Application report for application_1733127595631_0101 (state: RUNNING)
[2024-12-06T13:07:12.698+0900] {subprocess.py:106} INFO - 24/12/06 13:07:12 INFO Client:
[2024-12-06T13:07:12.699+0900] {subprocess.py:106} INFO - 	 client token: N/A
[2024-12-06T13:07:12.699+0900] {subprocess.py:106} INFO - 	 diagnostics: N/A
[2024-12-06T13:07:12.699+0900] {subprocess.py:106} INFO - 	 ApplicationMaster host: SN02
[2024-12-06T13:07:12.699+0900] {subprocess.py:106} INFO - 	 ApplicationMaster RPC port: 42147
[2024-12-06T13:07:12.700+0900] {subprocess.py:106} INFO - 	 queue: root.default
[2024-12-06T13:07:12.700+0900] {subprocess.py:106} INFO - 	 start time: 1733458024661
[2024-12-06T13:07:12.700+0900] {subprocess.py:106} INFO - 	 final status: UNDEFINED
[2024-12-06T13:07:12.700+0900] {subprocess.py:106} INFO - 	 tracking URL: http://MN:8088/proxy/application_1733127595631_0101/
[2024-12-06T13:07:12.701+0900] {subprocess.py:106} INFO - 	 user: dke
[2024-12-06T13:07:42.735+0900] {subprocess.py:106} INFO - 24/12/06 13:07:42 INFO Client: Application report for application_1733127595631_0101 (state: RUNNING)
[2024-12-06T13:08:12.769+0900] {subprocess.py:106} INFO - 24/12/06 13:08:12 INFO Client: Application report for application_1733127595631_0101 (state: FINISHED)
[2024-12-06T13:08:12.769+0900] {subprocess.py:106} INFO - 24/12/06 13:08:12 INFO Client:
[2024-12-06T13:08:12.769+0900] {subprocess.py:106} INFO - 	 client token: N/A
[2024-12-06T13:08:12.770+0900] {subprocess.py:106} INFO - 	 diagnostics: N/A
[2024-12-06T13:08:12.770+0900] {subprocess.py:106} INFO - 	 ApplicationMaster host: SN02
[2024-12-06T13:08:12.770+0900] {subprocess.py:106} INFO - 	 ApplicationMaster RPC port: 42147
[2024-12-06T13:08:12.771+0900] {subprocess.py:106} INFO - 	 queue: root.default
[2024-12-06T13:08:12.771+0900] {subprocess.py:106} INFO - 	 start time: 1733458024661
[2024-12-06T13:08:12.771+0900] {subprocess.py:106} INFO - 	 final status: SUCCEEDED
[2024-12-06T13:08:12.771+0900] {subprocess.py:106} INFO - 	 tracking URL: http://MN:8088/proxy/application_1733127595631_0101/
[2024-12-06T13:08:12.771+0900] {subprocess.py:106} INFO - 	 user: dke
[2024-12-06T13:08:12.778+0900] {subprocess.py:106} INFO - 24/12/06 13:08:12 INFO ShutdownHookManager: Shutdown hook called
[2024-12-06T13:08:12.779+0900] {subprocess.py:106} INFO - 24/12/06 13:08:12 INFO ShutdownHookManager: Deleting directory /tmp/spark-af514354-0bf1-4b84-9840-0a3bd17b727d
[2024-12-06T13:08:12.782+0900] {subprocess.py:106} INFO - 24/12/06 13:08:12 INFO ShutdownHookManager: Deleting directory /tmp/spark-d24880ea-6cbe-41c3-901b-6de3320cfb82
[2024-12-06T13:08:13.139+0900] {subprocess.py:110} INFO - Command exited with return code 0
[2024-12-06T13:08:13.173+0900] {taskinstance.py:340} INFO - ::group::Post task execution logs
[2024-12-06T13:08:13.173+0900] {taskinstance.py:352} INFO - Marking task as SUCCESS. dag_id=process_and_upload_json_to_hdfs, task_id=run_make_model, run_id=scheduled__2024-12-06T03:00:00+00:00, execution_date=20241206T030000, start_date=20241206T040625, end_date=20241206T040813
[2024-12-06T13:08:13.230+0900] {local_task_job_runner.py:266} INFO - Task exited with return code 0
[2024-12-06T13:08:13.241+0900] {taskinstance.py:3895} INFO - 0 downstream tasks scheduled from follow-on schedule check
[2024-12-06T13:08:13.241+0900] {local_task_job_runner.py:245} INFO - ::endgroup::
