[2024-11-14T18:40:38.758+0900] {local_task_job_runner.py:123} INFO - ::group::Pre task execution logs
[2024-11-14T18:40:38.768+0900] {taskinstance.py:2613} INFO - Dependencies all met for dep_context=non-requeueable deps ti=<TaskInstance: example_bash_operator.runme_0 scheduled__2024-11-13T00:00:00+00:00 [queued]>
[2024-11-14T18:40:38.775+0900] {taskinstance.py:2613} INFO - Dependencies all met for dep_context=requeueable deps ti=<TaskInstance: example_bash_operator.runme_0 scheduled__2024-11-13T00:00:00+00:00 [queued]>
[2024-11-14T18:40:38.775+0900] {taskinstance.py:2866} INFO - Starting attempt 1 of 1
[2024-11-14T18:40:38.789+0900] {taskinstance.py:2889} INFO - Executing <Task(BashOperator): runme_0> on 2024-11-13 00:00:00+00:00
[2024-11-14T18:40:38.791+0900] {standard_task_runner.py:72} INFO - Started process 2365641 to run task
[2024-11-14T18:40:38.795+0900] {standard_task_runner.py:104} INFO - Running: ['airflow', 'tasks', 'run', 'example_bash_operator', 'runme_0', 'scheduled__2024-11-13T00:00:00+00:00', '--job-id', '2', '--raw', '--subdir', '/laewon/airflow_test/py_venv/lib/python3.8/site-packages/airflow/example_dags/example_bash_operator.py', '--cfg-path', '/tmp/tmpn7moj8zv']
[2024-11-14T18:40:38.795+0900] {standard_task_runner.py:105} INFO - Job 2: Subtask runme_0
[2024-11-14T18:40:38.834+0900] {task_command.py:467} INFO - Running <TaskInstance: example_bash_operator.runme_0 scheduled__2024-11-13T00:00:00+00:00 [running]> on host MN
[2024-11-14T18:40:38.896+0900] {taskinstance.py:3132} INFO - Exporting env vars: AIRFLOW_CTX_DAG_OWNER='airflow' AIRFLOW_CTX_DAG_ID='example_bash_operator' AIRFLOW_CTX_TASK_ID='runme_0' AIRFLOW_CTX_EXECUTION_DATE='2024-11-13T00:00:00+00:00' AIRFLOW_CTX_TRY_NUMBER='1' AIRFLOW_CTX_DAG_RUN_ID='scheduled__2024-11-13T00:00:00+00:00'
[2024-11-14T18:40:38.897+0900] {logging_mixin.py:190} INFO - Task instance is in running state
[2024-11-14T18:40:38.897+0900] {logging_mixin.py:190} INFO -  Previous state of the Task instance: queued
[2024-11-14T18:40:38.897+0900] {logging_mixin.py:190} INFO - Current task name:runme_0 state:running start_date:2024-11-14 09:40:38.769183+00:00
[2024-11-14T18:40:38.897+0900] {logging_mixin.py:190} INFO - Dag name:example_bash_operator and current dag run status:running
[2024-11-14T18:40:38.897+0900] {taskinstance.py:731} INFO - ::endgroup::
[2024-11-14T18:40:38.898+0900] {subprocess.py:78} INFO - Tmp dir root location: /tmp
[2024-11-14T18:40:38.899+0900] {subprocess.py:88} INFO - Running command: ['/usr/bin/bash', '-c', 'echo "example_bash_operator__runme_0__20241113" && sleep 1']
[2024-11-14T18:40:38.904+0900] {subprocess.py:99} INFO - Output:
[2024-11-14T18:40:38.905+0900] {subprocess.py:106} INFO - example_bash_operator__runme_0__20241113
[2024-11-14T18:40:39.906+0900] {subprocess.py:110} INFO - Command exited with return code 0
[2024-11-14T18:40:39.929+0900] {taskinstance.py:340} INFO - ::group::Post task execution logs
[2024-11-14T18:40:39.930+0900] {taskinstance.py:352} INFO - Marking task as SUCCESS. dag_id=example_bash_operator, task_id=runme_0, run_id=scheduled__2024-11-13T00:00:00+00:00, execution_date=20241113T000000, start_date=20241114T094038, end_date=20241114T094039
[2024-11-14T18:40:39.941+0900] {logging_mixin.py:190} INFO - Task instance in success state
[2024-11-14T18:40:39.941+0900] {logging_mixin.py:190} INFO -  Previous state of the Task instance: running
[2024-11-14T18:40:39.942+0900] {logging_mixin.py:190} INFO - Dag name:example_bash_operator queued_at:2024-11-14 09:40:36.666426+00:00
[2024-11-14T18:40:39.942+0900] {logging_mixin.py:190} INFO - Task hostname:MN operator:BashOperator
[2024-11-14T18:40:39.970+0900] {local_task_job_runner.py:266} INFO - Task exited with return code 0
[2024-11-14T18:40:39.989+0900] {taskinstance.py:3895} INFO - 0 downstream tasks scheduled from follow-on schedule check
[2024-11-14T18:40:39.989+0900] {local_task_job_runner.py:245} INFO - ::endgroup::
