[2024-12-03T07:06:36.930+0900] {local_task_job_runner.py:123} INFO - ::group::Pre task execution logs
[2024-12-03T07:06:36.940+0900] {taskinstance.py:2613} INFO - Dependencies all met for dep_context=non-requeueable deps ti=<TaskInstance: process_and_upload_json_to_hdfs.run_make_model scheduled__2024-12-02T21:00:00+00:00 [queued]>
[2024-12-03T07:06:36.947+0900] {taskinstance.py:2613} INFO - Dependencies all met for dep_context=requeueable deps ti=<TaskInstance: process_and_upload_json_to_hdfs.run_make_model scheduled__2024-12-02T21:00:00+00:00 [queued]>
[2024-12-03T07:06:36.947+0900] {taskinstance.py:2866} INFO - Starting attempt 1 of 2
[2024-12-03T07:06:36.963+0900] {taskinstance.py:2889} INFO - Executing <Task(BashOperator): run_make_model> on 2024-12-02 21:00:00+00:00
[2024-12-03T07:06:36.966+0900] {standard_task_runner.py:72} INFO - Started process 255227 to run task
[2024-12-03T07:06:36.969+0900] {standard_task_runner.py:104} INFO - Running: ['airflow', 'tasks', 'run', 'process_and_upload_json_to_hdfs', 'run_make_model', 'scheduled__2024-12-02T21:00:00+00:00', '--job-id', '424', '--raw', '--subdir', 'DAGS_FOLDER/data_to_hdfs.py', '--cfg-path', '/tmp/tmpqvdz2mjm']
[2024-12-03T07:06:36.971+0900] {standard_task_runner.py:105} INFO - Job 424: Subtask run_make_model
[2024-12-03T07:06:37.005+0900] {task_command.py:467} INFO - Running <TaskInstance: process_and_upload_json_to_hdfs.run_make_model scheduled__2024-12-02T21:00:00+00:00 [running]> on host MN
[2024-12-03T07:06:37.071+0900] {taskinstance.py:3132} INFO - Exporting env vars: AIRFLOW_CTX_DAG_OWNER='airflow' AIRFLOW_CTX_DAG_ID='process_and_upload_json_to_hdfs' AIRFLOW_CTX_TASK_ID='run_make_model' AIRFLOW_CTX_EXECUTION_DATE='2024-12-02T21:00:00+00:00' AIRFLOW_CTX_TRY_NUMBER='1' AIRFLOW_CTX_DAG_RUN_ID='scheduled__2024-12-02T21:00:00+00:00'
[2024-12-03T07:06:37.072+0900] {taskinstance.py:731} INFO - ::endgroup::
[2024-12-03T07:06:37.086+0900] {subprocess.py:78} INFO - Tmp dir root location: /tmp
[2024-12-03T07:06:37.087+0900] {subprocess.py:88} INFO - Running command: ['/usr/bin/bash', '-c', '/laewon/spark/bin/spark-submit --master yarn --deploy-mode cluster /laewon/Riot/make_model.py']
[2024-12-03T07:06:37.093+0900] {subprocess.py:99} INFO - Output:
[2024-12-03T07:06:39.332+0900] {subprocess.py:106} INFO - 24/12/03 07:06:39 INFO DefaultNoHARMFailoverProxyProvider: Connecting to ResourceManager at MN/192.168.4.7:8032
[2024-12-03T07:06:40.020+0900] {subprocess.py:106} INFO - 24/12/03 07:06:40 INFO Configuration: resource-types.xml not found
[2024-12-03T07:06:40.021+0900] {subprocess.py:106} INFO - 24/12/03 07:06:40 INFO ResourceUtils: Unable to find 'resource-types.xml'.
[2024-12-03T07:06:40.035+0900] {subprocess.py:106} INFO - 24/12/03 07:06:40 INFO Client: Verifying our application has not requested more than the maximum memory capability of the cluster (819200 MB per container)
[2024-12-03T07:06:40.036+0900] {subprocess.py:106} INFO - 24/12/03 07:06:40 INFO Client: Will allocate AM container, with 1408 MB memory including 384 MB overhead
[2024-12-03T07:06:40.036+0900] {subprocess.py:106} INFO - 24/12/03 07:06:40 INFO Client: Setting up container launch context for our AM
[2024-12-03T07:06:40.040+0900] {subprocess.py:106} INFO - 24/12/03 07:06:40 INFO Client: Setting up the launch environment for our AM container
[2024-12-03T07:06:40.051+0900] {subprocess.py:106} INFO - 24/12/03 07:06:40 INFO Client: Preparing resources for our AM container
[2024-12-03T07:06:40.087+0900] {subprocess.py:106} INFO - 24/12/03 07:06:40 WARN Client: Neither spark.yarn.jars nor spark.yarn.archive is set, falling back to uploading libraries under SPARK_HOME.
[2024-12-03T07:06:42.902+0900] {subprocess.py:106} INFO - 24/12/03 07:06:42 INFO Client: Uploading resource file:/tmp/spark-4887ae2a-9989-4020-805e-9293462f865a/__spark_libs__2801519651675367145.zip -> hdfs://MN:9000/user/dke/.sparkStaging/application_1733127595631_0017/__spark_libs__2801519651675367145.zip
[2024-12-03T07:07:17.472+0900] {subprocess.py:106} INFO - 24/12/03 07:07:17 INFO Client: Uploading resource file:/laewon/Riot/make_model.py -> hdfs://MN:9000/user/dke/.sparkStaging/application_1733127595631_0017/make_model.py
[2024-12-03T07:07:17.536+0900] {subprocess.py:106} INFO - 24/12/03 07:07:17 INFO Client: Uploading resource file:/laewon/spark-3.5.1-bin-hadoop3/python/lib/pyspark.zip -> hdfs://MN:9000/user/dke/.sparkStaging/application_1733127595631_0017/pyspark.zip
[2024-12-03T07:07:17.782+0900] {subprocess.py:106} INFO - 24/12/03 07:07:17 INFO Client: Uploading resource file:/laewon/spark-3.5.1-bin-hadoop3/python/lib/py4j-0.10.9.7-src.zip -> hdfs://MN:9000/user/dke/.sparkStaging/application_1733127595631_0017/py4j-0.10.9.7-src.zip
[2024-12-03T07:07:17.989+0900] {subprocess.py:106} INFO - 24/12/03 07:07:17 INFO Client: Uploading resource file:/tmp/spark-4887ae2a-9989-4020-805e-9293462f865a/__spark_conf__15851508197531162951.zip -> hdfs://MN:9000/user/dke/.sparkStaging/application_1733127595631_0017/__spark_conf__.zip
[2024-12-03T07:07:18.078+0900] {subprocess.py:106} INFO - 24/12/03 07:07:18 INFO SecurityManager: Changing view acls to: dke
[2024-12-03T07:07:18.078+0900] {subprocess.py:106} INFO - 24/12/03 07:07:18 INFO SecurityManager: Changing modify acls to: dke
[2024-12-03T07:07:18.079+0900] {subprocess.py:106} INFO - 24/12/03 07:07:18 INFO SecurityManager: Changing view acls groups to:
[2024-12-03T07:07:18.079+0900] {subprocess.py:106} INFO - 24/12/03 07:07:18 INFO SecurityManager: Changing modify acls groups to:
[2024-12-03T07:07:18.080+0900] {subprocess.py:106} INFO - 24/12/03 07:07:18 INFO SecurityManager: SecurityManager: authentication disabled; ui acls disabled; users with view permissions: dke; groups with view permissions: EMPTY; users with modify permissions: dke; groups with modify permissions: EMPTY
[2024-12-03T07:07:18.117+0900] {subprocess.py:106} INFO - 24/12/03 07:07:18 INFO Client: Submitting application application_1733127595631_0017 to ResourceManager
[2024-12-03T07:07:18.163+0900] {subprocess.py:106} INFO - 24/12/03 07:07:18 INFO YarnClientImpl: Submitted application application_1733127595631_0017
[2024-12-03T07:07:19.165+0900] {subprocess.py:106} INFO - 24/12/03 07:07:19 INFO Client: Application report for application_1733127595631_0017 (state: ACCEPTED)
[2024-12-03T07:07:19.169+0900] {subprocess.py:106} INFO - 24/12/03 07:07:19 INFO Client:
[2024-12-03T07:07:19.169+0900] {subprocess.py:106} INFO - 	 client token: N/A
[2024-12-03T07:07:19.170+0900] {subprocess.py:106} INFO - 	 diagnostics: AM container is launched, waiting for AM container to Register with RM
[2024-12-03T07:07:19.170+0900] {subprocess.py:106} INFO - 	 ApplicationMaster host: N/A
[2024-12-03T07:07:19.170+0900] {subprocess.py:106} INFO - 	 ApplicationMaster RPC port: -1
[2024-12-03T07:07:19.170+0900] {subprocess.py:106} INFO - 	 queue: root.default
[2024-12-03T07:07:19.171+0900] {subprocess.py:106} INFO - 	 start time: 1733177238140
[2024-12-03T07:07:19.171+0900] {subprocess.py:106} INFO - 	 final status: UNDEFINED
[2024-12-03T07:07:19.171+0900] {subprocess.py:106} INFO - 	 tracking URL: http://MN:8088/proxy/application_1733127595631_0017/
[2024-12-03T07:07:19.171+0900] {subprocess.py:106} INFO - 	 user: dke
[2024-12-03T07:07:46.205+0900] {subprocess.py:106} INFO - 24/12/03 07:07:46 INFO Client: Application report for application_1733127595631_0017 (state: RUNNING)
[2024-12-03T07:07:46.206+0900] {subprocess.py:106} INFO - 24/12/03 07:07:46 INFO Client:
[2024-12-03T07:07:46.206+0900] {subprocess.py:106} INFO - 	 client token: N/A
[2024-12-03T07:07:46.206+0900] {subprocess.py:106} INFO - 	 diagnostics: N/A
[2024-12-03T07:07:46.207+0900] {subprocess.py:106} INFO - 	 ApplicationMaster host: SN03
[2024-12-03T07:07:46.207+0900] {subprocess.py:106} INFO - 	 ApplicationMaster RPC port: 42235
[2024-12-03T07:07:46.207+0900] {subprocess.py:106} INFO - 	 queue: root.default
[2024-12-03T07:07:46.207+0900] {subprocess.py:106} INFO - 	 start time: 1733177238140
[2024-12-03T07:07:46.208+0900] {subprocess.py:106} INFO - 	 final status: UNDEFINED
[2024-12-03T07:07:46.208+0900] {subprocess.py:106} INFO - 	 tracking URL: http://MN:8088/proxy/application_1733127595631_0017/
[2024-12-03T07:07:46.208+0900] {subprocess.py:106} INFO - 	 user: dke
[2024-12-03T07:08:16.244+0900] {subprocess.py:106} INFO - 24/12/03 07:08:16 INFO Client: Application report for application_1733127595631_0017 (state: RUNNING)
[2024-12-03T07:08:31.263+0900] {subprocess.py:106} INFO - 24/12/03 07:08:31 INFO Client: Application report for application_1733127595631_0017 (state: FINISHED)
[2024-12-03T07:08:31.264+0900] {subprocess.py:106} INFO - 24/12/03 07:08:31 INFO Client:
[2024-12-03T07:08:31.264+0900] {subprocess.py:106} INFO - 	 client token: N/A
[2024-12-03T07:08:31.264+0900] {subprocess.py:106} INFO - 	 diagnostics: N/A
[2024-12-03T07:08:31.264+0900] {subprocess.py:106} INFO - 	 ApplicationMaster host: SN03
[2024-12-03T07:08:31.265+0900] {subprocess.py:106} INFO - 	 ApplicationMaster RPC port: 42235
[2024-12-03T07:08:31.265+0900] {subprocess.py:106} INFO - 	 queue: root.default
[2024-12-03T07:08:31.265+0900] {subprocess.py:106} INFO - 	 start time: 1733177238140
[2024-12-03T07:08:31.265+0900] {subprocess.py:106} INFO - 	 final status: SUCCEEDED
[2024-12-03T07:08:31.266+0900] {subprocess.py:106} INFO - 	 tracking URL: http://MN:8088/proxy/application_1733127595631_0017/
[2024-12-03T07:08:31.266+0900] {subprocess.py:106} INFO - 	 user: dke
[2024-12-03T07:08:31.273+0900] {subprocess.py:106} INFO - 24/12/03 07:08:31 INFO ShutdownHookManager: Shutdown hook called
[2024-12-03T07:08:31.274+0900] {subprocess.py:106} INFO - 24/12/03 07:08:31 INFO ShutdownHookManager: Deleting directory /tmp/spark-94087d06-c3b2-4f5c-826d-a2470cf0f66b
[2024-12-03T07:08:31.277+0900] {subprocess.py:106} INFO - 24/12/03 07:08:31 INFO ShutdownHookManager: Deleting directory /tmp/spark-4887ae2a-9989-4020-805e-9293462f865a
[2024-12-03T07:08:31.631+0900] {subprocess.py:110} INFO - Command exited with return code 0
[2024-12-03T07:08:31.654+0900] {taskinstance.py:340} INFO - ::group::Post task execution logs
[2024-12-03T07:08:31.654+0900] {taskinstance.py:352} INFO - Marking task as SUCCESS. dag_id=process_and_upload_json_to_hdfs, task_id=run_make_model, run_id=scheduled__2024-12-02T21:00:00+00:00, execution_date=20241202T210000, start_date=20241202T220636, end_date=20241202T220831
[2024-12-03T07:08:31.683+0900] {local_task_job_runner.py:266} INFO - Task exited with return code 0
[2024-12-03T07:08:31.693+0900] {taskinstance.py:3895} INFO - 0 downstream tasks scheduled from follow-on schedule check
[2024-12-03T07:08:31.694+0900] {local_task_job_runner.py:245} INFO - ::endgroup::
