[2024-11-15T15:34:44.877+0900] {local_task_job_runner.py:123} INFO - ::group::Pre task execution logs
[2024-11-15T15:34:44.887+0900] {taskinstance.py:2613} INFO - Dependencies all met for dep_context=non-requeueable deps ti=<TaskInstance: random_data_direct_to_hdfs.save_to_hdfs scheduled__2024-11-14T07:46:00+00:00 [queued]>
[2024-11-15T15:34:44.894+0900] {taskinstance.py:2613} INFO - Dependencies all met for dep_context=requeueable deps ti=<TaskInstance: random_data_direct_to_hdfs.save_to_hdfs scheduled__2024-11-14T07:46:00+00:00 [queued]>
[2024-11-15T15:34:44.894+0900] {taskinstance.py:2866} INFO - Starting attempt 1 of 6
[2024-11-15T15:34:44.909+0900] {taskinstance.py:2889} INFO - Executing <Task(BashOperator): save_to_hdfs> on 2024-11-14 07:46:00+00:00
[2024-11-15T15:34:44.911+0900] {standard_task_runner.py:72} INFO - Started process 2390497 to run task
[2024-11-15T15:34:44.915+0900] {standard_task_runner.py:104} INFO - Running: ['airflow', 'tasks', 'run', 'random_data_direct_to_hdfs', 'save_to_hdfs', 'scheduled__2024-11-14T07:46:00+00:00', '--job-id', '162', '--raw', '--subdir', 'DAGS_FOLDER/data_to_hdfs.py', '--cfg-path', '/tmp/tmpcg3bz5ba']
[2024-11-15T15:34:44.916+0900] {standard_task_runner.py:105} INFO - Job 162: Subtask save_to_hdfs
[2024-11-15T15:34:44.949+0900] {task_command.py:467} INFO - Running <TaskInstance: random_data_direct_to_hdfs.save_to_hdfs scheduled__2024-11-14T07:46:00+00:00 [running]> on host MN
[2024-11-15T15:34:45.026+0900] {taskinstance.py:3132} INFO - Exporting env vars: AIRFLOW_CTX_DAG_OWNER='lwjeong' AIRFLOW_CTX_DAG_ID='random_data_direct_to_hdfs' AIRFLOW_CTX_TASK_ID='save_to_hdfs' AIRFLOW_CTX_EXECUTION_DATE='2024-11-14T07:46:00+00:00' AIRFLOW_CTX_TRY_NUMBER='1' AIRFLOW_CTX_DAG_RUN_ID='scheduled__2024-11-14T07:46:00+00:00'
[2024-11-15T15:34:45.027+0900] {taskinstance.py:731} INFO - ::endgroup::
[2024-11-15T15:34:45.039+0900] {subprocess.py:78} INFO - Tmp dir root location: /tmp
[2024-11-15T15:34:45.040+0900] {subprocess.py:88} INFO - Running command: ['/usr/bin/bash', '-c', 'echo "[{"id": 0, "value": 65, "timestamp": "2024-11-15T15:34:31.983912"}, {"id": 1, "value": 19, "timestamp": "2024-11-15T15:34:31.983912"}, {"id": 2, "value": 26, "timestamp": "2024-11-15T15:34:31.983912"}, {"id": 3, "value": 52, "timestamp": "2024-11-15T15:34:31.983912"}, {"id": 4, "value": 81, "timestamp": "2024-11-15T15:34:31.983912"}, {"id": 5, "value": 4, "timestamp": "2024-11-15T15:34:31.983912"}, {"id": 6, "value": 76, "timestamp": "2024-11-15T15:34:31.983912"}, {"id": 7, "value": 56, "timestamp": "2024-11-15T15:34:31.983912"}, {"id": 8, "value": 44, "timestamp": "2024-11-15T15:34:31.983912"}, {"id": 9, "value": 39, "timestamp": "2024-11-15T15:34:31.983912"}]" | hdfs dfs -put -f - /path/in/hdfs/random_data_47.json']
[2024-11-15T15:34:45.045+0900] {subprocess.py:99} INFO - Output:
[2024-11-15T15:34:47.082+0900] {subprocess.py:110} INFO - Command exited with return code 0
[2024-11-15T15:34:47.103+0900] {taskinstance.py:340} INFO - ::group::Post task execution logs
[2024-11-15T15:34:47.103+0900] {taskinstance.py:352} INFO - Marking task as SUCCESS. dag_id=random_data_direct_to_hdfs, task_id=save_to_hdfs, run_id=scheduled__2024-11-14T07:46:00+00:00, execution_date=20241114T074600, start_date=20241115T063444, end_date=20241115T063447
[2024-11-15T15:34:47.132+0900] {local_task_job_runner.py:266} INFO - Task exited with return code 0
[2024-11-15T15:34:47.146+0900] {taskinstance.py:3895} INFO - 0 downstream tasks scheduled from follow-on schedule check
[2024-11-15T15:34:47.146+0900] {local_task_job_runner.py:245} INFO - ::endgroup::
