[2024-12-05T17:06:38.437+0900] {local_task_job_runner.py:123} INFO - ::group::Pre task execution logs
[2024-12-05T17:06:38.447+0900] {taskinstance.py:2613} INFO - Dependencies all met for dep_context=non-requeueable deps ti=<TaskInstance: process_and_upload_json_to_hdfs.run_make_model scheduled__2024-12-05T07:00:00+00:00 [queued]>
[2024-12-05T17:06:38.454+0900] {taskinstance.py:2613} INFO - Dependencies all met for dep_context=requeueable deps ti=<TaskInstance: process_and_upload_json_to_hdfs.run_make_model scheduled__2024-12-05T07:00:00+00:00 [queued]>
[2024-12-05T17:06:38.454+0900] {taskinstance.py:2866} INFO - Starting attempt 1 of 2
[2024-12-05T17:06:38.470+0900] {taskinstance.py:2889} INFO - Executing <Task(BashOperator): run_make_model> on 2024-12-05 07:00:00+00:00
[2024-12-05T17:06:38.474+0900] {standard_task_runner.py:72} INFO - Started process 1810329 to run task
[2024-12-05T17:06:38.477+0900] {standard_task_runner.py:104} INFO - Running: ['airflow', 'tasks', 'run', 'process_and_upload_json_to_hdfs', 'run_make_model', 'scheduled__2024-12-05T07:00:00+00:00', '--job-id', '658', '--raw', '--subdir', 'DAGS_FOLDER/data_to_hdfs.py', '--cfg-path', '/tmp/tmpya5qnnj5']
[2024-12-05T17:06:38.479+0900] {standard_task_runner.py:105} INFO - Job 658: Subtask run_make_model
[2024-12-05T17:06:38.511+0900] {task_command.py:467} INFO - Running <TaskInstance: process_and_upload_json_to_hdfs.run_make_model scheduled__2024-12-05T07:00:00+00:00 [running]> on host MN
[2024-12-05T17:06:38.579+0900] {taskinstance.py:3132} INFO - Exporting env vars: AIRFLOW_CTX_DAG_OWNER='airflow' AIRFLOW_CTX_DAG_ID='process_and_upload_json_to_hdfs' AIRFLOW_CTX_TASK_ID='run_make_model' AIRFLOW_CTX_EXECUTION_DATE='2024-12-05T07:00:00+00:00' AIRFLOW_CTX_TRY_NUMBER='1' AIRFLOW_CTX_DAG_RUN_ID='scheduled__2024-12-05T07:00:00+00:00'
[2024-12-05T17:06:38.580+0900] {taskinstance.py:731} INFO - ::endgroup::
[2024-12-05T17:06:38.594+0900] {subprocess.py:78} INFO - Tmp dir root location: /tmp
[2024-12-05T17:06:38.594+0900] {subprocess.py:88} INFO - Running command: ['/usr/bin/bash', '-c', '/laewon/spark/bin/spark-submit --master yarn --deploy-mode cluster /laewon/Riot/make_model.py']
[2024-12-05T17:06:38.601+0900] {subprocess.py:99} INFO - Output:
[2024-12-05T17:06:40.851+0900] {subprocess.py:106} INFO - 24/12/05 17:06:40 INFO DefaultNoHARMFailoverProxyProvider: Connecting to ResourceManager at MN/192.168.4.7:8032
[2024-12-05T17:06:41.542+0900] {subprocess.py:106} INFO - 24/12/05 17:06:41 INFO Configuration: resource-types.xml not found
[2024-12-05T17:06:41.542+0900] {subprocess.py:106} INFO - 24/12/05 17:06:41 INFO ResourceUtils: Unable to find 'resource-types.xml'.
[2024-12-05T17:06:41.556+0900] {subprocess.py:106} INFO - 24/12/05 17:06:41 INFO Client: Verifying our application has not requested more than the maximum memory capability of the cluster (819200 MB per container)
[2024-12-05T17:06:41.557+0900] {subprocess.py:106} INFO - 24/12/05 17:06:41 INFO Client: Will allocate AM container, with 1408 MB memory including 384 MB overhead
[2024-12-05T17:06:41.557+0900] {subprocess.py:106} INFO - 24/12/05 17:06:41 INFO Client: Setting up container launch context for our AM
[2024-12-05T17:06:41.561+0900] {subprocess.py:106} INFO - 24/12/05 17:06:41 INFO Client: Setting up the launch environment for our AM container
[2024-12-05T17:06:41.572+0900] {subprocess.py:106} INFO - 24/12/05 17:06:41 INFO Client: Preparing resources for our AM container
[2024-12-05T17:06:41.606+0900] {subprocess.py:106} INFO - 24/12/05 17:06:41 WARN Client: Neither spark.yarn.jars nor spark.yarn.archive is set, falling back to uploading libraries under SPARK_HOME.
[2024-12-05T17:06:44.623+0900] {subprocess.py:106} INFO - 24/12/05 17:06:44 INFO Client: Uploading resource file:/tmp/spark-8a6a0848-aa08-4b1f-a7b1-6a50fa500985/__spark_libs__6653017381328224894.zip -> hdfs://MN:9000/user/dke/.sparkStaging/application_1733127595631_0081/__spark_libs__6653017381328224894.zip
[2024-12-05T17:07:14.488+0900] {subprocess.py:106} INFO - 24/12/05 17:07:14 INFO Client: Uploading resource file:/laewon/Riot/make_model.py -> hdfs://MN:9000/user/dke/.sparkStaging/application_1733127595631_0081/make_model.py
[2024-12-05T17:07:14.522+0900] {subprocess.py:106} INFO - 24/12/05 17:07:14 INFO Client: Uploading resource file:/laewon/spark-3.5.1-bin-hadoop3/python/lib/pyspark.zip -> hdfs://MN:9000/user/dke/.sparkStaging/application_1733127595631_0081/pyspark.zip
[2024-12-05T17:07:14.758+0900] {subprocess.py:106} INFO - 24/12/05 17:07:14 INFO Client: Uploading resource file:/laewon/spark-3.5.1-bin-hadoop3/python/lib/py4j-0.10.9.7-src.zip -> hdfs://MN:9000/user/dke/.sparkStaging/application_1733127595631_0081/py4j-0.10.9.7-src.zip
[2024-12-05T17:07:14.954+0900] {subprocess.py:106} INFO - 24/12/05 17:07:14 INFO Client: Uploading resource file:/tmp/spark-8a6a0848-aa08-4b1f-a7b1-6a50fa500985/__spark_conf__13907904113480497337.zip -> hdfs://MN:9000/user/dke/.sparkStaging/application_1733127595631_0081/__spark_conf__.zip
[2024-12-05T17:07:15.030+0900] {subprocess.py:106} INFO - 24/12/05 17:07:15 INFO SecurityManager: Changing view acls to: dke
[2024-12-05T17:07:15.031+0900] {subprocess.py:106} INFO - 24/12/05 17:07:15 INFO SecurityManager: Changing modify acls to: dke
[2024-12-05T17:07:15.032+0900] {subprocess.py:106} INFO - 24/12/05 17:07:15 INFO SecurityManager: Changing view acls groups to:
[2024-12-05T17:07:15.032+0900] {subprocess.py:106} INFO - 24/12/05 17:07:15 INFO SecurityManager: Changing modify acls groups to:
[2024-12-05T17:07:15.033+0900] {subprocess.py:106} INFO - 24/12/05 17:07:15 INFO SecurityManager: SecurityManager: authentication disabled; ui acls disabled; users with view permissions: dke; groups with view permissions: EMPTY; users with modify permissions: dke; groups with modify permissions: EMPTY
[2024-12-05T17:07:15.072+0900] {subprocess.py:106} INFO - 24/12/05 17:07:15 INFO Client: Submitting application application_1733127595631_0081 to ResourceManager
[2024-12-05T17:07:15.119+0900] {subprocess.py:106} INFO - 24/12/05 17:07:15 INFO YarnClientImpl: Submitted application application_1733127595631_0081
[2024-12-05T17:07:16.122+0900] {subprocess.py:106} INFO - 24/12/05 17:07:16 INFO Client: Application report for application_1733127595631_0081 (state: ACCEPTED)
[2024-12-05T17:07:16.126+0900] {subprocess.py:106} INFO - 24/12/05 17:07:16 INFO Client:
[2024-12-05T17:07:16.126+0900] {subprocess.py:106} INFO - 	 client token: N/A
[2024-12-05T17:07:16.126+0900] {subprocess.py:106} INFO - 	 diagnostics: AM container is launched, waiting for AM container to Register with RM
[2024-12-05T17:07:16.127+0900] {subprocess.py:106} INFO - 	 ApplicationMaster host: N/A
[2024-12-05T17:07:16.127+0900] {subprocess.py:106} INFO - 	 ApplicationMaster RPC port: -1
[2024-12-05T17:07:16.127+0900] {subprocess.py:106} INFO - 	 queue: root.default
[2024-12-05T17:07:16.127+0900] {subprocess.py:106} INFO - 	 start time: 1733386035096
[2024-12-05T17:07:16.128+0900] {subprocess.py:106} INFO - 	 final status: UNDEFINED
[2024-12-05T17:07:16.128+0900] {subprocess.py:106} INFO - 	 tracking URL: http://MN:8088/proxy/application_1733127595631_0081/
[2024-12-05T17:07:16.128+0900] {subprocess.py:106} INFO - 	 user: dke
[2024-12-05T17:07:39.157+0900] {subprocess.py:106} INFO - 24/12/05 17:07:39 INFO Client: Application report for application_1733127595631_0081 (state: RUNNING)
[2024-12-05T17:07:39.157+0900] {subprocess.py:106} INFO - 24/12/05 17:07:39 INFO Client:
[2024-12-05T17:07:39.158+0900] {subprocess.py:106} INFO - 	 client token: N/A
[2024-12-05T17:07:39.158+0900] {subprocess.py:106} INFO - 	 diagnostics: N/A
[2024-12-05T17:07:39.158+0900] {subprocess.py:106} INFO - 	 ApplicationMaster host: SN06
[2024-12-05T17:07:39.158+0900] {subprocess.py:106} INFO - 	 ApplicationMaster RPC port: 33283
[2024-12-05T17:07:39.159+0900] {subprocess.py:106} INFO - 	 queue: root.default
[2024-12-05T17:07:39.159+0900] {subprocess.py:106} INFO - 	 start time: 1733386035096
[2024-12-05T17:07:39.159+0900] {subprocess.py:106} INFO - 	 final status: UNDEFINED
[2024-12-05T17:07:39.159+0900] {subprocess.py:106} INFO - 	 tracking URL: http://MN:8088/proxy/application_1733127595631_0081/
[2024-12-05T17:07:39.160+0900] {subprocess.py:106} INFO - 	 user: dke
[2024-12-05T17:08:09.195+0900] {subprocess.py:106} INFO - 24/12/05 17:08:09 INFO Client: Application report for application_1733127595631_0081 (state: RUNNING)
[2024-12-05T17:08:28.219+0900] {subprocess.py:106} INFO - 24/12/05 17:08:28 INFO Client: Application report for application_1733127595631_0081 (state: FINISHED)
[2024-12-05T17:08:28.219+0900] {subprocess.py:106} INFO - 24/12/05 17:08:28 INFO Client:
[2024-12-05T17:08:28.219+0900] {subprocess.py:106} INFO - 	 client token: N/A
[2024-12-05T17:08:28.220+0900] {subprocess.py:106} INFO - 	 diagnostics: N/A
[2024-12-05T17:08:28.220+0900] {subprocess.py:106} INFO - 	 ApplicationMaster host: SN06
[2024-12-05T17:08:28.220+0900] {subprocess.py:106} INFO - 	 ApplicationMaster RPC port: 33283
[2024-12-05T17:08:28.220+0900] {subprocess.py:106} INFO - 	 queue: root.default
[2024-12-05T17:08:28.221+0900] {subprocess.py:106} INFO - 	 start time: 1733386035096
[2024-12-05T17:08:28.221+0900] {subprocess.py:106} INFO - 	 final status: SUCCEEDED
[2024-12-05T17:08:28.221+0900] {subprocess.py:106} INFO - 	 tracking URL: http://MN:8088/proxy/application_1733127595631_0081/
[2024-12-05T17:08:28.221+0900] {subprocess.py:106} INFO - 	 user: dke
[2024-12-05T17:08:28.228+0900] {subprocess.py:106} INFO - 24/12/05 17:08:28 INFO ShutdownHookManager: Shutdown hook called
[2024-12-05T17:08:28.229+0900] {subprocess.py:106} INFO - 24/12/05 17:08:28 INFO ShutdownHookManager: Deleting directory /tmp/spark-8a6a0848-aa08-4b1f-a7b1-6a50fa500985
[2024-12-05T17:08:28.232+0900] {subprocess.py:106} INFO - 24/12/05 17:08:28 INFO ShutdownHookManager: Deleting directory /tmp/spark-63e1a20e-a846-48e6-acb6-0f0d518f5e1b
[2024-12-05T17:08:28.586+0900] {subprocess.py:110} INFO - Command exited with return code 0
[2024-12-05T17:08:28.609+0900] {taskinstance.py:340} INFO - ::group::Post task execution logs
[2024-12-05T17:08:28.609+0900] {taskinstance.py:352} INFO - Marking task as SUCCESS. dag_id=process_and_upload_json_to_hdfs, task_id=run_make_model, run_id=scheduled__2024-12-05T07:00:00+00:00, execution_date=20241205T070000, start_date=20241205T080638, end_date=20241205T080828
[2024-12-05T17:08:28.632+0900] {local_task_job_runner.py:266} INFO - Task exited with return code 0
[2024-12-05T17:08:28.642+0900] {taskinstance.py:3895} INFO - 0 downstream tasks scheduled from follow-on schedule check
[2024-12-05T17:08:28.643+0900] {local_task_job_runner.py:245} INFO - ::endgroup::
