[2024-12-06T03:06:40.002+0900] {local_task_job_runner.py:123} INFO - ::group::Pre task execution logs
[2024-12-06T03:06:40.012+0900] {taskinstance.py:2613} INFO - Dependencies all met for dep_context=non-requeueable deps ti=<TaskInstance: process_and_upload_json_to_hdfs.run_make_model scheduled__2024-12-05T17:00:00+00:00 [queued]>
[2024-12-06T03:06:40.019+0900] {taskinstance.py:2613} INFO - Dependencies all met for dep_context=requeueable deps ti=<TaskInstance: process_and_upload_json_to_hdfs.run_make_model scheduled__2024-12-05T17:00:00+00:00 [queued]>
[2024-12-06T03:06:40.019+0900] {taskinstance.py:2866} INFO - Starting attempt 1 of 2
[2024-12-06T03:06:40.035+0900] {taskinstance.py:2889} INFO - Executing <Task(BashOperator): run_make_model> on 2024-12-05 17:00:00+00:00
[2024-12-06T03:06:40.038+0900] {standard_task_runner.py:72} INFO - Started process 2140628 to run task
[2024-12-06T03:06:40.041+0900] {standard_task_runner.py:104} INFO - Running: ['airflow', 'tasks', 'run', 'process_and_upload_json_to_hdfs', 'run_make_model', 'scheduled__2024-12-05T17:00:00+00:00', '--job-id', '698', '--raw', '--subdir', 'DAGS_FOLDER/data_to_hdfs.py', '--cfg-path', '/tmp/tmpbm038f05']
[2024-12-06T03:06:40.043+0900] {standard_task_runner.py:105} INFO - Job 698: Subtask run_make_model
[2024-12-06T03:06:40.076+0900] {task_command.py:467} INFO - Running <TaskInstance: process_and_upload_json_to_hdfs.run_make_model scheduled__2024-12-05T17:00:00+00:00 [running]> on host MN
[2024-12-06T03:06:40.144+0900] {taskinstance.py:3132} INFO - Exporting env vars: AIRFLOW_CTX_DAG_OWNER='airflow' AIRFLOW_CTX_DAG_ID='process_and_upload_json_to_hdfs' AIRFLOW_CTX_TASK_ID='run_make_model' AIRFLOW_CTX_EXECUTION_DATE='2024-12-05T17:00:00+00:00' AIRFLOW_CTX_TRY_NUMBER='1' AIRFLOW_CTX_DAG_RUN_ID='scheduled__2024-12-05T17:00:00+00:00'
[2024-12-06T03:06:40.145+0900] {taskinstance.py:731} INFO - ::endgroup::
[2024-12-06T03:06:40.159+0900] {subprocess.py:78} INFO - Tmp dir root location: /tmp
[2024-12-06T03:06:40.159+0900] {subprocess.py:88} INFO - Running command: ['/usr/bin/bash', '-c', '/laewon/spark/bin/spark-submit --master yarn --deploy-mode cluster /laewon/Riot/make_model.py']
[2024-12-06T03:06:40.166+0900] {subprocess.py:99} INFO - Output:
[2024-12-06T03:06:42.440+0900] {subprocess.py:106} INFO - 24/12/06 03:06:42 INFO DefaultNoHARMFailoverProxyProvider: Connecting to ResourceManager at MN/192.168.4.7:8032
[2024-12-06T03:06:43.162+0900] {subprocess.py:106} INFO - 24/12/06 03:06:43 INFO Configuration: resource-types.xml not found
[2024-12-06T03:06:43.162+0900] {subprocess.py:106} INFO - 24/12/06 03:06:43 INFO ResourceUtils: Unable to find 'resource-types.xml'.
[2024-12-06T03:06:43.176+0900] {subprocess.py:106} INFO - 24/12/06 03:06:43 INFO Client: Verifying our application has not requested more than the maximum memory capability of the cluster (819200 MB per container)
[2024-12-06T03:06:43.178+0900] {subprocess.py:106} INFO - 24/12/06 03:06:43 INFO Client: Will allocate AM container, with 1408 MB memory including 384 MB overhead
[2024-12-06T03:06:43.178+0900] {subprocess.py:106} INFO - 24/12/06 03:06:43 INFO Client: Setting up container launch context for our AM
[2024-12-06T03:06:43.181+0900] {subprocess.py:106} INFO - 24/12/06 03:06:43 INFO Client: Setting up the launch environment for our AM container
[2024-12-06T03:06:43.193+0900] {subprocess.py:106} INFO - 24/12/06 03:06:43 INFO Client: Preparing resources for our AM container
[2024-12-06T03:06:43.228+0900] {subprocess.py:106} INFO - 24/12/06 03:06:43 WARN Client: Neither spark.yarn.jars nor spark.yarn.archive is set, falling back to uploading libraries under SPARK_HOME.
[2024-12-06T03:06:46.127+0900] {subprocess.py:106} INFO - 24/12/06 03:06:46 INFO Client: Uploading resource file:/tmp/spark-2f2db2cc-e734-4cf0-9360-6c3ce67a07c9/__spark_libs__8768046442871411567.zip -> hdfs://MN:9000/user/dke/.sparkStaging/application_1733127595631_0091/__spark_libs__8768046442871411567.zip
[2024-12-06T03:07:16.429+0900] {subprocess.py:106} INFO - 24/12/06 03:07:16 INFO Client: Uploading resource file:/laewon/Riot/make_model.py -> hdfs://MN:9000/user/dke/.sparkStaging/application_1733127595631_0091/make_model.py
[2024-12-06T03:07:16.462+0900] {subprocess.py:106} INFO - 24/12/06 03:07:16 INFO Client: Uploading resource file:/laewon/spark-3.5.1-bin-hadoop3/python/lib/pyspark.zip -> hdfs://MN:9000/user/dke/.sparkStaging/application_1733127595631_0091/pyspark.zip
[2024-12-06T03:07:16.716+0900] {subprocess.py:106} INFO - 24/12/06 03:07:16 INFO Client: Uploading resource file:/laewon/spark-3.5.1-bin-hadoop3/python/lib/py4j-0.10.9.7-src.zip -> hdfs://MN:9000/user/dke/.sparkStaging/application_1733127595631_0091/py4j-0.10.9.7-src.zip
[2024-12-06T03:07:16.925+0900] {subprocess.py:106} INFO - 24/12/06 03:07:16 INFO Client: Uploading resource file:/tmp/spark-2f2db2cc-e734-4cf0-9360-6c3ce67a07c9/__spark_conf__16863950573246958821.zip -> hdfs://MN:9000/user/dke/.sparkStaging/application_1733127595631_0091/__spark_conf__.zip
[2024-12-06T03:07:17.015+0900] {subprocess.py:106} INFO - 24/12/06 03:07:17 INFO SecurityManager: Changing view acls to: dke
[2024-12-06T03:07:17.016+0900] {subprocess.py:106} INFO - 24/12/06 03:07:17 INFO SecurityManager: Changing modify acls to: dke
[2024-12-06T03:07:17.016+0900] {subprocess.py:106} INFO - 24/12/06 03:07:17 INFO SecurityManager: Changing view acls groups to:
[2024-12-06T03:07:17.016+0900] {subprocess.py:106} INFO - 24/12/06 03:07:17 INFO SecurityManager: Changing modify acls groups to:
[2024-12-06T03:07:17.017+0900] {subprocess.py:106} INFO - 24/12/06 03:07:17 INFO SecurityManager: SecurityManager: authentication disabled; ui acls disabled; users with view permissions: dke; groups with view permissions: EMPTY; users with modify permissions: dke; groups with modify permissions: EMPTY
[2024-12-06T03:07:17.053+0900] {subprocess.py:106} INFO - 24/12/06 03:07:17 INFO Client: Submitting application application_1733127595631_0091 to ResourceManager
[2024-12-06T03:07:17.097+0900] {subprocess.py:106} INFO - 24/12/06 03:07:17 INFO YarnClientImpl: Submitted application application_1733127595631_0091
[2024-12-06T03:07:18.100+0900] {subprocess.py:106} INFO - 24/12/06 03:07:18 INFO Client: Application report for application_1733127595631_0091 (state: ACCEPTED)
[2024-12-06T03:07:18.104+0900] {subprocess.py:106} INFO - 24/12/06 03:07:18 INFO Client:
[2024-12-06T03:07:18.104+0900] {subprocess.py:106} INFO - 	 client token: N/A
[2024-12-06T03:07:18.104+0900] {subprocess.py:106} INFO - 	 diagnostics: AM container is launched, waiting for AM container to Register with RM
[2024-12-06T03:07:18.105+0900] {subprocess.py:106} INFO - 	 ApplicationMaster host: N/A
[2024-12-06T03:07:18.105+0900] {subprocess.py:106} INFO - 	 ApplicationMaster RPC port: -1
[2024-12-06T03:07:18.105+0900] {subprocess.py:106} INFO - 	 queue: root.default
[2024-12-06T03:07:18.105+0900] {subprocess.py:106} INFO - 	 start time: 1733422037076
[2024-12-06T03:07:18.106+0900] {subprocess.py:106} INFO - 	 final status: UNDEFINED
[2024-12-06T03:07:18.106+0900] {subprocess.py:106} INFO - 	 tracking URL: http://MN:8088/proxy/application_1733127595631_0091/
[2024-12-06T03:07:18.106+0900] {subprocess.py:106} INFO - 	 user: dke
[2024-12-06T03:07:36.128+0900] {subprocess.py:106} INFO - 24/12/06 03:07:36 INFO Client: Application report for application_1733127595631_0091 (state: RUNNING)
[2024-12-06T03:07:36.129+0900] {subprocess.py:106} INFO - 24/12/06 03:07:36 INFO Client:
[2024-12-06T03:07:36.129+0900] {subprocess.py:106} INFO - 	 client token: N/A
[2024-12-06T03:07:36.129+0900] {subprocess.py:106} INFO - 	 diagnostics: N/A
[2024-12-06T03:07:36.130+0900] {subprocess.py:106} INFO - 	 ApplicationMaster host: SN05
[2024-12-06T03:07:36.130+0900] {subprocess.py:106} INFO - 	 ApplicationMaster RPC port: 43961
[2024-12-06T03:07:36.130+0900] {subprocess.py:106} INFO - 	 queue: root.default
[2024-12-06T03:07:36.130+0900] {subprocess.py:106} INFO - 	 start time: 1733422037076
[2024-12-06T03:07:36.131+0900] {subprocess.py:106} INFO - 	 final status: UNDEFINED
[2024-12-06T03:07:36.131+0900] {subprocess.py:106} INFO - 	 tracking URL: http://MN:8088/proxy/application_1733127595631_0091/
[2024-12-06T03:07:36.132+0900] {subprocess.py:106} INFO - 	 user: dke
[2024-12-06T03:08:06.169+0900] {subprocess.py:106} INFO - 24/12/06 03:08:06 INFO Client: Application report for application_1733127595631_0091 (state: RUNNING)
[2024-12-06T03:08:36.206+0900] {subprocess.py:106} INFO - 24/12/06 03:08:36 INFO Client: Application report for application_1733127595631_0091 (state: RUNNING)
[2024-12-06T03:08:37.207+0900] {subprocess.py:106} INFO - 24/12/06 03:08:37 INFO Client: Application report for application_1733127595631_0091 (state: FINISHED)
[2024-12-06T03:08:37.208+0900] {subprocess.py:106} INFO - 24/12/06 03:08:37 INFO Client:
[2024-12-06T03:08:37.208+0900] {subprocess.py:106} INFO - 	 client token: N/A
[2024-12-06T03:08:37.208+0900] {subprocess.py:106} INFO - 	 diagnostics: N/A
[2024-12-06T03:08:37.208+0900] {subprocess.py:106} INFO - 	 ApplicationMaster host: SN05
[2024-12-06T03:08:37.209+0900] {subprocess.py:106} INFO - 	 ApplicationMaster RPC port: 43961
[2024-12-06T03:08:37.209+0900] {subprocess.py:106} INFO - 	 queue: root.default
[2024-12-06T03:08:37.209+0900] {subprocess.py:106} INFO - 	 start time: 1733422037076
[2024-12-06T03:08:37.209+0900] {subprocess.py:106} INFO - 	 final status: SUCCEEDED
[2024-12-06T03:08:37.210+0900] {subprocess.py:106} INFO - 	 tracking URL: http://MN:8088/proxy/application_1733127595631_0091/
[2024-12-06T03:08:37.210+0900] {subprocess.py:106} INFO - 	 user: dke
[2024-12-06T03:08:37.216+0900] {subprocess.py:106} INFO - 24/12/06 03:08:37 INFO ShutdownHookManager: Shutdown hook called
[2024-12-06T03:08:37.217+0900] {subprocess.py:106} INFO - 24/12/06 03:08:37 INFO ShutdownHookManager: Deleting directory /tmp/spark-6fd1a0b6-b93b-4195-9fa9-ac7164a69dc5
[2024-12-06T03:08:37.220+0900] {subprocess.py:106} INFO - 24/12/06 03:08:37 INFO ShutdownHookManager: Deleting directory /tmp/spark-2f2db2cc-e734-4cf0-9360-6c3ce67a07c9
[2024-12-06T03:08:37.575+0900] {subprocess.py:110} INFO - Command exited with return code 0
[2024-12-06T03:08:37.594+0900] {taskinstance.py:340} INFO - ::group::Post task execution logs
[2024-12-06T03:08:37.594+0900] {taskinstance.py:352} INFO - Marking task as SUCCESS. dag_id=process_and_upload_json_to_hdfs, task_id=run_make_model, run_id=scheduled__2024-12-05T17:00:00+00:00, execution_date=20241205T170000, start_date=20241205T180640, end_date=20241205T180837
[2024-12-06T03:08:37.644+0900] {local_task_job_runner.py:266} INFO - Task exited with return code 0
[2024-12-06T03:08:37.653+0900] {taskinstance.py:3895} INFO - 0 downstream tasks scheduled from follow-on schedule check
[2024-12-06T03:08:37.654+0900] {local_task_job_runner.py:245} INFO - ::endgroup::
