[2024-11-15T15:37:11.883+0900] {local_task_job_runner.py:123} INFO - ::group::Pre task execution logs
[2024-11-15T15:37:11.893+0900] {taskinstance.py:2613} INFO - Dependencies all met for dep_context=non-requeueable deps ti=<TaskInstance: random_data_direct_to_hdfs.save_to_hdfs scheduled__2024-11-14T08:03:00+00:00 [queued]>
[2024-11-15T15:37:11.900+0900] {taskinstance.py:2613} INFO - Dependencies all met for dep_context=requeueable deps ti=<TaskInstance: random_data_direct_to_hdfs.save_to_hdfs scheduled__2024-11-14T08:03:00+00:00 [queued]>
[2024-11-15T15:37:11.900+0900] {taskinstance.py:2866} INFO - Starting attempt 1 of 6
[2024-11-15T15:37:11.914+0900] {taskinstance.py:2889} INFO - Executing <Task(BashOperator): save_to_hdfs> on 2024-11-14 08:03:00+00:00
[2024-11-15T15:37:11.917+0900] {standard_task_runner.py:72} INFO - Started process 2392689 to run task
[2024-11-15T15:37:11.920+0900] {standard_task_runner.py:104} INFO - Running: ['airflow', 'tasks', 'run', 'random_data_direct_to_hdfs', 'save_to_hdfs', 'scheduled__2024-11-14T08:03:00+00:00', '--job-id', '212', '--raw', '--subdir', 'DAGS_FOLDER/data_to_hdfs.py', '--cfg-path', '/tmp/tmpui_yymol']
[2024-11-15T15:37:11.922+0900] {standard_task_runner.py:105} INFO - Job 212: Subtask save_to_hdfs
[2024-11-15T15:37:11.955+0900] {task_command.py:467} INFO - Running <TaskInstance: random_data_direct_to_hdfs.save_to_hdfs scheduled__2024-11-14T08:03:00+00:00 [running]> on host MN
[2024-11-15T15:37:12.031+0900] {taskinstance.py:3132} INFO - Exporting env vars: AIRFLOW_CTX_DAG_OWNER='lwjeong' AIRFLOW_CTX_DAG_ID='random_data_direct_to_hdfs' AIRFLOW_CTX_TASK_ID='save_to_hdfs' AIRFLOW_CTX_EXECUTION_DATE='2024-11-14T08:03:00+00:00' AIRFLOW_CTX_TRY_NUMBER='1' AIRFLOW_CTX_DAG_RUN_ID='scheduled__2024-11-14T08:03:00+00:00'
[2024-11-15T15:37:12.032+0900] {taskinstance.py:731} INFO - ::endgroup::
[2024-11-15T15:37:12.044+0900] {subprocess.py:78} INFO - Tmp dir root location: /tmp
[2024-11-15T15:37:12.045+0900] {subprocess.py:88} INFO - Running command: ['/usr/bin/bash', '-c', 'echo "[{"id": 0, "value": 33, "timestamp": "2024-11-15T15:36:58.907561"}, {"id": 1, "value": 27, "timestamp": "2024-11-15T15:36:58.907561"}, {"id": 2, "value": 97, "timestamp": "2024-11-15T15:36:58.907561"}, {"id": 3, "value": 11, "timestamp": "2024-11-15T15:36:58.907561"}, {"id": 4, "value": 16, "timestamp": "2024-11-15T15:36:58.907561"}, {"id": 5, "value": 5, "timestamp": "2024-11-15T15:36:58.907561"}, {"id": 6, "value": 75, "timestamp": "2024-11-15T15:36:58.907561"}, {"id": 7, "value": 13, "timestamp": "2024-11-15T15:36:58.907561"}, {"id": 8, "value": 88, "timestamp": "2024-11-15T15:36:58.907561"}, {"id": 9, "value": 57, "timestamp": "2024-11-15T15:36:58.907561"}]" | hdfs dfs -put -f - /path/in/hdfs/random_data_64.json']
[2024-11-15T15:37:12.050+0900] {subprocess.py:99} INFO - Output:
[2024-11-15T15:37:14.115+0900] {subprocess.py:110} INFO - Command exited with return code 0
[2024-11-15T15:37:14.136+0900] {taskinstance.py:340} INFO - ::group::Post task execution logs
[2024-11-15T15:37:14.136+0900] {taskinstance.py:352} INFO - Marking task as SUCCESS. dag_id=random_data_direct_to_hdfs, task_id=save_to_hdfs, run_id=scheduled__2024-11-14T08:03:00+00:00, execution_date=20241114T080300, start_date=20241115T063711, end_date=20241115T063714
[2024-11-15T15:37:14.178+0900] {local_task_job_runner.py:266} INFO - Task exited with return code 0
[2024-11-15T15:37:14.191+0900] {taskinstance.py:3895} INFO - 0 downstream tasks scheduled from follow-on schedule check
[2024-11-15T15:37:14.192+0900] {local_task_job_runner.py:245} INFO - ::endgroup::
