[2024-12-02T17:29:08.461+0900] {local_task_job_runner.py:123} INFO - ::group::Pre task execution logs
[2024-12-02T17:29:08.470+0900] {taskinstance.py:2613} INFO - Dependencies all met for dep_context=non-requeueable deps ti=<TaskInstance: process_and_upload_json_to_hdfs.process_json_files scheduled__2024-12-02T07:00:00+00:00 [queued]>
[2024-12-02T17:29:08.477+0900] {taskinstance.py:2613} INFO - Dependencies all met for dep_context=requeueable deps ti=<TaskInstance: process_and_upload_json_to_hdfs.process_json_files scheduled__2024-12-02T07:00:00+00:00 [queued]>
[2024-12-02T17:29:08.477+0900] {taskinstance.py:2866} INFO - Starting attempt 1 of 2
[2024-12-02T17:29:08.493+0900] {taskinstance.py:2889} INFO - Executing <Task(PythonOperator): process_json_files> on 2024-12-02 07:00:00+00:00
[2024-12-02T17:29:08.495+0900] {standard_task_runner.py:72} INFO - Started process 4975 to run task
[2024-12-02T17:29:08.498+0900] {standard_task_runner.py:104} INFO - Running: ['airflow', 'tasks', 'run', 'process_and_upload_json_to_hdfs', 'process_json_files', 'scheduled__2024-12-02T07:00:00+00:00', '--job-id', '357', '--raw', '--subdir', 'DAGS_FOLDER/data_to_hdfs.py', '--cfg-path', '/tmp/tmpv4f5_bew']
[2024-12-02T17:29:08.500+0900] {standard_task_runner.py:105} INFO - Job 357: Subtask process_json_files
[2024-12-02T17:29:08.533+0900] {task_command.py:467} INFO - Running <TaskInstance: process_and_upload_json_to_hdfs.process_json_files scheduled__2024-12-02T07:00:00+00:00 [running]> on host MN
[2024-12-02T17:29:08.615+0900] {taskinstance.py:3132} INFO - Exporting env vars: AIRFLOW_CTX_DAG_OWNER='airflow' AIRFLOW_CTX_DAG_ID='process_and_upload_json_to_hdfs' AIRFLOW_CTX_TASK_ID='process_json_files' AIRFLOW_CTX_EXECUTION_DATE='2024-12-02T07:00:00+00:00' AIRFLOW_CTX_TRY_NUMBER='1' AIRFLOW_CTX_DAG_RUN_ID='scheduled__2024-12-02T07:00:00+00:00'
[2024-12-02T17:29:08.616+0900] {taskinstance.py:731} INFO - ::endgroup::
[2024-12-02T17:29:08.633+0900] {logging_mixin.py:190} INFO - No new JSON files to process.
[2024-12-02T17:29:08.633+0900] {python.py:240} INFO - Done. Returned value was: None
[2024-12-02T17:29:08.637+0900] {taskinstance.py:340} INFO - ::group::Post task execution logs
[2024-12-02T17:29:08.638+0900] {taskinstance.py:352} INFO - Marking task as SUCCESS. dag_id=process_and_upload_json_to_hdfs, task_id=process_json_files, run_id=scheduled__2024-12-02T07:00:00+00:00, execution_date=20241202T070000, start_date=20241202T082908, end_date=20241202T082908
[2024-12-02T17:29:08.670+0900] {local_task_job_runner.py:266} INFO - Task exited with return code 0
[2024-12-02T17:29:08.690+0900] {taskinstance.py:3895} INFO - 1 downstream tasks scheduled from follow-on schedule check
[2024-12-02T17:29:08.694+0900] {local_task_job_runner.py:245} INFO - ::endgroup::
[2024-12-02T17:42:58.366+0900] {local_task_job_runner.py:123} INFO - ::group::Pre task execution logs
[2024-12-02T17:42:58.375+0900] {taskinstance.py:2613} INFO - Dependencies all met for dep_context=non-requeueable deps ti=<TaskInstance: process_and_upload_json_to_hdfs.process_json_files scheduled__2024-12-02T07:00:00+00:00 [queued]>
[2024-12-02T17:42:58.382+0900] {taskinstance.py:2613} INFO - Dependencies all met for dep_context=requeueable deps ti=<TaskInstance: process_and_upload_json_to_hdfs.process_json_files scheduled__2024-12-02T07:00:00+00:00 [queued]>
[2024-12-02T17:42:58.382+0900] {taskinstance.py:2866} INFO - Starting attempt 1 of 2
[2024-12-02T17:42:58.398+0900] {taskinstance.py:2889} INFO - Executing <Task(PythonOperator): process_json_files> on 2024-12-02 07:00:00+00:00
[2024-12-02T17:42:58.401+0900] {standard_task_runner.py:72} INFO - Started process 27687 to run task
[2024-12-02T17:42:58.404+0900] {standard_task_runner.py:104} INFO - Running: ['airflow', 'tasks', 'run', 'process_and_upload_json_to_hdfs', 'process_json_files', 'scheduled__2024-12-02T07:00:00+00:00', '--job-id', '368', '--raw', '--subdir', 'DAGS_FOLDER/data_to_hdfs.py', '--cfg-path', '/tmp/tmpfy7vcnl4']
[2024-12-02T17:42:58.406+0900] {standard_task_runner.py:105} INFO - Job 368: Subtask process_json_files
[2024-12-02T17:42:58.440+0900] {task_command.py:467} INFO - Running <TaskInstance: process_and_upload_json_to_hdfs.process_json_files scheduled__2024-12-02T07:00:00+00:00 [running]> on host MN
[2024-12-02T17:42:58.505+0900] {taskinstance.py:3132} INFO - Exporting env vars: AIRFLOW_CTX_DAG_OWNER='airflow' AIRFLOW_CTX_DAG_ID='process_and_upload_json_to_hdfs' AIRFLOW_CTX_TASK_ID='process_json_files' AIRFLOW_CTX_EXECUTION_DATE='2024-12-02T07:00:00+00:00' AIRFLOW_CTX_TRY_NUMBER='1' AIRFLOW_CTX_DAG_RUN_ID='scheduled__2024-12-02T07:00:00+00:00'
[2024-12-02T17:42:58.506+0900] {taskinstance.py:731} INFO - ::endgroup::
[2024-12-02T17:42:58.520+0900] {logging_mixin.py:190} INFO - No new JSON files to process.
[2024-12-02T17:42:58.520+0900] {python.py:240} INFO - Done. Returned value was: None
[2024-12-02T17:42:58.525+0900] {taskinstance.py:340} INFO - ::group::Post task execution logs
[2024-12-02T17:42:58.525+0900] {taskinstance.py:352} INFO - Marking task as SUCCESS. dag_id=process_and_upload_json_to_hdfs, task_id=process_json_files, run_id=scheduled__2024-12-02T07:00:00+00:00, execution_date=20241202T070000, start_date=20241202T084258, end_date=20241202T084258
[2024-12-02T17:42:58.576+0900] {local_task_job_runner.py:266} INFO - Task exited with return code 0
[2024-12-02T17:42:58.596+0900] {taskinstance.py:3895} INFO - 1 downstream tasks scheduled from follow-on schedule check
[2024-12-02T17:42:58.600+0900] {local_task_job_runner.py:245} INFO - ::endgroup::
