[2024-12-04T07:06:23.418+0900] {local_task_job_runner.py:123} INFO - ::group::Pre task execution logs
[2024-12-04T07:06:23.428+0900] {taskinstance.py:2613} INFO - Dependencies all met for dep_context=non-requeueable deps ti=<TaskInstance: process_and_upload_json_to_hdfs.run_make_model scheduled__2024-12-03T21:00:00+00:00 [queued]>
[2024-12-04T07:06:23.435+0900] {taskinstance.py:2613} INFO - Dependencies all met for dep_context=requeueable deps ti=<TaskInstance: process_and_upload_json_to_hdfs.run_make_model scheduled__2024-12-03T21:00:00+00:00 [queued]>
[2024-12-04T07:06:23.435+0900] {taskinstance.py:2866} INFO - Starting attempt 1 of 2
[2024-12-04T07:06:23.451+0900] {taskinstance.py:2889} INFO - Executing <Task(BashOperator): run_make_model> on 2024-12-03 21:00:00+00:00
[2024-12-04T07:06:23.454+0900] {standard_task_runner.py:72} INFO - Started process 821754 to run task
[2024-12-04T07:06:23.457+0900] {standard_task_runner.py:104} INFO - Running: ['airflow', 'tasks', 'run', 'process_and_upload_json_to_hdfs', 'run_make_model', 'scheduled__2024-12-03T21:00:00+00:00', '--job-id', '522', '--raw', '--subdir', 'DAGS_FOLDER/data_to_hdfs.py', '--cfg-path', '/tmp/tmp0az1ycby']
[2024-12-04T07:06:23.459+0900] {standard_task_runner.py:105} INFO - Job 522: Subtask run_make_model
[2024-12-04T07:06:23.492+0900] {task_command.py:467} INFO - Running <TaskInstance: process_and_upload_json_to_hdfs.run_make_model scheduled__2024-12-03T21:00:00+00:00 [running]> on host MN
[2024-12-04T07:06:23.559+0900] {taskinstance.py:3132} INFO - Exporting env vars: AIRFLOW_CTX_DAG_OWNER='airflow' AIRFLOW_CTX_DAG_ID='process_and_upload_json_to_hdfs' AIRFLOW_CTX_TASK_ID='run_make_model' AIRFLOW_CTX_EXECUTION_DATE='2024-12-03T21:00:00+00:00' AIRFLOW_CTX_TRY_NUMBER='1' AIRFLOW_CTX_DAG_RUN_ID='scheduled__2024-12-03T21:00:00+00:00'
[2024-12-04T07:06:23.560+0900] {taskinstance.py:731} INFO - ::endgroup::
[2024-12-04T07:06:23.574+0900] {subprocess.py:78} INFO - Tmp dir root location: /tmp
[2024-12-04T07:06:23.574+0900] {subprocess.py:88} INFO - Running command: ['/usr/bin/bash', '-c', '/laewon/spark/bin/spark-submit --master yarn --deploy-mode cluster /laewon/Riot/make_model.py']
[2024-12-04T07:06:23.581+0900] {subprocess.py:99} INFO - Output:
[2024-12-04T07:06:25.825+0900] {subprocess.py:106} INFO - 24/12/04 07:06:25 INFO DefaultNoHARMFailoverProxyProvider: Connecting to ResourceManager at MN/192.168.4.7:8032
[2024-12-04T07:06:26.523+0900] {subprocess.py:106} INFO - 24/12/04 07:06:26 INFO Configuration: resource-types.xml not found
[2024-12-04T07:06:26.524+0900] {subprocess.py:106} INFO - 24/12/04 07:06:26 INFO ResourceUtils: Unable to find 'resource-types.xml'.
[2024-12-04T07:06:26.537+0900] {subprocess.py:106} INFO - 24/12/04 07:06:26 INFO Client: Verifying our application has not requested more than the maximum memory capability of the cluster (819200 MB per container)
[2024-12-04T07:06:26.538+0900] {subprocess.py:106} INFO - 24/12/04 07:06:26 INFO Client: Will allocate AM container, with 1408 MB memory including 384 MB overhead
[2024-12-04T07:06:26.539+0900] {subprocess.py:106} INFO - 24/12/04 07:06:26 INFO Client: Setting up container launch context for our AM
[2024-12-04T07:06:26.542+0900] {subprocess.py:106} INFO - 24/12/04 07:06:26 INFO Client: Setting up the launch environment for our AM container
[2024-12-04T07:06:26.553+0900] {subprocess.py:106} INFO - 24/12/04 07:06:26 INFO Client: Preparing resources for our AM container
[2024-12-04T07:06:26.587+0900] {subprocess.py:106} INFO - 24/12/04 07:06:26 WARN Client: Neither spark.yarn.jars nor spark.yarn.archive is set, falling back to uploading libraries under SPARK_HOME.
[2024-12-04T07:06:29.490+0900] {subprocess.py:106} INFO - 24/12/04 07:06:29 INFO Client: Uploading resource file:/tmp/spark-d7442600-6c4b-4ebf-9598-88288cdf9506/__spark_libs__677449096780358857.zip -> hdfs://MN:9000/user/dke/.sparkStaging/application_1733127595631_0047/__spark_libs__677449096780358857.zip
[2024-12-04T07:06:59.438+0900] {subprocess.py:106} INFO - 24/12/04 07:06:59 INFO Client: Uploading resource file:/laewon/Riot/make_model.py -> hdfs://MN:9000/user/dke/.sparkStaging/application_1733127595631_0047/make_model.py
[2024-12-04T07:06:59.473+0900] {subprocess.py:106} INFO - 24/12/04 07:06:59 INFO Client: Uploading resource file:/laewon/spark-3.5.1-bin-hadoop3/python/lib/pyspark.zip -> hdfs://MN:9000/user/dke/.sparkStaging/application_1733127595631_0047/pyspark.zip
[2024-12-04T07:06:59.718+0900] {subprocess.py:106} INFO - 24/12/04 07:06:59 INFO Client: Uploading resource file:/laewon/spark-3.5.1-bin-hadoop3/python/lib/py4j-0.10.9.7-src.zip -> hdfs://MN:9000/user/dke/.sparkStaging/application_1733127595631_0047/py4j-0.10.9.7-src.zip
[2024-12-04T07:06:59.933+0900] {subprocess.py:106} INFO - 24/12/04 07:06:59 INFO Client: Uploading resource file:/tmp/spark-d7442600-6c4b-4ebf-9598-88288cdf9506/__spark_conf__6971768527843639117.zip -> hdfs://MN:9000/user/dke/.sparkStaging/application_1733127595631_0047/__spark_conf__.zip
[2024-12-04T07:07:00.022+0900] {subprocess.py:106} INFO - 24/12/04 07:07:00 INFO SecurityManager: Changing view acls to: dke
[2024-12-04T07:07:00.023+0900] {subprocess.py:106} INFO - 24/12/04 07:07:00 INFO SecurityManager: Changing modify acls to: dke
[2024-12-04T07:07:00.023+0900] {subprocess.py:106} INFO - 24/12/04 07:07:00 INFO SecurityManager: Changing view acls groups to:
[2024-12-04T07:07:00.023+0900] {subprocess.py:106} INFO - 24/12/04 07:07:00 INFO SecurityManager: Changing modify acls groups to:
[2024-12-04T07:07:00.024+0900] {subprocess.py:106} INFO - 24/12/04 07:07:00 INFO SecurityManager: SecurityManager: authentication disabled; ui acls disabled; users with view permissions: dke; groups with view permissions: EMPTY; users with modify permissions: dke; groups with modify permissions: EMPTY
[2024-12-04T07:07:00.060+0900] {subprocess.py:106} INFO - 24/12/04 07:07:00 INFO Client: Submitting application application_1733127595631_0047 to ResourceManager
[2024-12-04T07:07:00.104+0900] {subprocess.py:106} INFO - 24/12/04 07:07:00 INFO YarnClientImpl: Submitted application application_1733127595631_0047
[2024-12-04T07:07:01.107+0900] {subprocess.py:106} INFO - 24/12/04 07:07:01 INFO Client: Application report for application_1733127595631_0047 (state: ACCEPTED)
[2024-12-04T07:07:01.111+0900] {subprocess.py:106} INFO - 24/12/04 07:07:01 INFO Client:
[2024-12-04T07:07:01.111+0900] {subprocess.py:106} INFO - 	 client token: N/A
[2024-12-04T07:07:01.111+0900] {subprocess.py:106} INFO - 	 diagnostics: AM container is launched, waiting for AM container to Register with RM
[2024-12-04T07:07:01.111+0900] {subprocess.py:106} INFO - 	 ApplicationMaster host: N/A
[2024-12-04T07:07:01.112+0900] {subprocess.py:106} INFO - 	 ApplicationMaster RPC port: -1
[2024-12-04T07:07:01.112+0900] {subprocess.py:106} INFO - 	 queue: root.default
[2024-12-04T07:07:01.112+0900] {subprocess.py:106} INFO - 	 start time: 1733263620083
[2024-12-04T07:07:01.112+0900] {subprocess.py:106} INFO - 	 final status: UNDEFINED
[2024-12-04T07:07:01.113+0900] {subprocess.py:106} INFO - 	 tracking URL: http://MN:8088/proxy/application_1733127595631_0047/
[2024-12-04T07:07:01.113+0900] {subprocess.py:106} INFO - 	 user: dke
[2024-12-04T07:07:26.142+0900] {subprocess.py:106} INFO - 24/12/04 07:07:26 INFO Client: Application report for application_1733127595631_0047 (state: RUNNING)
[2024-12-04T07:07:26.143+0900] {subprocess.py:106} INFO - 24/12/04 07:07:26 INFO Client:
[2024-12-04T07:07:26.143+0900] {subprocess.py:106} INFO - 	 client token: N/A
[2024-12-04T07:07:26.143+0900] {subprocess.py:106} INFO - 	 diagnostics: N/A
[2024-12-04T07:07:26.143+0900] {subprocess.py:106} INFO - 	 ApplicationMaster host: SN01
[2024-12-04T07:07:26.144+0900] {subprocess.py:106} INFO - 	 ApplicationMaster RPC port: 37381
[2024-12-04T07:07:26.144+0900] {subprocess.py:106} INFO - 	 queue: root.default
[2024-12-04T07:07:26.144+0900] {subprocess.py:106} INFO - 	 start time: 1733263620083
[2024-12-04T07:07:26.144+0900] {subprocess.py:106} INFO - 	 final status: UNDEFINED
[2024-12-04T07:07:26.145+0900] {subprocess.py:106} INFO - 	 tracking URL: http://MN:8088/proxy/application_1733127595631_0047/
[2024-12-04T07:07:26.145+0900] {subprocess.py:106} INFO - 	 user: dke
[2024-12-04T07:07:56.178+0900] {subprocess.py:106} INFO - 24/12/04 07:07:56 INFO Client: Application report for application_1733127595631_0047 (state: RUNNING)
[2024-12-04T07:08:00.183+0900] {subprocess.py:106} INFO - 24/12/04 07:08:00 INFO Client: Application report for application_1733127595631_0047 (state: FINISHED)
[2024-12-04T07:08:00.183+0900] {subprocess.py:106} INFO - 24/12/04 07:08:00 INFO Client:
[2024-12-04T07:08:00.184+0900] {subprocess.py:106} INFO - 	 client token: N/A
[2024-12-04T07:08:00.184+0900] {subprocess.py:106} INFO - 	 diagnostics: N/A
[2024-12-04T07:08:00.184+0900] {subprocess.py:106} INFO - 	 ApplicationMaster host: SN01
[2024-12-04T07:08:00.184+0900] {subprocess.py:106} INFO - 	 ApplicationMaster RPC port: 37381
[2024-12-04T07:08:00.185+0900] {subprocess.py:106} INFO - 	 queue: root.default
[2024-12-04T07:08:00.185+0900] {subprocess.py:106} INFO - 	 start time: 1733263620083
[2024-12-04T07:08:00.185+0900] {subprocess.py:106} INFO - 	 final status: SUCCEEDED
[2024-12-04T07:08:00.185+0900] {subprocess.py:106} INFO - 	 tracking URL: http://MN:8088/proxy/application_1733127595631_0047/
[2024-12-04T07:08:00.186+0900] {subprocess.py:106} INFO - 	 user: dke
[2024-12-04T07:08:00.192+0900] {subprocess.py:106} INFO - 24/12/04 07:08:00 INFO ShutdownHookManager: Shutdown hook called
[2024-12-04T07:08:00.193+0900] {subprocess.py:106} INFO - 24/12/04 07:08:00 INFO ShutdownHookManager: Deleting directory /tmp/spark-d5ab62f9-84d1-494a-9b82-078e86bde008
[2024-12-04T07:08:00.196+0900] {subprocess.py:106} INFO - 24/12/04 07:08:00 INFO ShutdownHookManager: Deleting directory /tmp/spark-d7442600-6c4b-4ebf-9598-88288cdf9506
[2024-12-04T07:08:00.550+0900] {subprocess.py:110} INFO - Command exited with return code 0
[2024-12-04T07:08:00.573+0900] {taskinstance.py:340} INFO - ::group::Post task execution logs
[2024-12-04T07:08:00.574+0900] {taskinstance.py:352} INFO - Marking task as SUCCESS. dag_id=process_and_upload_json_to_hdfs, task_id=run_make_model, run_id=scheduled__2024-12-03T21:00:00+00:00, execution_date=20241203T210000, start_date=20241203T220623, end_date=20241203T220800
[2024-12-04T07:08:00.621+0900] {local_task_job_runner.py:266} INFO - Task exited with return code 0
[2024-12-04T07:08:00.631+0900] {taskinstance.py:3895} INFO - 0 downstream tasks scheduled from follow-on schedule check
[2024-12-04T07:08:00.632+0900] {local_task_job_runner.py:245} INFO - ::endgroup::
