[2024-11-14T18:40:45.805+0900] {local_task_job_runner.py:123} INFO - ::group::Pre task execution logs
[2024-11-14T18:40:45.816+0900] {taskinstance.py:2613} INFO - Dependencies all met for dep_context=non-requeueable deps ti=<TaskInstance: example_bash_operator.runme_2 scheduled__2024-11-13T00:00:00+00:00 [queued]>
[2024-11-14T18:40:45.823+0900] {taskinstance.py:2613} INFO - Dependencies all met for dep_context=requeueable deps ti=<TaskInstance: example_bash_operator.runme_2 scheduled__2024-11-13T00:00:00+00:00 [queued]>
[2024-11-14T18:40:45.823+0900] {taskinstance.py:2866} INFO - Starting attempt 1 of 1
[2024-11-14T18:40:45.837+0900] {taskinstance.py:2889} INFO - Executing <Task(BashOperator): runme_2> on 2024-11-13 00:00:00+00:00
[2024-11-14T18:40:45.839+0900] {standard_task_runner.py:72} INFO - Started process 2365710 to run task
[2024-11-14T18:40:45.843+0900] {standard_task_runner.py:104} INFO - Running: ['airflow', 'tasks', 'run', 'example_bash_operator', 'runme_2', 'scheduled__2024-11-13T00:00:00+00:00', '--job-id', '4', '--raw', '--subdir', '/laewon/airflow_test/py_venv/lib/python3.8/site-packages/airflow/example_dags/example_bash_operator.py', '--cfg-path', '/tmp/tmpkf6f08md']
[2024-11-14T18:40:45.844+0900] {standard_task_runner.py:105} INFO - Job 4: Subtask runme_2
[2024-11-14T18:40:45.882+0900] {task_command.py:467} INFO - Running <TaskInstance: example_bash_operator.runme_2 scheduled__2024-11-13T00:00:00+00:00 [running]> on host MN
[2024-11-14T18:40:45.943+0900] {taskinstance.py:3132} INFO - Exporting env vars: AIRFLOW_CTX_DAG_OWNER='airflow' AIRFLOW_CTX_DAG_ID='example_bash_operator' AIRFLOW_CTX_TASK_ID='runme_2' AIRFLOW_CTX_EXECUTION_DATE='2024-11-13T00:00:00+00:00' AIRFLOW_CTX_TRY_NUMBER='1' AIRFLOW_CTX_DAG_RUN_ID='scheduled__2024-11-13T00:00:00+00:00'
[2024-11-14T18:40:45.944+0900] {logging_mixin.py:190} INFO - Task instance is in running state
[2024-11-14T18:40:45.945+0900] {logging_mixin.py:190} INFO -  Previous state of the Task instance: queued
[2024-11-14T18:40:45.945+0900] {logging_mixin.py:190} INFO - Current task name:runme_2 state:running start_date:2024-11-14 09:40:45.817084+00:00
[2024-11-14T18:40:45.945+0900] {logging_mixin.py:190} INFO - Dag name:example_bash_operator and current dag run status:running
[2024-11-14T18:40:45.945+0900] {taskinstance.py:731} INFO - ::endgroup::
[2024-11-14T18:40:45.946+0900] {subprocess.py:78} INFO - Tmp dir root location: /tmp
[2024-11-14T18:40:45.947+0900] {subprocess.py:88} INFO - Running command: ['/usr/bin/bash', '-c', 'echo "example_bash_operator__runme_2__20241113" && sleep 1']
[2024-11-14T18:40:45.952+0900] {subprocess.py:99} INFO - Output:
[2024-11-14T18:40:45.953+0900] {subprocess.py:106} INFO - example_bash_operator__runme_2__20241113
[2024-11-14T18:40:46.954+0900] {subprocess.py:110} INFO - Command exited with return code 0
[2024-11-14T18:40:46.978+0900] {taskinstance.py:340} INFO - ::group::Post task execution logs
[2024-11-14T18:40:46.979+0900] {taskinstance.py:352} INFO - Marking task as SUCCESS. dag_id=example_bash_operator, task_id=runme_2, run_id=scheduled__2024-11-13T00:00:00+00:00, execution_date=20241113T000000, start_date=20241114T094045, end_date=20241114T094046
[2024-11-14T18:40:46.992+0900] {logging_mixin.py:190} INFO - Task instance in success state
[2024-11-14T18:40:46.992+0900] {logging_mixin.py:190} INFO -  Previous state of the Task instance: running
[2024-11-14T18:40:46.992+0900] {logging_mixin.py:190} INFO - Dag name:example_bash_operator queued_at:2024-11-14 09:40:36.666426+00:00
[2024-11-14T18:40:46.993+0900] {logging_mixin.py:190} INFO - Task hostname:MN operator:BashOperator
[2024-11-14T18:40:47.017+0900] {local_task_job_runner.py:266} INFO - Task exited with return code 0
[2024-11-14T18:40:47.042+0900] {taskinstance.py:3895} INFO - 1 downstream tasks scheduled from follow-on schedule check
[2024-11-14T18:40:47.047+0900] {local_task_job_runner.py:245} INFO - ::endgroup::
