[2024-11-15T15:31:20.618+0900] {local_task_job_runner.py:123} INFO - ::group::Pre task execution logs
[2024-11-15T15:31:20.628+0900] {taskinstance.py:2613} INFO - Dependencies all met for dep_context=non-requeueable deps ti=<TaskInstance: random_data_direct_to_hdfs.save_to_hdfs scheduled__2024-11-14T07:23:00+00:00 [queued]>
[2024-11-15T15:31:20.635+0900] {taskinstance.py:2613} INFO - Dependencies all met for dep_context=requeueable deps ti=<TaskInstance: random_data_direct_to_hdfs.save_to_hdfs scheduled__2024-11-14T07:23:00+00:00 [queued]>
[2024-11-15T15:31:20.635+0900] {taskinstance.py:2866} INFO - Starting attempt 1 of 6
[2024-11-15T15:31:20.649+0900] {taskinstance.py:2889} INFO - Executing <Task(BashOperator): save_to_hdfs> on 2024-11-14 07:23:00+00:00
[2024-11-15T15:31:20.652+0900] {standard_task_runner.py:72} INFO - Started process 2387494 to run task
[2024-11-15T15:31:20.655+0900] {standard_task_runner.py:104} INFO - Running: ['airflow', 'tasks', 'run', 'random_data_direct_to_hdfs', 'save_to_hdfs', 'scheduled__2024-11-14T07:23:00+00:00', '--job-id', '92', '--raw', '--subdir', 'DAGS_FOLDER/data_to_hdfs.py', '--cfg-path', '/tmp/tmp70przor1']
[2024-11-15T15:31:20.657+0900] {standard_task_runner.py:105} INFO - Job 92: Subtask save_to_hdfs
[2024-11-15T15:31:20.690+0900] {task_command.py:467} INFO - Running <TaskInstance: random_data_direct_to_hdfs.save_to_hdfs scheduled__2024-11-14T07:23:00+00:00 [running]> on host MN
[2024-11-15T15:31:20.766+0900] {taskinstance.py:3132} INFO - Exporting env vars: AIRFLOW_CTX_DAG_OWNER='lwjeong' AIRFLOW_CTX_DAG_ID='random_data_direct_to_hdfs' AIRFLOW_CTX_TASK_ID='save_to_hdfs' AIRFLOW_CTX_EXECUTION_DATE='2024-11-14T07:23:00+00:00' AIRFLOW_CTX_TRY_NUMBER='1' AIRFLOW_CTX_DAG_RUN_ID='scheduled__2024-11-14T07:23:00+00:00'
[2024-11-15T15:31:20.767+0900] {taskinstance.py:731} INFO - ::endgroup::
[2024-11-15T15:31:20.779+0900] {subprocess.py:78} INFO - Tmp dir root location: /tmp
[2024-11-15T15:31:20.780+0900] {subprocess.py:88} INFO - Running command: ['/usr/bin/bash', '-c', 'echo "[{"id": 0, "value": 64, "timestamp": "2024-11-15T15:31:03.384132"}, {"id": 1, "value": 24, "timestamp": "2024-11-15T15:31:03.384132"}, {"id": 2, "value": 8, "timestamp": "2024-11-15T15:31:03.384132"}, {"id": 3, "value": 36, "timestamp": "2024-11-15T15:31:03.384132"}, {"id": 4, "value": 79, "timestamp": "2024-11-15T15:31:03.384132"}, {"id": 5, "value": 91, "timestamp": "2024-11-15T15:31:03.384132"}, {"id": 6, "value": 58, "timestamp": "2024-11-15T15:31:03.384132"}, {"id": 7, "value": 73, "timestamp": "2024-11-15T15:31:03.384132"}, {"id": 8, "value": 72, "timestamp": "2024-11-15T15:31:03.384132"}, {"id": 9, "value": 84, "timestamp": "2024-11-15T15:31:03.384132"}]" | hdfs dfs -put -f - /path/in/hdfs/random_data_24.json']
[2024-11-15T15:31:20.785+0900] {subprocess.py:99} INFO - Output:
[2024-11-15T15:31:22.879+0900] {subprocess.py:110} INFO - Command exited with return code 0
[2024-11-15T15:31:22.900+0900] {taskinstance.py:340} INFO - ::group::Post task execution logs
[2024-11-15T15:31:22.901+0900] {taskinstance.py:352} INFO - Marking task as SUCCESS. dag_id=random_data_direct_to_hdfs, task_id=save_to_hdfs, run_id=scheduled__2024-11-14T07:23:00+00:00, execution_date=20241114T072300, start_date=20241115T063120, end_date=20241115T063122
[2024-11-15T15:31:22.953+0900] {local_task_job_runner.py:266} INFO - Task exited with return code 0
[2024-11-15T15:31:22.966+0900] {taskinstance.py:3895} INFO - 0 downstream tasks scheduled from follow-on schedule check
[2024-11-15T15:31:22.967+0900] {local_task_job_runner.py:245} INFO - ::endgroup::
