[2024-12-04T01:06:38.300+0900] {local_task_job_runner.py:123} INFO - ::group::Pre task execution logs
[2024-12-04T01:06:38.310+0900] {taskinstance.py:2613} INFO - Dependencies all met for dep_context=non-requeueable deps ti=<TaskInstance: process_and_upload_json_to_hdfs.run_make_model scheduled__2024-12-03T15:00:00+00:00 [queued]>
[2024-12-04T01:06:38.317+0900] {taskinstance.py:2613} INFO - Dependencies all met for dep_context=requeueable deps ti=<TaskInstance: process_and_upload_json_to_hdfs.run_make_model scheduled__2024-12-03T15:00:00+00:00 [queued]>
[2024-12-04T01:06:38.317+0900] {taskinstance.py:2866} INFO - Starting attempt 1 of 2
[2024-12-04T01:06:38.332+0900] {taskinstance.py:2889} INFO - Executing <Task(BashOperator): run_make_model> on 2024-12-03 15:00:00+00:00
[2024-12-04T01:06:38.336+0900] {standard_task_runner.py:72} INFO - Started process 652825 to run task
[2024-12-04T01:06:38.339+0900] {standard_task_runner.py:104} INFO - Running: ['airflow', 'tasks', 'run', 'process_and_upload_json_to_hdfs', 'run_make_model', 'scheduled__2024-12-03T15:00:00+00:00', '--job-id', '498', '--raw', '--subdir', 'DAGS_FOLDER/data_to_hdfs.py', '--cfg-path', '/tmp/tmpreb7vrxl']
[2024-12-04T01:06:38.341+0900] {standard_task_runner.py:105} INFO - Job 498: Subtask run_make_model
[2024-12-04T01:06:38.373+0900] {task_command.py:467} INFO - Running <TaskInstance: process_and_upload_json_to_hdfs.run_make_model scheduled__2024-12-03T15:00:00+00:00 [running]> on host MN
[2024-12-04T01:06:38.441+0900] {taskinstance.py:3132} INFO - Exporting env vars: AIRFLOW_CTX_DAG_OWNER='airflow' AIRFLOW_CTX_DAG_ID='process_and_upload_json_to_hdfs' AIRFLOW_CTX_TASK_ID='run_make_model' AIRFLOW_CTX_EXECUTION_DATE='2024-12-03T15:00:00+00:00' AIRFLOW_CTX_TRY_NUMBER='1' AIRFLOW_CTX_DAG_RUN_ID='scheduled__2024-12-03T15:00:00+00:00'
[2024-12-04T01:06:38.441+0900] {taskinstance.py:731} INFO - ::endgroup::
[2024-12-04T01:06:38.455+0900] {subprocess.py:78} INFO - Tmp dir root location: /tmp
[2024-12-04T01:06:38.456+0900] {subprocess.py:88} INFO - Running command: ['/usr/bin/bash', '-c', '/laewon/spark/bin/spark-submit --master yarn --deploy-mode cluster /laewon/Riot/make_model.py']
[2024-12-04T01:06:38.462+0900] {subprocess.py:99} INFO - Output:
[2024-12-04T01:06:40.729+0900] {subprocess.py:106} INFO - 24/12/04 01:06:40 INFO DefaultNoHARMFailoverProxyProvider: Connecting to ResourceManager at MN/192.168.4.7:8032
[2024-12-04T01:06:41.426+0900] {subprocess.py:106} INFO - 24/12/04 01:06:41 INFO Configuration: resource-types.xml not found
[2024-12-04T01:06:41.427+0900] {subprocess.py:106} INFO - 24/12/04 01:06:41 INFO ResourceUtils: Unable to find 'resource-types.xml'.
[2024-12-04T01:06:41.440+0900] {subprocess.py:106} INFO - 24/12/04 01:06:41 INFO Client: Verifying our application has not requested more than the maximum memory capability of the cluster (819200 MB per container)
[2024-12-04T01:06:41.441+0900] {subprocess.py:106} INFO - 24/12/04 01:06:41 INFO Client: Will allocate AM container, with 1408 MB memory including 384 MB overhead
[2024-12-04T01:06:41.442+0900] {subprocess.py:106} INFO - 24/12/04 01:06:41 INFO Client: Setting up container launch context for our AM
[2024-12-04T01:06:41.445+0900] {subprocess.py:106} INFO - 24/12/04 01:06:41 INFO Client: Setting up the launch environment for our AM container
[2024-12-04T01:06:41.457+0900] {subprocess.py:106} INFO - 24/12/04 01:06:41 INFO Client: Preparing resources for our AM container
[2024-12-04T01:06:41.495+0900] {subprocess.py:106} INFO - 24/12/04 01:06:41 WARN Client: Neither spark.yarn.jars nor spark.yarn.archive is set, falling back to uploading libraries under SPARK_HOME.
[2024-12-04T01:06:44.330+0900] {subprocess.py:106} INFO - 24/12/04 01:06:44 INFO Client: Uploading resource file:/tmp/spark-b30c1087-761d-43f9-ac43-ee122ec023b3/__spark_libs__15086622215227915024.zip -> hdfs://MN:9000/user/dke/.sparkStaging/application_1733127595631_0041/__spark_libs__15086622215227915024.zip
[2024-12-04T01:07:14.508+0900] {subprocess.py:106} INFO - 24/12/04 01:07:14 INFO Client: Uploading resource file:/laewon/Riot/make_model.py -> hdfs://MN:9000/user/dke/.sparkStaging/application_1733127595631_0041/make_model.py
[2024-12-04T01:07:14.542+0900] {subprocess.py:106} INFO - 24/12/04 01:07:14 INFO Client: Uploading resource file:/laewon/spark-3.5.1-bin-hadoop3/python/lib/pyspark.zip -> hdfs://MN:9000/user/dke/.sparkStaging/application_1733127595631_0041/pyspark.zip
[2024-12-04T01:07:14.780+0900] {subprocess.py:106} INFO - 24/12/04 01:07:14 INFO Client: Uploading resource file:/laewon/spark-3.5.1-bin-hadoop3/python/lib/py4j-0.10.9.7-src.zip -> hdfs://MN:9000/user/dke/.sparkStaging/application_1733127595631_0041/py4j-0.10.9.7-src.zip
[2024-12-04T01:07:14.984+0900] {subprocess.py:106} INFO - 24/12/04 01:07:14 INFO Client: Uploading resource file:/tmp/spark-b30c1087-761d-43f9-ac43-ee122ec023b3/__spark_conf__484193810071663407.zip -> hdfs://MN:9000/user/dke/.sparkStaging/application_1733127595631_0041/__spark_conf__.zip
[2024-12-04T01:07:15.060+0900] {subprocess.py:106} INFO - 24/12/04 01:07:15 INFO SecurityManager: Changing view acls to: dke
[2024-12-04T01:07:15.061+0900] {subprocess.py:106} INFO - 24/12/04 01:07:15 INFO SecurityManager: Changing modify acls to: dke
[2024-12-04T01:07:15.062+0900] {subprocess.py:106} INFO - 24/12/04 01:07:15 INFO SecurityManager: Changing view acls groups to:
[2024-12-04T01:07:15.062+0900] {subprocess.py:106} INFO - 24/12/04 01:07:15 INFO SecurityManager: Changing modify acls groups to:
[2024-12-04T01:07:15.063+0900] {subprocess.py:106} INFO - 24/12/04 01:07:15 INFO SecurityManager: SecurityManager: authentication disabled; ui acls disabled; users with view permissions: dke; groups with view permissions: EMPTY; users with modify permissions: dke; groups with modify permissions: EMPTY
[2024-12-04T01:07:15.099+0900] {subprocess.py:106} INFO - 24/12/04 01:07:15 INFO Client: Submitting application application_1733127595631_0041 to ResourceManager
[2024-12-04T01:07:15.144+0900] {subprocess.py:106} INFO - 24/12/04 01:07:15 INFO YarnClientImpl: Submitted application application_1733127595631_0041
[2024-12-04T01:07:16.147+0900] {subprocess.py:106} INFO - 24/12/04 01:07:16 INFO Client: Application report for application_1733127595631_0041 (state: ACCEPTED)
[2024-12-04T01:07:16.152+0900] {subprocess.py:106} INFO - 24/12/04 01:07:16 INFO Client:
[2024-12-04T01:07:16.152+0900] {subprocess.py:106} INFO - 	 client token: N/A
[2024-12-04T01:07:16.153+0900] {subprocess.py:106} INFO - 	 diagnostics: AM container is launched, waiting for AM container to Register with RM
[2024-12-04T01:07:16.153+0900] {subprocess.py:106} INFO - 	 ApplicationMaster host: N/A
[2024-12-04T01:07:16.153+0900] {subprocess.py:106} INFO - 	 ApplicationMaster RPC port: -1
[2024-12-04T01:07:16.153+0900] {subprocess.py:106} INFO - 	 queue: root.default
[2024-12-04T01:07:16.154+0900] {subprocess.py:106} INFO - 	 start time: 1733242035123
[2024-12-04T01:07:16.154+0900] {subprocess.py:106} INFO - 	 final status: UNDEFINED
[2024-12-04T01:07:16.154+0900] {subprocess.py:106} INFO - 	 tracking URL: http://MN:8088/proxy/application_1733127595631_0041/
[2024-12-04T01:07:16.154+0900] {subprocess.py:106} INFO - 	 user: dke
[2024-12-04T01:07:28.169+0900] {subprocess.py:106} INFO - 24/12/04 01:07:28 INFO Client: Application report for application_1733127595631_0041 (state: RUNNING)
[2024-12-04T01:07:28.170+0900] {subprocess.py:106} INFO - 24/12/04 01:07:28 INFO Client:
[2024-12-04T01:07:28.170+0900] {subprocess.py:106} INFO - 	 client token: N/A
[2024-12-04T01:07:28.170+0900] {subprocess.py:106} INFO - 	 diagnostics: N/A
[2024-12-04T01:07:28.170+0900] {subprocess.py:106} INFO - 	 ApplicationMaster host: SN05
[2024-12-04T01:07:28.171+0900] {subprocess.py:106} INFO - 	 ApplicationMaster RPC port: 40963
[2024-12-04T01:07:28.171+0900] {subprocess.py:106} INFO - 	 queue: root.default
[2024-12-04T01:07:28.171+0900] {subprocess.py:106} INFO - 	 start time: 1733242035123
[2024-12-04T01:07:28.171+0900] {subprocess.py:106} INFO - 	 final status: UNDEFINED
[2024-12-04T01:07:28.171+0900] {subprocess.py:106} INFO - 	 tracking URL: http://MN:8088/proxy/application_1733127595631_0041/
[2024-12-04T01:07:28.172+0900] {subprocess.py:106} INFO - 	 user: dke
[2024-12-04T01:07:58.210+0900] {subprocess.py:106} INFO - 24/12/04 01:07:58 INFO Client: Application report for application_1733127595631_0041 (state: RUNNING)
[2024-12-04T01:08:28.248+0900] {subprocess.py:106} INFO - 24/12/04 01:08:28 INFO Client: Application report for application_1733127595631_0041 (state: FINISHED)
[2024-12-04T01:08:28.249+0900] {subprocess.py:106} INFO - 24/12/04 01:08:28 INFO Client:
[2024-12-04T01:08:28.249+0900] {subprocess.py:106} INFO - 	 client token: N/A
[2024-12-04T01:08:28.249+0900] {subprocess.py:106} INFO - 	 diagnostics: N/A
[2024-12-04T01:08:28.249+0900] {subprocess.py:106} INFO - 	 ApplicationMaster host: SN05
[2024-12-04T01:08:28.250+0900] {subprocess.py:106} INFO - 	 ApplicationMaster RPC port: 40963
[2024-12-04T01:08:28.250+0900] {subprocess.py:106} INFO - 	 queue: root.default
[2024-12-04T01:08:28.250+0900] {subprocess.py:106} INFO - 	 start time: 1733242035123
[2024-12-04T01:08:28.250+0900] {subprocess.py:106} INFO - 	 final status: SUCCEEDED
[2024-12-04T01:08:28.251+0900] {subprocess.py:106} INFO - 	 tracking URL: http://MN:8088/proxy/application_1733127595631_0041/
[2024-12-04T01:08:28.251+0900] {subprocess.py:106} INFO - 	 user: dke
[2024-12-04T01:08:28.258+0900] {subprocess.py:106} INFO - 24/12/04 01:08:28 INFO ShutdownHookManager: Shutdown hook called
[2024-12-04T01:08:28.259+0900] {subprocess.py:106} INFO - 24/12/04 01:08:28 INFO ShutdownHookManager: Deleting directory /tmp/spark-b30c1087-761d-43f9-ac43-ee122ec023b3
[2024-12-04T01:08:28.262+0900] {subprocess.py:106} INFO - 24/12/04 01:08:28 INFO ShutdownHookManager: Deleting directory /tmp/spark-e90d8f9f-3456-427c-8106-004ddc2df426
[2024-12-04T01:08:28.617+0900] {subprocess.py:110} INFO - Command exited with return code 0
[2024-12-04T01:08:28.640+0900] {taskinstance.py:340} INFO - ::group::Post task execution logs
[2024-12-04T01:08:28.640+0900] {taskinstance.py:352} INFO - Marking task as SUCCESS. dag_id=process_and_upload_json_to_hdfs, task_id=run_make_model, run_id=scheduled__2024-12-03T15:00:00+00:00, execution_date=20241203T150000, start_date=20241203T160638, end_date=20241203T160828
[2024-12-04T01:08:28.680+0900] {local_task_job_runner.py:266} INFO - Task exited with return code 0
[2024-12-04T01:08:28.690+0900] {taskinstance.py:3895} INFO - 0 downstream tasks scheduled from follow-on schedule check
[2024-12-04T01:08:28.691+0900] {local_task_job_runner.py:245} INFO - ::endgroup::
