[2024-11-25T20:00:24.453+0900] {local_task_job_runner.py:123} INFO - ::group::Pre task execution logs
[2024-11-25T20:00:24.463+0900] {taskinstance.py:2613} INFO - Dependencies all met for dep_context=non-requeueable deps ti=<TaskInstance: process_and_upload_json_to_hdfs.save_champion_to_hdfs scheduled__2024-11-25T10:00:00+00:00 [queued]>
[2024-11-25T20:00:24.470+0900] {taskinstance.py:2613} INFO - Dependencies all met for dep_context=requeueable deps ti=<TaskInstance: process_and_upload_json_to_hdfs.save_champion_to_hdfs scheduled__2024-11-25T10:00:00+00:00 [queued]>
[2024-11-25T20:00:24.470+0900] {taskinstance.py:2866} INFO - Starting attempt 1 of 2
[2024-11-25T20:00:24.486+0900] {taskinstance.py:2889} INFO - Executing <Task(BashOperator): save_champion_to_hdfs> on 2024-11-25 10:00:00+00:00
[2024-11-25T20:00:24.488+0900] {standard_task_runner.py:72} INFO - Started process 2759454 to run task
[2024-11-25T20:00:24.492+0900] {standard_task_runner.py:104} INFO - Running: ['airflow', 'tasks', 'run', 'process_and_upload_json_to_hdfs', 'save_champion_to_hdfs', 'scheduled__2024-11-25T10:00:00+00:00', '--job-id', '265', '--raw', '--subdir', 'DAGS_FOLDER/data_to_hdfs.py', '--cfg-path', '/tmp/tmpw755rmkh']
[2024-11-25T20:00:24.493+0900] {standard_task_runner.py:105} INFO - Job 265: Subtask save_champion_to_hdfs
[2024-11-25T20:00:24.527+0900] {task_command.py:467} INFO - Running <TaskInstance: process_and_upload_json_to_hdfs.save_champion_to_hdfs scheduled__2024-11-25T10:00:00+00:00 [running]> on host MN
[2024-11-25T20:00:24.592+0900] {taskinstance.py:3132} INFO - Exporting env vars: AIRFLOW_CTX_DAG_OWNER='airflow' AIRFLOW_CTX_DAG_ID='process_and_upload_json_to_hdfs' AIRFLOW_CTX_TASK_ID='save_champion_to_hdfs' AIRFLOW_CTX_EXECUTION_DATE='2024-11-25T10:00:00+00:00' AIRFLOW_CTX_TRY_NUMBER='1' AIRFLOW_CTX_DAG_RUN_ID='scheduled__2024-11-25T10:00:00+00:00'
[2024-11-25T20:00:24.593+0900] {taskinstance.py:731} INFO - ::endgroup::
[2024-11-25T20:00:24.607+0900] {subprocess.py:78} INFO - Tmp dir root location: /tmp
[2024-11-25T20:00:24.607+0900] {subprocess.py:88} INFO - Running command: ['/usr/bin/bash', '-c', 'for champion_file in /laewon/Riot/output/champion_*.csv; do   hdfs dfs -put -f $champion_file /data/$(basename $champion_file); done']
[2024-11-25T20:00:24.613+0900] {subprocess.py:99} INFO - Output:
[2024-11-25T20:06:34.070+0900] {subprocess.py:110} INFO - Command exited with return code 0
[2024-11-25T20:06:34.091+0900] {taskinstance.py:340} INFO - ::group::Post task execution logs
[2024-11-25T20:06:34.092+0900] {taskinstance.py:352} INFO - Marking task as SUCCESS. dag_id=process_and_upload_json_to_hdfs, task_id=save_champion_to_hdfs, run_id=scheduled__2024-11-25T10:00:00+00:00, execution_date=20241125T100000, start_date=20241125T110024, end_date=20241125T110634
[2024-11-25T20:06:34.146+0900] {local_task_job_runner.py:266} INFO - Task exited with return code 0
[2024-11-25T20:06:34.156+0900] {taskinstance.py:3895} INFO - 0 downstream tasks scheduled from follow-on schedule check
[2024-11-25T20:06:34.157+0900] {local_task_job_runner.py:245} INFO - ::endgroup::
