[2024-12-04T13:06:22.912+0900] {local_task_job_runner.py:123} INFO - ::group::Pre task execution logs
[2024-12-04T13:06:22.922+0900] {taskinstance.py:2613} INFO - Dependencies all met for dep_context=non-requeueable deps ti=<TaskInstance: process_and_upload_json_to_hdfs.run_make_model scheduled__2024-12-04T03:00:00+00:00 [queued]>
[2024-12-04T13:06:22.929+0900] {taskinstance.py:2613} INFO - Dependencies all met for dep_context=requeueable deps ti=<TaskInstance: process_and_upload_json_to_hdfs.run_make_model scheduled__2024-12-04T03:00:00+00:00 [queued]>
[2024-12-04T13:06:22.929+0900] {taskinstance.py:2866} INFO - Starting attempt 1 of 2
[2024-12-04T13:06:22.945+0900] {taskinstance.py:2889} INFO - Executing <Task(BashOperator): run_make_model> on 2024-12-04 03:00:00+00:00
[2024-12-04T13:06:22.948+0900] {standard_task_runner.py:72} INFO - Started process 989715 to run task
[2024-12-04T13:06:22.951+0900] {standard_task_runner.py:104} INFO - Running: ['airflow', 'tasks', 'run', 'process_and_upload_json_to_hdfs', 'run_make_model', 'scheduled__2024-12-04T03:00:00+00:00', '--job-id', '546', '--raw', '--subdir', 'DAGS_FOLDER/data_to_hdfs.py', '--cfg-path', '/tmp/tmpagg5jdtm']
[2024-12-04T13:06:22.953+0900] {standard_task_runner.py:105} INFO - Job 546: Subtask run_make_model
[2024-12-04T13:06:22.986+0900] {task_command.py:467} INFO - Running <TaskInstance: process_and_upload_json_to_hdfs.run_make_model scheduled__2024-12-04T03:00:00+00:00 [running]> on host MN
[2024-12-04T13:06:23.054+0900] {taskinstance.py:3132} INFO - Exporting env vars: AIRFLOW_CTX_DAG_OWNER='airflow' AIRFLOW_CTX_DAG_ID='process_and_upload_json_to_hdfs' AIRFLOW_CTX_TASK_ID='run_make_model' AIRFLOW_CTX_EXECUTION_DATE='2024-12-04T03:00:00+00:00' AIRFLOW_CTX_TRY_NUMBER='1' AIRFLOW_CTX_DAG_RUN_ID='scheduled__2024-12-04T03:00:00+00:00'
[2024-12-04T13:06:23.055+0900] {taskinstance.py:731} INFO - ::endgroup::
[2024-12-04T13:06:23.069+0900] {subprocess.py:78} INFO - Tmp dir root location: /tmp
[2024-12-04T13:06:23.070+0900] {subprocess.py:88} INFO - Running command: ['/usr/bin/bash', '-c', '/laewon/spark/bin/spark-submit --master yarn --deploy-mode cluster /laewon/Riot/make_model.py']
[2024-12-04T13:06:23.076+0900] {subprocess.py:99} INFO - Output:
[2024-12-04T13:06:25.312+0900] {subprocess.py:106} INFO - 24/12/04 13:06:25 INFO DefaultNoHARMFailoverProxyProvider: Connecting to ResourceManager at MN/192.168.4.7:8032
[2024-12-04T13:06:26.009+0900] {subprocess.py:106} INFO - 24/12/04 13:06:26 INFO Configuration: resource-types.xml not found
[2024-12-04T13:06:26.010+0900] {subprocess.py:106} INFO - 24/12/04 13:06:26 INFO ResourceUtils: Unable to find 'resource-types.xml'.
[2024-12-04T13:06:26.023+0900] {subprocess.py:106} INFO - 24/12/04 13:06:26 INFO Client: Verifying our application has not requested more than the maximum memory capability of the cluster (819200 MB per container)
[2024-12-04T13:06:26.024+0900] {subprocess.py:106} INFO - 24/12/04 13:06:26 INFO Client: Will allocate AM container, with 1408 MB memory including 384 MB overhead
[2024-12-04T13:06:26.025+0900] {subprocess.py:106} INFO - 24/12/04 13:06:26 INFO Client: Setting up container launch context for our AM
[2024-12-04T13:06:26.028+0900] {subprocess.py:106} INFO - 24/12/04 13:06:26 INFO Client: Setting up the launch environment for our AM container
[2024-12-04T13:06:26.039+0900] {subprocess.py:106} INFO - 24/12/04 13:06:26 INFO Client: Preparing resources for our AM container
[2024-12-04T13:06:26.073+0900] {subprocess.py:106} INFO - 24/12/04 13:06:26 WARN Client: Neither spark.yarn.jars nor spark.yarn.archive is set, falling back to uploading libraries under SPARK_HOME.
[2024-12-04T13:06:28.944+0900] {subprocess.py:106} INFO - 24/12/04 13:06:28 INFO Client: Uploading resource file:/tmp/spark-d123d391-1a71-4e15-9a08-96866a303c2e/__spark_libs__11602992672471868395.zip -> hdfs://MN:9000/user/dke/.sparkStaging/application_1733127595631_0053/__spark_libs__11602992672471868395.zip
[2024-12-04T13:06:58.790+0900] {subprocess.py:106} INFO - 24/12/04 13:06:58 INFO Client: Uploading resource file:/laewon/Riot/make_model.py -> hdfs://MN:9000/user/dke/.sparkStaging/application_1733127595631_0053/make_model.py
[2024-12-04T13:06:58.820+0900] {subprocess.py:106} INFO - 24/12/04 13:06:58 INFO Client: Uploading resource file:/laewon/spark-3.5.1-bin-hadoop3/python/lib/pyspark.zip -> hdfs://MN:9000/user/dke/.sparkStaging/application_1733127595631_0053/pyspark.zip
[2024-12-04T13:06:59.073+0900] {subprocess.py:106} INFO - 24/12/04 13:06:59 INFO Client: Uploading resource file:/laewon/spark-3.5.1-bin-hadoop3/python/lib/py4j-0.10.9.7-src.zip -> hdfs://MN:9000/user/dke/.sparkStaging/application_1733127595631_0053/py4j-0.10.9.7-src.zip
[2024-12-04T13:06:59.296+0900] {subprocess.py:106} INFO - 24/12/04 13:06:59 INFO Client: Uploading resource file:/tmp/spark-d123d391-1a71-4e15-9a08-96866a303c2e/__spark_conf__10768295325503430435.zip -> hdfs://MN:9000/user/dke/.sparkStaging/application_1733127595631_0053/__spark_conf__.zip
[2024-12-04T13:06:59.372+0900] {subprocess.py:106} INFO - 24/12/04 13:06:59 INFO SecurityManager: Changing view acls to: dke
[2024-12-04T13:06:59.373+0900] {subprocess.py:106} INFO - 24/12/04 13:06:59 INFO SecurityManager: Changing modify acls to: dke
[2024-12-04T13:06:59.373+0900] {subprocess.py:106} INFO - 24/12/04 13:06:59 INFO SecurityManager: Changing view acls groups to:
[2024-12-04T13:06:59.374+0900] {subprocess.py:106} INFO - 24/12/04 13:06:59 INFO SecurityManager: Changing modify acls groups to:
[2024-12-04T13:06:59.374+0900] {subprocess.py:106} INFO - 24/12/04 13:06:59 INFO SecurityManager: SecurityManager: authentication disabled; ui acls disabled; users with view permissions: dke; groups with view permissions: EMPTY; users with modify permissions: dke; groups with modify permissions: EMPTY
[2024-12-04T13:06:59.410+0900] {subprocess.py:106} INFO - 24/12/04 13:06:59 INFO Client: Submitting application application_1733127595631_0053 to ResourceManager
[2024-12-04T13:06:59.456+0900] {subprocess.py:106} INFO - 24/12/04 13:06:59 INFO YarnClientImpl: Submitted application application_1733127595631_0053
[2024-12-04T13:07:00.458+0900] {subprocess.py:106} INFO - 24/12/04 13:07:00 INFO Client: Application report for application_1733127595631_0053 (state: ACCEPTED)
[2024-12-04T13:07:00.462+0900] {subprocess.py:106} INFO - 24/12/04 13:07:00 INFO Client:
[2024-12-04T13:07:00.462+0900] {subprocess.py:106} INFO - 	 client token: N/A
[2024-12-04T13:07:00.463+0900] {subprocess.py:106} INFO - 	 diagnostics: AM container is launched, waiting for AM container to Register with RM
[2024-12-04T13:07:00.463+0900] {subprocess.py:106} INFO - 	 ApplicationMaster host: N/A
[2024-12-04T13:07:00.463+0900] {subprocess.py:106} INFO - 	 ApplicationMaster RPC port: -1
[2024-12-04T13:07:00.463+0900] {subprocess.py:106} INFO - 	 queue: root.default
[2024-12-04T13:07:00.464+0900] {subprocess.py:106} INFO - 	 start time: 1733285219433
[2024-12-04T13:07:00.464+0900] {subprocess.py:106} INFO - 	 final status: UNDEFINED
[2024-12-04T13:07:00.464+0900] {subprocess.py:106} INFO - 	 tracking URL: http://MN:8088/proxy/application_1733127595631_0053/
[2024-12-04T13:07:00.464+0900] {subprocess.py:106} INFO - 	 user: dke
[2024-12-04T13:07:30.501+0900] {subprocess.py:106} INFO - 24/12/04 13:07:30 INFO Client: Application report for application_1733127595631_0053 (state: ACCEPTED)
[2024-12-04T13:07:34.506+0900] {subprocess.py:106} INFO - 24/12/04 13:07:34 INFO Client: Application report for application_1733127595631_0053 (state: RUNNING)
[2024-12-04T13:07:34.506+0900] {subprocess.py:106} INFO - 24/12/04 13:07:34 INFO Client:
[2024-12-04T13:07:34.506+0900] {subprocess.py:106} INFO - 	 client token: N/A
[2024-12-04T13:07:34.507+0900] {subprocess.py:106} INFO - 	 diagnostics: N/A
[2024-12-04T13:07:34.507+0900] {subprocess.py:106} INFO - 	 ApplicationMaster host: SN03
[2024-12-04T13:07:34.507+0900] {subprocess.py:106} INFO - 	 ApplicationMaster RPC port: 45799
[2024-12-04T13:07:34.507+0900] {subprocess.py:106} INFO - 	 queue: root.default
[2024-12-04T13:07:34.508+0900] {subprocess.py:106} INFO - 	 start time: 1733285219433
[2024-12-04T13:07:34.508+0900] {subprocess.py:106} INFO - 	 final status: UNDEFINED
[2024-12-04T13:07:34.508+0900] {subprocess.py:106} INFO - 	 tracking URL: http://MN:8088/proxy/application_1733127595631_0053/
[2024-12-04T13:07:34.509+0900] {subprocess.py:106} INFO - 	 user: dke
[2024-12-04T13:08:04.541+0900] {subprocess.py:106} INFO - 24/12/04 13:08:04 INFO Client: Application report for application_1733127595631_0053 (state: RUNNING)
[2024-12-04T13:08:18.557+0900] {subprocess.py:106} INFO - 24/12/04 13:08:18 INFO Client: Application report for application_1733127595631_0053 (state: FINISHED)
[2024-12-04T13:08:18.558+0900] {subprocess.py:106} INFO - 24/12/04 13:08:18 INFO Client:
[2024-12-04T13:08:18.558+0900] {subprocess.py:106} INFO - 	 client token: N/A
[2024-12-04T13:08:18.558+0900] {subprocess.py:106} INFO - 	 diagnostics: N/A
[2024-12-04T13:08:18.559+0900] {subprocess.py:106} INFO - 	 ApplicationMaster host: SN03
[2024-12-04T13:08:18.559+0900] {subprocess.py:106} INFO - 	 ApplicationMaster RPC port: 45799
[2024-12-04T13:08:18.559+0900] {subprocess.py:106} INFO - 	 queue: root.default
[2024-12-04T13:08:18.559+0900] {subprocess.py:106} INFO - 	 start time: 1733285219433
[2024-12-04T13:08:18.560+0900] {subprocess.py:106} INFO - 	 final status: SUCCEEDED
[2024-12-04T13:08:18.560+0900] {subprocess.py:106} INFO - 	 tracking URL: http://MN:8088/proxy/application_1733127595631_0053/
[2024-12-04T13:08:18.560+0900] {subprocess.py:106} INFO - 	 user: dke
[2024-12-04T13:08:18.567+0900] {subprocess.py:106} INFO - 24/12/04 13:08:18 INFO ShutdownHookManager: Shutdown hook called
[2024-12-04T13:08:18.568+0900] {subprocess.py:106} INFO - 24/12/04 13:08:18 INFO ShutdownHookManager: Deleting directory /tmp/spark-d123d391-1a71-4e15-9a08-96866a303c2e
[2024-12-04T13:08:18.571+0900] {subprocess.py:106} INFO - 24/12/04 13:08:18 INFO ShutdownHookManager: Deleting directory /tmp/spark-ca382ece-b757-424d-804e-069c1df75bdf
[2024-12-04T13:08:18.926+0900] {subprocess.py:110} INFO - Command exited with return code 0
[2024-12-04T13:08:18.950+0900] {taskinstance.py:340} INFO - ::group::Post task execution logs
[2024-12-04T13:08:18.950+0900] {taskinstance.py:352} INFO - Marking task as SUCCESS. dag_id=process_and_upload_json_to_hdfs, task_id=run_make_model, run_id=scheduled__2024-12-04T03:00:00+00:00, execution_date=20241204T030000, start_date=20241204T040622, end_date=20241204T040818
[2024-12-04T13:08:18.988+0900] {local_task_job_runner.py:266} INFO - Task exited with return code 0
[2024-12-04T13:08:18.998+0900] {taskinstance.py:3895} INFO - 0 downstream tasks scheduled from follow-on schedule check
[2024-12-04T13:08:18.998+0900] {local_task_job_runner.py:245} INFO - ::endgroup::
