[2024-12-05T02:06:24.291+0900] {local_task_job_runner.py:123} INFO - ::group::Pre task execution logs
[2024-12-05T02:06:24.302+0900] {taskinstance.py:2613} INFO - Dependencies all met for dep_context=non-requeueable deps ti=<TaskInstance: process_and_upload_json_to_hdfs.run_make_model scheduled__2024-12-04T16:00:00+00:00 [queued]>
[2024-12-05T02:06:24.309+0900] {taskinstance.py:2613} INFO - Dependencies all met for dep_context=requeueable deps ti=<TaskInstance: process_and_upload_json_to_hdfs.run_make_model scheduled__2024-12-04T16:00:00+00:00 [queued]>
[2024-12-05T02:06:24.309+0900] {taskinstance.py:2866} INFO - Starting attempt 1 of 2
[2024-12-05T02:06:24.325+0900] {taskinstance.py:2889} INFO - Executing <Task(BashOperator): run_make_model> on 2024-12-04 16:00:00+00:00
[2024-12-05T02:06:24.328+0900] {standard_task_runner.py:72} INFO - Started process 1379535 to run task
[2024-12-05T02:06:24.331+0900] {standard_task_runner.py:104} INFO - Running: ['airflow', 'tasks', 'run', 'process_and_upload_json_to_hdfs', 'run_make_model', 'scheduled__2024-12-04T16:00:00+00:00', '--job-id', '598', '--raw', '--subdir', 'DAGS_FOLDER/data_to_hdfs.py', '--cfg-path', '/tmp/tmpovudyqor']
[2024-12-05T02:06:24.333+0900] {standard_task_runner.py:105} INFO - Job 598: Subtask run_make_model
[2024-12-05T02:06:24.367+0900] {task_command.py:467} INFO - Running <TaskInstance: process_and_upload_json_to_hdfs.run_make_model scheduled__2024-12-04T16:00:00+00:00 [running]> on host MN
[2024-12-05T02:06:24.436+0900] {taskinstance.py:3132} INFO - Exporting env vars: AIRFLOW_CTX_DAG_OWNER='airflow' AIRFLOW_CTX_DAG_ID='process_and_upload_json_to_hdfs' AIRFLOW_CTX_TASK_ID='run_make_model' AIRFLOW_CTX_EXECUTION_DATE='2024-12-04T16:00:00+00:00' AIRFLOW_CTX_TRY_NUMBER='1' AIRFLOW_CTX_DAG_RUN_ID='scheduled__2024-12-04T16:00:00+00:00'
[2024-12-05T02:06:24.437+0900] {taskinstance.py:731} INFO - ::endgroup::
[2024-12-05T02:06:24.451+0900] {subprocess.py:78} INFO - Tmp dir root location: /tmp
[2024-12-05T02:06:24.451+0900] {subprocess.py:88} INFO - Running command: ['/usr/bin/bash', '-c', '/laewon/spark/bin/spark-submit --master yarn --deploy-mode cluster /laewon/Riot/make_model.py']
[2024-12-05T02:06:24.458+0900] {subprocess.py:99} INFO - Output:
[2024-12-05T02:06:26.697+0900] {subprocess.py:106} INFO - 24/12/05 02:06:26 INFO DefaultNoHARMFailoverProxyProvider: Connecting to ResourceManager at MN/192.168.4.7:8032
[2024-12-05T02:06:27.395+0900] {subprocess.py:106} INFO - 24/12/05 02:06:27 INFO Configuration: resource-types.xml not found
[2024-12-05T02:06:27.395+0900] {subprocess.py:106} INFO - 24/12/05 02:06:27 INFO ResourceUtils: Unable to find 'resource-types.xml'.
[2024-12-05T02:06:27.409+0900] {subprocess.py:106} INFO - 24/12/05 02:06:27 INFO Client: Verifying our application has not requested more than the maximum memory capability of the cluster (819200 MB per container)
[2024-12-05T02:06:27.410+0900] {subprocess.py:106} INFO - 24/12/05 02:06:27 INFO Client: Will allocate AM container, with 1408 MB memory including 384 MB overhead
[2024-12-05T02:06:27.410+0900] {subprocess.py:106} INFO - 24/12/05 02:06:27 INFO Client: Setting up container launch context for our AM
[2024-12-05T02:06:27.414+0900] {subprocess.py:106} INFO - 24/12/05 02:06:27 INFO Client: Setting up the launch environment for our AM container
[2024-12-05T02:06:27.425+0900] {subprocess.py:106} INFO - 24/12/05 02:06:27 INFO Client: Preparing resources for our AM container
[2024-12-05T02:06:27.459+0900] {subprocess.py:106} INFO - 24/12/05 02:06:27 WARN Client: Neither spark.yarn.jars nor spark.yarn.archive is set, falling back to uploading libraries under SPARK_HOME.
[2024-12-05T02:06:30.312+0900] {subprocess.py:106} INFO - 24/12/05 02:06:30 INFO Client: Uploading resource file:/tmp/spark-f934e336-b5ec-446f-a8bd-4d6dc36829eb/__spark_libs__12746522409602221741.zip -> hdfs://MN:9000/user/dke/.sparkStaging/application_1733127595631_0066/__spark_libs__12746522409602221741.zip
[2024-12-05T02:07:01.217+0900] {subprocess.py:106} INFO - 24/12/05 02:07:01 INFO Client: Uploading resource file:/laewon/Riot/make_model.py -> hdfs://MN:9000/user/dke/.sparkStaging/application_1733127595631_0066/make_model.py
[2024-12-05T02:07:01.250+0900] {subprocess.py:106} INFO - 24/12/05 02:07:01 INFO Client: Uploading resource file:/laewon/spark-3.5.1-bin-hadoop3/python/lib/pyspark.zip -> hdfs://MN:9000/user/dke/.sparkStaging/application_1733127595631_0066/pyspark.zip
[2024-12-05T02:07:01.486+0900] {subprocess.py:106} INFO - 24/12/05 02:07:01 INFO Client: Uploading resource file:/laewon/spark-3.5.1-bin-hadoop3/python/lib/py4j-0.10.9.7-src.zip -> hdfs://MN:9000/user/dke/.sparkStaging/application_1733127595631_0066/py4j-0.10.9.7-src.zip
[2024-12-05T02:07:01.686+0900] {subprocess.py:106} INFO - 24/12/05 02:07:01 INFO Client: Uploading resource file:/tmp/spark-f934e336-b5ec-446f-a8bd-4d6dc36829eb/__spark_conf__9606346284998855973.zip -> hdfs://MN:9000/user/dke/.sparkStaging/application_1733127595631_0066/__spark_conf__.zip
[2024-12-05T02:07:01.781+0900] {subprocess.py:106} INFO - 24/12/05 02:07:01 INFO SecurityManager: Changing view acls to: dke
[2024-12-05T02:07:01.782+0900] {subprocess.py:106} INFO - 24/12/05 02:07:01 INFO SecurityManager: Changing modify acls to: dke
[2024-12-05T02:07:01.783+0900] {subprocess.py:106} INFO - 24/12/05 02:07:01 INFO SecurityManager: Changing view acls groups to:
[2024-12-05T02:07:01.783+0900] {subprocess.py:106} INFO - 24/12/05 02:07:01 INFO SecurityManager: Changing modify acls groups to:
[2024-12-05T02:07:01.783+0900] {subprocess.py:106} INFO - 24/12/05 02:07:01 INFO SecurityManager: SecurityManager: authentication disabled; ui acls disabled; users with view permissions: dke; groups with view permissions: EMPTY; users with modify permissions: dke; groups with modify permissions: EMPTY
[2024-12-05T02:07:01.823+0900] {subprocess.py:106} INFO - 24/12/05 02:07:01 INFO Client: Submitting application application_1733127595631_0066 to ResourceManager
[2024-12-05T02:07:01.869+0900] {subprocess.py:106} INFO - 24/12/05 02:07:01 INFO YarnClientImpl: Submitted application application_1733127595631_0066
[2024-12-05T02:07:02.872+0900] {subprocess.py:106} INFO - 24/12/05 02:07:02 INFO Client: Application report for application_1733127595631_0066 (state: ACCEPTED)
[2024-12-05T02:07:02.875+0900] {subprocess.py:106} INFO - 24/12/05 02:07:02 INFO Client:
[2024-12-05T02:07:02.876+0900] {subprocess.py:106} INFO - 	 client token: N/A
[2024-12-05T02:07:02.876+0900] {subprocess.py:106} INFO - 	 diagnostics: AM container is launched, waiting for AM container to Register with RM
[2024-12-05T02:07:02.876+0900] {subprocess.py:106} INFO - 	 ApplicationMaster host: N/A
[2024-12-05T02:07:02.876+0900] {subprocess.py:106} INFO - 	 ApplicationMaster RPC port: -1
[2024-12-05T02:07:02.877+0900] {subprocess.py:106} INFO - 	 queue: root.default
[2024-12-05T02:07:02.877+0900] {subprocess.py:106} INFO - 	 start time: 1733332021847
[2024-12-05T02:07:02.877+0900] {subprocess.py:106} INFO - 	 final status: UNDEFINED
[2024-12-05T02:07:02.877+0900] {subprocess.py:106} INFO - 	 tracking URL: http://MN:8088/proxy/application_1733127595631_0066/
[2024-12-05T02:07:02.878+0900] {subprocess.py:106} INFO - 	 user: dke
[2024-12-05T02:07:32.914+0900] {subprocess.py:106} INFO - 24/12/05 02:07:32 INFO Client: Application report for application_1733127595631_0066 (state: ACCEPTED)
[2024-12-05T02:07:37.920+0900] {subprocess.py:106} INFO - 24/12/05 02:07:37 INFO Client: Application report for application_1733127595631_0066 (state: RUNNING)
[2024-12-05T02:07:37.921+0900] {subprocess.py:106} INFO - 24/12/05 02:07:37 INFO Client:
[2024-12-05T02:07:37.921+0900] {subprocess.py:106} INFO - 	 client token: N/A
[2024-12-05T02:07:37.921+0900] {subprocess.py:106} INFO - 	 diagnostics: N/A
[2024-12-05T02:07:37.922+0900] {subprocess.py:106} INFO - 	 ApplicationMaster host: SN03
[2024-12-05T02:07:37.922+0900] {subprocess.py:106} INFO - 	 ApplicationMaster RPC port: 38205
[2024-12-05T02:07:37.922+0900] {subprocess.py:106} INFO - 	 queue: root.default
[2024-12-05T02:07:37.922+0900] {subprocess.py:106} INFO - 	 start time: 1733332021847
[2024-12-05T02:07:37.923+0900] {subprocess.py:106} INFO - 	 final status: UNDEFINED
[2024-12-05T02:07:37.923+0900] {subprocess.py:106} INFO - 	 tracking URL: http://MN:8088/proxy/application_1733127595631_0066/
[2024-12-05T02:07:37.924+0900] {subprocess.py:106} INFO - 	 user: dke
[2024-12-05T02:08:07.958+0900] {subprocess.py:106} INFO - 24/12/05 02:08:07 INFO Client: Application report for application_1733127595631_0066 (state: RUNNING)
[2024-12-05T02:08:14.966+0900] {subprocess.py:106} INFO - 24/12/05 02:08:14 INFO Client: Application report for application_1733127595631_0066 (state: FINISHED)
[2024-12-05T02:08:14.967+0900] {subprocess.py:106} INFO - 24/12/05 02:08:14 INFO Client:
[2024-12-05T02:08:14.967+0900] {subprocess.py:106} INFO - 	 client token: N/A
[2024-12-05T02:08:14.967+0900] {subprocess.py:106} INFO - 	 diagnostics: N/A
[2024-12-05T02:08:14.968+0900] {subprocess.py:106} INFO - 	 ApplicationMaster host: SN03
[2024-12-05T02:08:14.968+0900] {subprocess.py:106} INFO - 	 ApplicationMaster RPC port: 38205
[2024-12-05T02:08:14.968+0900] {subprocess.py:106} INFO - 	 queue: root.default
[2024-12-05T02:08:14.968+0900] {subprocess.py:106} INFO - 	 start time: 1733332021847
[2024-12-05T02:08:14.969+0900] {subprocess.py:106} INFO - 	 final status: SUCCEEDED
[2024-12-05T02:08:14.969+0900] {subprocess.py:106} INFO - 	 tracking URL: http://MN:8088/proxy/application_1733127595631_0066/
[2024-12-05T02:08:14.969+0900] {subprocess.py:106} INFO - 	 user: dke
[2024-12-05T02:08:14.976+0900] {subprocess.py:106} INFO - 24/12/05 02:08:14 INFO ShutdownHookManager: Shutdown hook called
[2024-12-05T02:08:14.977+0900] {subprocess.py:106} INFO - 24/12/05 02:08:14 INFO ShutdownHookManager: Deleting directory /tmp/spark-f934e336-b5ec-446f-a8bd-4d6dc36829eb
[2024-12-05T02:08:14.980+0900] {subprocess.py:106} INFO - 24/12/05 02:08:14 INFO ShutdownHookManager: Deleting directory /tmp/spark-9031a938-fcd1-4fa7-b11c-9d8d0b88c5aa
[2024-12-05T02:08:15.336+0900] {subprocess.py:110} INFO - Command exited with return code 0
[2024-12-05T02:08:15.359+0900] {taskinstance.py:340} INFO - ::group::Post task execution logs
[2024-12-05T02:08:15.359+0900] {taskinstance.py:352} INFO - Marking task as SUCCESS. dag_id=process_and_upload_json_to_hdfs, task_id=run_make_model, run_id=scheduled__2024-12-04T16:00:00+00:00, execution_date=20241204T160000, start_date=20241204T170624, end_date=20241204T170815
[2024-12-05T02:08:15.411+0900] {local_task_job_runner.py:266} INFO - Task exited with return code 0
[2024-12-05T02:08:15.422+0900] {taskinstance.py:3895} INFO - 0 downstream tasks scheduled from follow-on schedule check
[2024-12-05T02:08:15.422+0900] {local_task_job_runner.py:245} INFO - ::endgroup::
