[2024-12-03T16:00:25.104+0900] {local_task_job_runner.py:123} INFO - ::group::Pre task execution logs
[2024-12-03T16:00:25.114+0900] {taskinstance.py:2613} INFO - Dependencies all met for dep_context=non-requeueable deps ti=<TaskInstance: process_and_upload_json_to_hdfs.save_champion_to_hdfs scheduled__2024-12-03T06:00:00+00:00 [queued]>
[2024-12-03T16:00:25.121+0900] {taskinstance.py:2613} INFO - Dependencies all met for dep_context=requeueable deps ti=<TaskInstance: process_and_upload_json_to_hdfs.save_champion_to_hdfs scheduled__2024-12-03T06:00:00+00:00 [queued]>
[2024-12-03T16:00:25.121+0900] {taskinstance.py:2866} INFO - Starting attempt 1 of 2
[2024-12-03T16:00:25.137+0900] {taskinstance.py:2889} INFO - Executing <Task(BashOperator): save_champion_to_hdfs> on 2024-12-03 06:00:00+00:00
[2024-12-03T16:00:25.140+0900] {standard_task_runner.py:72} INFO - Started process 379801 to run task
[2024-12-03T16:00:25.143+0900] {standard_task_runner.py:104} INFO - Running: ['airflow', 'tasks', 'run', 'process_and_upload_json_to_hdfs', 'save_champion_to_hdfs', 'scheduled__2024-12-03T06:00:00+00:00', '--job-id', '461', '--raw', '--subdir', 'DAGS_FOLDER/data_to_hdfs.py', '--cfg-path', '/tmp/tmpvok6d9wm']
[2024-12-03T16:00:25.145+0900] {standard_task_runner.py:105} INFO - Job 461: Subtask save_champion_to_hdfs
[2024-12-03T16:00:25.178+0900] {task_command.py:467} INFO - Running <TaskInstance: process_and_upload_json_to_hdfs.save_champion_to_hdfs scheduled__2024-12-03T06:00:00+00:00 [running]> on host MN
[2024-12-03T16:00:25.245+0900] {taskinstance.py:3132} INFO - Exporting env vars: AIRFLOW_CTX_DAG_OWNER='airflow' AIRFLOW_CTX_DAG_ID='process_and_upload_json_to_hdfs' AIRFLOW_CTX_TASK_ID='save_champion_to_hdfs' AIRFLOW_CTX_EXECUTION_DATE='2024-12-03T06:00:00+00:00' AIRFLOW_CTX_TRY_NUMBER='1' AIRFLOW_CTX_DAG_RUN_ID='scheduled__2024-12-03T06:00:00+00:00'
[2024-12-03T16:00:25.246+0900] {taskinstance.py:731} INFO - ::endgroup::
[2024-12-03T16:00:25.259+0900] {subprocess.py:78} INFO - Tmp dir root location: /tmp
[2024-12-03T16:00:25.260+0900] {subprocess.py:88} INFO - Running command: ['/usr/bin/bash', '-c', 'for champion_file in /laewon/Riot/output/champion_*.csv; do   hdfs dfs -put -f $champion_file /data/$(basename $champion_file); done']
[2024-12-03T16:00:25.266+0900] {subprocess.py:99} INFO - Output:
[2024-12-03T16:06:36.737+0900] {subprocess.py:110} INFO - Command exited with return code 0
[2024-12-03T16:06:36.758+0900] {taskinstance.py:340} INFO - ::group::Post task execution logs
[2024-12-03T16:06:36.759+0900] {taskinstance.py:352} INFO - Marking task as SUCCESS. dag_id=process_and_upload_json_to_hdfs, task_id=save_champion_to_hdfs, run_id=scheduled__2024-12-03T06:00:00+00:00, execution_date=20241203T060000, start_date=20241203T070025, end_date=20241203T070636
[2024-12-03T16:06:36.790+0900] {local_task_job_runner.py:266} INFO - Task exited with return code 0
[2024-12-03T16:06:36.804+0900] {taskinstance.py:3895} INFO - 1 downstream tasks scheduled from follow-on schedule check
[2024-12-03T16:06:36.809+0900] {local_task_job_runner.py:245} INFO - ::endgroup::
