[2024-12-05T12:00:05.976+0900] {local_task_job_runner.py:123} INFO - ::group::Pre task execution logs
[2024-12-05T12:00:05.986+0900] {taskinstance.py:2613} INFO - Dependencies all met for dep_context=non-requeueable deps ti=<TaskInstance: process_and_upload_json_to_hdfs.save_to_hdfs scheduled__2024-12-05T02:00:00+00:00 [queued]>
[2024-12-05T12:00:05.992+0900] {taskinstance.py:2613} INFO - Dependencies all met for dep_context=requeueable deps ti=<TaskInstance: process_and_upload_json_to_hdfs.save_to_hdfs scheduled__2024-12-05T02:00:00+00:00 [queued]>
[2024-12-05T12:00:05.993+0900] {taskinstance.py:2866} INFO - Starting attempt 1 of 2
[2024-12-05T12:00:06.008+0900] {taskinstance.py:2889} INFO - Executing <Task(BashOperator): save_to_hdfs> on 2024-12-05 02:00:00+00:00
[2024-12-05T12:00:06.011+0900] {standard_task_runner.py:72} INFO - Started process 1646948 to run task
[2024-12-05T12:00:06.015+0900] {standard_task_runner.py:104} INFO - Running: ['airflow', 'tasks', 'run', 'process_and_upload_json_to_hdfs', 'save_to_hdfs', 'scheduled__2024-12-05T02:00:00+00:00', '--job-id', '636', '--raw', '--subdir', 'DAGS_FOLDER/data_to_hdfs.py', '--cfg-path', '/tmp/tmpfme7uuq2']
[2024-12-05T12:00:06.016+0900] {standard_task_runner.py:105} INFO - Job 636: Subtask save_to_hdfs
[2024-12-05T12:00:06.049+0900] {task_command.py:467} INFO - Running <TaskInstance: process_and_upload_json_to_hdfs.save_to_hdfs scheduled__2024-12-05T02:00:00+00:00 [running]> on host MN
[2024-12-05T12:00:06.125+0900] {taskinstance.py:3132} INFO - Exporting env vars: AIRFLOW_CTX_DAG_OWNER='airflow' AIRFLOW_CTX_DAG_ID='process_and_upload_json_to_hdfs' AIRFLOW_CTX_TASK_ID='save_to_hdfs' AIRFLOW_CTX_EXECUTION_DATE='2024-12-05T02:00:00+00:00' AIRFLOW_CTX_TRY_NUMBER='1' AIRFLOW_CTX_DAG_RUN_ID='scheduled__2024-12-05T02:00:00+00:00'
[2024-12-05T12:00:06.126+0900] {taskinstance.py:731} INFO - ::endgroup::
[2024-12-05T12:00:06.139+0900] {subprocess.py:78} INFO - Tmp dir root location: /tmp
[2024-12-05T12:00:06.139+0900] {subprocess.py:88} INFO - Running command: ['/usr/bin/bash', '-c', 'cat "None" | hdfs dfs -put -f /laewon/Riot/output/match_data_combined.csv /data/match_data_combined.csv']
[2024-12-05T12:00:06.146+0900] {subprocess.py:99} INFO - Output:
[2024-12-05T12:00:06.147+0900] {subprocess.py:106} INFO - cat: None: No such file or directory
[2024-12-05T12:00:08.506+0900] {subprocess.py:110} INFO - Command exited with return code 0
[2024-12-05T12:00:08.527+0900] {taskinstance.py:340} INFO - ::group::Post task execution logs
[2024-12-05T12:00:08.528+0900] {taskinstance.py:352} INFO - Marking task as SUCCESS. dag_id=process_and_upload_json_to_hdfs, task_id=save_to_hdfs, run_id=scheduled__2024-12-05T02:00:00+00:00, execution_date=20241205T020000, start_date=20241205T030005, end_date=20241205T030008
[2024-12-05T12:00:08.553+0900] {local_task_job_runner.py:266} INFO - Task exited with return code 0
[2024-12-05T12:00:08.574+0900] {taskinstance.py:3895} INFO - 1 downstream tasks scheduled from follow-on schedule check
[2024-12-05T12:00:08.578+0900] {local_task_job_runner.py:245} INFO - ::endgroup::
