[2024-12-04T05:06:49.908+0900] {local_task_job_runner.py:123} INFO - ::group::Pre task execution logs
[2024-12-04T05:06:49.918+0900] {taskinstance.py:2613} INFO - Dependencies all met for dep_context=non-requeueable deps ti=<TaskInstance: process_and_upload_json_to_hdfs.run_make_model scheduled__2024-12-03T19:00:00+00:00 [queued]>
[2024-12-04T05:06:49.925+0900] {taskinstance.py:2613} INFO - Dependencies all met for dep_context=requeueable deps ti=<TaskInstance: process_and_upload_json_to_hdfs.run_make_model scheduled__2024-12-03T19:00:00+00:00 [queued]>
[2024-12-04T05:06:49.925+0900] {taskinstance.py:2866} INFO - Starting attempt 1 of 2
[2024-12-04T05:06:49.942+0900] {taskinstance.py:2889} INFO - Executing <Task(BashOperator): run_make_model> on 2024-12-03 19:00:00+00:00
[2024-12-04T05:06:49.945+0900] {standard_task_runner.py:72} INFO - Started process 765722 to run task
[2024-12-04T05:06:49.948+0900] {standard_task_runner.py:104} INFO - Running: ['airflow', 'tasks', 'run', 'process_and_upload_json_to_hdfs', 'run_make_model', 'scheduled__2024-12-03T19:00:00+00:00', '--job-id', '514', '--raw', '--subdir', 'DAGS_FOLDER/data_to_hdfs.py', '--cfg-path', '/tmp/tmp96mx8oft']
[2024-12-04T05:06:49.950+0900] {standard_task_runner.py:105} INFO - Job 514: Subtask run_make_model
[2024-12-04T05:06:49.984+0900] {task_command.py:467} INFO - Running <TaskInstance: process_and_upload_json_to_hdfs.run_make_model scheduled__2024-12-03T19:00:00+00:00 [running]> on host MN
[2024-12-04T05:06:50.051+0900] {taskinstance.py:3132} INFO - Exporting env vars: AIRFLOW_CTX_DAG_OWNER='airflow' AIRFLOW_CTX_DAG_ID='process_and_upload_json_to_hdfs' AIRFLOW_CTX_TASK_ID='run_make_model' AIRFLOW_CTX_EXECUTION_DATE='2024-12-03T19:00:00+00:00' AIRFLOW_CTX_TRY_NUMBER='1' AIRFLOW_CTX_DAG_RUN_ID='scheduled__2024-12-03T19:00:00+00:00'
[2024-12-04T05:06:50.052+0900] {taskinstance.py:731} INFO - ::endgroup::
[2024-12-04T05:06:50.066+0900] {subprocess.py:78} INFO - Tmp dir root location: /tmp
[2024-12-04T05:06:50.066+0900] {subprocess.py:88} INFO - Running command: ['/usr/bin/bash', '-c', '/laewon/spark/bin/spark-submit --master yarn --deploy-mode cluster /laewon/Riot/make_model.py']
[2024-12-04T05:06:50.072+0900] {subprocess.py:99} INFO - Output:
[2024-12-04T05:06:52.329+0900] {subprocess.py:106} INFO - 24/12/04 05:06:52 INFO DefaultNoHARMFailoverProxyProvider: Connecting to ResourceManager at MN/192.168.4.7:8032
[2024-12-04T05:06:53.051+0900] {subprocess.py:106} INFO - 24/12/04 05:06:53 INFO Configuration: resource-types.xml not found
[2024-12-04T05:06:53.052+0900] {subprocess.py:106} INFO - 24/12/04 05:06:53 INFO ResourceUtils: Unable to find 'resource-types.xml'.
[2024-12-04T05:06:53.065+0900] {subprocess.py:106} INFO - 24/12/04 05:06:53 INFO Client: Verifying our application has not requested more than the maximum memory capability of the cluster (819200 MB per container)
[2024-12-04T05:06:53.066+0900] {subprocess.py:106} INFO - 24/12/04 05:06:53 INFO Client: Will allocate AM container, with 1408 MB memory including 384 MB overhead
[2024-12-04T05:06:53.067+0900] {subprocess.py:106} INFO - 24/12/04 05:06:53 INFO Client: Setting up container launch context for our AM
[2024-12-04T05:06:53.070+0900] {subprocess.py:106} INFO - 24/12/04 05:06:53 INFO Client: Setting up the launch environment for our AM container
[2024-12-04T05:06:53.082+0900] {subprocess.py:106} INFO - 24/12/04 05:06:53 INFO Client: Preparing resources for our AM container
[2024-12-04T05:06:53.115+0900] {subprocess.py:106} INFO - 24/12/04 05:06:53 WARN Client: Neither spark.yarn.jars nor spark.yarn.archive is set, falling back to uploading libraries under SPARK_HOME.
[2024-12-04T05:06:55.987+0900] {subprocess.py:106} INFO - 24/12/04 05:06:55 INFO Client: Uploading resource file:/tmp/spark-1ed7d043-f3c9-4ae3-9f8f-07a816d950aa/__spark_libs__13558736502266053667.zip -> hdfs://MN:9000/user/dke/.sparkStaging/application_1733127595631_0045/__spark_libs__13558736502266053667.zip
[2024-12-04T05:07:26.084+0900] {subprocess.py:106} INFO - 24/12/04 05:07:26 INFO Client: Uploading resource file:/laewon/Riot/make_model.py -> hdfs://MN:9000/user/dke/.sparkStaging/application_1733127595631_0045/make_model.py
[2024-12-04T05:07:26.119+0900] {subprocess.py:106} INFO - 24/12/04 05:07:26 INFO Client: Uploading resource file:/laewon/spark-3.5.1-bin-hadoop3/python/lib/pyspark.zip -> hdfs://MN:9000/user/dke/.sparkStaging/application_1733127595631_0045/pyspark.zip
[2024-12-04T05:07:26.472+0900] {subprocess.py:106} INFO - 24/12/04 05:07:26 INFO Client: Uploading resource file:/laewon/spark-3.5.1-bin-hadoop3/python/lib/py4j-0.10.9.7-src.zip -> hdfs://MN:9000/user/dke/.sparkStaging/application_1733127595631_0045/py4j-0.10.9.7-src.zip
[2024-12-04T05:07:26.674+0900] {subprocess.py:106} INFO - 24/12/04 05:07:26 INFO Client: Uploading resource file:/tmp/spark-1ed7d043-f3c9-4ae3-9f8f-07a816d950aa/__spark_conf__17203809055732457839.zip -> hdfs://MN:9000/user/dke/.sparkStaging/application_1733127595631_0045/__spark_conf__.zip
[2024-12-04T05:07:26.761+0900] {subprocess.py:106} INFO - 24/12/04 05:07:26 INFO SecurityManager: Changing view acls to: dke
[2024-12-04T05:07:26.762+0900] {subprocess.py:106} INFO - 24/12/04 05:07:26 INFO SecurityManager: Changing modify acls to: dke
[2024-12-04T05:07:26.762+0900] {subprocess.py:106} INFO - 24/12/04 05:07:26 INFO SecurityManager: Changing view acls groups to:
[2024-12-04T05:07:26.763+0900] {subprocess.py:106} INFO - 24/12/04 05:07:26 INFO SecurityManager: Changing modify acls groups to:
[2024-12-04T05:07:26.763+0900] {subprocess.py:106} INFO - 24/12/04 05:07:26 INFO SecurityManager: SecurityManager: authentication disabled; ui acls disabled; users with view permissions: dke; groups with view permissions: EMPTY; users with modify permissions: dke; groups with modify permissions: EMPTY
[2024-12-04T05:07:26.799+0900] {subprocess.py:106} INFO - 24/12/04 05:07:26 INFO Client: Submitting application application_1733127595631_0045 to ResourceManager
[2024-12-04T05:07:26.849+0900] {subprocess.py:106} INFO - 24/12/04 05:07:26 INFO YarnClientImpl: Submitted application application_1733127595631_0045
[2024-12-04T05:07:27.851+0900] {subprocess.py:106} INFO - 24/12/04 05:07:27 INFO Client: Application report for application_1733127595631_0045 (state: ACCEPTED)
[2024-12-04T05:07:27.855+0900] {subprocess.py:106} INFO - 24/12/04 05:07:27 INFO Client:
[2024-12-04T05:07:27.855+0900] {subprocess.py:106} INFO - 	 client token: N/A
[2024-12-04T05:07:27.855+0900] {subprocess.py:106} INFO - 	 diagnostics: AM container is launched, waiting for AM container to Register with RM
[2024-12-04T05:07:27.856+0900] {subprocess.py:106} INFO - 	 ApplicationMaster host: N/A
[2024-12-04T05:07:27.856+0900] {subprocess.py:106} INFO - 	 ApplicationMaster RPC port: -1
[2024-12-04T05:07:27.856+0900] {subprocess.py:106} INFO - 	 queue: root.default
[2024-12-04T05:07:27.856+0900] {subprocess.py:106} INFO - 	 start time: 1733256446825
[2024-12-04T05:07:27.856+0900] {subprocess.py:106} INFO - 	 final status: UNDEFINED
[2024-12-04T05:07:27.857+0900] {subprocess.py:106} INFO - 	 tracking URL: http://MN:8088/proxy/application_1733127595631_0045/
[2024-12-04T05:07:27.857+0900] {subprocess.py:106} INFO - 	 user: dke
[2024-12-04T05:07:34.864+0900] {subprocess.py:106} INFO - 24/12/04 05:07:34 INFO Client: Application report for application_1733127595631_0045 (state: RUNNING)
[2024-12-04T05:07:34.865+0900] {subprocess.py:106} INFO - 24/12/04 05:07:34 INFO Client:
[2024-12-04T05:07:34.865+0900] {subprocess.py:106} INFO - 	 client token: N/A
[2024-12-04T05:07:34.865+0900] {subprocess.py:106} INFO - 	 diagnostics: N/A
[2024-12-04T05:07:34.866+0900] {subprocess.py:106} INFO - 	 ApplicationMaster host: SN09
[2024-12-04T05:07:34.866+0900] {subprocess.py:106} INFO - 	 ApplicationMaster RPC port: 36165
[2024-12-04T05:07:34.866+0900] {subprocess.py:106} INFO - 	 queue: root.default
[2024-12-04T05:07:34.866+0900] {subprocess.py:106} INFO - 	 start time: 1733256446825
[2024-12-04T05:07:34.866+0900] {subprocess.py:106} INFO - 	 final status: UNDEFINED
[2024-12-04T05:07:34.867+0900] {subprocess.py:106} INFO - 	 tracking URL: http://MN:8088/proxy/application_1733127595631_0045/
[2024-12-04T05:07:34.867+0900] {subprocess.py:106} INFO - 	 user: dke
[2024-12-04T05:08:04.904+0900] {subprocess.py:106} INFO - 24/12/04 05:08:04 INFO Client: Application report for application_1733127595631_0045 (state: RUNNING)
[2024-12-04T05:08:33.940+0900] {subprocess.py:106} INFO - 24/12/04 05:08:33 INFO Client: Application report for application_1733127595631_0045 (state: FINISHED)
[2024-12-04T05:08:33.941+0900] {subprocess.py:106} INFO - 24/12/04 05:08:33 INFO Client:
[2024-12-04T05:08:33.941+0900] {subprocess.py:106} INFO - 	 client token: N/A
[2024-12-04T05:08:33.941+0900] {subprocess.py:106} INFO - 	 diagnostics: N/A
[2024-12-04T05:08:33.942+0900] {subprocess.py:106} INFO - 	 ApplicationMaster host: SN09
[2024-12-04T05:08:33.942+0900] {subprocess.py:106} INFO - 	 ApplicationMaster RPC port: 36165
[2024-12-04T05:08:33.942+0900] {subprocess.py:106} INFO - 	 queue: root.default
[2024-12-04T05:08:33.942+0900] {subprocess.py:106} INFO - 	 start time: 1733256446825
[2024-12-04T05:08:33.943+0900] {subprocess.py:106} INFO - 	 final status: SUCCEEDED
[2024-12-04T05:08:33.943+0900] {subprocess.py:106} INFO - 	 tracking URL: http://MN:8088/proxy/application_1733127595631_0045/
[2024-12-04T05:08:33.943+0900] {subprocess.py:106} INFO - 	 user: dke
[2024-12-04T05:08:33.950+0900] {subprocess.py:106} INFO - 24/12/04 05:08:33 INFO ShutdownHookManager: Shutdown hook called
[2024-12-04T05:08:33.951+0900] {subprocess.py:106} INFO - 24/12/04 05:08:33 INFO ShutdownHookManager: Deleting directory /tmp/spark-1ed7d043-f3c9-4ae3-9f8f-07a816d950aa
[2024-12-04T05:08:33.954+0900] {subprocess.py:106} INFO - 24/12/04 05:08:33 INFO ShutdownHookManager: Deleting directory /tmp/spark-9f35e003-a93a-4f1d-97b4-b44045543145
[2024-12-04T05:08:34.307+0900] {subprocess.py:110} INFO - Command exited with return code 0
[2024-12-04T05:08:34.331+0900] {taskinstance.py:340} INFO - ::group::Post task execution logs
[2024-12-04T05:08:34.332+0900] {taskinstance.py:352} INFO - Marking task as SUCCESS. dag_id=process_and_upload_json_to_hdfs, task_id=run_make_model, run_id=scheduled__2024-12-03T19:00:00+00:00, execution_date=20241203T190000, start_date=20241203T200649, end_date=20241203T200834
[2024-12-04T05:08:34.373+0900] {local_task_job_runner.py:266} INFO - Task exited with return code 0
[2024-12-04T05:08:34.384+0900] {taskinstance.py:3895} INFO - 0 downstream tasks scheduled from follow-on schedule check
[2024-12-04T05:08:34.384+0900] {local_task_job_runner.py:245} INFO - ::endgroup::
