[2024-12-05T20:06:24.488+0900] {local_task_job_runner.py:123} INFO - ::group::Pre task execution logs
[2024-12-05T20:06:24.499+0900] {taskinstance.py:2613} INFO - Dependencies all met for dep_context=non-requeueable deps ti=<TaskInstance: process_and_upload_json_to_hdfs.run_make_model scheduled__2024-12-05T10:00:00+00:00 [queued]>
[2024-12-05T20:06:24.506+0900] {taskinstance.py:2613} INFO - Dependencies all met for dep_context=requeueable deps ti=<TaskInstance: process_and_upload_json_to_hdfs.run_make_model scheduled__2024-12-05T10:00:00+00:00 [queued]>
[2024-12-05T20:06:24.506+0900] {taskinstance.py:2866} INFO - Starting attempt 1 of 2
[2024-12-05T20:06:24.524+0900] {taskinstance.py:2889} INFO - Executing <Task(BashOperator): run_make_model> on 2024-12-05 10:00:00+00:00
[2024-12-05T20:06:24.527+0900] {standard_task_runner.py:72} INFO - Started process 1917222 to run task
[2024-12-05T20:06:24.531+0900] {standard_task_runner.py:104} INFO - Running: ['airflow', 'tasks', 'run', 'process_and_upload_json_to_hdfs', 'run_make_model', 'scheduled__2024-12-05T10:00:00+00:00', '--job-id', '670', '--raw', '--subdir', 'DAGS_FOLDER/data_to_hdfs.py', '--cfg-path', '/tmp/tmpr4bz7wug']
[2024-12-05T20:06:24.532+0900] {standard_task_runner.py:105} INFO - Job 670: Subtask run_make_model
[2024-12-05T20:06:24.566+0900] {task_command.py:467} INFO - Running <TaskInstance: process_and_upload_json_to_hdfs.run_make_model scheduled__2024-12-05T10:00:00+00:00 [running]> on host MN
[2024-12-05T20:06:24.635+0900] {taskinstance.py:3132} INFO - Exporting env vars: AIRFLOW_CTX_DAG_OWNER='airflow' AIRFLOW_CTX_DAG_ID='process_and_upload_json_to_hdfs' AIRFLOW_CTX_TASK_ID='run_make_model' AIRFLOW_CTX_EXECUTION_DATE='2024-12-05T10:00:00+00:00' AIRFLOW_CTX_TRY_NUMBER='1' AIRFLOW_CTX_DAG_RUN_ID='scheduled__2024-12-05T10:00:00+00:00'
[2024-12-05T20:06:24.636+0900] {taskinstance.py:731} INFO - ::endgroup::
[2024-12-05T20:06:24.650+0900] {subprocess.py:78} INFO - Tmp dir root location: /tmp
[2024-12-05T20:06:24.651+0900] {subprocess.py:88} INFO - Running command: ['/usr/bin/bash', '-c', '/laewon/spark/bin/spark-submit --master yarn --deploy-mode cluster /laewon/Riot/make_model.py']
[2024-12-05T20:06:24.657+0900] {subprocess.py:99} INFO - Output:
[2024-12-05T20:06:26.907+0900] {subprocess.py:106} INFO - 24/12/05 20:06:26 INFO DefaultNoHARMFailoverProxyProvider: Connecting to ResourceManager at MN/192.168.4.7:8032
[2024-12-05T20:06:27.606+0900] {subprocess.py:106} INFO - 24/12/05 20:06:27 INFO Configuration: resource-types.xml not found
[2024-12-05T20:06:27.606+0900] {subprocess.py:106} INFO - 24/12/05 20:06:27 INFO ResourceUtils: Unable to find 'resource-types.xml'.
[2024-12-05T20:06:27.620+0900] {subprocess.py:106} INFO - 24/12/05 20:06:27 INFO Client: Verifying our application has not requested more than the maximum memory capability of the cluster (819200 MB per container)
[2024-12-05T20:06:27.621+0900] {subprocess.py:106} INFO - 24/12/05 20:06:27 INFO Client: Will allocate AM container, with 1408 MB memory including 384 MB overhead
[2024-12-05T20:06:27.622+0900] {subprocess.py:106} INFO - 24/12/05 20:06:27 INFO Client: Setting up container launch context for our AM
[2024-12-05T20:06:27.625+0900] {subprocess.py:106} INFO - 24/12/05 20:06:27 INFO Client: Setting up the launch environment for our AM container
[2024-12-05T20:06:27.637+0900] {subprocess.py:106} INFO - 24/12/05 20:06:27 INFO Client: Preparing resources for our AM container
[2024-12-05T20:06:27.673+0900] {subprocess.py:106} INFO - 24/12/05 20:06:27 WARN Client: Neither spark.yarn.jars nor spark.yarn.archive is set, falling back to uploading libraries under SPARK_HOME.
[2024-12-05T20:06:30.501+0900] {subprocess.py:106} INFO - 24/12/05 20:06:30 INFO Client: Uploading resource file:/tmp/spark-0b3c8be1-80eb-4e17-8384-df57268041c7/__spark_libs__6923312043596638621.zip -> hdfs://MN:9000/user/dke/.sparkStaging/application_1733127595631_0084/__spark_libs__6923312043596638621.zip
[2024-12-05T20:07:00.390+0900] {subprocess.py:106} INFO - 24/12/05 20:07:00 INFO Client: Uploading resource file:/laewon/Riot/make_model.py -> hdfs://MN:9000/user/dke/.sparkStaging/application_1733127595631_0084/make_model.py
[2024-12-05T20:07:00.418+0900] {subprocess.py:106} INFO - 24/12/05 20:07:00 INFO Client: Uploading resource file:/laewon/spark-3.5.1-bin-hadoop3/python/lib/pyspark.zip -> hdfs://MN:9000/user/dke/.sparkStaging/application_1733127595631_0084/pyspark.zip
[2024-12-05T20:07:00.690+0900] {subprocess.py:106} INFO - 24/12/05 20:07:00 INFO Client: Uploading resource file:/laewon/spark-3.5.1-bin-hadoop3/python/lib/py4j-0.10.9.7-src.zip -> hdfs://MN:9000/user/dke/.sparkStaging/application_1733127595631_0084/py4j-0.10.9.7-src.zip
[2024-12-05T20:07:00.888+0900] {subprocess.py:106} INFO - 24/12/05 20:07:00 INFO Client: Uploading resource file:/tmp/spark-0b3c8be1-80eb-4e17-8384-df57268041c7/__spark_conf__11020518574693214912.zip -> hdfs://MN:9000/user/dke/.sparkStaging/application_1733127595631_0084/__spark_conf__.zip
[2024-12-05T20:07:00.968+0900] {subprocess.py:106} INFO - 24/12/05 20:07:00 INFO SecurityManager: Changing view acls to: dke
[2024-12-05T20:07:00.969+0900] {subprocess.py:106} INFO - 24/12/05 20:07:00 INFO SecurityManager: Changing modify acls to: dke
[2024-12-05T20:07:00.969+0900] {subprocess.py:106} INFO - 24/12/05 20:07:00 INFO SecurityManager: Changing view acls groups to:
[2024-12-05T20:07:00.970+0900] {subprocess.py:106} INFO - 24/12/05 20:07:00 INFO SecurityManager: Changing modify acls groups to:
[2024-12-05T20:07:00.970+0900] {subprocess.py:106} INFO - 24/12/05 20:07:00 INFO SecurityManager: SecurityManager: authentication disabled; ui acls disabled; users with view permissions: dke; groups with view permissions: EMPTY; users with modify permissions: dke; groups with modify permissions: EMPTY
[2024-12-05T20:07:01.006+0900] {subprocess.py:106} INFO - 24/12/05 20:07:01 INFO Client: Submitting application application_1733127595631_0084 to ResourceManager
[2024-12-05T20:07:01.051+0900] {subprocess.py:106} INFO - 24/12/05 20:07:01 INFO YarnClientImpl: Submitted application application_1733127595631_0084
[2024-12-05T20:07:02.054+0900] {subprocess.py:106} INFO - 24/12/05 20:07:02 INFO Client: Application report for application_1733127595631_0084 (state: ACCEPTED)
[2024-12-05T20:07:02.057+0900] {subprocess.py:106} INFO - 24/12/05 20:07:02 INFO Client:
[2024-12-05T20:07:02.058+0900] {subprocess.py:106} INFO - 	 client token: N/A
[2024-12-05T20:07:02.058+0900] {subprocess.py:106} INFO - 	 diagnostics: AM container is launched, waiting for AM container to Register with RM
[2024-12-05T20:07:02.058+0900] {subprocess.py:106} INFO - 	 ApplicationMaster host: N/A
[2024-12-05T20:07:02.059+0900] {subprocess.py:106} INFO - 	 ApplicationMaster RPC port: -1
[2024-12-05T20:07:02.059+0900] {subprocess.py:106} INFO - 	 queue: root.default
[2024-12-05T20:07:02.059+0900] {subprocess.py:106} INFO - 	 start time: 1733396821030
[2024-12-05T20:07:02.059+0900] {subprocess.py:106} INFO - 	 final status: UNDEFINED
[2024-12-05T20:07:02.060+0900] {subprocess.py:106} INFO - 	 tracking URL: http://MN:8088/proxy/application_1733127595631_0084/
[2024-12-05T20:07:02.060+0900] {subprocess.py:106} INFO - 	 user: dke
[2024-12-05T20:07:15.074+0900] {subprocess.py:106} INFO - 24/12/05 20:07:15 INFO Client: Application report for application_1733127595631_0084 (state: RUNNING)
[2024-12-05T20:07:15.075+0900] {subprocess.py:106} INFO - 24/12/05 20:07:15 INFO Client:
[2024-12-05T20:07:15.075+0900] {subprocess.py:106} INFO - 	 client token: N/A
[2024-12-05T20:07:15.075+0900] {subprocess.py:106} INFO - 	 diagnostics: N/A
[2024-12-05T20:07:15.075+0900] {subprocess.py:106} INFO - 	 ApplicationMaster host: SN09
[2024-12-05T20:07:15.076+0900] {subprocess.py:106} INFO - 	 ApplicationMaster RPC port: 37761
[2024-12-05T20:07:15.076+0900] {subprocess.py:106} INFO - 	 queue: root.default
[2024-12-05T20:07:15.076+0900] {subprocess.py:106} INFO - 	 start time: 1733396821030
[2024-12-05T20:07:15.076+0900] {subprocess.py:106} INFO - 	 final status: UNDEFINED
[2024-12-05T20:07:15.077+0900] {subprocess.py:106} INFO - 	 tracking URL: http://MN:8088/proxy/application_1733127595631_0084/
[2024-12-05T20:07:15.077+0900] {subprocess.py:106} INFO - 	 user: dke
[2024-12-05T20:07:45.112+0900] {subprocess.py:106} INFO - 24/12/05 20:07:45 INFO Client: Application report for application_1733127595631_0084 (state: RUNNING)
[2024-12-05T20:07:52.121+0900] {subprocess.py:106} INFO - 24/12/05 20:07:52 INFO Client: Application report for application_1733127595631_0084 (state: FINISHED)
[2024-12-05T20:07:52.122+0900] {subprocess.py:106} INFO - 24/12/05 20:07:52 INFO Client:
[2024-12-05T20:07:52.122+0900] {subprocess.py:106} INFO - 	 client token: N/A
[2024-12-05T20:07:52.122+0900] {subprocess.py:106} INFO - 	 diagnostics: N/A
[2024-12-05T20:07:52.122+0900] {subprocess.py:106} INFO - 	 ApplicationMaster host: SN09
[2024-12-05T20:07:52.123+0900] {subprocess.py:106} INFO - 	 ApplicationMaster RPC port: 37761
[2024-12-05T20:07:52.123+0900] {subprocess.py:106} INFO - 	 queue: root.default
[2024-12-05T20:07:52.123+0900] {subprocess.py:106} INFO - 	 start time: 1733396821030
[2024-12-05T20:07:52.123+0900] {subprocess.py:106} INFO - 	 final status: SUCCEEDED
[2024-12-05T20:07:52.124+0900] {subprocess.py:106} INFO - 	 tracking URL: http://MN:8088/proxy/application_1733127595631_0084/
[2024-12-05T20:07:52.124+0900] {subprocess.py:106} INFO - 	 user: dke
[2024-12-05T20:07:52.131+0900] {subprocess.py:106} INFO - 24/12/05 20:07:52 INFO Client: Deleted staging directory hdfs://MN:9000/user/dke/.sparkStaging/application_1733127595631_0084
[2024-12-05T20:07:52.135+0900] {subprocess.py:106} INFO - 24/12/05 20:07:52 INFO ShutdownHookManager: Shutdown hook called
[2024-12-05T20:07:52.136+0900] {subprocess.py:106} INFO - 24/12/05 20:07:52 INFO ShutdownHookManager: Deleting directory /tmp/spark-3de740e1-a386-461d-8615-e37c68e07f9a
[2024-12-05T20:07:52.139+0900] {subprocess.py:106} INFO - 24/12/05 20:07:52 INFO ShutdownHookManager: Deleting directory /tmp/spark-0b3c8be1-80eb-4e17-8384-df57268041c7
[2024-12-05T20:07:52.497+0900] {subprocess.py:110} INFO - Command exited with return code 0
[2024-12-05T20:07:52.520+0900] {taskinstance.py:340} INFO - ::group::Post task execution logs
[2024-12-05T20:07:52.521+0900] {taskinstance.py:352} INFO - Marking task as SUCCESS. dag_id=process_and_upload_json_to_hdfs, task_id=run_make_model, run_id=scheduled__2024-12-05T10:00:00+00:00, execution_date=20241205T100000, start_date=20241205T110624, end_date=20241205T110752
[2024-12-05T20:07:52.541+0900] {local_task_job_runner.py:266} INFO - Task exited with return code 0
[2024-12-05T20:07:52.551+0900] {taskinstance.py:3895} INFO - 0 downstream tasks scheduled from follow-on schedule check
[2024-12-05T20:07:52.552+0900] {local_task_job_runner.py:245} INFO - ::endgroup::
