[2024-11-15T15:33:34.628+0900] {local_task_job_runner.py:123} INFO - ::group::Pre task execution logs
[2024-11-15T15:33:34.639+0900] {taskinstance.py:2613} INFO - Dependencies all met for dep_context=non-requeueable deps ti=<TaskInstance: random_data_direct_to_hdfs.save_to_hdfs scheduled__2024-11-14T07:38:00+00:00 [queued]>
[2024-11-15T15:33:34.645+0900] {taskinstance.py:2613} INFO - Dependencies all met for dep_context=requeueable deps ti=<TaskInstance: random_data_direct_to_hdfs.save_to_hdfs scheduled__2024-11-14T07:38:00+00:00 [queued]>
[2024-11-15T15:33:34.646+0900] {taskinstance.py:2866} INFO - Starting attempt 1 of 6
[2024-11-15T15:33:34.660+0900] {taskinstance.py:2889} INFO - Executing <Task(BashOperator): save_to_hdfs> on 2024-11-14 07:38:00+00:00
[2024-11-15T15:33:34.662+0900] {standard_task_runner.py:72} INFO - Started process 2389448 to run task
[2024-11-15T15:33:34.666+0900] {standard_task_runner.py:104} INFO - Running: ['airflow', 'tasks', 'run', 'random_data_direct_to_hdfs', 'save_to_hdfs', 'scheduled__2024-11-14T07:38:00+00:00', '--job-id', '138', '--raw', '--subdir', 'DAGS_FOLDER/data_to_hdfs.py', '--cfg-path', '/tmp/tmpri51rzfm']
[2024-11-15T15:33:34.667+0900] {standard_task_runner.py:105} INFO - Job 138: Subtask save_to_hdfs
[2024-11-15T15:33:34.701+0900] {task_command.py:467} INFO - Running <TaskInstance: random_data_direct_to_hdfs.save_to_hdfs scheduled__2024-11-14T07:38:00+00:00 [running]> on host MN
[2024-11-15T15:33:34.778+0900] {taskinstance.py:3132} INFO - Exporting env vars: AIRFLOW_CTX_DAG_OWNER='lwjeong' AIRFLOW_CTX_DAG_ID='random_data_direct_to_hdfs' AIRFLOW_CTX_TASK_ID='save_to_hdfs' AIRFLOW_CTX_EXECUTION_DATE='2024-11-14T07:38:00+00:00' AIRFLOW_CTX_TRY_NUMBER='1' AIRFLOW_CTX_DAG_RUN_ID='scheduled__2024-11-14T07:38:00+00:00'
[2024-11-15T15:33:34.778+0900] {taskinstance.py:731} INFO - ::endgroup::
[2024-11-15T15:33:34.791+0900] {subprocess.py:78} INFO - Tmp dir root location: /tmp
[2024-11-15T15:33:34.791+0900] {subprocess.py:88} INFO - Running command: ['/usr/bin/bash', '-c', 'echo "[{"id": 0, "value": 76, "timestamp": "2024-11-15T15:33:21.700361"}, {"id": 1, "value": 85, "timestamp": "2024-11-15T15:33:21.700361"}, {"id": 2, "value": 3, "timestamp": "2024-11-15T15:33:21.700361"}, {"id": 3, "value": 29, "timestamp": "2024-11-15T15:33:21.700361"}, {"id": 4, "value": 43, "timestamp": "2024-11-15T15:33:21.700361"}, {"id": 5, "value": 41, "timestamp": "2024-11-15T15:33:21.700361"}, {"id": 6, "value": 4, "timestamp": "2024-11-15T15:33:21.700361"}, {"id": 7, "value": 67, "timestamp": "2024-11-15T15:33:21.700361"}, {"id": 8, "value": 10, "timestamp": "2024-11-15T15:33:21.700361"}, {"id": 9, "value": 58, "timestamp": "2024-11-15T15:33:21.700361"}]" | hdfs dfs -put -f - /path/in/hdfs/random_data_39.json']
[2024-11-15T15:33:34.796+0900] {subprocess.py:99} INFO - Output:
[2024-11-15T15:33:36.839+0900] {subprocess.py:110} INFO - Command exited with return code 0
[2024-11-15T15:33:36.859+0900] {taskinstance.py:340} INFO - ::group::Post task execution logs
[2024-11-15T15:33:36.860+0900] {taskinstance.py:352} INFO - Marking task as SUCCESS. dag_id=random_data_direct_to_hdfs, task_id=save_to_hdfs, run_id=scheduled__2024-11-14T07:38:00+00:00, execution_date=20241114T073800, start_date=20241115T063334, end_date=20241115T063336
[2024-11-15T15:33:36.883+0900] {local_task_job_runner.py:266} INFO - Task exited with return code 0
[2024-11-15T15:33:36.896+0900] {taskinstance.py:3895} INFO - 0 downstream tasks scheduled from follow-on schedule check
[2024-11-15T15:33:36.897+0900] {local_task_job_runner.py:245} INFO - ::endgroup::
