[2024-12-06T08:06:24.736+0900] {local_task_job_runner.py:123} INFO - ::group::Pre task execution logs
[2024-12-06T08:06:24.746+0900] {taskinstance.py:2613} INFO - Dependencies all met for dep_context=non-requeueable deps ti=<TaskInstance: process_and_upload_json_to_hdfs.run_make_model scheduled__2024-12-05T22:00:00+00:00 [queued]>
[2024-12-06T08:06:24.753+0900] {taskinstance.py:2613} INFO - Dependencies all met for dep_context=requeueable deps ti=<TaskInstance: process_and_upload_json_to_hdfs.run_make_model scheduled__2024-12-05T22:00:00+00:00 [queued]>
[2024-12-06T08:06:24.753+0900] {taskinstance.py:2866} INFO - Starting attempt 1 of 2
[2024-12-06T08:06:24.768+0900] {taskinstance.py:2889} INFO - Executing <Task(BashOperator): run_make_model> on 2024-12-05 22:00:00+00:00
[2024-12-06T08:06:24.771+0900] {standard_task_runner.py:72} INFO - Started process 2282174 to run task
[2024-12-06T08:06:24.775+0900] {standard_task_runner.py:104} INFO - Running: ['airflow', 'tasks', 'run', 'process_and_upload_json_to_hdfs', 'run_make_model', 'scheduled__2024-12-05T22:00:00+00:00', '--job-id', '718', '--raw', '--subdir', 'DAGS_FOLDER/data_to_hdfs.py', '--cfg-path', '/tmp/tmp7wjd2o0o']
[2024-12-06T08:06:24.776+0900] {standard_task_runner.py:105} INFO - Job 718: Subtask run_make_model
[2024-12-06T08:06:24.809+0900] {task_command.py:467} INFO - Running <TaskInstance: process_and_upload_json_to_hdfs.run_make_model scheduled__2024-12-05T22:00:00+00:00 [running]> on host MN
[2024-12-06T08:06:24.877+0900] {taskinstance.py:3132} INFO - Exporting env vars: AIRFLOW_CTX_DAG_OWNER='airflow' AIRFLOW_CTX_DAG_ID='process_and_upload_json_to_hdfs' AIRFLOW_CTX_TASK_ID='run_make_model' AIRFLOW_CTX_EXECUTION_DATE='2024-12-05T22:00:00+00:00' AIRFLOW_CTX_TRY_NUMBER='1' AIRFLOW_CTX_DAG_RUN_ID='scheduled__2024-12-05T22:00:00+00:00'
[2024-12-06T08:06:24.877+0900] {taskinstance.py:731} INFO - ::endgroup::
[2024-12-06T08:06:24.891+0900] {subprocess.py:78} INFO - Tmp dir root location: /tmp
[2024-12-06T08:06:24.892+0900] {subprocess.py:88} INFO - Running command: ['/usr/bin/bash', '-c', '/laewon/spark/bin/spark-submit --master yarn --deploy-mode cluster /laewon/Riot/make_model.py']
[2024-12-06T08:06:24.898+0900] {subprocess.py:99} INFO - Output:
[2024-12-06T08:06:27.125+0900] {subprocess.py:106} INFO - 24/12/06 08:06:27 INFO DefaultNoHARMFailoverProxyProvider: Connecting to ResourceManager at MN/192.168.4.7:8032
[2024-12-06T08:06:27.822+0900] {subprocess.py:106} INFO - 24/12/06 08:06:27 INFO Configuration: resource-types.xml not found
[2024-12-06T08:06:27.822+0900] {subprocess.py:106} INFO - 24/12/06 08:06:27 INFO ResourceUtils: Unable to find 'resource-types.xml'.
[2024-12-06T08:06:27.836+0900] {subprocess.py:106} INFO - 24/12/06 08:06:27 INFO Client: Verifying our application has not requested more than the maximum memory capability of the cluster (819200 MB per container)
[2024-12-06T08:06:27.837+0900] {subprocess.py:106} INFO - 24/12/06 08:06:27 INFO Client: Will allocate AM container, with 1408 MB memory including 384 MB overhead
[2024-12-06T08:06:27.838+0900] {subprocess.py:106} INFO - 24/12/06 08:06:27 INFO Client: Setting up container launch context for our AM
[2024-12-06T08:06:27.841+0900] {subprocess.py:106} INFO - 24/12/06 08:06:27 INFO Client: Setting up the launch environment for our AM container
[2024-12-06T08:06:27.853+0900] {subprocess.py:106} INFO - 24/12/06 08:06:27 INFO Client: Preparing resources for our AM container
[2024-12-06T08:06:27.888+0900] {subprocess.py:106} INFO - 24/12/06 08:06:27 WARN Client: Neither spark.yarn.jars nor spark.yarn.archive is set, falling back to uploading libraries under SPARK_HOME.
[2024-12-06T08:06:30.744+0900] {subprocess.py:106} INFO - 24/12/06 08:06:30 INFO Client: Uploading resource file:/tmp/spark-91e9a78d-e325-4567-be83-aab24e498068/__spark_libs__7766504805196499330.zip -> hdfs://MN:9000/user/dke/.sparkStaging/application_1733127595631_0096/__spark_libs__7766504805196499330.zip
[2024-12-06T08:07:00.589+0900] {subprocess.py:106} INFO - 24/12/06 08:07:00 INFO Client: Uploading resource file:/laewon/Riot/make_model.py -> hdfs://MN:9000/user/dke/.sparkStaging/application_1733127595631_0096/make_model.py
[2024-12-06T08:07:00.619+0900] {subprocess.py:106} INFO - 24/12/06 08:07:00 INFO Client: Uploading resource file:/laewon/spark-3.5.1-bin-hadoop3/python/lib/pyspark.zip -> hdfs://MN:9000/user/dke/.sparkStaging/application_1733127595631_0096/pyspark.zip
[2024-12-06T08:07:00.888+0900] {subprocess.py:106} INFO - 24/12/06 08:07:00 INFO Client: Uploading resource file:/laewon/spark-3.5.1-bin-hadoop3/python/lib/py4j-0.10.9.7-src.zip -> hdfs://MN:9000/user/dke/.sparkStaging/application_1733127595631_0096/py4j-0.10.9.7-src.zip
[2024-12-06T08:07:01.091+0900] {subprocess.py:106} INFO - 24/12/06 08:07:01 INFO Client: Uploading resource file:/tmp/spark-91e9a78d-e325-4567-be83-aab24e498068/__spark_conf__14038095917933324327.zip -> hdfs://MN:9000/user/dke/.sparkStaging/application_1733127595631_0096/__spark_conf__.zip
[2024-12-06T08:07:01.167+0900] {subprocess.py:106} INFO - 24/12/06 08:07:01 INFO SecurityManager: Changing view acls to: dke
[2024-12-06T08:07:01.167+0900] {subprocess.py:106} INFO - 24/12/06 08:07:01 INFO SecurityManager: Changing modify acls to: dke
[2024-12-06T08:07:01.168+0900] {subprocess.py:106} INFO - 24/12/06 08:07:01 INFO SecurityManager: Changing view acls groups to:
[2024-12-06T08:07:01.168+0900] {subprocess.py:106} INFO - 24/12/06 08:07:01 INFO SecurityManager: Changing modify acls groups to:
[2024-12-06T08:07:01.169+0900] {subprocess.py:106} INFO - 24/12/06 08:07:01 INFO SecurityManager: SecurityManager: authentication disabled; ui acls disabled; users with view permissions: dke; groups with view permissions: EMPTY; users with modify permissions: dke; groups with modify permissions: EMPTY
[2024-12-06T08:07:01.209+0900] {subprocess.py:106} INFO - 24/12/06 08:07:01 INFO Client: Submitting application application_1733127595631_0096 to ResourceManager
[2024-12-06T08:07:01.254+0900] {subprocess.py:106} INFO - 24/12/06 08:07:01 INFO YarnClientImpl: Submitted application application_1733127595631_0096
[2024-12-06T08:07:02.257+0900] {subprocess.py:106} INFO - 24/12/06 08:07:02 INFO Client: Application report for application_1733127595631_0096 (state: ACCEPTED)
[2024-12-06T08:07:02.261+0900] {subprocess.py:106} INFO - 24/12/06 08:07:02 INFO Client:
[2024-12-06T08:07:02.262+0900] {subprocess.py:106} INFO - 	 client token: N/A
[2024-12-06T08:07:02.262+0900] {subprocess.py:106} INFO - 	 diagnostics: AM container is launched, waiting for AM container to Register with RM
[2024-12-06T08:07:02.262+0900] {subprocess.py:106} INFO - 	 ApplicationMaster host: N/A
[2024-12-06T08:07:02.262+0900] {subprocess.py:106} INFO - 	 ApplicationMaster RPC port: -1
[2024-12-06T08:07:02.263+0900] {subprocess.py:106} INFO - 	 queue: root.default
[2024-12-06T08:07:02.263+0900] {subprocess.py:106} INFO - 	 start time: 1733440021233
[2024-12-06T08:07:02.263+0900] {subprocess.py:106} INFO - 	 final status: UNDEFINED
[2024-12-06T08:07:02.263+0900] {subprocess.py:106} INFO - 	 tracking URL: http://MN:8088/proxy/application_1733127595631_0096/
[2024-12-06T08:07:02.264+0900] {subprocess.py:106} INFO - 	 user: dke
[2024-12-06T08:07:09.270+0900] {subprocess.py:106} INFO - 24/12/06 08:07:09 INFO Client: Application report for application_1733127595631_0096 (state: RUNNING)
[2024-12-06T08:07:09.271+0900] {subprocess.py:106} INFO - 24/12/06 08:07:09 INFO Client:
[2024-12-06T08:07:09.271+0900] {subprocess.py:106} INFO - 	 client token: N/A
[2024-12-06T08:07:09.272+0900] {subprocess.py:106} INFO - 	 diagnostics: N/A
[2024-12-06T08:07:09.272+0900] {subprocess.py:106} INFO - 	 ApplicationMaster host: SN06
[2024-12-06T08:07:09.272+0900] {subprocess.py:106} INFO - 	 ApplicationMaster RPC port: 32925
[2024-12-06T08:07:09.272+0900] {subprocess.py:106} INFO - 	 queue: root.default
[2024-12-06T08:07:09.273+0900] {subprocess.py:106} INFO - 	 start time: 1733440021233
[2024-12-06T08:07:09.273+0900] {subprocess.py:106} INFO - 	 final status: UNDEFINED
[2024-12-06T08:07:09.273+0900] {subprocess.py:106} INFO - 	 tracking URL: http://MN:8088/proxy/application_1733127595631_0096/
[2024-12-06T08:07:09.274+0900] {subprocess.py:106} INFO - 	 user: dke
[2024-12-06T08:07:39.308+0900] {subprocess.py:106} INFO - 24/12/06 08:07:39 INFO Client: Application report for application_1733127595631_0096 (state: RUNNING)
[2024-12-06T08:08:06.340+0900] {subprocess.py:106} INFO - 24/12/06 08:08:06 INFO Client: Application report for application_1733127595631_0096 (state: FINISHED)
[2024-12-06T08:08:06.340+0900] {subprocess.py:106} INFO - 24/12/06 08:08:06 INFO Client:
[2024-12-06T08:08:06.341+0900] {subprocess.py:106} INFO - 	 client token: N/A
[2024-12-06T08:08:06.341+0900] {subprocess.py:106} INFO - 	 diagnostics: N/A
[2024-12-06T08:08:06.341+0900] {subprocess.py:106} INFO - 	 ApplicationMaster host: SN06
[2024-12-06T08:08:06.341+0900] {subprocess.py:106} INFO - 	 ApplicationMaster RPC port: 32925
[2024-12-06T08:08:06.342+0900] {subprocess.py:106} INFO - 	 queue: root.default
[2024-12-06T08:08:06.342+0900] {subprocess.py:106} INFO - 	 start time: 1733440021233
[2024-12-06T08:08:06.342+0900] {subprocess.py:106} INFO - 	 final status: SUCCEEDED
[2024-12-06T08:08:06.342+0900] {subprocess.py:106} INFO - 	 tracking URL: http://MN:8088/proxy/application_1733127595631_0096/
[2024-12-06T08:08:06.343+0900] {subprocess.py:106} INFO - 	 user: dke
[2024-12-06T08:08:06.349+0900] {subprocess.py:106} INFO - 24/12/06 08:08:06 INFO ShutdownHookManager: Shutdown hook called
[2024-12-06T08:08:06.350+0900] {subprocess.py:106} INFO - 24/12/06 08:08:06 INFO ShutdownHookManager: Deleting directory /tmp/spark-9ab97311-0968-4214-a78e-cd1506feeea5
[2024-12-06T08:08:06.353+0900] {subprocess.py:106} INFO - 24/12/06 08:08:06 INFO ShutdownHookManager: Deleting directory /tmp/spark-91e9a78d-e325-4567-be83-aab24e498068
[2024-12-06T08:08:06.711+0900] {subprocess.py:110} INFO - Command exited with return code 0
[2024-12-06T08:08:06.734+0900] {taskinstance.py:340} INFO - ::group::Post task execution logs
[2024-12-06T08:08:06.734+0900] {taskinstance.py:352} INFO - Marking task as SUCCESS. dag_id=process_and_upload_json_to_hdfs, task_id=run_make_model, run_id=scheduled__2024-12-05T22:00:00+00:00, execution_date=20241205T220000, start_date=20241205T230624, end_date=20241205T230806
[2024-12-06T08:08:06.756+0900] {local_task_job_runner.py:266} INFO - Task exited with return code 0
[2024-12-06T08:08:06.766+0900] {taskinstance.py:3895} INFO - 0 downstream tasks scheduled from follow-on schedule check
[2024-12-06T08:08:06.766+0900] {local_task_job_runner.py:245} INFO - ::endgroup::
