[2024-12-04T23:06:24.693+0900] {local_task_job_runner.py:123} INFO - ::group::Pre task execution logs
[2024-12-04T23:06:24.703+0900] {taskinstance.py:2613} INFO - Dependencies all met for dep_context=non-requeueable deps ti=<TaskInstance: process_and_upload_json_to_hdfs.run_make_model scheduled__2024-12-04T13:00:00+00:00 [queued]>
[2024-12-04T23:06:24.710+0900] {taskinstance.py:2613} INFO - Dependencies all met for dep_context=requeueable deps ti=<TaskInstance: process_and_upload_json_to_hdfs.run_make_model scheduled__2024-12-04T13:00:00+00:00 [queued]>
[2024-12-04T23:06:24.710+0900] {taskinstance.py:2866} INFO - Starting attempt 1 of 2
[2024-12-04T23:06:24.726+0900] {taskinstance.py:2889} INFO - Executing <Task(BashOperator): run_make_model> on 2024-12-04 13:00:00+00:00
[2024-12-04T23:06:24.729+0900] {standard_task_runner.py:72} INFO - Started process 1295641 to run task
[2024-12-04T23:06:24.733+0900] {standard_task_runner.py:104} INFO - Running: ['airflow', 'tasks', 'run', 'process_and_upload_json_to_hdfs', 'run_make_model', 'scheduled__2024-12-04T13:00:00+00:00', '--job-id', '586', '--raw', '--subdir', 'DAGS_FOLDER/data_to_hdfs.py', '--cfg-path', '/tmp/tmpjz6266z4']
[2024-12-04T23:06:24.734+0900] {standard_task_runner.py:105} INFO - Job 586: Subtask run_make_model
[2024-12-04T23:06:24.768+0900] {task_command.py:467} INFO - Running <TaskInstance: process_and_upload_json_to_hdfs.run_make_model scheduled__2024-12-04T13:00:00+00:00 [running]> on host MN
[2024-12-04T23:06:24.836+0900] {taskinstance.py:3132} INFO - Exporting env vars: AIRFLOW_CTX_DAG_OWNER='airflow' AIRFLOW_CTX_DAG_ID='process_and_upload_json_to_hdfs' AIRFLOW_CTX_TASK_ID='run_make_model' AIRFLOW_CTX_EXECUTION_DATE='2024-12-04T13:00:00+00:00' AIRFLOW_CTX_TRY_NUMBER='1' AIRFLOW_CTX_DAG_RUN_ID='scheduled__2024-12-04T13:00:00+00:00'
[2024-12-04T23:06:24.836+0900] {taskinstance.py:731} INFO - ::endgroup::
[2024-12-04T23:06:24.850+0900] {subprocess.py:78} INFO - Tmp dir root location: /tmp
[2024-12-04T23:06:24.851+0900] {subprocess.py:88} INFO - Running command: ['/usr/bin/bash', '-c', '/laewon/spark/bin/spark-submit --master yarn --deploy-mode cluster /laewon/Riot/make_model.py']
[2024-12-04T23:06:24.857+0900] {subprocess.py:99} INFO - Output:
[2024-12-04T23:06:27.107+0900] {subprocess.py:106} INFO - 24/12/04 23:06:27 INFO DefaultNoHARMFailoverProxyProvider: Connecting to ResourceManager at MN/192.168.4.7:8032
[2024-12-04T23:06:27.808+0900] {subprocess.py:106} INFO - 24/12/04 23:06:27 INFO Configuration: resource-types.xml not found
[2024-12-04T23:06:27.808+0900] {subprocess.py:106} INFO - 24/12/04 23:06:27 INFO ResourceUtils: Unable to find 'resource-types.xml'.
[2024-12-04T23:06:27.822+0900] {subprocess.py:106} INFO - 24/12/04 23:06:27 INFO Client: Verifying our application has not requested more than the maximum memory capability of the cluster (819200 MB per container)
[2024-12-04T23:06:27.823+0900] {subprocess.py:106} INFO - 24/12/04 23:06:27 INFO Client: Will allocate AM container, with 1408 MB memory including 384 MB overhead
[2024-12-04T23:06:27.823+0900] {subprocess.py:106} INFO - 24/12/04 23:06:27 INFO Client: Setting up container launch context for our AM
[2024-12-04T23:06:27.827+0900] {subprocess.py:106} INFO - 24/12/04 23:06:27 INFO Client: Setting up the launch environment for our AM container
[2024-12-04T23:06:27.843+0900] {subprocess.py:106} INFO - 24/12/04 23:06:27 INFO Client: Preparing resources for our AM container
[2024-12-04T23:06:27.880+0900] {subprocess.py:106} INFO - 24/12/04 23:06:27 WARN Client: Neither spark.yarn.jars nor spark.yarn.archive is set, falling back to uploading libraries under SPARK_HOME.
[2024-12-04T23:06:30.767+0900] {subprocess.py:106} INFO - 24/12/04 23:06:30 INFO Client: Uploading resource file:/tmp/spark-8ad015e7-61a0-4747-8366-6398d3ce360a/__spark_libs__13108072650583737961.zip -> hdfs://MN:9000/user/dke/.sparkStaging/application_1733127595631_0063/__spark_libs__13108072650583737961.zip
[2024-12-04T23:07:00.212+0900] {subprocess.py:106} INFO - 24/12/04 23:07:00 INFO Client: Uploading resource file:/laewon/Riot/make_model.py -> hdfs://MN:9000/user/dke/.sparkStaging/application_1733127595631_0063/make_model.py
[2024-12-04T23:07:00.242+0900] {subprocess.py:106} INFO - 24/12/04 23:07:00 INFO Client: Uploading resource file:/laewon/spark-3.5.1-bin-hadoop3/python/lib/pyspark.zip -> hdfs://MN:9000/user/dke/.sparkStaging/application_1733127595631_0063/pyspark.zip
[2024-12-04T23:07:00.481+0900] {subprocess.py:106} INFO - 24/12/04 23:07:00 INFO Client: Uploading resource file:/laewon/spark-3.5.1-bin-hadoop3/python/lib/py4j-0.10.9.7-src.zip -> hdfs://MN:9000/user/dke/.sparkStaging/application_1733127595631_0063/py4j-0.10.9.7-src.zip
[2024-12-04T23:07:00.678+0900] {subprocess.py:106} INFO - 24/12/04 23:07:00 INFO Client: Uploading resource file:/tmp/spark-8ad015e7-61a0-4747-8366-6398d3ce360a/__spark_conf__5594658021479918114.zip -> hdfs://MN:9000/user/dke/.sparkStaging/application_1733127595631_0063/__spark_conf__.zip
[2024-12-04T23:07:00.760+0900] {subprocess.py:106} INFO - 24/12/04 23:07:00 INFO SecurityManager: Changing view acls to: dke
[2024-12-04T23:07:00.760+0900] {subprocess.py:106} INFO - 24/12/04 23:07:00 INFO SecurityManager: Changing modify acls to: dke
[2024-12-04T23:07:00.761+0900] {subprocess.py:106} INFO - 24/12/04 23:07:00 INFO SecurityManager: Changing view acls groups to:
[2024-12-04T23:07:00.761+0900] {subprocess.py:106} INFO - 24/12/04 23:07:00 INFO SecurityManager: Changing modify acls groups to:
[2024-12-04T23:07:00.762+0900] {subprocess.py:106} INFO - 24/12/04 23:07:00 INFO SecurityManager: SecurityManager: authentication disabled; ui acls disabled; users with view permissions: dke; groups with view permissions: EMPTY; users with modify permissions: dke; groups with modify permissions: EMPTY
[2024-12-04T23:07:00.798+0900] {subprocess.py:106} INFO - 24/12/04 23:07:00 INFO Client: Submitting application application_1733127595631_0063 to ResourceManager
[2024-12-04T23:07:00.842+0900] {subprocess.py:106} INFO - 24/12/04 23:07:00 INFO YarnClientImpl: Submitted application application_1733127595631_0063
[2024-12-04T23:07:01.845+0900] {subprocess.py:106} INFO - 24/12/04 23:07:01 INFO Client: Application report for application_1733127595631_0063 (state: ACCEPTED)
[2024-12-04T23:07:01.849+0900] {subprocess.py:106} INFO - 24/12/04 23:07:01 INFO Client:
[2024-12-04T23:07:01.849+0900] {subprocess.py:106} INFO - 	 client token: N/A
[2024-12-04T23:07:01.849+0900] {subprocess.py:106} INFO - 	 diagnostics: AM container is launched, waiting for AM container to Register with RM
[2024-12-04T23:07:01.849+0900] {subprocess.py:106} INFO - 	 ApplicationMaster host: N/A
[2024-12-04T23:07:01.850+0900] {subprocess.py:106} INFO - 	 ApplicationMaster RPC port: -1
[2024-12-04T23:07:01.850+0900] {subprocess.py:106} INFO - 	 queue: root.default
[2024-12-04T23:07:01.850+0900] {subprocess.py:106} INFO - 	 start time: 1733321220821
[2024-12-04T23:07:01.850+0900] {subprocess.py:106} INFO - 	 final status: UNDEFINED
[2024-12-04T23:07:01.851+0900] {subprocess.py:106} INFO - 	 tracking URL: http://MN:8088/proxy/application_1733127595631_0063/
[2024-12-04T23:07:01.851+0900] {subprocess.py:106} INFO - 	 user: dke
[2024-12-04T23:07:08.859+0900] {subprocess.py:106} INFO - 24/12/04 23:07:08 INFO Client: Application report for application_1733127595631_0063 (state: RUNNING)
[2024-12-04T23:07:08.859+0900] {subprocess.py:106} INFO - 24/12/04 23:07:08 INFO Client:
[2024-12-04T23:07:08.859+0900] {subprocess.py:106} INFO - 	 client token: N/A
[2024-12-04T23:07:08.860+0900] {subprocess.py:106} INFO - 	 diagnostics: N/A
[2024-12-04T23:07:08.860+0900] {subprocess.py:106} INFO - 	 ApplicationMaster host: SN02
[2024-12-04T23:07:08.860+0900] {subprocess.py:106} INFO - 	 ApplicationMaster RPC port: 33083
[2024-12-04T23:07:08.860+0900] {subprocess.py:106} INFO - 	 queue: root.default
[2024-12-04T23:07:08.861+0900] {subprocess.py:106} INFO - 	 start time: 1733321220821
[2024-12-04T23:07:08.861+0900] {subprocess.py:106} INFO - 	 final status: UNDEFINED
[2024-12-04T23:07:08.861+0900] {subprocess.py:106} INFO - 	 tracking URL: http://MN:8088/proxy/application_1733127595631_0063/
[2024-12-04T23:07:08.862+0900] {subprocess.py:106} INFO - 	 user: dke
[2024-12-04T23:07:38.897+0900] {subprocess.py:106} INFO - 24/12/04 23:07:38 INFO Client: Application report for application_1733127595631_0063 (state: RUNNING)
[2024-12-04T23:08:06.931+0900] {subprocess.py:106} INFO - 24/12/04 23:08:06 INFO Client: Application report for application_1733127595631_0063 (state: FINISHED)
[2024-12-04T23:08:06.932+0900] {subprocess.py:106} INFO - 24/12/04 23:08:06 INFO Client:
[2024-12-04T23:08:06.932+0900] {subprocess.py:106} INFO - 	 client token: N/A
[2024-12-04T23:08:06.932+0900] {subprocess.py:106} INFO - 	 diagnostics: N/A
[2024-12-04T23:08:06.932+0900] {subprocess.py:106} INFO - 	 ApplicationMaster host: SN02
[2024-12-04T23:08:06.933+0900] {subprocess.py:106} INFO - 	 ApplicationMaster RPC port: 33083
[2024-12-04T23:08:06.933+0900] {subprocess.py:106} INFO - 	 queue: root.default
[2024-12-04T23:08:06.933+0900] {subprocess.py:106} INFO - 	 start time: 1733321220821
[2024-12-04T23:08:06.933+0900] {subprocess.py:106} INFO - 	 final status: SUCCEEDED
[2024-12-04T23:08:06.934+0900] {subprocess.py:106} INFO - 	 tracking URL: http://MN:8088/proxy/application_1733127595631_0063/
[2024-12-04T23:08:06.934+0900] {subprocess.py:106} INFO - 	 user: dke
[2024-12-04T23:08:06.941+0900] {subprocess.py:106} INFO - 24/12/04 23:08:06 INFO Client: Deleted staging directory hdfs://MN:9000/user/dke/.sparkStaging/application_1733127595631_0063
[2024-12-04T23:08:06.945+0900] {subprocess.py:106} INFO - 24/12/04 23:08:06 INFO ShutdownHookManager: Shutdown hook called
[2024-12-04T23:08:06.946+0900] {subprocess.py:106} INFO - 24/12/04 23:08:06 INFO ShutdownHookManager: Deleting directory /tmp/spark-ef7a53d7-4d93-4063-b9af-f638c3f2c6dc
[2024-12-04T23:08:06.949+0900] {subprocess.py:106} INFO - 24/12/04 23:08:06 INFO ShutdownHookManager: Deleting directory /tmp/spark-8ad015e7-61a0-4747-8366-6398d3ce360a
[2024-12-04T23:08:07.305+0900] {subprocess.py:110} INFO - Command exited with return code 0
[2024-12-04T23:08:07.329+0900] {taskinstance.py:340} INFO - ::group::Post task execution logs
[2024-12-04T23:08:07.330+0900] {taskinstance.py:352} INFO - Marking task as SUCCESS. dag_id=process_and_upload_json_to_hdfs, task_id=run_make_model, run_id=scheduled__2024-12-04T13:00:00+00:00, execution_date=20241204T130000, start_date=20241204T140624, end_date=20241204T140807
[2024-12-04T23:08:07.373+0900] {local_task_job_runner.py:266} INFO - Task exited with return code 0
[2024-12-04T23:08:07.383+0900] {taskinstance.py:3895} INFO - 0 downstream tasks scheduled from follow-on schedule check
[2024-12-04T23:08:07.383+0900] {local_task_job_runner.py:245} INFO - ::endgroup::
