[2024-12-04T22:00:11.377+0900] {local_task_job_runner.py:123} INFO - ::group::Pre task execution logs
[2024-12-04T22:00:11.387+0900] {taskinstance.py:2613} INFO - Dependencies all met for dep_context=non-requeueable deps ti=<TaskInstance: process_and_upload_json_to_hdfs.save_champion_to_hdfs scheduled__2024-12-04T12:00:00+00:00 [queued]>
[2024-12-04T22:00:11.393+0900] {taskinstance.py:2613} INFO - Dependencies all met for dep_context=requeueable deps ti=<TaskInstance: process_and_upload_json_to_hdfs.save_champion_to_hdfs scheduled__2024-12-04T12:00:00+00:00 [queued]>
[2024-12-04T22:00:11.394+0900] {taskinstance.py:2866} INFO - Starting attempt 1 of 2
[2024-12-04T22:00:11.409+0900] {taskinstance.py:2889} INFO - Executing <Task(BashOperator): save_champion_to_hdfs> on 2024-12-04 12:00:00+00:00
[2024-12-04T22:00:11.412+0900] {standard_task_runner.py:72} INFO - Started process 1255230 to run task
[2024-12-04T22:00:11.416+0900] {standard_task_runner.py:104} INFO - Running: ['airflow', 'tasks', 'run', 'process_and_upload_json_to_hdfs', 'save_champion_to_hdfs', 'scheduled__2024-12-04T12:00:00+00:00', '--job-id', '581', '--raw', '--subdir', 'DAGS_FOLDER/data_to_hdfs.py', '--cfg-path', '/tmp/tmptdxqm2oy']
[2024-12-04T22:00:11.417+0900] {standard_task_runner.py:105} INFO - Job 581: Subtask save_champion_to_hdfs
[2024-12-04T22:00:11.450+0900] {task_command.py:467} INFO - Running <TaskInstance: process_and_upload_json_to_hdfs.save_champion_to_hdfs scheduled__2024-12-04T12:00:00+00:00 [running]> on host MN
[2024-12-04T22:00:11.517+0900] {taskinstance.py:3132} INFO - Exporting env vars: AIRFLOW_CTX_DAG_OWNER='airflow' AIRFLOW_CTX_DAG_ID='process_and_upload_json_to_hdfs' AIRFLOW_CTX_TASK_ID='save_champion_to_hdfs' AIRFLOW_CTX_EXECUTION_DATE='2024-12-04T12:00:00+00:00' AIRFLOW_CTX_TRY_NUMBER='1' AIRFLOW_CTX_DAG_RUN_ID='scheduled__2024-12-04T12:00:00+00:00'
[2024-12-04T22:00:11.518+0900] {taskinstance.py:731} INFO - ::endgroup::
[2024-12-04T22:00:11.532+0900] {subprocess.py:78} INFO - Tmp dir root location: /tmp
[2024-12-04T22:00:11.533+0900] {subprocess.py:88} INFO - Running command: ['/usr/bin/bash', '-c', 'for champion_file in /laewon/Riot/output/champion_*.csv; do   hdfs dfs -put -f $champion_file /data/$(basename $champion_file); done']
[2024-12-04T22:00:11.539+0900] {subprocess.py:99} INFO - Output:
[2024-12-04T22:06:20.674+0900] {subprocess.py:110} INFO - Command exited with return code 0
[2024-12-04T22:06:20.695+0900] {taskinstance.py:340} INFO - ::group::Post task execution logs
[2024-12-04T22:06:20.696+0900] {taskinstance.py:352} INFO - Marking task as SUCCESS. dag_id=process_and_upload_json_to_hdfs, task_id=save_champion_to_hdfs, run_id=scheduled__2024-12-04T12:00:00+00:00, execution_date=20241204T120000, start_date=20241204T130011, end_date=20241204T130620
[2024-12-04T22:06:20.730+0900] {local_task_job_runner.py:266} INFO - Task exited with return code 0
[2024-12-04T22:06:20.744+0900] {taskinstance.py:3895} INFO - 1 downstream tasks scheduled from follow-on schedule check
[2024-12-04T22:06:20.749+0900] {local_task_job_runner.py:245} INFO - ::endgroup::
