[2024-12-02T22:06:37.101+0900] {local_task_job_runner.py:123} INFO - ::group::Pre task execution logs
[2024-12-02T22:06:37.111+0900] {taskinstance.py:2613} INFO - Dependencies all met for dep_context=non-requeueable deps ti=<TaskInstance: process_and_upload_json_to_hdfs.run_make_model scheduled__2024-12-02T12:00:00+00:00 [queued]>
[2024-12-02T22:06:37.118+0900] {taskinstance.py:2613} INFO - Dependencies all met for dep_context=requeueable deps ti=<TaskInstance: process_and_upload_json_to_hdfs.run_make_model scheduled__2024-12-02T12:00:00+00:00 [queued]>
[2024-12-02T22:06:37.118+0900] {taskinstance.py:2866} INFO - Starting attempt 1 of 2
[2024-12-02T22:06:37.133+0900] {taskinstance.py:2889} INFO - Executing <Task(BashOperator): run_make_model> on 2024-12-02 12:00:00+00:00
[2024-12-02T22:06:37.136+0900] {standard_task_runner.py:72} INFO - Started process 123553 to run task
[2024-12-02T22:06:37.140+0900] {standard_task_runner.py:104} INFO - Running: ['airflow', 'tasks', 'run', 'process_and_upload_json_to_hdfs', 'run_make_model', 'scheduled__2024-12-02T12:00:00+00:00', '--job-id', '388', '--raw', '--subdir', 'DAGS_FOLDER/data_to_hdfs.py', '--cfg-path', '/tmp/tmpmarh3fgs']
[2024-12-02T22:06:37.141+0900] {standard_task_runner.py:105} INFO - Job 388: Subtask run_make_model
[2024-12-02T22:06:37.174+0900] {task_command.py:467} INFO - Running <TaskInstance: process_and_upload_json_to_hdfs.run_make_model scheduled__2024-12-02T12:00:00+00:00 [running]> on host MN
[2024-12-02T22:06:37.240+0900] {taskinstance.py:3132} INFO - Exporting env vars: AIRFLOW_CTX_DAG_OWNER='airflow' AIRFLOW_CTX_DAG_ID='process_and_upload_json_to_hdfs' AIRFLOW_CTX_TASK_ID='run_make_model' AIRFLOW_CTX_EXECUTION_DATE='2024-12-02T12:00:00+00:00' AIRFLOW_CTX_TRY_NUMBER='1' AIRFLOW_CTX_DAG_RUN_ID='scheduled__2024-12-02T12:00:00+00:00'
[2024-12-02T22:06:37.241+0900] {taskinstance.py:731} INFO - ::endgroup::
[2024-12-02T22:06:37.255+0900] {subprocess.py:78} INFO - Tmp dir root location: /tmp
[2024-12-02T22:06:37.255+0900] {subprocess.py:88} INFO - Running command: ['/usr/bin/bash', '-c', '/laewon/spark/bin/spark-submit --master yarn --deploy-mode cluster /laewon/Riot/make_model.py']
[2024-12-02T22:06:37.262+0900] {subprocess.py:99} INFO - Output:
[2024-12-02T22:06:39.482+0900] {subprocess.py:106} INFO - 24/12/02 22:06:39 INFO DefaultNoHARMFailoverProxyProvider: Connecting to ResourceManager at MN/192.168.4.7:8032
[2024-12-02T22:06:40.171+0900] {subprocess.py:106} INFO - 24/12/02 22:06:40 INFO Configuration: resource-types.xml not found
[2024-12-02T22:06:40.172+0900] {subprocess.py:106} INFO - 24/12/02 22:06:40 INFO ResourceUtils: Unable to find 'resource-types.xml'.
[2024-12-02T22:06:40.186+0900] {subprocess.py:106} INFO - 24/12/02 22:06:40 INFO Client: Verifying our application has not requested more than the maximum memory capability of the cluster (819200 MB per container)
[2024-12-02T22:06:40.187+0900] {subprocess.py:106} INFO - 24/12/02 22:06:40 INFO Client: Will allocate AM container, with 1408 MB memory including 384 MB overhead
[2024-12-02T22:06:40.187+0900] {subprocess.py:106} INFO - 24/12/02 22:06:40 INFO Client: Setting up container launch context for our AM
[2024-12-02T22:06:40.192+0900] {subprocess.py:106} INFO - 24/12/02 22:06:40 INFO Client: Setting up the launch environment for our AM container
[2024-12-02T22:06:40.204+0900] {subprocess.py:106} INFO - 24/12/02 22:06:40 INFO Client: Preparing resources for our AM container
[2024-12-02T22:06:40.240+0900] {subprocess.py:106} INFO - 24/12/02 22:06:40 WARN Client: Neither spark.yarn.jars nor spark.yarn.archive is set, falling back to uploading libraries under SPARK_HOME.
[2024-12-02T22:06:43.111+0900] {subprocess.py:106} INFO - 24/12/02 22:06:43 INFO Client: Uploading resource file:/tmp/spark-f7a4368f-5fd2-4628-ac33-d41c9b9f2fbb/__spark_libs__5563421385400230933.zip -> hdfs://MN:9000/user/dke/.sparkStaging/application_1733127595631_0008/__spark_libs__5563421385400230933.zip
[2024-12-02T22:07:13.049+0900] {subprocess.py:106} INFO - 24/12/02 22:07:13 INFO Client: Uploading resource file:/laewon/Riot/make_model.py -> hdfs://MN:9000/user/dke/.sparkStaging/application_1733127595631_0008/make_model.py
[2024-12-02T22:07:13.090+0900] {subprocess.py:106} INFO - 24/12/02 22:07:13 INFO Client: Uploading resource file:/laewon/spark-3.5.1-bin-hadoop3/python/lib/pyspark.zip -> hdfs://MN:9000/user/dke/.sparkStaging/application_1733127595631_0008/pyspark.zip
[2024-12-02T22:07:13.329+0900] {subprocess.py:106} INFO - 24/12/02 22:07:13 INFO Client: Uploading resource file:/laewon/spark-3.5.1-bin-hadoop3/python/lib/py4j-0.10.9.7-src.zip -> hdfs://MN:9000/user/dke/.sparkStaging/application_1733127595631_0008/py4j-0.10.9.7-src.zip
[2024-12-02T22:07:13.527+0900] {subprocess.py:106} INFO - 24/12/02 22:07:13 INFO Client: Uploading resource file:/tmp/spark-f7a4368f-5fd2-4628-ac33-d41c9b9f2fbb/__spark_conf__17426818901202935859.zip -> hdfs://MN:9000/user/dke/.sparkStaging/application_1733127595631_0008/__spark_conf__.zip
[2024-12-02T22:07:13.611+0900] {subprocess.py:106} INFO - 24/12/02 22:07:13 INFO SecurityManager: Changing view acls to: dke
[2024-12-02T22:07:13.612+0900] {subprocess.py:106} INFO - 24/12/02 22:07:13 INFO SecurityManager: Changing modify acls to: dke
[2024-12-02T22:07:13.612+0900] {subprocess.py:106} INFO - 24/12/02 22:07:13 INFO SecurityManager: Changing view acls groups to:
[2024-12-02T22:07:13.613+0900] {subprocess.py:106} INFO - 24/12/02 22:07:13 INFO SecurityManager: Changing modify acls groups to:
[2024-12-02T22:07:13.613+0900] {subprocess.py:106} INFO - 24/12/02 22:07:13 INFO SecurityManager: SecurityManager: authentication disabled; ui acls disabled; users with view permissions: dke; groups with view permissions: EMPTY; users with modify permissions: dke; groups with modify permissions: EMPTY
[2024-12-02T22:07:13.649+0900] {subprocess.py:106} INFO - 24/12/02 22:07:13 INFO Client: Submitting application application_1733127595631_0008 to ResourceManager
[2024-12-02T22:07:13.695+0900] {subprocess.py:106} INFO - 24/12/02 22:07:13 INFO YarnClientImpl: Submitted application application_1733127595631_0008
[2024-12-02T22:07:14.697+0900] {subprocess.py:106} INFO - 24/12/02 22:07:14 INFO Client: Application report for application_1733127595631_0008 (state: ACCEPTED)
[2024-12-02T22:07:14.701+0900] {subprocess.py:106} INFO - 24/12/02 22:07:14 INFO Client:
[2024-12-02T22:07:14.702+0900] {subprocess.py:106} INFO - 	 client token: N/A
[2024-12-02T22:07:14.702+0900] {subprocess.py:106} INFO - 	 diagnostics: AM container is launched, waiting for AM container to Register with RM
[2024-12-02T22:07:14.702+0900] {subprocess.py:106} INFO - 	 ApplicationMaster host: N/A
[2024-12-02T22:07:14.702+0900] {subprocess.py:106} INFO - 	 ApplicationMaster RPC port: -1
[2024-12-02T22:07:14.703+0900] {subprocess.py:106} INFO - 	 queue: root.default
[2024-12-02T22:07:14.703+0900] {subprocess.py:106} INFO - 	 start time: 1733144833673
[2024-12-02T22:07:14.703+0900] {subprocess.py:106} INFO - 	 final status: UNDEFINED
[2024-12-02T22:07:14.703+0900] {subprocess.py:106} INFO - 	 tracking URL: http://MN:8088/proxy/application_1733127595631_0008/
[2024-12-02T22:07:14.704+0900] {subprocess.py:106} INFO - 	 user: dke
[2024-12-02T22:07:39.737+0900] {subprocess.py:106} INFO - 24/12/02 22:07:39 INFO Client: Application report for application_1733127595631_0008 (state: RUNNING)
[2024-12-02T22:07:39.737+0900] {subprocess.py:106} INFO - 24/12/02 22:07:39 INFO Client:
[2024-12-02T22:07:39.737+0900] {subprocess.py:106} INFO - 	 client token: N/A
[2024-12-02T22:07:39.738+0900] {subprocess.py:106} INFO - 	 diagnostics: N/A
[2024-12-02T22:07:39.738+0900] {subprocess.py:106} INFO - 	 ApplicationMaster host: SN03
[2024-12-02T22:07:39.738+0900] {subprocess.py:106} INFO - 	 ApplicationMaster RPC port: 39197
[2024-12-02T22:07:39.738+0900] {subprocess.py:106} INFO - 	 queue: root.default
[2024-12-02T22:07:39.739+0900] {subprocess.py:106} INFO - 	 start time: 1733144833673
[2024-12-02T22:07:39.739+0900] {subprocess.py:106} INFO - 	 final status: UNDEFINED
[2024-12-02T22:07:39.739+0900] {subprocess.py:106} INFO - 	 tracking URL: http://MN:8088/proxy/application_1733127595631_0008/
[2024-12-02T22:07:39.740+0900] {subprocess.py:106} INFO - 	 user: dke
[2024-12-02T22:08:09.775+0900] {subprocess.py:106} INFO - 24/12/02 22:08:09 INFO Client: Application report for application_1733127595631_0008 (state: RUNNING)
[2024-12-02T22:08:37.811+0900] {subprocess.py:106} INFO - 24/12/02 22:08:37 INFO Client: Application report for application_1733127595631_0008 (state: FINISHED)
[2024-12-02T22:08:37.812+0900] {subprocess.py:106} INFO - 24/12/02 22:08:37 INFO Client:
[2024-12-02T22:08:37.812+0900] {subprocess.py:106} INFO - 	 client token: N/A
[2024-12-02T22:08:37.812+0900] {subprocess.py:106} INFO - 	 diagnostics: N/A
[2024-12-02T22:08:37.812+0900] {subprocess.py:106} INFO - 	 ApplicationMaster host: SN03
[2024-12-02T22:08:37.813+0900] {subprocess.py:106} INFO - 	 ApplicationMaster RPC port: 39197
[2024-12-02T22:08:37.813+0900] {subprocess.py:106} INFO - 	 queue: root.default
[2024-12-02T22:08:37.813+0900] {subprocess.py:106} INFO - 	 start time: 1733144833673
[2024-12-02T22:08:37.814+0900] {subprocess.py:106} INFO - 	 final status: SUCCEEDED
[2024-12-02T22:08:37.814+0900] {subprocess.py:106} INFO - 	 tracking URL: http://MN:8088/proxy/application_1733127595631_0008/
[2024-12-02T22:08:37.814+0900] {subprocess.py:106} INFO - 	 user: dke
[2024-12-02T22:08:37.821+0900] {subprocess.py:106} INFO - 24/12/02 22:08:37 INFO ShutdownHookManager: Shutdown hook called
[2024-12-02T22:08:37.822+0900] {subprocess.py:106} INFO - 24/12/02 22:08:37 INFO ShutdownHookManager: Deleting directory /tmp/spark-51c1ccca-bc59-4b36-8f15-35138598e43b
[2024-12-02T22:08:37.824+0900] {subprocess.py:106} INFO - 24/12/02 22:08:37 INFO ShutdownHookManager: Deleting directory /tmp/spark-f7a4368f-5fd2-4628-ac33-d41c9b9f2fbb
[2024-12-02T22:08:38.181+0900] {subprocess.py:110} INFO - Command exited with return code 0
[2024-12-02T22:08:38.201+0900] {taskinstance.py:340} INFO - ::group::Post task execution logs
[2024-12-02T22:08:38.201+0900] {taskinstance.py:352} INFO - Marking task as SUCCESS. dag_id=process_and_upload_json_to_hdfs, task_id=run_make_model, run_id=scheduled__2024-12-02T12:00:00+00:00, execution_date=20241202T120000, start_date=20241202T130637, end_date=20241202T130838
[2024-12-02T22:08:38.247+0900] {local_task_job_runner.py:266} INFO - Task exited with return code 0
[2024-12-02T22:08:38.257+0900] {taskinstance.py:3895} INFO - 0 downstream tasks scheduled from follow-on schedule check
[2024-12-02T22:08:38.258+0900] {local_task_job_runner.py:245} INFO - ::endgroup::
