[2024-11-14T19:21:52.580+0900] {local_task_job_runner.py:123} INFO - ::group::Pre task execution logs
[2024-11-14T19:21:52.590+0900] {taskinstance.py:2613} INFO - Dependencies all met for dep_context=non-requeueable deps ti=<TaskInstance: first_dag.first_task scheduled__2024-11-14T08:46:00+00:00 [queued]>
[2024-11-14T19:21:52.597+0900] {taskinstance.py:2613} INFO - Dependencies all met for dep_context=requeueable deps ti=<TaskInstance: first_dag.first_task scheduled__2024-11-14T08:46:00+00:00 [queued]>
[2024-11-14T19:21:52.597+0900] {taskinstance.py:2866} INFO - Starting attempt 1 of 6
[2024-11-14T19:21:52.611+0900] {taskinstance.py:2889} INFO - Executing <Task(BashOperator): first_task> on 2024-11-14 08:46:00+00:00
[2024-11-14T19:21:52.613+0900] {standard_task_runner.py:72} INFO - Started process 2372282 to run task
[2024-11-14T19:21:52.617+0900] {standard_task_runner.py:104} INFO - Running: ['airflow', 'tasks', 'run', 'first_dag', 'first_task', 'scheduled__2024-11-14T08:46:00+00:00', '--job-id', '125', '--raw', '--subdir', 'DAGS_FOLDER/first_dag.py', '--cfg-path', '/tmp/tmp95w34vpw']
[2024-11-14T19:21:52.618+0900] {standard_task_runner.py:105} INFO - Job 125: Subtask first_task
[2024-11-14T19:21:52.651+0900] {task_command.py:467} INFO - Running <TaskInstance: first_dag.first_task scheduled__2024-11-14T08:46:00+00:00 [running]> on host MN
[2024-11-14T19:21:52.718+0900] {taskinstance.py:3132} INFO - Exporting env vars: AIRFLOW_CTX_DAG_OWNER='coder2j' AIRFLOW_CTX_DAG_ID='first_dag' AIRFLOW_CTX_TASK_ID='first_task' AIRFLOW_CTX_EXECUTION_DATE='2024-11-14T08:46:00+00:00' AIRFLOW_CTX_TRY_NUMBER='1' AIRFLOW_CTX_DAG_RUN_ID='scheduled__2024-11-14T08:46:00+00:00'
[2024-11-14T19:21:52.719+0900] {taskinstance.py:731} INFO - ::endgroup::
[2024-11-14T19:21:52.734+0900] {subprocess.py:78} INFO - Tmp dir root location: /tmp
[2024-11-14T19:21:52.735+0900] {subprocess.py:88} INFO - Running command: ['/usr/bin/bash', '-c', 'echo hello world, this is the fist task!']
[2024-11-14T19:21:52.740+0900] {subprocess.py:99} INFO - Output:
[2024-11-14T19:21:52.741+0900] {subprocess.py:106} INFO - hello world, this is the fist task!
[2024-11-14T19:21:52.741+0900] {subprocess.py:110} INFO - Command exited with return code 0
[2024-11-14T19:21:52.759+0900] {taskinstance.py:340} INFO - ::group::Post task execution logs
[2024-11-14T19:21:52.760+0900] {taskinstance.py:352} INFO - Marking task as SUCCESS. dag_id=first_dag, task_id=first_task, run_id=scheduled__2024-11-14T08:46:00+00:00, execution_date=20241114T084600, start_date=20241114T102152, end_date=20241114T102152
[2024-11-14T19:21:52.789+0900] {local_task_job_runner.py:266} INFO - Task exited with return code 0
[2024-11-14T19:21:52.801+0900] {taskinstance.py:3895} INFO - 0 downstream tasks scheduled from follow-on schedule check
[2024-11-14T19:21:52.801+0900] {local_task_job_runner.py:245} INFO - ::endgroup::
