[2024-12-05T22:06:38.806+0900] {local_task_job_runner.py:123} INFO - ::group::Pre task execution logs
[2024-12-05T22:06:38.816+0900] {taskinstance.py:2613} INFO - Dependencies all met for dep_context=non-requeueable deps ti=<TaskInstance: process_and_upload_json_to_hdfs.run_make_model scheduled__2024-12-05T12:00:00+00:00 [queued]>
[2024-12-05T22:06:38.823+0900] {taskinstance.py:2613} INFO - Dependencies all met for dep_context=requeueable deps ti=<TaskInstance: process_and_upload_json_to_hdfs.run_make_model scheduled__2024-12-05T12:00:00+00:00 [queued]>
[2024-12-05T22:06:38.823+0900] {taskinstance.py:2866} INFO - Starting attempt 1 of 2
[2024-12-05T22:06:38.838+0900] {taskinstance.py:2889} INFO - Executing <Task(BashOperator): run_make_model> on 2024-12-05 12:00:00+00:00
[2024-12-05T22:06:38.841+0900] {standard_task_runner.py:72} INFO - Started process 1999001 to run task
[2024-12-05T22:06:38.845+0900] {standard_task_runner.py:104} INFO - Running: ['airflow', 'tasks', 'run', 'process_and_upload_json_to_hdfs', 'run_make_model', 'scheduled__2024-12-05T12:00:00+00:00', '--job-id', '678', '--raw', '--subdir', 'DAGS_FOLDER/data_to_hdfs.py', '--cfg-path', '/tmp/tmpdphzaiuw']
[2024-12-05T22:06:38.846+0900] {standard_task_runner.py:105} INFO - Job 678: Subtask run_make_model
[2024-12-05T22:06:38.879+0900] {task_command.py:467} INFO - Running <TaskInstance: process_and_upload_json_to_hdfs.run_make_model scheduled__2024-12-05T12:00:00+00:00 [running]> on host MN
[2024-12-05T22:06:38.947+0900] {taskinstance.py:3132} INFO - Exporting env vars: AIRFLOW_CTX_DAG_OWNER='airflow' AIRFLOW_CTX_DAG_ID='process_and_upload_json_to_hdfs' AIRFLOW_CTX_TASK_ID='run_make_model' AIRFLOW_CTX_EXECUTION_DATE='2024-12-05T12:00:00+00:00' AIRFLOW_CTX_TRY_NUMBER='1' AIRFLOW_CTX_DAG_RUN_ID='scheduled__2024-12-05T12:00:00+00:00'
[2024-12-05T22:06:38.948+0900] {taskinstance.py:731} INFO - ::endgroup::
[2024-12-05T22:06:38.962+0900] {subprocess.py:78} INFO - Tmp dir root location: /tmp
[2024-12-05T22:06:38.962+0900] {subprocess.py:88} INFO - Running command: ['/usr/bin/bash', '-c', '/laewon/spark/bin/spark-submit --master yarn --deploy-mode cluster /laewon/Riot/make_model.py']
[2024-12-05T22:06:38.969+0900] {subprocess.py:99} INFO - Output:
[2024-12-05T22:06:41.198+0900] {subprocess.py:106} INFO - 24/12/05 22:06:41 INFO DefaultNoHARMFailoverProxyProvider: Connecting to ResourceManager at MN/192.168.4.7:8032
[2024-12-05T22:06:41.894+0900] {subprocess.py:106} INFO - 24/12/05 22:06:41 INFO Configuration: resource-types.xml not found
[2024-12-05T22:06:41.894+0900] {subprocess.py:106} INFO - 24/12/05 22:06:41 INFO ResourceUtils: Unable to find 'resource-types.xml'.
[2024-12-05T22:06:41.908+0900] {subprocess.py:106} INFO - 24/12/05 22:06:41 INFO Client: Verifying our application has not requested more than the maximum memory capability of the cluster (819200 MB per container)
[2024-12-05T22:06:41.909+0900] {subprocess.py:106} INFO - 24/12/05 22:06:41 INFO Client: Will allocate AM container, with 1408 MB memory including 384 MB overhead
[2024-12-05T22:06:41.909+0900] {subprocess.py:106} INFO - 24/12/05 22:06:41 INFO Client: Setting up container launch context for our AM
[2024-12-05T22:06:41.913+0900] {subprocess.py:106} INFO - 24/12/05 22:06:41 INFO Client: Setting up the launch environment for our AM container
[2024-12-05T22:06:41.924+0900] {subprocess.py:106} INFO - 24/12/05 22:06:41 INFO Client: Preparing resources for our AM container
[2024-12-05T22:06:41.958+0900] {subprocess.py:106} INFO - 24/12/05 22:06:41 WARN Client: Neither spark.yarn.jars nor spark.yarn.archive is set, falling back to uploading libraries under SPARK_HOME.
[2024-12-05T22:06:44.780+0900] {subprocess.py:106} INFO - 24/12/05 22:06:44 INFO Client: Uploading resource file:/tmp/spark-b59bf290-f5f4-4030-ae33-03ebecac9059/__spark_libs__9965129452055236368.zip -> hdfs://MN:9000/user/dke/.sparkStaging/application_1733127595631_0086/__spark_libs__9965129452055236368.zip
[2024-12-05T22:07:18.318+0900] {subprocess.py:106} INFO - 24/12/05 22:07:18 INFO Client: Uploading resource file:/laewon/Riot/make_model.py -> hdfs://MN:9000/user/dke/.sparkStaging/application_1733127595631_0086/make_model.py
[2024-12-05T22:07:18.349+0900] {subprocess.py:106} INFO - 24/12/05 22:07:18 INFO Client: Uploading resource file:/laewon/spark-3.5.1-bin-hadoop3/python/lib/pyspark.zip -> hdfs://MN:9000/user/dke/.sparkStaging/application_1733127595631_0086/pyspark.zip
[2024-12-05T22:07:18.598+0900] {subprocess.py:106} INFO - 24/12/05 22:07:18 INFO Client: Uploading resource file:/laewon/spark-3.5.1-bin-hadoop3/python/lib/py4j-0.10.9.7-src.zip -> hdfs://MN:9000/user/dke/.sparkStaging/application_1733127595631_0086/py4j-0.10.9.7-src.zip
[2024-12-05T22:07:18.796+0900] {subprocess.py:106} INFO - 24/12/05 22:07:18 INFO Client: Uploading resource file:/tmp/spark-b59bf290-f5f4-4030-ae33-03ebecac9059/__spark_conf__5670964613929767581.zip -> hdfs://MN:9000/user/dke/.sparkStaging/application_1733127595631_0086/__spark_conf__.zip
[2024-12-05T22:07:18.876+0900] {subprocess.py:106} INFO - 24/12/05 22:07:18 INFO SecurityManager: Changing view acls to: dke
[2024-12-05T22:07:18.877+0900] {subprocess.py:106} INFO - 24/12/05 22:07:18 INFO SecurityManager: Changing modify acls to: dke
[2024-12-05T22:07:18.877+0900] {subprocess.py:106} INFO - 24/12/05 22:07:18 INFO SecurityManager: Changing view acls groups to:
[2024-12-05T22:07:18.878+0900] {subprocess.py:106} INFO - 24/12/05 22:07:18 INFO SecurityManager: Changing modify acls groups to:
[2024-12-05T22:07:18.878+0900] {subprocess.py:106} INFO - 24/12/05 22:07:18 INFO SecurityManager: SecurityManager: authentication disabled; ui acls disabled; users with view permissions: dke; groups with view permissions: EMPTY; users with modify permissions: dke; groups with modify permissions: EMPTY
[2024-12-05T22:07:18.914+0900] {subprocess.py:106} INFO - 24/12/05 22:07:18 INFO Client: Submitting application application_1733127595631_0086 to ResourceManager
[2024-12-05T22:07:18.959+0900] {subprocess.py:106} INFO - 24/12/05 22:07:18 INFO YarnClientImpl: Submitted application application_1733127595631_0086
[2024-12-05T22:07:19.962+0900] {subprocess.py:106} INFO - 24/12/05 22:07:19 INFO Client: Application report for application_1733127595631_0086 (state: ACCEPTED)
[2024-12-05T22:07:19.966+0900] {subprocess.py:106} INFO - 24/12/05 22:07:19 INFO Client:
[2024-12-05T22:07:19.966+0900] {subprocess.py:106} INFO - 	 client token: N/A
[2024-12-05T22:07:19.966+0900] {subprocess.py:106} INFO - 	 diagnostics: AM container is launched, waiting for AM container to Register with RM
[2024-12-05T22:07:19.967+0900] {subprocess.py:106} INFO - 	 ApplicationMaster host: N/A
[2024-12-05T22:07:19.967+0900] {subprocess.py:106} INFO - 	 ApplicationMaster RPC port: -1
[2024-12-05T22:07:19.967+0900] {subprocess.py:106} INFO - 	 queue: root.default
[2024-12-05T22:07:19.967+0900] {subprocess.py:106} INFO - 	 start time: 1733404038938
[2024-12-05T22:07:19.967+0900] {subprocess.py:106} INFO - 	 final status: UNDEFINED
[2024-12-05T22:07:19.968+0900] {subprocess.py:106} INFO - 	 tracking URL: http://MN:8088/proxy/application_1733127595631_0086/
[2024-12-05T22:07:19.968+0900] {subprocess.py:106} INFO - 	 user: dke
[2024-12-05T22:07:26.975+0900] {subprocess.py:106} INFO - 24/12/05 22:07:26 INFO Client: Application report for application_1733127595631_0086 (state: RUNNING)
[2024-12-05T22:07:26.975+0900] {subprocess.py:106} INFO - 24/12/05 22:07:26 INFO Client:
[2024-12-05T22:07:26.975+0900] {subprocess.py:106} INFO - 	 client token: N/A
[2024-12-05T22:07:26.975+0900] {subprocess.py:106} INFO - 	 diagnostics: N/A
[2024-12-05T22:07:26.976+0900] {subprocess.py:106} INFO - 	 ApplicationMaster host: SN06
[2024-12-05T22:07:26.976+0900] {subprocess.py:106} INFO - 	 ApplicationMaster RPC port: 33657
[2024-12-05T22:07:26.976+0900] {subprocess.py:106} INFO - 	 queue: root.default
[2024-12-05T22:07:26.976+0900] {subprocess.py:106} INFO - 	 start time: 1733404038938
[2024-12-05T22:07:26.977+0900] {subprocess.py:106} INFO - 	 final status: UNDEFINED
[2024-12-05T22:07:26.977+0900] {subprocess.py:106} INFO - 	 tracking URL: http://MN:8088/proxy/application_1733127595631_0086/
[2024-12-05T22:07:26.978+0900] {subprocess.py:106} INFO - 	 user: dke
[2024-12-05T22:07:57.014+0900] {subprocess.py:106} INFO - 24/12/05 22:07:57 INFO Client: Application report for application_1733127595631_0086 (state: RUNNING)
[2024-12-05T22:08:25.049+0900] {subprocess.py:106} INFO - 24/12/05 22:08:25 INFO Client: Application report for application_1733127595631_0086 (state: FINISHED)
[2024-12-05T22:08:25.049+0900] {subprocess.py:106} INFO - 24/12/05 22:08:25 INFO Client:
[2024-12-05T22:08:25.050+0900] {subprocess.py:106} INFO - 	 client token: N/A
[2024-12-05T22:08:25.050+0900] {subprocess.py:106} INFO - 	 diagnostics: N/A
[2024-12-05T22:08:25.050+0900] {subprocess.py:106} INFO - 	 ApplicationMaster host: SN06
[2024-12-05T22:08:25.050+0900] {subprocess.py:106} INFO - 	 ApplicationMaster RPC port: 33657
[2024-12-05T22:08:25.051+0900] {subprocess.py:106} INFO - 	 queue: root.default
[2024-12-05T22:08:25.051+0900] {subprocess.py:106} INFO - 	 start time: 1733404038938
[2024-12-05T22:08:25.051+0900] {subprocess.py:106} INFO - 	 final status: SUCCEEDED
[2024-12-05T22:08:25.051+0900] {subprocess.py:106} INFO - 	 tracking URL: http://MN:8088/proxy/application_1733127595631_0086/
[2024-12-05T22:08:25.052+0900] {subprocess.py:106} INFO - 	 user: dke
[2024-12-05T22:08:25.058+0900] {subprocess.py:106} INFO - 24/12/05 22:08:25 INFO ShutdownHookManager: Shutdown hook called
[2024-12-05T22:08:25.060+0900] {subprocess.py:106} INFO - 24/12/05 22:08:25 INFO ShutdownHookManager: Deleting directory /tmp/spark-06651cec-552c-48ce-8948-328436692f05
[2024-12-05T22:08:25.063+0900] {subprocess.py:106} INFO - 24/12/05 22:08:25 INFO ShutdownHookManager: Deleting directory /tmp/spark-b59bf290-f5f4-4030-ae33-03ebecac9059
[2024-12-05T22:08:25.420+0900] {subprocess.py:110} INFO - Command exited with return code 0
[2024-12-05T22:08:25.443+0900] {taskinstance.py:340} INFO - ::group::Post task execution logs
[2024-12-05T22:08:25.444+0900] {taskinstance.py:352} INFO - Marking task as SUCCESS. dag_id=process_and_upload_json_to_hdfs, task_id=run_make_model, run_id=scheduled__2024-12-05T12:00:00+00:00, execution_date=20241205T120000, start_date=20241205T130638, end_date=20241205T130825
[2024-12-05T22:08:25.464+0900] {local_task_job_runner.py:266} INFO - Task exited with return code 0
[2024-12-05T22:08:25.473+0900] {taskinstance.py:3895} INFO - 0 downstream tasks scheduled from follow-on schedule check
[2024-12-05T22:08:25.474+0900] {local_task_job_runner.py:245} INFO - ::endgroup::
