[2024-12-06T12:06:25.421+0900] {local_task_job_runner.py:123} INFO - ::group::Pre task execution logs
[2024-12-06T12:06:25.431+0900] {taskinstance.py:2613} INFO - Dependencies all met for dep_context=non-requeueable deps ti=<TaskInstance: process_and_upload_json_to_hdfs.run_make_model scheduled__2024-12-06T02:00:00+00:00 [queued]>
[2024-12-06T12:06:25.438+0900] {taskinstance.py:2613} INFO - Dependencies all met for dep_context=requeueable deps ti=<TaskInstance: process_and_upload_json_to_hdfs.run_make_model scheduled__2024-12-06T02:00:00+00:00 [queued]>
[2024-12-06T12:06:25.438+0900] {taskinstance.py:2866} INFO - Starting attempt 1 of 2
[2024-12-06T12:06:25.457+0900] {taskinstance.py:2889} INFO - Executing <Task(BashOperator): run_make_model> on 2024-12-06 02:00:00+00:00
[2024-12-06T12:06:25.461+0900] {standard_task_runner.py:72} INFO - Started process 2395193 to run task
[2024-12-06T12:06:25.464+0900] {standard_task_runner.py:104} INFO - Running: ['airflow', 'tasks', 'run', 'process_and_upload_json_to_hdfs', 'run_make_model', 'scheduled__2024-12-06T02:00:00+00:00', '--job-id', '734', '--raw', '--subdir', 'DAGS_FOLDER/data_to_hdfs.py', '--cfg-path', '/tmp/tmp2gldl3rw']
[2024-12-06T12:06:25.465+0900] {standard_task_runner.py:105} INFO - Job 734: Subtask run_make_model
[2024-12-06T12:06:25.503+0900] {task_command.py:467} INFO - Running <TaskInstance: process_and_upload_json_to_hdfs.run_make_model scheduled__2024-12-06T02:00:00+00:00 [running]> on host MN
[2024-12-06T12:06:25.587+0900] {taskinstance.py:3132} INFO - Exporting env vars: AIRFLOW_CTX_DAG_OWNER='airflow' AIRFLOW_CTX_DAG_ID='process_and_upload_json_to_hdfs' AIRFLOW_CTX_TASK_ID='run_make_model' AIRFLOW_CTX_EXECUTION_DATE='2024-12-06T02:00:00+00:00' AIRFLOW_CTX_TRY_NUMBER='1' AIRFLOW_CTX_DAG_RUN_ID='scheduled__2024-12-06T02:00:00+00:00'
[2024-12-06T12:06:25.588+0900] {taskinstance.py:731} INFO - ::endgroup::
[2024-12-06T12:06:25.602+0900] {subprocess.py:78} INFO - Tmp dir root location: /tmp
[2024-12-06T12:06:25.603+0900] {subprocess.py:88} INFO - Running command: ['/usr/bin/bash', '-c', '/laewon/spark/bin/spark-submit --master yarn --deploy-mode cluster /laewon/Riot/make_model.py']
[2024-12-06T12:06:25.609+0900] {subprocess.py:99} INFO - Output:
[2024-12-06T12:06:27.950+0900] {subprocess.py:106} INFO - 24/12/06 12:06:27 INFO DefaultNoHARMFailoverProxyProvider: Connecting to ResourceManager at MN/192.168.4.7:8032
[2024-12-06T12:06:28.656+0900] {subprocess.py:106} INFO - 24/12/06 12:06:28 INFO Configuration: resource-types.xml not found
[2024-12-06T12:06:28.657+0900] {subprocess.py:106} INFO - 24/12/06 12:06:28 INFO ResourceUtils: Unable to find 'resource-types.xml'.
[2024-12-06T12:06:28.671+0900] {subprocess.py:106} INFO - 24/12/06 12:06:28 INFO Client: Verifying our application has not requested more than the maximum memory capability of the cluster (819200 MB per container)
[2024-12-06T12:06:28.672+0900] {subprocess.py:106} INFO - 24/12/06 12:06:28 INFO Client: Will allocate AM container, with 1408 MB memory including 384 MB overhead
[2024-12-06T12:06:28.672+0900] {subprocess.py:106} INFO - 24/12/06 12:06:28 INFO Client: Setting up container launch context for our AM
[2024-12-06T12:06:28.676+0900] {subprocess.py:106} INFO - 24/12/06 12:06:28 INFO Client: Setting up the launch environment for our AM container
[2024-12-06T12:06:28.687+0900] {subprocess.py:106} INFO - 24/12/06 12:06:28 INFO Client: Preparing resources for our AM container
[2024-12-06T12:06:28.721+0900] {subprocess.py:106} INFO - 24/12/06 12:06:28 WARN Client: Neither spark.yarn.jars nor spark.yarn.archive is set, falling back to uploading libraries under SPARK_HOME.
[2024-12-06T12:06:34.660+0900] {subprocess.py:106} INFO - 24/12/06 12:06:34 INFO Client: Uploading resource file:/tmp/spark-c8cf2257-6c4c-4a94-b1f0-335bcd64c026/__spark_libs__10675911640486212061.zip -> hdfs://MN:9000/user/dke/.sparkStaging/application_1733127595631_0100/__spark_libs__10675911640486212061.zip
[2024-12-06T12:07:04.753+0900] {subprocess.py:106} INFO - 24/12/06 12:07:04 INFO Client: Uploading resource file:/laewon/Riot/make_model.py -> hdfs://MN:9000/user/dke/.sparkStaging/application_1733127595631_0100/make_model.py
[2024-12-06T12:07:04.786+0900] {subprocess.py:106} INFO - 24/12/06 12:07:04 INFO Client: Uploading resource file:/laewon/spark-3.5.1-bin-hadoop3/python/lib/pyspark.zip -> hdfs://MN:9000/user/dke/.sparkStaging/application_1733127595631_0100/pyspark.zip
[2024-12-06T12:07:05.031+0900] {subprocess.py:106} INFO - 24/12/06 12:07:05 INFO Client: Uploading resource file:/laewon/spark-3.5.1-bin-hadoop3/python/lib/py4j-0.10.9.7-src.zip -> hdfs://MN:9000/user/dke/.sparkStaging/application_1733127595631_0100/py4j-0.10.9.7-src.zip
[2024-12-06T12:07:05.227+0900] {subprocess.py:106} INFO - 24/12/06 12:07:05 INFO Client: Uploading resource file:/tmp/spark-c8cf2257-6c4c-4a94-b1f0-335bcd64c026/__spark_conf__12297101492875771174.zip -> hdfs://MN:9000/user/dke/.sparkStaging/application_1733127595631_0100/__spark_conf__.zip
[2024-12-06T12:07:05.304+0900] {subprocess.py:106} INFO - 24/12/06 12:07:05 INFO SecurityManager: Changing view acls to: dke
[2024-12-06T12:07:05.304+0900] {subprocess.py:106} INFO - 24/12/06 12:07:05 INFO SecurityManager: Changing modify acls to: dke
[2024-12-06T12:07:05.304+0900] {subprocess.py:106} INFO - 24/12/06 12:07:05 INFO SecurityManager: Changing view acls groups to:
[2024-12-06T12:07:05.305+0900] {subprocess.py:106} INFO - 24/12/06 12:07:05 INFO SecurityManager: Changing modify acls groups to:
[2024-12-06T12:07:05.305+0900] {subprocess.py:106} INFO - 24/12/06 12:07:05 INFO SecurityManager: SecurityManager: authentication disabled; ui acls disabled; users with view permissions: dke; groups with view permissions: EMPTY; users with modify permissions: dke; groups with modify permissions: EMPTY
[2024-12-06T12:07:05.342+0900] {subprocess.py:106} INFO - 24/12/06 12:07:05 INFO Client: Submitting application application_1733127595631_0100 to ResourceManager
[2024-12-06T12:07:05.393+0900] {subprocess.py:106} INFO - 24/12/06 12:07:05 INFO YarnClientImpl: Submitted application application_1733127595631_0100
[2024-12-06T12:07:06.396+0900] {subprocess.py:106} INFO - 24/12/06 12:07:06 INFO Client: Application report for application_1733127595631_0100 (state: ACCEPTED)
[2024-12-06T12:07:06.400+0900] {subprocess.py:106} INFO - 24/12/06 12:07:06 INFO Client:
[2024-12-06T12:07:06.400+0900] {subprocess.py:106} INFO - 	 client token: N/A
[2024-12-06T12:07:06.400+0900] {subprocess.py:106} INFO - 	 diagnostics: AM container is launched, waiting for AM container to Register with RM
[2024-12-06T12:07:06.400+0900] {subprocess.py:106} INFO - 	 ApplicationMaster host: N/A
[2024-12-06T12:07:06.401+0900] {subprocess.py:106} INFO - 	 ApplicationMaster RPC port: -1
[2024-12-06T12:07:06.401+0900] {subprocess.py:106} INFO - 	 queue: root.default
[2024-12-06T12:07:06.401+0900] {subprocess.py:106} INFO - 	 start time: 1733454425365
[2024-12-06T12:07:06.401+0900] {subprocess.py:106} INFO - 	 final status: UNDEFINED
[2024-12-06T12:07:06.402+0900] {subprocess.py:106} INFO - 	 tracking URL: http://MN:8088/proxy/application_1733127595631_0100/
[2024-12-06T12:07:06.402+0900] {subprocess.py:106} INFO - 	 user: dke
[2024-12-06T12:07:24.422+0900] {subprocess.py:106} INFO - 24/12/06 12:07:24 INFO Client: Application report for application_1733127595631_0100 (state: RUNNING)
[2024-12-06T12:07:24.422+0900] {subprocess.py:106} INFO - 24/12/06 12:07:24 INFO Client:
[2024-12-06T12:07:24.423+0900] {subprocess.py:106} INFO - 	 client token: N/A
[2024-12-06T12:07:24.423+0900] {subprocess.py:106} INFO - 	 diagnostics: N/A
[2024-12-06T12:07:24.423+0900] {subprocess.py:106} INFO - 	 ApplicationMaster host: SN06
[2024-12-06T12:07:24.423+0900] {subprocess.py:106} INFO - 	 ApplicationMaster RPC port: 43559
[2024-12-06T12:07:24.424+0900] {subprocess.py:106} INFO - 	 queue: root.default
[2024-12-06T12:07:24.424+0900] {subprocess.py:106} INFO - 	 start time: 1733454425365
[2024-12-06T12:07:24.424+0900] {subprocess.py:106} INFO - 	 final status: UNDEFINED
[2024-12-06T12:07:24.424+0900] {subprocess.py:106} INFO - 	 tracking URL: http://MN:8088/proxy/application_1733127595631_0100/
[2024-12-06T12:07:24.425+0900] {subprocess.py:106} INFO - 	 user: dke
[2024-12-06T12:07:54.458+0900] {subprocess.py:106} INFO - 24/12/06 12:07:54 INFO Client: Application report for application_1733127595631_0100 (state: RUNNING)
[2024-12-06T12:08:20.487+0900] {subprocess.py:106} INFO - 24/12/06 12:08:20 INFO Client: Application report for application_1733127595631_0100 (state: FINISHED)
[2024-12-06T12:08:20.488+0900] {subprocess.py:106} INFO - 24/12/06 12:08:20 INFO Client:
[2024-12-06T12:08:20.488+0900] {subprocess.py:106} INFO - 	 client token: N/A
[2024-12-06T12:08:20.489+0900] {subprocess.py:106} INFO - 	 diagnostics: N/A
[2024-12-06T12:08:20.489+0900] {subprocess.py:106} INFO - 	 ApplicationMaster host: SN06
[2024-12-06T12:08:20.489+0900] {subprocess.py:106} INFO - 	 ApplicationMaster RPC port: 43559
[2024-12-06T12:08:20.490+0900] {subprocess.py:106} INFO - 	 queue: root.default
[2024-12-06T12:08:20.490+0900] {subprocess.py:106} INFO - 	 start time: 1733454425365
[2024-12-06T12:08:20.490+0900] {subprocess.py:106} INFO - 	 final status: SUCCEEDED
[2024-12-06T12:08:20.490+0900] {subprocess.py:106} INFO - 	 tracking URL: http://MN:8088/proxy/application_1733127595631_0100/
[2024-12-06T12:08:20.491+0900] {subprocess.py:106} INFO - 	 user: dke
[2024-12-06T12:08:20.497+0900] {subprocess.py:106} INFO - 24/12/06 12:08:20 INFO ShutdownHookManager: Shutdown hook called
[2024-12-06T12:08:20.498+0900] {subprocess.py:106} INFO - 24/12/06 12:08:20 INFO ShutdownHookManager: Deleting directory /tmp/spark-c8cf2257-6c4c-4a94-b1f0-335bcd64c026
[2024-12-06T12:08:20.502+0900] {subprocess.py:106} INFO - 24/12/06 12:08:20 INFO ShutdownHookManager: Deleting directory /tmp/spark-cab33421-8426-49af-b789-c330ea08fc93
[2024-12-06T12:08:20.859+0900] {subprocess.py:110} INFO - Command exited with return code 0
[2024-12-06T12:08:20.889+0900] {taskinstance.py:340} INFO - ::group::Post task execution logs
[2024-12-06T12:08:20.889+0900] {taskinstance.py:352} INFO - Marking task as SUCCESS. dag_id=process_and_upload_json_to_hdfs, task_id=run_make_model, run_id=scheduled__2024-12-06T02:00:00+00:00, execution_date=20241206T020000, start_date=20241206T030625, end_date=20241206T030820
[2024-12-06T12:08:20.975+0900] {local_task_job_runner.py:266} INFO - Task exited with return code 0
[2024-12-06T12:08:20.985+0900] {taskinstance.py:3895} INFO - 0 downstream tasks scheduled from follow-on schedule check
[2024-12-06T12:08:20.986+0900] {local_task_job_runner.py:245} INFO - ::endgroup::
