[2024-12-05T08:06:39.551+0900] {local_task_job_runner.py:123} INFO - ::group::Pre task execution logs
[2024-12-05T08:06:39.561+0900] {taskinstance.py:2613} INFO - Dependencies all met for dep_context=non-requeueable deps ti=<TaskInstance: process_and_upload_json_to_hdfs.run_make_model scheduled__2024-12-04T22:00:00+00:00 [queued]>
[2024-12-05T08:06:39.568+0900] {taskinstance.py:2613} INFO - Dependencies all met for dep_context=requeueable deps ti=<TaskInstance: process_and_upload_json_to_hdfs.run_make_model scheduled__2024-12-04T22:00:00+00:00 [queued]>
[2024-12-05T08:06:39.568+0900] {taskinstance.py:2866} INFO - Starting attempt 1 of 2
[2024-12-05T08:06:39.584+0900] {taskinstance.py:2889} INFO - Executing <Task(BashOperator): run_make_model> on 2024-12-04 22:00:00+00:00
[2024-12-05T08:06:39.587+0900] {standard_task_runner.py:72} INFO - Started process 1547641 to run task
[2024-12-05T08:06:39.590+0900] {standard_task_runner.py:104} INFO - Running: ['airflow', 'tasks', 'run', 'process_and_upload_json_to_hdfs', 'run_make_model', 'scheduled__2024-12-04T22:00:00+00:00', '--job-id', '622', '--raw', '--subdir', 'DAGS_FOLDER/data_to_hdfs.py', '--cfg-path', '/tmp/tmpzak6r0bw']
[2024-12-05T08:06:39.592+0900] {standard_task_runner.py:105} INFO - Job 622: Subtask run_make_model
[2024-12-05T08:06:39.625+0900] {task_command.py:467} INFO - Running <TaskInstance: process_and_upload_json_to_hdfs.run_make_model scheduled__2024-12-04T22:00:00+00:00 [running]> on host MN
[2024-12-05T08:06:39.693+0900] {taskinstance.py:3132} INFO - Exporting env vars: AIRFLOW_CTX_DAG_OWNER='airflow' AIRFLOW_CTX_DAG_ID='process_and_upload_json_to_hdfs' AIRFLOW_CTX_TASK_ID='run_make_model' AIRFLOW_CTX_EXECUTION_DATE='2024-12-04T22:00:00+00:00' AIRFLOW_CTX_TRY_NUMBER='1' AIRFLOW_CTX_DAG_RUN_ID='scheduled__2024-12-04T22:00:00+00:00'
[2024-12-05T08:06:39.693+0900] {taskinstance.py:731} INFO - ::endgroup::
[2024-12-05T08:06:39.707+0900] {subprocess.py:78} INFO - Tmp dir root location: /tmp
[2024-12-05T08:06:39.708+0900] {subprocess.py:88} INFO - Running command: ['/usr/bin/bash', '-c', '/laewon/spark/bin/spark-submit --master yarn --deploy-mode cluster /laewon/Riot/make_model.py']
[2024-12-05T08:06:39.714+0900] {subprocess.py:99} INFO - Output:
[2024-12-05T08:06:41.994+0900] {subprocess.py:106} INFO - 24/12/05 08:06:41 INFO DefaultNoHARMFailoverProxyProvider: Connecting to ResourceManager at MN/192.168.4.7:8032
[2024-12-05T08:06:42.690+0900] {subprocess.py:106} INFO - 24/12/05 08:06:42 INFO Configuration: resource-types.xml not found
[2024-12-05T08:06:42.690+0900] {subprocess.py:106} INFO - 24/12/05 08:06:42 INFO ResourceUtils: Unable to find 'resource-types.xml'.
[2024-12-05T08:06:42.704+0900] {subprocess.py:106} INFO - 24/12/05 08:06:42 INFO Client: Verifying our application has not requested more than the maximum memory capability of the cluster (819200 MB per container)
[2024-12-05T08:06:42.705+0900] {subprocess.py:106} INFO - 24/12/05 08:06:42 INFO Client: Will allocate AM container, with 1408 MB memory including 384 MB overhead
[2024-12-05T08:06:42.705+0900] {subprocess.py:106} INFO - 24/12/05 08:06:42 INFO Client: Setting up container launch context for our AM
[2024-12-05T08:06:42.709+0900] {subprocess.py:106} INFO - 24/12/05 08:06:42 INFO Client: Setting up the launch environment for our AM container
[2024-12-05T08:06:42.720+0900] {subprocess.py:106} INFO - 24/12/05 08:06:42 INFO Client: Preparing resources for our AM container
[2024-12-05T08:06:42.754+0900] {subprocess.py:106} INFO - 24/12/05 08:06:42 WARN Client: Neither spark.yarn.jars nor spark.yarn.archive is set, falling back to uploading libraries under SPARK_HOME.
[2024-12-05T08:06:45.589+0900] {subprocess.py:106} INFO - 24/12/05 08:06:45 INFO Client: Uploading resource file:/tmp/spark-b81200b7-03a3-4118-b241-72e25429fca3/__spark_libs__2861940305894661400.zip -> hdfs://MN:9000/user/dke/.sparkStaging/application_1733127595631_0072/__spark_libs__2861940305894661400.zip
[2024-12-05T08:07:15.249+0900] {subprocess.py:106} INFO - 24/12/05 08:07:15 INFO Client: Uploading resource file:/laewon/Riot/make_model.py -> hdfs://MN:9000/user/dke/.sparkStaging/application_1733127595631_0072/make_model.py
[2024-12-05T08:07:15.284+0900] {subprocess.py:106} INFO - 24/12/05 08:07:15 INFO Client: Uploading resource file:/laewon/spark-3.5.1-bin-hadoop3/python/lib/pyspark.zip -> hdfs://MN:9000/user/dke/.sparkStaging/application_1733127595631_0072/pyspark.zip
[2024-12-05T08:07:15.529+0900] {subprocess.py:106} INFO - 24/12/05 08:07:15 INFO Client: Uploading resource file:/laewon/spark-3.5.1-bin-hadoop3/python/lib/py4j-0.10.9.7-src.zip -> hdfs://MN:9000/user/dke/.sparkStaging/application_1733127595631_0072/py4j-0.10.9.7-src.zip
[2024-12-05T08:07:15.731+0900] {subprocess.py:106} INFO - 24/12/05 08:07:15 INFO Client: Uploading resource file:/tmp/spark-b81200b7-03a3-4118-b241-72e25429fca3/__spark_conf__17939337100759429481.zip -> hdfs://MN:9000/user/dke/.sparkStaging/application_1733127595631_0072/__spark_conf__.zip
[2024-12-05T08:07:15.823+0900] {subprocess.py:106} INFO - 24/12/05 08:07:15 INFO SecurityManager: Changing view acls to: dke
[2024-12-05T08:07:15.824+0900] {subprocess.py:106} INFO - 24/12/05 08:07:15 INFO SecurityManager: Changing modify acls to: dke
[2024-12-05T08:07:15.824+0900] {subprocess.py:106} INFO - 24/12/05 08:07:15 INFO SecurityManager: Changing view acls groups to:
[2024-12-05T08:07:15.825+0900] {subprocess.py:106} INFO - 24/12/05 08:07:15 INFO SecurityManager: Changing modify acls groups to:
[2024-12-05T08:07:15.825+0900] {subprocess.py:106} INFO - 24/12/05 08:07:15 INFO SecurityManager: SecurityManager: authentication disabled; ui acls disabled; users with view permissions: dke; groups with view permissions: EMPTY; users with modify permissions: dke; groups with modify permissions: EMPTY
[2024-12-05T08:07:15.866+0900] {subprocess.py:106} INFO - 24/12/05 08:07:15 INFO Client: Submitting application application_1733127595631_0072 to ResourceManager
[2024-12-05T08:07:15.912+0900] {subprocess.py:106} INFO - 24/12/05 08:07:15 INFO YarnClientImpl: Submitted application application_1733127595631_0072
[2024-12-05T08:07:16.915+0900] {subprocess.py:106} INFO - 24/12/05 08:07:16 INFO Client: Application report for application_1733127595631_0072 (state: ACCEPTED)
[2024-12-05T08:07:16.918+0900] {subprocess.py:106} INFO - 24/12/05 08:07:16 INFO Client:
[2024-12-05T08:07:16.919+0900] {subprocess.py:106} INFO - 	 client token: N/A
[2024-12-05T08:07:16.919+0900] {subprocess.py:106} INFO - 	 diagnostics: AM container is launched, waiting for AM container to Register with RM
[2024-12-05T08:07:16.920+0900] {subprocess.py:106} INFO - 	 ApplicationMaster host: N/A
[2024-12-05T08:07:16.920+0900] {subprocess.py:106} INFO - 	 ApplicationMaster RPC port: -1
[2024-12-05T08:07:16.920+0900] {subprocess.py:106} INFO - 	 queue: root.default
[2024-12-05T08:07:16.921+0900] {subprocess.py:106} INFO - 	 start time: 1733353635889
[2024-12-05T08:07:16.921+0900] {subprocess.py:106} INFO - 	 final status: UNDEFINED
[2024-12-05T08:07:16.921+0900] {subprocess.py:106} INFO - 	 tracking URL: http://MN:8088/proxy/application_1733127595631_0072/
[2024-12-05T08:07:16.921+0900] {subprocess.py:106} INFO - 	 user: dke
[2024-12-05T08:07:23.928+0900] {subprocess.py:106} INFO - 24/12/05 08:07:23 INFO Client: Application report for application_1733127595631_0072 (state: RUNNING)
[2024-12-05T08:07:23.928+0900] {subprocess.py:106} INFO - 24/12/05 08:07:23 INFO Client:
[2024-12-05T08:07:23.928+0900] {subprocess.py:106} INFO - 	 client token: N/A
[2024-12-05T08:07:23.929+0900] {subprocess.py:106} INFO - 	 diagnostics: N/A
[2024-12-05T08:07:23.929+0900] {subprocess.py:106} INFO - 	 ApplicationMaster host: SN02
[2024-12-05T08:07:23.929+0900] {subprocess.py:106} INFO - 	 ApplicationMaster RPC port: 42755
[2024-12-05T08:07:23.929+0900] {subprocess.py:106} INFO - 	 queue: root.default
[2024-12-05T08:07:23.930+0900] {subprocess.py:106} INFO - 	 start time: 1733353635889
[2024-12-05T08:07:23.930+0900] {subprocess.py:106} INFO - 	 final status: UNDEFINED
[2024-12-05T08:07:23.930+0900] {subprocess.py:106} INFO - 	 tracking URL: http://MN:8088/proxy/application_1733127595631_0072/
[2024-12-05T08:07:23.931+0900] {subprocess.py:106} INFO - 	 user: dke
[2024-12-05T08:07:53.968+0900] {subprocess.py:106} INFO - 24/12/05 08:07:53 INFO Client: Application report for application_1733127595631_0072 (state: RUNNING)
[2024-12-05T08:08:10.990+0900] {subprocess.py:106} INFO - 24/12/05 08:08:10 INFO Client: Application report for application_1733127595631_0072 (state: FINISHED)
[2024-12-05T08:08:10.990+0900] {subprocess.py:106} INFO - 24/12/05 08:08:10 INFO Client:
[2024-12-05T08:08:10.990+0900] {subprocess.py:106} INFO - 	 client token: N/A
[2024-12-05T08:08:10.990+0900] {subprocess.py:106} INFO - 	 diagnostics: N/A
[2024-12-05T08:08:10.991+0900] {subprocess.py:106} INFO - 	 ApplicationMaster host: SN02
[2024-12-05T08:08:10.991+0900] {subprocess.py:106} INFO - 	 ApplicationMaster RPC port: 42755
[2024-12-05T08:08:10.991+0900] {subprocess.py:106} INFO - 	 queue: root.default
[2024-12-05T08:08:10.991+0900] {subprocess.py:106} INFO - 	 start time: 1733353635889
[2024-12-05T08:08:10.992+0900] {subprocess.py:106} INFO - 	 final status: SUCCEEDED
[2024-12-05T08:08:10.992+0900] {subprocess.py:106} INFO - 	 tracking URL: http://MN:8088/proxy/application_1733127595631_0072/
[2024-12-05T08:08:10.992+0900] {subprocess.py:106} INFO - 	 user: dke
[2024-12-05T08:08:10.999+0900] {subprocess.py:106} INFO - 24/12/05 08:08:10 INFO ShutdownHookManager: Shutdown hook called
[2024-12-05T08:08:11.000+0900] {subprocess.py:106} INFO - 24/12/05 08:08:11 INFO ShutdownHookManager: Deleting directory /tmp/spark-7e9d6572-4164-42f2-a2e0-bb44cf25f201
[2024-12-05T08:08:11.003+0900] {subprocess.py:106} INFO - 24/12/05 08:08:11 INFO ShutdownHookManager: Deleting directory /tmp/spark-b81200b7-03a3-4118-b241-72e25429fca3
[2024-12-05T08:08:11.357+0900] {subprocess.py:110} INFO - Command exited with return code 0
[2024-12-05T08:08:11.375+0900] {taskinstance.py:340} INFO - ::group::Post task execution logs
[2024-12-05T08:08:11.376+0900] {taskinstance.py:352} INFO - Marking task as SUCCESS. dag_id=process_and_upload_json_to_hdfs, task_id=run_make_model, run_id=scheduled__2024-12-04T22:00:00+00:00, execution_date=20241204T220000, start_date=20241204T230639, end_date=20241204T230811
[2024-12-05T08:08:11.394+0900] {local_task_job_runner.py:266} INFO - Task exited with return code 0
[2024-12-05T08:08:11.403+0900] {taskinstance.py:3895} INFO - 0 downstream tasks scheduled from follow-on schedule check
[2024-12-05T08:08:11.404+0900] {local_task_job_runner.py:245} INFO - ::endgroup::
