[2024-12-03T23:06:38.726+0900] {local_task_job_runner.py:123} INFO - ::group::Pre task execution logs
[2024-12-03T23:06:38.736+0900] {taskinstance.py:2613} INFO - Dependencies all met for dep_context=non-requeueable deps ti=<TaskInstance: process_and_upload_json_to_hdfs.run_make_model scheduled__2024-12-03T13:00:00+00:00 [queued]>
[2024-12-03T23:06:38.743+0900] {taskinstance.py:2613} INFO - Dependencies all met for dep_context=requeueable deps ti=<TaskInstance: process_and_upload_json_to_hdfs.run_make_model scheduled__2024-12-03T13:00:00+00:00 [queued]>
[2024-12-03T23:06:38.743+0900] {taskinstance.py:2866} INFO - Starting attempt 1 of 2
[2024-12-03T23:06:38.759+0900] {taskinstance.py:2889} INFO - Executing <Task(BashOperator): run_make_model> on 2024-12-03 13:00:00+00:00
[2024-12-03T23:06:38.762+0900] {standard_task_runner.py:72} INFO - Started process 596812 to run task
[2024-12-03T23:06:38.765+0900] {standard_task_runner.py:104} INFO - Running: ['airflow', 'tasks', 'run', 'process_and_upload_json_to_hdfs', 'run_make_model', 'scheduled__2024-12-03T13:00:00+00:00', '--job-id', '490', '--raw', '--subdir', 'DAGS_FOLDER/data_to_hdfs.py', '--cfg-path', '/tmp/tmpkok1rcwp']
[2024-12-03T23:06:38.767+0900] {standard_task_runner.py:105} INFO - Job 490: Subtask run_make_model
[2024-12-03T23:06:38.800+0900] {task_command.py:467} INFO - Running <TaskInstance: process_and_upload_json_to_hdfs.run_make_model scheduled__2024-12-03T13:00:00+00:00 [running]> on host MN
[2024-12-03T23:06:38.867+0900] {taskinstance.py:3132} INFO - Exporting env vars: AIRFLOW_CTX_DAG_OWNER='airflow' AIRFLOW_CTX_DAG_ID='process_and_upload_json_to_hdfs' AIRFLOW_CTX_TASK_ID='run_make_model' AIRFLOW_CTX_EXECUTION_DATE='2024-12-03T13:00:00+00:00' AIRFLOW_CTX_TRY_NUMBER='1' AIRFLOW_CTX_DAG_RUN_ID='scheduled__2024-12-03T13:00:00+00:00'
[2024-12-03T23:06:38.868+0900] {taskinstance.py:731} INFO - ::endgroup::
[2024-12-03T23:06:38.882+0900] {subprocess.py:78} INFO - Tmp dir root location: /tmp
[2024-12-03T23:06:38.883+0900] {subprocess.py:88} INFO - Running command: ['/usr/bin/bash', '-c', '/laewon/spark/bin/spark-submit --master yarn --deploy-mode cluster /laewon/Riot/make_model.py']
[2024-12-03T23:06:38.889+0900] {subprocess.py:99} INFO - Output:
[2024-12-03T23:06:41.122+0900] {subprocess.py:106} INFO - 24/12/03 23:06:41 INFO DefaultNoHARMFailoverProxyProvider: Connecting to ResourceManager at MN/192.168.4.7:8032
[2024-12-03T23:06:41.826+0900] {subprocess.py:106} INFO - 24/12/03 23:06:41 INFO Configuration: resource-types.xml not found
[2024-12-03T23:06:41.827+0900] {subprocess.py:106} INFO - 24/12/03 23:06:41 INFO ResourceUtils: Unable to find 'resource-types.xml'.
[2024-12-03T23:06:41.841+0900] {subprocess.py:106} INFO - 24/12/03 23:06:41 INFO Client: Verifying our application has not requested more than the maximum memory capability of the cluster (819200 MB per container)
[2024-12-03T23:06:41.842+0900] {subprocess.py:106} INFO - 24/12/03 23:06:41 INFO Client: Will allocate AM container, with 1408 MB memory including 384 MB overhead
[2024-12-03T23:06:41.843+0900] {subprocess.py:106} INFO - 24/12/03 23:06:41 INFO Client: Setting up container launch context for our AM
[2024-12-03T23:06:41.847+0900] {subprocess.py:106} INFO - 24/12/03 23:06:41 INFO Client: Setting up the launch environment for our AM container
[2024-12-03T23:06:41.858+0900] {subprocess.py:106} INFO - 24/12/03 23:06:41 INFO Client: Preparing resources for our AM container
[2024-12-03T23:06:41.892+0900] {subprocess.py:106} INFO - 24/12/03 23:06:41 WARN Client: Neither spark.yarn.jars nor spark.yarn.archive is set, falling back to uploading libraries under SPARK_HOME.
[2024-12-03T23:06:44.717+0900] {subprocess.py:106} INFO - 24/12/03 23:06:44 INFO Client: Uploading resource file:/tmp/spark-4b0ed1cd-fc99-4ccd-abbb-2bf9b781716f/__spark_libs__13038559776390645620.zip -> hdfs://MN:9000/user/dke/.sparkStaging/application_1733127595631_0039/__spark_libs__13038559776390645620.zip
[2024-12-03T23:07:14.628+0900] {subprocess.py:106} INFO - 24/12/03 23:07:14 INFO Client: Uploading resource file:/laewon/Riot/make_model.py -> hdfs://MN:9000/user/dke/.sparkStaging/application_1733127595631_0039/make_model.py
[2024-12-03T23:07:14.661+0900] {subprocess.py:106} INFO - 24/12/03 23:07:14 INFO Client: Uploading resource file:/laewon/spark-3.5.1-bin-hadoop3/python/lib/pyspark.zip -> hdfs://MN:9000/user/dke/.sparkStaging/application_1733127595631_0039/pyspark.zip
[2024-12-03T23:07:14.923+0900] {subprocess.py:106} INFO - 24/12/03 23:07:14 INFO Client: Uploading resource file:/laewon/spark-3.5.1-bin-hadoop3/python/lib/py4j-0.10.9.7-src.zip -> hdfs://MN:9000/user/dke/.sparkStaging/application_1733127595631_0039/py4j-0.10.9.7-src.zip
[2024-12-03T23:07:15.118+0900] {subprocess.py:106} INFO - 24/12/03 23:07:15 INFO Client: Uploading resource file:/tmp/spark-4b0ed1cd-fc99-4ccd-abbb-2bf9b781716f/__spark_conf__11258162155707779150.zip -> hdfs://MN:9000/user/dke/.sparkStaging/application_1733127595631_0039/__spark_conf__.zip
[2024-12-03T23:07:15.193+0900] {subprocess.py:106} INFO - 24/12/03 23:07:15 INFO SecurityManager: Changing view acls to: dke
[2024-12-03T23:07:15.194+0900] {subprocess.py:106} INFO - 24/12/03 23:07:15 INFO SecurityManager: Changing modify acls to: dke
[2024-12-03T23:07:15.194+0900] {subprocess.py:106} INFO - 24/12/03 23:07:15 INFO SecurityManager: Changing view acls groups to:
[2024-12-03T23:07:15.195+0900] {subprocess.py:106} INFO - 24/12/03 23:07:15 INFO SecurityManager: Changing modify acls groups to:
[2024-12-03T23:07:15.195+0900] {subprocess.py:106} INFO - 24/12/03 23:07:15 INFO SecurityManager: SecurityManager: authentication disabled; ui acls disabled; users with view permissions: dke; groups with view permissions: EMPTY; users with modify permissions: dke; groups with modify permissions: EMPTY
[2024-12-03T23:07:15.231+0900] {subprocess.py:106} INFO - 24/12/03 23:07:15 INFO Client: Submitting application application_1733127595631_0039 to ResourceManager
[2024-12-03T23:07:15.275+0900] {subprocess.py:106} INFO - 24/12/03 23:07:15 INFO YarnClientImpl: Submitted application application_1733127595631_0039
[2024-12-03T23:07:16.278+0900] {subprocess.py:106} INFO - 24/12/03 23:07:16 INFO Client: Application report for application_1733127595631_0039 (state: ACCEPTED)
[2024-12-03T23:07:16.281+0900] {subprocess.py:106} INFO - 24/12/03 23:07:16 INFO Client:
[2024-12-03T23:07:16.281+0900] {subprocess.py:106} INFO - 	 client token: N/A
[2024-12-03T23:07:16.281+0900] {subprocess.py:106} INFO - 	 diagnostics: AM container is launched, waiting for AM container to Register with RM
[2024-12-03T23:07:16.282+0900] {subprocess.py:106} INFO - 	 ApplicationMaster host: N/A
[2024-12-03T23:07:16.282+0900] {subprocess.py:106} INFO - 	 ApplicationMaster RPC port: -1
[2024-12-03T23:07:16.282+0900] {subprocess.py:106} INFO - 	 queue: root.default
[2024-12-03T23:07:16.282+0900] {subprocess.py:106} INFO - 	 start time: 1733234835254
[2024-12-03T23:07:16.282+0900] {subprocess.py:106} INFO - 	 final status: UNDEFINED
[2024-12-03T23:07:16.283+0900] {subprocess.py:106} INFO - 	 tracking URL: http://MN:8088/proxy/application_1733127595631_0039/
[2024-12-03T23:07:16.283+0900] {subprocess.py:106} INFO - 	 user: dke
[2024-12-03T23:07:23.290+0900] {subprocess.py:106} INFO - 24/12/03 23:07:23 INFO Client: Application report for application_1733127595631_0039 (state: RUNNING)
[2024-12-03T23:07:23.291+0900] {subprocess.py:106} INFO - 24/12/03 23:07:23 INFO Client:
[2024-12-03T23:07:23.291+0900] {subprocess.py:106} INFO - 	 client token: N/A
[2024-12-03T23:07:23.291+0900] {subprocess.py:106} INFO - 	 diagnostics: N/A
[2024-12-03T23:07:23.292+0900] {subprocess.py:106} INFO - 	 ApplicationMaster host: SN09
[2024-12-03T23:07:23.292+0900] {subprocess.py:106} INFO - 	 ApplicationMaster RPC port: 38367
[2024-12-03T23:07:23.292+0900] {subprocess.py:106} INFO - 	 queue: root.default
[2024-12-03T23:07:23.292+0900] {subprocess.py:106} INFO - 	 start time: 1733234835254
[2024-12-03T23:07:23.292+0900] {subprocess.py:106} INFO - 	 final status: UNDEFINED
[2024-12-03T23:07:23.293+0900] {subprocess.py:106} INFO - 	 tracking URL: http://MN:8088/proxy/application_1733127595631_0039/
[2024-12-03T23:07:23.293+0900] {subprocess.py:106} INFO - 	 user: dke
[2024-12-03T23:07:53.331+0900] {subprocess.py:106} INFO - 24/12/03 23:07:53 INFO Client: Application report for application_1733127595631_0039 (state: RUNNING)
[2024-12-03T23:07:56.335+0900] {subprocess.py:106} INFO - 24/12/03 23:07:56 INFO Client: Application report for application_1733127595631_0039 (state: FINISHED)
[2024-12-03T23:07:56.335+0900] {subprocess.py:106} INFO - 24/12/03 23:07:56 INFO Client:
[2024-12-03T23:07:56.336+0900] {subprocess.py:106} INFO - 	 client token: N/A
[2024-12-03T23:07:56.336+0900] {subprocess.py:106} INFO - 	 diagnostics: N/A
[2024-12-03T23:07:56.336+0900] {subprocess.py:106} INFO - 	 ApplicationMaster host: SN09
[2024-12-03T23:07:56.336+0900] {subprocess.py:106} INFO - 	 ApplicationMaster RPC port: 38367
[2024-12-03T23:07:56.336+0900] {subprocess.py:106} INFO - 	 queue: root.default
[2024-12-03T23:07:56.337+0900] {subprocess.py:106} INFO - 	 start time: 1733234835254
[2024-12-03T23:07:56.337+0900] {subprocess.py:106} INFO - 	 final status: SUCCEEDED
[2024-12-03T23:07:56.337+0900] {subprocess.py:106} INFO - 	 tracking URL: http://MN:8088/proxy/application_1733127595631_0039/
[2024-12-03T23:07:56.337+0900] {subprocess.py:106} INFO - 	 user: dke
[2024-12-03T23:07:56.343+0900] {subprocess.py:106} INFO - 24/12/03 23:07:56 INFO ShutdownHookManager: Shutdown hook called
[2024-12-03T23:07:56.344+0900] {subprocess.py:106} INFO - 24/12/03 23:07:56 INFO ShutdownHookManager: Deleting directory /tmp/spark-4b0ed1cd-fc99-4ccd-abbb-2bf9b781716f
[2024-12-03T23:07:56.347+0900] {subprocess.py:106} INFO - 24/12/03 23:07:56 INFO ShutdownHookManager: Deleting directory /tmp/spark-42174bc1-29f6-4ef3-ad7e-1fab8a063b53
[2024-12-03T23:07:56.700+0900] {subprocess.py:110} INFO - Command exited with return code 0
[2024-12-03T23:07:56.723+0900] {taskinstance.py:340} INFO - ::group::Post task execution logs
[2024-12-03T23:07:56.723+0900] {taskinstance.py:352} INFO - Marking task as SUCCESS. dag_id=process_and_upload_json_to_hdfs, task_id=run_make_model, run_id=scheduled__2024-12-03T13:00:00+00:00, execution_date=20241203T130000, start_date=20241203T140638, end_date=20241203T140756
[2024-12-03T23:07:56.768+0900] {local_task_job_runner.py:266} INFO - Task exited with return code 0
[2024-12-03T23:07:56.778+0900] {taskinstance.py:3895} INFO - 0 downstream tasks scheduled from follow-on schedule check
[2024-12-03T23:07:56.779+0900] {local_task_job_runner.py:245} INFO - ::endgroup::
