[2024-12-06T07:06:37.844+0900] {local_task_job_runner.py:123} INFO - ::group::Pre task execution logs
[2024-12-06T07:06:37.854+0900] {taskinstance.py:2613} INFO - Dependencies all met for dep_context=non-requeueable deps ti=<TaskInstance: process_and_upload_json_to_hdfs.run_make_model scheduled__2024-12-05T21:00:00+00:00 [queued]>
[2024-12-06T07:06:37.861+0900] {taskinstance.py:2613} INFO - Dependencies all met for dep_context=requeueable deps ti=<TaskInstance: process_and_upload_json_to_hdfs.run_make_model scheduled__2024-12-05T21:00:00+00:00 [queued]>
[2024-12-06T07:06:37.861+0900] {taskinstance.py:2866} INFO - Starting attempt 1 of 2
[2024-12-06T07:06:37.876+0900] {taskinstance.py:2889} INFO - Executing <Task(BashOperator): run_make_model> on 2024-12-05 21:00:00+00:00
[2024-12-06T07:06:37.879+0900] {standard_task_runner.py:72} INFO - Started process 2254028 to run task
[2024-12-06T07:06:37.883+0900] {standard_task_runner.py:104} INFO - Running: ['airflow', 'tasks', 'run', 'process_and_upload_json_to_hdfs', 'run_make_model', 'scheduled__2024-12-05T21:00:00+00:00', '--job-id', '714', '--raw', '--subdir', 'DAGS_FOLDER/data_to_hdfs.py', '--cfg-path', '/tmp/tmp7r3_ygwg']
[2024-12-06T07:06:37.885+0900] {standard_task_runner.py:105} INFO - Job 714: Subtask run_make_model
[2024-12-06T07:06:37.917+0900] {task_command.py:467} INFO - Running <TaskInstance: process_and_upload_json_to_hdfs.run_make_model scheduled__2024-12-05T21:00:00+00:00 [running]> on host MN
[2024-12-06T07:06:37.986+0900] {taskinstance.py:3132} INFO - Exporting env vars: AIRFLOW_CTX_DAG_OWNER='airflow' AIRFLOW_CTX_DAG_ID='process_and_upload_json_to_hdfs' AIRFLOW_CTX_TASK_ID='run_make_model' AIRFLOW_CTX_EXECUTION_DATE='2024-12-05T21:00:00+00:00' AIRFLOW_CTX_TRY_NUMBER='1' AIRFLOW_CTX_DAG_RUN_ID='scheduled__2024-12-05T21:00:00+00:00'
[2024-12-06T07:06:37.987+0900] {taskinstance.py:731} INFO - ::endgroup::
[2024-12-06T07:06:38.001+0900] {subprocess.py:78} INFO - Tmp dir root location: /tmp
[2024-12-06T07:06:38.001+0900] {subprocess.py:88} INFO - Running command: ['/usr/bin/bash', '-c', '/laewon/spark/bin/spark-submit --master yarn --deploy-mode cluster /laewon/Riot/make_model.py']
[2024-12-06T07:06:38.008+0900] {subprocess.py:99} INFO - Output:
[2024-12-06T07:06:40.267+0900] {subprocess.py:106} INFO - 24/12/06 07:06:40 INFO DefaultNoHARMFailoverProxyProvider: Connecting to ResourceManager at MN/192.168.4.7:8032
[2024-12-06T07:06:40.971+0900] {subprocess.py:106} INFO - 24/12/06 07:06:40 INFO Configuration: resource-types.xml not found
[2024-12-06T07:06:40.971+0900] {subprocess.py:106} INFO - 24/12/06 07:06:40 INFO ResourceUtils: Unable to find 'resource-types.xml'.
[2024-12-06T07:06:40.985+0900] {subprocess.py:106} INFO - 24/12/06 07:06:40 INFO Client: Verifying our application has not requested more than the maximum memory capability of the cluster (819200 MB per container)
[2024-12-06T07:06:40.986+0900] {subprocess.py:106} INFO - 24/12/06 07:06:40 INFO Client: Will allocate AM container, with 1408 MB memory including 384 MB overhead
[2024-12-06T07:06:40.987+0900] {subprocess.py:106} INFO - 24/12/06 07:06:40 INFO Client: Setting up container launch context for our AM
[2024-12-06T07:06:40.991+0900] {subprocess.py:106} INFO - 24/12/06 07:06:40 INFO Client: Setting up the launch environment for our AM container
[2024-12-06T07:06:41.003+0900] {subprocess.py:106} INFO - 24/12/06 07:06:41 INFO Client: Preparing resources for our AM container
[2024-12-06T07:06:41.038+0900] {subprocess.py:106} INFO - 24/12/06 07:06:41 WARN Client: Neither spark.yarn.jars nor spark.yarn.archive is set, falling back to uploading libraries under SPARK_HOME.
[2024-12-06T07:06:43.889+0900] {subprocess.py:106} INFO - 24/12/06 07:06:43 INFO Client: Uploading resource file:/tmp/spark-c27eeb26-8a4f-497a-95ef-32450df277d2/__spark_libs__8160285272782131602.zip -> hdfs://MN:9000/user/dke/.sparkStaging/application_1733127595631_0095/__spark_libs__8160285272782131602.zip
[2024-12-06T07:07:13.692+0900] {subprocess.py:106} INFO - 24/12/06 07:07:13 INFO Client: Uploading resource file:/laewon/Riot/make_model.py -> hdfs://MN:9000/user/dke/.sparkStaging/application_1733127595631_0095/make_model.py
[2024-12-06T07:07:13.727+0900] {subprocess.py:106} INFO - 24/12/06 07:07:13 INFO Client: Uploading resource file:/laewon/spark-3.5.1-bin-hadoop3/python/lib/pyspark.zip -> hdfs://MN:9000/user/dke/.sparkStaging/application_1733127595631_0095/pyspark.zip
[2024-12-06T07:07:14.013+0900] {subprocess.py:106} INFO - 24/12/06 07:07:14 INFO Client: Uploading resource file:/laewon/spark-3.5.1-bin-hadoop3/python/lib/py4j-0.10.9.7-src.zip -> hdfs://MN:9000/user/dke/.sparkStaging/application_1733127595631_0095/py4j-0.10.9.7-src.zip
[2024-12-06T07:07:14.216+0900] {subprocess.py:106} INFO - 24/12/06 07:07:14 INFO Client: Uploading resource file:/tmp/spark-c27eeb26-8a4f-497a-95ef-32450df277d2/__spark_conf__2275135336407812974.zip -> hdfs://MN:9000/user/dke/.sparkStaging/application_1733127595631_0095/__spark_conf__.zip
[2024-12-06T07:07:14.305+0900] {subprocess.py:106} INFO - 24/12/06 07:07:14 INFO SecurityManager: Changing view acls to: dke
[2024-12-06T07:07:14.306+0900] {subprocess.py:106} INFO - 24/12/06 07:07:14 INFO SecurityManager: Changing modify acls to: dke
[2024-12-06T07:07:14.306+0900] {subprocess.py:106} INFO - 24/12/06 07:07:14 INFO SecurityManager: Changing view acls groups to:
[2024-12-06T07:07:14.307+0900] {subprocess.py:106} INFO - 24/12/06 07:07:14 INFO SecurityManager: Changing modify acls groups to:
[2024-12-06T07:07:14.307+0900] {subprocess.py:106} INFO - 24/12/06 07:07:14 INFO SecurityManager: SecurityManager: authentication disabled; ui acls disabled; users with view permissions: dke; groups with view permissions: EMPTY; users with modify permissions: dke; groups with modify permissions: EMPTY
[2024-12-06T07:07:14.343+0900] {subprocess.py:106} INFO - 24/12/06 07:07:14 INFO Client: Submitting application application_1733127595631_0095 to ResourceManager
[2024-12-06T07:07:14.388+0900] {subprocess.py:106} INFO - 24/12/06 07:07:14 INFO YarnClientImpl: Submitted application application_1733127595631_0095
[2024-12-06T07:07:15.390+0900] {subprocess.py:106} INFO - 24/12/06 07:07:15 INFO Client: Application report for application_1733127595631_0095 (state: ACCEPTED)
[2024-12-06T07:07:15.394+0900] {subprocess.py:106} INFO - 24/12/06 07:07:15 INFO Client:
[2024-12-06T07:07:15.394+0900] {subprocess.py:106} INFO - 	 client token: N/A
[2024-12-06T07:07:15.394+0900] {subprocess.py:106} INFO - 	 diagnostics: AM container is launched, waiting for AM container to Register with RM
[2024-12-06T07:07:15.395+0900] {subprocess.py:106} INFO - 	 ApplicationMaster host: N/A
[2024-12-06T07:07:15.395+0900] {subprocess.py:106} INFO - 	 ApplicationMaster RPC port: -1
[2024-12-06T07:07:15.395+0900] {subprocess.py:106} INFO - 	 queue: root.default
[2024-12-06T07:07:15.395+0900] {subprocess.py:106} INFO - 	 start time: 1733436434366
[2024-12-06T07:07:15.395+0900] {subprocess.py:106} INFO - 	 final status: UNDEFINED
[2024-12-06T07:07:15.396+0900] {subprocess.py:106} INFO - 	 tracking URL: http://MN:8088/proxy/application_1733127595631_0095/
[2024-12-06T07:07:15.396+0900] {subprocess.py:106} INFO - 	 user: dke
[2024-12-06T07:07:33.419+0900] {subprocess.py:106} INFO - 24/12/06 07:07:33 INFO Client: Application report for application_1733127595631_0095 (state: RUNNING)
[2024-12-06T07:07:33.419+0900] {subprocess.py:106} INFO - 24/12/06 07:07:33 INFO Client:
[2024-12-06T07:07:33.419+0900] {subprocess.py:106} INFO - 	 client token: N/A
[2024-12-06T07:07:33.420+0900] {subprocess.py:106} INFO - 	 diagnostics: N/A
[2024-12-06T07:07:33.420+0900] {subprocess.py:106} INFO - 	 ApplicationMaster host: SN06
[2024-12-06T07:07:33.420+0900] {subprocess.py:106} INFO - 	 ApplicationMaster RPC port: 36423
[2024-12-06T07:07:33.420+0900] {subprocess.py:106} INFO - 	 queue: root.default
[2024-12-06T07:07:33.421+0900] {subprocess.py:106} INFO - 	 start time: 1733436434366
[2024-12-06T07:07:33.421+0900] {subprocess.py:106} INFO - 	 final status: UNDEFINED
[2024-12-06T07:07:33.421+0900] {subprocess.py:106} INFO - 	 tracking URL: http://MN:8088/proxy/application_1733127595631_0095/
[2024-12-06T07:07:33.422+0900] {subprocess.py:106} INFO - 	 user: dke
[2024-12-06T07:08:03.457+0900] {subprocess.py:106} INFO - 24/12/06 07:08:03 INFO Client: Application report for application_1733127595631_0095 (state: RUNNING)
[2024-12-06T07:08:33.493+0900] {subprocess.py:106} INFO - 24/12/06 07:08:33 INFO Client: Application report for application_1733127595631_0095 (state: FINISHED)
[2024-12-06T07:08:33.494+0900] {subprocess.py:106} INFO - 24/12/06 07:08:33 INFO Client:
[2024-12-06T07:08:33.494+0900] {subprocess.py:106} INFO - 	 client token: N/A
[2024-12-06T07:08:33.495+0900] {subprocess.py:106} INFO - 	 diagnostics: N/A
[2024-12-06T07:08:33.495+0900] {subprocess.py:106} INFO - 	 ApplicationMaster host: SN06
[2024-12-06T07:08:33.495+0900] {subprocess.py:106} INFO - 	 ApplicationMaster RPC port: 36423
[2024-12-06T07:08:33.496+0900] {subprocess.py:106} INFO - 	 queue: root.default
[2024-12-06T07:08:33.496+0900] {subprocess.py:106} INFO - 	 start time: 1733436434366
[2024-12-06T07:08:33.496+0900] {subprocess.py:106} INFO - 	 final status: SUCCEEDED
[2024-12-06T07:08:33.496+0900] {subprocess.py:106} INFO - 	 tracking URL: http://MN:8088/proxy/application_1733127595631_0095/
[2024-12-06T07:08:33.497+0900] {subprocess.py:106} INFO - 	 user: dke
[2024-12-06T07:08:33.504+0900] {subprocess.py:106} INFO - 24/12/06 07:08:33 INFO Client: Deleted staging directory hdfs://MN:9000/user/dke/.sparkStaging/application_1733127595631_0095
[2024-12-06T07:08:33.508+0900] {subprocess.py:106} INFO - 24/12/06 07:08:33 INFO ShutdownHookManager: Shutdown hook called
[2024-12-06T07:08:33.509+0900] {subprocess.py:106} INFO - 24/12/06 07:08:33 INFO ShutdownHookManager: Deleting directory /tmp/spark-dda7c062-6e83-4006-ab11-b541bb2a6080
[2024-12-06T07:08:33.512+0900] {subprocess.py:106} INFO - 24/12/06 07:08:33 INFO ShutdownHookManager: Deleting directory /tmp/spark-c27eeb26-8a4f-497a-95ef-32450df277d2
[2024-12-06T07:08:33.869+0900] {subprocess.py:110} INFO - Command exited with return code 0
[2024-12-06T07:08:33.890+0900] {taskinstance.py:340} INFO - ::group::Post task execution logs
[2024-12-06T07:08:33.890+0900] {taskinstance.py:352} INFO - Marking task as SUCCESS. dag_id=process_and_upload_json_to_hdfs, task_id=run_make_model, run_id=scheduled__2024-12-05T21:00:00+00:00, execution_date=20241205T210000, start_date=20241205T220637, end_date=20241205T220833
[2024-12-06T07:08:33.931+0900] {local_task_job_runner.py:266} INFO - Task exited with return code 0
[2024-12-06T07:08:33.941+0900] {taskinstance.py:3895} INFO - 0 downstream tasks scheduled from follow-on schedule check
[2024-12-06T07:08:33.942+0900] {local_task_job_runner.py:245} INFO - ::endgroup::
