[2024-12-05T04:06:24.100+0900] {local_task_job_runner.py:123} INFO - ::group::Pre task execution logs
[2024-12-05T04:06:24.110+0900] {taskinstance.py:2613} INFO - Dependencies all met for dep_context=non-requeueable deps ti=<TaskInstance: process_and_upload_json_to_hdfs.run_make_model scheduled__2024-12-04T18:00:00+00:00 [queued]>
[2024-12-05T04:06:24.117+0900] {taskinstance.py:2613} INFO - Dependencies all met for dep_context=requeueable deps ti=<TaskInstance: process_and_upload_json_to_hdfs.run_make_model scheduled__2024-12-04T18:00:00+00:00 [queued]>
[2024-12-05T04:06:24.117+0900] {taskinstance.py:2866} INFO - Starting attempt 1 of 2
[2024-12-05T04:06:24.133+0900] {taskinstance.py:2889} INFO - Executing <Task(BashOperator): run_make_model> on 2024-12-04 18:00:00+00:00
[2024-12-05T04:06:24.136+0900] {standard_task_runner.py:72} INFO - Started process 1435493 to run task
[2024-12-05T04:06:24.139+0900] {standard_task_runner.py:104} INFO - Running: ['airflow', 'tasks', 'run', 'process_and_upload_json_to_hdfs', 'run_make_model', 'scheduled__2024-12-04T18:00:00+00:00', '--job-id', '606', '--raw', '--subdir', 'DAGS_FOLDER/data_to_hdfs.py', '--cfg-path', '/tmp/tmpkdshqkz9']
[2024-12-05T04:06:24.141+0900] {standard_task_runner.py:105} INFO - Job 606: Subtask run_make_model
[2024-12-05T04:06:24.175+0900] {task_command.py:467} INFO - Running <TaskInstance: process_and_upload_json_to_hdfs.run_make_model scheduled__2024-12-04T18:00:00+00:00 [running]> on host MN
[2024-12-05T04:06:24.242+0900] {taskinstance.py:3132} INFO - Exporting env vars: AIRFLOW_CTX_DAG_OWNER='airflow' AIRFLOW_CTX_DAG_ID='process_and_upload_json_to_hdfs' AIRFLOW_CTX_TASK_ID='run_make_model' AIRFLOW_CTX_EXECUTION_DATE='2024-12-04T18:00:00+00:00' AIRFLOW_CTX_TRY_NUMBER='1' AIRFLOW_CTX_DAG_RUN_ID='scheduled__2024-12-04T18:00:00+00:00'
[2024-12-05T04:06:24.243+0900] {taskinstance.py:731} INFO - ::endgroup::
[2024-12-05T04:06:24.257+0900] {subprocess.py:78} INFO - Tmp dir root location: /tmp
[2024-12-05T04:06:24.258+0900] {subprocess.py:88} INFO - Running command: ['/usr/bin/bash', '-c', '/laewon/spark/bin/spark-submit --master yarn --deploy-mode cluster /laewon/Riot/make_model.py']
[2024-12-05T04:06:24.264+0900] {subprocess.py:99} INFO - Output:
[2024-12-05T04:06:26.553+0900] {subprocess.py:106} INFO - 24/12/05 04:06:26 INFO DefaultNoHARMFailoverProxyProvider: Connecting to ResourceManager at MN/192.168.4.7:8032
[2024-12-05T04:06:27.251+0900] {subprocess.py:106} INFO - 24/12/05 04:06:27 INFO Configuration: resource-types.xml not found
[2024-12-05T04:06:27.251+0900] {subprocess.py:106} INFO - 24/12/05 04:06:27 INFO ResourceUtils: Unable to find 'resource-types.xml'.
[2024-12-05T04:06:27.265+0900] {subprocess.py:106} INFO - 24/12/05 04:06:27 INFO Client: Verifying our application has not requested more than the maximum memory capability of the cluster (819200 MB per container)
[2024-12-05T04:06:27.266+0900] {subprocess.py:106} INFO - 24/12/05 04:06:27 INFO Client: Will allocate AM container, with 1408 MB memory including 384 MB overhead
[2024-12-05T04:06:27.266+0900] {subprocess.py:106} INFO - 24/12/05 04:06:27 INFO Client: Setting up container launch context for our AM
[2024-12-05T04:06:27.270+0900] {subprocess.py:106} INFO - 24/12/05 04:06:27 INFO Client: Setting up the launch environment for our AM container
[2024-12-05T04:06:27.281+0900] {subprocess.py:106} INFO - 24/12/05 04:06:27 INFO Client: Preparing resources for our AM container
[2024-12-05T04:06:27.315+0900] {subprocess.py:106} INFO - 24/12/05 04:06:27 WARN Client: Neither spark.yarn.jars nor spark.yarn.archive is set, falling back to uploading libraries under SPARK_HOME.
[2024-12-05T04:06:30.198+0900] {subprocess.py:106} INFO - 24/12/05 04:06:30 INFO Client: Uploading resource file:/tmp/spark-6a3bb1c4-37a9-4ba5-a8cb-0a46a10d3651/__spark_libs__1531463642858376357.zip -> hdfs://MN:9000/user/dke/.sparkStaging/application_1733127595631_0068/__spark_libs__1531463642858376357.zip
[2024-12-05T04:07:00.295+0900] {subprocess.py:106} INFO - 24/12/05 04:07:00 INFO Client: Uploading resource file:/laewon/Riot/make_model.py -> hdfs://MN:9000/user/dke/.sparkStaging/application_1733127595631_0068/make_model.py
[2024-12-05T04:07:00.325+0900] {subprocess.py:106} INFO - 24/12/05 04:07:00 INFO Client: Uploading resource file:/laewon/spark-3.5.1-bin-hadoop3/python/lib/pyspark.zip -> hdfs://MN:9000/user/dke/.sparkStaging/application_1733127595631_0068/pyspark.zip
[2024-12-05T04:07:00.561+0900] {subprocess.py:106} INFO - 24/12/05 04:07:00 INFO Client: Uploading resource file:/laewon/spark-3.5.1-bin-hadoop3/python/lib/py4j-0.10.9.7-src.zip -> hdfs://MN:9000/user/dke/.sparkStaging/application_1733127595631_0068/py4j-0.10.9.7-src.zip
[2024-12-05T04:07:00.770+0900] {subprocess.py:106} INFO - 24/12/05 04:07:00 INFO Client: Uploading resource file:/tmp/spark-6a3bb1c4-37a9-4ba5-a8cb-0a46a10d3651/__spark_conf__14536845621190679023.zip -> hdfs://MN:9000/user/dke/.sparkStaging/application_1733127595631_0068/__spark_conf__.zip
[2024-12-05T04:07:00.844+0900] {subprocess.py:106} INFO - 24/12/05 04:07:00 INFO SecurityManager: Changing view acls to: dke
[2024-12-05T04:07:00.845+0900] {subprocess.py:106} INFO - 24/12/05 04:07:00 INFO SecurityManager: Changing modify acls to: dke
[2024-12-05T04:07:00.845+0900] {subprocess.py:106} INFO - 24/12/05 04:07:00 INFO SecurityManager: Changing view acls groups to:
[2024-12-05T04:07:00.846+0900] {subprocess.py:106} INFO - 24/12/05 04:07:00 INFO SecurityManager: Changing modify acls groups to:
[2024-12-05T04:07:00.846+0900] {subprocess.py:106} INFO - 24/12/05 04:07:00 INFO SecurityManager: SecurityManager: authentication disabled; ui acls disabled; users with view permissions: dke; groups with view permissions: EMPTY; users with modify permissions: dke; groups with modify permissions: EMPTY
[2024-12-05T04:07:00.882+0900] {subprocess.py:106} INFO - 24/12/05 04:07:00 INFO Client: Submitting application application_1733127595631_0068 to ResourceManager
[2024-12-05T04:07:00.927+0900] {subprocess.py:106} INFO - 24/12/05 04:07:00 INFO YarnClientImpl: Submitted application application_1733127595631_0068
[2024-12-05T04:07:01.930+0900] {subprocess.py:106} INFO - 24/12/05 04:07:01 INFO Client: Application report for application_1733127595631_0068 (state: ACCEPTED)
[2024-12-05T04:07:01.933+0900] {subprocess.py:106} INFO - 24/12/05 04:07:01 INFO Client:
[2024-12-05T04:07:01.934+0900] {subprocess.py:106} INFO - 	 client token: N/A
[2024-12-05T04:07:01.934+0900] {subprocess.py:106} INFO - 	 diagnostics: AM container is launched, waiting for AM container to Register with RM
[2024-12-05T04:07:01.934+0900] {subprocess.py:106} INFO - 	 ApplicationMaster host: N/A
[2024-12-05T04:07:01.934+0900] {subprocess.py:106} INFO - 	 ApplicationMaster RPC port: -1
[2024-12-05T04:07:01.935+0900] {subprocess.py:106} INFO - 	 queue: root.default
[2024-12-05T04:07:01.935+0900] {subprocess.py:106} INFO - 	 start time: 1733339220906
[2024-12-05T04:07:01.935+0900] {subprocess.py:106} INFO - 	 final status: UNDEFINED
[2024-12-05T04:07:01.935+0900] {subprocess.py:106} INFO - 	 tracking URL: http://MN:8088/proxy/application_1733127595631_0068/
[2024-12-05T04:07:01.936+0900] {subprocess.py:106} INFO - 	 user: dke
[2024-12-05T04:07:26.966+0900] {subprocess.py:106} INFO - 24/12/05 04:07:26 INFO Client: Application report for application_1733127595631_0068 (state: RUNNING)
[2024-12-05T04:07:26.966+0900] {subprocess.py:106} INFO - 24/12/05 04:07:26 INFO Client:
[2024-12-05T04:07:26.967+0900] {subprocess.py:106} INFO - 	 client token: N/A
[2024-12-05T04:07:26.967+0900] {subprocess.py:106} INFO - 	 diagnostics: N/A
[2024-12-05T04:07:26.967+0900] {subprocess.py:106} INFO - 	 ApplicationMaster host: SN01
[2024-12-05T04:07:26.967+0900] {subprocess.py:106} INFO - 	 ApplicationMaster RPC port: 43259
[2024-12-05T04:07:26.968+0900] {subprocess.py:106} INFO - 	 queue: root.default
[2024-12-05T04:07:26.968+0900] {subprocess.py:106} INFO - 	 start time: 1733339220906
[2024-12-05T04:07:26.968+0900] {subprocess.py:106} INFO - 	 final status: UNDEFINED
[2024-12-05T04:07:26.968+0900] {subprocess.py:106} INFO - 	 tracking URL: http://MN:8088/proxy/application_1733127595631_0068/
[2024-12-05T04:07:26.969+0900] {subprocess.py:106} INFO - 	 user: dke
[2024-12-05T04:07:57.002+0900] {subprocess.py:106} INFO - 24/12/05 04:07:57 INFO Client: Application report for application_1733127595631_0068 (state: RUNNING)
[2024-12-05T04:08:21.032+0900] {subprocess.py:106} INFO - 24/12/05 04:08:21 INFO Client: Application report for application_1733127595631_0068 (state: FINISHED)
[2024-12-05T04:08:21.032+0900] {subprocess.py:106} INFO - 24/12/05 04:08:21 INFO Client:
[2024-12-05T04:08:21.033+0900] {subprocess.py:106} INFO - 	 client token: N/A
[2024-12-05T04:08:21.033+0900] {subprocess.py:106} INFO - 	 diagnostics: N/A
[2024-12-05T04:08:21.033+0900] {subprocess.py:106} INFO - 	 ApplicationMaster host: SN01
[2024-12-05T04:08:21.033+0900] {subprocess.py:106} INFO - 	 ApplicationMaster RPC port: 43259
[2024-12-05T04:08:21.034+0900] {subprocess.py:106} INFO - 	 queue: root.default
[2024-12-05T04:08:21.034+0900] {subprocess.py:106} INFO - 	 start time: 1733339220906
[2024-12-05T04:08:21.034+0900] {subprocess.py:106} INFO - 	 final status: SUCCEEDED
[2024-12-05T04:08:21.034+0900] {subprocess.py:106} INFO - 	 tracking URL: http://MN:8088/proxy/application_1733127595631_0068/
[2024-12-05T04:08:21.035+0900] {subprocess.py:106} INFO - 	 user: dke
[2024-12-05T04:08:21.041+0900] {subprocess.py:106} INFO - 24/12/05 04:08:21 INFO ShutdownHookManager: Shutdown hook called
[2024-12-05T04:08:21.042+0900] {subprocess.py:106} INFO - 24/12/05 04:08:21 INFO ShutdownHookManager: Deleting directory /tmp/spark-9edafdb3-74fe-4af3-9427-ba94e173a893
[2024-12-05T04:08:21.045+0900] {subprocess.py:106} INFO - 24/12/05 04:08:21 INFO ShutdownHookManager: Deleting directory /tmp/spark-6a3bb1c4-37a9-4ba5-a8cb-0a46a10d3651
[2024-12-05T04:08:21.403+0900] {subprocess.py:110} INFO - Command exited with return code 0
[2024-12-05T04:08:21.427+0900] {taskinstance.py:340} INFO - ::group::Post task execution logs
[2024-12-05T04:08:21.427+0900] {taskinstance.py:352} INFO - Marking task as SUCCESS. dag_id=process_and_upload_json_to_hdfs, task_id=run_make_model, run_id=scheduled__2024-12-04T18:00:00+00:00, execution_date=20241204T180000, start_date=20241204T190624, end_date=20241204T190821
[2024-12-05T04:08:21.474+0900] {local_task_job_runner.py:266} INFO - Task exited with return code 0
[2024-12-05T04:08:21.484+0900] {taskinstance.py:3895} INFO - 0 downstream tasks scheduled from follow-on schedule check
[2024-12-05T04:08:21.484+0900] {local_task_job_runner.py:245} INFO - ::endgroup::
