[2024-12-05T07:06:39.273+0900] {local_task_job_runner.py:123} INFO - ::group::Pre task execution logs
[2024-12-05T07:06:39.283+0900] {taskinstance.py:2613} INFO - Dependencies all met for dep_context=non-requeueable deps ti=<TaskInstance: process_and_upload_json_to_hdfs.run_make_model scheduled__2024-12-04T21:00:00+00:00 [queued]>
[2024-12-05T07:06:39.290+0900] {taskinstance.py:2613} INFO - Dependencies all met for dep_context=requeueable deps ti=<TaskInstance: process_and_upload_json_to_hdfs.run_make_model scheduled__2024-12-04T21:00:00+00:00 [queued]>
[2024-12-05T07:06:39.290+0900] {taskinstance.py:2866} INFO - Starting attempt 1 of 2
[2024-12-05T07:06:39.306+0900] {taskinstance.py:2889} INFO - Executing <Task(BashOperator): run_make_model> on 2024-12-04 21:00:00+00:00
[2024-12-05T07:06:39.309+0900] {standard_task_runner.py:72} INFO - Started process 1519622 to run task
[2024-12-05T07:06:39.313+0900] {standard_task_runner.py:104} INFO - Running: ['airflow', 'tasks', 'run', 'process_and_upload_json_to_hdfs', 'run_make_model', 'scheduled__2024-12-04T21:00:00+00:00', '--job-id', '618', '--raw', '--subdir', 'DAGS_FOLDER/data_to_hdfs.py', '--cfg-path', '/tmp/tmpxswgoapc']
[2024-12-05T07:06:39.314+0900] {standard_task_runner.py:105} INFO - Job 618: Subtask run_make_model
[2024-12-05T07:06:39.347+0900] {task_command.py:467} INFO - Running <TaskInstance: process_and_upload_json_to_hdfs.run_make_model scheduled__2024-12-04T21:00:00+00:00 [running]> on host MN
[2024-12-05T07:06:39.414+0900] {taskinstance.py:3132} INFO - Exporting env vars: AIRFLOW_CTX_DAG_OWNER='airflow' AIRFLOW_CTX_DAG_ID='process_and_upload_json_to_hdfs' AIRFLOW_CTX_TASK_ID='run_make_model' AIRFLOW_CTX_EXECUTION_DATE='2024-12-04T21:00:00+00:00' AIRFLOW_CTX_TRY_NUMBER='1' AIRFLOW_CTX_DAG_RUN_ID='scheduled__2024-12-04T21:00:00+00:00'
[2024-12-05T07:06:39.415+0900] {taskinstance.py:731} INFO - ::endgroup::
[2024-12-05T07:06:39.429+0900] {subprocess.py:78} INFO - Tmp dir root location: /tmp
[2024-12-05T07:06:39.429+0900] {subprocess.py:88} INFO - Running command: ['/usr/bin/bash', '-c', '/laewon/spark/bin/spark-submit --master yarn --deploy-mode cluster /laewon/Riot/make_model.py']
[2024-12-05T07:06:39.435+0900] {subprocess.py:99} INFO - Output:
[2024-12-05T07:06:41.736+0900] {subprocess.py:106} INFO - 24/12/05 07:06:41 INFO DefaultNoHARMFailoverProxyProvider: Connecting to ResourceManager at MN/192.168.4.7:8032
[2024-12-05T07:06:42.441+0900] {subprocess.py:106} INFO - 24/12/05 07:06:42 INFO Configuration: resource-types.xml not found
[2024-12-05T07:06:42.441+0900] {subprocess.py:106} INFO - 24/12/05 07:06:42 INFO ResourceUtils: Unable to find 'resource-types.xml'.
[2024-12-05T07:06:42.455+0900] {subprocess.py:106} INFO - 24/12/05 07:06:42 INFO Client: Verifying our application has not requested more than the maximum memory capability of the cluster (819200 MB per container)
[2024-12-05T07:06:42.456+0900] {subprocess.py:106} INFO - 24/12/05 07:06:42 INFO Client: Will allocate AM container, with 1408 MB memory including 384 MB overhead
[2024-12-05T07:06:42.456+0900] {subprocess.py:106} INFO - 24/12/05 07:06:42 INFO Client: Setting up container launch context for our AM
[2024-12-05T07:06:42.460+0900] {subprocess.py:106} INFO - 24/12/05 07:06:42 INFO Client: Setting up the launch environment for our AM container
[2024-12-05T07:06:42.471+0900] {subprocess.py:106} INFO - 24/12/05 07:06:42 INFO Client: Preparing resources for our AM container
[2024-12-05T07:06:42.506+0900] {subprocess.py:106} INFO - 24/12/05 07:06:42 WARN Client: Neither spark.yarn.jars nor spark.yarn.archive is set, falling back to uploading libraries under SPARK_HOME.
[2024-12-05T07:06:45.408+0900] {subprocess.py:106} INFO - 24/12/05 07:06:45 INFO Client: Uploading resource file:/tmp/spark-f408f5ee-9107-40f5-9a69-59a297dd56f4/__spark_libs__3397215787798686574.zip -> hdfs://MN:9000/user/dke/.sparkStaging/application_1733127595631_0071/__spark_libs__3397215787798686574.zip
[2024-12-05T07:07:19.939+0900] {subprocess.py:106} INFO - 24/12/05 07:07:19 INFO Client: Uploading resource file:/laewon/Riot/make_model.py -> hdfs://MN:9000/user/dke/.sparkStaging/application_1733127595631_0071/make_model.py
[2024-12-05T07:07:19.973+0900] {subprocess.py:106} INFO - 24/12/05 07:07:19 INFO Client: Uploading resource file:/laewon/spark-3.5.1-bin-hadoop3/python/lib/pyspark.zip -> hdfs://MN:9000/user/dke/.sparkStaging/application_1733127595631_0071/pyspark.zip
[2024-12-05T07:07:20.222+0900] {subprocess.py:106} INFO - 24/12/05 07:07:20 INFO Client: Uploading resource file:/laewon/spark-3.5.1-bin-hadoop3/python/lib/py4j-0.10.9.7-src.zip -> hdfs://MN:9000/user/dke/.sparkStaging/application_1733127595631_0071/py4j-0.10.9.7-src.zip
[2024-12-05T07:07:20.418+0900] {subprocess.py:106} INFO - 24/12/05 07:07:20 INFO Client: Uploading resource file:/tmp/spark-f408f5ee-9107-40f5-9a69-59a297dd56f4/__spark_conf__15431460511043265083.zip -> hdfs://MN:9000/user/dke/.sparkStaging/application_1733127595631_0071/__spark_conf__.zip
[2024-12-05T07:07:20.494+0900] {subprocess.py:106} INFO - 24/12/05 07:07:20 INFO SecurityManager: Changing view acls to: dke
[2024-12-05T07:07:20.495+0900] {subprocess.py:106} INFO - 24/12/05 07:07:20 INFO SecurityManager: Changing modify acls to: dke
[2024-12-05T07:07:20.495+0900] {subprocess.py:106} INFO - 24/12/05 07:07:20 INFO SecurityManager: Changing view acls groups to:
[2024-12-05T07:07:20.495+0900] {subprocess.py:106} INFO - 24/12/05 07:07:20 INFO SecurityManager: Changing modify acls groups to:
[2024-12-05T07:07:20.496+0900] {subprocess.py:106} INFO - 24/12/05 07:07:20 INFO SecurityManager: SecurityManager: authentication disabled; ui acls disabled; users with view permissions: dke; groups with view permissions: EMPTY; users with modify permissions: dke; groups with modify permissions: EMPTY
[2024-12-05T07:07:20.538+0900] {subprocess.py:106} INFO - 24/12/05 07:07:20 INFO Client: Submitting application application_1733127595631_0071 to ResourceManager
[2024-12-05T07:07:20.588+0900] {subprocess.py:106} INFO - 24/12/05 07:07:20 INFO YarnClientImpl: Submitted application application_1733127595631_0071
[2024-12-05T07:07:21.591+0900] {subprocess.py:106} INFO - 24/12/05 07:07:21 INFO Client: Application report for application_1733127595631_0071 (state: ACCEPTED)
[2024-12-05T07:07:21.594+0900] {subprocess.py:106} INFO - 24/12/05 07:07:21 INFO Client:
[2024-12-05T07:07:21.595+0900] {subprocess.py:106} INFO - 	 client token: N/A
[2024-12-05T07:07:21.595+0900] {subprocess.py:106} INFO - 	 diagnostics: AM container is launched, waiting for AM container to Register with RM
[2024-12-05T07:07:21.595+0900] {subprocess.py:106} INFO - 	 ApplicationMaster host: N/A
[2024-12-05T07:07:21.595+0900] {subprocess.py:106} INFO - 	 ApplicationMaster RPC port: -1
[2024-12-05T07:07:21.596+0900] {subprocess.py:106} INFO - 	 queue: root.default
[2024-12-05T07:07:21.596+0900] {subprocess.py:106} INFO - 	 start time: 1733350040561
[2024-12-05T07:07:21.596+0900] {subprocess.py:106} INFO - 	 final status: UNDEFINED
[2024-12-05T07:07:21.596+0900] {subprocess.py:106} INFO - 	 tracking URL: http://MN:8088/proxy/application_1733127595631_0071/
[2024-12-05T07:07:21.596+0900] {subprocess.py:106} INFO - 	 user: dke
[2024-12-05T07:07:28.603+0900] {subprocess.py:106} INFO - 24/12/05 07:07:28 INFO Client: Application report for application_1733127595631_0071 (state: RUNNING)
[2024-12-05T07:07:28.604+0900] {subprocess.py:106} INFO - 24/12/05 07:07:28 INFO Client:
[2024-12-05T07:07:28.604+0900] {subprocess.py:106} INFO - 	 client token: N/A
[2024-12-05T07:07:28.604+0900] {subprocess.py:106} INFO - 	 diagnostics: N/A
[2024-12-05T07:07:28.604+0900] {subprocess.py:106} INFO - 	 ApplicationMaster host: SN07
[2024-12-05T07:07:28.605+0900] {subprocess.py:106} INFO - 	 ApplicationMaster RPC port: 39443
[2024-12-05T07:07:28.605+0900] {subprocess.py:106} INFO - 	 queue: root.default
[2024-12-05T07:07:28.605+0900] {subprocess.py:106} INFO - 	 start time: 1733350040561
[2024-12-05T07:07:28.606+0900] {subprocess.py:106} INFO - 	 final status: UNDEFINED
[2024-12-05T07:07:28.606+0900] {subprocess.py:106} INFO - 	 tracking URL: http://MN:8088/proxy/application_1733127595631_0071/
[2024-12-05T07:07:28.606+0900] {subprocess.py:106} INFO - 	 user: dke
[2024-12-05T07:07:58.642+0900] {subprocess.py:106} INFO - 24/12/05 07:07:58 INFO Client: Application report for application_1733127595631_0071 (state: RUNNING)
[2024-12-05T07:08:15.661+0900] {subprocess.py:106} INFO - 24/12/05 07:08:15 INFO Client: Application report for application_1733127595631_0071 (state: FINISHED)
[2024-12-05T07:08:15.662+0900] {subprocess.py:106} INFO - 24/12/05 07:08:15 INFO Client:
[2024-12-05T07:08:15.663+0900] {subprocess.py:106} INFO - 	 client token: N/A
[2024-12-05T07:08:15.663+0900] {subprocess.py:106} INFO - 	 diagnostics: N/A
[2024-12-05T07:08:15.663+0900] {subprocess.py:106} INFO - 	 ApplicationMaster host: SN07
[2024-12-05T07:08:15.663+0900] {subprocess.py:106} INFO - 	 ApplicationMaster RPC port: 39443
[2024-12-05T07:08:15.664+0900] {subprocess.py:106} INFO - 	 queue: root.default
[2024-12-05T07:08:15.664+0900] {subprocess.py:106} INFO - 	 start time: 1733350040561
[2024-12-05T07:08:15.664+0900] {subprocess.py:106} INFO - 	 final status: SUCCEEDED
[2024-12-05T07:08:15.664+0900] {subprocess.py:106} INFO - 	 tracking URL: http://MN:8088/proxy/application_1733127595631_0071/
[2024-12-05T07:08:15.665+0900] {subprocess.py:106} INFO - 	 user: dke
[2024-12-05T07:08:15.671+0900] {subprocess.py:106} INFO - 24/12/05 07:08:15 INFO ShutdownHookManager: Shutdown hook called
[2024-12-05T07:08:15.672+0900] {subprocess.py:106} INFO - 24/12/05 07:08:15 INFO ShutdownHookManager: Deleting directory /tmp/spark-f408f5ee-9107-40f5-9a69-59a297dd56f4
[2024-12-05T07:08:15.675+0900] {subprocess.py:106} INFO - 24/12/05 07:08:15 INFO ShutdownHookManager: Deleting directory /tmp/spark-ead75c9a-6918-4666-9b1f-bf65e0518e0f
[2024-12-05T07:08:16.030+0900] {subprocess.py:110} INFO - Command exited with return code 0
[2024-12-05T07:08:16.060+0900] {taskinstance.py:340} INFO - ::group::Post task execution logs
[2024-12-05T07:08:16.061+0900] {taskinstance.py:352} INFO - Marking task as SUCCESS. dag_id=process_and_upload_json_to_hdfs, task_id=run_make_model, run_id=scheduled__2024-12-04T21:00:00+00:00, execution_date=20241204T210000, start_date=20241204T220639, end_date=20241204T220816
[2024-12-05T07:08:16.090+0900] {local_task_job_runner.py:266} INFO - Task exited with return code 0
[2024-12-05T07:08:16.099+0900] {taskinstance.py:3895} INFO - 0 downstream tasks scheduled from follow-on schedule check
[2024-12-05T07:08:16.100+0900] {local_task_job_runner.py:245} INFO - ::endgroup::
