[2024-12-05T16:06:54.385+0900] {local_task_job_runner.py:123} INFO - ::group::Pre task execution logs
[2024-12-05T16:06:54.395+0900] {taskinstance.py:2613} INFO - Dependencies all met for dep_context=non-requeueable deps ti=<TaskInstance: process_and_upload_json_to_hdfs.run_make_model scheduled__2024-12-05T06:00:00+00:00 [queued]>
[2024-12-05T16:06:54.402+0900] {taskinstance.py:2613} INFO - Dependencies all met for dep_context=requeueable deps ti=<TaskInstance: process_and_upload_json_to_hdfs.run_make_model scheduled__2024-12-05T06:00:00+00:00 [queued]>
[2024-12-05T16:06:54.402+0900] {taskinstance.py:2866} INFO - Starting attempt 1 of 2
[2024-12-05T16:06:54.418+0900] {taskinstance.py:2889} INFO - Executing <Task(BashOperator): run_make_model> on 2024-12-05 06:00:00+00:00
[2024-12-05T16:06:54.421+0900] {standard_task_runner.py:72} INFO - Started process 1777242 to run task
[2024-12-05T16:06:54.425+0900] {standard_task_runner.py:104} INFO - Running: ['airflow', 'tasks', 'run', 'process_and_upload_json_to_hdfs', 'run_make_model', 'scheduled__2024-12-05T06:00:00+00:00', '--job-id', '654', '--raw', '--subdir', 'DAGS_FOLDER/data_to_hdfs.py', '--cfg-path', '/tmp/tmp565amqi7']
[2024-12-05T16:06:54.426+0900] {standard_task_runner.py:105} INFO - Job 654: Subtask run_make_model
[2024-12-05T16:06:54.460+0900] {task_command.py:467} INFO - Running <TaskInstance: process_and_upload_json_to_hdfs.run_make_model scheduled__2024-12-05T06:00:00+00:00 [running]> on host MN
[2024-12-05T16:06:54.528+0900] {taskinstance.py:3132} INFO - Exporting env vars: AIRFLOW_CTX_DAG_OWNER='airflow' AIRFLOW_CTX_DAG_ID='process_and_upload_json_to_hdfs' AIRFLOW_CTX_TASK_ID='run_make_model' AIRFLOW_CTX_EXECUTION_DATE='2024-12-05T06:00:00+00:00' AIRFLOW_CTX_TRY_NUMBER='1' AIRFLOW_CTX_DAG_RUN_ID='scheduled__2024-12-05T06:00:00+00:00'
[2024-12-05T16:06:54.529+0900] {taskinstance.py:731} INFO - ::endgroup::
[2024-12-05T16:06:54.543+0900] {subprocess.py:78} INFO - Tmp dir root location: /tmp
[2024-12-05T16:06:54.543+0900] {subprocess.py:88} INFO - Running command: ['/usr/bin/bash', '-c', '/laewon/spark/bin/spark-submit --master yarn --deploy-mode cluster /laewon/Riot/make_model.py']
[2024-12-05T16:06:54.550+0900] {subprocess.py:99} INFO - Output:
[2024-12-05T16:06:56.777+0900] {subprocess.py:106} INFO - 24/12/05 16:06:56 INFO DefaultNoHARMFailoverProxyProvider: Connecting to ResourceManager at MN/192.168.4.7:8032
[2024-12-05T16:06:57.472+0900] {subprocess.py:106} INFO - 24/12/05 16:06:57 INFO Configuration: resource-types.xml not found
[2024-12-05T16:06:57.473+0900] {subprocess.py:106} INFO - 24/12/05 16:06:57 INFO ResourceUtils: Unable to find 'resource-types.xml'.
[2024-12-05T16:06:57.487+0900] {subprocess.py:106} INFO - 24/12/05 16:06:57 INFO Client: Verifying our application has not requested more than the maximum memory capability of the cluster (819200 MB per container)
[2024-12-05T16:06:57.488+0900] {subprocess.py:106} INFO - 24/12/05 16:06:57 INFO Client: Will allocate AM container, with 1408 MB memory including 384 MB overhead
[2024-12-05T16:06:57.489+0900] {subprocess.py:106} INFO - 24/12/05 16:06:57 INFO Client: Setting up container launch context for our AM
[2024-12-05T16:06:57.492+0900] {subprocess.py:106} INFO - 24/12/05 16:06:57 INFO Client: Setting up the launch environment for our AM container
[2024-12-05T16:06:57.504+0900] {subprocess.py:106} INFO - 24/12/05 16:06:57 INFO Client: Preparing resources for our AM container
[2024-12-05T16:06:57.538+0900] {subprocess.py:106} INFO - 24/12/05 16:06:57 WARN Client: Neither spark.yarn.jars nor spark.yarn.archive is set, falling back to uploading libraries under SPARK_HOME.
[2024-12-05T16:07:00.381+0900] {subprocess.py:106} INFO - 24/12/05 16:07:00 INFO Client: Uploading resource file:/tmp/spark-bed60255-530f-42a4-9cca-81fe077280be/__spark_libs__13505180196276548789.zip -> hdfs://MN:9000/user/dke/.sparkStaging/application_1733127595631_0080/__spark_libs__13505180196276548789.zip
[2024-12-05T16:07:33.123+0900] {subprocess.py:106} INFO - 24/12/05 16:07:33 INFO Client: Uploading resource file:/laewon/Riot/make_model.py -> hdfs://MN:9000/user/dke/.sparkStaging/application_1733127595631_0080/make_model.py
[2024-12-05T16:07:33.156+0900] {subprocess.py:106} INFO - 24/12/05 16:07:33 INFO Client: Uploading resource file:/laewon/spark-3.5.1-bin-hadoop3/python/lib/pyspark.zip -> hdfs://MN:9000/user/dke/.sparkStaging/application_1733127595631_0080/pyspark.zip
[2024-12-05T16:07:33.393+0900] {subprocess.py:106} INFO - 24/12/05 16:07:33 INFO Client: Uploading resource file:/laewon/spark-3.5.1-bin-hadoop3/python/lib/py4j-0.10.9.7-src.zip -> hdfs://MN:9000/user/dke/.sparkStaging/application_1733127595631_0080/py4j-0.10.9.7-src.zip
[2024-12-05T16:07:33.589+0900] {subprocess.py:106} INFO - 24/12/05 16:07:33 INFO Client: Uploading resource file:/tmp/spark-bed60255-530f-42a4-9cca-81fe077280be/__spark_conf__6310469263590831392.zip -> hdfs://MN:9000/user/dke/.sparkStaging/application_1733127595631_0080/__spark_conf__.zip
[2024-12-05T16:07:33.665+0900] {subprocess.py:106} INFO - 24/12/05 16:07:33 INFO SecurityManager: Changing view acls to: dke
[2024-12-05T16:07:33.665+0900] {subprocess.py:106} INFO - 24/12/05 16:07:33 INFO SecurityManager: Changing modify acls to: dke
[2024-12-05T16:07:33.666+0900] {subprocess.py:106} INFO - 24/12/05 16:07:33 INFO SecurityManager: Changing view acls groups to:
[2024-12-05T16:07:33.666+0900] {subprocess.py:106} INFO - 24/12/05 16:07:33 INFO SecurityManager: Changing modify acls groups to:
[2024-12-05T16:07:33.667+0900] {subprocess.py:106} INFO - 24/12/05 16:07:33 INFO SecurityManager: SecurityManager: authentication disabled; ui acls disabled; users with view permissions: dke; groups with view permissions: EMPTY; users with modify permissions: dke; groups with modify permissions: EMPTY
[2024-12-05T16:07:33.704+0900] {subprocess.py:106} INFO - 24/12/05 16:07:33 INFO Client: Submitting application application_1733127595631_0080 to ResourceManager
[2024-12-05T16:07:33.756+0900] {subprocess.py:106} INFO - 24/12/05 16:07:33 INFO YarnClientImpl: Submitted application application_1733127595631_0080
[2024-12-05T16:07:34.759+0900] {subprocess.py:106} INFO - 24/12/05 16:07:34 INFO Client: Application report for application_1733127595631_0080 (state: ACCEPTED)
[2024-12-05T16:07:34.763+0900] {subprocess.py:106} INFO - 24/12/05 16:07:34 INFO Client:
[2024-12-05T16:07:34.763+0900] {subprocess.py:106} INFO - 	 client token: N/A
[2024-12-05T16:07:34.763+0900] {subprocess.py:106} INFO - 	 diagnostics: AM container is launched, waiting for AM container to Register with RM
[2024-12-05T16:07:34.764+0900] {subprocess.py:106} INFO - 	 ApplicationMaster host: N/A
[2024-12-05T16:07:34.764+0900] {subprocess.py:106} INFO - 	 ApplicationMaster RPC port: -1
[2024-12-05T16:07:34.764+0900] {subprocess.py:106} INFO - 	 queue: root.default
[2024-12-05T16:07:34.764+0900] {subprocess.py:106} INFO - 	 start time: 1733382453727
[2024-12-05T16:07:34.765+0900] {subprocess.py:106} INFO - 	 final status: UNDEFINED
[2024-12-05T16:07:34.765+0900] {subprocess.py:106} INFO - 	 tracking URL: http://MN:8088/proxy/application_1733127595631_0080/
[2024-12-05T16:07:34.765+0900] {subprocess.py:106} INFO - 	 user: dke
[2024-12-05T16:08:02.799+0900] {subprocess.py:106} INFO - 24/12/05 16:08:02 INFO Client: Application report for application_1733127595631_0080 (state: RUNNING)
[2024-12-05T16:08:02.799+0900] {subprocess.py:106} INFO - 24/12/05 16:08:02 INFO Client:
[2024-12-05T16:08:02.800+0900] {subprocess.py:106} INFO - 	 client token: N/A
[2024-12-05T16:08:02.800+0900] {subprocess.py:106} INFO - 	 diagnostics: N/A
[2024-12-05T16:08:02.800+0900] {subprocess.py:106} INFO - 	 ApplicationMaster host: SN09
[2024-12-05T16:08:02.800+0900] {subprocess.py:106} INFO - 	 ApplicationMaster RPC port: 46531
[2024-12-05T16:08:02.801+0900] {subprocess.py:106} INFO - 	 queue: root.default
[2024-12-05T16:08:02.801+0900] {subprocess.py:106} INFO - 	 start time: 1733382453727
[2024-12-05T16:08:02.801+0900] {subprocess.py:106} INFO - 	 final status: UNDEFINED
[2024-12-05T16:08:02.801+0900] {subprocess.py:106} INFO - 	 tracking URL: http://MN:8088/proxy/application_1733127595631_0080/
[2024-12-05T16:08:02.802+0900] {subprocess.py:106} INFO - 	 user: dke
[2024-12-05T16:08:32.836+0900] {subprocess.py:106} INFO - 24/12/05 16:08:32 INFO Client: Application report for application_1733127595631_0080 (state: RUNNING)
[2024-12-05T16:08:36.840+0900] {subprocess.py:106} INFO - 24/12/05 16:08:36 INFO Client: Application report for application_1733127595631_0080 (state: FINISHED)
[2024-12-05T16:08:36.841+0900] {subprocess.py:106} INFO - 24/12/05 16:08:36 INFO Client:
[2024-12-05T16:08:36.841+0900] {subprocess.py:106} INFO - 	 client token: N/A
[2024-12-05T16:08:36.842+0900] {subprocess.py:106} INFO - 	 diagnostics: N/A
[2024-12-05T16:08:36.842+0900] {subprocess.py:106} INFO - 	 ApplicationMaster host: SN09
[2024-12-05T16:08:36.842+0900] {subprocess.py:106} INFO - 	 ApplicationMaster RPC port: 46531
[2024-12-05T16:08:36.843+0900] {subprocess.py:106} INFO - 	 queue: root.default
[2024-12-05T16:08:36.843+0900] {subprocess.py:106} INFO - 	 start time: 1733382453727
[2024-12-05T16:08:36.843+0900] {subprocess.py:106} INFO - 	 final status: SUCCEEDED
[2024-12-05T16:08:36.844+0900] {subprocess.py:106} INFO - 	 tracking URL: http://MN:8088/proxy/application_1733127595631_0080/
[2024-12-05T16:08:36.844+0900] {subprocess.py:106} INFO - 	 user: dke
[2024-12-05T16:08:36.848+0900] {subprocess.py:106} INFO - 24/12/05 16:08:36 INFO ShutdownHookManager: Shutdown hook called
[2024-12-05T16:08:36.849+0900] {subprocess.py:106} INFO - 24/12/05 16:08:36 INFO ShutdownHookManager: Deleting directory /tmp/spark-bed60255-530f-42a4-9cca-81fe077280be
[2024-12-05T16:08:36.852+0900] {subprocess.py:106} INFO - 24/12/05 16:08:36 INFO ShutdownHookManager: Deleting directory /tmp/spark-c0d30578-7f34-4c15-92f3-ffbfddf3cb70
[2024-12-05T16:08:37.205+0900] {subprocess.py:110} INFO - Command exited with return code 0
[2024-12-05T16:08:37.229+0900] {taskinstance.py:340} INFO - ::group::Post task execution logs
[2024-12-05T16:08:37.229+0900] {taskinstance.py:352} INFO - Marking task as SUCCESS. dag_id=process_and_upload_json_to_hdfs, task_id=run_make_model, run_id=scheduled__2024-12-05T06:00:00+00:00, execution_date=20241205T060000, start_date=20241205T070654, end_date=20241205T070837
[2024-12-05T16:08:37.278+0900] {local_task_job_runner.py:266} INFO - Task exited with return code 0
[2024-12-05T16:08:37.288+0900] {taskinstance.py:3895} INFO - 0 downstream tasks scheduled from follow-on schedule check
[2024-12-05T16:08:37.289+0900] {local_task_job_runner.py:245} INFO - ::endgroup::
