[2024-12-02T21:13:44.623+0900] {local_task_job_runner.py:123} INFO - ::group::Pre task execution logs
[2024-12-02T21:13:44.633+0900] {taskinstance.py:2613} INFO - Dependencies all met for dep_context=non-requeueable deps ti=<TaskInstance: process_and_upload_json_to_hdfs.run_make_model scheduled__2024-12-02T11:00:00+00:00 [queued]>
[2024-12-02T21:13:44.640+0900] {taskinstance.py:2613} INFO - Dependencies all met for dep_context=requeueable deps ti=<TaskInstance: process_and_upload_json_to_hdfs.run_make_model scheduled__2024-12-02T11:00:00+00:00 [queued]>
[2024-12-02T21:13:44.640+0900] {taskinstance.py:2866} INFO - Starting attempt 2 of 3
[2024-12-02T21:13:44.656+0900] {taskinstance.py:2889} INFO - Executing <Task(BashOperator): run_make_model> on 2024-12-02 11:00:00+00:00
[2024-12-02T21:13:44.659+0900] {standard_task_runner.py:72} INFO - Started process 108741 to run task
[2024-12-02T21:13:44.662+0900] {standard_task_runner.py:104} INFO - Running: ['airflow', 'tasks', 'run', 'process_and_upload_json_to_hdfs', 'run_make_model', 'scheduled__2024-12-02T11:00:00+00:00', '--job-id', '384', '--raw', '--subdir', 'DAGS_FOLDER/data_to_hdfs.py', '--cfg-path', '/tmp/tmp4mra3d5v']
[2024-12-02T21:13:44.664+0900] {standard_task_runner.py:105} INFO - Job 384: Subtask run_make_model
[2024-12-02T21:13:44.697+0900] {task_command.py:467} INFO - Running <TaskInstance: process_and_upload_json_to_hdfs.run_make_model scheduled__2024-12-02T11:00:00+00:00 [running]> on host MN
[2024-12-02T21:13:44.760+0900] {taskinstance.py:3132} INFO - Exporting env vars: AIRFLOW_CTX_DAG_OWNER='airflow' AIRFLOW_CTX_DAG_ID='process_and_upload_json_to_hdfs' AIRFLOW_CTX_TASK_ID='run_make_model' AIRFLOW_CTX_EXECUTION_DATE='2024-12-02T11:00:00+00:00' AIRFLOW_CTX_TRY_NUMBER='2' AIRFLOW_CTX_DAG_RUN_ID='scheduled__2024-12-02T11:00:00+00:00'
[2024-12-02T21:13:44.760+0900] {taskinstance.py:731} INFO - ::endgroup::
[2024-12-02T21:13:44.774+0900] {subprocess.py:78} INFO - Tmp dir root location: /tmp
[2024-12-02T21:13:44.775+0900] {subprocess.py:88} INFO - Running command: ['/usr/bin/bash', '-c', '/laewon/spark/bin/spark-submit --master yarn --deploy-mode cluster /laewon/Riot/make_model.py']
[2024-12-02T21:13:44.781+0900] {subprocess.py:99} INFO - Output:
[2024-12-02T21:13:47.049+0900] {subprocess.py:106} INFO - 24/12/02 21:13:47 INFO DefaultNoHARMFailoverProxyProvider: Connecting to ResourceManager at MN/192.168.4.7:8032
[2024-12-02T21:13:47.743+0900] {subprocess.py:106} INFO - 24/12/02 21:13:47 INFO Configuration: resource-types.xml not found
[2024-12-02T21:13:47.744+0900] {subprocess.py:106} INFO - 24/12/02 21:13:47 INFO ResourceUtils: Unable to find 'resource-types.xml'.
[2024-12-02T21:13:47.758+0900] {subprocess.py:106} INFO - 24/12/02 21:13:47 INFO Client: Verifying our application has not requested more than the maximum memory capability of the cluster (819200 MB per container)
[2024-12-02T21:13:47.759+0900] {subprocess.py:106} INFO - 24/12/02 21:13:47 INFO Client: Will allocate AM container, with 1408 MB memory including 384 MB overhead
[2024-12-02T21:13:47.760+0900] {subprocess.py:106} INFO - 24/12/02 21:13:47 INFO Client: Setting up container launch context for our AM
[2024-12-02T21:13:47.763+0900] {subprocess.py:106} INFO - 24/12/02 21:13:47 INFO Client: Setting up the launch environment for our AM container
[2024-12-02T21:13:47.775+0900] {subprocess.py:106} INFO - 24/12/02 21:13:47 INFO Client: Preparing resources for our AM container
[2024-12-02T21:13:47.811+0900] {subprocess.py:106} INFO - 24/12/02 21:13:47 WARN Client: Neither spark.yarn.jars nor spark.yarn.archive is set, falling back to uploading libraries under SPARK_HOME.
[2024-12-02T21:13:50.612+0900] {subprocess.py:106} INFO - 24/12/02 21:13:50 INFO Client: Uploading resource file:/tmp/spark-23f48e8b-8e37-4a58-a672-1fe8610d5b08/__spark_libs__12083002843068771806.zip -> hdfs://MN:9000/user/dke/.sparkStaging/application_1733127595631_0007/__spark_libs__12083002843068771806.zip
[2024-12-02T21:14:19.991+0900] {subprocess.py:106} INFO - 24/12/02 21:14:19 INFO Client: Uploading resource file:/laewon/Riot/make_model.py -> hdfs://MN:9000/user/dke/.sparkStaging/application_1733127595631_0007/make_model.py
[2024-12-02T21:14:20.024+0900] {subprocess.py:106} INFO - 24/12/02 21:14:20 INFO Client: Uploading resource file:/laewon/spark-3.5.1-bin-hadoop3/python/lib/pyspark.zip -> hdfs://MN:9000/user/dke/.sparkStaging/application_1733127595631_0007/pyspark.zip
[2024-12-02T21:14:20.309+0900] {subprocess.py:106} INFO - 24/12/02 21:14:20 INFO Client: Uploading resource file:/laewon/spark-3.5.1-bin-hadoop3/python/lib/py4j-0.10.9.7-src.zip -> hdfs://MN:9000/user/dke/.sparkStaging/application_1733127595631_0007/py4j-0.10.9.7-src.zip
[2024-12-02T21:14:20.523+0900] {subprocess.py:106} INFO - 24/12/02 21:14:20 INFO Client: Uploading resource file:/tmp/spark-23f48e8b-8e37-4a58-a672-1fe8610d5b08/__spark_conf__14832342243991413623.zip -> hdfs://MN:9000/user/dke/.sparkStaging/application_1733127595631_0007/__spark_conf__.zip
[2024-12-02T21:14:20.605+0900] {subprocess.py:106} INFO - 24/12/02 21:14:20 INFO SecurityManager: Changing view acls to: dke
[2024-12-02T21:14:20.606+0900] {subprocess.py:106} INFO - 24/12/02 21:14:20 INFO SecurityManager: Changing modify acls to: dke
[2024-12-02T21:14:20.606+0900] {subprocess.py:106} INFO - 24/12/02 21:14:20 INFO SecurityManager: Changing view acls groups to:
[2024-12-02T21:14:20.607+0900] {subprocess.py:106} INFO - 24/12/02 21:14:20 INFO SecurityManager: Changing modify acls groups to:
[2024-12-02T21:14:20.607+0900] {subprocess.py:106} INFO - 24/12/02 21:14:20 INFO SecurityManager: SecurityManager: authentication disabled; ui acls disabled; users with view permissions: dke; groups with view permissions: EMPTY; users with modify permissions: dke; groups with modify permissions: EMPTY
[2024-12-02T21:14:20.643+0900] {subprocess.py:106} INFO - 24/12/02 21:14:20 INFO Client: Submitting application application_1733127595631_0007 to ResourceManager
[2024-12-02T21:14:20.693+0900] {subprocess.py:106} INFO - 24/12/02 21:14:20 INFO YarnClientImpl: Submitted application application_1733127595631_0007
[2024-12-02T21:14:21.696+0900] {subprocess.py:106} INFO - 24/12/02 21:14:21 INFO Client: Application report for application_1733127595631_0007 (state: ACCEPTED)
[2024-12-02T21:14:21.699+0900] {subprocess.py:106} INFO - 24/12/02 21:14:21 INFO Client:
[2024-12-02T21:14:21.699+0900] {subprocess.py:106} INFO - 	 client token: N/A
[2024-12-02T21:14:21.700+0900] {subprocess.py:106} INFO - 	 diagnostics: AM container is launched, waiting for AM container to Register with RM
[2024-12-02T21:14:21.700+0900] {subprocess.py:106} INFO - 	 ApplicationMaster host: N/A
[2024-12-02T21:14:21.700+0900] {subprocess.py:106} INFO - 	 ApplicationMaster RPC port: -1
[2024-12-02T21:14:21.700+0900] {subprocess.py:106} INFO - 	 queue: root.default
[2024-12-02T21:14:21.700+0900] {subprocess.py:106} INFO - 	 start time: 1733141660666
[2024-12-02T21:14:21.701+0900] {subprocess.py:106} INFO - 	 final status: UNDEFINED
[2024-12-02T21:14:21.701+0900] {subprocess.py:106} INFO - 	 tracking URL: http://MN:8088/proxy/application_1733127595631_0007/
[2024-12-02T21:14:21.701+0900] {subprocess.py:106} INFO - 	 user: dke
[2024-12-02T21:14:51.741+0900] {subprocess.py:106} INFO - 24/12/02 21:14:51 INFO Client: Application report for application_1733127595631_0007 (state: ACCEPTED)
[2024-12-02T21:15:13.770+0900] {subprocess.py:106} INFO - 24/12/02 21:15:13 INFO Client: Application report for application_1733127595631_0007 (state: RUNNING)
[2024-12-02T21:15:13.771+0900] {subprocess.py:106} INFO - 24/12/02 21:15:13 INFO Client:
[2024-12-02T21:15:13.771+0900] {subprocess.py:106} INFO - 	 client token: N/A
[2024-12-02T21:15:13.771+0900] {subprocess.py:106} INFO - 	 diagnostics: N/A
[2024-12-02T21:15:13.771+0900] {subprocess.py:106} INFO - 	 ApplicationMaster host: SN03
[2024-12-02T21:15:13.772+0900] {subprocess.py:106} INFO - 	 ApplicationMaster RPC port: 46447
[2024-12-02T21:15:13.772+0900] {subprocess.py:106} INFO - 	 queue: root.default
[2024-12-02T21:15:13.772+0900] {subprocess.py:106} INFO - 	 start time: 1733141660666
[2024-12-02T21:15:13.772+0900] {subprocess.py:106} INFO - 	 final status: UNDEFINED
[2024-12-02T21:15:13.773+0900] {subprocess.py:106} INFO - 	 tracking URL: http://MN:8088/proxy/application_1733127595631_0007/
[2024-12-02T21:15:13.773+0900] {subprocess.py:106} INFO - 	 user: dke
[2024-12-02T21:15:43.810+0900] {subprocess.py:106} INFO - 24/12/02 21:15:43 INFO Client: Application report for application_1733127595631_0007 (state: RUNNING)
[2024-12-02T21:15:49.818+0900] {subprocess.py:106} INFO - 24/12/02 21:15:49 INFO Client: Application report for application_1733127595631_0007 (state: FINISHED)
[2024-12-02T21:15:49.819+0900] {subprocess.py:106} INFO - 24/12/02 21:15:49 INFO Client:
[2024-12-02T21:15:49.819+0900] {subprocess.py:106} INFO - 	 client token: N/A
[2024-12-02T21:15:49.819+0900] {subprocess.py:106} INFO - 	 diagnostics: N/A
[2024-12-02T21:15:49.819+0900] {subprocess.py:106} INFO - 	 ApplicationMaster host: SN03
[2024-12-02T21:15:49.820+0900] {subprocess.py:106} INFO - 	 ApplicationMaster RPC port: 46447
[2024-12-02T21:15:49.820+0900] {subprocess.py:106} INFO - 	 queue: root.default
[2024-12-02T21:15:49.820+0900] {subprocess.py:106} INFO - 	 start time: 1733141660666
[2024-12-02T21:15:49.820+0900] {subprocess.py:106} INFO - 	 final status: SUCCEEDED
[2024-12-02T21:15:49.821+0900] {subprocess.py:106} INFO - 	 tracking URL: http://MN:8088/proxy/application_1733127595631_0007/
[2024-12-02T21:15:49.821+0900] {subprocess.py:106} INFO - 	 user: dke
[2024-12-02T21:15:49.828+0900] {subprocess.py:106} INFO - 24/12/02 21:15:49 INFO ShutdownHookManager: Shutdown hook called
[2024-12-02T21:15:49.829+0900] {subprocess.py:106} INFO - 24/12/02 21:15:49 INFO ShutdownHookManager: Deleting directory /tmp/spark-23f48e8b-8e37-4a58-a672-1fe8610d5b08
[2024-12-02T21:15:49.832+0900] {subprocess.py:106} INFO - 24/12/02 21:15:49 INFO ShutdownHookManager: Deleting directory /tmp/spark-9b03e3be-6272-41fa-a809-6f9fb0b84dec
[2024-12-02T21:15:50.188+0900] {subprocess.py:110} INFO - Command exited with return code 0
[2024-12-02T21:15:50.212+0900] {taskinstance.py:340} INFO - ::group::Post task execution logs
[2024-12-02T21:15:50.212+0900] {taskinstance.py:352} INFO - Marking task as SUCCESS. dag_id=process_and_upload_json_to_hdfs, task_id=run_make_model, run_id=scheduled__2024-12-02T11:00:00+00:00, execution_date=20241202T110000, start_date=20241202T121344, end_date=20241202T121550
[2024-12-02T21:15:50.242+0900] {local_task_job_runner.py:266} INFO - Task exited with return code 0
[2024-12-02T21:15:50.252+0900] {taskinstance.py:3895} INFO - 0 downstream tasks scheduled from follow-on schedule check
[2024-12-02T21:15:50.253+0900] {local_task_job_runner.py:245} INFO - ::endgroup::
