[2024-12-04T14:06:23.676+0900] {local_task_job_runner.py:123} INFO - ::group::Pre task execution logs
[2024-12-04T14:06:23.686+0900] {taskinstance.py:2613} INFO - Dependencies all met for dep_context=non-requeueable deps ti=<TaskInstance: process_and_upload_json_to_hdfs.run_make_model scheduled__2024-12-04T04:00:00+00:00 [queued]>
[2024-12-04T14:06:23.693+0900] {taskinstance.py:2613} INFO - Dependencies all met for dep_context=requeueable deps ti=<TaskInstance: process_and_upload_json_to_hdfs.run_make_model scheduled__2024-12-04T04:00:00+00:00 [queued]>
[2024-12-04T14:06:23.693+0900] {taskinstance.py:2866} INFO - Starting attempt 1 of 2
[2024-12-04T14:06:23.709+0900] {taskinstance.py:2889} INFO - Executing <Task(BashOperator): run_make_model> on 2024-12-04 04:00:00+00:00
[2024-12-04T14:06:23.712+0900] {standard_task_runner.py:72} INFO - Started process 1017627 to run task
[2024-12-04T14:06:23.715+0900] {standard_task_runner.py:104} INFO - Running: ['airflow', 'tasks', 'run', 'process_and_upload_json_to_hdfs', 'run_make_model', 'scheduled__2024-12-04T04:00:00+00:00', '--job-id', '550', '--raw', '--subdir', 'DAGS_FOLDER/data_to_hdfs.py', '--cfg-path', '/tmp/tmp_bh9ifdu']
[2024-12-04T14:06:23.717+0900] {standard_task_runner.py:105} INFO - Job 550: Subtask run_make_model
[2024-12-04T14:06:23.750+0900] {task_command.py:467} INFO - Running <TaskInstance: process_and_upload_json_to_hdfs.run_make_model scheduled__2024-12-04T04:00:00+00:00 [running]> on host MN
[2024-12-04T14:06:23.817+0900] {taskinstance.py:3132} INFO - Exporting env vars: AIRFLOW_CTX_DAG_OWNER='airflow' AIRFLOW_CTX_DAG_ID='process_and_upload_json_to_hdfs' AIRFLOW_CTX_TASK_ID='run_make_model' AIRFLOW_CTX_EXECUTION_DATE='2024-12-04T04:00:00+00:00' AIRFLOW_CTX_TRY_NUMBER='1' AIRFLOW_CTX_DAG_RUN_ID='scheduled__2024-12-04T04:00:00+00:00'
[2024-12-04T14:06:23.818+0900] {taskinstance.py:731} INFO - ::endgroup::
[2024-12-04T14:06:23.832+0900] {subprocess.py:78} INFO - Tmp dir root location: /tmp
[2024-12-04T14:06:23.832+0900] {subprocess.py:88} INFO - Running command: ['/usr/bin/bash', '-c', '/laewon/spark/bin/spark-submit --master yarn --deploy-mode cluster /laewon/Riot/make_model.py']
[2024-12-04T14:06:23.839+0900] {subprocess.py:99} INFO - Output:
[2024-12-04T14:06:26.070+0900] {subprocess.py:106} INFO - 24/12/04 14:06:26 INFO DefaultNoHARMFailoverProxyProvider: Connecting to ResourceManager at MN/192.168.4.7:8032
[2024-12-04T14:06:26.773+0900] {subprocess.py:106} INFO - 24/12/04 14:06:26 INFO Configuration: resource-types.xml not found
[2024-12-04T14:06:26.774+0900] {subprocess.py:106} INFO - 24/12/04 14:06:26 INFO ResourceUtils: Unable to find 'resource-types.xml'.
[2024-12-04T14:06:26.788+0900] {subprocess.py:106} INFO - 24/12/04 14:06:26 INFO Client: Verifying our application has not requested more than the maximum memory capability of the cluster (819200 MB per container)
[2024-12-04T14:06:26.789+0900] {subprocess.py:106} INFO - 24/12/04 14:06:26 INFO Client: Will allocate AM container, with 1408 MB memory including 384 MB overhead
[2024-12-04T14:06:26.789+0900] {subprocess.py:106} INFO - 24/12/04 14:06:26 INFO Client: Setting up container launch context for our AM
[2024-12-04T14:06:26.792+0900] {subprocess.py:106} INFO - 24/12/04 14:06:26 INFO Client: Setting up the launch environment for our AM container
[2024-12-04T14:06:26.804+0900] {subprocess.py:106} INFO - 24/12/04 14:06:26 INFO Client: Preparing resources for our AM container
[2024-12-04T14:06:26.837+0900] {subprocess.py:106} INFO - 24/12/04 14:06:26 WARN Client: Neither spark.yarn.jars nor spark.yarn.archive is set, falling back to uploading libraries under SPARK_HOME.
[2024-12-04T14:06:29.642+0900] {subprocess.py:106} INFO - 24/12/04 14:06:29 INFO Client: Uploading resource file:/tmp/spark-14b70079-1ceb-4ec0-8055-00af36fab944/__spark_libs__7177426599781448.zip -> hdfs://MN:9000/user/dke/.sparkStaging/application_1733127595631_0054/__spark_libs__7177426599781448.zip
[2024-12-04T14:07:09.563+0900] {subprocess.py:106} INFO - 24/12/04 14:07:09 INFO Client: Uploading resource file:/laewon/Riot/make_model.py -> hdfs://MN:9000/user/dke/.sparkStaging/application_1733127595631_0054/make_model.py
[2024-12-04T14:07:09.597+0900] {subprocess.py:106} INFO - 24/12/04 14:07:09 INFO Client: Uploading resource file:/laewon/spark-3.5.1-bin-hadoop3/python/lib/pyspark.zip -> hdfs://MN:9000/user/dke/.sparkStaging/application_1733127595631_0054/pyspark.zip
[2024-12-04T14:07:09.845+0900] {subprocess.py:106} INFO - 24/12/04 14:07:09 INFO Client: Uploading resource file:/laewon/spark-3.5.1-bin-hadoop3/python/lib/py4j-0.10.9.7-src.zip -> hdfs://MN:9000/user/dke/.sparkStaging/application_1733127595631_0054/py4j-0.10.9.7-src.zip
[2024-12-04T14:07:10.044+0900] {subprocess.py:106} INFO - 24/12/04 14:07:10 INFO Client: Uploading resource file:/tmp/spark-14b70079-1ceb-4ec0-8055-00af36fab944/__spark_conf__15319913453143464763.zip -> hdfs://MN:9000/user/dke/.sparkStaging/application_1733127595631_0054/__spark_conf__.zip
[2024-12-04T14:07:10.150+0900] {subprocess.py:106} INFO - 24/12/04 14:07:10 INFO SecurityManager: Changing view acls to: dke
[2024-12-04T14:07:10.151+0900] {subprocess.py:106} INFO - 24/12/04 14:07:10 INFO SecurityManager: Changing modify acls to: dke
[2024-12-04T14:07:10.151+0900] {subprocess.py:106} INFO - 24/12/04 14:07:10 INFO SecurityManager: Changing view acls groups to:
[2024-12-04T14:07:10.151+0900] {subprocess.py:106} INFO - 24/12/04 14:07:10 INFO SecurityManager: Changing modify acls groups to:
[2024-12-04T14:07:10.152+0900] {subprocess.py:106} INFO - 24/12/04 14:07:10 INFO SecurityManager: SecurityManager: authentication disabled; ui acls disabled; users with view permissions: dke; groups with view permissions: EMPTY; users with modify permissions: dke; groups with modify permissions: EMPTY
[2024-12-04T14:07:10.190+0900] {subprocess.py:106} INFO - 24/12/04 14:07:10 INFO Client: Submitting application application_1733127595631_0054 to ResourceManager
[2024-12-04T14:07:10.235+0900] {subprocess.py:106} INFO - 24/12/04 14:07:10 INFO YarnClientImpl: Submitted application application_1733127595631_0054
[2024-12-04T14:07:11.238+0900] {subprocess.py:106} INFO - 24/12/04 14:07:11 INFO Client: Application report for application_1733127595631_0054 (state: ACCEPTED)
[2024-12-04T14:07:11.242+0900] {subprocess.py:106} INFO - 24/12/04 14:07:11 INFO Client:
[2024-12-04T14:07:11.242+0900] {subprocess.py:106} INFO - 	 client token: N/A
[2024-12-04T14:07:11.242+0900] {subprocess.py:106} INFO - 	 diagnostics: AM container is launched, waiting for AM container to Register with RM
[2024-12-04T14:07:11.242+0900] {subprocess.py:106} INFO - 	 ApplicationMaster host: N/A
[2024-12-04T14:07:11.243+0900] {subprocess.py:106} INFO - 	 ApplicationMaster RPC port: -1
[2024-12-04T14:07:11.243+0900] {subprocess.py:106} INFO - 	 queue: root.default
[2024-12-04T14:07:11.243+0900] {subprocess.py:106} INFO - 	 start time: 1733288830213
[2024-12-04T14:07:11.243+0900] {subprocess.py:106} INFO - 	 final status: UNDEFINED
[2024-12-04T14:07:11.244+0900] {subprocess.py:106} INFO - 	 tracking URL: http://MN:8088/proxy/application_1733127595631_0054/
[2024-12-04T14:07:11.244+0900] {subprocess.py:106} INFO - 	 user: dke
[2024-12-04T14:07:24.258+0900] {subprocess.py:106} INFO - 24/12/04 14:07:24 INFO Client: Application report for application_1733127595631_0054 (state: RUNNING)
[2024-12-04T14:07:24.258+0900] {subprocess.py:106} INFO - 24/12/04 14:07:24 INFO Client:
[2024-12-04T14:07:24.259+0900] {subprocess.py:106} INFO - 	 client token: N/A
[2024-12-04T14:07:24.259+0900] {subprocess.py:106} INFO - 	 diagnostics: N/A
[2024-12-04T14:07:24.259+0900] {subprocess.py:106} INFO - 	 ApplicationMaster host: SN05
[2024-12-04T14:07:24.259+0900] {subprocess.py:106} INFO - 	 ApplicationMaster RPC port: 38753
[2024-12-04T14:07:24.260+0900] {subprocess.py:106} INFO - 	 queue: root.default
[2024-12-04T14:07:24.260+0900] {subprocess.py:106} INFO - 	 start time: 1733288830213
[2024-12-04T14:07:24.260+0900] {subprocess.py:106} INFO - 	 final status: UNDEFINED
[2024-12-04T14:07:24.260+0900] {subprocess.py:106} INFO - 	 tracking URL: http://MN:8088/proxy/application_1733127595631_0054/
[2024-12-04T14:07:24.261+0900] {subprocess.py:106} INFO - 	 user: dke
[2024-12-04T14:07:54.296+0900] {subprocess.py:106} INFO - 24/12/04 14:07:54 INFO Client: Application report for application_1733127595631_0054 (state: RUNNING)
[2024-12-04T14:08:10.316+0900] {subprocess.py:106} INFO - 24/12/04 14:08:10 INFO Client: Application report for application_1733127595631_0054 (state: FINISHED)
[2024-12-04T14:08:10.316+0900] {subprocess.py:106} INFO - 24/12/04 14:08:10 INFO Client:
[2024-12-04T14:08:10.316+0900] {subprocess.py:106} INFO - 	 client token: N/A
[2024-12-04T14:08:10.317+0900] {subprocess.py:106} INFO - 	 diagnostics: N/A
[2024-12-04T14:08:10.317+0900] {subprocess.py:106} INFO - 	 ApplicationMaster host: SN05
[2024-12-04T14:08:10.317+0900] {subprocess.py:106} INFO - 	 ApplicationMaster RPC port: 38753
[2024-12-04T14:08:10.317+0900] {subprocess.py:106} INFO - 	 queue: root.default
[2024-12-04T14:08:10.318+0900] {subprocess.py:106} INFO - 	 start time: 1733288830213
[2024-12-04T14:08:10.318+0900] {subprocess.py:106} INFO - 	 final status: SUCCEEDED
[2024-12-04T14:08:10.318+0900] {subprocess.py:106} INFO - 	 tracking URL: http://MN:8088/proxy/application_1733127595631_0054/
[2024-12-04T14:08:10.319+0900] {subprocess.py:106} INFO - 	 user: dke
[2024-12-04T14:08:10.325+0900] {subprocess.py:106} INFO - 24/12/04 14:08:10 INFO ShutdownHookManager: Shutdown hook called
[2024-12-04T14:08:10.326+0900] {subprocess.py:106} INFO - 24/12/04 14:08:10 INFO ShutdownHookManager: Deleting directory /tmp/spark-a9b5d9eb-2187-4cc6-a913-128d430d909d
[2024-12-04T14:08:10.329+0900] {subprocess.py:106} INFO - 24/12/04 14:08:10 INFO ShutdownHookManager: Deleting directory /tmp/spark-14b70079-1ceb-4ec0-8055-00af36fab944
[2024-12-04T14:08:10.683+0900] {subprocess.py:110} INFO - Command exited with return code 0
[2024-12-04T14:08:10.707+0900] {taskinstance.py:340} INFO - ::group::Post task execution logs
[2024-12-04T14:08:10.707+0900] {taskinstance.py:352} INFO - Marking task as SUCCESS. dag_id=process_and_upload_json_to_hdfs, task_id=run_make_model, run_id=scheduled__2024-12-04T04:00:00+00:00, execution_date=20241204T040000, start_date=20241204T050623, end_date=20241204T050810
[2024-12-04T14:08:10.738+0900] {local_task_job_runner.py:266} INFO - Task exited with return code 0
[2024-12-04T14:08:10.748+0900] {taskinstance.py:3895} INFO - 0 downstream tasks scheduled from follow-on schedule check
[2024-12-04T14:08:10.749+0900] {local_task_job_runner.py:245} INFO - ::endgroup::
