[2024-12-06T15:06:25.790+0900] {local_task_job_runner.py:123} INFO - ::group::Pre task execution logs
[2024-12-06T15:06:25.800+0900] {taskinstance.py:2613} INFO - Dependencies all met for dep_context=non-requeueable deps ti=<TaskInstance: process_and_upload_json_to_hdfs.run_make_model scheduled__2024-12-06T05:00:00+00:00 [queued]>
[2024-12-06T15:06:25.807+0900] {taskinstance.py:2613} INFO - Dependencies all met for dep_context=requeueable deps ti=<TaskInstance: process_and_upload_json_to_hdfs.run_make_model scheduled__2024-12-06T05:00:00+00:00 [queued]>
[2024-12-06T15:06:25.808+0900] {taskinstance.py:2866} INFO - Starting attempt 1 of 2
[2024-12-06T15:06:25.825+0900] {taskinstance.py:2889} INFO - Executing <Task(BashOperator): run_make_model> on 2024-12-06 05:00:00+00:00
[2024-12-06T15:06:25.828+0900] {standard_task_runner.py:72} INFO - Started process 2480705 to run task
[2024-12-06T15:06:25.832+0900] {standard_task_runner.py:104} INFO - Running: ['airflow', 'tasks', 'run', 'process_and_upload_json_to_hdfs', 'run_make_model', 'scheduled__2024-12-06T05:00:00+00:00', '--job-id', '746', '--raw', '--subdir', 'DAGS_FOLDER/data_to_hdfs.py', '--cfg-path', '/tmp/tmpii3kgnxb']
[2024-12-06T15:06:25.833+0900] {standard_task_runner.py:105} INFO - Job 746: Subtask run_make_model
[2024-12-06T15:06:25.869+0900] {task_command.py:467} INFO - Running <TaskInstance: process_and_upload_json_to_hdfs.run_make_model scheduled__2024-12-06T05:00:00+00:00 [running]> on host MN
[2024-12-06T15:06:25.944+0900] {taskinstance.py:3132} INFO - Exporting env vars: AIRFLOW_CTX_DAG_OWNER='airflow' AIRFLOW_CTX_DAG_ID='process_and_upload_json_to_hdfs' AIRFLOW_CTX_TASK_ID='run_make_model' AIRFLOW_CTX_EXECUTION_DATE='2024-12-06T05:00:00+00:00' AIRFLOW_CTX_TRY_NUMBER='1' AIRFLOW_CTX_DAG_RUN_ID='scheduled__2024-12-06T05:00:00+00:00'
[2024-12-06T15:06:25.945+0900] {taskinstance.py:731} INFO - ::endgroup::
[2024-12-06T15:06:25.959+0900] {subprocess.py:78} INFO - Tmp dir root location: /tmp
[2024-12-06T15:06:25.960+0900] {subprocess.py:88} INFO - Running command: ['/usr/bin/bash', '-c', '/laewon/spark/bin/spark-submit --master yarn --deploy-mode cluster /laewon/Riot/make_model.py']
[2024-12-06T15:06:25.966+0900] {subprocess.py:99} INFO - Output:
[2024-12-06T15:06:28.258+0900] {subprocess.py:106} INFO - 24/12/06 15:06:28 INFO DefaultNoHARMFailoverProxyProvider: Connecting to ResourceManager at MN/192.168.4.7:8032
[2024-12-06T15:06:28.970+0900] {subprocess.py:106} INFO - 24/12/06 15:06:28 INFO Configuration: resource-types.xml not found
[2024-12-06T15:06:28.970+0900] {subprocess.py:106} INFO - 24/12/06 15:06:28 INFO ResourceUtils: Unable to find 'resource-types.xml'.
[2024-12-06T15:06:28.985+0900] {subprocess.py:106} INFO - 24/12/06 15:06:28 INFO Client: Verifying our application has not requested more than the maximum memory capability of the cluster (819200 MB per container)
[2024-12-06T15:06:28.986+0900] {subprocess.py:106} INFO - 24/12/06 15:06:28 INFO Client: Will allocate AM container, with 1408 MB memory including 384 MB overhead
[2024-12-06T15:06:28.986+0900] {subprocess.py:106} INFO - 24/12/06 15:06:28 INFO Client: Setting up container launch context for our AM
[2024-12-06T15:06:28.990+0900] {subprocess.py:106} INFO - 24/12/06 15:06:28 INFO Client: Setting up the launch environment for our AM container
[2024-12-06T15:06:29.001+0900] {subprocess.py:106} INFO - 24/12/06 15:06:29 INFO Client: Preparing resources for our AM container
[2024-12-06T15:06:29.040+0900] {subprocess.py:106} INFO - 24/12/06 15:06:29 WARN Client: Neither spark.yarn.jars nor spark.yarn.archive is set, falling back to uploading libraries under SPARK_HOME.
[2024-12-06T15:06:35.013+0900] {subprocess.py:106} INFO - 24/12/06 15:06:35 INFO Client: Uploading resource file:/tmp/spark-1e0a3adc-d86c-4798-9067-6c888965dbb3/__spark_libs__13885422328118744630.zip -> hdfs://MN:9000/user/dke/.sparkStaging/application_1733127595631_0103/__spark_libs__13885422328118744630.zip
[2024-12-06T15:07:14.026+0900] {subprocess.py:106} INFO - 24/12/06 15:07:14 INFO Client: Uploading resource file:/laewon/Riot/make_model.py -> hdfs://MN:9000/user/dke/.sparkStaging/application_1733127595631_0103/make_model.py
[2024-12-06T15:07:14.064+0900] {subprocess.py:106} INFO - 24/12/06 15:07:14 INFO Client: Uploading resource file:/laewon/spark-3.5.1-bin-hadoop3/python/lib/pyspark.zip -> hdfs://MN:9000/user/dke/.sparkStaging/application_1733127595631_0103/pyspark.zip
[2024-12-06T15:07:14.333+0900] {subprocess.py:106} INFO - 24/12/06 15:07:14 INFO Client: Uploading resource file:/laewon/spark-3.5.1-bin-hadoop3/python/lib/py4j-0.10.9.7-src.zip -> hdfs://MN:9000/user/dke/.sparkStaging/application_1733127595631_0103/py4j-0.10.9.7-src.zip
[2024-12-06T15:07:14.579+0900] {subprocess.py:106} INFO - 24/12/06 15:07:14 INFO Client: Uploading resource file:/tmp/spark-1e0a3adc-d86c-4798-9067-6c888965dbb3/__spark_conf__17287939858014728279.zip -> hdfs://MN:9000/user/dke/.sparkStaging/application_1733127595631_0103/__spark_conf__.zip
[2024-12-06T15:07:14.679+0900] {subprocess.py:106} INFO - 24/12/06 15:07:14 INFO SecurityManager: Changing view acls to: dke
[2024-12-06T15:07:14.680+0900] {subprocess.py:106} INFO - 24/12/06 15:07:14 INFO SecurityManager: Changing modify acls to: dke
[2024-12-06T15:07:14.680+0900] {subprocess.py:106} INFO - 24/12/06 15:07:14 INFO SecurityManager: Changing view acls groups to:
[2024-12-06T15:07:14.680+0900] {subprocess.py:106} INFO - 24/12/06 15:07:14 INFO SecurityManager: Changing modify acls groups to:
[2024-12-06T15:07:14.681+0900] {subprocess.py:106} INFO - 24/12/06 15:07:14 INFO SecurityManager: SecurityManager: authentication disabled; ui acls disabled; users with view permissions: dke; groups with view permissions: EMPTY; users with modify permissions: dke; groups with modify permissions: EMPTY
[2024-12-06T15:07:14.718+0900] {subprocess.py:106} INFO - 24/12/06 15:07:14 INFO Client: Submitting application application_1733127595631_0103 to ResourceManager
[2024-12-06T15:07:14.763+0900] {subprocess.py:106} INFO - 24/12/06 15:07:14 INFO YarnClientImpl: Submitted application application_1733127595631_0103
[2024-12-06T15:07:15.766+0900] {subprocess.py:106} INFO - 24/12/06 15:07:15 INFO Client: Application report for application_1733127595631_0103 (state: ACCEPTED)
[2024-12-06T15:07:15.770+0900] {subprocess.py:106} INFO - 24/12/06 15:07:15 INFO Client:
[2024-12-06T15:07:15.770+0900] {subprocess.py:106} INFO - 	 client token: N/A
[2024-12-06T15:07:15.770+0900] {subprocess.py:106} INFO - 	 diagnostics: AM container is launched, waiting for AM container to Register with RM
[2024-12-06T15:07:15.771+0900] {subprocess.py:106} INFO - 	 ApplicationMaster host: N/A
[2024-12-06T15:07:15.771+0900] {subprocess.py:106} INFO - 	 ApplicationMaster RPC port: -1
[2024-12-06T15:07:15.771+0900] {subprocess.py:106} INFO - 	 queue: root.default
[2024-12-06T15:07:15.771+0900] {subprocess.py:106} INFO - 	 start time: 1733465234742
[2024-12-06T15:07:15.772+0900] {subprocess.py:106} INFO - 	 final status: UNDEFINED
[2024-12-06T15:07:15.772+0900] {subprocess.py:106} INFO - 	 tracking URL: http://MN:8088/proxy/application_1733127595631_0103/
[2024-12-06T15:07:15.772+0900] {subprocess.py:106} INFO - 	 user: dke
[2024-12-06T15:07:33.793+0900] {subprocess.py:106} INFO - 24/12/06 15:07:33 INFO Client: Application report for application_1733127595631_0103 (state: RUNNING)
[2024-12-06T15:07:33.794+0900] {subprocess.py:106} INFO - 24/12/06 15:07:33 INFO Client:
[2024-12-06T15:07:33.794+0900] {subprocess.py:106} INFO - 	 client token: N/A
[2024-12-06T15:07:33.794+0900] {subprocess.py:106} INFO - 	 diagnostics: N/A
[2024-12-06T15:07:33.794+0900] {subprocess.py:106} INFO - 	 ApplicationMaster host: SN06
[2024-12-06T15:07:33.795+0900] {subprocess.py:106} INFO - 	 ApplicationMaster RPC port: 36057
[2024-12-06T15:07:33.795+0900] {subprocess.py:106} INFO - 	 queue: root.default
[2024-12-06T15:07:33.795+0900] {subprocess.py:106} INFO - 	 start time: 1733465234742
[2024-12-06T15:07:33.795+0900] {subprocess.py:106} INFO - 	 final status: UNDEFINED
[2024-12-06T15:07:33.796+0900] {subprocess.py:106} INFO - 	 tracking URL: http://MN:8088/proxy/application_1733127595631_0103/
[2024-12-06T15:07:33.796+0900] {subprocess.py:106} INFO - 	 user: dke
[2024-12-06T15:08:03.829+0900] {subprocess.py:106} INFO - 24/12/06 15:08:03 INFO Client: Application report for application_1733127595631_0103 (state: RUNNING)
[2024-12-06T15:08:29.857+0900] {subprocess.py:106} INFO - 24/12/06 15:08:29 INFO Client: Application report for application_1733127595631_0103 (state: FINISHED)
[2024-12-06T15:08:29.858+0900] {subprocess.py:106} INFO - 24/12/06 15:08:29 INFO Client:
[2024-12-06T15:08:29.858+0900] {subprocess.py:106} INFO - 	 client token: N/A
[2024-12-06T15:08:29.859+0900] {subprocess.py:106} INFO - 	 diagnostics: N/A
[2024-12-06T15:08:29.859+0900] {subprocess.py:106} INFO - 	 ApplicationMaster host: SN06
[2024-12-06T15:08:29.859+0900] {subprocess.py:106} INFO - 	 ApplicationMaster RPC port: 36057
[2024-12-06T15:08:29.859+0900] {subprocess.py:106} INFO - 	 queue: root.default
[2024-12-06T15:08:29.860+0900] {subprocess.py:106} INFO - 	 start time: 1733465234742
[2024-12-06T15:08:29.860+0900] {subprocess.py:106} INFO - 	 final status: SUCCEEDED
[2024-12-06T15:08:29.860+0900] {subprocess.py:106} INFO - 	 tracking URL: http://MN:8088/proxy/application_1733127595631_0103/
[2024-12-06T15:08:29.860+0900] {subprocess.py:106} INFO - 	 user: dke
[2024-12-06T15:08:29.867+0900] {subprocess.py:106} INFO - 24/12/06 15:08:29 INFO ShutdownHookManager: Shutdown hook called
[2024-12-06T15:08:29.868+0900] {subprocess.py:106} INFO - 24/12/06 15:08:29 INFO ShutdownHookManager: Deleting directory /tmp/spark-1e0a3adc-d86c-4798-9067-6c888965dbb3
[2024-12-06T15:08:29.871+0900] {subprocess.py:106} INFO - 24/12/06 15:08:29 INFO ShutdownHookManager: Deleting directory /tmp/spark-f9f722aa-ec26-4da5-b72d-580e672c44a9
[2024-12-06T15:08:30.230+0900] {subprocess.py:110} INFO - Command exited with return code 0
[2024-12-06T15:08:30.259+0900] {taskinstance.py:340} INFO - ::group::Post task execution logs
[2024-12-06T15:08:30.260+0900] {taskinstance.py:352} INFO - Marking task as SUCCESS. dag_id=process_and_upload_json_to_hdfs, task_id=run_make_model, run_id=scheduled__2024-12-06T05:00:00+00:00, execution_date=20241206T050000, start_date=20241206T060625, end_date=20241206T060830
[2024-12-06T15:08:30.287+0900] {local_task_job_runner.py:266} INFO - Task exited with return code 0
[2024-12-06T15:08:30.297+0900] {taskinstance.py:3895} INFO - 0 downstream tasks scheduled from follow-on schedule check
[2024-12-06T15:08:30.298+0900] {local_task_job_runner.py:245} INFO - ::endgroup::
