[2024-11-15T15:32:30.946+0900] {local_task_job_runner.py:123} INFO - ::group::Pre task execution logs
[2024-11-15T15:32:30.956+0900] {taskinstance.py:2613} INFO - Dependencies all met for dep_context=non-requeueable deps ti=<TaskInstance: random_data_direct_to_hdfs.save_to_hdfs scheduled__2024-11-14T07:31:00+00:00 [queued]>
[2024-11-15T15:32:30.962+0900] {taskinstance.py:2613} INFO - Dependencies all met for dep_context=requeueable deps ti=<TaskInstance: random_data_direct_to_hdfs.save_to_hdfs scheduled__2024-11-14T07:31:00+00:00 [queued]>
[2024-11-15T15:32:30.963+0900] {taskinstance.py:2866} INFO - Starting attempt 1 of 6
[2024-11-15T15:32:30.977+0900] {taskinstance.py:2889} INFO - Executing <Task(BashOperator): save_to_hdfs> on 2024-11-14 07:31:00+00:00
[2024-11-15T15:32:30.979+0900] {standard_task_runner.py:72} INFO - Started process 2388539 to run task
[2024-11-15T15:32:30.983+0900] {standard_task_runner.py:104} INFO - Running: ['airflow', 'tasks', 'run', 'random_data_direct_to_hdfs', 'save_to_hdfs', 'scheduled__2024-11-14T07:31:00+00:00', '--job-id', '116', '--raw', '--subdir', 'DAGS_FOLDER/data_to_hdfs.py', '--cfg-path', '/tmp/tmp97yi09i2']
[2024-11-15T15:32:30.984+0900] {standard_task_runner.py:105} INFO - Job 116: Subtask save_to_hdfs
[2024-11-15T15:32:31.017+0900] {task_command.py:467} INFO - Running <TaskInstance: random_data_direct_to_hdfs.save_to_hdfs scheduled__2024-11-14T07:31:00+00:00 [running]> on host MN
[2024-11-15T15:32:31.093+0900] {taskinstance.py:3132} INFO - Exporting env vars: AIRFLOW_CTX_DAG_OWNER='lwjeong' AIRFLOW_CTX_DAG_ID='random_data_direct_to_hdfs' AIRFLOW_CTX_TASK_ID='save_to_hdfs' AIRFLOW_CTX_EXECUTION_DATE='2024-11-14T07:31:00+00:00' AIRFLOW_CTX_TRY_NUMBER='1' AIRFLOW_CTX_DAG_RUN_ID='scheduled__2024-11-14T07:31:00+00:00'
[2024-11-15T15:32:31.094+0900] {taskinstance.py:731} INFO - ::endgroup::
[2024-11-15T15:32:31.107+0900] {subprocess.py:78} INFO - Tmp dir root location: /tmp
[2024-11-15T15:32:31.107+0900] {subprocess.py:88} INFO - Running command: ['/usr/bin/bash', '-c', 'echo "[{"id": 0, "value": 98, "timestamp": "2024-11-15T15:32:17.964557"}, {"id": 1, "value": 95, "timestamp": "2024-11-15T15:32:17.964557"}, {"id": 2, "value": 55, "timestamp": "2024-11-15T15:32:17.964557"}, {"id": 3, "value": 29, "timestamp": "2024-11-15T15:32:17.964557"}, {"id": 4, "value": 34, "timestamp": "2024-11-15T15:32:17.964557"}, {"id": 5, "value": 12, "timestamp": "2024-11-15T15:32:17.964557"}, {"id": 6, "value": 58, "timestamp": "2024-11-15T15:32:17.964557"}, {"id": 7, "value": 64, "timestamp": "2024-11-15T15:32:17.964557"}, {"id": 8, "value": 79, "timestamp": "2024-11-15T15:32:17.964557"}, {"id": 9, "value": 20, "timestamp": "2024-11-15T15:32:17.964557"}]" | hdfs dfs -put -f - /path/in/hdfs/random_data_32.json']
[2024-11-15T15:32:31.112+0900] {subprocess.py:99} INFO - Output:
[2024-11-15T15:32:33.162+0900] {subprocess.py:110} INFO - Command exited with return code 0
[2024-11-15T15:32:33.183+0900] {taskinstance.py:340} INFO - ::group::Post task execution logs
[2024-11-15T15:32:33.184+0900] {taskinstance.py:352} INFO - Marking task as SUCCESS. dag_id=random_data_direct_to_hdfs, task_id=save_to_hdfs, run_id=scheduled__2024-11-14T07:31:00+00:00, execution_date=20241114T073100, start_date=20241115T063230, end_date=20241115T063233
[2024-11-15T15:32:33.200+0900] {local_task_job_runner.py:266} INFO - Task exited with return code 0
[2024-11-15T15:32:33.213+0900] {taskinstance.py:3895} INFO - 0 downstream tasks scheduled from follow-on schedule check
[2024-11-15T15:32:33.214+0900] {local_task_job_runner.py:245} INFO - ::endgroup::
