[2024-12-06T01:00:19.871+0900] {local_task_job_runner.py:123} INFO - ::group::Pre task execution logs
[2024-12-06T01:00:19.880+0900] {taskinstance.py:2613} INFO - Dependencies all met for dep_context=non-requeueable deps ti=<TaskInstance: process_and_upload_json_to_hdfs.save_to_hdfs scheduled__2024-12-05T15:00:00+00:00 [queued]>
[2024-12-06T01:00:19.887+0900] {taskinstance.py:2613} INFO - Dependencies all met for dep_context=requeueable deps ti=<TaskInstance: process_and_upload_json_to_hdfs.save_to_hdfs scheduled__2024-12-05T15:00:00+00:00 [queued]>
[2024-12-06T01:00:19.887+0900] {taskinstance.py:2866} INFO - Starting attempt 1 of 2
[2024-12-06T01:00:19.903+0900] {taskinstance.py:2889} INFO - Executing <Task(BashOperator): save_to_hdfs> on 2024-12-05 15:00:00+00:00
[2024-12-06T01:00:19.906+0900] {standard_task_runner.py:72} INFO - Started process 2071474 to run task
[2024-12-06T01:00:19.909+0900] {standard_task_runner.py:104} INFO - Running: ['airflow', 'tasks', 'run', 'process_and_upload_json_to_hdfs', 'save_to_hdfs', 'scheduled__2024-12-05T15:00:00+00:00', '--job-id', '688', '--raw', '--subdir', 'DAGS_FOLDER/data_to_hdfs.py', '--cfg-path', '/tmp/tmp4hql4ca0']
[2024-12-06T01:00:19.911+0900] {standard_task_runner.py:105} INFO - Job 688: Subtask save_to_hdfs
[2024-12-06T01:00:19.945+0900] {task_command.py:467} INFO - Running <TaskInstance: process_and_upload_json_to_hdfs.save_to_hdfs scheduled__2024-12-05T15:00:00+00:00 [running]> on host MN
[2024-12-06T01:00:20.021+0900] {taskinstance.py:3132} INFO - Exporting env vars: AIRFLOW_CTX_DAG_OWNER='airflow' AIRFLOW_CTX_DAG_ID='process_and_upload_json_to_hdfs' AIRFLOW_CTX_TASK_ID='save_to_hdfs' AIRFLOW_CTX_EXECUTION_DATE='2024-12-05T15:00:00+00:00' AIRFLOW_CTX_TRY_NUMBER='1' AIRFLOW_CTX_DAG_RUN_ID='scheduled__2024-12-05T15:00:00+00:00'
[2024-12-06T01:00:20.022+0900] {taskinstance.py:731} INFO - ::endgroup::
[2024-12-06T01:00:20.034+0900] {subprocess.py:78} INFO - Tmp dir root location: /tmp
[2024-12-06T01:00:20.035+0900] {subprocess.py:88} INFO - Running command: ['/usr/bin/bash', '-c', 'cat "/laewon/Riot/output/match_data_combined.csv" | hdfs dfs -put -f /laewon/Riot/output/match_data_combined.csv /data/match_data_combined.csv']
[2024-12-06T01:00:20.041+0900] {subprocess.py:99} INFO - Output:
[2024-12-06T01:00:22.422+0900] {subprocess.py:110} INFO - Command exited with return code 0
[2024-12-06T01:00:22.446+0900] {taskinstance.py:340} INFO - ::group::Post task execution logs
[2024-12-06T01:00:22.447+0900] {taskinstance.py:352} INFO - Marking task as SUCCESS. dag_id=process_and_upload_json_to_hdfs, task_id=save_to_hdfs, run_id=scheduled__2024-12-05T15:00:00+00:00, execution_date=20241205T150000, start_date=20241205T160019, end_date=20241205T160022
[2024-12-06T01:00:22.488+0900] {local_task_job_runner.py:266} INFO - Task exited with return code 0
[2024-12-06T01:00:22.510+0900] {taskinstance.py:3895} INFO - 1 downstream tasks scheduled from follow-on schedule check
[2024-12-06T01:00:22.514+0900] {local_task_job_runner.py:245} INFO - ::endgroup::
