[2024-12-03T06:00:04.003+0900] {local_task_job_runner.py:123} INFO - ::group::Pre task execution logs
[2024-12-03T06:00:04.013+0900] {taskinstance.py:2613} INFO - Dependencies all met for dep_context=non-requeueable deps ti=<TaskInstance: process_and_upload_json_to_hdfs.process_json_files scheduled__2024-12-02T20:00:00+00:00 [queued]>
[2024-12-03T06:00:04.019+0900] {taskinstance.py:2613} INFO - Dependencies all met for dep_context=requeueable deps ti=<TaskInstance: process_and_upload_json_to_hdfs.process_json_files scheduled__2024-12-02T20:00:00+00:00 [queued]>
[2024-12-03T06:00:04.019+0900] {taskinstance.py:2866} INFO - Starting attempt 1 of 2
[2024-12-03T06:00:04.035+0900] {taskinstance.py:2889} INFO - Executing <Task(PythonOperator): process_json_files> on 2024-12-02 20:00:00+00:00
[2024-12-03T06:00:04.038+0900] {standard_task_runner.py:72} INFO - Started process 228541 to run task
[2024-12-03T06:00:04.041+0900] {standard_task_runner.py:104} INFO - Running: ['airflow', 'tasks', 'run', 'process_and_upload_json_to_hdfs', 'process_json_files', 'scheduled__2024-12-02T20:00:00+00:00', '--job-id', '417', '--raw', '--subdir', 'DAGS_FOLDER/data_to_hdfs.py', '--cfg-path', '/tmp/tmp67h7txrg']
[2024-12-03T06:00:04.043+0900] {standard_task_runner.py:105} INFO - Job 417: Subtask process_json_files
[2024-12-03T06:00:04.076+0900] {task_command.py:467} INFO - Running <TaskInstance: process_and_upload_json_to_hdfs.process_json_files scheduled__2024-12-02T20:00:00+00:00 [running]> on host MN
[2024-12-03T06:00:04.142+0900] {taskinstance.py:3132} INFO - Exporting env vars: AIRFLOW_CTX_DAG_OWNER='airflow' AIRFLOW_CTX_DAG_ID='process_and_upload_json_to_hdfs' AIRFLOW_CTX_TASK_ID='process_json_files' AIRFLOW_CTX_EXECUTION_DATE='2024-12-02T20:00:00+00:00' AIRFLOW_CTX_TRY_NUMBER='1' AIRFLOW_CTX_DAG_RUN_ID='scheduled__2024-12-02T20:00:00+00:00'
[2024-12-03T06:00:04.143+0900] {taskinstance.py:731} INFO - ::endgroup::
[2024-12-03T06:00:04.460+0900] {logging_mixin.py:190} INFO - Champion data for champion 34 saved to /laewon/Riot/output/champion_34.csv.
[2024-12-03T06:00:04.505+0900] {logging_mixin.py:190} INFO - Champion data for champion 420 saved to /laewon/Riot/output/champion_420.csv.
[2024-12-03T06:00:04.653+0900] {logging_mixin.py:190} INFO - Champion data for champion 25 saved to /laewon/Riot/output/champion_25.csv.
[2024-12-03T06:00:04.783+0900] {logging_mixin.py:190} INFO - Champion data for champion 63 saved to /laewon/Riot/output/champion_63.csv.
[2024-12-03T06:00:04.955+0900] {logging_mixin.py:190} INFO - Champion data for champion 222 saved to /laewon/Riot/output/champion_222.csv.
[2024-12-03T06:00:05.051+0900] {logging_mixin.py:190} INFO - Champion data for champion 777 saved to /laewon/Riot/output/champion_777.csv.
[2024-12-03T06:00:05.196+0900] {logging_mixin.py:190} INFO - Champion data for champion 103 saved to /laewon/Riot/output/champion_103.csv.
[2024-12-03T06:00:05.290+0900] {logging_mixin.py:190} INFO - Champion data for champion 266 saved to /laewon/Riot/output/champion_266.csv.
[2024-12-03T06:00:05.363+0900] {logging_mixin.py:190} INFO - Champion data for champion 121 saved to /laewon/Riot/output/champion_121.csv.
[2024-12-03T06:00:05.432+0900] {logging_mixin.py:190} INFO - Champion data for champion 350 saved to /laewon/Riot/output/champion_350.csv.
[2024-12-03T06:00:05.537+0900] {logging_mixin.py:190} INFO - Champion data for champion 7 saved to /laewon/Riot/output/champion_7.csv.
[2024-12-03T06:00:05.622+0900] {logging_mixin.py:190} INFO - Champion data for champion 799 saved to /laewon/Riot/output/champion_799.csv.
[2024-12-03T06:00:05.735+0900] {logging_mixin.py:190} INFO - Champion data for champion 29 saved to /laewon/Riot/output/champion_29.csv.
[2024-12-03T06:00:05.784+0900] {logging_mixin.py:190} INFO - Champion data for champion 106 saved to /laewon/Riot/output/champion_106.csv.
[2024-12-03T06:00:05.811+0900] {logging_mixin.py:190} INFO - Champion data for champion 60 saved to /laewon/Riot/output/champion_60.csv.
[2024-12-03T06:00:05.872+0900] {logging_mixin.py:190} INFO - Champion data for champion 85 saved to /laewon/Riot/output/champion_85.csv.
[2024-12-03T06:00:05.953+0900] {logging_mixin.py:190} INFO - Champion data for champion 30 saved to /laewon/Riot/output/champion_30.csv.
[2024-12-03T06:00:06.066+0900] {logging_mixin.py:190} INFO - Champion data for champion 147 saved to /laewon/Riot/output/champion_147.csv.
[2024-12-03T06:00:06.122+0900] {logging_mixin.py:190} INFO - Champion data for champion 523 saved to /laewon/Riot/output/champion_523.csv.
[2024-12-03T06:00:06.195+0900] {logging_mixin.py:190} INFO - Champion data for champion 105 saved to /laewon/Riot/output/champion_105.csv.
[2024-12-03T06:00:06.257+0900] {logging_mixin.py:190} INFO - Champion data for champion 142 saved to /laewon/Riot/output/champion_142.csv.
[2024-12-03T06:00:06.379+0900] {logging_mixin.py:190} INFO - Champion data for champion 101 saved to /laewon/Riot/output/champion_101.csv.
[2024-12-03T06:00:06.459+0900] {logging_mixin.py:190} INFO - Champion data for champion 133 saved to /laewon/Riot/output/champion_133.csv.
[2024-12-03T06:00:06.520+0900] {logging_mixin.py:190} INFO - Champion data for champion 20 saved to /laewon/Riot/output/champion_20.csv.
[2024-12-03T06:00:06.661+0900] {logging_mixin.py:190} INFO - Champion data for champion 54 saved to /laewon/Riot/output/champion_54.csv.
[2024-12-03T06:00:06.862+0900] {logging_mixin.py:190} INFO - Champion data for champion 81 saved to /laewon/Riot/output/champion_81.csv.
[2024-12-03T06:00:07.012+0900] {logging_mixin.py:190} INFO - Champion data for champion 22 saved to /laewon/Riot/output/champion_22.csv.
[2024-12-03T06:00:07.153+0900] {logging_mixin.py:190} INFO - Champion data for champion 76 saved to /laewon/Riot/output/champion_76.csv.
[2024-12-03T06:00:07.271+0900] {logging_mixin.py:190} INFO - Champion data for champion 61 saved to /laewon/Riot/output/champion_61.csv.
[2024-12-03T06:00:07.359+0900] {logging_mixin.py:190} INFO - Champion data for champion 10 saved to /laewon/Riot/output/champion_10.csv.
[2024-12-03T06:00:07.451+0900] {logging_mixin.py:190} INFO - Champion data for champion 238 saved to /laewon/Riot/output/champion_238.csv.
[2024-12-03T06:00:07.521+0900] {logging_mixin.py:190} INFO - Champion data for champion 11 saved to /laewon/Riot/output/champion_11.csv.
[2024-12-03T06:00:07.629+0900] {logging_mixin.py:190} INFO - Champion data for champion 31 saved to /laewon/Riot/output/champion_31.csv.
[2024-12-03T06:00:07.720+0900] {logging_mixin.py:190} INFO - Champion data for champion 84 saved to /laewon/Riot/output/champion_84.csv.
[2024-12-03T06:00:07.788+0900] {logging_mixin.py:190} INFO - Champion data for champion 910 saved to /laewon/Riot/output/champion_910.csv.
[2024-12-03T06:00:07.879+0900] {logging_mixin.py:190} INFO - Champion data for champion 40 saved to /laewon/Riot/output/champion_40.csv.
[2024-12-03T06:00:07.991+0900] {logging_mixin.py:190} INFO - Champion data for champion 43 saved to /laewon/Riot/output/champion_43.csv.
[2024-12-03T06:00:08.025+0900] {logging_mixin.py:190} INFO - Champion data for champion 5 saved to /laewon/Riot/output/champion_5.csv.
[2024-12-03T06:00:08.102+0900] {logging_mixin.py:190} INFO - Champion data for champion 122 saved to /laewon/Riot/output/champion_122.csv.
[2024-12-03T06:00:08.168+0900] {logging_mixin.py:190} INFO - Champion data for champion 3 saved to /laewon/Riot/output/champion_3.csv.
[2024-12-03T06:00:08.261+0900] {logging_mixin.py:190} INFO - Champion data for champion 74 saved to /laewon/Riot/output/champion_74.csv.
[2024-12-03T06:00:08.335+0900] {logging_mixin.py:190} INFO - Champion data for champion 16 saved to /laewon/Riot/output/champion_16.csv.
[2024-12-03T06:00:08.387+0900] {logging_mixin.py:190} INFO - Champion data for champion 429 saved to /laewon/Riot/output/champion_429.csv.
[2024-12-03T06:00:08.445+0900] {logging_mixin.py:190} INFO - Champion data for champion 516 saved to /laewon/Riot/output/champion_516.csv.
[2024-12-03T06:00:08.581+0900] {logging_mixin.py:190} INFO - Champion data for champion 45 saved to /laewon/Riot/output/champion_45.csv.
[2024-12-03T06:00:08.653+0900] {logging_mixin.py:190} INFO - Champion data for champion 89 saved to /laewon/Riot/output/champion_89.csv.
[2024-12-03T06:00:08.750+0900] {logging_mixin.py:190} INFO - Champion data for champion 36 saved to /laewon/Riot/output/champion_36.csv.
[2024-12-03T06:00:08.903+0900] {logging_mixin.py:190} INFO - Champion data for champion 21 saved to /laewon/Riot/output/champion_21.csv.
[2024-12-03T06:00:08.977+0900] {logging_mixin.py:190} INFO - Champion data for champion 154 saved to /laewon/Riot/output/champion_154.csv.
[2024-12-03T06:00:09.093+0900] {logging_mixin.py:190} INFO - Champion data for champion 64 saved to /laewon/Riot/output/champion_64.csv.
[2024-12-03T06:00:09.237+0900] {logging_mixin.py:190} INFO - Champion data for champion 126 saved to /laewon/Riot/output/champion_126.csv.
[2024-12-03T06:00:09.368+0900] {logging_mixin.py:190} INFO - Champion data for champion 17 saved to /laewon/Riot/output/champion_17.csv.
[2024-12-03T06:00:09.513+0900] {logging_mixin.py:190} INFO - Champion data for champion 236 saved to /laewon/Riot/output/champion_236.csv.
[2024-12-03T06:00:09.610+0900] {logging_mixin.py:190} INFO - Champion data for champion 157 saved to /laewon/Riot/output/champion_157.csv.
[2024-12-03T06:00:09.655+0900] {logging_mixin.py:190} INFO - Champion data for champion 164 saved to /laewon/Riot/output/champion_164.csv.
[2024-12-03T06:00:09.687+0900] {logging_mixin.py:190} INFO - Champion data for champion 497 saved to /laewon/Riot/output/champion_497.csv.
[2024-12-03T06:00:09.740+0900] {logging_mixin.py:190} INFO - Champion data for champion 268 saved to /laewon/Riot/output/champion_268.csv.
[2024-12-03T06:00:09.881+0900] {logging_mixin.py:190} INFO - Champion data for champion 145 saved to /laewon/Riot/output/champion_145.csv.
[2024-12-03T06:00:09.926+0900] {logging_mixin.py:190} INFO - Champion data for champion 19 saved to /laewon/Riot/output/champion_19.csv.
[2024-12-03T06:00:10.011+0900] {logging_mixin.py:190} INFO - Champion data for champion 117 saved to /laewon/Riot/output/champion_117.csv.
[2024-12-03T06:00:10.053+0900] {logging_mixin.py:190} INFO - Champion data for champion 893 saved to /laewon/Riot/output/champion_893.csv.
[2024-12-03T06:00:10.128+0900] {logging_mixin.py:190} INFO - Champion data for champion 254 saved to /laewon/Riot/output/champion_254.csv.
[2024-12-03T06:00:10.201+0900] {logging_mixin.py:190} INFO - Champion data for champion 55 saved to /laewon/Riot/output/champion_55.csv.
[2024-12-03T06:00:10.239+0900] {logging_mixin.py:190} INFO - Champion data for champion 91 saved to /laewon/Riot/output/champion_91.csv.
[2024-12-03T06:00:10.315+0900] {logging_mixin.py:190} INFO - Champion data for champion 79 saved to /laewon/Riot/output/champion_79.csv.
[2024-12-03T06:00:10.383+0900] {logging_mixin.py:190} INFO - Champion data for champion 26 saved to /laewon/Riot/output/champion_26.csv.
[2024-12-03T06:00:10.491+0900] {logging_mixin.py:190} INFO - Champion data for champion 18 saved to /laewon/Riot/output/champion_18.csv.
[2024-12-03T06:00:10.523+0900] {logging_mixin.py:190} INFO - Champion data for champion 150 saved to /laewon/Riot/output/champion_150.csv.
[2024-12-03T06:00:10.568+0900] {logging_mixin.py:190} INFO - Champion data for champion 163 saved to /laewon/Riot/output/champion_163.csv.
[2024-12-03T06:00:10.660+0900] {logging_mixin.py:190} INFO - Champion data for champion 57 saved to /laewon/Riot/output/champion_57.csv.
[2024-12-03T06:00:10.744+0900] {logging_mixin.py:190} INFO - Champion data for champion 82 saved to /laewon/Riot/output/champion_82.csv.
[2024-12-03T06:00:10.940+0900] {logging_mixin.py:190} INFO - Champion data for champion 51 saved to /laewon/Riot/output/champion_51.csv.
[2024-12-03T06:00:11.011+0900] {logging_mixin.py:190} INFO - Champion data for champion 8 saved to /laewon/Riot/output/champion_8.csv.
[2024-12-03T06:00:11.065+0900] {logging_mixin.py:190} INFO - Champion data for champion 876 saved to /laewon/Riot/output/champion_876.csv.
[2024-12-03T06:00:11.109+0900] {logging_mixin.py:190} INFO - Champion data for champion 432 saved to /laewon/Riot/output/champion_432.csv.
[2024-12-03T06:00:11.268+0900] {logging_mixin.py:190} INFO - Champion data for champion 202 saved to /laewon/Riot/output/champion_202.csv.
[2024-12-03T06:00:11.333+0900] {logging_mixin.py:190} INFO - Champion data for champion 136 saved to /laewon/Riot/output/champion_136.csv.
[2024-12-03T06:00:11.379+0900] {logging_mixin.py:190} INFO - Champion data for champion 41 saved to /laewon/Riot/output/champion_41.csv.
[2024-12-03T06:00:11.516+0900] {logging_mixin.py:190} INFO - Champion data for champion 115 saved to /laewon/Riot/output/champion_115.csv.
[2024-12-03T06:00:11.537+0900] {logging_mixin.py:190} INFO - Champion data for champion 2 saved to /laewon/Riot/output/champion_2.csv.
[2024-12-03T06:00:11.663+0900] {logging_mixin.py:190} INFO - Champion data for champion 161 saved to /laewon/Riot/output/champion_161.csv.
[2024-12-03T06:00:11.715+0900] {logging_mixin.py:190} INFO - Champion data for champion 23 saved to /laewon/Riot/output/champion_23.csv.
[2024-12-03T06:00:11.827+0900] {logging_mixin.py:190} INFO - Champion data for champion 412 saved to /laewon/Riot/output/champion_412.csv.
[2024-12-03T06:00:11.894+0900] {logging_mixin.py:190} INFO - Champion data for champion 127 saved to /laewon/Riot/output/champion_127.csv.
[2024-12-03T06:00:12.014+0900] {logging_mixin.py:190} INFO - Champion data for champion 555 saved to /laewon/Riot/output/champion_555.csv.
[2024-12-03T06:00:12.092+0900] {logging_mixin.py:190} INFO - Champion data for champion 59 saved to /laewon/Riot/output/champion_59.csv.
[2024-12-03T06:00:12.203+0900] {logging_mixin.py:190} INFO - Champion data for champion 901 saved to /laewon/Riot/output/champion_901.csv.
[2024-12-03T06:00:12.280+0900] {logging_mixin.py:190} INFO - Champion data for champion 27 saved to /laewon/Riot/output/champion_27.csv.
[2024-12-03T06:00:12.305+0900] {logging_mixin.py:190} INFO - Champion data for champion 44 saved to /laewon/Riot/output/champion_44.csv.
[2024-12-03T06:00:12.402+0900] {logging_mixin.py:190} INFO - Champion data for champion 32 saved to /laewon/Riot/output/champion_32.csv.
[2024-12-03T06:00:12.485+0900] {logging_mixin.py:190} INFO - Champion data for champion 13 saved to /laewon/Riot/output/champion_13.csv.
[2024-12-03T06:00:12.635+0900] {logging_mixin.py:190} INFO - Champion data for champion 110 saved to /laewon/Riot/output/champion_110.csv.
[2024-12-03T06:00:12.731+0900] {logging_mixin.py:190} INFO - Champion data for champion 111 saved to /laewon/Riot/output/champion_111.csv.
[2024-12-03T06:00:12.801+0900] {logging_mixin.py:190} INFO - Champion data for champion 1 saved to /laewon/Riot/output/champion_1.csv.
[2024-12-03T06:00:12.875+0900] {logging_mixin.py:190} INFO - Champion data for champion 24 saved to /laewon/Riot/output/champion_24.csv.
[2024-12-03T06:00:12.929+0900] {logging_mixin.py:190} INFO - Champion data for champion 90 saved to /laewon/Riot/output/champion_90.csv.
[2024-12-03T06:00:12.985+0900] {logging_mixin.py:190} INFO - Champion data for champion 143 saved to /laewon/Riot/output/champion_143.csv.
[2024-12-03T06:00:13.044+0900] {logging_mixin.py:190} INFO - Champion data for champion 131 saved to /laewon/Riot/output/champion_131.csv.
[2024-12-03T06:00:13.101+0900] {logging_mixin.py:190} INFO - Champion data for champion 203 saved to /laewon/Riot/output/champion_203.csv.
[2024-12-03T06:00:13.164+0900] {logging_mixin.py:190} INFO - Champion data for champion 62 saved to /laewon/Riot/output/champion_62.csv.
[2024-12-03T06:00:13.216+0900] {logging_mixin.py:190} INFO - Champion data for champion 6 saved to /laewon/Riot/output/champion_6.csv.
[2024-12-03T06:00:13.332+0900] {logging_mixin.py:190} INFO - Champion data for champion 15 saved to /laewon/Riot/output/champion_15.csv.
[2024-12-03T06:00:13.405+0900] {logging_mixin.py:190} INFO - Champion data for champion 888 saved to /laewon/Riot/output/champion_888.csv.
[2024-12-03T06:00:13.476+0900] {logging_mixin.py:190} INFO - Champion data for champion 711 saved to /laewon/Riot/output/champion_711.csv.
[2024-12-03T06:00:13.567+0900] {logging_mixin.py:190} INFO - Champion data for champion 518 saved to /laewon/Riot/output/champion_518.csv.
[2024-12-03T06:00:13.675+0900] {logging_mixin.py:190} INFO - Champion data for champion 235 saved to /laewon/Riot/output/champion_235.csv.
[2024-12-03T06:00:13.764+0900] {logging_mixin.py:190} INFO - Champion data for champion 42 saved to /laewon/Riot/output/champion_42.csv.
[2024-12-03T06:00:13.919+0900] {logging_mixin.py:190} INFO - Champion data for champion 99 saved to /laewon/Riot/output/champion_99.csv.
[2024-12-03T06:00:14.017+0900] {logging_mixin.py:190} INFO - Champion data for champion 112 saved to /laewon/Riot/output/champion_112.csv.
[2024-12-03T06:00:14.085+0900] {logging_mixin.py:190} INFO - Champion data for champion 223 saved to /laewon/Riot/output/champion_223.csv.
[2024-12-03T06:00:14.166+0900] {logging_mixin.py:190} INFO - Champion data for champion 245 saved to /laewon/Riot/output/champion_245.csv.
[2024-12-03T06:00:14.222+0900] {logging_mixin.py:190} INFO - Champion data for champion 39 saved to /laewon/Riot/output/champion_39.csv.
[2024-12-03T06:00:14.243+0900] {logging_mixin.py:190} INFO - Champion data for champion 427 saved to /laewon/Riot/output/champion_427.csv.
[2024-12-03T06:00:14.313+0900] {logging_mixin.py:190} INFO - Champion data for champion 134 saved to /laewon/Riot/output/champion_134.csv.
[2024-12-03T06:00:14.358+0900] {logging_mixin.py:190} INFO - Champion data for champion 102 saved to /laewon/Riot/output/champion_102.csv.
[2024-12-03T06:00:14.424+0900] {logging_mixin.py:190} INFO - Champion data for champion 875 saved to /laewon/Riot/output/champion_875.csv.
[2024-12-03T06:00:14.593+0900] {logging_mixin.py:190} INFO - Champion data for champion 53 saved to /laewon/Riot/output/champion_53.csv.
[2024-12-03T06:00:14.666+0900] {logging_mixin.py:190} INFO - Champion data for champion 86 saved to /laewon/Riot/output/champion_86.csv.
[2024-12-03T06:00:14.749+0900] {logging_mixin.py:190} INFO - Champion data for champion 9 saved to /laewon/Riot/output/champion_9.csv.
[2024-12-03T06:00:14.855+0900] {logging_mixin.py:190} INFO - Champion data for champion 517 saved to /laewon/Riot/output/champion_517.csv.
[2024-12-03T06:00:14.917+0900] {logging_mixin.py:190} INFO - Champion data for champion 12 saved to /laewon/Riot/output/champion_12.csv.
[2024-12-03T06:00:14.984+0900] {logging_mixin.py:190} INFO - Champion data for champion 234 saved to /laewon/Riot/output/champion_234.csv.
[2024-12-03T06:00:15.059+0900] {logging_mixin.py:190} INFO - Champion data for champion 50 saved to /laewon/Riot/output/champion_50.csv.
[2024-12-03T06:00:15.148+0900] {logging_mixin.py:190} INFO - Champion data for champion 80 saved to /laewon/Riot/output/champion_80.csv.
[2024-12-03T06:00:15.199+0900] {logging_mixin.py:190} INFO - Champion data for champion 92 saved to /laewon/Riot/output/champion_92.csv.
[2024-12-03T06:00:15.234+0900] {logging_mixin.py:190} INFO - Champion data for champion 77 saved to /laewon/Riot/output/champion_77.csv.
[2024-12-03T06:00:15.307+0900] {logging_mixin.py:190} INFO - Champion data for champion 37 saved to /laewon/Riot/output/champion_37.csv.
[2024-12-03T06:00:15.379+0900] {logging_mixin.py:190} INFO - Champion data for champion 360 saved to /laewon/Riot/output/champion_360.csv.
[2024-12-03T06:00:15.452+0900] {logging_mixin.py:190} INFO - Champion data for champion 35 saved to /laewon/Riot/output/champion_35.csv.
[2024-12-03T06:00:15.508+0900] {logging_mixin.py:190} INFO - Champion data for champion 75 saved to /laewon/Riot/output/champion_75.csv.
[2024-12-03T06:00:15.612+0900] {logging_mixin.py:190} INFO - Champion data for champion 221 saved to /laewon/Riot/output/champion_221.csv.
[2024-12-03T06:00:15.731+0900] {logging_mixin.py:190} INFO - Champion data for champion 498 saved to /laewon/Riot/output/champion_498.csv.
[2024-12-03T06:00:15.779+0900] {logging_mixin.py:190} INFO - Champion data for champion 267 saved to /laewon/Riot/output/champion_267.csv.
[2024-12-03T06:00:15.814+0900] {logging_mixin.py:190} INFO - Champion data for champion 56 saved to /laewon/Riot/output/champion_56.csv.
[2024-12-03T06:00:15.926+0900] {logging_mixin.py:190} INFO - Champion data for champion 4 saved to /laewon/Riot/output/champion_4.csv.
[2024-12-03T06:00:15.950+0900] {logging_mixin.py:190} INFO - Champion data for champion 246 saved to /laewon/Riot/output/champion_246.csv.
[2024-12-03T06:00:15.982+0900] {logging_mixin.py:190} INFO - Champion data for champion 72 saved to /laewon/Riot/output/champion_72.csv.
[2024-12-03T06:00:16.073+0900] {logging_mixin.py:190} INFO - Champion data for champion 96 saved to /laewon/Riot/output/champion_96.csv.
[2024-12-03T06:00:16.096+0900] {logging_mixin.py:190} INFO - Champion data for champion 895 saved to /laewon/Riot/output/champion_895.csv.
[2024-12-03T06:00:16.143+0900] {logging_mixin.py:190} INFO - Champion data for champion 78 saved to /laewon/Riot/output/champion_78.csv.
[2024-12-03T06:00:16.184+0900] {logging_mixin.py:190} INFO - Champion data for champion 902 saved to /laewon/Riot/output/champion_902.csv.
[2024-12-03T06:00:16.254+0900] {logging_mixin.py:190} INFO - Champion data for champion 68 saved to /laewon/Riot/output/champion_68.csv.
[2024-12-03T06:00:16.357+0900] {logging_mixin.py:190} INFO - Champion data for champion 104 saved to /laewon/Riot/output/champion_104.csv.
[2024-12-03T06:00:16.469+0900] {logging_mixin.py:190} INFO - Champion data for champion 67 saved to /laewon/Riot/output/champion_67.csv.
[2024-12-03T06:00:16.518+0900] {logging_mixin.py:190} INFO - Champion data for champion 897 saved to /laewon/Riot/output/champion_897.csv.
[2024-12-03T06:00:16.589+0900] {logging_mixin.py:190} INFO - Champion data for champion 119 saved to /laewon/Riot/output/champion_119.csv.
[2024-12-03T06:00:16.648+0900] {logging_mixin.py:190} INFO - Champion data for champion 201 saved to /laewon/Riot/output/champion_201.csv.
[2024-12-03T06:00:16.684+0900] {logging_mixin.py:190} INFO - Champion data for champion 48 saved to /laewon/Riot/output/champion_48.csv.
[2024-12-03T06:00:16.724+0900] {logging_mixin.py:190} INFO - Champion data for champion 114 saved to /laewon/Riot/output/champion_114.csv.
[2024-12-03T06:00:16.764+0900] {logging_mixin.py:190} INFO - Champion data for champion 69 saved to /laewon/Riot/output/champion_69.csv.
[2024-12-03T06:00:16.800+0900] {logging_mixin.py:190} INFO - Champion data for champion 38 saved to /laewon/Riot/output/champion_38.csv.
[2024-12-03T06:00:16.824+0900] {logging_mixin.py:190} INFO - Champion data for champion 120 saved to /laewon/Riot/output/champion_120.csv.
[2024-12-03T06:00:16.871+0900] {logging_mixin.py:190} INFO - Champion data for champion 98 saved to /laewon/Riot/output/champion_98.csv.
[2024-12-03T06:00:16.902+0900] {logging_mixin.py:190} INFO - Champion data for champion 526 saved to /laewon/Riot/output/champion_526.csv.
[2024-12-03T06:00:16.952+0900] {logging_mixin.py:190} INFO - Champion data for champion 58 saved to /laewon/Riot/output/champion_58.csv.
[2024-12-03T06:00:17.099+0900] {logging_mixin.py:190} INFO - All new JSON files have been processed and saved as 'match_data_combined.csv'.
[2024-12-03T06:00:17.127+0900] {python.py:240} INFO - Done. Returned value was: None
[2024-12-03T06:00:17.133+0900] {taskinstance.py:340} INFO - ::group::Post task execution logs
[2024-12-03T06:00:17.133+0900] {taskinstance.py:352} INFO - Marking task as SUCCESS. dag_id=process_and_upload_json_to_hdfs, task_id=process_json_files, run_id=scheduled__2024-12-02T20:00:00+00:00, execution_date=20241202T200000, start_date=20241202T210004, end_date=20241202T210017
[2024-12-03T06:00:17.182+0900] {local_task_job_runner.py:266} INFO - Task exited with return code 0
[2024-12-03T06:00:17.200+0900] {taskinstance.py:3895} INFO - 1 downstream tasks scheduled from follow-on schedule check
[2024-12-03T06:00:17.204+0900] {local_task_job_runner.py:245} INFO - ::endgroup::
