[2024-12-05T12:06:23.527+0900] {local_task_job_runner.py:123} INFO - ::group::Pre task execution logs
[2024-12-05T12:06:23.537+0900] {taskinstance.py:2613} INFO - Dependencies all met for dep_context=non-requeueable deps ti=<TaskInstance: process_and_upload_json_to_hdfs.run_make_model scheduled__2024-12-05T02:00:00+00:00 [queued]>
[2024-12-05T12:06:23.544+0900] {taskinstance.py:2613} INFO - Dependencies all met for dep_context=requeueable deps ti=<TaskInstance: process_and_upload_json_to_hdfs.run_make_model scheduled__2024-12-05T02:00:00+00:00 [queued]>
[2024-12-05T12:06:23.544+0900] {taskinstance.py:2866} INFO - Starting attempt 1 of 2
[2024-12-05T12:06:23.561+0900] {taskinstance.py:2889} INFO - Executing <Task(BashOperator): run_make_model> on 2024-12-05 02:00:00+00:00
[2024-12-05T12:06:23.564+0900] {standard_task_runner.py:72} INFO - Started process 1659428 to run task
[2024-12-05T12:06:23.567+0900] {standard_task_runner.py:104} INFO - Running: ['airflow', 'tasks', 'run', 'process_and_upload_json_to_hdfs', 'run_make_model', 'scheduled__2024-12-05T02:00:00+00:00', '--job-id', '638', '--raw', '--subdir', 'DAGS_FOLDER/data_to_hdfs.py', '--cfg-path', '/tmp/tmp8azfkb23']
[2024-12-05T12:06:23.569+0900] {standard_task_runner.py:105} INFO - Job 638: Subtask run_make_model
[2024-12-05T12:06:23.601+0900] {task_command.py:467} INFO - Running <TaskInstance: process_and_upload_json_to_hdfs.run_make_model scheduled__2024-12-05T02:00:00+00:00 [running]> on host MN
[2024-12-05T12:06:23.668+0900] {taskinstance.py:3132} INFO - Exporting env vars: AIRFLOW_CTX_DAG_OWNER='airflow' AIRFLOW_CTX_DAG_ID='process_and_upload_json_to_hdfs' AIRFLOW_CTX_TASK_ID='run_make_model' AIRFLOW_CTX_EXECUTION_DATE='2024-12-05T02:00:00+00:00' AIRFLOW_CTX_TRY_NUMBER='1' AIRFLOW_CTX_DAG_RUN_ID='scheduled__2024-12-05T02:00:00+00:00'
[2024-12-05T12:06:23.669+0900] {taskinstance.py:731} INFO - ::endgroup::
[2024-12-05T12:06:23.683+0900] {subprocess.py:78} INFO - Tmp dir root location: /tmp
[2024-12-05T12:06:23.684+0900] {subprocess.py:88} INFO - Running command: ['/usr/bin/bash', '-c', '/laewon/spark/bin/spark-submit --master yarn --deploy-mode cluster /laewon/Riot/make_model.py']
[2024-12-05T12:06:23.690+0900] {subprocess.py:99} INFO - Output:
[2024-12-05T12:06:25.920+0900] {subprocess.py:106} INFO - 24/12/05 12:06:25 INFO DefaultNoHARMFailoverProxyProvider: Connecting to ResourceManager at MN/192.168.4.7:8032
[2024-12-05T12:06:26.607+0900] {subprocess.py:106} INFO - 24/12/05 12:06:26 INFO Configuration: resource-types.xml not found
[2024-12-05T12:06:26.608+0900] {subprocess.py:106} INFO - 24/12/05 12:06:26 INFO ResourceUtils: Unable to find 'resource-types.xml'.
[2024-12-05T12:06:26.622+0900] {subprocess.py:106} INFO - 24/12/05 12:06:26 INFO Client: Verifying our application has not requested more than the maximum memory capability of the cluster (819200 MB per container)
[2024-12-05T12:06:26.623+0900] {subprocess.py:106} INFO - 24/12/05 12:06:26 INFO Client: Will allocate AM container, with 1408 MB memory including 384 MB overhead
[2024-12-05T12:06:26.623+0900] {subprocess.py:106} INFO - 24/12/05 12:06:26 INFO Client: Setting up container launch context for our AM
[2024-12-05T12:06:26.627+0900] {subprocess.py:106} INFO - 24/12/05 12:06:26 INFO Client: Setting up the launch environment for our AM container
[2024-12-05T12:06:26.638+0900] {subprocess.py:106} INFO - 24/12/05 12:06:26 INFO Client: Preparing resources for our AM container
[2024-12-05T12:06:26.673+0900] {subprocess.py:106} INFO - 24/12/05 12:06:26 WARN Client: Neither spark.yarn.jars nor spark.yarn.archive is set, falling back to uploading libraries under SPARK_HOME.
[2024-12-05T12:06:29.520+0900] {subprocess.py:106} INFO - 24/12/05 12:06:29 INFO Client: Uploading resource file:/tmp/spark-e87c6bb6-4465-479c-9657-2432cacc243e/__spark_libs__12091766777680911297.zip -> hdfs://MN:9000/user/dke/.sparkStaging/application_1733127595631_0076/__spark_libs__12091766777680911297.zip
[2024-12-05T12:06:59.704+0900] {subprocess.py:106} INFO - 24/12/05 12:06:59 INFO Client: Uploading resource file:/laewon/Riot/make_model.py -> hdfs://MN:9000/user/dke/.sparkStaging/application_1733127595631_0076/make_model.py
[2024-12-05T12:06:59.734+0900] {subprocess.py:106} INFO - 24/12/05 12:06:59 INFO Client: Uploading resource file:/laewon/spark-3.5.1-bin-hadoop3/python/lib/pyspark.zip -> hdfs://MN:9000/user/dke/.sparkStaging/application_1733127595631_0076/pyspark.zip
[2024-12-05T12:06:59.982+0900] {subprocess.py:106} INFO - 24/12/05 12:06:59 INFO Client: Uploading resource file:/laewon/spark-3.5.1-bin-hadoop3/python/lib/py4j-0.10.9.7-src.zip -> hdfs://MN:9000/user/dke/.sparkStaging/application_1733127595631_0076/py4j-0.10.9.7-src.zip
[2024-12-05T12:07:00.182+0900] {subprocess.py:106} INFO - 24/12/05 12:07:00 INFO Client: Uploading resource file:/tmp/spark-e87c6bb6-4465-479c-9657-2432cacc243e/__spark_conf__16950302041903665342.zip -> hdfs://MN:9000/user/dke/.sparkStaging/application_1733127595631_0076/__spark_conf__.zip
[2024-12-05T12:07:00.266+0900] {subprocess.py:106} INFO - 24/12/05 12:07:00 INFO SecurityManager: Changing view acls to: dke
[2024-12-05T12:07:00.266+0900] {subprocess.py:106} INFO - 24/12/05 12:07:00 INFO SecurityManager: Changing modify acls to: dke
[2024-12-05T12:07:00.266+0900] {subprocess.py:106} INFO - 24/12/05 12:07:00 INFO SecurityManager: Changing view acls groups to:
[2024-12-05T12:07:00.267+0900] {subprocess.py:106} INFO - 24/12/05 12:07:00 INFO SecurityManager: Changing modify acls groups to:
[2024-12-05T12:07:00.267+0900] {subprocess.py:106} INFO - 24/12/05 12:07:00 INFO SecurityManager: SecurityManager: authentication disabled; ui acls disabled; users with view permissions: dke; groups with view permissions: EMPTY; users with modify permissions: dke; groups with modify permissions: EMPTY
[2024-12-05T12:07:00.305+0900] {subprocess.py:106} INFO - 24/12/05 12:07:00 INFO Client: Submitting application application_1733127595631_0076 to ResourceManager
[2024-12-05T12:07:00.359+0900] {subprocess.py:106} INFO - 24/12/05 12:07:00 INFO YarnClientImpl: Submitted application application_1733127595631_0076
[2024-12-05T12:07:01.362+0900] {subprocess.py:106} INFO - 24/12/05 12:07:01 INFO Client: Application report for application_1733127595631_0076 (state: ACCEPTED)
[2024-12-05T12:07:01.366+0900] {subprocess.py:106} INFO - 24/12/05 12:07:01 INFO Client:
[2024-12-05T12:07:01.366+0900] {subprocess.py:106} INFO - 	 client token: N/A
[2024-12-05T12:07:01.366+0900] {subprocess.py:106} INFO - 	 diagnostics: AM container is launched, waiting for AM container to Register with RM
[2024-12-05T12:07:01.367+0900] {subprocess.py:106} INFO - 	 ApplicationMaster host: N/A
[2024-12-05T12:07:01.367+0900] {subprocess.py:106} INFO - 	 ApplicationMaster RPC port: -1
[2024-12-05T12:07:01.367+0900] {subprocess.py:106} INFO - 	 queue: root.default
[2024-12-05T12:07:01.367+0900] {subprocess.py:106} INFO - 	 start time: 1733368020329
[2024-12-05T12:07:01.367+0900] {subprocess.py:106} INFO - 	 final status: UNDEFINED
[2024-12-05T12:07:01.368+0900] {subprocess.py:106} INFO - 	 tracking URL: http://MN:8088/proxy/application_1733127595631_0076/
[2024-12-05T12:07:01.368+0900] {subprocess.py:106} INFO - 	 user: dke
[2024-12-05T12:07:19.390+0900] {subprocess.py:106} INFO - 24/12/05 12:07:19 INFO Client: Application report for application_1733127595631_0076 (state: RUNNING)
[2024-12-05T12:07:19.391+0900] {subprocess.py:106} INFO - 24/12/05 12:07:19 INFO Client:
[2024-12-05T12:07:19.391+0900] {subprocess.py:106} INFO - 	 client token: N/A
[2024-12-05T12:07:19.391+0900] {subprocess.py:106} INFO - 	 diagnostics: N/A
[2024-12-05T12:07:19.391+0900] {subprocess.py:106} INFO - 	 ApplicationMaster host: SN02
[2024-12-05T12:07:19.392+0900] {subprocess.py:106} INFO - 	 ApplicationMaster RPC port: 33569
[2024-12-05T12:07:19.392+0900] {subprocess.py:106} INFO - 	 queue: root.default
[2024-12-05T12:07:19.392+0900] {subprocess.py:106} INFO - 	 start time: 1733368020329
[2024-12-05T12:07:19.392+0900] {subprocess.py:106} INFO - 	 final status: UNDEFINED
[2024-12-05T12:07:19.393+0900] {subprocess.py:106} INFO - 	 tracking URL: http://MN:8088/proxy/application_1733127595631_0076/
[2024-12-05T12:07:19.393+0900] {subprocess.py:106} INFO - 	 user: dke
[2024-12-05T12:07:49.427+0900] {subprocess.py:106} INFO - 24/12/05 12:07:49 INFO Client: Application report for application_1733127595631_0076 (state: RUNNING)
[2024-12-05T12:08:02.443+0900] {subprocess.py:106} INFO - 24/12/05 12:08:02 INFO Client: Application report for application_1733127595631_0076 (state: FINISHED)
[2024-12-05T12:08:02.443+0900] {subprocess.py:106} INFO - 24/12/05 12:08:02 INFO Client:
[2024-12-05T12:08:02.444+0900] {subprocess.py:106} INFO - 	 client token: N/A
[2024-12-05T12:08:02.444+0900] {subprocess.py:106} INFO - 	 diagnostics: N/A
[2024-12-05T12:08:02.444+0900] {subprocess.py:106} INFO - 	 ApplicationMaster host: SN02
[2024-12-05T12:08:02.444+0900] {subprocess.py:106} INFO - 	 ApplicationMaster RPC port: 33569
[2024-12-05T12:08:02.445+0900] {subprocess.py:106} INFO - 	 queue: root.default
[2024-12-05T12:08:02.445+0900] {subprocess.py:106} INFO - 	 start time: 1733368020329
[2024-12-05T12:08:02.445+0900] {subprocess.py:106} INFO - 	 final status: SUCCEEDED
[2024-12-05T12:08:02.445+0900] {subprocess.py:106} INFO - 	 tracking URL: http://MN:8088/proxy/application_1733127595631_0076/
[2024-12-05T12:08:02.445+0900] {subprocess.py:106} INFO - 	 user: dke
[2024-12-05T12:08:02.451+0900] {subprocess.py:106} INFO - 24/12/05 12:08:02 INFO ShutdownHookManager: Shutdown hook called
[2024-12-05T12:08:02.452+0900] {subprocess.py:106} INFO - 24/12/05 12:08:02 INFO ShutdownHookManager: Deleting directory /tmp/spark-3b55aef5-5b4b-4177-857c-b139521978ea
[2024-12-05T12:08:02.455+0900] {subprocess.py:106} INFO - 24/12/05 12:08:02 INFO ShutdownHookManager: Deleting directory /tmp/spark-e87c6bb6-4465-479c-9657-2432cacc243e
[2024-12-05T12:08:02.810+0900] {subprocess.py:110} INFO - Command exited with return code 0
[2024-12-05T12:08:02.833+0900] {taskinstance.py:340} INFO - ::group::Post task execution logs
[2024-12-05T12:08:02.834+0900] {taskinstance.py:352} INFO - Marking task as SUCCESS. dag_id=process_and_upload_json_to_hdfs, task_id=run_make_model, run_id=scheduled__2024-12-05T02:00:00+00:00, execution_date=20241205T020000, start_date=20241205T030623, end_date=20241205T030802
[2024-12-05T12:08:02.871+0900] {local_task_job_runner.py:266} INFO - Task exited with return code 0
[2024-12-05T12:08:02.881+0900] {taskinstance.py:3895} INFO - 0 downstream tasks scheduled from follow-on schedule check
[2024-12-05T12:08:02.882+0900] {local_task_job_runner.py:245} INFO - ::endgroup::
