[2024-12-03T01:06:50.650+0900] {local_task_job_runner.py:123} INFO - ::group::Pre task execution logs
[2024-12-03T01:06:50.660+0900] {taskinstance.py:2613} INFO - Dependencies all met for dep_context=non-requeueable deps ti=<TaskInstance: process_and_upload_json_to_hdfs.run_make_model scheduled__2024-12-02T15:00:00+00:00 [queued]>
[2024-12-03T01:06:50.667+0900] {taskinstance.py:2613} INFO - Dependencies all met for dep_context=requeueable deps ti=<TaskInstance: process_and_upload_json_to_hdfs.run_make_model scheduled__2024-12-02T15:00:00+00:00 [queued]>
[2024-12-03T01:06:50.667+0900] {taskinstance.py:2866} INFO - Starting attempt 1 of 2
[2024-12-03T01:06:50.682+0900] {taskinstance.py:2889} INFO - Executing <Task(BashOperator): run_make_model> on 2024-12-02 15:00:00+00:00
[2024-12-03T01:06:50.685+0900] {standard_task_runner.py:72} INFO - Started process 167933 to run task
[2024-12-03T01:06:50.689+0900] {standard_task_runner.py:104} INFO - Running: ['airflow', 'tasks', 'run', 'process_and_upload_json_to_hdfs', 'run_make_model', 'scheduled__2024-12-02T15:00:00+00:00', '--job-id', '400', '--raw', '--subdir', 'DAGS_FOLDER/data_to_hdfs.py', '--cfg-path', '/tmp/tmpu_jwh2sj']
[2024-12-03T01:06:50.690+0900] {standard_task_runner.py:105} INFO - Job 400: Subtask run_make_model
[2024-12-03T01:06:50.724+0900] {task_command.py:467} INFO - Running <TaskInstance: process_and_upload_json_to_hdfs.run_make_model scheduled__2024-12-02T15:00:00+00:00 [running]> on host MN
[2024-12-03T01:06:50.790+0900] {taskinstance.py:3132} INFO - Exporting env vars: AIRFLOW_CTX_DAG_OWNER='airflow' AIRFLOW_CTX_DAG_ID='process_and_upload_json_to_hdfs' AIRFLOW_CTX_TASK_ID='run_make_model' AIRFLOW_CTX_EXECUTION_DATE='2024-12-02T15:00:00+00:00' AIRFLOW_CTX_TRY_NUMBER='1' AIRFLOW_CTX_DAG_RUN_ID='scheduled__2024-12-02T15:00:00+00:00'
[2024-12-03T01:06:50.790+0900] {taskinstance.py:731} INFO - ::endgroup::
[2024-12-03T01:06:50.804+0900] {subprocess.py:78} INFO - Tmp dir root location: /tmp
[2024-12-03T01:06:50.805+0900] {subprocess.py:88} INFO - Running command: ['/usr/bin/bash', '-c', '/laewon/spark/bin/spark-submit --master yarn --deploy-mode cluster /laewon/Riot/make_model.py']
[2024-12-03T01:06:50.811+0900] {subprocess.py:99} INFO - Output:
[2024-12-03T01:06:53.065+0900] {subprocess.py:106} INFO - 24/12/03 01:06:53 INFO DefaultNoHARMFailoverProxyProvider: Connecting to ResourceManager at MN/192.168.4.7:8032
[2024-12-03T01:06:53.769+0900] {subprocess.py:106} INFO - 24/12/03 01:06:53 INFO Configuration: resource-types.xml not found
[2024-12-03T01:06:53.769+0900] {subprocess.py:106} INFO - 24/12/03 01:06:53 INFO ResourceUtils: Unable to find 'resource-types.xml'.
[2024-12-03T01:06:53.784+0900] {subprocess.py:106} INFO - 24/12/03 01:06:53 INFO Client: Verifying our application has not requested more than the maximum memory capability of the cluster (819200 MB per container)
[2024-12-03T01:06:53.785+0900] {subprocess.py:106} INFO - 24/12/03 01:06:53 INFO Client: Will allocate AM container, with 1408 MB memory including 384 MB overhead
[2024-12-03T01:06:53.785+0900] {subprocess.py:106} INFO - 24/12/03 01:06:53 INFO Client: Setting up container launch context for our AM
[2024-12-03T01:06:53.789+0900] {subprocess.py:106} INFO - 24/12/03 01:06:53 INFO Client: Setting up the launch environment for our AM container
[2024-12-03T01:06:53.800+0900] {subprocess.py:106} INFO - 24/12/03 01:06:53 INFO Client: Preparing resources for our AM container
[2024-12-03T01:06:53.834+0900] {subprocess.py:106} INFO - 24/12/03 01:06:53 WARN Client: Neither spark.yarn.jars nor spark.yarn.archive is set, falling back to uploading libraries under SPARK_HOME.
[2024-12-03T01:06:56.674+0900] {subprocess.py:106} INFO - 24/12/03 01:06:56 INFO Client: Uploading resource file:/tmp/spark-05f719fd-b660-4322-ae08-90a7e9f23e7a/__spark_libs__16222144862729629936.zip -> hdfs://MN:9000/user/dke/.sparkStaging/application_1733127595631_0011/__spark_libs__16222144862729629936.zip
[2024-12-03T01:07:27.242+0900] {subprocess.py:106} INFO - 24/12/03 01:07:27 INFO Client: Uploading resource file:/laewon/Riot/make_model.py -> hdfs://MN:9000/user/dke/.sparkStaging/application_1733127595631_0011/make_model.py
[2024-12-03T01:07:27.278+0900] {subprocess.py:106} INFO - 24/12/03 01:07:27 INFO Client: Uploading resource file:/laewon/spark-3.5.1-bin-hadoop3/python/lib/pyspark.zip -> hdfs://MN:9000/user/dke/.sparkStaging/application_1733127595631_0011/pyspark.zip
[2024-12-03T01:07:27.522+0900] {subprocess.py:106} INFO - 24/12/03 01:07:27 INFO Client: Uploading resource file:/laewon/spark-3.5.1-bin-hadoop3/python/lib/py4j-0.10.9.7-src.zip -> hdfs://MN:9000/user/dke/.sparkStaging/application_1733127595631_0011/py4j-0.10.9.7-src.zip
[2024-12-03T01:07:27.720+0900] {subprocess.py:106} INFO - 24/12/03 01:07:27 INFO Client: Uploading resource file:/tmp/spark-05f719fd-b660-4322-ae08-90a7e9f23e7a/__spark_conf__13844964051347847487.zip -> hdfs://MN:9000/user/dke/.sparkStaging/application_1733127595631_0011/__spark_conf__.zip
[2024-12-03T01:07:27.812+0900] {subprocess.py:106} INFO - 24/12/03 01:07:27 INFO SecurityManager: Changing view acls to: dke
[2024-12-03T01:07:27.813+0900] {subprocess.py:106} INFO - 24/12/03 01:07:27 INFO SecurityManager: Changing modify acls to: dke
[2024-12-03T01:07:27.813+0900] {subprocess.py:106} INFO - 24/12/03 01:07:27 INFO SecurityManager: Changing view acls groups to:
[2024-12-03T01:07:27.814+0900] {subprocess.py:106} INFO - 24/12/03 01:07:27 INFO SecurityManager: Changing modify acls groups to:
[2024-12-03T01:07:27.814+0900] {subprocess.py:106} INFO - 24/12/03 01:07:27 INFO SecurityManager: SecurityManager: authentication disabled; ui acls disabled; users with view permissions: dke; groups with view permissions: EMPTY; users with modify permissions: dke; groups with modify permissions: EMPTY
[2024-12-03T01:07:27.850+0900] {subprocess.py:106} INFO - 24/12/03 01:07:27 INFO Client: Submitting application application_1733127595631_0011 to ResourceManager
[2024-12-03T01:07:27.895+0900] {subprocess.py:106} INFO - 24/12/03 01:07:27 INFO YarnClientImpl: Submitted application application_1733127595631_0011
[2024-12-03T01:07:28.898+0900] {subprocess.py:106} INFO - 24/12/03 01:07:28 INFO Client: Application report for application_1733127595631_0011 (state: ACCEPTED)
[2024-12-03T01:07:28.902+0900] {subprocess.py:106} INFO - 24/12/03 01:07:28 INFO Client:
[2024-12-03T01:07:28.902+0900] {subprocess.py:106} INFO - 	 client token: N/A
[2024-12-03T01:07:28.902+0900] {subprocess.py:106} INFO - 	 diagnostics: AM container is launched, waiting for AM container to Register with RM
[2024-12-03T01:07:28.902+0900] {subprocess.py:106} INFO - 	 ApplicationMaster host: N/A
[2024-12-03T01:07:28.903+0900] {subprocess.py:106} INFO - 	 ApplicationMaster RPC port: -1
[2024-12-03T01:07:28.903+0900] {subprocess.py:106} INFO - 	 queue: root.default
[2024-12-03T01:07:28.903+0900] {subprocess.py:106} INFO - 	 start time: 1733155647874
[2024-12-03T01:07:28.903+0900] {subprocess.py:106} INFO - 	 final status: UNDEFINED
[2024-12-03T01:07:28.904+0900] {subprocess.py:106} INFO - 	 tracking URL: http://MN:8088/proxy/application_1733127595631_0011/
[2024-12-03T01:07:28.904+0900] {subprocess.py:106} INFO - 	 user: dke
[2024-12-03T01:07:35.911+0900] {subprocess.py:106} INFO - 24/12/03 01:07:35 INFO Client: Application report for application_1733127595631_0011 (state: RUNNING)
[2024-12-03T01:07:35.912+0900] {subprocess.py:106} INFO - 24/12/03 01:07:35 INFO Client:
[2024-12-03T01:07:35.912+0900] {subprocess.py:106} INFO - 	 client token: N/A
[2024-12-03T01:07:35.912+0900] {subprocess.py:106} INFO - 	 diagnostics: N/A
[2024-12-03T01:07:35.912+0900] {subprocess.py:106} INFO - 	 ApplicationMaster host: SN07
[2024-12-03T01:07:35.913+0900] {subprocess.py:106} INFO - 	 ApplicationMaster RPC port: 35685
[2024-12-03T01:07:35.913+0900] {subprocess.py:106} INFO - 	 queue: root.default
[2024-12-03T01:07:35.913+0900] {subprocess.py:106} INFO - 	 start time: 1733155647874
[2024-12-03T01:07:35.914+0900] {subprocess.py:106} INFO - 	 final status: UNDEFINED
[2024-12-03T01:07:35.914+0900] {subprocess.py:106} INFO - 	 tracking URL: http://MN:8088/proxy/application_1733127595631_0011/
[2024-12-03T01:07:35.914+0900] {subprocess.py:106} INFO - 	 user: dke
[2024-12-03T01:08:05.952+0900] {subprocess.py:106} INFO - 24/12/03 01:08:05 INFO Client: Application report for application_1733127595631_0011 (state: RUNNING)
[2024-12-03T01:08:23.975+0900] {subprocess.py:106} INFO - 24/12/03 01:08:23 INFO Client: Application report for application_1733127595631_0011 (state: FINISHED)
[2024-12-03T01:08:23.976+0900] {subprocess.py:106} INFO - 24/12/03 01:08:23 INFO Client:
[2024-12-03T01:08:23.976+0900] {subprocess.py:106} INFO - 	 client token: N/A
[2024-12-03T01:08:23.977+0900] {subprocess.py:106} INFO - 	 diagnostics: N/A
[2024-12-03T01:08:23.977+0900] {subprocess.py:106} INFO - 	 ApplicationMaster host: SN07
[2024-12-03T01:08:23.978+0900] {subprocess.py:106} INFO - 	 ApplicationMaster RPC port: 35685
[2024-12-03T01:08:23.978+0900] {subprocess.py:106} INFO - 	 queue: root.default
[2024-12-03T01:08:23.978+0900] {subprocess.py:106} INFO - 	 start time: 1733155647874
[2024-12-03T01:08:23.979+0900] {subprocess.py:106} INFO - 	 final status: SUCCEEDED
[2024-12-03T01:08:23.979+0900] {subprocess.py:106} INFO - 	 tracking URL: http://MN:8088/proxy/application_1733127595631_0011/
[2024-12-03T01:08:23.980+0900] {subprocess.py:106} INFO - 	 user: dke
[2024-12-03T01:08:23.986+0900] {subprocess.py:106} INFO - 24/12/03 01:08:23 INFO ShutdownHookManager: Shutdown hook called
[2024-12-03T01:08:23.987+0900] {subprocess.py:106} INFO - 24/12/03 01:08:23 INFO ShutdownHookManager: Deleting directory /tmp/spark-a3a9e275-aec5-4619-a1dc-58a71bde75e8
[2024-12-03T01:08:23.990+0900] {subprocess.py:106} INFO - 24/12/03 01:08:23 INFO ShutdownHookManager: Deleting directory /tmp/spark-05f719fd-b660-4322-ae08-90a7e9f23e7a
[2024-12-03T01:08:24.344+0900] {subprocess.py:110} INFO - Command exited with return code 0
[2024-12-03T01:08:24.367+0900] {taskinstance.py:340} INFO - ::group::Post task execution logs
[2024-12-03T01:08:24.368+0900] {taskinstance.py:352} INFO - Marking task as SUCCESS. dag_id=process_and_upload_json_to_hdfs, task_id=run_make_model, run_id=scheduled__2024-12-02T15:00:00+00:00, execution_date=20241202T150000, start_date=20241202T160650, end_date=20241202T160824
[2024-12-03T01:08:24.417+0900] {local_task_job_runner.py:266} INFO - Task exited with return code 0
[2024-12-03T01:08:24.427+0900] {taskinstance.py:3895} INFO - 0 downstream tasks scheduled from follow-on schedule check
[2024-12-03T01:08:24.428+0900] {local_task_job_runner.py:245} INFO - ::endgroup::
