[2024-12-04T21:06:24.315+0900] {local_task_job_runner.py:123} INFO - ::group::Pre task execution logs
[2024-12-04T21:06:24.325+0900] {taskinstance.py:2613} INFO - Dependencies all met for dep_context=non-requeueable deps ti=<TaskInstance: process_and_upload_json_to_hdfs.run_make_model scheduled__2024-12-04T11:00:00+00:00 [queued]>
[2024-12-04T21:06:24.333+0900] {taskinstance.py:2613} INFO - Dependencies all met for dep_context=requeueable deps ti=<TaskInstance: process_and_upload_json_to_hdfs.run_make_model scheduled__2024-12-04T11:00:00+00:00 [queued]>
[2024-12-04T21:06:24.333+0900] {taskinstance.py:2866} INFO - Starting attempt 1 of 2
[2024-12-04T21:06:24.349+0900] {taskinstance.py:2889} INFO - Executing <Task(BashOperator): run_make_model> on 2024-12-04 11:00:00+00:00
[2024-12-04T21:06:24.352+0900] {standard_task_runner.py:72} INFO - Started process 1239615 to run task
[2024-12-04T21:06:24.356+0900] {standard_task_runner.py:104} INFO - Running: ['airflow', 'tasks', 'run', 'process_and_upload_json_to_hdfs', 'run_make_model', 'scheduled__2024-12-04T11:00:00+00:00', '--job-id', '578', '--raw', '--subdir', 'DAGS_FOLDER/data_to_hdfs.py', '--cfg-path', '/tmp/tmp4phei1md']
[2024-12-04T21:06:24.357+0900] {standard_task_runner.py:105} INFO - Job 578: Subtask run_make_model
[2024-12-04T21:06:24.390+0900] {task_command.py:467} INFO - Running <TaskInstance: process_and_upload_json_to_hdfs.run_make_model scheduled__2024-12-04T11:00:00+00:00 [running]> on host MN
[2024-12-04T21:06:24.457+0900] {taskinstance.py:3132} INFO - Exporting env vars: AIRFLOW_CTX_DAG_OWNER='airflow' AIRFLOW_CTX_DAG_ID='process_and_upload_json_to_hdfs' AIRFLOW_CTX_TASK_ID='run_make_model' AIRFLOW_CTX_EXECUTION_DATE='2024-12-04T11:00:00+00:00' AIRFLOW_CTX_TRY_NUMBER='1' AIRFLOW_CTX_DAG_RUN_ID='scheduled__2024-12-04T11:00:00+00:00'
[2024-12-04T21:06:24.458+0900] {taskinstance.py:731} INFO - ::endgroup::
[2024-12-04T21:06:24.472+0900] {subprocess.py:78} INFO - Tmp dir root location: /tmp
[2024-12-04T21:06:24.473+0900] {subprocess.py:88} INFO - Running command: ['/usr/bin/bash', '-c', '/laewon/spark/bin/spark-submit --master yarn --deploy-mode cluster /laewon/Riot/make_model.py']
[2024-12-04T21:06:24.479+0900] {subprocess.py:99} INFO - Output:
[2024-12-04T21:06:26.710+0900] {subprocess.py:106} INFO - 24/12/04 21:06:26 INFO DefaultNoHARMFailoverProxyProvider: Connecting to ResourceManager at MN/192.168.4.7:8032
[2024-12-04T21:06:27.438+0900] {subprocess.py:106} INFO - 24/12/04 21:06:27 INFO Configuration: resource-types.xml not found
[2024-12-04T21:06:27.439+0900] {subprocess.py:106} INFO - 24/12/04 21:06:27 INFO ResourceUtils: Unable to find 'resource-types.xml'.
[2024-12-04T21:06:27.454+0900] {subprocess.py:106} INFO - 24/12/04 21:06:27 INFO Client: Verifying our application has not requested more than the maximum memory capability of the cluster (819200 MB per container)
[2024-12-04T21:06:27.455+0900] {subprocess.py:106} INFO - 24/12/04 21:06:27 INFO Client: Will allocate AM container, with 1408 MB memory including 384 MB overhead
[2024-12-04T21:06:27.455+0900] {subprocess.py:106} INFO - 24/12/04 21:06:27 INFO Client: Setting up container launch context for our AM
[2024-12-04T21:06:27.459+0900] {subprocess.py:106} INFO - 24/12/04 21:06:27 INFO Client: Setting up the launch environment for our AM container
[2024-12-04T21:06:27.471+0900] {subprocess.py:106} INFO - 24/12/04 21:06:27 INFO Client: Preparing resources for our AM container
[2024-12-04T21:06:27.507+0900] {subprocess.py:106} INFO - 24/12/04 21:06:27 WARN Client: Neither spark.yarn.jars nor spark.yarn.archive is set, falling back to uploading libraries under SPARK_HOME.
[2024-12-04T21:06:30.358+0900] {subprocess.py:106} INFO - 24/12/04 21:06:30 INFO Client: Uploading resource file:/tmp/spark-bde3613d-bc7e-4d5f-a99d-e84bad49c299/__spark_libs__9985414072321894355.zip -> hdfs://MN:9000/user/dke/.sparkStaging/application_1733127595631_0061/__spark_libs__9985414072321894355.zip
[2024-12-04T21:07:02.881+0900] {subprocess.py:106} INFO - 24/12/04 21:07:02 INFO Client: Uploading resource file:/laewon/Riot/make_model.py -> hdfs://MN:9000/user/dke/.sparkStaging/application_1733127595631_0061/make_model.py
[2024-12-04T21:07:02.918+0900] {subprocess.py:106} INFO - 24/12/04 21:07:02 INFO Client: Uploading resource file:/laewon/spark-3.5.1-bin-hadoop3/python/lib/pyspark.zip -> hdfs://MN:9000/user/dke/.sparkStaging/application_1733127595631_0061/pyspark.zip
[2024-12-04T21:07:03.155+0900] {subprocess.py:106} INFO - 24/12/04 21:07:03 INFO Client: Uploading resource file:/laewon/spark-3.5.1-bin-hadoop3/python/lib/py4j-0.10.9.7-src.zip -> hdfs://MN:9000/user/dke/.sparkStaging/application_1733127595631_0061/py4j-0.10.9.7-src.zip
[2024-12-04T21:07:03.358+0900] {subprocess.py:106} INFO - 24/12/04 21:07:03 INFO Client: Uploading resource file:/tmp/spark-bde3613d-bc7e-4d5f-a99d-e84bad49c299/__spark_conf__17832883844087866527.zip -> hdfs://MN:9000/user/dke/.sparkStaging/application_1733127595631_0061/__spark_conf__.zip
[2024-12-04T21:07:03.443+0900] {subprocess.py:106} INFO - 24/12/04 21:07:03 INFO SecurityManager: Changing view acls to: dke
[2024-12-04T21:07:03.443+0900] {subprocess.py:106} INFO - 24/12/04 21:07:03 INFO SecurityManager: Changing modify acls to: dke
[2024-12-04T21:07:03.444+0900] {subprocess.py:106} INFO - 24/12/04 21:07:03 INFO SecurityManager: Changing view acls groups to:
[2024-12-04T21:07:03.445+0900] {subprocess.py:106} INFO - 24/12/04 21:07:03 INFO SecurityManager: Changing modify acls groups to:
[2024-12-04T21:07:03.445+0900] {subprocess.py:106} INFO - 24/12/04 21:07:03 INFO SecurityManager: SecurityManager: authentication disabled; ui acls disabled; users with view permissions: dke; groups with view permissions: EMPTY; users with modify permissions: dke; groups with modify permissions: EMPTY
[2024-12-04T21:07:03.484+0900] {subprocess.py:106} INFO - 24/12/04 21:07:03 INFO Client: Submitting application application_1733127595631_0061 to ResourceManager
[2024-12-04T21:07:03.529+0900] {subprocess.py:106} INFO - 24/12/04 21:07:03 INFO YarnClientImpl: Submitted application application_1733127595631_0061
[2024-12-04T21:07:04.532+0900] {subprocess.py:106} INFO - 24/12/04 21:07:04 INFO Client: Application report for application_1733127595631_0061 (state: ACCEPTED)
[2024-12-04T21:07:04.536+0900] {subprocess.py:106} INFO - 24/12/04 21:07:04 INFO Client:
[2024-12-04T21:07:04.537+0900] {subprocess.py:106} INFO - 	 client token: N/A
[2024-12-04T21:07:04.537+0900] {subprocess.py:106} INFO - 	 diagnostics: AM container is launched, waiting for AM container to Register with RM
[2024-12-04T21:07:04.537+0900] {subprocess.py:106} INFO - 	 ApplicationMaster host: N/A
[2024-12-04T21:07:04.537+0900] {subprocess.py:106} INFO - 	 ApplicationMaster RPC port: -1
[2024-12-04T21:07:04.538+0900] {subprocess.py:106} INFO - 	 queue: root.default
[2024-12-04T21:07:04.538+0900] {subprocess.py:106} INFO - 	 start time: 1733314023508
[2024-12-04T21:07:04.538+0900] {subprocess.py:106} INFO - 	 final status: UNDEFINED
[2024-12-04T21:07:04.538+0900] {subprocess.py:106} INFO - 	 tracking URL: http://MN:8088/proxy/application_1733127595631_0061/
[2024-12-04T21:07:04.538+0900] {subprocess.py:106} INFO - 	 user: dke
[2024-12-04T21:07:11.545+0900] {subprocess.py:106} INFO - 24/12/04 21:07:11 INFO Client: Application report for application_1733127595631_0061 (state: RUNNING)
[2024-12-04T21:07:11.546+0900] {subprocess.py:106} INFO - 24/12/04 21:07:11 INFO Client:
[2024-12-04T21:07:11.546+0900] {subprocess.py:106} INFO - 	 client token: N/A
[2024-12-04T21:07:11.547+0900] {subprocess.py:106} INFO - 	 diagnostics: N/A
[2024-12-04T21:07:11.547+0900] {subprocess.py:106} INFO - 	 ApplicationMaster host: SN04
[2024-12-04T21:07:11.547+0900] {subprocess.py:106} INFO - 	 ApplicationMaster RPC port: 40447
[2024-12-04T21:07:11.548+0900] {subprocess.py:106} INFO - 	 queue: root.default
[2024-12-04T21:07:11.548+0900] {subprocess.py:106} INFO - 	 start time: 1733314023508
[2024-12-04T21:07:11.548+0900] {subprocess.py:106} INFO - 	 final status: UNDEFINED
[2024-12-04T21:07:11.549+0900] {subprocess.py:106} INFO - 	 tracking URL: http://MN:8088/proxy/application_1733127595631_0061/
[2024-12-04T21:07:11.549+0900] {subprocess.py:106} INFO - 	 user: dke
[2024-12-04T21:07:41.585+0900] {subprocess.py:106} INFO - 24/12/04 21:07:41 INFO Client: Application report for application_1733127595631_0061 (state: RUNNING)
[2024-12-04T21:07:57.604+0900] {subprocess.py:106} INFO - 24/12/04 21:07:57 INFO Client: Application report for application_1733127595631_0061 (state: FINISHED)
[2024-12-04T21:07:57.605+0900] {subprocess.py:106} INFO - 24/12/04 21:07:57 INFO Client:
[2024-12-04T21:07:57.605+0900] {subprocess.py:106} INFO - 	 client token: N/A
[2024-12-04T21:07:57.605+0900] {subprocess.py:106} INFO - 	 diagnostics: N/A
[2024-12-04T21:07:57.606+0900] {subprocess.py:106} INFO - 	 ApplicationMaster host: SN04
[2024-12-04T21:07:57.606+0900] {subprocess.py:106} INFO - 	 ApplicationMaster RPC port: 40447
[2024-12-04T21:07:57.606+0900] {subprocess.py:106} INFO - 	 queue: root.default
[2024-12-04T21:07:57.606+0900] {subprocess.py:106} INFO - 	 start time: 1733314023508
[2024-12-04T21:07:57.607+0900] {subprocess.py:106} INFO - 	 final status: SUCCEEDED
[2024-12-04T21:07:57.607+0900] {subprocess.py:106} INFO - 	 tracking URL: http://MN:8088/proxy/application_1733127595631_0061/
[2024-12-04T21:07:57.607+0900] {subprocess.py:106} INFO - 	 user: dke
[2024-12-04T21:07:57.614+0900] {subprocess.py:106} INFO - 24/12/04 21:07:57 INFO Client: Deleted staging directory hdfs://MN:9000/user/dke/.sparkStaging/application_1733127595631_0061
[2024-12-04T21:07:57.618+0900] {subprocess.py:106} INFO - 24/12/04 21:07:57 INFO ShutdownHookManager: Shutdown hook called
[2024-12-04T21:07:57.619+0900] {subprocess.py:106} INFO - 24/12/04 21:07:57 INFO ShutdownHookManager: Deleting directory /tmp/spark-bde3613d-bc7e-4d5f-a99d-e84bad49c299
[2024-12-04T21:07:57.622+0900] {subprocess.py:106} INFO - 24/12/04 21:07:57 INFO ShutdownHookManager: Deleting directory /tmp/spark-54762638-3948-4f72-9d98-bab709ad8f9d
[2024-12-04T21:07:57.979+0900] {subprocess.py:110} INFO - Command exited with return code 0
[2024-12-04T21:07:58.003+0900] {taskinstance.py:340} INFO - ::group::Post task execution logs
[2024-12-04T21:07:58.003+0900] {taskinstance.py:352} INFO - Marking task as SUCCESS. dag_id=process_and_upload_json_to_hdfs, task_id=run_make_model, run_id=scheduled__2024-12-04T11:00:00+00:00, execution_date=20241204T110000, start_date=20241204T120624, end_date=20241204T120758
[2024-12-04T21:07:58.053+0900] {local_task_job_runner.py:266} INFO - Task exited with return code 0
[2024-12-04T21:07:58.064+0900] {taskinstance.py:3895} INFO - 0 downstream tasks scheduled from follow-on schedule check
[2024-12-04T21:07:58.064+0900] {local_task_job_runner.py:245} INFO - ::endgroup::
