[2024-12-04T12:06:24.251+0900] {local_task_job_runner.py:123} INFO - ::group::Pre task execution logs
[2024-12-04T12:06:24.261+0900] {taskinstance.py:2613} INFO - Dependencies all met for dep_context=non-requeueable deps ti=<TaskInstance: process_and_upload_json_to_hdfs.run_make_model scheduled__2024-12-04T02:00:00+00:00 [queued]>
[2024-12-04T12:06:24.269+0900] {taskinstance.py:2613} INFO - Dependencies all met for dep_context=requeueable deps ti=<TaskInstance: process_and_upload_json_to_hdfs.run_make_model scheduled__2024-12-04T02:00:00+00:00 [queued]>
[2024-12-04T12:06:24.269+0900] {taskinstance.py:2866} INFO - Starting attempt 1 of 2
[2024-12-04T12:06:24.285+0900] {taskinstance.py:2889} INFO - Executing <Task(BashOperator): run_make_model> on 2024-12-04 02:00:00+00:00
[2024-12-04T12:06:24.289+0900] {standard_task_runner.py:72} INFO - Started process 961737 to run task
[2024-12-04T12:06:24.292+0900] {standard_task_runner.py:104} INFO - Running: ['airflow', 'tasks', 'run', 'process_and_upload_json_to_hdfs', 'run_make_model', 'scheduled__2024-12-04T02:00:00+00:00', '--job-id', '542', '--raw', '--subdir', 'DAGS_FOLDER/data_to_hdfs.py', '--cfg-path', '/tmp/tmpggep_7nf']
[2024-12-04T12:06:24.294+0900] {standard_task_runner.py:105} INFO - Job 542: Subtask run_make_model
[2024-12-04T12:06:24.331+0900] {task_command.py:467} INFO - Running <TaskInstance: process_and_upload_json_to_hdfs.run_make_model scheduled__2024-12-04T02:00:00+00:00 [running]> on host MN
[2024-12-04T12:06:24.417+0900] {taskinstance.py:3132} INFO - Exporting env vars: AIRFLOW_CTX_DAG_OWNER='airflow' AIRFLOW_CTX_DAG_ID='process_and_upload_json_to_hdfs' AIRFLOW_CTX_TASK_ID='run_make_model' AIRFLOW_CTX_EXECUTION_DATE='2024-12-04T02:00:00+00:00' AIRFLOW_CTX_TRY_NUMBER='1' AIRFLOW_CTX_DAG_RUN_ID='scheduled__2024-12-04T02:00:00+00:00'
[2024-12-04T12:06:24.418+0900] {taskinstance.py:731} INFO - ::endgroup::
[2024-12-04T12:06:24.435+0900] {subprocess.py:78} INFO - Tmp dir root location: /tmp
[2024-12-04T12:06:24.435+0900] {subprocess.py:88} INFO - Running command: ['/usr/bin/bash', '-c', '/laewon/spark/bin/spark-submit --master yarn --deploy-mode cluster /laewon/Riot/make_model.py']
[2024-12-04T12:06:24.443+0900] {subprocess.py:99} INFO - Output:
[2024-12-04T12:06:26.673+0900] {subprocess.py:106} INFO - 24/12/04 12:06:26 INFO DefaultNoHARMFailoverProxyProvider: Connecting to ResourceManager at MN/192.168.4.7:8032
[2024-12-04T12:06:27.376+0900] {subprocess.py:106} INFO - 24/12/04 12:06:27 INFO Configuration: resource-types.xml not found
[2024-12-04T12:06:27.376+0900] {subprocess.py:106} INFO - 24/12/04 12:06:27 INFO ResourceUtils: Unable to find 'resource-types.xml'.
[2024-12-04T12:06:27.390+0900] {subprocess.py:106} INFO - 24/12/04 12:06:27 INFO Client: Verifying our application has not requested more than the maximum memory capability of the cluster (819200 MB per container)
[2024-12-04T12:06:27.391+0900] {subprocess.py:106} INFO - 24/12/04 12:06:27 INFO Client: Will allocate AM container, with 1408 MB memory including 384 MB overhead
[2024-12-04T12:06:27.392+0900] {subprocess.py:106} INFO - 24/12/04 12:06:27 INFO Client: Setting up container launch context for our AM
[2024-12-04T12:06:27.395+0900] {subprocess.py:106} INFO - 24/12/04 12:06:27 INFO Client: Setting up the launch environment for our AM container
[2024-12-04T12:06:27.407+0900] {subprocess.py:106} INFO - 24/12/04 12:06:27 INFO Client: Preparing resources for our AM container
[2024-12-04T12:06:27.437+0900] {subprocess.py:106} INFO - 24/12/04 12:06:27 WARN Client: Neither spark.yarn.jars nor spark.yarn.archive is set, falling back to uploading libraries under SPARK_HOME.
[2024-12-04T12:06:30.236+0900] {subprocess.py:106} INFO - 24/12/04 12:06:30 INFO Client: Uploading resource file:/tmp/spark-e1b03df2-6b10-4f33-bf13-100d1f3d38a0/__spark_libs__632590340523708545.zip -> hdfs://MN:9000/user/dke/.sparkStaging/application_1733127595631_0052/__spark_libs__632590340523708545.zip
[2024-12-04T12:07:00.170+0900] {subprocess.py:106} INFO - 24/12/04 12:07:00 INFO Client: Uploading resource file:/laewon/Riot/make_model.py -> hdfs://MN:9000/user/dke/.sparkStaging/application_1733127595631_0052/make_model.py
[2024-12-04T12:07:00.213+0900] {subprocess.py:106} INFO - 24/12/04 12:07:00 INFO Client: Uploading resource file:/laewon/spark-3.5.1-bin-hadoop3/python/lib/pyspark.zip -> hdfs://MN:9000/user/dke/.sparkStaging/application_1733127595631_0052/pyspark.zip
[2024-12-04T12:07:00.454+0900] {subprocess.py:106} INFO - 24/12/04 12:07:00 INFO Client: Uploading resource file:/laewon/spark-3.5.1-bin-hadoop3/python/lib/py4j-0.10.9.7-src.zip -> hdfs://MN:9000/user/dke/.sparkStaging/application_1733127595631_0052/py4j-0.10.9.7-src.zip
[2024-12-04T12:07:00.652+0900] {subprocess.py:106} INFO - 24/12/04 12:07:00 INFO Client: Uploading resource file:/tmp/spark-e1b03df2-6b10-4f33-bf13-100d1f3d38a0/__spark_conf__15589053422643631192.zip -> hdfs://MN:9000/user/dke/.sparkStaging/application_1733127595631_0052/__spark_conf__.zip
[2024-12-04T12:07:00.727+0900] {subprocess.py:106} INFO - 24/12/04 12:07:00 INFO SecurityManager: Changing view acls to: dke
[2024-12-04T12:07:00.727+0900] {subprocess.py:106} INFO - 24/12/04 12:07:00 INFO SecurityManager: Changing modify acls to: dke
[2024-12-04T12:07:00.728+0900] {subprocess.py:106} INFO - 24/12/04 12:07:00 INFO SecurityManager: Changing view acls groups to:
[2024-12-04T12:07:00.728+0900] {subprocess.py:106} INFO - 24/12/04 12:07:00 INFO SecurityManager: Changing modify acls groups to:
[2024-12-04T12:07:00.728+0900] {subprocess.py:106} INFO - 24/12/04 12:07:00 INFO SecurityManager: SecurityManager: authentication disabled; ui acls disabled; users with view permissions: dke; groups with view permissions: EMPTY; users with modify permissions: dke; groups with modify permissions: EMPTY
[2024-12-04T12:07:00.764+0900] {subprocess.py:106} INFO - 24/12/04 12:07:00 INFO Client: Submitting application application_1733127595631_0052 to ResourceManager
[2024-12-04T12:07:00.809+0900] {subprocess.py:106} INFO - 24/12/04 12:07:00 INFO YarnClientImpl: Submitted application application_1733127595631_0052
[2024-12-04T12:07:01.812+0900] {subprocess.py:106} INFO - 24/12/04 12:07:01 INFO Client: Application report for application_1733127595631_0052 (state: ACCEPTED)
[2024-12-04T12:07:01.816+0900] {subprocess.py:106} INFO - 24/12/04 12:07:01 INFO Client:
[2024-12-04T12:07:01.816+0900] {subprocess.py:106} INFO - 	 client token: N/A
[2024-12-04T12:07:01.816+0900] {subprocess.py:106} INFO - 	 diagnostics: AM container is launched, waiting for AM container to Register with RM
[2024-12-04T12:07:01.816+0900] {subprocess.py:106} INFO - 	 ApplicationMaster host: N/A
[2024-12-04T12:07:01.817+0900] {subprocess.py:106} INFO - 	 ApplicationMaster RPC port: -1
[2024-12-04T12:07:01.817+0900] {subprocess.py:106} INFO - 	 queue: root.default
[2024-12-04T12:07:01.817+0900] {subprocess.py:106} INFO - 	 start time: 1733281620788
[2024-12-04T12:07:01.817+0900] {subprocess.py:106} INFO - 	 final status: UNDEFINED
[2024-12-04T12:07:01.818+0900] {subprocess.py:106} INFO - 	 tracking URL: http://MN:8088/proxy/application_1733127595631_0052/
[2024-12-04T12:07:01.818+0900] {subprocess.py:106} INFO - 	 user: dke
[2024-12-04T12:07:24.845+0900] {subprocess.py:106} INFO - 24/12/04 12:07:24 INFO Client: Application report for application_1733127595631_0052 (state: RUNNING)
[2024-12-04T12:07:24.845+0900] {subprocess.py:106} INFO - 24/12/04 12:07:24 INFO Client:
[2024-12-04T12:07:24.846+0900] {subprocess.py:106} INFO - 	 client token: N/A
[2024-12-04T12:07:24.846+0900] {subprocess.py:106} INFO - 	 diagnostics: N/A
[2024-12-04T12:07:24.846+0900] {subprocess.py:106} INFO - 	 ApplicationMaster host: SN02
[2024-12-04T12:07:24.846+0900] {subprocess.py:106} INFO - 	 ApplicationMaster RPC port: 35001
[2024-12-04T12:07:24.847+0900] {subprocess.py:106} INFO - 	 queue: root.default
[2024-12-04T12:07:24.847+0900] {subprocess.py:106} INFO - 	 start time: 1733281620788
[2024-12-04T12:07:24.847+0900] {subprocess.py:106} INFO - 	 final status: UNDEFINED
[2024-12-04T12:07:24.847+0900] {subprocess.py:106} INFO - 	 tracking URL: http://MN:8088/proxy/application_1733127595631_0052/
[2024-12-04T12:07:24.848+0900] {subprocess.py:106} INFO - 	 user: dke
[2024-12-04T12:07:54.882+0900] {subprocess.py:106} INFO - 24/12/04 12:07:54 INFO Client: Application report for application_1733127595631_0052 (state: RUNNING)
[2024-12-04T12:08:13.904+0900] {subprocess.py:106} INFO - 24/12/04 12:08:13 INFO Client: Application report for application_1733127595631_0052 (state: FINISHED)
[2024-12-04T12:08:13.905+0900] {subprocess.py:106} INFO - 24/12/04 12:08:13 INFO Client:
[2024-12-04T12:08:13.905+0900] {subprocess.py:106} INFO - 	 client token: N/A
[2024-12-04T12:08:13.905+0900] {subprocess.py:106} INFO - 	 diagnostics: N/A
[2024-12-04T12:08:13.905+0900] {subprocess.py:106} INFO - 	 ApplicationMaster host: SN02
[2024-12-04T12:08:13.906+0900] {subprocess.py:106} INFO - 	 ApplicationMaster RPC port: 35001
[2024-12-04T12:08:13.906+0900] {subprocess.py:106} INFO - 	 queue: root.default
[2024-12-04T12:08:13.906+0900] {subprocess.py:106} INFO - 	 start time: 1733281620788
[2024-12-04T12:08:13.906+0900] {subprocess.py:106} INFO - 	 final status: SUCCEEDED
[2024-12-04T12:08:13.907+0900] {subprocess.py:106} INFO - 	 tracking URL: http://MN:8088/proxy/application_1733127595631_0052/
[2024-12-04T12:08:13.907+0900] {subprocess.py:106} INFO - 	 user: dke
[2024-12-04T12:08:13.914+0900] {subprocess.py:106} INFO - 24/12/04 12:08:13 INFO ShutdownHookManager: Shutdown hook called
[2024-12-04T12:08:13.915+0900] {subprocess.py:106} INFO - 24/12/04 12:08:13 INFO ShutdownHookManager: Deleting directory /tmp/spark-e1b03df2-6b10-4f33-bf13-100d1f3d38a0
[2024-12-04T12:08:13.918+0900] {subprocess.py:106} INFO - 24/12/04 12:08:13 INFO ShutdownHookManager: Deleting directory /tmp/spark-0f571a13-b207-4e6a-8e35-72fceea7177e
[2024-12-04T12:08:14.272+0900] {subprocess.py:110} INFO - Command exited with return code 0
[2024-12-04T12:08:14.296+0900] {taskinstance.py:340} INFO - ::group::Post task execution logs
[2024-12-04T12:08:14.296+0900] {taskinstance.py:352} INFO - Marking task as SUCCESS. dag_id=process_and_upload_json_to_hdfs, task_id=run_make_model, run_id=scheduled__2024-12-04T02:00:00+00:00, execution_date=20241204T020000, start_date=20241204T030624, end_date=20241204T030814
[2024-12-04T12:08:14.351+0900] {local_task_job_runner.py:266} INFO - Task exited with return code 0
[2024-12-04T12:08:14.361+0900] {taskinstance.py:3895} INFO - 0 downstream tasks scheduled from follow-on schedule check
[2024-12-04T12:08:14.361+0900] {local_task_job_runner.py:245} INFO - ::endgroup::
