[2024-12-03T00:06:36.504+0900] {local_task_job_runner.py:123} INFO - ::group::Pre task execution logs
[2024-12-03T00:06:36.514+0900] {taskinstance.py:2613} INFO - Dependencies all met for dep_context=non-requeueable deps ti=<TaskInstance: process_and_upload_json_to_hdfs.run_make_model scheduled__2024-12-02T14:00:00+00:00 [queued]>
[2024-12-03T00:06:36.521+0900] {taskinstance.py:2613} INFO - Dependencies all met for dep_context=requeueable deps ti=<TaskInstance: process_and_upload_json_to_hdfs.run_make_model scheduled__2024-12-02T14:00:00+00:00 [queued]>
[2024-12-03T00:06:36.521+0900] {taskinstance.py:2866} INFO - Starting attempt 1 of 2
[2024-12-03T00:06:36.537+0900] {taskinstance.py:2889} INFO - Executing <Task(BashOperator): run_make_model> on 2024-12-02 14:00:00+00:00
[2024-12-03T00:06:36.540+0900] {standard_task_runner.py:72} INFO - Started process 153274 to run task
[2024-12-03T00:06:36.544+0900] {standard_task_runner.py:104} INFO - Running: ['airflow', 'tasks', 'run', 'process_and_upload_json_to_hdfs', 'run_make_model', 'scheduled__2024-12-02T14:00:00+00:00', '--job-id', '396', '--raw', '--subdir', 'DAGS_FOLDER/data_to_hdfs.py', '--cfg-path', '/tmp/tmpsgjkccr0']
[2024-12-03T00:06:36.545+0900] {standard_task_runner.py:105} INFO - Job 396: Subtask run_make_model
[2024-12-03T00:06:36.578+0900] {task_command.py:467} INFO - Running <TaskInstance: process_and_upload_json_to_hdfs.run_make_model scheduled__2024-12-02T14:00:00+00:00 [running]> on host MN
[2024-12-03T00:06:36.645+0900] {taskinstance.py:3132} INFO - Exporting env vars: AIRFLOW_CTX_DAG_OWNER='airflow' AIRFLOW_CTX_DAG_ID='process_and_upload_json_to_hdfs' AIRFLOW_CTX_TASK_ID='run_make_model' AIRFLOW_CTX_EXECUTION_DATE='2024-12-02T14:00:00+00:00' AIRFLOW_CTX_TRY_NUMBER='1' AIRFLOW_CTX_DAG_RUN_ID='scheduled__2024-12-02T14:00:00+00:00'
[2024-12-03T00:06:36.646+0900] {taskinstance.py:731} INFO - ::endgroup::
[2024-12-03T00:06:36.660+0900] {subprocess.py:78} INFO - Tmp dir root location: /tmp
[2024-12-03T00:06:36.661+0900] {subprocess.py:88} INFO - Running command: ['/usr/bin/bash', '-c', '/laewon/spark/bin/spark-submit --master yarn --deploy-mode cluster /laewon/Riot/make_model.py']
[2024-12-03T00:06:36.667+0900] {subprocess.py:99} INFO - Output:
[2024-12-03T00:06:38.912+0900] {subprocess.py:106} INFO - 24/12/03 00:06:38 INFO DefaultNoHARMFailoverProxyProvider: Connecting to ResourceManager at MN/192.168.4.7:8032
[2024-12-03T00:06:39.606+0900] {subprocess.py:106} INFO - 24/12/03 00:06:39 INFO Configuration: resource-types.xml not found
[2024-12-03T00:06:39.606+0900] {subprocess.py:106} INFO - 24/12/03 00:06:39 INFO ResourceUtils: Unable to find 'resource-types.xml'.
[2024-12-03T00:06:39.620+0900] {subprocess.py:106} INFO - 24/12/03 00:06:39 INFO Client: Verifying our application has not requested more than the maximum memory capability of the cluster (819200 MB per container)
[2024-12-03T00:06:39.621+0900] {subprocess.py:106} INFO - 24/12/03 00:06:39 INFO Client: Will allocate AM container, with 1408 MB memory including 384 MB overhead
[2024-12-03T00:06:39.622+0900] {subprocess.py:106} INFO - 24/12/03 00:06:39 INFO Client: Setting up container launch context for our AM
[2024-12-03T00:06:39.626+0900] {subprocess.py:106} INFO - 24/12/03 00:06:39 INFO Client: Setting up the launch environment for our AM container
[2024-12-03T00:06:39.637+0900] {subprocess.py:106} INFO - 24/12/03 00:06:39 INFO Client: Preparing resources for our AM container
[2024-12-03T00:06:39.672+0900] {subprocess.py:106} INFO - 24/12/03 00:06:39 WARN Client: Neither spark.yarn.jars nor spark.yarn.archive is set, falling back to uploading libraries under SPARK_HOME.
[2024-12-03T00:06:42.501+0900] {subprocess.py:106} INFO - 24/12/03 00:06:42 INFO Client: Uploading resource file:/tmp/spark-fd36285e-75bb-4329-9391-3fc9767a33f2/__spark_libs__9709341913669075669.zip -> hdfs://MN:9000/user/dke/.sparkStaging/application_1733127595631_0010/__spark_libs__9709341913669075669.zip
[2024-12-03T00:07:14.752+0900] {subprocess.py:106} INFO - 24/12/03 00:07:14 INFO Client: Uploading resource file:/laewon/Riot/make_model.py -> hdfs://MN:9000/user/dke/.sparkStaging/application_1733127595631_0010/make_model.py
[2024-12-03T00:07:14.788+0900] {subprocess.py:106} INFO - 24/12/03 00:07:14 INFO Client: Uploading resource file:/laewon/spark-3.5.1-bin-hadoop3/python/lib/pyspark.zip -> hdfs://MN:9000/user/dke/.sparkStaging/application_1733127595631_0010/pyspark.zip
[2024-12-03T00:07:15.035+0900] {subprocess.py:106} INFO - 24/12/03 00:07:15 INFO Client: Uploading resource file:/laewon/spark-3.5.1-bin-hadoop3/python/lib/py4j-0.10.9.7-src.zip -> hdfs://MN:9000/user/dke/.sparkStaging/application_1733127595631_0010/py4j-0.10.9.7-src.zip
[2024-12-03T00:07:15.233+0900] {subprocess.py:106} INFO - 24/12/03 00:07:15 INFO Client: Uploading resource file:/tmp/spark-fd36285e-75bb-4329-9391-3fc9767a33f2/__spark_conf__2495972708236589867.zip -> hdfs://MN:9000/user/dke/.sparkStaging/application_1733127595631_0010/__spark_conf__.zip
[2024-12-03T00:07:15.313+0900] {subprocess.py:106} INFO - 24/12/03 00:07:15 INFO SecurityManager: Changing view acls to: dke
[2024-12-03T00:07:15.314+0900] {subprocess.py:106} INFO - 24/12/03 00:07:15 INFO SecurityManager: Changing modify acls to: dke
[2024-12-03T00:07:15.314+0900] {subprocess.py:106} INFO - 24/12/03 00:07:15 INFO SecurityManager: Changing view acls groups to:
[2024-12-03T00:07:15.315+0900] {subprocess.py:106} INFO - 24/12/03 00:07:15 INFO SecurityManager: Changing modify acls groups to:
[2024-12-03T00:07:15.315+0900] {subprocess.py:106} INFO - 24/12/03 00:07:15 INFO SecurityManager: SecurityManager: authentication disabled; ui acls disabled; users with view permissions: dke; groups with view permissions: EMPTY; users with modify permissions: dke; groups with modify permissions: EMPTY
[2024-12-03T00:07:15.355+0900] {subprocess.py:106} INFO - 24/12/03 00:07:15 INFO Client: Submitting application application_1733127595631_0010 to ResourceManager
[2024-12-03T00:07:15.400+0900] {subprocess.py:106} INFO - 24/12/03 00:07:15 INFO YarnClientImpl: Submitted application application_1733127595631_0010
[2024-12-03T00:07:16.403+0900] {subprocess.py:106} INFO - 24/12/03 00:07:16 INFO Client: Application report for application_1733127595631_0010 (state: ACCEPTED)
[2024-12-03T00:07:16.407+0900] {subprocess.py:106} INFO - 24/12/03 00:07:16 INFO Client:
[2024-12-03T00:07:16.407+0900] {subprocess.py:106} INFO - 	 client token: N/A
[2024-12-03T00:07:16.407+0900] {subprocess.py:106} INFO - 	 diagnostics: AM container is launched, waiting for AM container to Register with RM
[2024-12-03T00:07:16.407+0900] {subprocess.py:106} INFO - 	 ApplicationMaster host: N/A
[2024-12-03T00:07:16.408+0900] {subprocess.py:106} INFO - 	 ApplicationMaster RPC port: -1
[2024-12-03T00:07:16.408+0900] {subprocess.py:106} INFO - 	 queue: root.default
[2024-12-03T00:07:16.408+0900] {subprocess.py:106} INFO - 	 start time: 1733152035379
[2024-12-03T00:07:16.408+0900] {subprocess.py:106} INFO - 	 final status: UNDEFINED
[2024-12-03T00:07:16.409+0900] {subprocess.py:106} INFO - 	 tracking URL: http://MN:8088/proxy/application_1733127595631_0010/
[2024-12-03T00:07:16.409+0900] {subprocess.py:106} INFO - 	 user: dke
[2024-12-03T00:07:34.432+0900] {subprocess.py:106} INFO - 24/12/03 00:07:34 INFO Client: Application report for application_1733127595631_0010 (state: RUNNING)
[2024-12-03T00:07:34.433+0900] {subprocess.py:106} INFO - 24/12/03 00:07:34 INFO Client:
[2024-12-03T00:07:34.433+0900] {subprocess.py:106} INFO - 	 client token: N/A
[2024-12-03T00:07:34.433+0900] {subprocess.py:106} INFO - 	 diagnostics: N/A
[2024-12-03T00:07:34.433+0900] {subprocess.py:106} INFO - 	 ApplicationMaster host: SN06
[2024-12-03T00:07:34.434+0900] {subprocess.py:106} INFO - 	 ApplicationMaster RPC port: 34829
[2024-12-03T00:07:34.434+0900] {subprocess.py:106} INFO - 	 queue: root.default
[2024-12-03T00:07:34.434+0900] {subprocess.py:106} INFO - 	 start time: 1733152035379
[2024-12-03T00:07:34.434+0900] {subprocess.py:106} INFO - 	 final status: UNDEFINED
[2024-12-03T00:07:34.435+0900] {subprocess.py:106} INFO - 	 tracking URL: http://MN:8088/proxy/application_1733127595631_0010/
[2024-12-03T00:07:34.435+0900] {subprocess.py:106} INFO - 	 user: dke
[2024-12-03T00:08:04.472+0900] {subprocess.py:106} INFO - 24/12/03 00:08:04 INFO Client: Application report for application_1733127595631_0010 (state: RUNNING)
[2024-12-03T00:08:12.483+0900] {subprocess.py:106} INFO - 24/12/03 00:08:12 INFO Client: Application report for application_1733127595631_0010 (state: FINISHED)
[2024-12-03T00:08:12.484+0900] {subprocess.py:106} INFO - 24/12/03 00:08:12 INFO Client:
[2024-12-03T00:08:12.484+0900] {subprocess.py:106} INFO - 	 client token: N/A
[2024-12-03T00:08:12.484+0900] {subprocess.py:106} INFO - 	 diagnostics: N/A
[2024-12-03T00:08:12.485+0900] {subprocess.py:106} INFO - 	 ApplicationMaster host: SN06
[2024-12-03T00:08:12.485+0900] {subprocess.py:106} INFO - 	 ApplicationMaster RPC port: 34829
[2024-12-03T00:08:12.485+0900] {subprocess.py:106} INFO - 	 queue: root.default
[2024-12-03T00:08:12.486+0900] {subprocess.py:106} INFO - 	 start time: 1733152035379
[2024-12-03T00:08:12.486+0900] {subprocess.py:106} INFO - 	 final status: SUCCEEDED
[2024-12-03T00:08:12.486+0900] {subprocess.py:106} INFO - 	 tracking URL: http://MN:8088/proxy/application_1733127595631_0010/
[2024-12-03T00:08:12.486+0900] {subprocess.py:106} INFO - 	 user: dke
[2024-12-03T00:08:12.493+0900] {subprocess.py:106} INFO - 24/12/03 00:08:12 INFO ShutdownHookManager: Shutdown hook called
[2024-12-03T00:08:12.495+0900] {subprocess.py:106} INFO - 24/12/03 00:08:12 INFO ShutdownHookManager: Deleting directory /tmp/spark-fd36285e-75bb-4329-9391-3fc9767a33f2
[2024-12-03T00:08:12.498+0900] {subprocess.py:106} INFO - 24/12/03 00:08:12 INFO ShutdownHookManager: Deleting directory /tmp/spark-846f71b9-8489-4c88-b4a4-6d11b01f3d2f
[2024-12-03T00:08:12.853+0900] {subprocess.py:110} INFO - Command exited with return code 0
[2024-12-03T00:08:12.876+0900] {taskinstance.py:340} INFO - ::group::Post task execution logs
[2024-12-03T00:08:12.876+0900] {taskinstance.py:352} INFO - Marking task as SUCCESS. dag_id=process_and_upload_json_to_hdfs, task_id=run_make_model, run_id=scheduled__2024-12-02T14:00:00+00:00, execution_date=20241202T140000, start_date=20241202T150636, end_date=20241202T150812
[2024-12-03T00:08:12.910+0900] {local_task_job_runner.py:266} INFO - Task exited with return code 0
[2024-12-03T00:08:12.920+0900] {taskinstance.py:3895} INFO - 0 downstream tasks scheduled from follow-on schedule check
[2024-12-03T00:08:12.921+0900] {local_task_job_runner.py:245} INFO - ::endgroup::
