[2024-12-05T18:06:39.118+0900] {local_task_job_runner.py:123} INFO - ::group::Pre task execution logs
[2024-12-05T18:06:39.130+0900] {taskinstance.py:2613} INFO - Dependencies all met for dep_context=non-requeueable deps ti=<TaskInstance: process_and_upload_json_to_hdfs.run_make_model scheduled__2024-12-05T08:00:00+00:00 [queued]>
[2024-12-05T18:06:39.137+0900] {taskinstance.py:2613} INFO - Dependencies all met for dep_context=requeueable deps ti=<TaskInstance: process_and_upload_json_to_hdfs.run_make_model scheduled__2024-12-05T08:00:00+00:00 [queued]>
[2024-12-05T18:06:39.138+0900] {taskinstance.py:2866} INFO - Starting attempt 1 of 2
[2024-12-05T18:06:39.153+0900] {taskinstance.py:2889} INFO - Executing <Task(BashOperator): run_make_model> on 2024-12-05 08:00:00+00:00
[2024-12-05T18:06:39.157+0900] {standard_task_runner.py:72} INFO - Started process 1839624 to run task
[2024-12-05T18:06:39.161+0900] {standard_task_runner.py:104} INFO - Running: ['airflow', 'tasks', 'run', 'process_and_upload_json_to_hdfs', 'run_make_model', 'scheduled__2024-12-05T08:00:00+00:00', '--job-id', '662', '--raw', '--subdir', 'DAGS_FOLDER/data_to_hdfs.py', '--cfg-path', '/tmp/tmp_rkv7umr']
[2024-12-05T18:06:39.162+0900] {standard_task_runner.py:105} INFO - Job 662: Subtask run_make_model
[2024-12-05T18:06:39.199+0900] {task_command.py:467} INFO - Running <TaskInstance: process_and_upload_json_to_hdfs.run_make_model scheduled__2024-12-05T08:00:00+00:00 [running]> on host MN
[2024-12-05T18:06:39.270+0900] {taskinstance.py:3132} INFO - Exporting env vars: AIRFLOW_CTX_DAG_OWNER='airflow' AIRFLOW_CTX_DAG_ID='process_and_upload_json_to_hdfs' AIRFLOW_CTX_TASK_ID='run_make_model' AIRFLOW_CTX_EXECUTION_DATE='2024-12-05T08:00:00+00:00' AIRFLOW_CTX_TRY_NUMBER='1' AIRFLOW_CTX_DAG_RUN_ID='scheduled__2024-12-05T08:00:00+00:00'
[2024-12-05T18:06:39.271+0900] {taskinstance.py:731} INFO - ::endgroup::
[2024-12-05T18:06:39.285+0900] {subprocess.py:78} INFO - Tmp dir root location: /tmp
[2024-12-05T18:06:39.285+0900] {subprocess.py:88} INFO - Running command: ['/usr/bin/bash', '-c', '/laewon/spark/bin/spark-submit --master yarn --deploy-mode cluster /laewon/Riot/make_model.py']
[2024-12-05T18:06:39.292+0900] {subprocess.py:99} INFO - Output:
[2024-12-05T18:06:41.518+0900] {subprocess.py:106} INFO - 24/12/05 18:06:41 INFO DefaultNoHARMFailoverProxyProvider: Connecting to ResourceManager at MN/192.168.4.7:8032
[2024-12-05T18:06:42.217+0900] {subprocess.py:106} INFO - 24/12/05 18:06:42 INFO Configuration: resource-types.xml not found
[2024-12-05T18:06:42.217+0900] {subprocess.py:106} INFO - 24/12/05 18:06:42 INFO ResourceUtils: Unable to find 'resource-types.xml'.
[2024-12-05T18:06:42.231+0900] {subprocess.py:106} INFO - 24/12/05 18:06:42 INFO Client: Verifying our application has not requested more than the maximum memory capability of the cluster (819200 MB per container)
[2024-12-05T18:06:42.232+0900] {subprocess.py:106} INFO - 24/12/05 18:06:42 INFO Client: Will allocate AM container, with 1408 MB memory including 384 MB overhead
[2024-12-05T18:06:42.233+0900] {subprocess.py:106} INFO - 24/12/05 18:06:42 INFO Client: Setting up container launch context for our AM
[2024-12-05T18:06:42.236+0900] {subprocess.py:106} INFO - 24/12/05 18:06:42 INFO Client: Setting up the launch environment for our AM container
[2024-12-05T18:06:42.248+0900] {subprocess.py:106} INFO - 24/12/05 18:06:42 INFO Client: Preparing resources for our AM container
[2024-12-05T18:06:42.283+0900] {subprocess.py:106} INFO - 24/12/05 18:06:42 WARN Client: Neither spark.yarn.jars nor spark.yarn.archive is set, falling back to uploading libraries under SPARK_HOME.
[2024-12-05T18:06:45.018+0900] {subprocess.py:106} INFO - 24/12/05 18:06:45 INFO Client: Uploading resource file:/tmp/spark-f2523683-b799-4c08-80d5-d48772dbfe22/__spark_libs__9001689855903028132.zip -> hdfs://MN:9000/user/dke/.sparkStaging/application_1733127595631_0082/__spark_libs__9001689855903028132.zip
[2024-12-05T18:07:14.937+0900] {subprocess.py:106} INFO - 24/12/05 18:07:14 INFO Client: Uploading resource file:/laewon/Riot/make_model.py -> hdfs://MN:9000/user/dke/.sparkStaging/application_1733127595631_0082/make_model.py
[2024-12-05T18:07:14.969+0900] {subprocess.py:106} INFO - 24/12/05 18:07:14 INFO Client: Uploading resource file:/laewon/spark-3.5.1-bin-hadoop3/python/lib/pyspark.zip -> hdfs://MN:9000/user/dke/.sparkStaging/application_1733127595631_0082/pyspark.zip
[2024-12-05T18:07:15.212+0900] {subprocess.py:106} INFO - 24/12/05 18:07:15 INFO Client: Uploading resource file:/laewon/spark-3.5.1-bin-hadoop3/python/lib/py4j-0.10.9.7-src.zip -> hdfs://MN:9000/user/dke/.sparkStaging/application_1733127595631_0082/py4j-0.10.9.7-src.zip
[2024-12-05T18:07:15.415+0900] {subprocess.py:106} INFO - 24/12/05 18:07:15 INFO Client: Uploading resource file:/tmp/spark-f2523683-b799-4c08-80d5-d48772dbfe22/__spark_conf__16392558110900851423.zip -> hdfs://MN:9000/user/dke/.sparkStaging/application_1733127595631_0082/__spark_conf__.zip
[2024-12-05T18:07:15.492+0900] {subprocess.py:106} INFO - 24/12/05 18:07:15 INFO SecurityManager: Changing view acls to: dke
[2024-12-05T18:07:15.493+0900] {subprocess.py:106} INFO - 24/12/05 18:07:15 INFO SecurityManager: Changing modify acls to: dke
[2024-12-05T18:07:15.493+0900] {subprocess.py:106} INFO - 24/12/05 18:07:15 INFO SecurityManager: Changing view acls groups to:
[2024-12-05T18:07:15.494+0900] {subprocess.py:106} INFO - 24/12/05 18:07:15 INFO SecurityManager: Changing modify acls groups to:
[2024-12-05T18:07:15.494+0900] {subprocess.py:106} INFO - 24/12/05 18:07:15 INFO SecurityManager: SecurityManager: authentication disabled; ui acls disabled; users with view permissions: dke; groups with view permissions: EMPTY; users with modify permissions: dke; groups with modify permissions: EMPTY
[2024-12-05T18:07:15.532+0900] {subprocess.py:106} INFO - 24/12/05 18:07:15 INFO Client: Submitting application application_1733127595631_0082 to ResourceManager
[2024-12-05T18:07:15.577+0900] {subprocess.py:106} INFO - 24/12/05 18:07:15 INFO YarnClientImpl: Submitted application application_1733127595631_0082
[2024-12-05T18:07:16.579+0900] {subprocess.py:106} INFO - 24/12/05 18:07:16 INFO Client: Application report for application_1733127595631_0082 (state: ACCEPTED)
[2024-12-05T18:07:16.583+0900] {subprocess.py:106} INFO - 24/12/05 18:07:16 INFO Client:
[2024-12-05T18:07:16.583+0900] {subprocess.py:106} INFO - 	 client token: N/A
[2024-12-05T18:07:16.584+0900] {subprocess.py:106} INFO - 	 diagnostics: AM container is launched, waiting for AM container to Register with RM
[2024-12-05T18:07:16.584+0900] {subprocess.py:106} INFO - 	 ApplicationMaster host: N/A
[2024-12-05T18:07:16.585+0900] {subprocess.py:106} INFO - 	 ApplicationMaster RPC port: -1
[2024-12-05T18:07:16.585+0900] {subprocess.py:106} INFO - 	 queue: root.default
[2024-12-05T18:07:16.585+0900] {subprocess.py:106} INFO - 	 start time: 1733389635555
[2024-12-05T18:07:16.585+0900] {subprocess.py:106} INFO - 	 final status: UNDEFINED
[2024-12-05T18:07:16.586+0900] {subprocess.py:106} INFO - 	 tracking URL: http://MN:8088/proxy/application_1733127595631_0082/
[2024-12-05T18:07:16.586+0900] {subprocess.py:106} INFO - 	 user: dke
[2024-12-05T18:07:33.606+0900] {subprocess.py:106} INFO - 24/12/05 18:07:33 INFO Client: Application report for application_1733127595631_0082 (state: RUNNING)
[2024-12-05T18:07:33.606+0900] {subprocess.py:106} INFO - 24/12/05 18:07:33 INFO Client:
[2024-12-05T18:07:33.607+0900] {subprocess.py:106} INFO - 	 client token: N/A
[2024-12-05T18:07:33.607+0900] {subprocess.py:106} INFO - 	 diagnostics: N/A
[2024-12-05T18:07:33.607+0900] {subprocess.py:106} INFO - 	 ApplicationMaster host: SN04
[2024-12-05T18:07:33.607+0900] {subprocess.py:106} INFO - 	 ApplicationMaster RPC port: 36581
[2024-12-05T18:07:33.608+0900] {subprocess.py:106} INFO - 	 queue: root.default
[2024-12-05T18:07:33.608+0900] {subprocess.py:106} INFO - 	 start time: 1733389635555
[2024-12-05T18:07:33.608+0900] {subprocess.py:106} INFO - 	 final status: UNDEFINED
[2024-12-05T18:07:33.608+0900] {subprocess.py:106} INFO - 	 tracking URL: http://MN:8088/proxy/application_1733127595631_0082/
[2024-12-05T18:07:33.609+0900] {subprocess.py:106} INFO - 	 user: dke
[2024-12-05T18:08:03.644+0900] {subprocess.py:106} INFO - 24/12/05 18:08:03 INFO Client: Application report for application_1733127595631_0082 (state: RUNNING)
[2024-12-05T18:08:26.673+0900] {subprocess.py:106} INFO - 24/12/05 18:08:26 INFO Client: Application report for application_1733127595631_0082 (state: FINISHED)
[2024-12-05T18:08:26.674+0900] {subprocess.py:106} INFO - 24/12/05 18:08:26 INFO Client:
[2024-12-05T18:08:26.674+0900] {subprocess.py:106} INFO - 	 client token: N/A
[2024-12-05T18:08:26.674+0900] {subprocess.py:106} INFO - 	 diagnostics: N/A
[2024-12-05T18:08:26.675+0900] {subprocess.py:106} INFO - 	 ApplicationMaster host: SN04
[2024-12-05T18:08:26.675+0900] {subprocess.py:106} INFO - 	 ApplicationMaster RPC port: 36581
[2024-12-05T18:08:26.675+0900] {subprocess.py:106} INFO - 	 queue: root.default
[2024-12-05T18:08:26.676+0900] {subprocess.py:106} INFO - 	 start time: 1733389635555
[2024-12-05T18:08:26.676+0900] {subprocess.py:106} INFO - 	 final status: SUCCEEDED
[2024-12-05T18:08:26.676+0900] {subprocess.py:106} INFO - 	 tracking URL: http://MN:8088/proxy/application_1733127595631_0082/
[2024-12-05T18:08:26.676+0900] {subprocess.py:106} INFO - 	 user: dke
[2024-12-05T18:08:26.683+0900] {subprocess.py:106} INFO - 24/12/05 18:08:26 INFO ShutdownHookManager: Shutdown hook called
[2024-12-05T18:08:26.684+0900] {subprocess.py:106} INFO - 24/12/05 18:08:26 INFO ShutdownHookManager: Deleting directory /tmp/spark-f2523683-b799-4c08-80d5-d48772dbfe22
[2024-12-05T18:08:26.687+0900] {subprocess.py:106} INFO - 24/12/05 18:08:26 INFO ShutdownHookManager: Deleting directory /tmp/spark-5348e0f6-a8be-4d00-bb23-9e1f0a57a092
[2024-12-05T18:08:27.044+0900] {subprocess.py:110} INFO - Command exited with return code 0
[2024-12-05T18:08:27.067+0900] {taskinstance.py:340} INFO - ::group::Post task execution logs
[2024-12-05T18:08:27.068+0900] {taskinstance.py:352} INFO - Marking task as SUCCESS. dag_id=process_and_upload_json_to_hdfs, task_id=run_make_model, run_id=scheduled__2024-12-05T08:00:00+00:00, execution_date=20241205T080000, start_date=20241205T090639, end_date=20241205T090827
[2024-12-05T18:08:27.101+0900] {local_task_job_runner.py:266} INFO - Task exited with return code 0
[2024-12-05T18:08:27.111+0900] {taskinstance.py:3895} INFO - 0 downstream tasks scheduled from follow-on schedule check
[2024-12-05T18:08:27.112+0900] {local_task_job_runner.py:245} INFO - ::endgroup::
