[2024-12-03T03:06:36.279+0900] {local_task_job_runner.py:123} INFO - ::group::Pre task execution logs
[2024-12-03T03:06:36.289+0900] {taskinstance.py:2613} INFO - Dependencies all met for dep_context=non-requeueable deps ti=<TaskInstance: process_and_upload_json_to_hdfs.run_make_model scheduled__2024-12-02T17:00:00+00:00 [queued]>
[2024-12-03T03:06:36.296+0900] {taskinstance.py:2613} INFO - Dependencies all met for dep_context=requeueable deps ti=<TaskInstance: process_and_upload_json_to_hdfs.run_make_model scheduled__2024-12-02T17:00:00+00:00 [queued]>
[2024-12-03T03:06:36.296+0900] {taskinstance.py:2866} INFO - Starting attempt 1 of 2
[2024-12-03T03:06:36.312+0900] {taskinstance.py:2889} INFO - Executing <Task(BashOperator): run_make_model> on 2024-12-02 17:00:00+00:00
[2024-12-03T03:06:36.315+0900] {standard_task_runner.py:72} INFO - Started process 196566 to run task
[2024-12-03T03:06:36.318+0900] {standard_task_runner.py:104} INFO - Running: ['airflow', 'tasks', 'run', 'process_and_upload_json_to_hdfs', 'run_make_model', 'scheduled__2024-12-02T17:00:00+00:00', '--job-id', '408', '--raw', '--subdir', 'DAGS_FOLDER/data_to_hdfs.py', '--cfg-path', '/tmp/tmpfexflvfb']
[2024-12-03T03:06:36.320+0900] {standard_task_runner.py:105} INFO - Job 408: Subtask run_make_model
[2024-12-03T03:06:36.353+0900] {task_command.py:467} INFO - Running <TaskInstance: process_and_upload_json_to_hdfs.run_make_model scheduled__2024-12-02T17:00:00+00:00 [running]> on host MN
[2024-12-03T03:06:36.419+0900] {taskinstance.py:3132} INFO - Exporting env vars: AIRFLOW_CTX_DAG_OWNER='airflow' AIRFLOW_CTX_DAG_ID='process_and_upload_json_to_hdfs' AIRFLOW_CTX_TASK_ID='run_make_model' AIRFLOW_CTX_EXECUTION_DATE='2024-12-02T17:00:00+00:00' AIRFLOW_CTX_TRY_NUMBER='1' AIRFLOW_CTX_DAG_RUN_ID='scheduled__2024-12-02T17:00:00+00:00'
[2024-12-03T03:06:36.420+0900] {taskinstance.py:731} INFO - ::endgroup::
[2024-12-03T03:06:36.433+0900] {subprocess.py:78} INFO - Tmp dir root location: /tmp
[2024-12-03T03:06:36.434+0900] {subprocess.py:88} INFO - Running command: ['/usr/bin/bash', '-c', '/laewon/spark/bin/spark-submit --master yarn --deploy-mode cluster /laewon/Riot/make_model.py']
[2024-12-03T03:06:36.440+0900] {subprocess.py:99} INFO - Output:
[2024-12-03T03:06:38.673+0900] {subprocess.py:106} INFO - 24/12/03 03:06:38 INFO DefaultNoHARMFailoverProxyProvider: Connecting to ResourceManager at MN/192.168.4.7:8032
[2024-12-03T03:06:39.368+0900] {subprocess.py:106} INFO - 24/12/03 03:06:39 INFO Configuration: resource-types.xml not found
[2024-12-03T03:06:39.368+0900] {subprocess.py:106} INFO - 24/12/03 03:06:39 INFO ResourceUtils: Unable to find 'resource-types.xml'.
[2024-12-03T03:06:39.382+0900] {subprocess.py:106} INFO - 24/12/03 03:06:39 INFO Client: Verifying our application has not requested more than the maximum memory capability of the cluster (819200 MB per container)
[2024-12-03T03:06:39.383+0900] {subprocess.py:106} INFO - 24/12/03 03:06:39 INFO Client: Will allocate AM container, with 1408 MB memory including 384 MB overhead
[2024-12-03T03:06:39.383+0900] {subprocess.py:106} INFO - 24/12/03 03:06:39 INFO Client: Setting up container launch context for our AM
[2024-12-03T03:06:39.387+0900] {subprocess.py:106} INFO - 24/12/03 03:06:39 INFO Client: Setting up the launch environment for our AM container
[2024-12-03T03:06:39.398+0900] {subprocess.py:106} INFO - 24/12/03 03:06:39 INFO Client: Preparing resources for our AM container
[2024-12-03T03:06:39.432+0900] {subprocess.py:106} INFO - 24/12/03 03:06:39 WARN Client: Neither spark.yarn.jars nor spark.yarn.archive is set, falling back to uploading libraries under SPARK_HOME.
[2024-12-03T03:06:42.249+0900] {subprocess.py:106} INFO - 24/12/03 03:06:42 INFO Client: Uploading resource file:/tmp/spark-07e24771-c080-44cb-9245-28604246593a/__spark_libs__6008885580105893608.zip -> hdfs://MN:9000/user/dke/.sparkStaging/application_1733127595631_0013/__spark_libs__6008885580105893608.zip
[2024-12-03T03:07:20.806+0900] {subprocess.py:106} INFO - 24/12/03 03:07:20 INFO Client: Uploading resource file:/laewon/Riot/make_model.py -> hdfs://MN:9000/user/dke/.sparkStaging/application_1733127595631_0013/make_model.py
[2024-12-03T03:07:20.846+0900] {subprocess.py:106} INFO - 24/12/03 03:07:20 INFO Client: Uploading resource file:/laewon/spark-3.5.1-bin-hadoop3/python/lib/pyspark.zip -> hdfs://MN:9000/user/dke/.sparkStaging/application_1733127595631_0013/pyspark.zip
[2024-12-03T03:07:21.121+0900] {subprocess.py:106} INFO - 24/12/03 03:07:21 INFO Client: Uploading resource file:/laewon/spark-3.5.1-bin-hadoop3/python/lib/py4j-0.10.9.7-src.zip -> hdfs://MN:9000/user/dke/.sparkStaging/application_1733127595631_0013/py4j-0.10.9.7-src.zip
[2024-12-03T03:07:21.325+0900] {subprocess.py:106} INFO - 24/12/03 03:07:21 INFO Client: Uploading resource file:/tmp/spark-07e24771-c080-44cb-9245-28604246593a/__spark_conf__7668248950215976273.zip -> hdfs://MN:9000/user/dke/.sparkStaging/application_1733127595631_0013/__spark_conf__.zip
[2024-12-03T03:07:21.402+0900] {subprocess.py:106} INFO - 24/12/03 03:07:21 INFO SecurityManager: Changing view acls to: dke
[2024-12-03T03:07:21.402+0900] {subprocess.py:106} INFO - 24/12/03 03:07:21 INFO SecurityManager: Changing modify acls to: dke
[2024-12-03T03:07:21.403+0900] {subprocess.py:106} INFO - 24/12/03 03:07:21 INFO SecurityManager: Changing view acls groups to:
[2024-12-03T03:07:21.403+0900] {subprocess.py:106} INFO - 24/12/03 03:07:21 INFO SecurityManager: Changing modify acls groups to:
[2024-12-03T03:07:21.404+0900] {subprocess.py:106} INFO - 24/12/03 03:07:21 INFO SecurityManager: SecurityManager: authentication disabled; ui acls disabled; users with view permissions: dke; groups with view permissions: EMPTY; users with modify permissions: dke; groups with modify permissions: EMPTY
[2024-12-03T03:07:21.447+0900] {subprocess.py:106} INFO - 24/12/03 03:07:21 INFO Client: Submitting application application_1733127595631_0013 to ResourceManager
[2024-12-03T03:07:21.494+0900] {subprocess.py:106} INFO - 24/12/03 03:07:21 INFO YarnClientImpl: Submitted application application_1733127595631_0013
[2024-12-03T03:07:22.497+0900] {subprocess.py:106} INFO - 24/12/03 03:07:22 INFO Client: Application report for application_1733127595631_0013 (state: ACCEPTED)
[2024-12-03T03:07:22.501+0900] {subprocess.py:106} INFO - 24/12/03 03:07:22 INFO Client:
[2024-12-03T03:07:22.502+0900] {subprocess.py:106} INFO - 	 client token: N/A
[2024-12-03T03:07:22.502+0900] {subprocess.py:106} INFO - 	 diagnostics: AM container is launched, waiting for AM container to Register with RM
[2024-12-03T03:07:22.502+0900] {subprocess.py:106} INFO - 	 ApplicationMaster host: N/A
[2024-12-03T03:07:22.503+0900] {subprocess.py:106} INFO - 	 ApplicationMaster RPC port: -1
[2024-12-03T03:07:22.503+0900] {subprocess.py:106} INFO - 	 queue: root.default
[2024-12-03T03:07:22.503+0900] {subprocess.py:106} INFO - 	 start time: 1733162841472
[2024-12-03T03:07:22.503+0900] {subprocess.py:106} INFO - 	 final status: UNDEFINED
[2024-12-03T03:07:22.504+0900] {subprocess.py:106} INFO - 	 tracking URL: http://MN:8088/proxy/application_1733127595631_0013/
[2024-12-03T03:07:22.504+0900] {subprocess.py:106} INFO - 	 user: dke
[2024-12-03T03:07:40.527+0900] {subprocess.py:106} INFO - 24/12/03 03:07:40 INFO Client: Application report for application_1733127595631_0013 (state: RUNNING)
[2024-12-03T03:07:40.527+0900] {subprocess.py:106} INFO - 24/12/03 03:07:40 INFO Client:
[2024-12-03T03:07:40.527+0900] {subprocess.py:106} INFO - 	 client token: N/A
[2024-12-03T03:07:40.528+0900] {subprocess.py:106} INFO - 	 diagnostics: N/A
[2024-12-03T03:07:40.528+0900] {subprocess.py:106} INFO - 	 ApplicationMaster host: SN07
[2024-12-03T03:07:40.528+0900] {subprocess.py:106} INFO - 	 ApplicationMaster RPC port: 43307
[2024-12-03T03:07:40.528+0900] {subprocess.py:106} INFO - 	 queue: root.default
[2024-12-03T03:07:40.529+0900] {subprocess.py:106} INFO - 	 start time: 1733162841472
[2024-12-03T03:07:40.529+0900] {subprocess.py:106} INFO - 	 final status: UNDEFINED
[2024-12-03T03:07:40.529+0900] {subprocess.py:106} INFO - 	 tracking URL: http://MN:8088/proxy/application_1733127595631_0013/
[2024-12-03T03:07:40.530+0900] {subprocess.py:106} INFO - 	 user: dke
[2024-12-03T03:08:10.567+0900] {subprocess.py:106} INFO - 24/12/03 03:08:10 INFO Client: Application report for application_1733127595631_0013 (state: RUNNING)
[2024-12-03T03:08:30.592+0900] {subprocess.py:106} INFO - 24/12/03 03:08:30 INFO Client: Application report for application_1733127595631_0013 (state: FINISHED)
[2024-12-03T03:08:30.592+0900] {subprocess.py:106} INFO - 24/12/03 03:08:30 INFO Client:
[2024-12-03T03:08:30.593+0900] {subprocess.py:106} INFO - 	 client token: N/A
[2024-12-03T03:08:30.593+0900] {subprocess.py:106} INFO - 	 diagnostics: N/A
[2024-12-03T03:08:30.594+0900] {subprocess.py:106} INFO - 	 ApplicationMaster host: SN07
[2024-12-03T03:08:30.594+0900] {subprocess.py:106} INFO - 	 ApplicationMaster RPC port: 43307
[2024-12-03T03:08:30.594+0900] {subprocess.py:106} INFO - 	 queue: root.default
[2024-12-03T03:08:30.594+0900] {subprocess.py:106} INFO - 	 start time: 1733162841472
[2024-12-03T03:08:30.595+0900] {subprocess.py:106} INFO - 	 final status: SUCCEEDED
[2024-12-03T03:08:30.595+0900] {subprocess.py:106} INFO - 	 tracking URL: http://MN:8088/proxy/application_1733127595631_0013/
[2024-12-03T03:08:30.595+0900] {subprocess.py:106} INFO - 	 user: dke
[2024-12-03T03:08:30.601+0900] {subprocess.py:106} INFO - 24/12/03 03:08:30 INFO ShutdownHookManager: Shutdown hook called
[2024-12-03T03:08:30.602+0900] {subprocess.py:106} INFO - 24/12/03 03:08:30 INFO ShutdownHookManager: Deleting directory /tmp/spark-8a6c9e7e-be0e-48a6-a0c6-aa1f174a9222
[2024-12-03T03:08:30.605+0900] {subprocess.py:106} INFO - 24/12/03 03:08:30 INFO ShutdownHookManager: Deleting directory /tmp/spark-07e24771-c080-44cb-9245-28604246593a
[2024-12-03T03:08:30.960+0900] {subprocess.py:110} INFO - Command exited with return code 0
[2024-12-03T03:08:30.983+0900] {taskinstance.py:340} INFO - ::group::Post task execution logs
[2024-12-03T03:08:30.983+0900] {taskinstance.py:352} INFO - Marking task as SUCCESS. dag_id=process_and_upload_json_to_hdfs, task_id=run_make_model, run_id=scheduled__2024-12-02T17:00:00+00:00, execution_date=20241202T170000, start_date=20241202T180636, end_date=20241202T180830
[2024-12-03T03:08:31.026+0900] {local_task_job_runner.py:266} INFO - Task exited with return code 0
[2024-12-03T03:08:31.037+0900] {taskinstance.py:3895} INFO - 0 downstream tasks scheduled from follow-on schedule check
[2024-12-03T03:08:31.037+0900] {local_task_job_runner.py:245} INFO - ::endgroup::
