[2024-12-05T21:06:24.408+0900] {local_task_job_runner.py:123} INFO - ::group::Pre task execution logs
[2024-12-05T21:06:24.418+0900] {taskinstance.py:2613} INFO - Dependencies all met for dep_context=non-requeueable deps ti=<TaskInstance: process_and_upload_json_to_hdfs.run_make_model scheduled__2024-12-05T11:00:00+00:00 [queued]>
[2024-12-05T21:06:24.425+0900] {taskinstance.py:2613} INFO - Dependencies all met for dep_context=requeueable deps ti=<TaskInstance: process_and_upload_json_to_hdfs.run_make_model scheduled__2024-12-05T11:00:00+00:00 [queued]>
[2024-12-05T21:06:24.425+0900] {taskinstance.py:2866} INFO - Starting attempt 1 of 2
[2024-12-05T21:06:24.440+0900] {taskinstance.py:2889} INFO - Executing <Task(BashOperator): run_make_model> on 2024-12-05 11:00:00+00:00
[2024-12-05T21:06:24.444+0900] {standard_task_runner.py:72} INFO - Started process 1970773 to run task
[2024-12-05T21:06:24.447+0900] {standard_task_runner.py:104} INFO - Running: ['airflow', 'tasks', 'run', 'process_and_upload_json_to_hdfs', 'run_make_model', 'scheduled__2024-12-05T11:00:00+00:00', '--job-id', '674', '--raw', '--subdir', 'DAGS_FOLDER/data_to_hdfs.py', '--cfg-path', '/tmp/tmp_9x4lhr3']
[2024-12-05T21:06:24.449+0900] {standard_task_runner.py:105} INFO - Job 674: Subtask run_make_model
[2024-12-05T21:06:24.482+0900] {task_command.py:467} INFO - Running <TaskInstance: process_and_upload_json_to_hdfs.run_make_model scheduled__2024-12-05T11:00:00+00:00 [running]> on host MN
[2024-12-05T21:06:24.550+0900] {taskinstance.py:3132} INFO - Exporting env vars: AIRFLOW_CTX_DAG_OWNER='airflow' AIRFLOW_CTX_DAG_ID='process_and_upload_json_to_hdfs' AIRFLOW_CTX_TASK_ID='run_make_model' AIRFLOW_CTX_EXECUTION_DATE='2024-12-05T11:00:00+00:00' AIRFLOW_CTX_TRY_NUMBER='1' AIRFLOW_CTX_DAG_RUN_ID='scheduled__2024-12-05T11:00:00+00:00'
[2024-12-05T21:06:24.551+0900] {taskinstance.py:731} INFO - ::endgroup::
[2024-12-05T21:06:24.565+0900] {subprocess.py:78} INFO - Tmp dir root location: /tmp
[2024-12-05T21:06:24.566+0900] {subprocess.py:88} INFO - Running command: ['/usr/bin/bash', '-c', '/laewon/spark/bin/spark-submit --master yarn --deploy-mode cluster /laewon/Riot/make_model.py']
[2024-12-05T21:06:24.572+0900] {subprocess.py:99} INFO - Output:
[2024-12-05T21:06:26.842+0900] {subprocess.py:106} INFO - 24/12/05 21:06:26 INFO DefaultNoHARMFailoverProxyProvider: Connecting to ResourceManager at MN/192.168.4.7:8032
[2024-12-05T21:06:27.547+0900] {subprocess.py:106} INFO - 24/12/05 21:06:27 INFO Configuration: resource-types.xml not found
[2024-12-05T21:06:27.547+0900] {subprocess.py:106} INFO - 24/12/05 21:06:27 INFO ResourceUtils: Unable to find 'resource-types.xml'.
[2024-12-05T21:06:27.561+0900] {subprocess.py:106} INFO - 24/12/05 21:06:27 INFO Client: Verifying our application has not requested more than the maximum memory capability of the cluster (819200 MB per container)
[2024-12-05T21:06:27.562+0900] {subprocess.py:106} INFO - 24/12/05 21:06:27 INFO Client: Will allocate AM container, with 1408 MB memory including 384 MB overhead
[2024-12-05T21:06:27.563+0900] {subprocess.py:106} INFO - 24/12/05 21:06:27 INFO Client: Setting up container launch context for our AM
[2024-12-05T21:06:27.567+0900] {subprocess.py:106} INFO - 24/12/05 21:06:27 INFO Client: Setting up the launch environment for our AM container
[2024-12-05T21:06:27.578+0900] {subprocess.py:106} INFO - 24/12/05 21:06:27 INFO Client: Preparing resources for our AM container
[2024-12-05T21:06:27.612+0900] {subprocess.py:106} INFO - 24/12/05 21:06:27 WARN Client: Neither spark.yarn.jars nor spark.yarn.archive is set, falling back to uploading libraries under SPARK_HOME.
[2024-12-05T21:06:30.420+0900] {subprocess.py:106} INFO - 24/12/05 21:06:30 INFO Client: Uploading resource file:/tmp/spark-0a411ef6-6969-463c-a194-13679f54e606/__spark_libs__17807626720138821838.zip -> hdfs://MN:9000/user/dke/.sparkStaging/application_1733127595631_0085/__spark_libs__17807626720138821838.zip
[2024-12-05T21:07:08.495+0900] {subprocess.py:106} INFO - 24/12/05 21:07:08 INFO Client: Uploading resource file:/laewon/Riot/make_model.py -> hdfs://MN:9000/user/dke/.sparkStaging/application_1733127595631_0085/make_model.py
[2024-12-05T21:07:08.528+0900] {subprocess.py:106} INFO - 24/12/05 21:07:08 INFO Client: Uploading resource file:/laewon/spark-3.5.1-bin-hadoop3/python/lib/pyspark.zip -> hdfs://MN:9000/user/dke/.sparkStaging/application_1733127595631_0085/pyspark.zip
[2024-12-05T21:07:08.775+0900] {subprocess.py:106} INFO - 24/12/05 21:07:08 INFO Client: Uploading resource file:/laewon/spark-3.5.1-bin-hadoop3/python/lib/py4j-0.10.9.7-src.zip -> hdfs://MN:9000/user/dke/.sparkStaging/application_1733127595631_0085/py4j-0.10.9.7-src.zip
[2024-12-05T21:07:08.980+0900] {subprocess.py:106} INFO - 24/12/05 21:07:08 INFO Client: Uploading resource file:/tmp/spark-0a411ef6-6969-463c-a194-13679f54e606/__spark_conf__4017269161532756831.zip -> hdfs://MN:9000/user/dke/.sparkStaging/application_1733127595631_0085/__spark_conf__.zip
[2024-12-05T21:07:09.062+0900] {subprocess.py:106} INFO - 24/12/05 21:07:09 INFO SecurityManager: Changing view acls to: dke
[2024-12-05T21:07:09.062+0900] {subprocess.py:106} INFO - 24/12/05 21:07:09 INFO SecurityManager: Changing modify acls to: dke
[2024-12-05T21:07:09.063+0900] {subprocess.py:106} INFO - 24/12/05 21:07:09 INFO SecurityManager: Changing view acls groups to:
[2024-12-05T21:07:09.063+0900] {subprocess.py:106} INFO - 24/12/05 21:07:09 INFO SecurityManager: Changing modify acls groups to:
[2024-12-05T21:07:09.064+0900] {subprocess.py:106} INFO - 24/12/05 21:07:09 INFO SecurityManager: SecurityManager: authentication disabled; ui acls disabled; users with view permissions: dke; groups with view permissions: EMPTY; users with modify permissions: dke; groups with modify permissions: EMPTY
[2024-12-05T21:07:09.100+0900] {subprocess.py:106} INFO - 24/12/05 21:07:09 INFO Client: Submitting application application_1733127595631_0085 to ResourceManager
[2024-12-05T21:07:09.145+0900] {subprocess.py:106} INFO - 24/12/05 21:07:09 INFO YarnClientImpl: Submitted application application_1733127595631_0085
[2024-12-05T21:07:10.148+0900] {subprocess.py:106} INFO - 24/12/05 21:07:10 INFO Client: Application report for application_1733127595631_0085 (state: ACCEPTED)
[2024-12-05T21:07:10.151+0900] {subprocess.py:106} INFO - 24/12/05 21:07:10 INFO Client:
[2024-12-05T21:07:10.152+0900] {subprocess.py:106} INFO - 	 client token: N/A
[2024-12-05T21:07:10.152+0900] {subprocess.py:106} INFO - 	 diagnostics: AM container is launched, waiting for AM container to Register with RM
[2024-12-05T21:07:10.152+0900] {subprocess.py:106} INFO - 	 ApplicationMaster host: N/A
[2024-12-05T21:07:10.152+0900] {subprocess.py:106} INFO - 	 ApplicationMaster RPC port: -1
[2024-12-05T21:07:10.153+0900] {subprocess.py:106} INFO - 	 queue: root.default
[2024-12-05T21:07:10.153+0900] {subprocess.py:106} INFO - 	 start time: 1733400429123
[2024-12-05T21:07:10.153+0900] {subprocess.py:106} INFO - 	 final status: UNDEFINED
[2024-12-05T21:07:10.153+0900] {subprocess.py:106} INFO - 	 tracking URL: http://MN:8088/proxy/application_1733127595631_0085/
[2024-12-05T21:07:10.153+0900] {subprocess.py:106} INFO - 	 user: dke
[2024-12-05T21:07:40.192+0900] {subprocess.py:106} INFO - 24/12/05 21:07:40 INFO Client: Application report for application_1733127595631_0085 (state: ACCEPTED)
[2024-12-05T21:07:43.196+0900] {subprocess.py:106} INFO - 24/12/05 21:07:43 INFO Client: Application report for application_1733127595631_0085 (state: RUNNING)
[2024-12-05T21:07:43.197+0900] {subprocess.py:106} INFO - 24/12/05 21:07:43 INFO Client:
[2024-12-05T21:07:43.197+0900] {subprocess.py:106} INFO - 	 client token: N/A
[2024-12-05T21:07:43.197+0900] {subprocess.py:106} INFO - 	 diagnostics: N/A
[2024-12-05T21:07:43.197+0900] {subprocess.py:106} INFO - 	 ApplicationMaster host: SN03
[2024-12-05T21:07:43.198+0900] {subprocess.py:106} INFO - 	 ApplicationMaster RPC port: 41449
[2024-12-05T21:07:43.198+0900] {subprocess.py:106} INFO - 	 queue: root.default
[2024-12-05T21:07:43.198+0900] {subprocess.py:106} INFO - 	 start time: 1733400429123
[2024-12-05T21:07:43.198+0900] {subprocess.py:106} INFO - 	 final status: UNDEFINED
[2024-12-05T21:07:43.199+0900] {subprocess.py:106} INFO - 	 tracking URL: http://MN:8088/proxy/application_1733127595631_0085/
[2024-12-05T21:07:43.199+0900] {subprocess.py:106} INFO - 	 user: dke
[2024-12-05T21:08:13.233+0900] {subprocess.py:106} INFO - 24/12/05 21:08:13 INFO Client: Application report for application_1733127595631_0085 (state: RUNNING)
[2024-12-05T21:08:27.251+0900] {subprocess.py:106} INFO - 24/12/05 21:08:27 INFO Client: Application report for application_1733127595631_0085 (state: FINISHED)
[2024-12-05T21:08:27.252+0900] {subprocess.py:106} INFO - 24/12/05 21:08:27 INFO Client:
[2024-12-05T21:08:27.252+0900] {subprocess.py:106} INFO - 	 client token: N/A
[2024-12-05T21:08:27.253+0900] {subprocess.py:106} INFO - 	 diagnostics: N/A
[2024-12-05T21:08:27.253+0900] {subprocess.py:106} INFO - 	 ApplicationMaster host: SN03
[2024-12-05T21:08:27.253+0900] {subprocess.py:106} INFO - 	 ApplicationMaster RPC port: 41449
[2024-12-05T21:08:27.254+0900] {subprocess.py:106} INFO - 	 queue: root.default
[2024-12-05T21:08:27.254+0900] {subprocess.py:106} INFO - 	 start time: 1733400429123
[2024-12-05T21:08:27.254+0900] {subprocess.py:106} INFO - 	 final status: SUCCEEDED
[2024-12-05T21:08:27.255+0900] {subprocess.py:106} INFO - 	 tracking URL: http://MN:8088/proxy/application_1733127595631_0085/
[2024-12-05T21:08:27.255+0900] {subprocess.py:106} INFO - 	 user: dke
[2024-12-05T21:08:27.261+0900] {subprocess.py:106} INFO - 24/12/05 21:08:27 INFO ShutdownHookManager: Shutdown hook called
[2024-12-05T21:08:27.262+0900] {subprocess.py:106} INFO - 24/12/05 21:08:27 INFO ShutdownHookManager: Deleting directory /tmp/spark-a48d3584-542f-4662-b3c2-a829668a203e
[2024-12-05T21:08:27.265+0900] {subprocess.py:106} INFO - 24/12/05 21:08:27 INFO ShutdownHookManager: Deleting directory /tmp/spark-0a411ef6-6969-463c-a194-13679f54e606
[2024-12-05T21:08:27.552+0900] {subprocess.py:110} INFO - Command exited with return code 0
[2024-12-05T21:08:27.576+0900] {taskinstance.py:340} INFO - ::group::Post task execution logs
[2024-12-05T21:08:27.576+0900] {taskinstance.py:352} INFO - Marking task as SUCCESS. dag_id=process_and_upload_json_to_hdfs, task_id=run_make_model, run_id=scheduled__2024-12-05T11:00:00+00:00, execution_date=20241205T110000, start_date=20241205T120624, end_date=20241205T120827
[2024-12-05T21:08:27.615+0900] {local_task_job_runner.py:266} INFO - Task exited with return code 0
[2024-12-05T21:08:27.626+0900] {taskinstance.py:3895} INFO - 0 downstream tasks scheduled from follow-on schedule check
[2024-12-05T21:08:27.626+0900] {local_task_job_runner.py:245} INFO - ::endgroup::
