[2024-11-14T18:39:20.353+0900] {processor.py:186} INFO - Started process (PID=2365244) to work on /laewon/airflow_test/py_venv/lib/python3.8/site-packages/airflow/example_dags/plugins/decreasing_priority_weight_strategy.py
[2024-11-14T18:39:20.354+0900] {processor.py:914} INFO - Processing file /laewon/airflow_test/py_venv/lib/python3.8/site-packages/airflow/example_dags/plugins/decreasing_priority_weight_strategy.py for tasks to queue
[2024-11-14T18:39:20.356+0900] {logging_mixin.py:190} INFO - [2024-11-14T18:39:20.356+0900] {dagbag.py:588} INFO - Filling up the DagBag from /laewon/airflow_test/py_venv/lib/python3.8/site-packages/airflow/example_dags/plugins/decreasing_priority_weight_strategy.py
[2024-11-14T18:39:20.359+0900] {processor.py:927} WARNING - No viable dags retrieved from /laewon/airflow_test/py_venv/lib/python3.8/site-packages/airflow/example_dags/plugins/decreasing_priority_weight_strategy.py
[2024-11-14T18:39:20.370+0900] {processor.py:208} INFO - Processing /laewon/airflow_test/py_venv/lib/python3.8/site-packages/airflow/example_dags/plugins/decreasing_priority_weight_strategy.py took 0.024 seconds
[2024-11-14T18:40:28.105+0900] {processor.py:186} INFO - Started process (PID=2365539) to work on /laewon/airflow_test/py_venv/lib/python3.8/site-packages/airflow/example_dags/plugins/decreasing_priority_weight_strategy.py
[2024-11-14T18:40:28.109+0900] {processor.py:914} INFO - Processing file /laewon/airflow_test/py_venv/lib/python3.8/site-packages/airflow/example_dags/plugins/decreasing_priority_weight_strategy.py for tasks to queue
[2024-11-14T18:40:28.111+0900] {logging_mixin.py:190} INFO - [2024-11-14T18:40:28.111+0900] {dagbag.py:588} INFO - Filling up the DagBag from /laewon/airflow_test/py_venv/lib/python3.8/site-packages/airflow/example_dags/plugins/decreasing_priority_weight_strategy.py
[2024-11-14T18:40:28.114+0900] {processor.py:927} WARNING - No viable dags retrieved from /laewon/airflow_test/py_venv/lib/python3.8/site-packages/airflow/example_dags/plugins/decreasing_priority_weight_strategy.py
[2024-11-14T18:40:28.125+0900] {processor.py:208} INFO - Processing /laewon/airflow_test/py_venv/lib/python3.8/site-packages/airflow/example_dags/plugins/decreasing_priority_weight_strategy.py took 0.027 seconds
[2024-11-14T18:41:17.706+0900] {processor.py:186} INFO - Started process (PID=2365984) to work on /laewon/airflow_test/py_venv/lib/python3.8/site-packages/airflow/example_dags/plugins/decreasing_priority_weight_strategy.py
[2024-11-14T18:41:17.710+0900] {processor.py:914} INFO - Processing file /laewon/airflow_test/py_venv/lib/python3.8/site-packages/airflow/example_dags/plugins/decreasing_priority_weight_strategy.py for tasks to queue
[2024-11-14T18:41:17.712+0900] {logging_mixin.py:190} INFO - [2024-11-14T18:41:17.712+0900] {dagbag.py:588} INFO - Filling up the DagBag from /laewon/airflow_test/py_venv/lib/python3.8/site-packages/airflow/example_dags/plugins/decreasing_priority_weight_strategy.py
[2024-11-14T18:41:17.715+0900] {processor.py:927} WARNING - No viable dags retrieved from /laewon/airflow_test/py_venv/lib/python3.8/site-packages/airflow/example_dags/plugins/decreasing_priority_weight_strategy.py
[2024-11-14T18:41:17.726+0900] {processor.py:208} INFO - Processing /laewon/airflow_test/py_venv/lib/python3.8/site-packages/airflow/example_dags/plugins/decreasing_priority_weight_strategy.py took 0.027 seconds
[2024-11-14T18:41:52.733+0900] {processor.py:186} INFO - Started process (PID=2366108) to work on /laewon/airflow_test/py_venv/lib/python3.8/site-packages/airflow/example_dags/plugins/decreasing_priority_weight_strategy.py
[2024-11-14T18:41:52.737+0900] {processor.py:914} INFO - Processing file /laewon/airflow_test/py_venv/lib/python3.8/site-packages/airflow/example_dags/plugins/decreasing_priority_weight_strategy.py for tasks to queue
[2024-11-14T18:41:52.739+0900] {logging_mixin.py:190} INFO - [2024-11-14T18:41:52.739+0900] {dagbag.py:588} INFO - Filling up the DagBag from /laewon/airflow_test/py_venv/lib/python3.8/site-packages/airflow/example_dags/plugins/decreasing_priority_weight_strategy.py
[2024-11-14T18:41:52.742+0900] {processor.py:927} WARNING - No viable dags retrieved from /laewon/airflow_test/py_venv/lib/python3.8/site-packages/airflow/example_dags/plugins/decreasing_priority_weight_strategy.py
[2024-11-14T18:41:52.753+0900] {processor.py:208} INFO - Processing /laewon/airflow_test/py_venv/lib/python3.8/site-packages/airflow/example_dags/plugins/decreasing_priority_weight_strategy.py took 0.027 seconds
[2024-11-14T18:42:42.194+0900] {processor.py:186} INFO - Started process (PID=2366342) to work on /laewon/airflow_test/py_venv/lib/python3.8/site-packages/airflow/example_dags/plugins/decreasing_priority_weight_strategy.py
[2024-11-14T18:42:42.198+0900] {processor.py:914} INFO - Processing file /laewon/airflow_test/py_venv/lib/python3.8/site-packages/airflow/example_dags/plugins/decreasing_priority_weight_strategy.py for tasks to queue
[2024-11-14T18:42:42.200+0900] {logging_mixin.py:190} INFO - [2024-11-14T18:42:42.200+0900] {dagbag.py:588} INFO - Filling up the DagBag from /laewon/airflow_test/py_venv/lib/python3.8/site-packages/airflow/example_dags/plugins/decreasing_priority_weight_strategy.py
[2024-11-14T18:42:42.203+0900] {processor.py:927} WARNING - No viable dags retrieved from /laewon/airflow_test/py_venv/lib/python3.8/site-packages/airflow/example_dags/plugins/decreasing_priority_weight_strategy.py
[2024-11-14T18:42:42.214+0900] {processor.py:208} INFO - Processing /laewon/airflow_test/py_venv/lib/python3.8/site-packages/airflow/example_dags/plugins/decreasing_priority_weight_strategy.py took 0.027 seconds
[2024-11-14T18:43:33.840+0900] {processor.py:186} INFO - Started process (PID=2366397) to work on /laewon/airflow_test/py_venv/lib/python3.8/site-packages/airflow/example_dags/plugins/decreasing_priority_weight_strategy.py
[2024-11-14T18:43:33.844+0900] {processor.py:914} INFO - Processing file /laewon/airflow_test/py_venv/lib/python3.8/site-packages/airflow/example_dags/plugins/decreasing_priority_weight_strategy.py for tasks to queue
[2024-11-14T18:43:33.847+0900] {logging_mixin.py:190} INFO - [2024-11-14T18:43:33.846+0900] {dagbag.py:588} INFO - Filling up the DagBag from /laewon/airflow_test/py_venv/lib/python3.8/site-packages/airflow/example_dags/plugins/decreasing_priority_weight_strategy.py
[2024-11-14T18:43:33.849+0900] {processor.py:927} WARNING - No viable dags retrieved from /laewon/airflow_test/py_venv/lib/python3.8/site-packages/airflow/example_dags/plugins/decreasing_priority_weight_strategy.py
[2024-11-14T18:43:33.861+0900] {processor.py:208} INFO - Processing /laewon/airflow_test/py_venv/lib/python3.8/site-packages/airflow/example_dags/plugins/decreasing_priority_weight_strategy.py took 0.028 seconds
[2024-11-14T18:44:25.247+0900] {processor.py:186} INFO - Started process (PID=2366480) to work on /laewon/airflow_test/py_venv/lib/python3.8/site-packages/airflow/example_dags/plugins/decreasing_priority_weight_strategy.py
[2024-11-14T18:44:25.251+0900] {processor.py:914} INFO - Processing file /laewon/airflow_test/py_venv/lib/python3.8/site-packages/airflow/example_dags/plugins/decreasing_priority_weight_strategy.py for tasks to queue
[2024-11-14T18:44:25.253+0900] {logging_mixin.py:190} INFO - [2024-11-14T18:44:25.253+0900] {dagbag.py:588} INFO - Filling up the DagBag from /laewon/airflow_test/py_venv/lib/python3.8/site-packages/airflow/example_dags/plugins/decreasing_priority_weight_strategy.py
[2024-11-14T18:44:25.256+0900] {processor.py:927} WARNING - No viable dags retrieved from /laewon/airflow_test/py_venv/lib/python3.8/site-packages/airflow/example_dags/plugins/decreasing_priority_weight_strategy.py
[2024-11-14T18:44:25.268+0900] {processor.py:208} INFO - Processing /laewon/airflow_test/py_venv/lib/python3.8/site-packages/airflow/example_dags/plugins/decreasing_priority_weight_strategy.py took 0.028 seconds
[2024-11-14T18:45:16.081+0900] {processor.py:186} INFO - Started process (PID=2366532) to work on /laewon/airflow_test/py_venv/lib/python3.8/site-packages/airflow/example_dags/plugins/decreasing_priority_weight_strategy.py
[2024-11-14T18:45:16.085+0900] {processor.py:914} INFO - Processing file /laewon/airflow_test/py_venv/lib/python3.8/site-packages/airflow/example_dags/plugins/decreasing_priority_weight_strategy.py for tasks to queue
[2024-11-14T18:45:16.087+0900] {logging_mixin.py:190} INFO - [2024-11-14T18:45:16.087+0900] {dagbag.py:588} INFO - Filling up the DagBag from /laewon/airflow_test/py_venv/lib/python3.8/site-packages/airflow/example_dags/plugins/decreasing_priority_weight_strategy.py
[2024-11-14T18:45:16.090+0900] {processor.py:927} WARNING - No viable dags retrieved from /laewon/airflow_test/py_venv/lib/python3.8/site-packages/airflow/example_dags/plugins/decreasing_priority_weight_strategy.py
[2024-11-14T18:45:16.101+0900] {processor.py:208} INFO - Processing /laewon/airflow_test/py_venv/lib/python3.8/site-packages/airflow/example_dags/plugins/decreasing_priority_weight_strategy.py took 0.027 seconds
