[2024-11-14T18:39:19.207+0900] {processor.py:186} INFO - Started process (PID=2365230) to work on /laewon/airflow_test/py_venv/lib/python3.8/site-packages/airflow/example_dags/plugins/event_listener.py
[2024-11-14T18:39:19.208+0900] {processor.py:914} INFO - Processing file /laewon/airflow_test/py_venv/lib/python3.8/site-packages/airflow/example_dags/plugins/event_listener.py for tasks to queue
[2024-11-14T18:39:19.210+0900] {logging_mixin.py:190} INFO - [2024-11-14T18:39:19.209+0900] {dagbag.py:588} INFO - Filling up the DagBag from /laewon/airflow_test/py_venv/lib/python3.8/site-packages/airflow/example_dags/plugins/event_listener.py
[2024-11-14T18:39:19.212+0900] {processor.py:927} WARNING - No viable dags retrieved from /laewon/airflow_test/py_venv/lib/python3.8/site-packages/airflow/example_dags/plugins/event_listener.py
[2024-11-14T18:39:19.222+0900] {processor.py:208} INFO - Processing /laewon/airflow_test/py_venv/lib/python3.8/site-packages/airflow/example_dags/plugins/event_listener.py took 0.021 seconds
[2024-11-14T18:40:26.945+0900] {processor.py:186} INFO - Started process (PID=2365523) to work on /laewon/airflow_test/py_venv/lib/python3.8/site-packages/airflow/example_dags/plugins/event_listener.py
[2024-11-14T18:40:26.949+0900] {processor.py:914} INFO - Processing file /laewon/airflow_test/py_venv/lib/python3.8/site-packages/airflow/example_dags/plugins/event_listener.py for tasks to queue
[2024-11-14T18:40:26.952+0900] {logging_mixin.py:190} INFO - [2024-11-14T18:40:26.951+0900] {dagbag.py:588} INFO - Filling up the DagBag from /laewon/airflow_test/py_venv/lib/python3.8/site-packages/airflow/example_dags/plugins/event_listener.py
[2024-11-14T18:40:26.954+0900] {processor.py:927} WARNING - No viable dags retrieved from /laewon/airflow_test/py_venv/lib/python3.8/site-packages/airflow/example_dags/plugins/event_listener.py
[2024-11-14T18:40:26.966+0900] {processor.py:208} INFO - Processing /laewon/airflow_test/py_venv/lib/python3.8/site-packages/airflow/example_dags/plugins/event_listener.py took 0.027 seconds
[2024-11-14T18:41:16.561+0900] {processor.py:186} INFO - Started process (PID=2365983) to work on /laewon/airflow_test/py_venv/lib/python3.8/site-packages/airflow/example_dags/plugins/event_listener.py
[2024-11-14T18:41:16.565+0900] {processor.py:914} INFO - Processing file /laewon/airflow_test/py_venv/lib/python3.8/site-packages/airflow/example_dags/plugins/event_listener.py for tasks to queue
[2024-11-14T18:41:16.567+0900] {logging_mixin.py:190} INFO - [2024-11-14T18:41:16.566+0900] {dagbag.py:588} INFO - Filling up the DagBag from /laewon/airflow_test/py_venv/lib/python3.8/site-packages/airflow/example_dags/plugins/event_listener.py
[2024-11-14T18:41:16.570+0900] {processor.py:927} WARNING - No viable dags retrieved from /laewon/airflow_test/py_venv/lib/python3.8/site-packages/airflow/example_dags/plugins/event_listener.py
[2024-11-14T18:41:16.581+0900] {processor.py:208} INFO - Processing /laewon/airflow_test/py_venv/lib/python3.8/site-packages/airflow/example_dags/plugins/event_listener.py took 0.027 seconds
[2024-11-14T18:41:51.588+0900] {processor.py:186} INFO - Started process (PID=2366107) to work on /laewon/airflow_test/py_venv/lib/python3.8/site-packages/airflow/example_dags/plugins/event_listener.py
[2024-11-14T18:41:51.592+0900] {processor.py:914} INFO - Processing file /laewon/airflow_test/py_venv/lib/python3.8/site-packages/airflow/example_dags/plugins/event_listener.py for tasks to queue
[2024-11-14T18:41:51.594+0900] {logging_mixin.py:190} INFO - [2024-11-14T18:41:51.593+0900] {dagbag.py:588} INFO - Filling up the DagBag from /laewon/airflow_test/py_venv/lib/python3.8/site-packages/airflow/example_dags/plugins/event_listener.py
[2024-11-14T18:41:51.597+0900] {processor.py:927} WARNING - No viable dags retrieved from /laewon/airflow_test/py_venv/lib/python3.8/site-packages/airflow/example_dags/plugins/event_listener.py
[2024-11-14T18:41:51.608+0900] {processor.py:208} INFO - Processing /laewon/airflow_test/py_venv/lib/python3.8/site-packages/airflow/example_dags/plugins/event_listener.py took 0.027 seconds
[2024-11-14T18:42:41.035+0900] {processor.py:186} INFO - Started process (PID=2366341) to work on /laewon/airflow_test/py_venv/lib/python3.8/site-packages/airflow/example_dags/plugins/event_listener.py
[2024-11-14T18:42:41.039+0900] {processor.py:914} INFO - Processing file /laewon/airflow_test/py_venv/lib/python3.8/site-packages/airflow/example_dags/plugins/event_listener.py for tasks to queue
[2024-11-14T18:42:41.042+0900] {logging_mixin.py:190} INFO - [2024-11-14T18:42:41.041+0900] {dagbag.py:588} INFO - Filling up the DagBag from /laewon/airflow_test/py_venv/lib/python3.8/site-packages/airflow/example_dags/plugins/event_listener.py
[2024-11-14T18:42:41.044+0900] {processor.py:927} WARNING - No viable dags retrieved from /laewon/airflow_test/py_venv/lib/python3.8/site-packages/airflow/example_dags/plugins/event_listener.py
[2024-11-14T18:42:41.055+0900] {processor.py:208} INFO - Processing /laewon/airflow_test/py_venv/lib/python3.8/site-packages/airflow/example_dags/plugins/event_listener.py took 0.027 seconds
[2024-11-14T18:43:32.681+0900] {processor.py:186} INFO - Started process (PID=2366396) to work on /laewon/airflow_test/py_venv/lib/python3.8/site-packages/airflow/example_dags/plugins/event_listener.py
[2024-11-14T18:43:32.686+0900] {processor.py:914} INFO - Processing file /laewon/airflow_test/py_venv/lib/python3.8/site-packages/airflow/example_dags/plugins/event_listener.py for tasks to queue
[2024-11-14T18:43:32.688+0900] {logging_mixin.py:190} INFO - [2024-11-14T18:43:32.687+0900] {dagbag.py:588} INFO - Filling up the DagBag from /laewon/airflow_test/py_venv/lib/python3.8/site-packages/airflow/example_dags/plugins/event_listener.py
[2024-11-14T18:43:32.690+0900] {processor.py:927} WARNING - No viable dags retrieved from /laewon/airflow_test/py_venv/lib/python3.8/site-packages/airflow/example_dags/plugins/event_listener.py
[2024-11-14T18:43:32.702+0900] {processor.py:208} INFO - Processing /laewon/airflow_test/py_venv/lib/python3.8/site-packages/airflow/example_dags/plugins/event_listener.py took 0.027 seconds
[2024-11-14T18:44:24.418+0900] {processor.py:186} INFO - Started process (PID=2366479) to work on /laewon/airflow_test/py_venv/lib/python3.8/site-packages/airflow/example_dags/plugins/event_listener.py
[2024-11-14T18:44:24.419+0900] {processor.py:914} INFO - Processing file /laewon/airflow_test/py_venv/lib/python3.8/site-packages/airflow/example_dags/plugins/event_listener.py for tasks to queue
[2024-11-14T18:44:24.421+0900] {logging_mixin.py:190} INFO - [2024-11-14T18:44:24.421+0900] {dagbag.py:588} INFO - Filling up the DagBag from /laewon/airflow_test/py_venv/lib/python3.8/site-packages/airflow/example_dags/plugins/event_listener.py
[2024-11-14T18:44:24.424+0900] {processor.py:927} WARNING - No viable dags retrieved from /laewon/airflow_test/py_venv/lib/python3.8/site-packages/airflow/example_dags/plugins/event_listener.py
[2024-11-14T18:44:24.435+0900] {processor.py:208} INFO - Processing /laewon/airflow_test/py_venv/lib/python3.8/site-packages/airflow/example_dags/plugins/event_listener.py took 0.023 seconds
[2024-11-14T18:45:15.813+0900] {processor.py:186} INFO - Started process (PID=2366531) to work on /laewon/airflow_test/py_venv/lib/python3.8/site-packages/airflow/example_dags/plugins/event_listener.py
[2024-11-14T18:45:15.817+0900] {processor.py:914} INFO - Processing file /laewon/airflow_test/py_venv/lib/python3.8/site-packages/airflow/example_dags/plugins/event_listener.py for tasks to queue
[2024-11-14T18:45:15.819+0900] {logging_mixin.py:190} INFO - [2024-11-14T18:45:15.819+0900] {dagbag.py:588} INFO - Filling up the DagBag from /laewon/airflow_test/py_venv/lib/python3.8/site-packages/airflow/example_dags/plugins/event_listener.py
[2024-11-14T18:45:15.822+0900] {processor.py:927} WARNING - No viable dags retrieved from /laewon/airflow_test/py_venv/lib/python3.8/site-packages/airflow/example_dags/plugins/event_listener.py
[2024-11-14T18:45:15.833+0900] {processor.py:208} INFO - Processing /laewon/airflow_test/py_venv/lib/python3.8/site-packages/airflow/example_dags/plugins/event_listener.py took 0.027 seconds
