[2024-11-14T18:39:21.497+0900] {processor.py:186} INFO - Started process (PID=2365245) to work on /laewon/airflow_test/py_venv/lib/python3.8/site-packages/airflow/example_dags/plugins/listener_plugin.py
[2024-11-14T18:39:21.498+0900] {processor.py:914} INFO - Processing file /laewon/airflow_test/py_venv/lib/python3.8/site-packages/airflow/example_dags/plugins/listener_plugin.py for tasks to queue
[2024-11-14T18:39:21.501+0900] {logging_mixin.py:190} INFO - [2024-11-14T18:39:21.500+0900] {dagbag.py:588} INFO - Filling up the DagBag from /laewon/airflow_test/py_venv/lib/python3.8/site-packages/airflow/example_dags/plugins/listener_plugin.py
[2024-11-14T18:39:21.503+0900] {processor.py:927} WARNING - No viable dags retrieved from /laewon/airflow_test/py_venv/lib/python3.8/site-packages/airflow/example_dags/plugins/listener_plugin.py
[2024-11-14T18:39:21.514+0900] {processor.py:208} INFO - Processing /laewon/airflow_test/py_venv/lib/python3.8/site-packages/airflow/example_dags/plugins/listener_plugin.py took 0.024 seconds
[2024-11-14T18:40:29.250+0900] {processor.py:186} INFO - Started process (PID=2365540) to work on /laewon/airflow_test/py_venv/lib/python3.8/site-packages/airflow/example_dags/plugins/listener_plugin.py
[2024-11-14T18:40:29.254+0900] {processor.py:914} INFO - Processing file /laewon/airflow_test/py_venv/lib/python3.8/site-packages/airflow/example_dags/plugins/listener_plugin.py for tasks to queue
[2024-11-14T18:40:29.257+0900] {logging_mixin.py:190} INFO - [2024-11-14T18:40:29.256+0900] {dagbag.py:588} INFO - Filling up the DagBag from /laewon/airflow_test/py_venv/lib/python3.8/site-packages/airflow/example_dags/plugins/listener_plugin.py
[2024-11-14T18:40:29.259+0900] {processor.py:927} WARNING - No viable dags retrieved from /laewon/airflow_test/py_venv/lib/python3.8/site-packages/airflow/example_dags/plugins/listener_plugin.py
[2024-11-14T18:40:29.271+0900] {processor.py:208} INFO - Processing /laewon/airflow_test/py_venv/lib/python3.8/site-packages/airflow/example_dags/plugins/listener_plugin.py took 0.027 seconds
[2024-11-14T18:41:18.126+0900] {processor.py:186} INFO - Started process (PID=2365985) to work on /laewon/airflow_test/py_venv/lib/python3.8/site-packages/airflow/example_dags/plugins/listener_plugin.py
[2024-11-14T18:41:18.131+0900] {processor.py:914} INFO - Processing file /laewon/airflow_test/py_venv/lib/python3.8/site-packages/airflow/example_dags/plugins/listener_plugin.py for tasks to queue
[2024-11-14T18:41:18.133+0900] {logging_mixin.py:190} INFO - [2024-11-14T18:41:18.132+0900] {dagbag.py:588} INFO - Filling up the DagBag from /laewon/airflow_test/py_venv/lib/python3.8/site-packages/airflow/example_dags/plugins/listener_plugin.py
[2024-11-14T18:41:18.135+0900] {processor.py:927} WARNING - No viable dags retrieved from /laewon/airflow_test/py_venv/lib/python3.8/site-packages/airflow/example_dags/plugins/listener_plugin.py
[2024-11-14T18:41:18.147+0900] {processor.py:208} INFO - Processing /laewon/airflow_test/py_venv/lib/python3.8/site-packages/airflow/example_dags/plugins/listener_plugin.py took 0.027 seconds
[2024-11-14T18:41:52.927+0900] {processor.py:186} INFO - Started process (PID=2366109) to work on /laewon/airflow_test/py_venv/lib/python3.8/site-packages/airflow/example_dags/plugins/listener_plugin.py
[2024-11-14T18:41:52.931+0900] {processor.py:914} INFO - Processing file /laewon/airflow_test/py_venv/lib/python3.8/site-packages/airflow/example_dags/plugins/listener_plugin.py for tasks to queue
[2024-11-14T18:41:52.933+0900] {logging_mixin.py:190} INFO - [2024-11-14T18:41:52.933+0900] {dagbag.py:588} INFO - Filling up the DagBag from /laewon/airflow_test/py_venv/lib/python3.8/site-packages/airflow/example_dags/plugins/listener_plugin.py
[2024-11-14T18:41:52.936+0900] {processor.py:927} WARNING - No viable dags retrieved from /laewon/airflow_test/py_venv/lib/python3.8/site-packages/airflow/example_dags/plugins/listener_plugin.py
[2024-11-14T18:41:52.947+0900] {processor.py:208} INFO - Processing /laewon/airflow_test/py_venv/lib/python3.8/site-packages/airflow/example_dags/plugins/listener_plugin.py took 0.028 seconds
[2024-11-14T18:42:43.340+0900] {processor.py:186} INFO - Started process (PID=2366343) to work on /laewon/airflow_test/py_venv/lib/python3.8/site-packages/airflow/example_dags/plugins/listener_plugin.py
[2024-11-14T18:42:43.344+0900] {processor.py:914} INFO - Processing file /laewon/airflow_test/py_venv/lib/python3.8/site-packages/airflow/example_dags/plugins/listener_plugin.py for tasks to queue
[2024-11-14T18:42:43.346+0900] {logging_mixin.py:190} INFO - [2024-11-14T18:42:43.346+0900] {dagbag.py:588} INFO - Filling up the DagBag from /laewon/airflow_test/py_venv/lib/python3.8/site-packages/airflow/example_dags/plugins/listener_plugin.py
[2024-11-14T18:42:43.349+0900] {processor.py:927} WARNING - No viable dags retrieved from /laewon/airflow_test/py_venv/lib/python3.8/site-packages/airflow/example_dags/plugins/listener_plugin.py
[2024-11-14T18:42:43.360+0900] {processor.py:208} INFO - Processing /laewon/airflow_test/py_venv/lib/python3.8/site-packages/airflow/example_dags/plugins/listener_plugin.py took 0.027 seconds
[2024-11-14T18:43:34.384+0900] {processor.py:186} INFO - Started process (PID=2366398) to work on /laewon/airflow_test/py_venv/lib/python3.8/site-packages/airflow/example_dags/plugins/listener_plugin.py
[2024-11-14T18:43:34.388+0900] {processor.py:914} INFO - Processing file /laewon/airflow_test/py_venv/lib/python3.8/site-packages/airflow/example_dags/plugins/listener_plugin.py for tasks to queue
[2024-11-14T18:43:34.390+0900] {logging_mixin.py:190} INFO - [2024-11-14T18:43:34.390+0900] {dagbag.py:588} INFO - Filling up the DagBag from /laewon/airflow_test/py_venv/lib/python3.8/site-packages/airflow/example_dags/plugins/listener_plugin.py
[2024-11-14T18:43:34.393+0900] {processor.py:927} WARNING - No viable dags retrieved from /laewon/airflow_test/py_venv/lib/python3.8/site-packages/airflow/example_dags/plugins/listener_plugin.py
[2024-11-14T18:43:34.404+0900] {processor.py:208} INFO - Processing /laewon/airflow_test/py_venv/lib/python3.8/site-packages/airflow/example_dags/plugins/listener_plugin.py took 0.027 seconds
[2024-11-14T18:44:26.395+0900] {processor.py:186} INFO - Started process (PID=2366481) to work on /laewon/airflow_test/py_venv/lib/python3.8/site-packages/airflow/example_dags/plugins/listener_plugin.py
[2024-11-14T18:44:26.399+0900] {processor.py:914} INFO - Processing file /laewon/airflow_test/py_venv/lib/python3.8/site-packages/airflow/example_dags/plugins/listener_plugin.py for tasks to queue
[2024-11-14T18:44:26.401+0900] {logging_mixin.py:190} INFO - [2024-11-14T18:44:26.401+0900] {dagbag.py:588} INFO - Filling up the DagBag from /laewon/airflow_test/py_venv/lib/python3.8/site-packages/airflow/example_dags/plugins/listener_plugin.py
[2024-11-14T18:44:26.404+0900] {processor.py:927} WARNING - No viable dags retrieved from /laewon/airflow_test/py_venv/lib/python3.8/site-packages/airflow/example_dags/plugins/listener_plugin.py
[2024-11-14T18:44:26.415+0900] {processor.py:208} INFO - Processing /laewon/airflow_test/py_venv/lib/python3.8/site-packages/airflow/example_dags/plugins/listener_plugin.py took 0.027 seconds
[2024-11-14T18:45:17.229+0900] {processor.py:186} INFO - Started process (PID=2366533) to work on /laewon/airflow_test/py_venv/lib/python3.8/site-packages/airflow/example_dags/plugins/listener_plugin.py
[2024-11-14T18:45:17.233+0900] {processor.py:914} INFO - Processing file /laewon/airflow_test/py_venv/lib/python3.8/site-packages/airflow/example_dags/plugins/listener_plugin.py for tasks to queue
[2024-11-14T18:45:17.235+0900] {logging_mixin.py:190} INFO - [2024-11-14T18:45:17.235+0900] {dagbag.py:588} INFO - Filling up the DagBag from /laewon/airflow_test/py_venv/lib/python3.8/site-packages/airflow/example_dags/plugins/listener_plugin.py
[2024-11-14T18:45:17.238+0900] {processor.py:927} WARNING - No viable dags retrieved from /laewon/airflow_test/py_venv/lib/python3.8/site-packages/airflow/example_dags/plugins/listener_plugin.py
[2024-11-14T18:45:17.249+0900] {processor.py:208} INFO - Processing /laewon/airflow_test/py_venv/lib/python3.8/site-packages/airflow/example_dags/plugins/listener_plugin.py took 0.027 seconds
