[2024-12-05T00:06:24.066+0900] {local_task_job_runner.py:123} INFO - ::group::Pre task execution logs
[2024-12-05T00:06:24.076+0900] {taskinstance.py:2613} INFO - Dependencies all met for dep_context=non-requeueable deps ti=<TaskInstance: process_and_upload_json_to_hdfs.run_make_model scheduled__2024-12-04T14:00:00+00:00 [queued]>
[2024-12-05T00:06:24.083+0900] {taskinstance.py:2613} INFO - Dependencies all met for dep_context=requeueable deps ti=<TaskInstance: process_and_upload_json_to_hdfs.run_make_model scheduled__2024-12-04T14:00:00+00:00 [queued]>
[2024-12-05T00:06:24.083+0900] {taskinstance.py:2866} INFO - Starting attempt 1 of 2
[2024-12-05T00:06:24.099+0900] {taskinstance.py:2889} INFO - Executing <Task(BashOperator): run_make_model> on 2024-12-04 14:00:00+00:00
[2024-12-05T00:06:24.102+0900] {standard_task_runner.py:72} INFO - Started process 1323556 to run task
[2024-12-05T00:06:24.106+0900] {standard_task_runner.py:104} INFO - Running: ['airflow', 'tasks', 'run', 'process_and_upload_json_to_hdfs', 'run_make_model', 'scheduled__2024-12-04T14:00:00+00:00', '--job-id', '590', '--raw', '--subdir', 'DAGS_FOLDER/data_to_hdfs.py', '--cfg-path', '/tmp/tmp05hpt4a7']
[2024-12-05T00:06:24.107+0900] {standard_task_runner.py:105} INFO - Job 590: Subtask run_make_model
[2024-12-05T00:06:24.140+0900] {task_command.py:467} INFO - Running <TaskInstance: process_and_upload_json_to_hdfs.run_make_model scheduled__2024-12-04T14:00:00+00:00 [running]> on host MN
[2024-12-05T00:06:24.208+0900] {taskinstance.py:3132} INFO - Exporting env vars: AIRFLOW_CTX_DAG_OWNER='airflow' AIRFLOW_CTX_DAG_ID='process_and_upload_json_to_hdfs' AIRFLOW_CTX_TASK_ID='run_make_model' AIRFLOW_CTX_EXECUTION_DATE='2024-12-04T14:00:00+00:00' AIRFLOW_CTX_TRY_NUMBER='1' AIRFLOW_CTX_DAG_RUN_ID='scheduled__2024-12-04T14:00:00+00:00'
[2024-12-05T00:06:24.208+0900] {taskinstance.py:731} INFO - ::endgroup::
[2024-12-05T00:06:24.223+0900] {subprocess.py:78} INFO - Tmp dir root location: /tmp
[2024-12-05T00:06:24.223+0900] {subprocess.py:88} INFO - Running command: ['/usr/bin/bash', '-c', '/laewon/spark/bin/spark-submit --master yarn --deploy-mode cluster /laewon/Riot/make_model.py']
[2024-12-05T00:06:24.230+0900] {subprocess.py:99} INFO - Output:
[2024-12-05T00:06:26.468+0900] {subprocess.py:106} INFO - 24/12/05 00:06:26 INFO DefaultNoHARMFailoverProxyProvider: Connecting to ResourceManager at MN/192.168.4.7:8032
[2024-12-05T00:06:27.169+0900] {subprocess.py:106} INFO - 24/12/05 00:06:27 INFO Configuration: resource-types.xml not found
[2024-12-05T00:06:27.170+0900] {subprocess.py:106} INFO - 24/12/05 00:06:27 INFO ResourceUtils: Unable to find 'resource-types.xml'.
[2024-12-05T00:06:27.184+0900] {subprocess.py:106} INFO - 24/12/05 00:06:27 INFO Client: Verifying our application has not requested more than the maximum memory capability of the cluster (819200 MB per container)
[2024-12-05T00:06:27.185+0900] {subprocess.py:106} INFO - 24/12/05 00:06:27 INFO Client: Will allocate AM container, with 1408 MB memory including 384 MB overhead
[2024-12-05T00:06:27.185+0900] {subprocess.py:106} INFO - 24/12/05 00:06:27 INFO Client: Setting up container launch context for our AM
[2024-12-05T00:06:27.188+0900] {subprocess.py:106} INFO - 24/12/05 00:06:27 INFO Client: Setting up the launch environment for our AM container
[2024-12-05T00:06:27.200+0900] {subprocess.py:106} INFO - 24/12/05 00:06:27 INFO Client: Preparing resources for our AM container
[2024-12-05T00:06:27.233+0900] {subprocess.py:106} INFO - 24/12/05 00:06:27 WARN Client: Neither spark.yarn.jars nor spark.yarn.archive is set, falling back to uploading libraries under SPARK_HOME.
[2024-12-05T00:06:30.083+0900] {subprocess.py:106} INFO - 24/12/05 00:06:30 INFO Client: Uploading resource file:/tmp/spark-6da56cae-17f4-4902-8586-297efe347880/__spark_libs__13836559781791541251.zip -> hdfs://MN:9000/user/dke/.sparkStaging/application_1733127595631_0064/__spark_libs__13836559781791541251.zip
[2024-12-05T00:06:59.382+0900] {subprocess.py:106} INFO - 24/12/05 00:06:59 INFO Client: Uploading resource file:/laewon/Riot/make_model.py -> hdfs://MN:9000/user/dke/.sparkStaging/application_1733127595631_0064/make_model.py
[2024-12-05T00:06:59.410+0900] {subprocess.py:106} INFO - 24/12/05 00:06:59 INFO Client: Uploading resource file:/laewon/spark-3.5.1-bin-hadoop3/python/lib/pyspark.zip -> hdfs://MN:9000/user/dke/.sparkStaging/application_1733127595631_0064/pyspark.zip
[2024-12-05T00:06:59.687+0900] {subprocess.py:106} INFO - 24/12/05 00:06:59 INFO Client: Uploading resource file:/laewon/spark-3.5.1-bin-hadoop3/python/lib/py4j-0.10.9.7-src.zip -> hdfs://MN:9000/user/dke/.sparkStaging/application_1733127595631_0064/py4j-0.10.9.7-src.zip
[2024-12-05T00:06:59.884+0900] {subprocess.py:106} INFO - 24/12/05 00:06:59 INFO Client: Uploading resource file:/tmp/spark-6da56cae-17f4-4902-8586-297efe347880/__spark_conf__5609243576445135815.zip -> hdfs://MN:9000/user/dke/.sparkStaging/application_1733127595631_0064/__spark_conf__.zip
[2024-12-05T00:06:59.958+0900] {subprocess.py:106} INFO - 24/12/05 00:06:59 INFO SecurityManager: Changing view acls to: dke
[2024-12-05T00:06:59.958+0900] {subprocess.py:106} INFO - 24/12/05 00:06:59 INFO SecurityManager: Changing modify acls to: dke
[2024-12-05T00:06:59.958+0900] {subprocess.py:106} INFO - 24/12/05 00:06:59 INFO SecurityManager: Changing view acls groups to:
[2024-12-05T00:06:59.959+0900] {subprocess.py:106} INFO - 24/12/05 00:06:59 INFO SecurityManager: Changing modify acls groups to:
[2024-12-05T00:06:59.959+0900] {subprocess.py:106} INFO - 24/12/05 00:06:59 INFO SecurityManager: SecurityManager: authentication disabled; ui acls disabled; users with view permissions: dke; groups with view permissions: EMPTY; users with modify permissions: dke; groups with modify permissions: EMPTY
[2024-12-05T00:06:59.995+0900] {subprocess.py:106} INFO - 24/12/05 00:06:59 INFO Client: Submitting application application_1733127595631_0064 to ResourceManager
[2024-12-05T00:07:00.040+0900] {subprocess.py:106} INFO - 24/12/05 00:07:00 INFO YarnClientImpl: Submitted application application_1733127595631_0064
[2024-12-05T00:07:01.043+0900] {subprocess.py:106} INFO - 24/12/05 00:07:01 INFO Client: Application report for application_1733127595631_0064 (state: ACCEPTED)
[2024-12-05T00:07:01.047+0900] {subprocess.py:106} INFO - 24/12/05 00:07:01 INFO Client:
[2024-12-05T00:07:01.047+0900] {subprocess.py:106} INFO - 	 client token: N/A
[2024-12-05T00:07:01.047+0900] {subprocess.py:106} INFO - 	 diagnostics: AM container is launched, waiting for AM container to Register with RM
[2024-12-05T00:07:01.048+0900] {subprocess.py:106} INFO - 	 ApplicationMaster host: N/A
[2024-12-05T00:07:01.048+0900] {subprocess.py:106} INFO - 	 ApplicationMaster RPC port: -1
[2024-12-05T00:07:01.048+0900] {subprocess.py:106} INFO - 	 queue: root.default
[2024-12-05T00:07:01.048+0900] {subprocess.py:106} INFO - 	 start time: 1733324820018
[2024-12-05T00:07:01.048+0900] {subprocess.py:106} INFO - 	 final status: UNDEFINED
[2024-12-05T00:07:01.049+0900] {subprocess.py:106} INFO - 	 tracking URL: http://MN:8088/proxy/application_1733127595631_0064/
[2024-12-05T00:07:01.049+0900] {subprocess.py:106} INFO - 	 user: dke
[2024-12-05T00:07:08.056+0900] {subprocess.py:106} INFO - 24/12/05 00:07:08 INFO Client: Application report for application_1733127595631_0064 (state: RUNNING)
[2024-12-05T00:07:08.057+0900] {subprocess.py:106} INFO - 24/12/05 00:07:08 INFO Client:
[2024-12-05T00:07:08.057+0900] {subprocess.py:106} INFO - 	 client token: N/A
[2024-12-05T00:07:08.057+0900] {subprocess.py:106} INFO - 	 diagnostics: N/A
[2024-12-05T00:07:08.058+0900] {subprocess.py:106} INFO - 	 ApplicationMaster host: SN05
[2024-12-05T00:07:08.058+0900] {subprocess.py:106} INFO - 	 ApplicationMaster RPC port: 35315
[2024-12-05T00:07:08.058+0900] {subprocess.py:106} INFO - 	 queue: root.default
[2024-12-05T00:07:08.058+0900] {subprocess.py:106} INFO - 	 start time: 1733324820018
[2024-12-05T00:07:08.058+0900] {subprocess.py:106} INFO - 	 final status: UNDEFINED
[2024-12-05T00:07:08.059+0900] {subprocess.py:106} INFO - 	 tracking URL: http://MN:8088/proxy/application_1733127595631_0064/
[2024-12-05T00:07:08.059+0900] {subprocess.py:106} INFO - 	 user: dke
[2024-12-05T00:07:38.095+0900] {subprocess.py:106} INFO - 24/12/05 00:07:38 INFO Client: Application report for application_1733127595631_0064 (state: RUNNING)
[2024-12-05T00:07:43.102+0900] {subprocess.py:106} INFO - 24/12/05 00:07:43 INFO Client: Application report for application_1733127595631_0064 (state: FINISHED)
[2024-12-05T00:07:43.103+0900] {subprocess.py:106} INFO - 24/12/05 00:07:43 INFO Client:
[2024-12-05T00:07:43.103+0900] {subprocess.py:106} INFO - 	 client token: N/A
[2024-12-05T00:07:43.103+0900] {subprocess.py:106} INFO - 	 diagnostics: N/A
[2024-12-05T00:07:43.104+0900] {subprocess.py:106} INFO - 	 ApplicationMaster host: SN05
[2024-12-05T00:07:43.104+0900] {subprocess.py:106} INFO - 	 ApplicationMaster RPC port: 35315
[2024-12-05T00:07:43.104+0900] {subprocess.py:106} INFO - 	 queue: root.default
[2024-12-05T00:07:43.104+0900] {subprocess.py:106} INFO - 	 start time: 1733324820018
[2024-12-05T00:07:43.105+0900] {subprocess.py:106} INFO - 	 final status: SUCCEEDED
[2024-12-05T00:07:43.105+0900] {subprocess.py:106} INFO - 	 tracking URL: http://MN:8088/proxy/application_1733127595631_0064/
[2024-12-05T00:07:43.105+0900] {subprocess.py:106} INFO - 	 user: dke
[2024-12-05T00:07:43.112+0900] {subprocess.py:106} INFO - 24/12/05 00:07:43 INFO ShutdownHookManager: Shutdown hook called
[2024-12-05T00:07:43.112+0900] {subprocess.py:106} INFO - 24/12/05 00:07:43 INFO ShutdownHookManager: Deleting directory /tmp/spark-8996f970-ea57-454e-a1a6-b0f7bc41b16f
[2024-12-05T00:07:43.115+0900] {subprocess.py:106} INFO - 24/12/05 00:07:43 INFO ShutdownHookManager: Deleting directory /tmp/spark-6da56cae-17f4-4902-8586-297efe347880
[2024-12-05T00:07:43.472+0900] {subprocess.py:110} INFO - Command exited with return code 0
[2024-12-05T00:07:43.494+0900] {taskinstance.py:340} INFO - ::group::Post task execution logs
[2024-12-05T00:07:43.494+0900] {taskinstance.py:352} INFO - Marking task as SUCCESS. dag_id=process_and_upload_json_to_hdfs, task_id=run_make_model, run_id=scheduled__2024-12-04T14:00:00+00:00, execution_date=20241204T140000, start_date=20241204T150624, end_date=20241204T150743
[2024-12-05T00:07:43.517+0900] {local_task_job_runner.py:266} INFO - Task exited with return code 0
[2024-12-05T00:07:43.526+0900] {taskinstance.py:3895} INFO - 0 downstream tasks scheduled from follow-on schedule check
[2024-12-05T00:07:43.527+0900] {local_task_job_runner.py:245} INFO - ::endgroup::
