[2024-11-15T15:32:37.576+0900] {local_task_job_runner.py:123} INFO - ::group::Pre task execution logs
[2024-11-15T15:32:37.586+0900] {taskinstance.py:2613} INFO - Dependencies all met for dep_context=non-requeueable deps ti=<TaskInstance: random_data_direct_to_hdfs.save_to_hdfs scheduled__2024-11-14T07:32:00+00:00 [queued]>
[2024-11-15T15:32:37.592+0900] {taskinstance.py:2613} INFO - Dependencies all met for dep_context=requeueable deps ti=<TaskInstance: random_data_direct_to_hdfs.save_to_hdfs scheduled__2024-11-14T07:32:00+00:00 [queued]>
[2024-11-15T15:32:37.593+0900] {taskinstance.py:2866} INFO - Starting attempt 1 of 6
[2024-11-15T15:32:37.607+0900] {taskinstance.py:2889} INFO - Executing <Task(BashOperator): save_to_hdfs> on 2024-11-14 07:32:00+00:00
[2024-11-15T15:32:37.610+0900] {standard_task_runner.py:72} INFO - Started process 2388642 to run task
[2024-11-15T15:32:37.613+0900] {standard_task_runner.py:104} INFO - Running: ['airflow', 'tasks', 'run', 'random_data_direct_to_hdfs', 'save_to_hdfs', 'scheduled__2024-11-14T07:32:00+00:00', '--job-id', '118', '--raw', '--subdir', 'DAGS_FOLDER/data_to_hdfs.py', '--cfg-path', '/tmp/tmpstpgo4hy']
[2024-11-15T15:32:37.615+0900] {standard_task_runner.py:105} INFO - Job 118: Subtask save_to_hdfs
[2024-11-15T15:32:37.648+0900] {task_command.py:467} INFO - Running <TaskInstance: random_data_direct_to_hdfs.save_to_hdfs scheduled__2024-11-14T07:32:00+00:00 [running]> on host MN
[2024-11-15T15:32:37.724+0900] {taskinstance.py:3132} INFO - Exporting env vars: AIRFLOW_CTX_DAG_OWNER='lwjeong' AIRFLOW_CTX_DAG_ID='random_data_direct_to_hdfs' AIRFLOW_CTX_TASK_ID='save_to_hdfs' AIRFLOW_CTX_EXECUTION_DATE='2024-11-14T07:32:00+00:00' AIRFLOW_CTX_TRY_NUMBER='1' AIRFLOW_CTX_DAG_RUN_ID='scheduled__2024-11-14T07:32:00+00:00'
[2024-11-15T15:32:37.725+0900] {taskinstance.py:731} INFO - ::endgroup::
[2024-11-15T15:32:37.737+0900] {subprocess.py:78} INFO - Tmp dir root location: /tmp
[2024-11-15T15:32:37.738+0900] {subprocess.py:88} INFO - Running command: ['/usr/bin/bash', '-c', 'echo "[{"id": 0, "value": 91, "timestamp": "2024-11-15T15:32:28.941075"}, {"id": 1, "value": 85, "timestamp": "2024-11-15T15:32:28.941075"}, {"id": 2, "value": 77, "timestamp": "2024-11-15T15:32:28.941075"}, {"id": 3, "value": 41, "timestamp": "2024-11-15T15:32:28.941075"}, {"id": 4, "value": 59, "timestamp": "2024-11-15T15:32:28.941075"}, {"id": 5, "value": 54, "timestamp": "2024-11-15T15:32:28.941075"}, {"id": 6, "value": 49, "timestamp": "2024-11-15T15:32:28.941075"}, {"id": 7, "value": 62, "timestamp": "2024-11-15T15:32:28.941075"}, {"id": 8, "value": 42, "timestamp": "2024-11-15T15:32:28.941075"}, {"id": 9, "value": 98, "timestamp": "2024-11-15T15:32:28.941075"}]" | hdfs dfs -put -f - /path/in/hdfs/random_data_33.json']
[2024-11-15T15:32:37.743+0900] {subprocess.py:99} INFO - Output:
[2024-11-15T15:32:39.843+0900] {subprocess.py:110} INFO - Command exited with return code 0
[2024-11-15T15:32:39.864+0900] {taskinstance.py:340} INFO - ::group::Post task execution logs
[2024-11-15T15:32:39.865+0900] {taskinstance.py:352} INFO - Marking task as SUCCESS. dag_id=random_data_direct_to_hdfs, task_id=save_to_hdfs, run_id=scheduled__2024-11-14T07:32:00+00:00, execution_date=20241114T073200, start_date=20241115T063237, end_date=20241115T063239
[2024-11-15T15:32:39.911+0900] {local_task_job_runner.py:266} INFO - Task exited with return code 0
[2024-11-15T15:32:39.924+0900] {taskinstance.py:3895} INFO - 0 downstream tasks scheduled from follow-on schedule check
[2024-11-15T15:32:39.925+0900] {local_task_job_runner.py:245} INFO - ::endgroup::
