[2024-12-03T00:00:03.285+0900] {local_task_job_runner.py:123} INFO - ::group::Pre task execution logs
[2024-12-03T00:00:03.294+0900] {taskinstance.py:2613} INFO - Dependencies all met for dep_context=non-requeueable deps ti=<TaskInstance: process_and_upload_json_to_hdfs.process_json_files scheduled__2024-12-02T14:00:00+00:00 [queued]>
[2024-12-03T00:00:03.301+0900] {taskinstance.py:2613} INFO - Dependencies all met for dep_context=requeueable deps ti=<TaskInstance: process_and_upload_json_to_hdfs.process_json_files scheduled__2024-12-02T14:00:00+00:00 [queued]>
[2024-12-03T00:00:03.301+0900] {taskinstance.py:2866} INFO - Starting attempt 1 of 2
[2024-12-03T00:00:03.316+0900] {taskinstance.py:2889} INFO - Executing <Task(PythonOperator): process_json_files> on 2024-12-02 14:00:00+00:00
[2024-12-03T00:00:03.319+0900] {standard_task_runner.py:72} INFO - Started process 142082 to run task
[2024-12-03T00:00:03.322+0900] {standard_task_runner.py:104} INFO - Running: ['airflow', 'tasks', 'run', 'process_and_upload_json_to_hdfs', 'process_json_files', 'scheduled__2024-12-02T14:00:00+00:00', '--job-id', '393', '--raw', '--subdir', 'DAGS_FOLDER/data_to_hdfs.py', '--cfg-path', '/tmp/tmps9rt7w2p']
[2024-12-03T00:00:03.324+0900] {standard_task_runner.py:105} INFO - Job 393: Subtask process_json_files
[2024-12-03T00:00:03.357+0900] {task_command.py:467} INFO - Running <TaskInstance: process_and_upload_json_to_hdfs.process_json_files scheduled__2024-12-02T14:00:00+00:00 [running]> on host MN
[2024-12-03T00:00:03.423+0900] {taskinstance.py:3132} INFO - Exporting env vars: AIRFLOW_CTX_DAG_OWNER='airflow' AIRFLOW_CTX_DAG_ID='process_and_upload_json_to_hdfs' AIRFLOW_CTX_TASK_ID='process_json_files' AIRFLOW_CTX_EXECUTION_DATE='2024-12-02T14:00:00+00:00' AIRFLOW_CTX_TRY_NUMBER='1' AIRFLOW_CTX_DAG_RUN_ID='scheduled__2024-12-02T14:00:00+00:00'
[2024-12-03T00:00:03.424+0900] {taskinstance.py:731} INFO - ::endgroup::
[2024-12-03T00:00:03.789+0900] {logging_mixin.py:190} INFO - Champion data for champion 221 saved to /laewon/Riot/output/champion_221.csv.
[2024-12-03T00:00:03.936+0900] {logging_mixin.py:190} INFO - Champion data for champion 25 saved to /laewon/Riot/output/champion_25.csv.
[2024-12-03T00:00:03.969+0900] {logging_mixin.py:190} INFO - Champion data for champion 72 saved to /laewon/Riot/output/champion_72.csv.
[2024-12-03T00:00:04.046+0900] {logging_mixin.py:190} INFO - Champion data for champion 59 saved to /laewon/Riot/output/champion_59.csv.
[2024-12-03T00:00:04.128+0900] {logging_mixin.py:190} INFO - Champion data for champion 30 saved to /laewon/Riot/output/champion_30.csv.
[2024-12-03T00:00:04.194+0900] {logging_mixin.py:190} INFO - Champion data for champion 223 saved to /laewon/Riot/output/champion_223.csv.
[2024-12-03T00:00:04.344+0900] {logging_mixin.py:190} INFO - Champion data for champion 22 saved to /laewon/Riot/output/champion_22.csv.
[2024-12-03T00:00:04.461+0900] {logging_mixin.py:190} INFO - Champion data for champion 61 saved to /laewon/Riot/output/champion_61.csv.
[2024-12-03T00:00:04.568+0900] {logging_mixin.py:190} INFO - Champion data for champion 235 saved to /laewon/Riot/output/champion_235.csv.
[2024-12-03T00:00:04.677+0900] {logging_mixin.py:190} INFO - Champion data for champion 517 saved to /laewon/Riot/output/champion_517.csv.
[2024-12-03T00:00:04.801+0900] {logging_mixin.py:190} INFO - Champion data for champion 17 saved to /laewon/Riot/output/champion_17.csv.
[2024-12-03T00:00:04.870+0900] {logging_mixin.py:190} INFO - Champion data for champion 154 saved to /laewon/Riot/output/champion_154.csv.
[2024-12-03T00:00:05.071+0900] {logging_mixin.py:190} INFO - Champion data for champion 81 saved to /laewon/Riot/output/champion_81.csv.
[2024-12-03T00:00:05.142+0900] {logging_mixin.py:190} INFO - Champion data for champion 68 saved to /laewon/Riot/output/champion_68.csv.
[2024-12-03T00:00:05.176+0900] {logging_mixin.py:190} INFO - Champion data for champion 5 saved to /laewon/Riot/output/champion_5.csv.
[2024-12-03T00:00:05.284+0900] {logging_mixin.py:190} INFO - Champion data for champion 18 saved to /laewon/Riot/output/champion_18.csv.
[2024-12-03T00:00:05.367+0900] {logging_mixin.py:190} INFO - Champion data for champion 82 saved to /laewon/Riot/output/champion_82.csv.
[2024-12-03T00:00:05.494+0900] {logging_mixin.py:190} INFO - Champion data for champion 63 saved to /laewon/Riot/output/champion_63.csv.
[2024-12-03T00:00:05.628+0900] {logging_mixin.py:190} INFO - Champion data for champion 126 saved to /laewon/Riot/output/champion_126.csv.
[2024-12-03T00:00:05.703+0900] {logging_mixin.py:190} INFO - Champion data for champion 16 saved to /laewon/Riot/output/champion_16.csv.
[2024-12-03T00:00:05.808+0900] {logging_mixin.py:190} INFO - Champion data for champion 7 saved to /laewon/Riot/output/champion_7.csv.
[2024-12-03T00:00:05.853+0900] {logging_mixin.py:190} INFO - Champion data for champion 420 saved to /laewon/Riot/output/champion_420.csv.
[2024-12-03T00:00:05.920+0900] {logging_mixin.py:190} INFO - Champion data for champion 26 saved to /laewon/Riot/output/champion_26.csv.
[2024-12-03T00:00:05.976+0900] {logging_mixin.py:190} INFO - Champion data for champion 14 saved to /laewon/Riot/output/champion_14.csv.
[2024-12-03T00:00:06.128+0900] {logging_mixin.py:190} INFO - Champion data for champion 21 saved to /laewon/Riot/output/champion_21.csv.
[2024-12-03T00:00:06.175+0900] {logging_mixin.py:190} INFO - Champion data for champion 267 saved to /laewon/Riot/output/champion_267.csv.
[2024-12-03T00:00:06.227+0900] {logging_mixin.py:190} INFO - Champion data for champion 429 saved to /laewon/Riot/output/champion_429.csv.
[2024-12-03T00:00:06.250+0900] {logging_mixin.py:190} INFO - Champion data for champion 28 saved to /laewon/Riot/output/champion_28.csv.
[2024-12-03T00:00:06.296+0900] {logging_mixin.py:190} INFO - Champion data for champion 98 saved to /laewon/Riot/output/champion_98.csv.
[2024-12-03T00:00:06.460+0900] {logging_mixin.py:190} INFO - Champion data for champion 53 saved to /laewon/Riot/output/champion_53.csv.
[2024-12-03T00:00:06.516+0900] {logging_mixin.py:190} INFO - Champion data for champion 523 saved to /laewon/Riot/output/champion_523.csv.
[2024-12-03T00:00:06.561+0900] {logging_mixin.py:190} INFO - Champion data for champion 19 saved to /laewon/Riot/output/champion_19.csv.
[2024-12-03T00:00:06.633+0900] {logging_mixin.py:190} INFO - Champion data for champion 35 saved to /laewon/Riot/output/champion_35.csv.
[2024-12-03T00:00:06.669+0900] {logging_mixin.py:190} INFO - Champion data for champion 48 saved to /laewon/Riot/output/champion_48.csv.
[2024-12-03T00:00:06.721+0900] {logging_mixin.py:190} INFO - Champion data for champion 268 saved to /laewon/Riot/output/champion_268.csv.
[2024-12-03T00:00:06.817+0900] {logging_mixin.py:190} INFO - Champion data for champion 111 saved to /laewon/Riot/output/champion_111.csv.
[2024-12-03T00:00:06.961+0900] {logging_mixin.py:190} INFO - Champion data for champion 103 saved to /laewon/Riot/output/champion_103.csv.
[2024-12-03T00:00:07.074+0900] {logging_mixin.py:190} INFO - Champion data for champion 412 saved to /laewon/Riot/output/champion_412.csv.
[2024-12-03T00:00:07.143+0900] {logging_mixin.py:190} INFO - Champion data for champion 1 saved to /laewon/Riot/output/champion_1.csv.
[2024-12-03T00:00:07.259+0900] {logging_mixin.py:190} INFO - Champion data for champion 29 saved to /laewon/Riot/output/champion_29.csv.
[2024-12-03T00:00:07.315+0900] {logging_mixin.py:190} INFO - Champion data for champion 143 saved to /laewon/Riot/output/champion_143.csv.
[2024-12-03T00:00:07.407+0900] {logging_mixin.py:190} INFO - Champion data for champion 238 saved to /laewon/Riot/output/champion_238.csv.
[2024-12-03T00:00:07.453+0900] {logging_mixin.py:190} INFO - Champion data for champion 41 saved to /laewon/Riot/output/champion_41.csv.
[2024-12-03T00:00:07.625+0900] {logging_mixin.py:190} INFO - Champion data for champion 222 saved to /laewon/Riot/output/champion_222.csv.
[2024-12-03T00:00:07.685+0900] {logging_mixin.py:190} INFO - Champion data for champion 142 saved to /laewon/Riot/output/champion_142.csv.
[2024-12-03T00:00:07.766+0900] {logging_mixin.py:190} INFO - Champion data for champion 245 saved to /laewon/Riot/output/champion_245.csv.
[2024-12-03T00:00:07.901+0900] {logging_mixin.py:190} INFO - Champion data for champion 236 saved to /laewon/Riot/output/champion_236.csv.
[2024-12-03T00:00:07.970+0900] {logging_mixin.py:190} INFO - Champion data for champion 350 saved to /laewon/Riot/output/champion_350.csv.
[2024-12-03T00:00:08.065+0900] {logging_mixin.py:190} INFO - Champion data for champion 36 saved to /laewon/Riot/output/champion_36.csv.
[2024-12-03T00:00:08.108+0900] {logging_mixin.py:190} INFO - Champion data for champion 164 saved to /laewon/Riot/output/champion_164.csv.
[2024-12-03T00:00:08.132+0900] {logging_mixin.py:190} INFO - Champion data for champion 120 saved to /laewon/Riot/output/champion_120.csv.
[2024-12-03T00:00:08.220+0900] {logging_mixin.py:190} INFO - Champion data for champion 42 saved to /laewon/Riot/output/champion_42.csv.
[2024-12-03T00:00:08.304+0900] {logging_mixin.py:190} INFO - Champion data for champion 799 saved to /laewon/Riot/output/champion_799.csv.
[2024-12-03T00:00:08.395+0900] {logging_mixin.py:190} INFO - Champion data for champion 96 saved to /laewon/Riot/output/champion_96.csv.
[2024-12-03T00:00:08.436+0900] {logging_mixin.py:190} INFO - Champion data for champion 902 saved to /laewon/Riot/output/champion_902.csv.
[2024-12-03T00:00:08.555+0900] {logging_mixin.py:190} INFO - Champion data for champion 555 saved to /laewon/Riot/output/champion_555.csv.
[2024-12-03T00:00:08.630+0900] {logging_mixin.py:190} INFO - Champion data for champion 79 saved to /laewon/Riot/output/champion_79.csv.
[2024-12-03T00:00:08.656+0900] {logging_mixin.py:190} INFO - Champion data for champion 60 saved to /laewon/Riot/output/champion_60.csv.
[2024-12-03T00:00:08.701+0900] {logging_mixin.py:190} INFO - Champion data for champion 163 saved to /laewon/Riot/output/champion_163.csv.
[2024-12-03T00:00:08.743+0900] {logging_mixin.py:190} INFO - Champion data for champion 893 saved to /laewon/Riot/output/champion_893.csv.
[2024-12-03T00:00:08.840+0900] {logging_mixin.py:190} INFO - Champion data for champion 112 saved to /laewon/Riot/output/champion_112.csv.
[2024-12-03T00:00:08.900+0900] {logging_mixin.py:190} INFO - Champion data for champion 131 saved to /laewon/Riot/output/champion_131.csv.
[2024-12-03T00:00:08.963+0900] {logging_mixin.py:190} INFO - Champion data for champion 136 saved to /laewon/Riot/output/champion_136.csv.
[2024-12-03T00:00:09.030+0900] {logging_mixin.py:190} INFO - Champion data for champion 234 saved to /laewon/Riot/output/champion_234.csv.
[2024-12-03T00:00:09.122+0900] {logging_mixin.py:190} INFO - Champion data for champion 157 saved to /laewon/Riot/output/champion_157.csv.
[2024-12-03T00:00:09.190+0900] {logging_mixin.py:190} INFO - Champion data for champion 910 saved to /laewon/Riot/output/champion_910.csv.
[2024-12-03T00:00:09.262+0900] {logging_mixin.py:190} INFO - Champion data for champion 24 saved to /laewon/Riot/output/champion_24.csv.
[2024-12-03T00:00:09.334+0900] {logging_mixin.py:190} INFO - Champion data for champion 888 saved to /laewon/Riot/output/champion_888.csv.
[2024-12-03T00:00:09.410+0900] {logging_mixin.py:190} INFO - Champion data for champion 122 saved to /laewon/Riot/output/champion_122.csv.
[2024-12-03T00:00:09.522+0900] {logging_mixin.py:190} INFO - Champion data for champion 67 saved to /laewon/Riot/output/champion_67.csv.
[2024-12-03T00:00:09.643+0900] {logging_mixin.py:190} INFO - Champion data for champion 101 saved to /laewon/Riot/output/champion_101.csv.
[2024-12-03T00:00:09.780+0900] {logging_mixin.py:190} INFO - Champion data for champion 45 saved to /laewon/Riot/output/champion_45.csv.
[2024-12-03T00:00:09.851+0900] {logging_mixin.py:190} INFO - Champion data for champion 134 saved to /laewon/Riot/output/champion_134.csv.
[2024-12-03T00:00:09.985+0900] {logging_mixin.py:190} INFO - Champion data for champion 115 saved to /laewon/Riot/output/champion_115.csv.
[2024-12-03T00:00:10.008+0900] {logging_mixin.py:190} INFO - Champion data for champion 246 saved to /laewon/Riot/output/champion_246.csv.
[2024-12-03T00:00:10.043+0900] {logging_mixin.py:190} INFO - Champion data for champion 33 saved to /laewon/Riot/output/champion_33.csv.
[2024-12-03T00:00:10.094+0900] {logging_mixin.py:190} INFO - Champion data for champion 6 saved to /laewon/Riot/output/champion_6.csv.
[2024-12-03T00:00:10.255+0900] {logging_mixin.py:190} INFO - Champion data for champion 202 saved to /laewon/Riot/output/champion_202.csv.
[2024-12-03T00:00:10.319+0900] {logging_mixin.py:190} INFO - Champion data for champion 62 saved to /laewon/Riot/output/champion_62.csv.
[2024-12-03T00:00:10.457+0900] {logging_mixin.py:190} INFO - Champion data for champion 76 saved to /laewon/Riot/output/champion_76.csv.
[2024-12-03T00:00:10.548+0900] {logging_mixin.py:190} INFO - Champion data for champion 518 saved to /laewon/Riot/output/champion_518.csv.
[2024-12-03T00:00:10.592+0900] {logging_mixin.py:190} INFO - Champion data for champion 432 saved to /laewon/Riot/output/champion_432.csv.
[2024-12-03T00:00:10.682+0900] {logging_mixin.py:190} INFO - Champion data for champion 40 saved to /laewon/Riot/output/champion_40.csv.
[2024-12-03T00:00:10.739+0900] {logging_mixin.py:190} INFO - Champion data for champion 516 saved to /laewon/Riot/output/champion_516.csv.
[2024-12-03T00:00:10.852+0900] {logging_mixin.py:190} INFO - Champion data for champion 4 saved to /laewon/Riot/output/champion_4.csv.
[2024-12-03T00:00:10.928+0900] {logging_mixin.py:190} INFO - Champion data for champion 27 saved to /laewon/Riot/output/champion_27.csv.
[2024-12-03T00:00:10.990+0900] {logging_mixin.py:190} INFO - Champion data for champion 34 saved to /laewon/Riot/output/champion_34.csv.
[2024-12-03T00:00:11.029+0900] {logging_mixin.py:190} INFO - Champion data for champion 114 saved to /laewon/Riot/output/champion_114.csv.
[2024-12-03T00:00:11.100+0900] {logging_mixin.py:190} INFO - Champion data for champion 119 saved to /laewon/Riot/output/champion_119.csv.
[2024-12-03T00:00:11.171+0900] {logging_mixin.py:190} INFO - Champion data for champion 89 saved to /laewon/Riot/output/champion_89.csv.
[2024-12-03T00:00:11.280+0900] {logging_mixin.py:190} INFO - Champion data for champion 31 saved to /laewon/Riot/output/champion_31.csv.
[2024-12-03T00:00:11.375+0900] {logging_mixin.py:190} INFO - Champion data for champion 777 saved to /laewon/Riot/output/champion_777.csv.
[2024-12-03T00:00:11.522+0900] {logging_mixin.py:190} INFO - Champion data for champion 110 saved to /laewon/Riot/output/champion_110.csv.
[2024-12-03T00:00:11.631+0900] {logging_mixin.py:190} INFO - Champion data for champion 64 saved to /laewon/Riot/output/champion_64.csv.
[2024-12-03T00:00:11.723+0900] {logging_mixin.py:190} INFO - Champion data for champion 74 saved to /laewon/Riot/output/champion_74.csv.
[2024-12-03T00:00:11.756+0900] {logging_mixin.py:190} INFO - Champion data for champion 497 saved to /laewon/Riot/output/champion_497.csv.
[2024-12-03T00:00:11.849+0900] {logging_mixin.py:190} INFO - Champion data for champion 266 saved to /laewon/Riot/output/champion_266.csv.
[2024-12-03T00:00:11.870+0900] {logging_mixin.py:190} INFO - Champion data for champion 950 saved to /laewon/Riot/output/champion_950.csv.
[2024-12-03T00:00:11.958+0900] {logging_mixin.py:190} INFO - Champion data for champion 80 saved to /laewon/Riot/output/champion_80.csv.
[2024-12-03T00:00:12.082+0900] {logging_mixin.py:190} INFO - Champion data for champion 161 saved to /laewon/Riot/output/champion_161.csv.
[2024-12-03T00:00:12.165+0900] {logging_mixin.py:190} INFO - Champion data for champion 13 saved to /laewon/Riot/output/champion_13.csv.
[2024-12-03T00:00:12.227+0900] {logging_mixin.py:190} INFO - Champion data for champion 85 saved to /laewon/Riot/output/champion_85.csv.
[2024-12-03T00:00:12.262+0900] {logging_mixin.py:190} INFO - Champion data for champion 56 saved to /laewon/Riot/output/champion_56.csv.
[2024-12-03T00:00:12.412+0900] {logging_mixin.py:190} INFO - Champion data for champion 99 saved to /laewon/Riot/output/champion_99.csv.
[2024-12-03T00:00:12.473+0900] {logging_mixin.py:190} INFO - Champion data for champion 20 saved to /laewon/Riot/output/champion_20.csv.
[2024-12-03T00:00:12.523+0900] {logging_mixin.py:190} INFO - Champion data for champion 106 saved to /laewon/Riot/output/champion_106.csv.
[2024-12-03T00:00:12.716+0900] {logging_mixin.py:190} INFO - Champion data for champion 51 saved to /laewon/Riot/output/champion_51.csv.
[2024-12-03T00:00:12.788+0900] {logging_mixin.py:190} INFO - Champion data for champion 360 saved to /laewon/Riot/output/champion_360.csv.
[2024-12-03T00:00:12.863+0900] {logging_mixin.py:190} INFO - Champion data for champion 254 saved to /laewon/Riot/output/champion_254.csv.
[2024-12-03T00:00:12.951+0900] {logging_mixin.py:190} INFO - Champion data for champion 10 saved to /laewon/Riot/output/champion_10.csv.
[2024-12-03T00:00:13.001+0900] {logging_mixin.py:190} INFO - Champion data for champion 166 saved to /laewon/Riot/output/champion_166.csv.
[2024-12-03T00:00:13.142+0900] {logging_mixin.py:190} INFO - Champion data for champion 54 saved to /laewon/Riot/output/champion_54.csv.
[2024-12-03T00:00:13.225+0900] {logging_mixin.py:190} INFO - Champion data for champion 9 saved to /laewon/Riot/output/champion_9.csv.
[2024-12-03T00:00:13.263+0900] {logging_mixin.py:190} INFO - Champion data for champion 69 saved to /laewon/Riot/output/champion_69.csv.
[2024-12-03T00:00:13.336+0900] {logging_mixin.py:190} INFO - Champion data for champion 711 saved to /laewon/Riot/output/champion_711.csv.
[2024-12-03T00:00:13.373+0900] {logging_mixin.py:190} INFO - Champion data for champion 38 saved to /laewon/Riot/output/champion_38.csv.
[2024-12-03T00:00:13.445+0900] {logging_mixin.py:190} INFO - Champion data for champion 121 saved to /laewon/Riot/output/champion_121.csv.
[2024-12-03T00:00:13.512+0900] {logging_mixin.py:190} INFO - Champion data for champion 3 saved to /laewon/Riot/output/champion_3.csv.
[2024-12-03T00:00:13.566+0900] {logging_mixin.py:190} INFO - Champion data for champion 90 saved to /laewon/Riot/output/champion_90.csv.
[2024-12-03T00:00:13.612+0900] {logging_mixin.py:190} INFO - Champion data for champion 78 saved to /laewon/Riot/output/champion_78.csv.
[2024-12-03T00:00:13.661+0900] {logging_mixin.py:190} INFO - Champion data for champion 92 saved to /laewon/Riot/output/champion_92.csv.
[2024-12-03T00:00:13.779+0900] {logging_mixin.py:190} INFO - Champion data for champion 498 saved to /laewon/Riot/output/champion_498.csv.
[2024-12-03T00:00:13.882+0900] {logging_mixin.py:190} INFO - Champion data for champion 104 saved to /laewon/Riot/output/champion_104.csv.
[2024-12-03T00:00:13.939+0900] {logging_mixin.py:190} INFO - Champion data for champion 75 saved to /laewon/Riot/output/champion_75.csv.
[2024-12-03T00:00:14.012+0900] {logging_mixin.py:190} INFO - Champion data for champion 86 saved to /laewon/Riot/output/champion_86.csv.
[2024-12-03T00:00:14.104+0900] {logging_mixin.py:190} INFO - Champion data for champion 57 saved to /laewon/Riot/output/champion_57.csv.
[2024-12-03T00:00:14.147+0900] {logging_mixin.py:190} INFO - Champion data for champion 113 saved to /laewon/Riot/output/champion_113.csv.
[2024-12-03T00:00:14.227+0900] {logging_mixin.py:190} INFO - Champion data for champion 133 saved to /laewon/Riot/output/champion_133.csv.
[2024-12-03T00:00:14.257+0900] {logging_mixin.py:190} INFO - Champion data for champion 150 saved to /laewon/Riot/output/champion_150.csv.
[2024-12-03T00:00:14.339+0900] {logging_mixin.py:190} INFO - Champion data for champion 117 saved to /laewon/Riot/output/champion_117.csv.
[2024-12-03T00:00:14.477+0900] {logging_mixin.py:190} INFO - Champion data for champion 145 saved to /laewon/Riot/output/champion_145.csv.
[2024-12-03T00:00:14.502+0900] {logging_mixin.py:190} INFO - Champion data for champion 44 saved to /laewon/Riot/output/champion_44.csv.
[2024-12-03T00:00:14.592+0900] {logging_mixin.py:190} INFO - Champion data for champion 84 saved to /laewon/Riot/output/champion_84.csv.
[2024-12-03T00:00:14.660+0900] {logging_mixin.py:190} INFO - Champion data for champion 127 saved to /laewon/Riot/output/champion_127.csv.
[2024-12-03T00:00:14.676+0900] {logging_mixin.py:190} INFO - Champion data for champion 421 saved to /laewon/Riot/output/champion_421.csv.
[2024-12-03T00:00:14.708+0900] {logging_mixin.py:190} INFO - Champion data for champion 887 saved to /laewon/Riot/output/champion_887.csv.
[2024-12-03T00:00:14.819+0900] {logging_mixin.py:190} INFO - Champion data for champion 147 saved to /laewon/Riot/output/champion_147.csv.
[2024-12-03T00:00:14.927+0900] {logging_mixin.py:190} INFO - Champion data for champion 901 saved to /laewon/Riot/output/champion_901.csv.
[2024-12-03T00:00:14.976+0900] {logging_mixin.py:190} INFO - Champion data for champion 897 saved to /laewon/Riot/output/champion_897.csv.
[2024-12-03T00:00:15.003+0900] {logging_mixin.py:190} INFO - Champion data for champion 233 saved to /laewon/Riot/output/champion_233.csv.
[2024-12-03T00:00:15.075+0900] {logging_mixin.py:190} INFO - Champion data for champion 105 saved to /laewon/Riot/output/champion_105.csv.
[2024-12-03T00:00:15.097+0900] {logging_mixin.py:190} INFO - Champion data for champion 2 saved to /laewon/Riot/output/champion_2.csv.
[2024-12-03T00:00:15.132+0900] {logging_mixin.py:190} INFO - Champion data for champion 77 saved to /laewon/Riot/output/champion_77.csv.
[2024-12-03T00:00:15.228+0900] {logging_mixin.py:190} INFO - Champion data for champion 32 saved to /laewon/Riot/output/champion_32.csv.
[2024-12-03T00:00:15.297+0900] {logging_mixin.py:190} INFO - Champion data for champion 11 saved to /laewon/Riot/output/champion_11.csv.
[2024-12-03T00:00:15.320+0900] {logging_mixin.py:190} INFO - Champion data for champion 895 saved to /laewon/Riot/output/champion_895.csv.
[2024-12-03T00:00:15.370+0900] {logging_mixin.py:190} INFO - Champion data for champion 58 saved to /laewon/Riot/output/champion_58.csv.
[2024-12-03T00:00:15.484+0900] {logging_mixin.py:190} INFO - Champion data for champion 15 saved to /laewon/Riot/output/champion_15.csv.
[2024-12-03T00:00:15.546+0900] {logging_mixin.py:190} INFO - Champion data for champion 12 saved to /laewon/Riot/output/champion_12.csv.
[2024-12-03T00:00:15.612+0900] {logging_mixin.py:190} INFO - Champion data for champion 875 saved to /laewon/Riot/output/champion_875.csv.
[2024-12-03T00:00:15.683+0900] {logging_mixin.py:190} INFO - Champion data for champion 8 saved to /laewon/Riot/output/champion_8.csv.
[2024-12-03T00:00:15.793+0900] {logging_mixin.py:190} INFO - Champion data for champion 43 saved to /laewon/Riot/output/champion_43.csv.
[2024-12-03T00:00:15.817+0900] {logging_mixin.py:190} INFO - Champion data for champion 200 saved to /laewon/Riot/output/champion_200.csv.
[2024-12-03T00:00:15.873+0900] {logging_mixin.py:190} INFO - Champion data for champion 203 saved to /laewon/Riot/output/champion_203.csv.
[2024-12-03T00:00:15.894+0900] {logging_mixin.py:190} INFO - Champion data for champion 427 saved to /laewon/Riot/output/champion_427.csv.
[2024-12-03T00:00:15.965+0900] {logging_mixin.py:190} INFO - Champion data for champion 55 saved to /laewon/Riot/output/champion_55.csv.
[2024-12-03T00:00:16.019+0900] {logging_mixin.py:190} INFO - Champion data for champion 876 saved to /laewon/Riot/output/champion_876.csv.
[2024-12-03T00:00:16.092+0900] {logging_mixin.py:190} INFO - Champion data for champion 37 saved to /laewon/Riot/output/champion_37.csv.
[2024-12-03T00:00:16.144+0900] {logging_mixin.py:190} INFO - Champion data for champion 23 saved to /laewon/Riot/output/champion_23.csv.
[2024-12-03T00:00:16.199+0900] {logging_mixin.py:190} INFO - Champion data for champion 39 saved to /laewon/Riot/output/champion_39.csv.
[2024-12-03T00:00:16.274+0900] {logging_mixin.py:190} INFO - Champion data for champion 50 saved to /laewon/Riot/output/champion_50.csv.
[2024-12-03T00:00:16.410+0900] {logging_mixin.py:190} INFO - All new JSON files have been processed and saved as 'match_data_combined.csv'.
[2024-12-03T00:00:16.427+0900] {python.py:240} INFO - Done. Returned value was: None
[2024-12-03T00:00:16.432+0900] {taskinstance.py:340} INFO - ::group::Post task execution logs
[2024-12-03T00:00:16.433+0900] {taskinstance.py:352} INFO - Marking task as SUCCESS. dag_id=process_and_upload_json_to_hdfs, task_id=process_json_files, run_id=scheduled__2024-12-02T14:00:00+00:00, execution_date=20241202T140000, start_date=20241202T150003, end_date=20241202T150016
[2024-12-03T00:00:16.458+0900] {local_task_job_runner.py:266} INFO - Task exited with return code 0
[2024-12-03T00:00:16.475+0900] {taskinstance.py:3895} INFO - 1 downstream tasks scheduled from follow-on schedule check
[2024-12-03T00:00:16.480+0900] {local_task_job_runner.py:245} INFO - ::endgroup::
