[2024-11-15T15:38:22.305+0900] {local_task_job_runner.py:123} INFO - ::group::Pre task execution logs
[2024-11-15T15:38:22.315+0900] {taskinstance.py:2613} INFO - Dependencies all met for dep_context=non-requeueable deps ti=<TaskInstance: random_data_direct_to_hdfs.save_to_hdfs scheduled__2024-11-14T08:11:00+00:00 [queued]>
[2024-11-15T15:38:22.322+0900] {taskinstance.py:2613} INFO - Dependencies all met for dep_context=requeueable deps ti=<TaskInstance: random_data_direct_to_hdfs.save_to_hdfs scheduled__2024-11-14T08:11:00+00:00 [queued]>
[2024-11-15T15:38:22.322+0900] {taskinstance.py:2866} INFO - Starting attempt 1 of 6
[2024-11-15T15:38:22.337+0900] {taskinstance.py:2889} INFO - Executing <Task(BashOperator): save_to_hdfs> on 2024-11-14 08:11:00+00:00
[2024-11-15T15:38:22.340+0900] {standard_task_runner.py:72} INFO - Started process 2393715 to run task
[2024-11-15T15:38:22.343+0900] {standard_task_runner.py:104} INFO - Running: ['airflow', 'tasks', 'run', 'random_data_direct_to_hdfs', 'save_to_hdfs', 'scheduled__2024-11-14T08:11:00+00:00', '--job-id', '236', '--raw', '--subdir', 'DAGS_FOLDER/data_to_hdfs.py', '--cfg-path', '/tmp/tmpl2bgc4mi']
[2024-11-15T15:38:22.345+0900] {standard_task_runner.py:105} INFO - Job 236: Subtask save_to_hdfs
[2024-11-15T15:38:22.378+0900] {task_command.py:467} INFO - Running <TaskInstance: random_data_direct_to_hdfs.save_to_hdfs scheduled__2024-11-14T08:11:00+00:00 [running]> on host MN
[2024-11-15T15:38:22.455+0900] {taskinstance.py:3132} INFO - Exporting env vars: AIRFLOW_CTX_DAG_OWNER='lwjeong' AIRFLOW_CTX_DAG_ID='random_data_direct_to_hdfs' AIRFLOW_CTX_TASK_ID='save_to_hdfs' AIRFLOW_CTX_EXECUTION_DATE='2024-11-14T08:11:00+00:00' AIRFLOW_CTX_TRY_NUMBER='1' AIRFLOW_CTX_DAG_RUN_ID='scheduled__2024-11-14T08:11:00+00:00'
[2024-11-15T15:38:22.456+0900] {taskinstance.py:731} INFO - ::endgroup::
[2024-11-15T15:38:22.468+0900] {subprocess.py:78} INFO - Tmp dir root location: /tmp
[2024-11-15T15:38:22.469+0900] {subprocess.py:88} INFO - Running command: ['/usr/bin/bash', '-c', 'echo "[{"id": 0, "value": 22, "timestamp": "2024-11-15T15:38:09.276225"}, {"id": 1, "value": 11, "timestamp": "2024-11-15T15:38:09.276225"}, {"id": 2, "value": 15, "timestamp": "2024-11-15T15:38:09.276225"}, {"id": 3, "value": 51, "timestamp": "2024-11-15T15:38:09.276225"}, {"id": 4, "value": 48, "timestamp": "2024-11-15T15:38:09.276225"}, {"id": 5, "value": 8, "timestamp": "2024-11-15T15:38:09.276225"}, {"id": 6, "value": 78, "timestamp": "2024-11-15T15:38:09.276225"}, {"id": 7, "value": 97, "timestamp": "2024-11-15T15:38:09.276225"}, {"id": 8, "value": 81, "timestamp": "2024-11-15T15:38:09.276225"}, {"id": 9, "value": 28, "timestamp": "2024-11-15T15:38:09.276225"}]" | hdfs dfs -put -f - /path/in/hdfs/random_data_72.json']
[2024-11-15T15:38:22.474+0900] {subprocess.py:99} INFO - Output:
[2024-11-15T15:38:24.526+0900] {subprocess.py:110} INFO - Command exited with return code 0
[2024-11-15T15:38:24.547+0900] {taskinstance.py:340} INFO - ::group::Post task execution logs
[2024-11-15T15:38:24.548+0900] {taskinstance.py:352} INFO - Marking task as SUCCESS. dag_id=random_data_direct_to_hdfs, task_id=save_to_hdfs, run_id=scheduled__2024-11-14T08:11:00+00:00, execution_date=20241114T081100, start_date=20241115T063822, end_date=20241115T063824
[2024-11-15T15:38:24.601+0900] {local_task_job_runner.py:266} INFO - Task exited with return code 0
[2024-11-15T15:38:24.614+0900] {taskinstance.py:3895} INFO - 0 downstream tasks scheduled from follow-on schedule check
[2024-11-15T15:38:24.615+0900] {local_task_job_runner.py:245} INFO - ::endgroup::
