[2024-12-04T22:06:23.986+0900] {local_task_job_runner.py:123} INFO - ::group::Pre task execution logs
[2024-12-04T22:06:23.996+0900] {taskinstance.py:2613} INFO - Dependencies all met for dep_context=non-requeueable deps ti=<TaskInstance: process_and_upload_json_to_hdfs.run_make_model scheduled__2024-12-04T12:00:00+00:00 [queued]>
[2024-12-04T22:06:24.003+0900] {taskinstance.py:2613} INFO - Dependencies all met for dep_context=requeueable deps ti=<TaskInstance: process_and_upload_json_to_hdfs.run_make_model scheduled__2024-12-04T12:00:00+00:00 [queued]>
[2024-12-04T22:06:24.003+0900] {taskinstance.py:2866} INFO - Starting attempt 1 of 2
[2024-12-04T22:06:24.019+0900] {taskinstance.py:2889} INFO - Executing <Task(BashOperator): run_make_model> on 2024-12-04 12:00:00+00:00
[2024-12-04T22:06:24.022+0900] {standard_task_runner.py:72} INFO - Started process 1267616 to run task
[2024-12-04T22:06:24.026+0900] {standard_task_runner.py:104} INFO - Running: ['airflow', 'tasks', 'run', 'process_and_upload_json_to_hdfs', 'run_make_model', 'scheduled__2024-12-04T12:00:00+00:00', '--job-id', '582', '--raw', '--subdir', 'DAGS_FOLDER/data_to_hdfs.py', '--cfg-path', '/tmp/tmp16i3ihoj']
[2024-12-04T22:06:24.027+0900] {standard_task_runner.py:105} INFO - Job 582: Subtask run_make_model
[2024-12-04T22:06:24.061+0900] {task_command.py:467} INFO - Running <TaskInstance: process_and_upload_json_to_hdfs.run_make_model scheduled__2024-12-04T12:00:00+00:00 [running]> on host MN
[2024-12-04T22:06:24.128+0900] {taskinstance.py:3132} INFO - Exporting env vars: AIRFLOW_CTX_DAG_OWNER='airflow' AIRFLOW_CTX_DAG_ID='process_and_upload_json_to_hdfs' AIRFLOW_CTX_TASK_ID='run_make_model' AIRFLOW_CTX_EXECUTION_DATE='2024-12-04T12:00:00+00:00' AIRFLOW_CTX_TRY_NUMBER='1' AIRFLOW_CTX_DAG_RUN_ID='scheduled__2024-12-04T12:00:00+00:00'
[2024-12-04T22:06:24.129+0900] {taskinstance.py:731} INFO - ::endgroup::
[2024-12-04T22:06:24.143+0900] {subprocess.py:78} INFO - Tmp dir root location: /tmp
[2024-12-04T22:06:24.143+0900] {subprocess.py:88} INFO - Running command: ['/usr/bin/bash', '-c', '/laewon/spark/bin/spark-submit --master yarn --deploy-mode cluster /laewon/Riot/make_model.py']
[2024-12-04T22:06:24.150+0900] {subprocess.py:99} INFO - Output:
[2024-12-04T22:06:26.377+0900] {subprocess.py:106} INFO - 24/12/04 22:06:26 INFO DefaultNoHARMFailoverProxyProvider: Connecting to ResourceManager at MN/192.168.4.7:8032
[2024-12-04T22:06:27.077+0900] {subprocess.py:106} INFO - 24/12/04 22:06:27 INFO Configuration: resource-types.xml not found
[2024-12-04T22:06:27.077+0900] {subprocess.py:106} INFO - 24/12/04 22:06:27 INFO ResourceUtils: Unable to find 'resource-types.xml'.
[2024-12-04T22:06:27.092+0900] {subprocess.py:106} INFO - 24/12/04 22:06:27 INFO Client: Verifying our application has not requested more than the maximum memory capability of the cluster (819200 MB per container)
[2024-12-04T22:06:27.093+0900] {subprocess.py:106} INFO - 24/12/04 22:06:27 INFO Client: Will allocate AM container, with 1408 MB memory including 384 MB overhead
[2024-12-04T22:06:27.093+0900] {subprocess.py:106} INFO - 24/12/04 22:06:27 INFO Client: Setting up container launch context for our AM
[2024-12-04T22:06:27.097+0900] {subprocess.py:106} INFO - 24/12/04 22:06:27 INFO Client: Setting up the launch environment for our AM container
[2024-12-04T22:06:27.108+0900] {subprocess.py:106} INFO - 24/12/04 22:06:27 INFO Client: Preparing resources for our AM container
[2024-12-04T22:06:27.142+0900] {subprocess.py:106} INFO - 24/12/04 22:06:27 WARN Client: Neither spark.yarn.jars nor spark.yarn.archive is set, falling back to uploading libraries under SPARK_HOME.
[2024-12-04T22:06:30.019+0900] {subprocess.py:106} INFO - 24/12/04 22:06:30 INFO Client: Uploading resource file:/tmp/spark-01c9dfd4-aad2-497e-8167-abc201cace3f/__spark_libs__12433853333910382771.zip -> hdfs://MN:9000/user/dke/.sparkStaging/application_1733127595631_0062/__spark_libs__12433853333910382771.zip
[2024-12-04T22:07:05.101+0900] {subprocess.py:106} INFO - 24/12/04 22:07:05 INFO Client: Uploading resource file:/laewon/Riot/make_model.py -> hdfs://MN:9000/user/dke/.sparkStaging/application_1733127595631_0062/make_model.py
[2024-12-04T22:07:05.135+0900] {subprocess.py:106} INFO - 24/12/04 22:07:05 INFO Client: Uploading resource file:/laewon/spark-3.5.1-bin-hadoop3/python/lib/pyspark.zip -> hdfs://MN:9000/user/dke/.sparkStaging/application_1733127595631_0062/pyspark.zip
[2024-12-04T22:07:05.379+0900] {subprocess.py:106} INFO - 24/12/04 22:07:05 INFO Client: Uploading resource file:/laewon/spark-3.5.1-bin-hadoop3/python/lib/py4j-0.10.9.7-src.zip -> hdfs://MN:9000/user/dke/.sparkStaging/application_1733127595631_0062/py4j-0.10.9.7-src.zip
[2024-12-04T22:07:05.580+0900] {subprocess.py:106} INFO - 24/12/04 22:07:05 INFO Client: Uploading resource file:/tmp/spark-01c9dfd4-aad2-497e-8167-abc201cace3f/__spark_conf__3466363683114797089.zip -> hdfs://MN:9000/user/dke/.sparkStaging/application_1733127595631_0062/__spark_conf__.zip
[2024-12-04T22:07:05.656+0900] {subprocess.py:106} INFO - 24/12/04 22:07:05 INFO SecurityManager: Changing view acls to: dke
[2024-12-04T22:07:05.656+0900] {subprocess.py:106} INFO - 24/12/04 22:07:05 INFO SecurityManager: Changing modify acls to: dke
[2024-12-04T22:07:05.656+0900] {subprocess.py:106} INFO - 24/12/04 22:07:05 INFO SecurityManager: Changing view acls groups to:
[2024-12-04T22:07:05.657+0900] {subprocess.py:106} INFO - 24/12/04 22:07:05 INFO SecurityManager: Changing modify acls groups to:
[2024-12-04T22:07:05.657+0900] {subprocess.py:106} INFO - 24/12/04 22:07:05 INFO SecurityManager: SecurityManager: authentication disabled; ui acls disabled; users with view permissions: dke; groups with view permissions: EMPTY; users with modify permissions: dke; groups with modify permissions: EMPTY
[2024-12-04T22:07:05.693+0900] {subprocess.py:106} INFO - 24/12/04 22:07:05 INFO Client: Submitting application application_1733127595631_0062 to ResourceManager
[2024-12-04T22:07:05.738+0900] {subprocess.py:106} INFO - 24/12/04 22:07:05 INFO YarnClientImpl: Submitted application application_1733127595631_0062
[2024-12-04T22:07:06.741+0900] {subprocess.py:106} INFO - 24/12/04 22:07:06 INFO Client: Application report for application_1733127595631_0062 (state: ACCEPTED)
[2024-12-04T22:07:06.744+0900] {subprocess.py:106} INFO - 24/12/04 22:07:06 INFO Client:
[2024-12-04T22:07:06.745+0900] {subprocess.py:106} INFO - 	 client token: N/A
[2024-12-04T22:07:06.745+0900] {subprocess.py:106} INFO - 	 diagnostics: AM container is launched, waiting for AM container to Register with RM
[2024-12-04T22:07:06.745+0900] {subprocess.py:106} INFO - 	 ApplicationMaster host: N/A
[2024-12-04T22:07:06.745+0900] {subprocess.py:106} INFO - 	 ApplicationMaster RPC port: -1
[2024-12-04T22:07:06.746+0900] {subprocess.py:106} INFO - 	 queue: root.default
[2024-12-04T22:07:06.746+0900] {subprocess.py:106} INFO - 	 start time: 1733317625716
[2024-12-04T22:07:06.746+0900] {subprocess.py:106} INFO - 	 final status: UNDEFINED
[2024-12-04T22:07:06.746+0900] {subprocess.py:106} INFO - 	 tracking URL: http://MN:8088/proxy/application_1733127595631_0062/
[2024-12-04T22:07:06.747+0900] {subprocess.py:106} INFO - 	 user: dke
[2024-12-04T22:07:13.753+0900] {subprocess.py:106} INFO - 24/12/04 22:07:13 INFO Client: Application report for application_1733127595631_0062 (state: RUNNING)
[2024-12-04T22:07:13.754+0900] {subprocess.py:106} INFO - 24/12/04 22:07:13 INFO Client:
[2024-12-04T22:07:13.754+0900] {subprocess.py:106} INFO - 	 client token: N/A
[2024-12-04T22:07:13.754+0900] {subprocess.py:106} INFO - 	 diagnostics: N/A
[2024-12-04T22:07:13.754+0900] {subprocess.py:106} INFO - 	 ApplicationMaster host: SN04
[2024-12-04T22:07:13.755+0900] {subprocess.py:106} INFO - 	 ApplicationMaster RPC port: 39691
[2024-12-04T22:07:13.755+0900] {subprocess.py:106} INFO - 	 queue: root.default
[2024-12-04T22:07:13.755+0900] {subprocess.py:106} INFO - 	 start time: 1733317625716
[2024-12-04T22:07:13.755+0900] {subprocess.py:106} INFO - 	 final status: UNDEFINED
[2024-12-04T22:07:13.756+0900] {subprocess.py:106} INFO - 	 tracking URL: http://MN:8088/proxy/application_1733127595631_0062/
[2024-12-04T22:07:13.756+0900] {subprocess.py:106} INFO - 	 user: dke
[2024-12-04T22:07:43.792+0900] {subprocess.py:106} INFO - 24/12/04 22:07:43 INFO Client: Application report for application_1733127595631_0062 (state: RUNNING)
[2024-12-04T22:07:52.803+0900] {subprocess.py:106} INFO - 24/12/04 22:07:52 INFO Client: Application report for application_1733127595631_0062 (state: FINISHED)
[2024-12-04T22:07:52.804+0900] {subprocess.py:106} INFO - 24/12/04 22:07:52 INFO Client:
[2024-12-04T22:07:52.804+0900] {subprocess.py:106} INFO - 	 client token: N/A
[2024-12-04T22:07:52.804+0900] {subprocess.py:106} INFO - 	 diagnostics: N/A
[2024-12-04T22:07:52.804+0900] {subprocess.py:106} INFO - 	 ApplicationMaster host: SN04
[2024-12-04T22:07:52.804+0900] {subprocess.py:106} INFO - 	 ApplicationMaster RPC port: 39691
[2024-12-04T22:07:52.805+0900] {subprocess.py:106} INFO - 	 queue: root.default
[2024-12-04T22:07:52.805+0900] {subprocess.py:106} INFO - 	 start time: 1733317625716
[2024-12-04T22:07:52.805+0900] {subprocess.py:106} INFO - 	 final status: SUCCEEDED
[2024-12-04T22:07:52.805+0900] {subprocess.py:106} INFO - 	 tracking URL: http://MN:8088/proxy/application_1733127595631_0062/
[2024-12-04T22:07:52.805+0900] {subprocess.py:106} INFO - 	 user: dke
[2024-12-04T22:07:52.812+0900] {subprocess.py:106} INFO - 24/12/04 22:07:52 INFO ShutdownHookManager: Shutdown hook called
[2024-12-04T22:07:52.813+0900] {subprocess.py:106} INFO - 24/12/04 22:07:52 INFO ShutdownHookManager: Deleting directory /tmp/spark-01c9dfd4-aad2-497e-8167-abc201cace3f
[2024-12-04T22:07:52.816+0900] {subprocess.py:106} INFO - 24/12/04 22:07:52 INFO ShutdownHookManager: Deleting directory /tmp/spark-cf7b216f-4d22-4ab0-9803-6af67e78b4ba
[2024-12-04T22:07:53.171+0900] {subprocess.py:110} INFO - Command exited with return code 0
[2024-12-04T22:07:53.194+0900] {taskinstance.py:340} INFO - ::group::Post task execution logs
[2024-12-04T22:07:53.195+0900] {taskinstance.py:352} INFO - Marking task as SUCCESS. dag_id=process_and_upload_json_to_hdfs, task_id=run_make_model, run_id=scheduled__2024-12-04T12:00:00+00:00, execution_date=20241204T120000, start_date=20241204T130623, end_date=20241204T130753
[2024-12-04T22:07:53.243+0900] {local_task_job_runner.py:266} INFO - Task exited with return code 0
[2024-12-04T22:07:53.254+0900] {taskinstance.py:3895} INFO - 0 downstream tasks scheduled from follow-on schedule check
[2024-12-04T22:07:53.254+0900] {local_task_job_runner.py:245} INFO - ::endgroup::
