[2024-12-05T23:06:39.808+0900] {local_task_job_runner.py:123} INFO - ::group::Pre task execution logs
[2024-12-05T23:06:39.818+0900] {taskinstance.py:2613} INFO - Dependencies all met for dep_context=non-requeueable deps ti=<TaskInstance: process_and_upload_json_to_hdfs.run_make_model scheduled__2024-12-05T13:00:00+00:00 [queued]>
[2024-12-05T23:06:39.825+0900] {taskinstance.py:2613} INFO - Dependencies all met for dep_context=requeueable deps ti=<TaskInstance: process_and_upload_json_to_hdfs.run_make_model scheduled__2024-12-05T13:00:00+00:00 [queued]>
[2024-12-05T23:06:39.825+0900] {taskinstance.py:2866} INFO - Starting attempt 1 of 2
[2024-12-05T23:06:39.841+0900] {taskinstance.py:2889} INFO - Executing <Task(BashOperator): run_make_model> on 2024-12-05 13:00:00+00:00
[2024-12-05T23:06:39.844+0900] {standard_task_runner.py:72} INFO - Started process 2027344 to run task
[2024-12-05T23:06:39.848+0900] {standard_task_runner.py:104} INFO - Running: ['airflow', 'tasks', 'run', 'process_and_upload_json_to_hdfs', 'run_make_model', 'scheduled__2024-12-05T13:00:00+00:00', '--job-id', '682', '--raw', '--subdir', 'DAGS_FOLDER/data_to_hdfs.py', '--cfg-path', '/tmp/tmp0cg5oh7u']
[2024-12-05T23:06:39.849+0900] {standard_task_runner.py:105} INFO - Job 682: Subtask run_make_model
[2024-12-05T23:06:39.882+0900] {task_command.py:467} INFO - Running <TaskInstance: process_and_upload_json_to_hdfs.run_make_model scheduled__2024-12-05T13:00:00+00:00 [running]> on host MN
[2024-12-05T23:06:39.950+0900] {taskinstance.py:3132} INFO - Exporting env vars: AIRFLOW_CTX_DAG_OWNER='airflow' AIRFLOW_CTX_DAG_ID='process_and_upload_json_to_hdfs' AIRFLOW_CTX_TASK_ID='run_make_model' AIRFLOW_CTX_EXECUTION_DATE='2024-12-05T13:00:00+00:00' AIRFLOW_CTX_TRY_NUMBER='1' AIRFLOW_CTX_DAG_RUN_ID='scheduled__2024-12-05T13:00:00+00:00'
[2024-12-05T23:06:39.951+0900] {taskinstance.py:731} INFO - ::endgroup::
[2024-12-05T23:06:39.965+0900] {subprocess.py:78} INFO - Tmp dir root location: /tmp
[2024-12-05T23:06:39.965+0900] {subprocess.py:88} INFO - Running command: ['/usr/bin/bash', '-c', '/laewon/spark/bin/spark-submit --master yarn --deploy-mode cluster /laewon/Riot/make_model.py']
[2024-12-05T23:06:39.972+0900] {subprocess.py:99} INFO - Output:
[2024-12-05T23:06:42.285+0900] {subprocess.py:106} INFO - 24/12/05 23:06:42 INFO DefaultNoHARMFailoverProxyProvider: Connecting to ResourceManager at MN/192.168.4.7:8032
[2024-12-05T23:06:42.987+0900] {subprocess.py:106} INFO - 24/12/05 23:06:42 INFO Configuration: resource-types.xml not found
[2024-12-05T23:06:42.988+0900] {subprocess.py:106} INFO - 24/12/05 23:06:42 INFO ResourceUtils: Unable to find 'resource-types.xml'.
[2024-12-05T23:06:43.001+0900] {subprocess.py:106} INFO - 24/12/05 23:06:43 INFO Client: Verifying our application has not requested more than the maximum memory capability of the cluster (819200 MB per container)
[2024-12-05T23:06:43.002+0900] {subprocess.py:106} INFO - 24/12/05 23:06:43 INFO Client: Will allocate AM container, with 1408 MB memory including 384 MB overhead
[2024-12-05T23:06:43.003+0900] {subprocess.py:106} INFO - 24/12/05 23:06:43 INFO Client: Setting up container launch context for our AM
[2024-12-05T23:06:43.006+0900] {subprocess.py:106} INFO - 24/12/05 23:06:43 INFO Client: Setting up the launch environment for our AM container
[2024-12-05T23:06:43.017+0900] {subprocess.py:106} INFO - 24/12/05 23:06:43 INFO Client: Preparing resources for our AM container
[2024-12-05T23:06:43.051+0900] {subprocess.py:106} INFO - 24/12/05 23:06:43 WARN Client: Neither spark.yarn.jars nor spark.yarn.archive is set, falling back to uploading libraries under SPARK_HOME.
[2024-12-05T23:06:45.896+0900] {subprocess.py:106} INFO - 24/12/05 23:06:45 INFO Client: Uploading resource file:/tmp/spark-18e69372-3dd2-456d-944b-23a4cd63e53a/__spark_libs__17438359325707593076.zip -> hdfs://MN:9000/user/dke/.sparkStaging/application_1733127595631_0087/__spark_libs__17438359325707593076.zip
[2024-12-05T23:07:15.926+0900] {subprocess.py:106} INFO - 24/12/05 23:07:15 INFO Client: Uploading resource file:/laewon/Riot/make_model.py -> hdfs://MN:9000/user/dke/.sparkStaging/application_1733127595631_0087/make_model.py
[2024-12-05T23:07:15.956+0900] {subprocess.py:106} INFO - 24/12/05 23:07:15 INFO Client: Uploading resource file:/laewon/spark-3.5.1-bin-hadoop3/python/lib/pyspark.zip -> hdfs://MN:9000/user/dke/.sparkStaging/application_1733127595631_0087/pyspark.zip
[2024-12-05T23:07:16.198+0900] {subprocess.py:106} INFO - 24/12/05 23:07:16 INFO Client: Uploading resource file:/laewon/spark-3.5.1-bin-hadoop3/python/lib/py4j-0.10.9.7-src.zip -> hdfs://MN:9000/user/dke/.sparkStaging/application_1733127595631_0087/py4j-0.10.9.7-src.zip
[2024-12-05T23:07:16.402+0900] {subprocess.py:106} INFO - 24/12/05 23:07:16 INFO Client: Uploading resource file:/tmp/spark-18e69372-3dd2-456d-944b-23a4cd63e53a/__spark_conf__13981605346865030706.zip -> hdfs://MN:9000/user/dke/.sparkStaging/application_1733127595631_0087/__spark_conf__.zip
[2024-12-05T23:07:16.491+0900] {subprocess.py:106} INFO - 24/12/05 23:07:16 INFO SecurityManager: Changing view acls to: dke
[2024-12-05T23:07:16.492+0900] {subprocess.py:106} INFO - 24/12/05 23:07:16 INFO SecurityManager: Changing modify acls to: dke
[2024-12-05T23:07:16.492+0900] {subprocess.py:106} INFO - 24/12/05 23:07:16 INFO SecurityManager: Changing view acls groups to:
[2024-12-05T23:07:16.493+0900] {subprocess.py:106} INFO - 24/12/05 23:07:16 INFO SecurityManager: Changing modify acls groups to:
[2024-12-05T23:07:16.493+0900] {subprocess.py:106} INFO - 24/12/05 23:07:16 INFO SecurityManager: SecurityManager: authentication disabled; ui acls disabled; users with view permissions: dke; groups with view permissions: EMPTY; users with modify permissions: dke; groups with modify permissions: EMPTY
[2024-12-05T23:07:16.529+0900] {subprocess.py:106} INFO - 24/12/05 23:07:16 INFO Client: Submitting application application_1733127595631_0087 to ResourceManager
[2024-12-05T23:07:16.574+0900] {subprocess.py:106} INFO - 24/12/05 23:07:16 INFO YarnClientImpl: Submitted application application_1733127595631_0087
[2024-12-05T23:07:17.577+0900] {subprocess.py:106} INFO - 24/12/05 23:07:17 INFO Client: Application report for application_1733127595631_0087 (state: ACCEPTED)
[2024-12-05T23:07:17.580+0900] {subprocess.py:106} INFO - 24/12/05 23:07:17 INFO Client:
[2024-12-05T23:07:17.581+0900] {subprocess.py:106} INFO - 	 client token: N/A
[2024-12-05T23:07:17.581+0900] {subprocess.py:106} INFO - 	 diagnostics: AM container is launched, waiting for AM container to Register with RM
[2024-12-05T23:07:17.582+0900] {subprocess.py:106} INFO - 	 ApplicationMaster host: N/A
[2024-12-05T23:07:17.582+0900] {subprocess.py:106} INFO - 	 ApplicationMaster RPC port: -1
[2024-12-05T23:07:17.582+0900] {subprocess.py:106} INFO - 	 queue: root.default
[2024-12-05T23:07:17.582+0900] {subprocess.py:106} INFO - 	 start time: 1733407636552
[2024-12-05T23:07:17.583+0900] {subprocess.py:106} INFO - 	 final status: UNDEFINED
[2024-12-05T23:07:17.583+0900] {subprocess.py:106} INFO - 	 tracking URL: http://MN:8088/proxy/application_1733127595631_0087/
[2024-12-05T23:07:17.583+0900] {subprocess.py:106} INFO - 	 user: dke
[2024-12-05T23:07:40.609+0900] {subprocess.py:106} INFO - 24/12/05 23:07:40 INFO Client: Application report for application_1733127595631_0087 (state: RUNNING)
[2024-12-05T23:07:40.610+0900] {subprocess.py:106} INFO - 24/12/05 23:07:40 INFO Client:
[2024-12-05T23:07:40.610+0900] {subprocess.py:106} INFO - 	 client token: N/A
[2024-12-05T23:07:40.610+0900] {subprocess.py:106} INFO - 	 diagnostics: N/A
[2024-12-05T23:07:40.611+0900] {subprocess.py:106} INFO - 	 ApplicationMaster host: SN04
[2024-12-05T23:07:40.611+0900] {subprocess.py:106} INFO - 	 ApplicationMaster RPC port: 45397
[2024-12-05T23:07:40.611+0900] {subprocess.py:106} INFO - 	 queue: root.default
[2024-12-05T23:07:40.612+0900] {subprocess.py:106} INFO - 	 start time: 1733407636552
[2024-12-05T23:07:40.612+0900] {subprocess.py:106} INFO - 	 final status: UNDEFINED
[2024-12-05T23:07:40.612+0900] {subprocess.py:106} INFO - 	 tracking URL: http://MN:8088/proxy/application_1733127595631_0087/
[2024-12-05T23:07:40.613+0900] {subprocess.py:106} INFO - 	 user: dke
[2024-12-05T23:08:10.646+0900] {subprocess.py:106} INFO - 24/12/05 23:08:10 INFO Client: Application report for application_1733127595631_0087 (state: RUNNING)
[2024-12-05T23:08:27.666+0900] {subprocess.py:106} INFO - 24/12/05 23:08:27 INFO Client: Application report for application_1733127595631_0087 (state: FINISHED)
[2024-12-05T23:08:27.667+0900] {subprocess.py:106} INFO - 24/12/05 23:08:27 INFO Client:
[2024-12-05T23:08:27.667+0900] {subprocess.py:106} INFO - 	 client token: N/A
[2024-12-05T23:08:27.668+0900] {subprocess.py:106} INFO - 	 diagnostics: N/A
[2024-12-05T23:08:27.668+0900] {subprocess.py:106} INFO - 	 ApplicationMaster host: SN04
[2024-12-05T23:08:27.668+0900] {subprocess.py:106} INFO - 	 ApplicationMaster RPC port: 45397
[2024-12-05T23:08:27.668+0900] {subprocess.py:106} INFO - 	 queue: root.default
[2024-12-05T23:08:27.669+0900] {subprocess.py:106} INFO - 	 start time: 1733407636552
[2024-12-05T23:08:27.669+0900] {subprocess.py:106} INFO - 	 final status: SUCCEEDED
[2024-12-05T23:08:27.669+0900] {subprocess.py:106} INFO - 	 tracking URL: http://MN:8088/proxy/application_1733127595631_0087/
[2024-12-05T23:08:27.669+0900] {subprocess.py:106} INFO - 	 user: dke
[2024-12-05T23:08:27.676+0900] {subprocess.py:106} INFO - 24/12/05 23:08:27 INFO ShutdownHookManager: Shutdown hook called
[2024-12-05T23:08:27.677+0900] {subprocess.py:106} INFO - 24/12/05 23:08:27 INFO ShutdownHookManager: Deleting directory /tmp/spark-18e69372-3dd2-456d-944b-23a4cd63e53a
[2024-12-05T23:08:27.680+0900] {subprocess.py:106} INFO - 24/12/05 23:08:27 INFO ShutdownHookManager: Deleting directory /tmp/spark-5b4ad78b-7194-46e3-8301-b627dbc881de
[2024-12-05T23:08:28.038+0900] {subprocess.py:110} INFO - Command exited with return code 0
[2024-12-05T23:08:28.061+0900] {taskinstance.py:340} INFO - ::group::Post task execution logs
[2024-12-05T23:08:28.061+0900] {taskinstance.py:352} INFO - Marking task as SUCCESS. dag_id=process_and_upload_json_to_hdfs, task_id=run_make_model, run_id=scheduled__2024-12-05T13:00:00+00:00, execution_date=20241205T130000, start_date=20241205T140639, end_date=20241205T140828
[2024-12-05T23:08:28.112+0900] {local_task_job_runner.py:266} INFO - Task exited with return code 0
[2024-12-05T23:08:28.123+0900] {taskinstance.py:3895} INFO - 0 downstream tasks scheduled from follow-on schedule check
[2024-12-05T23:08:28.123+0900] {local_task_job_runner.py:245} INFO - ::endgroup::
