[2024-12-03T22:06:37.536+0900] {local_task_job_runner.py:123} INFO - ::group::Pre task execution logs
[2024-12-03T22:06:37.546+0900] {taskinstance.py:2613} INFO - Dependencies all met for dep_context=non-requeueable deps ti=<TaskInstance: process_and_upload_json_to_hdfs.run_make_model scheduled__2024-12-03T12:00:00+00:00 [queued]>
[2024-12-03T22:06:37.553+0900] {taskinstance.py:2613} INFO - Dependencies all met for dep_context=requeueable deps ti=<TaskInstance: process_and_upload_json_to_hdfs.run_make_model scheduled__2024-12-03T12:00:00+00:00 [queued]>
[2024-12-03T22:06:37.553+0900] {taskinstance.py:2866} INFO - Starting attempt 1 of 2
[2024-12-03T22:06:37.569+0900] {taskinstance.py:2889} INFO - Executing <Task(BashOperator): run_make_model> on 2024-12-03 12:00:00+00:00
[2024-12-03T22:06:37.572+0900] {standard_task_runner.py:72} INFO - Started process 568858 to run task
[2024-12-03T22:06:37.575+0900] {standard_task_runner.py:104} INFO - Running: ['airflow', 'tasks', 'run', 'process_and_upload_json_to_hdfs', 'run_make_model', 'scheduled__2024-12-03T12:00:00+00:00', '--job-id', '486', '--raw', '--subdir', 'DAGS_FOLDER/data_to_hdfs.py', '--cfg-path', '/tmp/tmppxbea10q']
[2024-12-03T22:06:37.577+0900] {standard_task_runner.py:105} INFO - Job 486: Subtask run_make_model
[2024-12-03T22:06:37.610+0900] {task_command.py:467} INFO - Running <TaskInstance: process_and_upload_json_to_hdfs.run_make_model scheduled__2024-12-03T12:00:00+00:00 [running]> on host MN
[2024-12-03T22:06:37.677+0900] {taskinstance.py:3132} INFO - Exporting env vars: AIRFLOW_CTX_DAG_OWNER='airflow' AIRFLOW_CTX_DAG_ID='process_and_upload_json_to_hdfs' AIRFLOW_CTX_TASK_ID='run_make_model' AIRFLOW_CTX_EXECUTION_DATE='2024-12-03T12:00:00+00:00' AIRFLOW_CTX_TRY_NUMBER='1' AIRFLOW_CTX_DAG_RUN_ID='scheduled__2024-12-03T12:00:00+00:00'
[2024-12-03T22:06:37.677+0900] {taskinstance.py:731} INFO - ::endgroup::
[2024-12-03T22:06:37.691+0900] {subprocess.py:78} INFO - Tmp dir root location: /tmp
[2024-12-03T22:06:37.692+0900] {subprocess.py:88} INFO - Running command: ['/usr/bin/bash', '-c', '/laewon/spark/bin/spark-submit --master yarn --deploy-mode cluster /laewon/Riot/make_model.py']
[2024-12-03T22:06:37.698+0900] {subprocess.py:99} INFO - Output:
[2024-12-03T22:06:39.962+0900] {subprocess.py:106} INFO - 24/12/03 22:06:39 INFO DefaultNoHARMFailoverProxyProvider: Connecting to ResourceManager at MN/192.168.4.7:8032
[2024-12-03T22:06:40.671+0900] {subprocess.py:106} INFO - 24/12/03 22:06:40 INFO Configuration: resource-types.xml not found
[2024-12-03T22:06:40.671+0900] {subprocess.py:106} INFO - 24/12/03 22:06:40 INFO ResourceUtils: Unable to find 'resource-types.xml'.
[2024-12-03T22:06:40.685+0900] {subprocess.py:106} INFO - 24/12/03 22:06:40 INFO Client: Verifying our application has not requested more than the maximum memory capability of the cluster (819200 MB per container)
[2024-12-03T22:06:40.686+0900] {subprocess.py:106} INFO - 24/12/03 22:06:40 INFO Client: Will allocate AM container, with 1408 MB memory including 384 MB overhead
[2024-12-03T22:06:40.687+0900] {subprocess.py:106} INFO - 24/12/03 22:06:40 INFO Client: Setting up container launch context for our AM
[2024-12-03T22:06:40.690+0900] {subprocess.py:106} INFO - 24/12/03 22:06:40 INFO Client: Setting up the launch environment for our AM container
[2024-12-03T22:06:40.702+0900] {subprocess.py:106} INFO - 24/12/03 22:06:40 INFO Client: Preparing resources for our AM container
[2024-12-03T22:06:40.736+0900] {subprocess.py:106} INFO - 24/12/03 22:06:40 WARN Client: Neither spark.yarn.jars nor spark.yarn.archive is set, falling back to uploading libraries under SPARK_HOME.
[2024-12-03T22:06:43.579+0900] {subprocess.py:106} INFO - 24/12/03 22:06:43 INFO Client: Uploading resource file:/tmp/spark-75a5628e-1611-4327-90f4-547ad4d3b8c7/__spark_libs__15194238951856010402.zip -> hdfs://MN:9000/user/dke/.sparkStaging/application_1733127595631_0038/__spark_libs__15194238951856010402.zip
[2024-12-03T22:07:13.905+0900] {subprocess.py:106} INFO - 24/12/03 22:07:13 INFO Client: Uploading resource file:/laewon/Riot/make_model.py -> hdfs://MN:9000/user/dke/.sparkStaging/application_1733127595631_0038/make_model.py
[2024-12-03T22:07:13.943+0900] {subprocess.py:106} INFO - 24/12/03 22:07:13 INFO Client: Uploading resource file:/laewon/spark-3.5.1-bin-hadoop3/python/lib/pyspark.zip -> hdfs://MN:9000/user/dke/.sparkStaging/application_1733127595631_0038/pyspark.zip
[2024-12-03T22:07:14.207+0900] {subprocess.py:106} INFO - 24/12/03 22:07:14 INFO Client: Uploading resource file:/laewon/spark-3.5.1-bin-hadoop3/python/lib/py4j-0.10.9.7-src.zip -> hdfs://MN:9000/user/dke/.sparkStaging/application_1733127595631_0038/py4j-0.10.9.7-src.zip
[2024-12-03T22:07:14.407+0900] {subprocess.py:106} INFO - 24/12/03 22:07:14 INFO Client: Uploading resource file:/tmp/spark-75a5628e-1611-4327-90f4-547ad4d3b8c7/__spark_conf__2788858203858096631.zip -> hdfs://MN:9000/user/dke/.sparkStaging/application_1733127595631_0038/__spark_conf__.zip
[2024-12-03T22:07:14.484+0900] {subprocess.py:106} INFO - 24/12/03 22:07:14 INFO SecurityManager: Changing view acls to: dke
[2024-12-03T22:07:14.484+0900] {subprocess.py:106} INFO - 24/12/03 22:07:14 INFO SecurityManager: Changing modify acls to: dke
[2024-12-03T22:07:14.485+0900] {subprocess.py:106} INFO - 24/12/03 22:07:14 INFO SecurityManager: Changing view acls groups to:
[2024-12-03T22:07:14.485+0900] {subprocess.py:106} INFO - 24/12/03 22:07:14 INFO SecurityManager: Changing modify acls groups to:
[2024-12-03T22:07:14.485+0900] {subprocess.py:106} INFO - 24/12/03 22:07:14 INFO SecurityManager: SecurityManager: authentication disabled; ui acls disabled; users with view permissions: dke; groups with view permissions: EMPTY; users with modify permissions: dke; groups with modify permissions: EMPTY
[2024-12-03T22:07:14.522+0900] {subprocess.py:106} INFO - 24/12/03 22:07:14 INFO Client: Submitting application application_1733127595631_0038 to ResourceManager
[2024-12-03T22:07:14.567+0900] {subprocess.py:106} INFO - 24/12/03 22:07:14 INFO YarnClientImpl: Submitted application application_1733127595631_0038
[2024-12-03T22:07:15.569+0900] {subprocess.py:106} INFO - 24/12/03 22:07:15 INFO Client: Application report for application_1733127595631_0038 (state: ACCEPTED)
[2024-12-03T22:07:15.573+0900] {subprocess.py:106} INFO - 24/12/03 22:07:15 INFO Client:
[2024-12-03T22:07:15.573+0900] {subprocess.py:106} INFO - 	 client token: N/A
[2024-12-03T22:07:15.573+0900] {subprocess.py:106} INFO - 	 diagnostics: AM container is launched, waiting for AM container to Register with RM
[2024-12-03T22:07:15.574+0900] {subprocess.py:106} INFO - 	 ApplicationMaster host: N/A
[2024-12-03T22:07:15.574+0900] {subprocess.py:106} INFO - 	 ApplicationMaster RPC port: -1
[2024-12-03T22:07:15.574+0900] {subprocess.py:106} INFO - 	 queue: root.default
[2024-12-03T22:07:15.574+0900] {subprocess.py:106} INFO - 	 start time: 1733231234545
[2024-12-03T22:07:15.575+0900] {subprocess.py:106} INFO - 	 final status: UNDEFINED
[2024-12-03T22:07:15.575+0900] {subprocess.py:106} INFO - 	 tracking URL: http://MN:8088/proxy/application_1733127595631_0038/
[2024-12-03T22:07:15.575+0900] {subprocess.py:106} INFO - 	 user: dke
[2024-12-03T22:07:40.608+0900] {subprocess.py:106} INFO - 24/12/03 22:07:40 INFO Client: Application report for application_1733127595631_0038 (state: RUNNING)
[2024-12-03T22:07:40.608+0900] {subprocess.py:106} INFO - 24/12/03 22:07:40 INFO Client:
[2024-12-03T22:07:40.608+0900] {subprocess.py:106} INFO - 	 client token: N/A
[2024-12-03T22:07:40.609+0900] {subprocess.py:106} INFO - 	 diagnostics: N/A
[2024-12-03T22:07:40.609+0900] {subprocess.py:106} INFO - 	 ApplicationMaster host: SN01
[2024-12-03T22:07:40.609+0900] {subprocess.py:106} INFO - 	 ApplicationMaster RPC port: 34953
[2024-12-03T22:07:40.609+0900] {subprocess.py:106} INFO - 	 queue: root.default
[2024-12-03T22:07:40.610+0900] {subprocess.py:106} INFO - 	 start time: 1733231234545
[2024-12-03T22:07:40.610+0900] {subprocess.py:106} INFO - 	 final status: UNDEFINED
[2024-12-03T22:07:40.610+0900] {subprocess.py:106} INFO - 	 tracking URL: http://MN:8088/proxy/application_1733127595631_0038/
[2024-12-03T22:07:40.611+0900] {subprocess.py:106} INFO - 	 user: dke
[2024-12-03T22:08:10.646+0900] {subprocess.py:106} INFO - 24/12/03 22:08:10 INFO Client: Application report for application_1733127595631_0038 (state: RUNNING)
[2024-12-03T22:08:34.676+0900] {subprocess.py:106} INFO - 24/12/03 22:08:34 INFO Client: Application report for application_1733127595631_0038 (state: FINISHED)
[2024-12-03T22:08:34.677+0900] {subprocess.py:106} INFO - 24/12/03 22:08:34 INFO Client:
[2024-12-03T22:08:34.677+0900] {subprocess.py:106} INFO - 	 client token: N/A
[2024-12-03T22:08:34.677+0900] {subprocess.py:106} INFO - 	 diagnostics: N/A
[2024-12-03T22:08:34.678+0900] {subprocess.py:106} INFO - 	 ApplicationMaster host: SN01
[2024-12-03T22:08:34.678+0900] {subprocess.py:106} INFO - 	 ApplicationMaster RPC port: 34953
[2024-12-03T22:08:34.678+0900] {subprocess.py:106} INFO - 	 queue: root.default
[2024-12-03T22:08:34.678+0900] {subprocess.py:106} INFO - 	 start time: 1733231234545
[2024-12-03T22:08:34.678+0900] {subprocess.py:106} INFO - 	 final status: SUCCEEDED
[2024-12-03T22:08:34.679+0900] {subprocess.py:106} INFO - 	 tracking URL: http://MN:8088/proxy/application_1733127595631_0038/
[2024-12-03T22:08:34.679+0900] {subprocess.py:106} INFO - 	 user: dke
[2024-12-03T22:08:34.686+0900] {subprocess.py:106} INFO - 24/12/03 22:08:34 INFO Client: Deleted staging directory hdfs://MN:9000/user/dke/.sparkStaging/application_1733127595631_0038
[2024-12-03T22:08:34.690+0900] {subprocess.py:106} INFO - 24/12/03 22:08:34 INFO ShutdownHookManager: Shutdown hook called
[2024-12-03T22:08:34.691+0900] {subprocess.py:106} INFO - 24/12/03 22:08:34 INFO ShutdownHookManager: Deleting directory /tmp/spark-75a5628e-1611-4327-90f4-547ad4d3b8c7
[2024-12-03T22:08:34.694+0900] {subprocess.py:106} INFO - 24/12/03 22:08:34 INFO ShutdownHookManager: Deleting directory /tmp/spark-8a0641d5-9958-4418-9fe5-395a13c03f2e
[2024-12-03T22:08:35.049+0900] {subprocess.py:110} INFO - Command exited with return code 0
[2024-12-03T22:08:35.072+0900] {taskinstance.py:340} INFO - ::group::Post task execution logs
[2024-12-03T22:08:35.072+0900] {taskinstance.py:352} INFO - Marking task as SUCCESS. dag_id=process_and_upload_json_to_hdfs, task_id=run_make_model, run_id=scheduled__2024-12-03T12:00:00+00:00, execution_date=20241203T120000, start_date=20241203T130637, end_date=20241203T130835
[2024-12-03T22:08:35.098+0900] {local_task_job_runner.py:266} INFO - Task exited with return code 0
[2024-12-03T22:08:35.108+0900] {taskinstance.py:3895} INFO - 0 downstream tasks scheduled from follow-on schedule check
[2024-12-03T22:08:35.108+0900] {local_task_job_runner.py:245} INFO - ::endgroup::
