[2024-12-03T06:06:37.551+0900] {local_task_job_runner.py:123} INFO - ::group::Pre task execution logs
[2024-12-03T06:06:37.561+0900] {taskinstance.py:2613} INFO - Dependencies all met for dep_context=non-requeueable deps ti=<TaskInstance: process_and_upload_json_to_hdfs.run_make_model scheduled__2024-12-02T20:00:00+00:00 [queued]>
[2024-12-03T06:06:37.567+0900] {taskinstance.py:2613} INFO - Dependencies all met for dep_context=requeueable deps ti=<TaskInstance: process_and_upload_json_to_hdfs.run_make_model scheduled__2024-12-02T20:00:00+00:00 [queued]>
[2024-12-03T06:06:37.568+0900] {taskinstance.py:2866} INFO - Starting attempt 1 of 2
[2024-12-03T06:06:37.583+0900] {taskinstance.py:2889} INFO - Executing <Task(BashOperator): run_make_model> on 2024-12-02 20:00:00+00:00
[2024-12-03T06:06:37.586+0900] {standard_task_runner.py:72} INFO - Started process 239692 to run task
[2024-12-03T06:06:37.589+0900] {standard_task_runner.py:104} INFO - Running: ['airflow', 'tasks', 'run', 'process_and_upload_json_to_hdfs', 'run_make_model', 'scheduled__2024-12-02T20:00:00+00:00', '--job-id', '420', '--raw', '--subdir', 'DAGS_FOLDER/data_to_hdfs.py', '--cfg-path', '/tmp/tmp0cqpyo86']
[2024-12-03T06:06:37.591+0900] {standard_task_runner.py:105} INFO - Job 420: Subtask run_make_model
[2024-12-03T06:06:37.624+0900] {task_command.py:467} INFO - Running <TaskInstance: process_and_upload_json_to_hdfs.run_make_model scheduled__2024-12-02T20:00:00+00:00 [running]> on host MN
[2024-12-03T06:06:37.690+0900] {taskinstance.py:3132} INFO - Exporting env vars: AIRFLOW_CTX_DAG_OWNER='airflow' AIRFLOW_CTX_DAG_ID='process_and_upload_json_to_hdfs' AIRFLOW_CTX_TASK_ID='run_make_model' AIRFLOW_CTX_EXECUTION_DATE='2024-12-02T20:00:00+00:00' AIRFLOW_CTX_TRY_NUMBER='1' AIRFLOW_CTX_DAG_RUN_ID='scheduled__2024-12-02T20:00:00+00:00'
[2024-12-03T06:06:37.691+0900] {taskinstance.py:731} INFO - ::endgroup::
[2024-12-03T06:06:37.705+0900] {subprocess.py:78} INFO - Tmp dir root location: /tmp
[2024-12-03T06:06:37.706+0900] {subprocess.py:88} INFO - Running command: ['/usr/bin/bash', '-c', '/laewon/spark/bin/spark-submit --master yarn --deploy-mode cluster /laewon/Riot/make_model.py']
[2024-12-03T06:06:37.712+0900] {subprocess.py:99} INFO - Output:
[2024-12-03T06:06:39.963+0900] {subprocess.py:106} INFO - 24/12/03 06:06:39 INFO DefaultNoHARMFailoverProxyProvider: Connecting to ResourceManager at MN/192.168.4.7:8032
[2024-12-03T06:06:40.659+0900] {subprocess.py:106} INFO - 24/12/03 06:06:40 INFO Configuration: resource-types.xml not found
[2024-12-03T06:06:40.660+0900] {subprocess.py:106} INFO - 24/12/03 06:06:40 INFO ResourceUtils: Unable to find 'resource-types.xml'.
[2024-12-03T06:06:40.673+0900] {subprocess.py:106} INFO - 24/12/03 06:06:40 INFO Client: Verifying our application has not requested more than the maximum memory capability of the cluster (819200 MB per container)
[2024-12-03T06:06:40.674+0900] {subprocess.py:106} INFO - 24/12/03 06:06:40 INFO Client: Will allocate AM container, with 1408 MB memory including 384 MB overhead
[2024-12-03T06:06:40.675+0900] {subprocess.py:106} INFO - 24/12/03 06:06:40 INFO Client: Setting up container launch context for our AM
[2024-12-03T06:06:40.678+0900] {subprocess.py:106} INFO - 24/12/03 06:06:40 INFO Client: Setting up the launch environment for our AM container
[2024-12-03T06:06:40.689+0900] {subprocess.py:106} INFO - 24/12/03 06:06:40 INFO Client: Preparing resources for our AM container
[2024-12-03T06:06:40.723+0900] {subprocess.py:106} INFO - 24/12/03 06:06:40 WARN Client: Neither spark.yarn.jars nor spark.yarn.archive is set, falling back to uploading libraries under SPARK_HOME.
[2024-12-03T06:06:43.540+0900] {subprocess.py:106} INFO - 24/12/03 06:06:43 INFO Client: Uploading resource file:/tmp/spark-337cc8ab-8491-48e1-ac5f-78c9ed74cf72/__spark_libs__12572939722042553581.zip -> hdfs://MN:9000/user/dke/.sparkStaging/application_1733127595631_0016/__spark_libs__12572939722042553581.zip
[2024-12-03T06:07:13.334+0900] {subprocess.py:106} INFO - 24/12/03 06:07:13 INFO Client: Uploading resource file:/laewon/Riot/make_model.py -> hdfs://MN:9000/user/dke/.sparkStaging/application_1733127595631_0016/make_model.py
[2024-12-03T06:07:13.370+0900] {subprocess.py:106} INFO - 24/12/03 06:07:13 INFO Client: Uploading resource file:/laewon/spark-3.5.1-bin-hadoop3/python/lib/pyspark.zip -> hdfs://MN:9000/user/dke/.sparkStaging/application_1733127595631_0016/pyspark.zip
[2024-12-03T06:07:13.643+0900] {subprocess.py:106} INFO - 24/12/03 06:07:13 INFO Client: Uploading resource file:/laewon/spark-3.5.1-bin-hadoop3/python/lib/py4j-0.10.9.7-src.zip -> hdfs://MN:9000/user/dke/.sparkStaging/application_1733127595631_0016/py4j-0.10.9.7-src.zip
[2024-12-03T06:07:13.845+0900] {subprocess.py:106} INFO - 24/12/03 06:07:13 INFO Client: Uploading resource file:/tmp/spark-337cc8ab-8491-48e1-ac5f-78c9ed74cf72/__spark_conf__6892749123646884427.zip -> hdfs://MN:9000/user/dke/.sparkStaging/application_1733127595631_0016/__spark_conf__.zip
[2024-12-03T06:07:13.938+0900] {subprocess.py:106} INFO - 24/12/03 06:07:13 INFO SecurityManager: Changing view acls to: dke
[2024-12-03T06:07:13.938+0900] {subprocess.py:106} INFO - 24/12/03 06:07:13 INFO SecurityManager: Changing modify acls to: dke
[2024-12-03T06:07:13.938+0900] {subprocess.py:106} INFO - 24/12/03 06:07:13 INFO SecurityManager: Changing view acls groups to:
[2024-12-03T06:07:13.939+0900] {subprocess.py:106} INFO - 24/12/03 06:07:13 INFO SecurityManager: Changing modify acls groups to:
[2024-12-03T06:07:13.939+0900] {subprocess.py:106} INFO - 24/12/03 06:07:13 INFO SecurityManager: SecurityManager: authentication disabled; ui acls disabled; users with view permissions: dke; groups with view permissions: EMPTY; users with modify permissions: dke; groups with modify permissions: EMPTY
[2024-12-03T06:07:13.976+0900] {subprocess.py:106} INFO - 24/12/03 06:07:13 INFO Client: Submitting application application_1733127595631_0016 to ResourceManager
[2024-12-03T06:07:14.029+0900] {subprocess.py:106} INFO - 24/12/03 06:07:14 INFO YarnClientImpl: Submitted application application_1733127595631_0016
[2024-12-03T06:07:15.032+0900] {subprocess.py:106} INFO - 24/12/03 06:07:15 INFO Client: Application report for application_1733127595631_0016 (state: ACCEPTED)
[2024-12-03T06:07:15.035+0900] {subprocess.py:106} INFO - 24/12/03 06:07:15 INFO Client:
[2024-12-03T06:07:15.035+0900] {subprocess.py:106} INFO - 	 client token: N/A
[2024-12-03T06:07:15.036+0900] {subprocess.py:106} INFO - 	 diagnostics: AM container is launched, waiting for AM container to Register with RM
[2024-12-03T06:07:15.036+0900] {subprocess.py:106} INFO - 	 ApplicationMaster host: N/A
[2024-12-03T06:07:15.036+0900] {subprocess.py:106} INFO - 	 ApplicationMaster RPC port: -1
[2024-12-03T06:07:15.036+0900] {subprocess.py:106} INFO - 	 queue: root.default
[2024-12-03T06:07:15.037+0900] {subprocess.py:106} INFO - 	 start time: 1733173633999
[2024-12-03T06:07:15.037+0900] {subprocess.py:106} INFO - 	 final status: UNDEFINED
[2024-12-03T06:07:15.037+0900] {subprocess.py:106} INFO - 	 tracking URL: http://MN:8088/proxy/application_1733127595631_0016/
[2024-12-03T06:07:15.037+0900] {subprocess.py:106} INFO - 	 user: dke
[2024-12-03T06:07:22.045+0900] {subprocess.py:106} INFO - 24/12/03 06:07:22 INFO Client: Application report for application_1733127595631_0016 (state: RUNNING)
[2024-12-03T06:07:22.045+0900] {subprocess.py:106} INFO - 24/12/03 06:07:22 INFO Client:
[2024-12-03T06:07:22.046+0900] {subprocess.py:106} INFO - 	 client token: N/A
[2024-12-03T06:07:22.046+0900] {subprocess.py:106} INFO - 	 diagnostics: N/A
[2024-12-03T06:07:22.046+0900] {subprocess.py:106} INFO - 	 ApplicationMaster host: SN02
[2024-12-03T06:07:22.046+0900] {subprocess.py:106} INFO - 	 ApplicationMaster RPC port: 36863
[2024-12-03T06:07:22.047+0900] {subprocess.py:106} INFO - 	 queue: root.default
[2024-12-03T06:07:22.047+0900] {subprocess.py:106} INFO - 	 start time: 1733173633999
[2024-12-03T06:07:22.047+0900] {subprocess.py:106} INFO - 	 final status: UNDEFINED
[2024-12-03T06:07:22.047+0900] {subprocess.py:106} INFO - 	 tracking URL: http://MN:8088/proxy/application_1733127595631_0016/
[2024-12-03T06:07:22.048+0900] {subprocess.py:106} INFO - 	 user: dke
[2024-12-03T06:07:52.086+0900] {subprocess.py:106} INFO - 24/12/03 06:07:52 INFO Client: Application report for application_1733127595631_0016 (state: RUNNING)
[2024-12-03T06:08:06.104+0900] {subprocess.py:106} INFO - 24/12/03 06:08:06 INFO Client: Application report for application_1733127595631_0016 (state: FINISHED)
[2024-12-03T06:08:06.105+0900] {subprocess.py:106} INFO - 24/12/03 06:08:06 INFO Client:
[2024-12-03T06:08:06.105+0900] {subprocess.py:106} INFO - 	 client token: N/A
[2024-12-03T06:08:06.106+0900] {subprocess.py:106} INFO - 	 diagnostics: N/A
[2024-12-03T06:08:06.106+0900] {subprocess.py:106} INFO - 	 ApplicationMaster host: SN02
[2024-12-03T06:08:06.107+0900] {subprocess.py:106} INFO - 	 ApplicationMaster RPC port: 36863
[2024-12-03T06:08:06.107+0900] {subprocess.py:106} INFO - 	 queue: root.default
[2024-12-03T06:08:06.107+0900] {subprocess.py:106} INFO - 	 start time: 1733173633999
[2024-12-03T06:08:06.108+0900] {subprocess.py:106} INFO - 	 final status: SUCCEEDED
[2024-12-03T06:08:06.108+0900] {subprocess.py:106} INFO - 	 tracking URL: http://MN:8088/proxy/application_1733127595631_0016/
[2024-12-03T06:08:06.108+0900] {subprocess.py:106} INFO - 	 user: dke
[2024-12-03T06:08:06.115+0900] {subprocess.py:106} INFO - 24/12/03 06:08:06 INFO ShutdownHookManager: Shutdown hook called
[2024-12-03T06:08:06.116+0900] {subprocess.py:106} INFO - 24/12/03 06:08:06 INFO ShutdownHookManager: Deleting directory /tmp/spark-337cc8ab-8491-48e1-ac5f-78c9ed74cf72
[2024-12-03T06:08:06.119+0900] {subprocess.py:106} INFO - 24/12/03 06:08:06 INFO ShutdownHookManager: Deleting directory /tmp/spark-47fd6572-0c0a-4608-ad63-6928613e3d46
[2024-12-03T06:08:06.474+0900] {subprocess.py:110} INFO - Command exited with return code 0
[2024-12-03T06:08:06.497+0900] {taskinstance.py:340} INFO - ::group::Post task execution logs
[2024-12-03T06:08:06.498+0900] {taskinstance.py:352} INFO - Marking task as SUCCESS. dag_id=process_and_upload_json_to_hdfs, task_id=run_make_model, run_id=scheduled__2024-12-02T20:00:00+00:00, execution_date=20241202T200000, start_date=20241202T210637, end_date=20241202T210806
[2024-12-03T06:08:06.553+0900] {local_task_job_runner.py:266} INFO - Task exited with return code 0
[2024-12-03T06:08:06.563+0900] {taskinstance.py:3895} INFO - 0 downstream tasks scheduled from follow-on schedule check
[2024-12-03T06:08:06.564+0900] {local_task_job_runner.py:245} INFO - ::endgroup::
