[2024-12-04T00:06:52.666+0900] {local_task_job_runner.py:123} INFO - ::group::Pre task execution logs
[2024-12-04T00:06:52.676+0900] {taskinstance.py:2613} INFO - Dependencies all met for dep_context=non-requeueable deps ti=<TaskInstance: process_and_upload_json_to_hdfs.run_make_model scheduled__2024-12-03T14:00:00+00:00 [queued]>
[2024-12-04T00:06:52.683+0900] {taskinstance.py:2613} INFO - Dependencies all met for dep_context=requeueable deps ti=<TaskInstance: process_and_upload_json_to_hdfs.run_make_model scheduled__2024-12-03T14:00:00+00:00 [queued]>
[2024-12-04T00:06:52.683+0900] {taskinstance.py:2866} INFO - Starting attempt 1 of 2
[2024-12-04T00:06:52.698+0900] {taskinstance.py:2889} INFO - Executing <Task(BashOperator): run_make_model> on 2024-12-03 14:00:00+00:00
[2024-12-04T00:06:52.702+0900] {standard_task_runner.py:72} INFO - Started process 624947 to run task
[2024-12-04T00:06:52.705+0900] {standard_task_runner.py:104} INFO - Running: ['airflow', 'tasks', 'run', 'process_and_upload_json_to_hdfs', 'run_make_model', 'scheduled__2024-12-03T14:00:00+00:00', '--job-id', '494', '--raw', '--subdir', 'DAGS_FOLDER/data_to_hdfs.py', '--cfg-path', '/tmp/tmp906ia5tr']
[2024-12-04T00:06:52.707+0900] {standard_task_runner.py:105} INFO - Job 494: Subtask run_make_model
[2024-12-04T00:06:52.739+0900] {task_command.py:467} INFO - Running <TaskInstance: process_and_upload_json_to_hdfs.run_make_model scheduled__2024-12-03T14:00:00+00:00 [running]> on host MN
[2024-12-04T00:06:52.806+0900] {taskinstance.py:3132} INFO - Exporting env vars: AIRFLOW_CTX_DAG_OWNER='airflow' AIRFLOW_CTX_DAG_ID='process_and_upload_json_to_hdfs' AIRFLOW_CTX_TASK_ID='run_make_model' AIRFLOW_CTX_EXECUTION_DATE='2024-12-03T14:00:00+00:00' AIRFLOW_CTX_TRY_NUMBER='1' AIRFLOW_CTX_DAG_RUN_ID='scheduled__2024-12-03T14:00:00+00:00'
[2024-12-04T00:06:52.807+0900] {taskinstance.py:731} INFO - ::endgroup::
[2024-12-04T00:06:52.821+0900] {subprocess.py:78} INFO - Tmp dir root location: /tmp
[2024-12-04T00:06:52.821+0900] {subprocess.py:88} INFO - Running command: ['/usr/bin/bash', '-c', '/laewon/spark/bin/spark-submit --master yarn --deploy-mode cluster /laewon/Riot/make_model.py']
[2024-12-04T00:06:52.827+0900] {subprocess.py:99} INFO - Output:
[2024-12-04T00:06:55.073+0900] {subprocess.py:106} INFO - 24/12/04 00:06:55 INFO DefaultNoHARMFailoverProxyProvider: Connecting to ResourceManager at MN/192.168.4.7:8032
[2024-12-04T00:06:55.777+0900] {subprocess.py:106} INFO - 24/12/04 00:06:55 INFO Configuration: resource-types.xml not found
[2024-12-04T00:06:55.777+0900] {subprocess.py:106} INFO - 24/12/04 00:06:55 INFO ResourceUtils: Unable to find 'resource-types.xml'.
[2024-12-04T00:06:55.792+0900] {subprocess.py:106} INFO - 24/12/04 00:06:55 INFO Client: Verifying our application has not requested more than the maximum memory capability of the cluster (819200 MB per container)
[2024-12-04T00:06:55.793+0900] {subprocess.py:106} INFO - 24/12/04 00:06:55 INFO Client: Will allocate AM container, with 1408 MB memory including 384 MB overhead
[2024-12-04T00:06:55.793+0900] {subprocess.py:106} INFO - 24/12/04 00:06:55 INFO Client: Setting up container launch context for our AM
[2024-12-04T00:06:55.797+0900] {subprocess.py:106} INFO - 24/12/04 00:06:55 INFO Client: Setting up the launch environment for our AM container
[2024-12-04T00:06:55.808+0900] {subprocess.py:106} INFO - 24/12/04 00:06:55 INFO Client: Preparing resources for our AM container
[2024-12-04T00:06:55.843+0900] {subprocess.py:106} INFO - 24/12/04 00:06:55 WARN Client: Neither spark.yarn.jars nor spark.yarn.archive is set, falling back to uploading libraries under SPARK_HOME.
[2024-12-04T00:06:58.840+0900] {subprocess.py:106} INFO - 24/12/04 00:06:58 INFO Client: Uploading resource file:/tmp/spark-07852967-f173-4856-b6d3-895da66446b6/__spark_libs__6294163671154451239.zip -> hdfs://MN:9000/user/dke/.sparkStaging/application_1733127595631_0040/__spark_libs__6294163671154451239.zip
[2024-12-04T00:07:28.586+0900] {subprocess.py:106} INFO - 24/12/04 00:07:28 INFO Client: Uploading resource file:/laewon/Riot/make_model.py -> hdfs://MN:9000/user/dke/.sparkStaging/application_1733127595631_0040/make_model.py
[2024-12-04T00:07:28.618+0900] {subprocess.py:106} INFO - 24/12/04 00:07:28 INFO Client: Uploading resource file:/laewon/spark-3.5.1-bin-hadoop3/python/lib/pyspark.zip -> hdfs://MN:9000/user/dke/.sparkStaging/application_1733127595631_0040/pyspark.zip
[2024-12-04T00:07:28.875+0900] {subprocess.py:106} INFO - 24/12/04 00:07:28 INFO Client: Uploading resource file:/laewon/spark-3.5.1-bin-hadoop3/python/lib/py4j-0.10.9.7-src.zip -> hdfs://MN:9000/user/dke/.sparkStaging/application_1733127595631_0040/py4j-0.10.9.7-src.zip
[2024-12-04T00:07:29.072+0900] {subprocess.py:106} INFO - 24/12/04 00:07:29 INFO Client: Uploading resource file:/tmp/spark-07852967-f173-4856-b6d3-895da66446b6/__spark_conf__13479823524143319718.zip -> hdfs://MN:9000/user/dke/.sparkStaging/application_1733127595631_0040/__spark_conf__.zip
[2024-12-04T00:07:29.158+0900] {subprocess.py:106} INFO - 24/12/04 00:07:29 INFO SecurityManager: Changing view acls to: dke
[2024-12-04T00:07:29.159+0900] {subprocess.py:106} INFO - 24/12/04 00:07:29 INFO SecurityManager: Changing modify acls to: dke
[2024-12-04T00:07:29.159+0900] {subprocess.py:106} INFO - 24/12/04 00:07:29 INFO SecurityManager: Changing view acls groups to:
[2024-12-04T00:07:29.160+0900] {subprocess.py:106} INFO - 24/12/04 00:07:29 INFO SecurityManager: Changing modify acls groups to:
[2024-12-04T00:07:29.160+0900] {subprocess.py:106} INFO - 24/12/04 00:07:29 INFO SecurityManager: SecurityManager: authentication disabled; ui acls disabled; users with view permissions: dke; groups with view permissions: EMPTY; users with modify permissions: dke; groups with modify permissions: EMPTY
[2024-12-04T00:07:29.200+0900] {subprocess.py:106} INFO - 24/12/04 00:07:29 INFO Client: Submitting application application_1733127595631_0040 to ResourceManager
[2024-12-04T00:07:29.248+0900] {subprocess.py:106} INFO - 24/12/04 00:07:29 INFO YarnClientImpl: Submitted application application_1733127595631_0040
[2024-12-04T00:07:30.250+0900] {subprocess.py:106} INFO - 24/12/04 00:07:30 INFO Client: Application report for application_1733127595631_0040 (state: ACCEPTED)
[2024-12-04T00:07:30.254+0900] {subprocess.py:106} INFO - 24/12/04 00:07:30 INFO Client:
[2024-12-04T00:07:30.254+0900] {subprocess.py:106} INFO - 	 client token: N/A
[2024-12-04T00:07:30.255+0900] {subprocess.py:106} INFO - 	 diagnostics: AM container is launched, waiting for AM container to Register with RM
[2024-12-04T00:07:30.255+0900] {subprocess.py:106} INFO - 	 ApplicationMaster host: N/A
[2024-12-04T00:07:30.256+0900] {subprocess.py:106} INFO - 	 ApplicationMaster RPC port: -1
[2024-12-04T00:07:30.256+0900] {subprocess.py:106} INFO - 	 queue: root.default
[2024-12-04T00:07:30.256+0900] {subprocess.py:106} INFO - 	 start time: 1733238449224
[2024-12-04T00:07:30.256+0900] {subprocess.py:106} INFO - 	 final status: UNDEFINED
[2024-12-04T00:07:30.257+0900] {subprocess.py:106} INFO - 	 tracking URL: http://MN:8088/proxy/application_1733127595631_0040/
[2024-12-04T00:07:30.257+0900] {subprocess.py:106} INFO - 	 user: dke
[2024-12-04T00:08:00.295+0900] {subprocess.py:106} INFO - 24/12/04 00:08:00 INFO Client: Application report for application_1733127595631_0040 (state: ACCEPTED)
[2024-12-04T00:08:03.299+0900] {subprocess.py:106} INFO - 24/12/04 00:08:03 INFO Client: Application report for application_1733127595631_0040 (state: RUNNING)
[2024-12-04T00:08:03.300+0900] {subprocess.py:106} INFO - 24/12/04 00:08:03 INFO Client:
[2024-12-04T00:08:03.300+0900] {subprocess.py:106} INFO - 	 client token: N/A
[2024-12-04T00:08:03.301+0900] {subprocess.py:106} INFO - 	 diagnostics: N/A
[2024-12-04T00:08:03.301+0900] {subprocess.py:106} INFO - 	 ApplicationMaster host: SN03
[2024-12-04T00:08:03.301+0900] {subprocess.py:106} INFO - 	 ApplicationMaster RPC port: 42605
[2024-12-04T00:08:03.302+0900] {subprocess.py:106} INFO - 	 queue: root.default
[2024-12-04T00:08:03.302+0900] {subprocess.py:106} INFO - 	 start time: 1733238449224
[2024-12-04T00:08:03.302+0900] {subprocess.py:106} INFO - 	 final status: UNDEFINED
[2024-12-04T00:08:03.303+0900] {subprocess.py:106} INFO - 	 tracking URL: http://MN:8088/proxy/application_1733127595631_0040/
[2024-12-04T00:08:03.303+0900] {subprocess.py:106} INFO - 	 user: dke
[2024-12-04T00:08:33.338+0900] {subprocess.py:106} INFO - 24/12/04 00:08:33 INFO Client: Application report for application_1733127595631_0040 (state: RUNNING)
[2024-12-04T00:08:47.356+0900] {subprocess.py:106} INFO - 24/12/04 00:08:47 INFO Client: Application report for application_1733127595631_0040 (state: FINISHED)
[2024-12-04T00:08:47.356+0900] {subprocess.py:106} INFO - 24/12/04 00:08:47 INFO Client:
[2024-12-04T00:08:47.357+0900] {subprocess.py:106} INFO - 	 client token: N/A
[2024-12-04T00:08:47.357+0900] {subprocess.py:106} INFO - 	 diagnostics: N/A
[2024-12-04T00:08:47.358+0900] {subprocess.py:106} INFO - 	 ApplicationMaster host: SN03
[2024-12-04T00:08:47.358+0900] {subprocess.py:106} INFO - 	 ApplicationMaster RPC port: 42605
[2024-12-04T00:08:47.358+0900] {subprocess.py:106} INFO - 	 queue: root.default
[2024-12-04T00:08:47.358+0900] {subprocess.py:106} INFO - 	 start time: 1733238449224
[2024-12-04T00:08:47.359+0900] {subprocess.py:106} INFO - 	 final status: SUCCEEDED
[2024-12-04T00:08:47.359+0900] {subprocess.py:106} INFO - 	 tracking URL: http://MN:8088/proxy/application_1733127595631_0040/
[2024-12-04T00:08:47.359+0900] {subprocess.py:106} INFO - 	 user: dke
[2024-12-04T00:08:47.366+0900] {subprocess.py:106} INFO - 24/12/04 00:08:47 INFO Client: Deleted staging directory hdfs://MN:9000/user/dke/.sparkStaging/application_1733127595631_0040
[2024-12-04T00:08:47.370+0900] {subprocess.py:106} INFO - 24/12/04 00:08:47 INFO ShutdownHookManager: Shutdown hook called
[2024-12-04T00:08:47.371+0900] {subprocess.py:106} INFO - 24/12/04 00:08:47 INFO ShutdownHookManager: Deleting directory /tmp/spark-42ca02d2-ac9f-4944-8498-843fdd806a78
[2024-12-04T00:08:47.374+0900] {subprocess.py:106} INFO - 24/12/04 00:08:47 INFO ShutdownHookManager: Deleting directory /tmp/spark-07852967-f173-4856-b6d3-895da66446b6
[2024-12-04T00:08:47.727+0900] {subprocess.py:110} INFO - Command exited with return code 0
[2024-12-04T00:08:47.750+0900] {taskinstance.py:340} INFO - ::group::Post task execution logs
[2024-12-04T00:08:47.751+0900] {taskinstance.py:352} INFO - Marking task as SUCCESS. dag_id=process_and_upload_json_to_hdfs, task_id=run_make_model, run_id=scheduled__2024-12-03T14:00:00+00:00, execution_date=20241203T140000, start_date=20241203T150652, end_date=20241203T150847
[2024-12-04T00:08:47.778+0900] {local_task_job_runner.py:266} INFO - Task exited with return code 0
[2024-12-04T00:08:47.788+0900] {taskinstance.py:3895} INFO - 0 downstream tasks scheduled from follow-on schedule check
[2024-12-04T00:08:47.789+0900] {local_task_job_runner.py:245} INFO - ::endgroup::
