[2024-12-06T01:06:38.720+0900] {local_task_job_runner.py:123} INFO - ::group::Pre task execution logs
[2024-12-06T01:06:38.730+0900] {taskinstance.py:2613} INFO - Dependencies all met for dep_context=non-requeueable deps ti=<TaskInstance: process_and_upload_json_to_hdfs.run_make_model scheduled__2024-12-05T15:00:00+00:00 [queued]>
[2024-12-06T01:06:38.737+0900] {taskinstance.py:2613} INFO - Dependencies all met for dep_context=requeueable deps ti=<TaskInstance: process_and_upload_json_to_hdfs.run_make_model scheduled__2024-12-05T15:00:00+00:00 [queued]>
[2024-12-06T01:06:38.738+0900] {taskinstance.py:2866} INFO - Starting attempt 1 of 2
[2024-12-06T01:06:38.753+0900] {taskinstance.py:2889} INFO - Executing <Task(BashOperator): run_make_model> on 2024-12-05 15:00:00+00:00
[2024-12-06T01:06:38.757+0900] {standard_task_runner.py:72} INFO - Started process 2084015 to run task
[2024-12-06T01:06:38.760+0900] {standard_task_runner.py:104} INFO - Running: ['airflow', 'tasks', 'run', 'process_and_upload_json_to_hdfs', 'run_make_model', 'scheduled__2024-12-05T15:00:00+00:00', '--job-id', '690', '--raw', '--subdir', 'DAGS_FOLDER/data_to_hdfs.py', '--cfg-path', '/tmp/tmp4pbo4_0d']
[2024-12-06T01:06:38.762+0900] {standard_task_runner.py:105} INFO - Job 690: Subtask run_make_model
[2024-12-06T01:06:38.795+0900] {task_command.py:467} INFO - Running <TaskInstance: process_and_upload_json_to_hdfs.run_make_model scheduled__2024-12-05T15:00:00+00:00 [running]> on host MN
[2024-12-06T01:06:38.863+0900] {taskinstance.py:3132} INFO - Exporting env vars: AIRFLOW_CTX_DAG_OWNER='airflow' AIRFLOW_CTX_DAG_ID='process_and_upload_json_to_hdfs' AIRFLOW_CTX_TASK_ID='run_make_model' AIRFLOW_CTX_EXECUTION_DATE='2024-12-05T15:00:00+00:00' AIRFLOW_CTX_TRY_NUMBER='1' AIRFLOW_CTX_DAG_RUN_ID='scheduled__2024-12-05T15:00:00+00:00'
[2024-12-06T01:06:38.863+0900] {taskinstance.py:731} INFO - ::endgroup::
[2024-12-06T01:06:38.877+0900] {subprocess.py:78} INFO - Tmp dir root location: /tmp
[2024-12-06T01:06:38.878+0900] {subprocess.py:88} INFO - Running command: ['/usr/bin/bash', '-c', '/laewon/spark/bin/spark-submit --master yarn --deploy-mode cluster /laewon/Riot/make_model.py']
[2024-12-06T01:06:38.884+0900] {subprocess.py:99} INFO - Output:
[2024-12-06T01:06:41.124+0900] {subprocess.py:106} INFO - 24/12/06 01:06:41 INFO DefaultNoHARMFailoverProxyProvider: Connecting to ResourceManager at MN/192.168.4.7:8032
[2024-12-06T01:06:41.846+0900] {subprocess.py:106} INFO - 24/12/06 01:06:41 INFO Configuration: resource-types.xml not found
[2024-12-06T01:06:41.847+0900] {subprocess.py:106} INFO - 24/12/06 01:06:41 INFO ResourceUtils: Unable to find 'resource-types.xml'.
[2024-12-06T01:06:41.861+0900] {subprocess.py:106} INFO - 24/12/06 01:06:41 INFO Client: Verifying our application has not requested more than the maximum memory capability of the cluster (819200 MB per container)
[2024-12-06T01:06:41.862+0900] {subprocess.py:106} INFO - 24/12/06 01:06:41 INFO Client: Will allocate AM container, with 1408 MB memory including 384 MB overhead
[2024-12-06T01:06:41.862+0900] {subprocess.py:106} INFO - 24/12/06 01:06:41 INFO Client: Setting up container launch context for our AM
[2024-12-06T01:06:41.865+0900] {subprocess.py:106} INFO - 24/12/06 01:06:41 INFO Client: Setting up the launch environment for our AM container
[2024-12-06T01:06:41.877+0900] {subprocess.py:106} INFO - 24/12/06 01:06:41 INFO Client: Preparing resources for our AM container
[2024-12-06T01:06:41.910+0900] {subprocess.py:106} INFO - 24/12/06 01:06:41 WARN Client: Neither spark.yarn.jars nor spark.yarn.archive is set, falling back to uploading libraries under SPARK_HOME.
[2024-12-06T01:06:44.718+0900] {subprocess.py:106} INFO - 24/12/06 01:06:44 INFO Client: Uploading resource file:/tmp/spark-c7f8a846-489b-4028-a5c6-6798049db587/__spark_libs__15131918469303670975.zip -> hdfs://MN:9000/user/dke/.sparkStaging/application_1733127595631_0089/__spark_libs__15131918469303670975.zip
[2024-12-06T01:07:14.347+0900] {subprocess.py:106} INFO - 24/12/06 01:07:14 INFO Client: Uploading resource file:/laewon/Riot/make_model.py -> hdfs://MN:9000/user/dke/.sparkStaging/application_1733127595631_0089/make_model.py
[2024-12-06T01:07:14.380+0900] {subprocess.py:106} INFO - 24/12/06 01:07:14 INFO Client: Uploading resource file:/laewon/spark-3.5.1-bin-hadoop3/python/lib/pyspark.zip -> hdfs://MN:9000/user/dke/.sparkStaging/application_1733127595631_0089/pyspark.zip
[2024-12-06T01:07:14.617+0900] {subprocess.py:106} INFO - 24/12/06 01:07:14 INFO Client: Uploading resource file:/laewon/spark-3.5.1-bin-hadoop3/python/lib/py4j-0.10.9.7-src.zip -> hdfs://MN:9000/user/dke/.sparkStaging/application_1733127595631_0089/py4j-0.10.9.7-src.zip
[2024-12-06T01:07:14.820+0900] {subprocess.py:106} INFO - 24/12/06 01:07:14 INFO Client: Uploading resource file:/tmp/spark-c7f8a846-489b-4028-a5c6-6798049db587/__spark_conf__1717165333338222444.zip -> hdfs://MN:9000/user/dke/.sparkStaging/application_1733127595631_0089/__spark_conf__.zip
[2024-12-06T01:07:14.900+0900] {subprocess.py:106} INFO - 24/12/06 01:07:14 INFO SecurityManager: Changing view acls to: dke
[2024-12-06T01:07:14.900+0900] {subprocess.py:106} INFO - 24/12/06 01:07:14 INFO SecurityManager: Changing modify acls to: dke
[2024-12-06T01:07:14.901+0900] {subprocess.py:106} INFO - 24/12/06 01:07:14 INFO SecurityManager: Changing view acls groups to:
[2024-12-06T01:07:14.901+0900] {subprocess.py:106} INFO - 24/12/06 01:07:14 INFO SecurityManager: Changing modify acls groups to:
[2024-12-06T01:07:14.901+0900] {subprocess.py:106} INFO - 24/12/06 01:07:14 INFO SecurityManager: SecurityManager: authentication disabled; ui acls disabled; users with view permissions: dke; groups with view permissions: EMPTY; users with modify permissions: dke; groups with modify permissions: EMPTY
[2024-12-06T01:07:14.937+0900] {subprocess.py:106} INFO - 24/12/06 01:07:14 INFO Client: Submitting application application_1733127595631_0089 to ResourceManager
[2024-12-06T01:07:14.982+0900] {subprocess.py:106} INFO - 24/12/06 01:07:14 INFO YarnClientImpl: Submitted application application_1733127595631_0089
[2024-12-06T01:07:15.985+0900] {subprocess.py:106} INFO - 24/12/06 01:07:15 INFO Client: Application report for application_1733127595631_0089 (state: ACCEPTED)
[2024-12-06T01:07:15.989+0900] {subprocess.py:106} INFO - 24/12/06 01:07:15 INFO Client:
[2024-12-06T01:07:15.989+0900] {subprocess.py:106} INFO - 	 client token: N/A
[2024-12-06T01:07:15.989+0900] {subprocess.py:106} INFO - 	 diagnostics: AM container is launched, waiting for AM container to Register with RM
[2024-12-06T01:07:15.990+0900] {subprocess.py:106} INFO - 	 ApplicationMaster host: N/A
[2024-12-06T01:07:15.990+0900] {subprocess.py:106} INFO - 	 ApplicationMaster RPC port: -1
[2024-12-06T01:07:15.990+0900] {subprocess.py:106} INFO - 	 queue: root.default
[2024-12-06T01:07:15.990+0900] {subprocess.py:106} INFO - 	 start time: 1733414834961
[2024-12-06T01:07:15.991+0900] {subprocess.py:106} INFO - 	 final status: UNDEFINED
[2024-12-06T01:07:15.991+0900] {subprocess.py:106} INFO - 	 tracking URL: http://MN:8088/proxy/application_1733127595631_0089/
[2024-12-06T01:07:15.991+0900] {subprocess.py:106} INFO - 	 user: dke
[2024-12-06T01:07:22.998+0900] {subprocess.py:106} INFO - 24/12/06 01:07:22 INFO Client: Application report for application_1733127595631_0089 (state: RUNNING)
[2024-12-06T01:07:22.999+0900] {subprocess.py:106} INFO - 24/12/06 01:07:22 INFO Client:
[2024-12-06T01:07:22.999+0900] {subprocess.py:106} INFO - 	 client token: N/A
[2024-12-06T01:07:22.999+0900] {subprocess.py:106} INFO - 	 diagnostics: N/A
[2024-12-06T01:07:23.000+0900] {subprocess.py:106} INFO - 	 ApplicationMaster host: SN04
[2024-12-06T01:07:23.000+0900] {subprocess.py:106} INFO - 	 ApplicationMaster RPC port: 39781
[2024-12-06T01:07:23.000+0900] {subprocess.py:106} INFO - 	 queue: root.default
[2024-12-06T01:07:23.000+0900] {subprocess.py:106} INFO - 	 start time: 1733414834961
[2024-12-06T01:07:23.000+0900] {subprocess.py:106} INFO - 	 final status: UNDEFINED
[2024-12-06T01:07:23.001+0900] {subprocess.py:106} INFO - 	 tracking URL: http://MN:8088/proxy/application_1733127595631_0089/
[2024-12-06T01:07:23.001+0900] {subprocess.py:106} INFO - 	 user: dke
[2024-12-06T01:07:53.038+0900] {subprocess.py:106} INFO - 24/12/06 01:07:53 INFO Client: Application report for application_1733127595631_0089 (state: RUNNING)
[2024-12-06T01:07:59.046+0900] {subprocess.py:106} INFO - 24/12/06 01:07:59 INFO Client: Application report for application_1733127595631_0089 (state: FINISHED)
[2024-12-06T01:07:59.046+0900] {subprocess.py:106} INFO - 24/12/06 01:07:59 INFO Client:
[2024-12-06T01:07:59.046+0900] {subprocess.py:106} INFO - 	 client token: N/A
[2024-12-06T01:07:59.047+0900] {subprocess.py:106} INFO - 	 diagnostics: N/A
[2024-12-06T01:07:59.047+0900] {subprocess.py:106} INFO - 	 ApplicationMaster host: SN04
[2024-12-06T01:07:59.047+0900] {subprocess.py:106} INFO - 	 ApplicationMaster RPC port: 39781
[2024-12-06T01:07:59.047+0900] {subprocess.py:106} INFO - 	 queue: root.default
[2024-12-06T01:07:59.048+0900] {subprocess.py:106} INFO - 	 start time: 1733414834961
[2024-12-06T01:07:59.048+0900] {subprocess.py:106} INFO - 	 final status: SUCCEEDED
[2024-12-06T01:07:59.048+0900] {subprocess.py:106} INFO - 	 tracking URL: http://MN:8088/proxy/application_1733127595631_0089/
[2024-12-06T01:07:59.048+0900] {subprocess.py:106} INFO - 	 user: dke
[2024-12-06T01:07:59.055+0900] {subprocess.py:106} INFO - 24/12/06 01:07:59 INFO ShutdownHookManager: Shutdown hook called
[2024-12-06T01:07:59.056+0900] {subprocess.py:106} INFO - 24/12/06 01:07:59 INFO ShutdownHookManager: Deleting directory /tmp/spark-6b3fff5a-422b-44c3-bc32-09ec8beba5bb
[2024-12-06T01:07:59.059+0900] {subprocess.py:106} INFO - 24/12/06 01:07:59 INFO ShutdownHookManager: Deleting directory /tmp/spark-c7f8a846-489b-4028-a5c6-6798049db587
[2024-12-06T01:07:59.417+0900] {subprocess.py:110} INFO - Command exited with return code 0
[2024-12-06T01:07:59.438+0900] {taskinstance.py:340} INFO - ::group::Post task execution logs
[2024-12-06T01:07:59.438+0900] {taskinstance.py:352} INFO - Marking task as SUCCESS. dag_id=process_and_upload_json_to_hdfs, task_id=run_make_model, run_id=scheduled__2024-12-05T15:00:00+00:00, execution_date=20241205T150000, start_date=20241205T160638, end_date=20241205T160759
[2024-12-06T01:07:59.459+0900] {local_task_job_runner.py:266} INFO - Task exited with return code 0
[2024-12-06T01:07:59.469+0900] {taskinstance.py:3895} INFO - 0 downstream tasks scheduled from follow-on schedule check
[2024-12-06T01:07:59.469+0900] {local_task_job_runner.py:245} INFO - ::endgroup::
