[2024-11-14T18:40:11.533+0900] {processor.py:186} INFO - Started process (PID=2365495) to work on /laewon/airflow_test/py_venv/lib/python3.8/site-packages/airflow/example_dags/example_dataset_alias_with_no_taskflow.py
[2024-11-14T18:40:11.534+0900] {processor.py:914} INFO - Processing file /laewon/airflow_test/py_venv/lib/python3.8/site-packages/airflow/example_dags/example_dataset_alias_with_no_taskflow.py for tasks to queue
[2024-11-14T18:40:11.536+0900] {logging_mixin.py:190} INFO - [2024-11-14T18:40:11.536+0900] {dagbag.py:588} INFO - Filling up the DagBag from /laewon/airflow_test/py_venv/lib/python3.8/site-packages/airflow/example_dags/example_dataset_alias_with_no_taskflow.py
[2024-11-14T18:40:11.555+0900] {processor.py:925} INFO - DAG(s) 'dataset_s3_bucket_producer_with_no_taskflow', 'dataset_alias_example_alias_consumer_with_no_taskflow', 'dataset_alias_example_alias_producer_with_no_taskflow', 'dataset_s3_bucket_consumer_with_no_taskflow' retrieved from /laewon/airflow_test/py_venv/lib/python3.8/site-packages/airflow/example_dags/example_dataset_alias_with_no_taskflow.py
[2024-11-14T18:40:11.660+0900] {logging_mixin.py:190} INFO - [2024-11-14T18:40:11.660+0900] {override.py:1901} INFO - Created Permission View: can edit on DAG:dataset_s3_bucket_producer_with_no_taskflow
[2024-11-14T18:40:11.672+0900] {logging_mixin.py:190} INFO - [2024-11-14T18:40:11.672+0900] {override.py:1901} INFO - Created Permission View: can delete on DAG:dataset_s3_bucket_producer_with_no_taskflow
[2024-11-14T18:40:11.682+0900] {logging_mixin.py:190} INFO - [2024-11-14T18:40:11.681+0900] {override.py:1901} INFO - Created Permission View: can read on DAG:dataset_s3_bucket_producer_with_no_taskflow
[2024-11-14T18:40:11.695+0900] {logging_mixin.py:190} INFO - [2024-11-14T18:40:11.695+0900] {override.py:1901} INFO - Created Permission View: can create on DAG Run:dataset_s3_bucket_producer_with_no_taskflow
[2024-11-14T18:40:11.704+0900] {logging_mixin.py:190} INFO - [2024-11-14T18:40:11.704+0900] {override.py:1901} INFO - Created Permission View: can read on DAG Run:dataset_s3_bucket_producer_with_no_taskflow
[2024-11-14T18:40:11.713+0900] {logging_mixin.py:190} INFO - [2024-11-14T18:40:11.713+0900] {override.py:1901} INFO - Created Permission View: can delete on DAG Run:dataset_s3_bucket_producer_with_no_taskflow
[2024-11-14T18:40:11.723+0900] {logging_mixin.py:190} INFO - [2024-11-14T18:40:11.723+0900] {override.py:1901} INFO - Created Permission View: menu access on DAG Run:dataset_s3_bucket_producer_with_no_taskflow
[2024-11-14T18:40:11.742+0900] {logging_mixin.py:190} INFO - [2024-11-14T18:40:11.742+0900] {override.py:1901} INFO - Created Permission View: can edit on DAG:dataset_alias_example_alias_consumer_with_no_taskflow
[2024-11-14T18:40:11.751+0900] {logging_mixin.py:190} INFO - [2024-11-14T18:40:11.751+0900] {override.py:1901} INFO - Created Permission View: can delete on DAG:dataset_alias_example_alias_consumer_with_no_taskflow
[2024-11-14T18:40:11.761+0900] {logging_mixin.py:190} INFO - [2024-11-14T18:40:11.760+0900] {override.py:1901} INFO - Created Permission View: can read on DAG:dataset_alias_example_alias_consumer_with_no_taskflow
[2024-11-14T18:40:11.774+0900] {logging_mixin.py:190} INFO - [2024-11-14T18:40:11.774+0900] {override.py:1901} INFO - Created Permission View: can create on DAG Run:dataset_alias_example_alias_consumer_with_no_taskflow
[2024-11-14T18:40:11.783+0900] {logging_mixin.py:190} INFO - [2024-11-14T18:40:11.783+0900] {override.py:1901} INFO - Created Permission View: can read on DAG Run:dataset_alias_example_alias_consumer_with_no_taskflow
[2024-11-14T18:40:11.792+0900] {logging_mixin.py:190} INFO - [2024-11-14T18:40:11.792+0900] {override.py:1901} INFO - Created Permission View: can delete on DAG Run:dataset_alias_example_alias_consumer_with_no_taskflow
[2024-11-14T18:40:11.801+0900] {logging_mixin.py:190} INFO - [2024-11-14T18:40:11.801+0900] {override.py:1901} INFO - Created Permission View: menu access on DAG Run:dataset_alias_example_alias_consumer_with_no_taskflow
[2024-11-14T18:40:11.822+0900] {logging_mixin.py:190} INFO - [2024-11-14T18:40:11.821+0900] {override.py:1901} INFO - Created Permission View: can edit on DAG:dataset_alias_example_alias_producer_with_no_taskflow
[2024-11-14T18:40:11.831+0900] {logging_mixin.py:190} INFO - [2024-11-14T18:40:11.831+0900] {override.py:1901} INFO - Created Permission View: can delete on DAG:dataset_alias_example_alias_producer_with_no_taskflow
[2024-11-14T18:40:11.840+0900] {logging_mixin.py:190} INFO - [2024-11-14T18:40:11.840+0900] {override.py:1901} INFO - Created Permission View: can read on DAG:dataset_alias_example_alias_producer_with_no_taskflow
[2024-11-14T18:40:11.853+0900] {logging_mixin.py:190} INFO - [2024-11-14T18:40:11.853+0900] {override.py:1901} INFO - Created Permission View: can create on DAG Run:dataset_alias_example_alias_producer_with_no_taskflow
[2024-11-14T18:40:11.862+0900] {logging_mixin.py:190} INFO - [2024-11-14T18:40:11.862+0900] {override.py:1901} INFO - Created Permission View: can read on DAG Run:dataset_alias_example_alias_producer_with_no_taskflow
[2024-11-14T18:40:11.871+0900] {logging_mixin.py:190} INFO - [2024-11-14T18:40:11.871+0900] {override.py:1901} INFO - Created Permission View: can delete on DAG Run:dataset_alias_example_alias_producer_with_no_taskflow
[2024-11-14T18:40:11.881+0900] {logging_mixin.py:190} INFO - [2024-11-14T18:40:11.880+0900] {override.py:1901} INFO - Created Permission View: menu access on DAG Run:dataset_alias_example_alias_producer_with_no_taskflow
[2024-11-14T18:40:11.899+0900] {logging_mixin.py:190} INFO - [2024-11-14T18:40:11.899+0900] {override.py:1901} INFO - Created Permission View: can edit on DAG:dataset_s3_bucket_consumer_with_no_taskflow
[2024-11-14T18:40:11.908+0900] {logging_mixin.py:190} INFO - [2024-11-14T18:40:11.908+0900] {override.py:1901} INFO - Created Permission View: can delete on DAG:dataset_s3_bucket_consumer_with_no_taskflow
[2024-11-14T18:40:11.917+0900] {logging_mixin.py:190} INFO - [2024-11-14T18:40:11.917+0900] {override.py:1901} INFO - Created Permission View: can read on DAG:dataset_s3_bucket_consumer_with_no_taskflow
[2024-11-14T18:40:11.931+0900] {logging_mixin.py:190} INFO - [2024-11-14T18:40:11.931+0900] {override.py:1901} INFO - Created Permission View: can create on DAG Run:dataset_s3_bucket_consumer_with_no_taskflow
[2024-11-14T18:40:11.940+0900] {logging_mixin.py:190} INFO - [2024-11-14T18:40:11.940+0900] {override.py:1901} INFO - Created Permission View: can read on DAG Run:dataset_s3_bucket_consumer_with_no_taskflow
[2024-11-14T18:40:11.949+0900] {logging_mixin.py:190} INFO - [2024-11-14T18:40:11.949+0900] {override.py:1901} INFO - Created Permission View: can delete on DAG Run:dataset_s3_bucket_consumer_with_no_taskflow
[2024-11-14T18:40:11.958+0900] {logging_mixin.py:190} INFO - [2024-11-14T18:40:11.958+0900] {override.py:1901} INFO - Created Permission View: menu access on DAG Run:dataset_s3_bucket_consumer_with_no_taskflow
[2024-11-14T18:40:11.958+0900] {logging_mixin.py:190} INFO - [2024-11-14T18:40:11.958+0900] {dag.py:3239} INFO - Sync 4 DAGs
[2024-11-14T18:40:11.973+0900] {logging_mixin.py:190} INFO - [2024-11-14T18:40:11.973+0900] {dag.py:3262} INFO - Creating ORM DAG for dataset_s3_bucket_producer_with_no_taskflow
[2024-11-14T18:40:11.974+0900] {logging_mixin.py:190} INFO - [2024-11-14T18:40:11.974+0900] {dag.py:3262} INFO - Creating ORM DAG for dataset_alias_example_alias_consumer_with_no_taskflow
[2024-11-14T18:40:11.975+0900] {logging_mixin.py:190} INFO - [2024-11-14T18:40:11.974+0900] {dag.py:3262} INFO - Creating ORM DAG for dataset_s3_bucket_consumer_with_no_taskflow
[2024-11-14T18:40:11.975+0900] {logging_mixin.py:190} INFO - [2024-11-14T18:40:11.975+0900] {dag.py:3262} INFO - Creating ORM DAG for dataset_alias_example_alias_producer_with_no_taskflow
[2024-11-14T18:40:11.984+0900] {logging_mixin.py:190} INFO - [2024-11-14T18:40:11.983+0900] {dag.py:4180} INFO - Setting next_dagrun for dataset_alias_example_alias_consumer_with_no_taskflow to None, run_after=None
[2024-11-14T18:40:11.984+0900] {logging_mixin.py:190} INFO - [2024-11-14T18:40:11.984+0900] {dag.py:4180} INFO - Setting next_dagrun for dataset_alias_example_alias_producer_with_no_taskflow to None, run_after=None
[2024-11-14T18:40:11.985+0900] {logging_mixin.py:190} INFO - [2024-11-14T18:40:11.985+0900] {dag.py:4180} INFO - Setting next_dagrun for dataset_s3_bucket_consumer_with_no_taskflow to None, run_after=None
[2024-11-14T18:40:11.986+0900] {logging_mixin.py:190} INFO - [2024-11-14T18:40:11.985+0900] {dag.py:4180} INFO - Setting next_dagrun for dataset_s3_bucket_producer_with_no_taskflow to None, run_after=None
[2024-11-14T18:40:12.015+0900] {processor.py:208} INFO - Processing /laewon/airflow_test/py_venv/lib/python3.8/site-packages/airflow/example_dags/example_dataset_alias_with_no_taskflow.py took 0.489 seconds
[2024-11-14T18:41:37.681+0900] {processor.py:186} INFO - Started process (PID=2366064) to work on /laewon/airflow_test/py_venv/lib/python3.8/site-packages/airflow/example_dags/example_dataset_alias_with_no_taskflow.py
[2024-11-14T18:41:37.685+0900] {processor.py:914} INFO - Processing file /laewon/airflow_test/py_venv/lib/python3.8/site-packages/airflow/example_dags/example_dataset_alias_with_no_taskflow.py for tasks to queue
[2024-11-14T18:41:37.688+0900] {logging_mixin.py:190} INFO - [2024-11-14T18:41:37.687+0900] {dagbag.py:588} INFO - Filling up the DagBag from /laewon/airflow_test/py_venv/lib/python3.8/site-packages/airflow/example_dags/example_dataset_alias_with_no_taskflow.py
[2024-11-14T18:41:37.712+0900] {processor.py:925} INFO - DAG(s) 'dataset_s3_bucket_producer_with_no_taskflow', 'dataset_s3_bucket_consumer_with_no_taskflow', 'dataset_alias_example_alias_producer_with_no_taskflow', 'dataset_alias_example_alias_consumer_with_no_taskflow' retrieved from /laewon/airflow_test/py_venv/lib/python3.8/site-packages/airflow/example_dags/example_dataset_alias_with_no_taskflow.py
[2024-11-14T18:41:37.735+0900] {logging_mixin.py:190} INFO - [2024-11-14T18:41:37.735+0900] {dag.py:3239} INFO - Sync 4 DAGs
[2024-11-14T18:41:37.757+0900] {logging_mixin.py:190} INFO - [2024-11-14T18:41:37.757+0900] {dag.py:4180} INFO - Setting next_dagrun for dataset_alias_example_alias_consumer_with_no_taskflow to None, run_after=None
[2024-11-14T18:41:37.761+0900] {logging_mixin.py:190} INFO - [2024-11-14T18:41:37.760+0900] {dag.py:4180} INFO - Setting next_dagrun for dataset_alias_example_alias_producer_with_no_taskflow to None, run_after=None
[2024-11-14T18:41:37.762+0900] {logging_mixin.py:190} INFO - [2024-11-14T18:41:37.762+0900] {dag.py:4180} INFO - Setting next_dagrun for dataset_s3_bucket_consumer_with_no_taskflow to None, run_after=None
[2024-11-14T18:41:37.763+0900] {logging_mixin.py:190} INFO - [2024-11-14T18:41:37.763+0900] {dag.py:4180} INFO - Setting next_dagrun for dataset_s3_bucket_producer_with_no_taskflow to None, run_after=None
[2024-11-14T18:41:37.790+0900] {processor.py:208} INFO - Processing /laewon/airflow_test/py_venv/lib/python3.8/site-packages/airflow/example_dags/example_dataset_alias_with_no_taskflow.py took 0.115 seconds
[2024-11-14T18:42:33.027+0900] {processor.py:186} INFO - Started process (PID=2366302) to work on /laewon/airflow_test/py_venv/lib/python3.8/site-packages/airflow/example_dags/example_dataset_alias_with_no_taskflow.py
[2024-11-14T18:42:33.031+0900] {processor.py:914} INFO - Processing file /laewon/airflow_test/py_venv/lib/python3.8/site-packages/airflow/example_dags/example_dataset_alias_with_no_taskflow.py for tasks to queue
[2024-11-14T18:42:33.034+0900] {logging_mixin.py:190} INFO - [2024-11-14T18:42:33.033+0900] {dagbag.py:588} INFO - Filling up the DagBag from /laewon/airflow_test/py_venv/lib/python3.8/site-packages/airflow/example_dags/example_dataset_alias_with_no_taskflow.py
[2024-11-14T18:42:33.058+0900] {processor.py:925} INFO - DAG(s) 'dataset_alias_example_alias_producer_with_no_taskflow', 'dataset_s3_bucket_producer_with_no_taskflow', 'dataset_alias_example_alias_consumer_with_no_taskflow', 'dataset_s3_bucket_consumer_with_no_taskflow' retrieved from /laewon/airflow_test/py_venv/lib/python3.8/site-packages/airflow/example_dags/example_dataset_alias_with_no_taskflow.py
[2024-11-14T18:42:33.080+0900] {logging_mixin.py:190} INFO - [2024-11-14T18:42:33.080+0900] {dag.py:3239} INFO - Sync 4 DAGs
[2024-11-14T18:42:33.103+0900] {logging_mixin.py:190} INFO - [2024-11-14T18:42:33.103+0900] {dag.py:4180} INFO - Setting next_dagrun for dataset_alias_example_alias_consumer_with_no_taskflow to None, run_after=None
[2024-11-14T18:42:33.105+0900] {logging_mixin.py:190} INFO - [2024-11-14T18:42:33.105+0900] {dag.py:4180} INFO - Setting next_dagrun for dataset_alias_example_alias_producer_with_no_taskflow to None, run_after=None
[2024-11-14T18:42:33.106+0900] {logging_mixin.py:190} INFO - [2024-11-14T18:42:33.106+0900] {dag.py:4180} INFO - Setting next_dagrun for dataset_s3_bucket_consumer_with_no_taskflow to None, run_after=None
[2024-11-14T18:42:33.108+0900] {logging_mixin.py:190} INFO - [2024-11-14T18:42:33.107+0900] {dag.py:4180} INFO - Setting next_dagrun for dataset_s3_bucket_producer_with_no_taskflow to None, run_after=None
[2024-11-14T18:42:33.136+0900] {processor.py:208} INFO - Processing /laewon/airflow_test/py_venv/lib/python3.8/site-packages/airflow/example_dags/example_dataset_alias_with_no_taskflow.py took 0.115 seconds
[2024-11-14T18:43:27.424+0900] {processor.py:186} INFO - Started process (PID=2366391) to work on /laewon/airflow_test/py_venv/lib/python3.8/site-packages/airflow/example_dags/example_dataset_alias_with_no_taskflow.py
[2024-11-14T18:43:27.428+0900] {processor.py:914} INFO - Processing file /laewon/airflow_test/py_venv/lib/python3.8/site-packages/airflow/example_dags/example_dataset_alias_with_no_taskflow.py for tasks to queue
[2024-11-14T18:43:27.430+0900] {logging_mixin.py:190} INFO - [2024-11-14T18:43:27.430+0900] {dagbag.py:588} INFO - Filling up the DagBag from /laewon/airflow_test/py_venv/lib/python3.8/site-packages/airflow/example_dags/example_dataset_alias_with_no_taskflow.py
[2024-11-14T18:43:27.455+0900] {processor.py:925} INFO - DAG(s) 'dataset_alias_example_alias_producer_with_no_taskflow', 'dataset_s3_bucket_consumer_with_no_taskflow', 'dataset_alias_example_alias_consumer_with_no_taskflow', 'dataset_s3_bucket_producer_with_no_taskflow' retrieved from /laewon/airflow_test/py_venv/lib/python3.8/site-packages/airflow/example_dags/example_dataset_alias_with_no_taskflow.py
[2024-11-14T18:43:27.477+0900] {logging_mixin.py:190} INFO - [2024-11-14T18:43:27.477+0900] {dag.py:3239} INFO - Sync 4 DAGs
[2024-11-14T18:43:27.499+0900] {logging_mixin.py:190} INFO - [2024-11-14T18:43:27.499+0900] {dag.py:4180} INFO - Setting next_dagrun for dataset_alias_example_alias_consumer_with_no_taskflow to None, run_after=None
[2024-11-14T18:43:27.502+0900] {logging_mixin.py:190} INFO - [2024-11-14T18:43:27.502+0900] {dag.py:4180} INFO - Setting next_dagrun for dataset_alias_example_alias_producer_with_no_taskflow to None, run_after=None
[2024-11-14T18:43:27.503+0900] {logging_mixin.py:190} INFO - [2024-11-14T18:43:27.503+0900] {dag.py:4180} INFO - Setting next_dagrun for dataset_s3_bucket_consumer_with_no_taskflow to None, run_after=None
[2024-11-14T18:43:27.504+0900] {logging_mixin.py:190} INFO - [2024-11-14T18:43:27.504+0900] {dag.py:4180} INFO - Setting next_dagrun for dataset_s3_bucket_producer_with_no_taskflow to None, run_after=None
[2024-11-14T18:43:27.531+0900] {processor.py:208} INFO - Processing /laewon/airflow_test/py_venv/lib/python3.8/site-packages/airflow/example_dags/example_dataset_alias_with_no_taskflow.py took 0.114 seconds
[2024-11-14T18:44:18.999+0900] {processor.py:186} INFO - Started process (PID=2366444) to work on /laewon/airflow_test/py_venv/lib/python3.8/site-packages/airflow/example_dags/example_dataset_alias_with_no_taskflow.py
[2024-11-14T18:44:19.003+0900] {processor.py:914} INFO - Processing file /laewon/airflow_test/py_venv/lib/python3.8/site-packages/airflow/example_dags/example_dataset_alias_with_no_taskflow.py for tasks to queue
[2024-11-14T18:44:19.005+0900] {logging_mixin.py:190} INFO - [2024-11-14T18:44:19.005+0900] {dagbag.py:588} INFO - Filling up the DagBag from /laewon/airflow_test/py_venv/lib/python3.8/site-packages/airflow/example_dags/example_dataset_alias_with_no_taskflow.py
[2024-11-14T18:44:19.030+0900] {processor.py:925} INFO - DAG(s) 'dataset_s3_bucket_producer_with_no_taskflow', 'dataset_s3_bucket_consumer_with_no_taskflow', 'dataset_alias_example_alias_producer_with_no_taskflow', 'dataset_alias_example_alias_consumer_with_no_taskflow' retrieved from /laewon/airflow_test/py_venv/lib/python3.8/site-packages/airflow/example_dags/example_dataset_alias_with_no_taskflow.py
[2024-11-14T18:44:19.052+0900] {logging_mixin.py:190} INFO - [2024-11-14T18:44:19.052+0900] {dag.py:3239} INFO - Sync 4 DAGs
[2024-11-14T18:44:19.075+0900] {logging_mixin.py:190} INFO - [2024-11-14T18:44:19.074+0900] {dag.py:4180} INFO - Setting next_dagrun for dataset_alias_example_alias_consumer_with_no_taskflow to None, run_after=None
[2024-11-14T18:44:19.077+0900] {logging_mixin.py:190} INFO - [2024-11-14T18:44:19.077+0900] {dag.py:4180} INFO - Setting next_dagrun for dataset_alias_example_alias_producer_with_no_taskflow to None, run_after=None
[2024-11-14T18:44:19.078+0900] {logging_mixin.py:190} INFO - [2024-11-14T18:44:19.078+0900] {dag.py:4180} INFO - Setting next_dagrun for dataset_s3_bucket_consumer_with_no_taskflow to None, run_after=None
[2024-11-14T18:44:19.079+0900] {logging_mixin.py:190} INFO - [2024-11-14T18:44:19.079+0900] {dag.py:4180} INFO - Setting next_dagrun for dataset_s3_bucket_producer_with_no_taskflow to None, run_after=None
[2024-11-14T18:44:19.106+0900] {processor.py:208} INFO - Processing /laewon/airflow_test/py_venv/lib/python3.8/site-packages/airflow/example_dags/example_dataset_alias_with_no_taskflow.py took 0.115 seconds
[2024-11-14T18:45:36.434+0900] {processor.py:186} INFO - Started process (PID=2366554) to work on /laewon/airflow_test/py_venv/lib/python3.8/site-packages/airflow/example_dags/example_dataset_alias_with_no_taskflow.py
[2024-11-14T18:45:36.438+0900] {processor.py:914} INFO - Processing file /laewon/airflow_test/py_venv/lib/python3.8/site-packages/airflow/example_dags/example_dataset_alias_with_no_taskflow.py for tasks to queue
[2024-11-14T18:45:36.440+0900] {logging_mixin.py:190} INFO - [2024-11-14T18:45:36.440+0900] {dagbag.py:588} INFO - Filling up the DagBag from /laewon/airflow_test/py_venv/lib/python3.8/site-packages/airflow/example_dags/example_dataset_alias_with_no_taskflow.py
[2024-11-14T18:45:36.464+0900] {processor.py:925} INFO - DAG(s) 'dataset_s3_bucket_producer_with_no_taskflow', 'dataset_alias_example_alias_consumer_with_no_taskflow', 'dataset_s3_bucket_consumer_with_no_taskflow', 'dataset_alias_example_alias_producer_with_no_taskflow' retrieved from /laewon/airflow_test/py_venv/lib/python3.8/site-packages/airflow/example_dags/example_dataset_alias_with_no_taskflow.py
[2024-11-14T18:45:36.485+0900] {logging_mixin.py:190} INFO - [2024-11-14T18:45:36.485+0900] {dag.py:3239} INFO - Sync 4 DAGs
[2024-11-14T18:45:36.507+0900] {logging_mixin.py:190} INFO - [2024-11-14T18:45:36.507+0900] {dag.py:4180} INFO - Setting next_dagrun for dataset_alias_example_alias_consumer_with_no_taskflow to None, run_after=None
[2024-11-14T18:45:36.509+0900] {logging_mixin.py:190} INFO - [2024-11-14T18:45:36.509+0900] {dag.py:4180} INFO - Setting next_dagrun for dataset_alias_example_alias_producer_with_no_taskflow to None, run_after=None
[2024-11-14T18:45:36.510+0900] {logging_mixin.py:190} INFO - [2024-11-14T18:45:36.510+0900] {dag.py:4180} INFO - Setting next_dagrun for dataset_s3_bucket_consumer_with_no_taskflow to None, run_after=None
[2024-11-14T18:45:36.511+0900] {logging_mixin.py:190} INFO - [2024-11-14T18:45:36.511+0900] {dag.py:4180} INFO - Setting next_dagrun for dataset_s3_bucket_producer_with_no_taskflow to None, run_after=None
[2024-11-14T18:45:36.539+0900] {processor.py:208} INFO - Processing /laewon/airflow_test/py_venv/lib/python3.8/site-packages/airflow/example_dags/example_dataset_alias_with_no_taskflow.py took 0.111 seconds
