[2024-11-14T18:39:35.839+0900] {processor.py:186} INFO - Started process (PID=2365314) to work on /laewon/airflow_test/py_venv/lib/python3.8/site-packages/airflow/example_dags/example_xcomargs.py
[2024-11-14T18:39:35.840+0900] {processor.py:914} INFO - Processing file /laewon/airflow_test/py_venv/lib/python3.8/site-packages/airflow/example_dags/example_xcomargs.py for tasks to queue
[2024-11-14T18:39:35.842+0900] {logging_mixin.py:190} INFO - [2024-11-14T18:39:35.842+0900] {dagbag.py:588} INFO - Filling up the DagBag from /laewon/airflow_test/py_venv/lib/python3.8/site-packages/airflow/example_dags/example_xcomargs.py
[2024-11-14T18:39:35.854+0900] {processor.py:925} INFO - DAG(s) 'example_xcom_args', 'example_xcom_args_with_operators' retrieved from /laewon/airflow_test/py_venv/lib/python3.8/site-packages/airflow/example_dags/example_xcomargs.py
[2024-11-14T18:39:35.968+0900] {logging_mixin.py:190} INFO - [2024-11-14T18:39:35.967+0900] {override.py:1901} INFO - Created Permission View: can edit on DAG:example_xcom_args
[2024-11-14T18:39:35.980+0900] {logging_mixin.py:190} INFO - [2024-11-14T18:39:35.979+0900] {override.py:1901} INFO - Created Permission View: can delete on DAG:example_xcom_args
[2024-11-14T18:39:35.989+0900] {logging_mixin.py:190} INFO - [2024-11-14T18:39:35.988+0900] {override.py:1901} INFO - Created Permission View: can read on DAG:example_xcom_args
[2024-11-14T18:39:36.002+0900] {logging_mixin.py:190} INFO - [2024-11-14T18:39:36.001+0900] {override.py:1901} INFO - Created Permission View: can create on DAG Run:example_xcom_args
[2024-11-14T18:39:36.011+0900] {logging_mixin.py:190} INFO - [2024-11-14T18:39:36.010+0900] {override.py:1901} INFO - Created Permission View: can read on DAG Run:example_xcom_args
[2024-11-14T18:39:36.019+0900] {logging_mixin.py:190} INFO - [2024-11-14T18:39:36.019+0900] {override.py:1901} INFO - Created Permission View: can delete on DAG Run:example_xcom_args
[2024-11-14T18:39:36.028+0900] {logging_mixin.py:190} INFO - [2024-11-14T18:39:36.028+0900] {override.py:1901} INFO - Created Permission View: menu access on DAG Run:example_xcom_args
[2024-11-14T18:39:36.048+0900] {logging_mixin.py:190} INFO - [2024-11-14T18:39:36.048+0900] {override.py:1901} INFO - Created Permission View: can edit on DAG:example_xcom_args_with_operators
[2024-11-14T18:39:36.057+0900] {logging_mixin.py:190} INFO - [2024-11-14T18:39:36.057+0900] {override.py:1901} INFO - Created Permission View: can delete on DAG:example_xcom_args_with_operators
[2024-11-14T18:39:36.066+0900] {logging_mixin.py:190} INFO - [2024-11-14T18:39:36.066+0900] {override.py:1901} INFO - Created Permission View: can read on DAG:example_xcom_args_with_operators
[2024-11-14T18:39:36.079+0900] {logging_mixin.py:190} INFO - [2024-11-14T18:39:36.078+0900] {override.py:1901} INFO - Created Permission View: can create on DAG Run:example_xcom_args_with_operators
[2024-11-14T18:39:36.087+0900] {logging_mixin.py:190} INFO - [2024-11-14T18:39:36.087+0900] {override.py:1901} INFO - Created Permission View: can read on DAG Run:example_xcom_args_with_operators
[2024-11-14T18:39:36.097+0900] {logging_mixin.py:190} INFO - [2024-11-14T18:39:36.096+0900] {override.py:1901} INFO - Created Permission View: can delete on DAG Run:example_xcom_args_with_operators
[2024-11-14T18:39:36.105+0900] {logging_mixin.py:190} INFO - [2024-11-14T18:39:36.105+0900] {override.py:1901} INFO - Created Permission View: menu access on DAG Run:example_xcom_args_with_operators
[2024-11-14T18:39:36.106+0900] {logging_mixin.py:190} INFO - [2024-11-14T18:39:36.106+0900] {dag.py:3239} INFO - Sync 2 DAGs
[2024-11-14T18:39:36.119+0900] {logging_mixin.py:190} INFO - [2024-11-14T18:39:36.119+0900] {dag.py:3262} INFO - Creating ORM DAG for example_xcom_args_with_operators
[2024-11-14T18:39:36.120+0900] {logging_mixin.py:190} INFO - [2024-11-14T18:39:36.119+0900] {dag.py:3262} INFO - Creating ORM DAG for example_xcom_args
[2024-11-14T18:39:36.120+0900] {logging_mixin.py:190} INFO - [2024-11-14T18:39:36.120+0900] {dag.py:4180} INFO - Setting next_dagrun for example_xcom_args to None, run_after=None
[2024-11-14T18:39:36.121+0900] {logging_mixin.py:190} INFO - [2024-11-14T18:39:36.121+0900] {dag.py:4180} INFO - Setting next_dagrun for example_xcom_args_with_operators to None, run_after=None
[2024-11-14T18:39:36.140+0900] {processor.py:208} INFO - Processing /laewon/airflow_test/py_venv/lib/python3.8/site-packages/airflow/example_dags/example_xcomargs.py took 0.308 seconds
[2024-11-14T18:40:57.031+0900] {processor.py:186} INFO - Started process (PID=2365816) to work on /laewon/airflow_test/py_venv/lib/python3.8/site-packages/airflow/example_dags/example_xcomargs.py
[2024-11-14T18:40:57.035+0900] {processor.py:914} INFO - Processing file /laewon/airflow_test/py_venv/lib/python3.8/site-packages/airflow/example_dags/example_xcomargs.py for tasks to queue
[2024-11-14T18:40:57.037+0900] {logging_mixin.py:190} INFO - [2024-11-14T18:40:57.037+0900] {dagbag.py:588} INFO - Filling up the DagBag from /laewon/airflow_test/py_venv/lib/python3.8/site-packages/airflow/example_dags/example_xcomargs.py
[2024-11-14T18:40:57.049+0900] {processor.py:925} INFO - DAG(s) 'example_xcom_args_with_operators', 'example_xcom_args' retrieved from /laewon/airflow_test/py_venv/lib/python3.8/site-packages/airflow/example_dags/example_xcomargs.py
[2024-11-14T18:40:57.070+0900] {logging_mixin.py:190} INFO - [2024-11-14T18:40:57.070+0900] {dag.py:3239} INFO - Sync 2 DAGs
[2024-11-14T18:40:57.086+0900] {logging_mixin.py:190} INFO - [2024-11-14T18:40:57.086+0900] {dag.py:4180} INFO - Setting next_dagrun for example_xcom_args to None, run_after=None
[2024-11-14T18:40:57.089+0900] {logging_mixin.py:190} INFO - [2024-11-14T18:40:57.089+0900] {dag.py:4180} INFO - Setting next_dagrun for example_xcom_args_with_operators to None, run_after=None
[2024-11-14T18:40:57.112+0900] {processor.py:208} INFO - Processing /laewon/airflow_test/py_venv/lib/python3.8/site-packages/airflow/example_dags/example_xcomargs.py took 0.088 seconds
[2024-11-14T18:41:57.882+0900] {processor.py:186} INFO - Started process (PID=2366145) to work on /laewon/airflow_test/py_venv/lib/python3.8/site-packages/airflow/example_dags/example_xcomargs.py
[2024-11-14T18:41:57.886+0900] {processor.py:914} INFO - Processing file /laewon/airflow_test/py_venv/lib/python3.8/site-packages/airflow/example_dags/example_xcomargs.py for tasks to queue
[2024-11-14T18:41:57.888+0900] {logging_mixin.py:190} INFO - [2024-11-14T18:41:57.888+0900] {dagbag.py:588} INFO - Filling up the DagBag from /laewon/airflow_test/py_venv/lib/python3.8/site-packages/airflow/example_dags/example_xcomargs.py
[2024-11-14T18:41:57.900+0900] {processor.py:925} INFO - DAG(s) 'example_xcom_args_with_operators', 'example_xcom_args' retrieved from /laewon/airflow_test/py_venv/lib/python3.8/site-packages/airflow/example_dags/example_xcomargs.py
[2024-11-14T18:41:57.921+0900] {logging_mixin.py:190} INFO - [2024-11-14T18:41:57.921+0900] {dag.py:3239} INFO - Sync 2 DAGs
[2024-11-14T18:41:57.936+0900] {logging_mixin.py:190} INFO - [2024-11-14T18:41:57.936+0900] {dag.py:4180} INFO - Setting next_dagrun for example_xcom_args to None, run_after=None
[2024-11-14T18:41:57.940+0900] {logging_mixin.py:190} INFO - [2024-11-14T18:41:57.940+0900] {dag.py:4180} INFO - Setting next_dagrun for example_xcom_args_with_operators to None, run_after=None
[2024-11-14T18:41:57.962+0900] {processor.py:208} INFO - Processing /laewon/airflow_test/py_venv/lib/python3.8/site-packages/airflow/example_dags/example_xcomargs.py took 0.088 seconds
[2024-11-14T18:42:49.526+0900] {processor.py:186} INFO - Started process (PID=2366349) to work on /laewon/airflow_test/py_venv/lib/python3.8/site-packages/airflow/example_dags/example_xcomargs.py
[2024-11-14T18:42:49.530+0900] {processor.py:914} INFO - Processing file /laewon/airflow_test/py_venv/lib/python3.8/site-packages/airflow/example_dags/example_xcomargs.py for tasks to queue
[2024-11-14T18:42:49.533+0900] {logging_mixin.py:190} INFO - [2024-11-14T18:42:49.533+0900] {dagbag.py:588} INFO - Filling up the DagBag from /laewon/airflow_test/py_venv/lib/python3.8/site-packages/airflow/example_dags/example_xcomargs.py
[2024-11-14T18:42:49.545+0900] {processor.py:925} INFO - DAG(s) 'example_xcom_args_with_operators', 'example_xcom_args' retrieved from /laewon/airflow_test/py_venv/lib/python3.8/site-packages/airflow/example_dags/example_xcomargs.py
[2024-11-14T18:42:49.565+0900] {logging_mixin.py:190} INFO - [2024-11-14T18:42:49.565+0900] {dag.py:3239} INFO - Sync 2 DAGs
[2024-11-14T18:42:49.580+0900] {logging_mixin.py:190} INFO - [2024-11-14T18:42:49.580+0900] {dag.py:4180} INFO - Setting next_dagrun for example_xcom_args to None, run_after=None
[2024-11-14T18:42:49.584+0900] {logging_mixin.py:190} INFO - [2024-11-14T18:42:49.583+0900] {dag.py:4180} INFO - Setting next_dagrun for example_xcom_args_with_operators to None, run_after=None
[2024-11-14T18:42:49.606+0900] {processor.py:208} INFO - Processing /laewon/airflow_test/py_venv/lib/python3.8/site-packages/airflow/example_dags/example_xcomargs.py took 0.087 seconds
[2024-11-14T18:43:41.268+0900] {processor.py:186} INFO - Started process (PID=2366404) to work on /laewon/airflow_test/py_venv/lib/python3.8/site-packages/airflow/example_dags/example_xcomargs.py
[2024-11-14T18:43:41.272+0900] {processor.py:914} INFO - Processing file /laewon/airflow_test/py_venv/lib/python3.8/site-packages/airflow/example_dags/example_xcomargs.py for tasks to queue
[2024-11-14T18:43:41.275+0900] {logging_mixin.py:190} INFO - [2024-11-14T18:43:41.274+0900] {dagbag.py:588} INFO - Filling up the DagBag from /laewon/airflow_test/py_venv/lib/python3.8/site-packages/airflow/example_dags/example_xcomargs.py
[2024-11-14T18:43:41.286+0900] {processor.py:925} INFO - DAG(s) 'example_xcom_args_with_operators', 'example_xcom_args' retrieved from /laewon/airflow_test/py_venv/lib/python3.8/site-packages/airflow/example_dags/example_xcomargs.py
[2024-11-14T18:43:41.307+0900] {logging_mixin.py:190} INFO - [2024-11-14T18:43:41.307+0900] {dag.py:3239} INFO - Sync 2 DAGs
[2024-11-14T18:43:41.322+0900] {logging_mixin.py:190} INFO - [2024-11-14T18:43:41.322+0900] {dag.py:4180} INFO - Setting next_dagrun for example_xcom_args to None, run_after=None
[2024-11-14T18:43:41.325+0900] {logging_mixin.py:190} INFO - [2024-11-14T18:43:41.325+0900] {dag.py:4180} INFO - Setting next_dagrun for example_xcom_args_with_operators to None, run_after=None
[2024-11-14T18:43:41.346+0900] {processor.py:208} INFO - Processing /laewon/airflow_test/py_venv/lib/python3.8/site-packages/airflow/example_dags/example_xcomargs.py took 0.085 seconds
[2024-11-14T18:44:32.862+0900] {processor.py:186} INFO - Started process (PID=2366487) to work on /laewon/airflow_test/py_venv/lib/python3.8/site-packages/airflow/example_dags/example_xcomargs.py
[2024-11-14T18:44:32.867+0900] {processor.py:914} INFO - Processing file /laewon/airflow_test/py_venv/lib/python3.8/site-packages/airflow/example_dags/example_xcomargs.py for tasks to queue
[2024-11-14T18:44:32.869+0900] {logging_mixin.py:190} INFO - [2024-11-14T18:44:32.869+0900] {dagbag.py:588} INFO - Filling up the DagBag from /laewon/airflow_test/py_venv/lib/python3.8/site-packages/airflow/example_dags/example_xcomargs.py
[2024-11-14T18:44:32.881+0900] {processor.py:925} INFO - DAG(s) 'example_xcom_args_with_operators', 'example_xcom_args' retrieved from /laewon/airflow_test/py_venv/lib/python3.8/site-packages/airflow/example_dags/example_xcomargs.py
[2024-11-14T18:44:32.902+0900] {logging_mixin.py:190} INFO - [2024-11-14T18:44:32.902+0900] {dag.py:3239} INFO - Sync 2 DAGs
[2024-11-14T18:44:32.917+0900] {logging_mixin.py:190} INFO - [2024-11-14T18:44:32.916+0900] {dag.py:4180} INFO - Setting next_dagrun for example_xcom_args to None, run_after=None
[2024-11-14T18:44:32.920+0900] {logging_mixin.py:190} INFO - [2024-11-14T18:44:32.920+0900] {dag.py:4180} INFO - Setting next_dagrun for example_xcom_args_with_operators to None, run_after=None
[2024-11-14T18:44:32.941+0900] {processor.py:208} INFO - Processing /laewon/airflow_test/py_venv/lib/python3.8/site-packages/airflow/example_dags/example_xcomargs.py took 0.086 seconds
[2024-11-14T18:45:23.271+0900] {processor.py:186} INFO - Started process (PID=2366539) to work on /laewon/airflow_test/py_venv/lib/python3.8/site-packages/airflow/example_dags/example_xcomargs.py
[2024-11-14T18:45:23.275+0900] {processor.py:914} INFO - Processing file /laewon/airflow_test/py_venv/lib/python3.8/site-packages/airflow/example_dags/example_xcomargs.py for tasks to queue
[2024-11-14T18:45:23.278+0900] {logging_mixin.py:190} INFO - [2024-11-14T18:45:23.277+0900] {dagbag.py:588} INFO - Filling up the DagBag from /laewon/airflow_test/py_venv/lib/python3.8/site-packages/airflow/example_dags/example_xcomargs.py
[2024-11-14T18:45:23.290+0900] {processor.py:925} INFO - DAG(s) 'example_xcom_args_with_operators', 'example_xcom_args' retrieved from /laewon/airflow_test/py_venv/lib/python3.8/site-packages/airflow/example_dags/example_xcomargs.py
[2024-11-14T18:45:23.311+0900] {logging_mixin.py:190} INFO - [2024-11-14T18:45:23.310+0900] {dag.py:3239} INFO - Sync 2 DAGs
[2024-11-14T18:45:23.325+0900] {logging_mixin.py:190} INFO - [2024-11-14T18:45:23.325+0900] {dag.py:4180} INFO - Setting next_dagrun for example_xcom_args to None, run_after=None
[2024-11-14T18:45:23.329+0900] {logging_mixin.py:190} INFO - [2024-11-14T18:45:23.329+0900] {dag.py:4180} INFO - Setting next_dagrun for example_xcom_args_with_operators to None, run_after=None
[2024-11-14T18:45:23.351+0900] {processor.py:208} INFO - Processing /laewon/airflow_test/py_venv/lib/python3.8/site-packages/airflow/example_dags/example_xcomargs.py took 0.087 seconds
