[2024-11-14T18:40:22.946+0900] {processor.py:186} INFO - Started process (PID=2365505) to work on /laewon/airflow_test/py_venv/lib/python3.8/site-packages/airflow/example_dags/example_branch_datetime_operator.py
[2024-11-14T18:40:22.947+0900] {processor.py:914} INFO - Processing file /laewon/airflow_test/py_venv/lib/python3.8/site-packages/airflow/example_dags/example_branch_datetime_operator.py for tasks to queue
[2024-11-14T18:40:22.949+0900] {logging_mixin.py:190} INFO - [2024-11-14T18:40:22.948+0900] {dagbag.py:588} INFO - Filling up the DagBag from /laewon/airflow_test/py_venv/lib/python3.8/site-packages/airflow/example_dags/example_branch_datetime_operator.py
[2024-11-14T18:40:22.964+0900] {processor.py:925} INFO - DAG(s) 'example_branch_datetime_operator_2', 'example_branch_datetime_operator_3', 'example_branch_datetime_operator' retrieved from /laewon/airflow_test/py_venv/lib/python3.8/site-packages/airflow/example_dags/example_branch_datetime_operator.py
[2024-11-14T18:40:23.076+0900] {logging_mixin.py:190} INFO - [2024-11-14T18:40:23.075+0900] {override.py:1901} INFO - Created Permission View: can edit on DAG:example_branch_datetime_operator_2
[2024-11-14T18:40:23.088+0900] {logging_mixin.py:190} INFO - [2024-11-14T18:40:23.088+0900] {override.py:1901} INFO - Created Permission View: can delete on DAG:example_branch_datetime_operator_2
[2024-11-14T18:40:23.097+0900] {logging_mixin.py:190} INFO - [2024-11-14T18:40:23.097+0900] {override.py:1901} INFO - Created Permission View: can read on DAG:example_branch_datetime_operator_2
[2024-11-14T18:40:23.111+0900] {logging_mixin.py:190} INFO - [2024-11-14T18:40:23.111+0900] {override.py:1901} INFO - Created Permission View: can create on DAG Run:example_branch_datetime_operator_2
[2024-11-14T18:40:23.120+0900] {logging_mixin.py:190} INFO - [2024-11-14T18:40:23.120+0900] {override.py:1901} INFO - Created Permission View: can read on DAG Run:example_branch_datetime_operator_2
[2024-11-14T18:40:23.129+0900] {logging_mixin.py:190} INFO - [2024-11-14T18:40:23.129+0900] {override.py:1901} INFO - Created Permission View: can delete on DAG Run:example_branch_datetime_operator_2
[2024-11-14T18:40:23.138+0900] {logging_mixin.py:190} INFO - [2024-11-14T18:40:23.138+0900] {override.py:1901} INFO - Created Permission View: menu access on DAG Run:example_branch_datetime_operator_2
[2024-11-14T18:40:23.158+0900] {logging_mixin.py:190} INFO - [2024-11-14T18:40:23.158+0900] {override.py:1901} INFO - Created Permission View: can edit on DAG:example_branch_datetime_operator_3
[2024-11-14T18:40:23.167+0900] {logging_mixin.py:190} INFO - [2024-11-14T18:40:23.167+0900] {override.py:1901} INFO - Created Permission View: can delete on DAG:example_branch_datetime_operator_3
[2024-11-14T18:40:23.177+0900] {logging_mixin.py:190} INFO - [2024-11-14T18:40:23.176+0900] {override.py:1901} INFO - Created Permission View: can read on DAG:example_branch_datetime_operator_3
[2024-11-14T18:40:23.190+0900] {logging_mixin.py:190} INFO - [2024-11-14T18:40:23.190+0900] {override.py:1901} INFO - Created Permission View: can create on DAG Run:example_branch_datetime_operator_3
[2024-11-14T18:40:23.199+0900] {logging_mixin.py:190} INFO - [2024-11-14T18:40:23.199+0900] {override.py:1901} INFO - Created Permission View: can read on DAG Run:example_branch_datetime_operator_3
[2024-11-14T18:40:23.208+0900] {logging_mixin.py:190} INFO - [2024-11-14T18:40:23.208+0900] {override.py:1901} INFO - Created Permission View: can delete on DAG Run:example_branch_datetime_operator_3
[2024-11-14T18:40:23.218+0900] {logging_mixin.py:190} INFO - [2024-11-14T18:40:23.217+0900] {override.py:1901} INFO - Created Permission View: menu access on DAG Run:example_branch_datetime_operator_3
[2024-11-14T18:40:23.240+0900] {logging_mixin.py:190} INFO - [2024-11-14T18:40:23.240+0900] {override.py:1901} INFO - Created Permission View: can edit on DAG:example_branch_datetime_operator
[2024-11-14T18:40:23.250+0900] {logging_mixin.py:190} INFO - [2024-11-14T18:40:23.249+0900] {override.py:1901} INFO - Created Permission View: can delete on DAG:example_branch_datetime_operator
[2024-11-14T18:40:23.259+0900] {logging_mixin.py:190} INFO - [2024-11-14T18:40:23.258+0900] {override.py:1901} INFO - Created Permission View: can read on DAG:example_branch_datetime_operator
[2024-11-14T18:40:23.272+0900] {logging_mixin.py:190} INFO - [2024-11-14T18:40:23.272+0900] {override.py:1901} INFO - Created Permission View: can create on DAG Run:example_branch_datetime_operator
[2024-11-14T18:40:23.281+0900] {logging_mixin.py:190} INFO - [2024-11-14T18:40:23.281+0900] {override.py:1901} INFO - Created Permission View: can read on DAG Run:example_branch_datetime_operator
[2024-11-14T18:40:23.291+0900] {logging_mixin.py:190} INFO - [2024-11-14T18:40:23.290+0900] {override.py:1901} INFO - Created Permission View: can delete on DAG Run:example_branch_datetime_operator
[2024-11-14T18:40:23.300+0900] {logging_mixin.py:190} INFO - [2024-11-14T18:40:23.299+0900] {override.py:1901} INFO - Created Permission View: menu access on DAG Run:example_branch_datetime_operator
[2024-11-14T18:40:23.300+0900] {logging_mixin.py:190} INFO - [2024-11-14T18:40:23.300+0900] {dag.py:3239} INFO - Sync 3 DAGs
[2024-11-14T18:40:23.315+0900] {logging_mixin.py:190} INFO - [2024-11-14T18:40:23.315+0900] {dag.py:3262} INFO - Creating ORM DAG for example_branch_datetime_operator
[2024-11-14T18:40:23.316+0900] {logging_mixin.py:190} INFO - [2024-11-14T18:40:23.315+0900] {dag.py:3262} INFO - Creating ORM DAG for example_branch_datetime_operator_2
[2024-11-14T18:40:23.316+0900] {logging_mixin.py:190} INFO - [2024-11-14T18:40:23.316+0900] {dag.py:3262} INFO - Creating ORM DAG for example_branch_datetime_operator_3
[2024-11-14T18:40:23.327+0900] {logging_mixin.py:190} INFO - [2024-11-14T18:40:23.326+0900] {dag.py:4180} INFO - Setting next_dagrun for example_branch_datetime_operator to 2024-11-13 00:00:00+00:00, run_after=2024-11-14 00:00:00+00:00
[2024-11-14T18:40:23.329+0900] {logging_mixin.py:190} INFO - [2024-11-14T18:40:23.329+0900] {dag.py:4180} INFO - Setting next_dagrun for example_branch_datetime_operator_2 to 2024-11-13 00:00:00+00:00, run_after=2024-11-14 00:00:00+00:00
[2024-11-14T18:40:23.331+0900] {logging_mixin.py:190} INFO - [2024-11-14T18:40:23.331+0900] {dag.py:4180} INFO - Setting next_dagrun for example_branch_datetime_operator_3 to 2024-11-13 00:00:00+00:00, run_after=2024-11-14 00:00:00+00:00
[2024-11-14T18:40:23.352+0900] {processor.py:208} INFO - Processing /laewon/airflow_test/py_venv/lib/python3.8/site-packages/airflow/example_dags/example_branch_datetime_operator.py took 0.413 seconds
[2024-11-14T18:41:48.717+0900] {processor.py:186} INFO - Started process (PID=2366074) to work on /laewon/airflow_test/py_venv/lib/python3.8/site-packages/airflow/example_dags/example_branch_datetime_operator.py
[2024-11-14T18:41:48.721+0900] {processor.py:914} INFO - Processing file /laewon/airflow_test/py_venv/lib/python3.8/site-packages/airflow/example_dags/example_branch_datetime_operator.py for tasks to queue
[2024-11-14T18:41:48.724+0900] {logging_mixin.py:190} INFO - [2024-11-14T18:41:48.723+0900] {dagbag.py:588} INFO - Filling up the DagBag from /laewon/airflow_test/py_venv/lib/python3.8/site-packages/airflow/example_dags/example_branch_datetime_operator.py
[2024-11-14T18:41:48.739+0900] {processor.py:925} INFO - DAG(s) 'example_branch_datetime_operator', 'example_branch_datetime_operator_2', 'example_branch_datetime_operator_3' retrieved from /laewon/airflow_test/py_venv/lib/python3.8/site-packages/airflow/example_dags/example_branch_datetime_operator.py
[2024-11-14T18:41:48.763+0900] {logging_mixin.py:190} INFO - [2024-11-14T18:41:48.763+0900] {dag.py:3239} INFO - Sync 3 DAGs
[2024-11-14T18:41:48.789+0900] {logging_mixin.py:190} INFO - [2024-11-14T18:41:48.789+0900] {dag.py:4180} INFO - Setting next_dagrun for example_branch_datetime_operator to 2024-11-13 00:00:00+00:00, run_after=2024-11-14 00:00:00+00:00
[2024-11-14T18:41:48.795+0900] {logging_mixin.py:190} INFO - [2024-11-14T18:41:48.794+0900] {dag.py:4180} INFO - Setting next_dagrun for example_branch_datetime_operator_2 to 2024-11-13 00:00:00+00:00, run_after=2024-11-14 00:00:00+00:00
[2024-11-14T18:41:48.797+0900] {logging_mixin.py:190} INFO - [2024-11-14T18:41:48.797+0900] {dag.py:4180} INFO - Setting next_dagrun for example_branch_datetime_operator_3 to 2024-11-13 00:00:00+00:00, run_after=2024-11-14 00:00:00+00:00
[2024-11-14T18:41:48.819+0900] {processor.py:208} INFO - Processing /laewon/airflow_test/py_venv/lib/python3.8/site-packages/airflow/example_dags/example_branch_datetime_operator.py took 0.108 seconds
[2024-11-14T18:43:05.094+0900] {processor.py:186} INFO - Started process (PID=2366366) to work on /laewon/airflow_test/py_venv/lib/python3.8/site-packages/airflow/example_dags/example_branch_datetime_operator.py
[2024-11-14T18:43:05.098+0900] {processor.py:914} INFO - Processing file /laewon/airflow_test/py_venv/lib/python3.8/site-packages/airflow/example_dags/example_branch_datetime_operator.py for tasks to queue
[2024-11-14T18:43:05.100+0900] {logging_mixin.py:190} INFO - [2024-11-14T18:43:05.100+0900] {dagbag.py:588} INFO - Filling up the DagBag from /laewon/airflow_test/py_venv/lib/python3.8/site-packages/airflow/example_dags/example_branch_datetime_operator.py
[2024-11-14T18:43:05.116+0900] {processor.py:925} INFO - DAG(s) 'example_branch_datetime_operator_3', 'example_branch_datetime_operator', 'example_branch_datetime_operator_2' retrieved from /laewon/airflow_test/py_venv/lib/python3.8/site-packages/airflow/example_dags/example_branch_datetime_operator.py
[2024-11-14T18:43:05.139+0900] {logging_mixin.py:190} INFO - [2024-11-14T18:43:05.139+0900] {dag.py:3239} INFO - Sync 3 DAGs
[2024-11-14T18:43:05.165+0900] {logging_mixin.py:190} INFO - [2024-11-14T18:43:05.165+0900] {dag.py:4180} INFO - Setting next_dagrun for example_branch_datetime_operator to 2024-11-13 00:00:00+00:00, run_after=2024-11-14 00:00:00+00:00
[2024-11-14T18:43:05.170+0900] {logging_mixin.py:190} INFO - [2024-11-14T18:43:05.170+0900] {dag.py:4180} INFO - Setting next_dagrun for example_branch_datetime_operator_2 to 2024-11-13 00:00:00+00:00, run_after=2024-11-14 00:00:00+00:00
[2024-11-14T18:43:05.173+0900] {logging_mixin.py:190} INFO - [2024-11-14T18:43:05.173+0900] {dag.py:4180} INFO - Setting next_dagrun for example_branch_datetime_operator_3 to 2024-11-13 00:00:00+00:00, run_after=2024-11-14 00:00:00+00:00
[2024-11-14T18:43:05.195+0900] {processor.py:208} INFO - Processing /laewon/airflow_test/py_venv/lib/python3.8/site-packages/airflow/example_dags/example_branch_datetime_operator.py took 0.108 seconds
[2024-11-14T18:44:22.647+0900] {processor.py:186} INFO - Started process (PID=2366476) to work on /laewon/airflow_test/py_venv/lib/python3.8/site-packages/airflow/example_dags/example_branch_datetime_operator.py
[2024-11-14T18:44:22.651+0900] {processor.py:914} INFO - Processing file /laewon/airflow_test/py_venv/lib/python3.8/site-packages/airflow/example_dags/example_branch_datetime_operator.py for tasks to queue
[2024-11-14T18:44:22.654+0900] {logging_mixin.py:190} INFO - [2024-11-14T18:44:22.653+0900] {dagbag.py:588} INFO - Filling up the DagBag from /laewon/airflow_test/py_venv/lib/python3.8/site-packages/airflow/example_dags/example_branch_datetime_operator.py
[2024-11-14T18:44:22.669+0900] {processor.py:925} INFO - DAG(s) 'example_branch_datetime_operator', 'example_branch_datetime_operator_3', 'example_branch_datetime_operator_2' retrieved from /laewon/airflow_test/py_venv/lib/python3.8/site-packages/airflow/example_dags/example_branch_datetime_operator.py
[2024-11-14T18:44:22.693+0900] {logging_mixin.py:190} INFO - [2024-11-14T18:44:22.692+0900] {dag.py:3239} INFO - Sync 3 DAGs
[2024-11-14T18:44:22.718+0900] {logging_mixin.py:190} INFO - [2024-11-14T18:44:22.717+0900] {dag.py:4180} INFO - Setting next_dagrun for example_branch_datetime_operator to 2024-11-13 00:00:00+00:00, run_after=2024-11-14 00:00:00+00:00
[2024-11-14T18:44:22.723+0900] {logging_mixin.py:190} INFO - [2024-11-14T18:44:22.723+0900] {dag.py:4180} INFO - Setting next_dagrun for example_branch_datetime_operator_2 to 2024-11-13 00:00:00+00:00, run_after=2024-11-14 00:00:00+00:00
[2024-11-14T18:44:22.726+0900] {logging_mixin.py:190} INFO - [2024-11-14T18:44:22.725+0900] {dag.py:4180} INFO - Setting next_dagrun for example_branch_datetime_operator_3 to 2024-11-13 00:00:00+00:00, run_after=2024-11-14 00:00:00+00:00
[2024-11-14T18:44:22.748+0900] {processor.py:208} INFO - Processing /laewon/airflow_test/py_venv/lib/python3.8/site-packages/airflow/example_dags/example_branch_datetime_operator.py took 0.107 seconds
[2024-11-14T18:45:40.082+0900] {processor.py:186} INFO - Started process (PID=2366557) to work on /laewon/airflow_test/py_venv/lib/python3.8/site-packages/airflow/example_dags/example_branch_datetime_operator.py
[2024-11-14T18:45:40.086+0900] {processor.py:914} INFO - Processing file /laewon/airflow_test/py_venv/lib/python3.8/site-packages/airflow/example_dags/example_branch_datetime_operator.py for tasks to queue
[2024-11-14T18:45:40.089+0900] {logging_mixin.py:190} INFO - [2024-11-14T18:45:40.088+0900] {dagbag.py:588} INFO - Filling up the DagBag from /laewon/airflow_test/py_venv/lib/python3.8/site-packages/airflow/example_dags/example_branch_datetime_operator.py
[2024-11-14T18:45:40.104+0900] {processor.py:925} INFO - DAG(s) 'example_branch_datetime_operator', 'example_branch_datetime_operator_3', 'example_branch_datetime_operator_2' retrieved from /laewon/airflow_test/py_venv/lib/python3.8/site-packages/airflow/example_dags/example_branch_datetime_operator.py
[2024-11-14T18:45:40.128+0900] {logging_mixin.py:190} INFO - [2024-11-14T18:45:40.127+0900] {dag.py:3239} INFO - Sync 3 DAGs
[2024-11-14T18:45:40.153+0900] {logging_mixin.py:190} INFO - [2024-11-14T18:45:40.153+0900] {dag.py:4180} INFO - Setting next_dagrun for example_branch_datetime_operator to 2024-11-13 00:00:00+00:00, run_after=2024-11-14 00:00:00+00:00
[2024-11-14T18:45:40.158+0900] {logging_mixin.py:190} INFO - [2024-11-14T18:45:40.158+0900] {dag.py:4180} INFO - Setting next_dagrun for example_branch_datetime_operator_2 to 2024-11-13 00:00:00+00:00, run_after=2024-11-14 00:00:00+00:00
[2024-11-14T18:45:40.161+0900] {logging_mixin.py:190} INFO - [2024-11-14T18:45:40.161+0900] {dag.py:4180} INFO - Setting next_dagrun for example_branch_datetime_operator_3 to 2024-11-13 00:00:00+00:00, run_after=2024-11-14 00:00:00+00:00
[2024-11-14T18:45:40.183+0900] {processor.py:208} INFO - Processing /laewon/airflow_test/py_venv/lib/python3.8/site-packages/airflow/example_dags/example_branch_datetime_operator.py took 0.108 seconds
