[2024-11-14T18:39:38.135+0900] {processor.py:186} INFO - Started process (PID=2365316) to work on /laewon/airflow_test/py_venv/lib/python3.8/site-packages/airflow/example_dags/example_trigger_target_dag.py
[2024-11-14T18:39:38.136+0900] {processor.py:914} INFO - Processing file /laewon/airflow_test/py_venv/lib/python3.8/site-packages/airflow/example_dags/example_trigger_target_dag.py for tasks to queue
[2024-11-14T18:39:38.138+0900] {logging_mixin.py:190} INFO - [2024-11-14T18:39:38.138+0900] {dagbag.py:588} INFO - Filling up the DagBag from /laewon/airflow_test/py_venv/lib/python3.8/site-packages/airflow/example_dags/example_trigger_target_dag.py
[2024-11-14T18:39:38.147+0900] {processor.py:925} INFO - DAG(s) 'example_trigger_target_dag' retrieved from /laewon/airflow_test/py_venv/lib/python3.8/site-packages/airflow/example_dags/example_trigger_target_dag.py
[2024-11-14T18:39:38.260+0900] {logging_mixin.py:190} INFO - [2024-11-14T18:39:38.260+0900] {override.py:1901} INFO - Created Permission View: can edit on DAG:example_trigger_target_dag
[2024-11-14T18:39:38.273+0900] {logging_mixin.py:190} INFO - [2024-11-14T18:39:38.273+0900] {override.py:1901} INFO - Created Permission View: can delete on DAG:example_trigger_target_dag
[2024-11-14T18:39:38.282+0900] {logging_mixin.py:190} INFO - [2024-11-14T18:39:38.282+0900] {override.py:1901} INFO - Created Permission View: can read on DAG:example_trigger_target_dag
[2024-11-14T18:39:38.295+0900] {logging_mixin.py:190} INFO - [2024-11-14T18:39:38.295+0900] {override.py:1901} INFO - Created Permission View: can create on DAG Run:example_trigger_target_dag
[2024-11-14T18:39:38.304+0900] {logging_mixin.py:190} INFO - [2024-11-14T18:39:38.304+0900] {override.py:1901} INFO - Created Permission View: can read on DAG Run:example_trigger_target_dag
[2024-11-14T18:39:38.313+0900] {logging_mixin.py:190} INFO - [2024-11-14T18:39:38.313+0900] {override.py:1901} INFO - Created Permission View: can delete on DAG Run:example_trigger_target_dag
[2024-11-14T18:39:38.333+0900] {logging_mixin.py:190} INFO - [2024-11-14T18:39:38.333+0900] {override.py:1901} INFO - Created Permission View: menu access on DAG Run:example_trigger_target_dag
[2024-11-14T18:39:38.333+0900] {logging_mixin.py:190} INFO - [2024-11-14T18:39:38.333+0900] {dag.py:3239} INFO - Sync 1 DAGs
[2024-11-14T18:39:38.347+0900] {logging_mixin.py:190} INFO - [2024-11-14T18:39:38.347+0900] {dag.py:3262} INFO - Creating ORM DAG for example_trigger_target_dag
[2024-11-14T18:39:38.347+0900] {logging_mixin.py:190} INFO - [2024-11-14T18:39:38.347+0900] {dag.py:4180} INFO - Setting next_dagrun for example_trigger_target_dag to None, run_after=None
[2024-11-14T18:39:38.371+0900] {processor.py:208} INFO - Processing /laewon/airflow_test/py_venv/lib/python3.8/site-packages/airflow/example_dags/example_trigger_target_dag.py took 0.244 seconds
[2024-11-14T18:40:58.701+0900] {processor.py:186} INFO - Started process (PID=2365832) to work on /laewon/airflow_test/py_venv/lib/python3.8/site-packages/airflow/example_dags/example_trigger_target_dag.py
[2024-11-14T18:40:58.705+0900] {processor.py:914} INFO - Processing file /laewon/airflow_test/py_venv/lib/python3.8/site-packages/airflow/example_dags/example_trigger_target_dag.py for tasks to queue
[2024-11-14T18:40:58.707+0900] {logging_mixin.py:190} INFO - [2024-11-14T18:40:58.707+0900] {dagbag.py:588} INFO - Filling up the DagBag from /laewon/airflow_test/py_venv/lib/python3.8/site-packages/airflow/example_dags/example_trigger_target_dag.py
[2024-11-14T18:40:58.717+0900] {processor.py:925} INFO - DAG(s) 'example_trigger_target_dag' retrieved from /laewon/airflow_test/py_venv/lib/python3.8/site-packages/airflow/example_dags/example_trigger_target_dag.py
[2024-11-14T18:40:58.734+0900] {logging_mixin.py:190} INFO - [2024-11-14T18:40:58.733+0900] {dag.py:3239} INFO - Sync 1 DAGs
[2024-11-14T18:40:58.749+0900] {logging_mixin.py:190} INFO - [2024-11-14T18:40:58.749+0900] {dag.py:4180} INFO - Setting next_dagrun for example_trigger_target_dag to None, run_after=None
[2024-11-14T18:40:58.771+0900] {processor.py:208} INFO - Processing /laewon/airflow_test/py_venv/lib/python3.8/site-packages/airflow/example_dags/example_trigger_target_dag.py took 0.077 seconds
[2024-11-14T18:41:59.594+0900] {processor.py:186} INFO - Started process (PID=2366147) to work on /laewon/airflow_test/py_venv/lib/python3.8/site-packages/airflow/example_dags/example_trigger_target_dag.py
[2024-11-14T18:41:59.598+0900] {processor.py:914} INFO - Processing file /laewon/airflow_test/py_venv/lib/python3.8/site-packages/airflow/example_dags/example_trigger_target_dag.py for tasks to queue
[2024-11-14T18:41:59.601+0900] {logging_mixin.py:190} INFO - [2024-11-14T18:41:59.600+0900] {dagbag.py:588} INFO - Filling up the DagBag from /laewon/airflow_test/py_venv/lib/python3.8/site-packages/airflow/example_dags/example_trigger_target_dag.py
[2024-11-14T18:41:59.610+0900] {processor.py:925} INFO - DAG(s) 'example_trigger_target_dag' retrieved from /laewon/airflow_test/py_venv/lib/python3.8/site-packages/airflow/example_dags/example_trigger_target_dag.py
[2024-11-14T18:41:59.626+0900] {logging_mixin.py:190} INFO - [2024-11-14T18:41:59.626+0900] {dag.py:3239} INFO - Sync 1 DAGs
[2024-11-14T18:41:59.642+0900] {logging_mixin.py:190} INFO - [2024-11-14T18:41:59.642+0900] {dag.py:4180} INFO - Setting next_dagrun for example_trigger_target_dag to None, run_after=None
[2024-11-14T18:41:59.663+0900] {processor.py:208} INFO - Processing /laewon/airflow_test/py_venv/lib/python3.8/site-packages/airflow/example_dags/example_trigger_target_dag.py took 0.077 seconds
[2024-11-14T18:42:51.238+0900] {processor.py:186} INFO - Started process (PID=2366351) to work on /laewon/airflow_test/py_venv/lib/python3.8/site-packages/airflow/example_dags/example_trigger_target_dag.py
[2024-11-14T18:42:51.242+0900] {processor.py:914} INFO - Processing file /laewon/airflow_test/py_venv/lib/python3.8/site-packages/airflow/example_dags/example_trigger_target_dag.py for tasks to queue
[2024-11-14T18:42:51.245+0900] {logging_mixin.py:190} INFO - [2024-11-14T18:42:51.245+0900] {dagbag.py:588} INFO - Filling up the DagBag from /laewon/airflow_test/py_venv/lib/python3.8/site-packages/airflow/example_dags/example_trigger_target_dag.py
[2024-11-14T18:42:51.254+0900] {processor.py:925} INFO - DAG(s) 'example_trigger_target_dag' retrieved from /laewon/airflow_test/py_venv/lib/python3.8/site-packages/airflow/example_dags/example_trigger_target_dag.py
[2024-11-14T18:42:51.270+0900] {logging_mixin.py:190} INFO - [2024-11-14T18:42:51.270+0900] {dag.py:3239} INFO - Sync 1 DAGs
[2024-11-14T18:42:51.285+0900] {logging_mixin.py:190} INFO - [2024-11-14T18:42:51.285+0900] {dag.py:4180} INFO - Setting next_dagrun for example_trigger_target_dag to None, run_after=None
[2024-11-14T18:42:51.307+0900] {processor.py:208} INFO - Processing /laewon/airflow_test/py_venv/lib/python3.8/site-packages/airflow/example_dags/example_trigger_target_dag.py took 0.075 seconds
[2024-11-14T18:43:42.977+0900] {processor.py:186} INFO - Started process (PID=2366406) to work on /laewon/airflow_test/py_venv/lib/python3.8/site-packages/airflow/example_dags/example_trigger_target_dag.py
[2024-11-14T18:43:42.982+0900] {processor.py:914} INFO - Processing file /laewon/airflow_test/py_venv/lib/python3.8/site-packages/airflow/example_dags/example_trigger_target_dag.py for tasks to queue
[2024-11-14T18:43:42.984+0900] {logging_mixin.py:190} INFO - [2024-11-14T18:43:42.984+0900] {dagbag.py:588} INFO - Filling up the DagBag from /laewon/airflow_test/py_venv/lib/python3.8/site-packages/airflow/example_dags/example_trigger_target_dag.py
[2024-11-14T18:43:42.993+0900] {processor.py:925} INFO - DAG(s) 'example_trigger_target_dag' retrieved from /laewon/airflow_test/py_venv/lib/python3.8/site-packages/airflow/example_dags/example_trigger_target_dag.py
[2024-11-14T18:43:43.009+0900] {logging_mixin.py:190} INFO - [2024-11-14T18:43:43.009+0900] {dag.py:3239} INFO - Sync 1 DAGs
[2024-11-14T18:43:43.024+0900] {logging_mixin.py:190} INFO - [2024-11-14T18:43:43.024+0900] {dag.py:4180} INFO - Setting next_dagrun for example_trigger_target_dag to None, run_after=None
[2024-11-14T18:43:43.046+0900] {processor.py:208} INFO - Processing /laewon/airflow_test/py_venv/lib/python3.8/site-packages/airflow/example_dags/example_trigger_target_dag.py took 0.075 seconds
[2024-11-14T18:44:34.576+0900] {processor.py:186} INFO - Started process (PID=2366489) to work on /laewon/airflow_test/py_venv/lib/python3.8/site-packages/airflow/example_dags/example_trigger_target_dag.py
[2024-11-14T18:44:34.580+0900] {processor.py:914} INFO - Processing file /laewon/airflow_test/py_venv/lib/python3.8/site-packages/airflow/example_dags/example_trigger_target_dag.py for tasks to queue
[2024-11-14T18:44:34.582+0900] {logging_mixin.py:190} INFO - [2024-11-14T18:44:34.582+0900] {dagbag.py:588} INFO - Filling up the DagBag from /laewon/airflow_test/py_venv/lib/python3.8/site-packages/airflow/example_dags/example_trigger_target_dag.py
[2024-11-14T18:44:34.591+0900] {processor.py:925} INFO - DAG(s) 'example_trigger_target_dag' retrieved from /laewon/airflow_test/py_venv/lib/python3.8/site-packages/airflow/example_dags/example_trigger_target_dag.py
[2024-11-14T18:44:34.607+0900] {logging_mixin.py:190} INFO - [2024-11-14T18:44:34.607+0900] {dag.py:3239} INFO - Sync 1 DAGs
[2024-11-14T18:44:34.622+0900] {logging_mixin.py:190} INFO - [2024-11-14T18:44:34.622+0900] {dag.py:4180} INFO - Setting next_dagrun for example_trigger_target_dag to None, run_after=None
[2024-11-14T18:44:34.644+0900] {processor.py:208} INFO - Processing /laewon/airflow_test/py_venv/lib/python3.8/site-packages/airflow/example_dags/example_trigger_target_dag.py took 0.075 seconds
[2024-11-14T18:45:25.112+0900] {processor.py:186} INFO - Started process (PID=2366541) to work on /laewon/airflow_test/py_venv/lib/python3.8/site-packages/airflow/example_dags/example_trigger_target_dag.py
[2024-11-14T18:45:25.116+0900] {processor.py:914} INFO - Processing file /laewon/airflow_test/py_venv/lib/python3.8/site-packages/airflow/example_dags/example_trigger_target_dag.py for tasks to queue
[2024-11-14T18:45:25.119+0900] {logging_mixin.py:190} INFO - [2024-11-14T18:45:25.118+0900] {dagbag.py:588} INFO - Filling up the DagBag from /laewon/airflow_test/py_venv/lib/python3.8/site-packages/airflow/example_dags/example_trigger_target_dag.py
[2024-11-14T18:45:25.127+0900] {processor.py:925} INFO - DAG(s) 'example_trigger_target_dag' retrieved from /laewon/airflow_test/py_venv/lib/python3.8/site-packages/airflow/example_dags/example_trigger_target_dag.py
[2024-11-14T18:45:25.144+0900] {logging_mixin.py:190} INFO - [2024-11-14T18:45:25.144+0900] {dag.py:3239} INFO - Sync 1 DAGs
[2024-11-14T18:45:25.159+0900] {logging_mixin.py:190} INFO - [2024-11-14T18:45:25.159+0900] {dag.py:4180} INFO - Setting next_dagrun for example_trigger_target_dag to None, run_after=None
[2024-11-14T18:45:25.181+0900] {processor.py:208} INFO - Processing /laewon/airflow_test/py_venv/lib/python3.8/site-packages/airflow/example_dags/example_trigger_target_dag.py took 0.076 seconds
