[2024-11-14T18:39:49.038+0900] {processor.py:186} INFO - Started process (PID=2365387) to work on /laewon/airflow_test/py_venv/lib/python3.8/site-packages/airflow/example_dags/example_display_name.py
[2024-11-14T18:39:49.039+0900] {processor.py:914} INFO - Processing file /laewon/airflow_test/py_venv/lib/python3.8/site-packages/airflow/example_dags/example_display_name.py for tasks to queue
[2024-11-14T18:39:49.041+0900] {logging_mixin.py:190} INFO - [2024-11-14T18:39:49.040+0900] {dagbag.py:588} INFO - Filling up the DagBag from /laewon/airflow_test/py_venv/lib/python3.8/site-packages/airflow/example_dags/example_display_name.py
[2024-11-14T18:39:49.049+0900] {processor.py:925} INFO - DAG(s) 'example_display_name' retrieved from /laewon/airflow_test/py_venv/lib/python3.8/site-packages/airflow/example_dags/example_display_name.py
[2024-11-14T18:39:49.162+0900] {logging_mixin.py:190} INFO - [2024-11-14T18:39:49.162+0900] {override.py:1901} INFO - Created Permission View: can edit on DAG:example_display_name
[2024-11-14T18:39:49.176+0900] {logging_mixin.py:190} INFO - [2024-11-14T18:39:49.176+0900] {override.py:1901} INFO - Created Permission View: can delete on DAG:example_display_name
[2024-11-14T18:39:49.189+0900] {logging_mixin.py:190} INFO - [2024-11-14T18:39:49.188+0900] {override.py:1901} INFO - Created Permission View: can read on DAG:example_display_name
[2024-11-14T18:39:49.203+0900] {logging_mixin.py:190} INFO - [2024-11-14T18:39:49.202+0900] {override.py:1901} INFO - Created Permission View: can create on DAG Run:example_display_name
[2024-11-14T18:39:49.220+0900] {logging_mixin.py:190} INFO - [2024-11-14T18:39:49.220+0900] {override.py:1901} INFO - Created Permission View: can read on DAG Run:example_display_name
[2024-11-14T18:39:49.229+0900] {logging_mixin.py:190} INFO - [2024-11-14T18:39:49.229+0900] {override.py:1901} INFO - Created Permission View: can delete on DAG Run:example_display_name
[2024-11-14T18:39:49.246+0900] {logging_mixin.py:190} INFO - [2024-11-14T18:39:49.246+0900] {override.py:1901} INFO - Created Permission View: menu access on DAG Run:example_display_name
[2024-11-14T18:39:49.247+0900] {logging_mixin.py:190} INFO - [2024-11-14T18:39:49.247+0900] {dag.py:3239} INFO - Sync 1 DAGs
[2024-11-14T18:39:49.260+0900] {logging_mixin.py:190} INFO - [2024-11-14T18:39:49.260+0900] {dag.py:3262} INFO - Creating ORM DAG for example_display_name
[2024-11-14T18:39:49.261+0900] {logging_mixin.py:190} INFO - [2024-11-14T18:39:49.261+0900] {dag.py:4180} INFO - Setting next_dagrun for example_display_name to None, run_after=None
[2024-11-14T18:39:49.282+0900] {processor.py:208} INFO - Processing /laewon/airflow_test/py_venv/lib/python3.8/site-packages/airflow/example_dags/example_display_name.py took 0.251 seconds
[2024-11-14T18:41:09.012+0900] {processor.py:186} INFO - Started process (PID=2365916) to work on /laewon/airflow_test/py_venv/lib/python3.8/site-packages/airflow/example_dags/example_display_name.py
[2024-11-14T18:41:09.016+0900] {processor.py:914} INFO - Processing file /laewon/airflow_test/py_venv/lib/python3.8/site-packages/airflow/example_dags/example_display_name.py for tasks to queue
[2024-11-14T18:41:09.019+0900] {logging_mixin.py:190} INFO - [2024-11-14T18:41:09.018+0900] {dagbag.py:588} INFO - Filling up the DagBag from /laewon/airflow_test/py_venv/lib/python3.8/site-packages/airflow/example_dags/example_display_name.py
[2024-11-14T18:41:09.028+0900] {processor.py:925} INFO - DAG(s) 'example_display_name' retrieved from /laewon/airflow_test/py_venv/lib/python3.8/site-packages/airflow/example_dags/example_display_name.py
[2024-11-14T18:41:09.044+0900] {logging_mixin.py:190} INFO - [2024-11-14T18:41:09.044+0900] {dag.py:3239} INFO - Sync 1 DAGs
[2024-11-14T18:41:09.059+0900] {logging_mixin.py:190} INFO - [2024-11-14T18:41:09.059+0900] {dag.py:4180} INFO - Setting next_dagrun for example_display_name to None, run_after=None
[2024-11-14T18:41:09.080+0900] {processor.py:208} INFO - Processing /laewon/airflow_test/py_venv/lib/python3.8/site-packages/airflow/example_dags/example_display_name.py took 0.075 seconds
[2024-11-14T18:42:09.904+0900] {processor.py:186} INFO - Started process (PID=2366189) to work on /laewon/airflow_test/py_venv/lib/python3.8/site-packages/airflow/example_dags/example_display_name.py
[2024-11-14T18:42:09.908+0900] {processor.py:914} INFO - Processing file /laewon/airflow_test/py_venv/lib/python3.8/site-packages/airflow/example_dags/example_display_name.py for tasks to queue
[2024-11-14T18:42:09.911+0900] {logging_mixin.py:190} INFO - [2024-11-14T18:42:09.911+0900] {dagbag.py:588} INFO - Filling up the DagBag from /laewon/airflow_test/py_venv/lib/python3.8/site-packages/airflow/example_dags/example_display_name.py
[2024-11-14T18:42:09.920+0900] {processor.py:925} INFO - DAG(s) 'example_display_name' retrieved from /laewon/airflow_test/py_venv/lib/python3.8/site-packages/airflow/example_dags/example_display_name.py
[2024-11-14T18:42:09.936+0900] {logging_mixin.py:190} INFO - [2024-11-14T18:42:09.935+0900] {dag.py:3239} INFO - Sync 1 DAGs
[2024-11-14T18:42:09.951+0900] {logging_mixin.py:190} INFO - [2024-11-14T18:42:09.951+0900] {dag.py:4180} INFO - Setting next_dagrun for example_display_name to None, run_after=None
[2024-11-14T18:42:09.972+0900] {processor.py:208} INFO - Processing /laewon/airflow_test/py_venv/lib/python3.8/site-packages/airflow/example_dags/example_display_name.py took 0.075 seconds
[2024-11-14T18:43:01.547+0900] {processor.py:186} INFO - Started process (PID=2366363) to work on /laewon/airflow_test/py_venv/lib/python3.8/site-packages/airflow/example_dags/example_display_name.py
[2024-11-14T18:43:01.551+0900] {processor.py:914} INFO - Processing file /laewon/airflow_test/py_venv/lib/python3.8/site-packages/airflow/example_dags/example_display_name.py for tasks to queue
[2024-11-14T18:43:01.554+0900] {logging_mixin.py:190} INFO - [2024-11-14T18:43:01.554+0900] {dagbag.py:588} INFO - Filling up the DagBag from /laewon/airflow_test/py_venv/lib/python3.8/site-packages/airflow/example_dags/example_display_name.py
[2024-11-14T18:43:01.562+0900] {processor.py:925} INFO - DAG(s) 'example_display_name' retrieved from /laewon/airflow_test/py_venv/lib/python3.8/site-packages/airflow/example_dags/example_display_name.py
[2024-11-14T18:43:01.579+0900] {logging_mixin.py:190} INFO - [2024-11-14T18:43:01.578+0900] {dag.py:3239} INFO - Sync 1 DAGs
[2024-11-14T18:43:01.594+0900] {logging_mixin.py:190} INFO - [2024-11-14T18:43:01.593+0900] {dag.py:4180} INFO - Setting next_dagrun for example_display_name to None, run_after=None
[2024-11-14T18:43:01.616+0900] {processor.py:208} INFO - Processing /laewon/airflow_test/py_venv/lib/python3.8/site-packages/airflow/example_dags/example_display_name.py took 0.076 seconds
[2024-11-14T18:43:54.124+0900] {processor.py:186} INFO - Started process (PID=2366417) to work on /laewon/airflow_test/py_venv/lib/python3.8/site-packages/airflow/example_dags/example_display_name.py
[2024-11-14T18:43:54.128+0900] {processor.py:914} INFO - Processing file /laewon/airflow_test/py_venv/lib/python3.8/site-packages/airflow/example_dags/example_display_name.py for tasks to queue
[2024-11-14T18:43:54.131+0900] {logging_mixin.py:190} INFO - [2024-11-14T18:43:54.130+0900] {dagbag.py:588} INFO - Filling up the DagBag from /laewon/airflow_test/py_venv/lib/python3.8/site-packages/airflow/example_dags/example_display_name.py
[2024-11-14T18:43:54.139+0900] {processor.py:925} INFO - DAG(s) 'example_display_name' retrieved from /laewon/airflow_test/py_venv/lib/python3.8/site-packages/airflow/example_dags/example_display_name.py
[2024-11-14T18:43:54.155+0900] {logging_mixin.py:190} INFO - [2024-11-14T18:43:54.155+0900] {dag.py:3239} INFO - Sync 1 DAGs
[2024-11-14T18:43:54.170+0900] {logging_mixin.py:190} INFO - [2024-11-14T18:43:54.170+0900] {dag.py:4180} INFO - Setting next_dagrun for example_display_name to None, run_after=None
[2024-11-14T18:43:54.191+0900] {processor.py:208} INFO - Processing /laewon/airflow_test/py_venv/lib/python3.8/site-packages/airflow/example_dags/example_display_name.py took 0.074 seconds
[2024-11-14T18:44:44.884+0900] {processor.py:186} INFO - Started process (PID=2366500) to work on /laewon/airflow_test/py_venv/lib/python3.8/site-packages/airflow/example_dags/example_display_name.py
[2024-11-14T18:44:44.889+0900] {processor.py:914} INFO - Processing file /laewon/airflow_test/py_venv/lib/python3.8/site-packages/airflow/example_dags/example_display_name.py for tasks to queue
[2024-11-14T18:44:44.891+0900] {logging_mixin.py:190} INFO - [2024-11-14T18:44:44.891+0900] {dagbag.py:588} INFO - Filling up the DagBag from /laewon/airflow_test/py_venv/lib/python3.8/site-packages/airflow/example_dags/example_display_name.py
[2024-11-14T18:44:44.900+0900] {processor.py:925} INFO - DAG(s) 'example_display_name' retrieved from /laewon/airflow_test/py_venv/lib/python3.8/site-packages/airflow/example_dags/example_display_name.py
[2024-11-14T18:44:44.916+0900] {logging_mixin.py:190} INFO - [2024-11-14T18:44:44.916+0900] {dag.py:3239} INFO - Sync 1 DAGs
[2024-11-14T18:44:44.932+0900] {logging_mixin.py:190} INFO - [2024-11-14T18:44:44.931+0900] {dag.py:4180} INFO - Setting next_dagrun for example_display_name to None, run_after=None
[2024-11-14T18:44:44.954+0900] {processor.py:208} INFO - Processing /laewon/airflow_test/py_venv/lib/python3.8/site-packages/airflow/example_dags/example_display_name.py took 0.076 seconds
[2024-11-14T18:45:36.282+0900] {processor.py:186} INFO - Started process (PID=2366553) to work on /laewon/airflow_test/py_venv/lib/python3.8/site-packages/airflow/example_dags/example_display_name.py
[2024-11-14T18:45:36.286+0900] {processor.py:914} INFO - Processing file /laewon/airflow_test/py_venv/lib/python3.8/site-packages/airflow/example_dags/example_display_name.py for tasks to queue
[2024-11-14T18:45:36.289+0900] {logging_mixin.py:190} INFO - [2024-11-14T18:45:36.289+0900] {dagbag.py:588} INFO - Filling up the DagBag from /laewon/airflow_test/py_venv/lib/python3.8/site-packages/airflow/example_dags/example_display_name.py
[2024-11-14T18:45:36.298+0900] {processor.py:925} INFO - DAG(s) 'example_display_name' retrieved from /laewon/airflow_test/py_venv/lib/python3.8/site-packages/airflow/example_dags/example_display_name.py
[2024-11-14T18:45:36.314+0900] {logging_mixin.py:190} INFO - [2024-11-14T18:45:36.314+0900] {dag.py:3239} INFO - Sync 1 DAGs
[2024-11-14T18:45:36.330+0900] {logging_mixin.py:190} INFO - [2024-11-14T18:45:36.329+0900] {dag.py:4180} INFO - Setting next_dagrun for example_display_name to None, run_after=None
[2024-11-14T18:45:36.351+0900] {processor.py:208} INFO - Processing /laewon/airflow_test/py_venv/lib/python3.8/site-packages/airflow/example_dags/example_display_name.py took 0.076 seconds
