[2024-11-14T18:39:53.188+0900] {processor.py:186} INFO - Started process (PID=2365421) to work on /laewon/airflow_test/py_venv/lib/python3.8/site-packages/airflow/example_dags/example_kubernetes_executor.py
[2024-11-14T18:39:53.189+0900] {processor.py:914} INFO - Processing file /laewon/airflow_test/py_venv/lib/python3.8/site-packages/airflow/example_dags/example_kubernetes_executor.py for tasks to queue
[2024-11-14T18:39:53.191+0900] {logging_mixin.py:190} INFO - [2024-11-14T18:39:53.191+0900] {dagbag.py:588} INFO - Filling up the DagBag from /laewon/airflow_test/py_venv/lib/python3.8/site-packages/airflow/example_dags/example_kubernetes_executor.py
[2024-11-14T18:39:53.195+0900] {logging_mixin.py:190} INFO - [2024-11-14T18:39:53.194+0900] {example_kubernetes_executor.py:39} WARNING - The example_kubernetes_executor example DAG requires the kubernetes provider. Please install it with: pip install apache-airflow[cncf.kubernetes]
[2024-11-14T18:39:53.195+0900] {processor.py:927} WARNING - No viable dags retrieved from /laewon/airflow_test/py_venv/lib/python3.8/site-packages/airflow/example_dags/example_kubernetes_executor.py
[2024-11-14T18:39:53.206+0900] {processor.py:208} INFO - Processing /laewon/airflow_test/py_venv/lib/python3.8/site-packages/airflow/example_dags/example_kubernetes_executor.py took 0.025 seconds
[2024-11-14T18:41:12.456+0900] {processor.py:186} INFO - Started process (PID=2365949) to work on /laewon/airflow_test/py_venv/lib/python3.8/site-packages/airflow/example_dags/example_kubernetes_executor.py
[2024-11-14T18:41:12.460+0900] {processor.py:914} INFO - Processing file /laewon/airflow_test/py_venv/lib/python3.8/site-packages/airflow/example_dags/example_kubernetes_executor.py for tasks to queue
[2024-11-14T18:41:12.462+0900] {logging_mixin.py:190} INFO - [2024-11-14T18:41:12.461+0900] {dagbag.py:588} INFO - Filling up the DagBag from /laewon/airflow_test/py_venv/lib/python3.8/site-packages/airflow/example_dags/example_kubernetes_executor.py
[2024-11-14T18:41:12.465+0900] {logging_mixin.py:190} INFO - [2024-11-14T18:41:12.465+0900] {example_kubernetes_executor.py:39} WARNING - The example_kubernetes_executor example DAG requires the kubernetes provider. Please install it with: pip install apache-airflow[cncf.kubernetes]
[2024-11-14T18:41:12.466+0900] {processor.py:927} WARNING - No viable dags retrieved from /laewon/airflow_test/py_venv/lib/python3.8/site-packages/airflow/example_dags/example_kubernetes_executor.py
[2024-11-14T18:41:12.477+0900] {processor.py:208} INFO - Processing /laewon/airflow_test/py_venv/lib/python3.8/site-packages/airflow/example_dags/example_kubernetes_executor.py took 0.028 seconds
[2024-11-14T18:42:13.350+0900] {processor.py:186} INFO - Started process (PID=2366192) to work on /laewon/airflow_test/py_venv/lib/python3.8/site-packages/airflow/example_dags/example_kubernetes_executor.py
[2024-11-14T18:42:13.354+0900] {processor.py:914} INFO - Processing file /laewon/airflow_test/py_venv/lib/python3.8/site-packages/airflow/example_dags/example_kubernetes_executor.py for tasks to queue
[2024-11-14T18:42:13.356+0900] {logging_mixin.py:190} INFO - [2024-11-14T18:42:13.356+0900] {dagbag.py:588} INFO - Filling up the DagBag from /laewon/airflow_test/py_venv/lib/python3.8/site-packages/airflow/example_dags/example_kubernetes_executor.py
[2024-11-14T18:42:13.360+0900] {logging_mixin.py:190} INFO - [2024-11-14T18:42:13.359+0900] {example_kubernetes_executor.py:39} WARNING - The example_kubernetes_executor example DAG requires the kubernetes provider. Please install it with: pip install apache-airflow[cncf.kubernetes]
[2024-11-14T18:42:13.360+0900] {processor.py:927} WARNING - No viable dags retrieved from /laewon/airflow_test/py_venv/lib/python3.8/site-packages/airflow/example_dags/example_kubernetes_executor.py
[2024-11-14T18:42:13.371+0900] {processor.py:208} INFO - Processing /laewon/airflow_test/py_venv/lib/python3.8/site-packages/airflow/example_dags/example_kubernetes_executor.py took 0.028 seconds
[2024-11-14T18:43:15.242+0900] {processor.py:186} INFO - Started process (PID=2366376) to work on /laewon/airflow_test/py_venv/lib/python3.8/site-packages/airflow/example_dags/example_kubernetes_executor.py
[2024-11-14T18:43:15.246+0900] {processor.py:914} INFO - Processing file /laewon/airflow_test/py_venv/lib/python3.8/site-packages/airflow/example_dags/example_kubernetes_executor.py for tasks to queue
[2024-11-14T18:43:15.248+0900] {logging_mixin.py:190} INFO - [2024-11-14T18:43:15.247+0900] {dagbag.py:588} INFO - Filling up the DagBag from /laewon/airflow_test/py_venv/lib/python3.8/site-packages/airflow/example_dags/example_kubernetes_executor.py
[2024-11-14T18:43:15.251+0900] {logging_mixin.py:190} INFO - [2024-11-14T18:43:15.251+0900] {example_kubernetes_executor.py:39} WARNING - The example_kubernetes_executor example DAG requires the kubernetes provider. Please install it with: pip install apache-airflow[cncf.kubernetes]
[2024-11-14T18:43:15.252+0900] {processor.py:927} WARNING - No viable dags retrieved from /laewon/airflow_test/py_venv/lib/python3.8/site-packages/airflow/example_dags/example_kubernetes_executor.py
[2024-11-14T18:43:15.263+0900] {processor.py:208} INFO - Processing /laewon/airflow_test/py_venv/lib/python3.8/site-packages/airflow/example_dags/example_kubernetes_executor.py took 0.028 seconds
[2024-11-14T18:44:06.072+0900] {processor.py:186} INFO - Started process (PID=2366430) to work on /laewon/airflow_test/py_venv/lib/python3.8/site-packages/airflow/example_dags/example_kubernetes_executor.py
[2024-11-14T18:44:06.076+0900] {processor.py:914} INFO - Processing file /laewon/airflow_test/py_venv/lib/python3.8/site-packages/airflow/example_dags/example_kubernetes_executor.py for tasks to queue
[2024-11-14T18:44:06.078+0900] {logging_mixin.py:190} INFO - [2024-11-14T18:44:06.078+0900] {dagbag.py:588} INFO - Filling up the DagBag from /laewon/airflow_test/py_venv/lib/python3.8/site-packages/airflow/example_dags/example_kubernetes_executor.py
[2024-11-14T18:44:06.082+0900] {logging_mixin.py:190} INFO - [2024-11-14T18:44:06.081+0900] {example_kubernetes_executor.py:39} WARNING - The example_kubernetes_executor example DAG requires the kubernetes provider. Please install it with: pip install apache-airflow[cncf.kubernetes]
[2024-11-14T18:44:06.082+0900] {processor.py:927} WARNING - No viable dags retrieved from /laewon/airflow_test/py_venv/lib/python3.8/site-packages/airflow/example_dags/example_kubernetes_executor.py
[2024-11-14T18:44:06.093+0900] {processor.py:208} INFO - Processing /laewon/airflow_test/py_venv/lib/python3.8/site-packages/airflow/example_dags/example_kubernetes_executor.py took 0.028 seconds
[2024-11-14T18:44:56.837+0900] {processor.py:186} INFO - Started process (PID=2366512) to work on /laewon/airflow_test/py_venv/lib/python3.8/site-packages/airflow/example_dags/example_kubernetes_executor.py
[2024-11-14T18:44:56.841+0900] {processor.py:914} INFO - Processing file /laewon/airflow_test/py_venv/lib/python3.8/site-packages/airflow/example_dags/example_kubernetes_executor.py for tasks to queue
[2024-11-14T18:44:56.844+0900] {logging_mixin.py:190} INFO - [2024-11-14T18:44:56.843+0900] {dagbag.py:588} INFO - Filling up the DagBag from /laewon/airflow_test/py_venv/lib/python3.8/site-packages/airflow/example_dags/example_kubernetes_executor.py
[2024-11-14T18:44:56.847+0900] {logging_mixin.py:190} INFO - [2024-11-14T18:44:56.847+0900] {example_kubernetes_executor.py:39} WARNING - The example_kubernetes_executor example DAG requires the kubernetes provider. Please install it with: pip install apache-airflow[cncf.kubernetes]
[2024-11-14T18:44:56.847+0900] {processor.py:927} WARNING - No viable dags retrieved from /laewon/airflow_test/py_venv/lib/python3.8/site-packages/airflow/example_dags/example_kubernetes_executor.py
[2024-11-14T18:44:56.858+0900] {processor.py:208} INFO - Processing /laewon/airflow_test/py_venv/lib/python3.8/site-packages/airflow/example_dags/example_kubernetes_executor.py took 0.028 seconds
