[2024-11-14T18:39:59.691+0900] {processor.py:186} INFO - Started process (PID=2365456) to work on /laewon/airflow_test/py_venv/lib/python3.8/site-packages/airflow/example_dags/example_dynamic_task_mapping_with_no_taskflow_operators.py
[2024-11-14T18:39:59.692+0900] {processor.py:914} INFO - Processing file /laewon/airflow_test/py_venv/lib/python3.8/site-packages/airflow/example_dags/example_dynamic_task_mapping_with_no_taskflow_operators.py for tasks to queue
[2024-11-14T18:39:59.694+0900] {logging_mixin.py:190} INFO - [2024-11-14T18:39:59.694+0900] {dagbag.py:588} INFO - Filling up the DagBag from /laewon/airflow_test/py_venv/lib/python3.8/site-packages/airflow/example_dags/example_dynamic_task_mapping_with_no_taskflow_operators.py
[2024-11-14T18:39:59.705+0900] {processor.py:925} INFO - DAG(s) 'example_dynamic_task_mapping_with_no_taskflow_operators' retrieved from /laewon/airflow_test/py_venv/lib/python3.8/site-packages/airflow/example_dags/example_dynamic_task_mapping_with_no_taskflow_operators.py
[2024-11-14T18:39:59.816+0900] {logging_mixin.py:190} INFO - [2024-11-14T18:39:59.815+0900] {override.py:1901} INFO - Created Permission View: can edit on DAG:example_dynamic_task_mapping_with_no_taskflow_operators
[2024-11-14T18:39:59.828+0900] {logging_mixin.py:190} INFO - [2024-11-14T18:39:59.828+0900] {override.py:1901} INFO - Created Permission View: can delete on DAG:example_dynamic_task_mapping_with_no_taskflow_operators
[2024-11-14T18:39:59.837+0900] {logging_mixin.py:190} INFO - [2024-11-14T18:39:59.837+0900] {override.py:1901} INFO - Created Permission View: can read on DAG:example_dynamic_task_mapping_with_no_taskflow_operators
[2024-11-14T18:39:59.850+0900] {logging_mixin.py:190} INFO - [2024-11-14T18:39:59.850+0900] {override.py:1901} INFO - Created Permission View: can create on DAG Run:example_dynamic_task_mapping_with_no_taskflow_operators
[2024-11-14T18:39:59.860+0900] {logging_mixin.py:190} INFO - [2024-11-14T18:39:59.859+0900] {override.py:1901} INFO - Created Permission View: can read on DAG Run:example_dynamic_task_mapping_with_no_taskflow_operators
[2024-11-14T18:39:59.869+0900] {logging_mixin.py:190} INFO - [2024-11-14T18:39:59.868+0900] {override.py:1901} INFO - Created Permission View: can delete on DAG Run:example_dynamic_task_mapping_with_no_taskflow_operators
[2024-11-14T18:39:59.878+0900] {logging_mixin.py:190} INFO - [2024-11-14T18:39:59.877+0900] {override.py:1901} INFO - Created Permission View: menu access on DAG Run:example_dynamic_task_mapping_with_no_taskflow_operators
[2024-11-14T18:39:59.878+0900] {logging_mixin.py:190} INFO - [2024-11-14T18:39:59.878+0900] {dag.py:3239} INFO - Sync 1 DAGs
[2024-11-14T18:39:59.891+0900] {logging_mixin.py:190} INFO - [2024-11-14T18:39:59.891+0900] {dag.py:3262} INFO - Creating ORM DAG for example_dynamic_task_mapping_with_no_taskflow_operators
[2024-11-14T18:39:59.892+0900] {logging_mixin.py:190} INFO - [2024-11-14T18:39:59.892+0900] {dag.py:4180} INFO - Setting next_dagrun for example_dynamic_task_mapping_with_no_taskflow_operators to None, run_after=None
[2024-11-14T18:39:59.911+0900] {processor.py:208} INFO - Processing /laewon/airflow_test/py_venv/lib/python3.8/site-packages/airflow/example_dags/example_dynamic_task_mapping_with_no_taskflow_operators.py took 0.227 seconds
[2024-11-14T18:41:28.456+0900] {processor.py:186} INFO - Started process (PID=2366055) to work on /laewon/airflow_test/py_venv/lib/python3.8/site-packages/airflow/example_dags/example_dynamic_task_mapping_with_no_taskflow_operators.py
[2024-11-14T18:41:28.460+0900] {processor.py:914} INFO - Processing file /laewon/airflow_test/py_venv/lib/python3.8/site-packages/airflow/example_dags/example_dynamic_task_mapping_with_no_taskflow_operators.py for tasks to queue
[2024-11-14T18:41:28.462+0900] {logging_mixin.py:190} INFO - [2024-11-14T18:41:28.461+0900] {dagbag.py:588} INFO - Filling up the DagBag from /laewon/airflow_test/py_venv/lib/python3.8/site-packages/airflow/example_dags/example_dynamic_task_mapping_with_no_taskflow_operators.py
[2024-11-14T18:41:28.471+0900] {processor.py:925} INFO - DAG(s) 'example_dynamic_task_mapping_with_no_taskflow_operators' retrieved from /laewon/airflow_test/py_venv/lib/python3.8/site-packages/airflow/example_dags/example_dynamic_task_mapping_with_no_taskflow_operators.py
[2024-11-14T18:41:28.487+0900] {logging_mixin.py:190} INFO - [2024-11-14T18:41:28.487+0900] {dag.py:3239} INFO - Sync 1 DAGs
[2024-11-14T18:41:28.502+0900] {logging_mixin.py:190} INFO - [2024-11-14T18:41:28.502+0900] {dag.py:4180} INFO - Setting next_dagrun for example_dynamic_task_mapping_with_no_taskflow_operators to None, run_after=None
[2024-11-14T18:41:28.523+0900] {processor.py:208} INFO - Processing /laewon/airflow_test/py_venv/lib/python3.8/site-packages/airflow/example_dags/example_dynamic_task_mapping_with_no_taskflow_operators.py took 0.074 seconds
[2024-11-14T18:42:23.497+0900] {processor.py:186} INFO - Started process (PID=2366248) to work on /laewon/airflow_test/py_venv/lib/python3.8/site-packages/airflow/example_dags/example_dynamic_task_mapping_with_no_taskflow_operators.py
[2024-11-14T18:42:23.500+0900] {processor.py:914} INFO - Processing file /laewon/airflow_test/py_venv/lib/python3.8/site-packages/airflow/example_dags/example_dynamic_task_mapping_with_no_taskflow_operators.py for tasks to queue
[2024-11-14T18:42:23.503+0900] {logging_mixin.py:190} INFO - [2024-11-14T18:42:23.502+0900] {dagbag.py:588} INFO - Filling up the DagBag from /laewon/airflow_test/py_venv/lib/python3.8/site-packages/airflow/example_dags/example_dynamic_task_mapping_with_no_taskflow_operators.py
[2024-11-14T18:42:23.512+0900] {processor.py:925} INFO - DAG(s) 'example_dynamic_task_mapping_with_no_taskflow_operators' retrieved from /laewon/airflow_test/py_venv/lib/python3.8/site-packages/airflow/example_dags/example_dynamic_task_mapping_with_no_taskflow_operators.py
[2024-11-14T18:42:23.529+0900] {logging_mixin.py:190} INFO - [2024-11-14T18:42:23.528+0900] {dag.py:3239} INFO - Sync 1 DAGs
[2024-11-14T18:42:23.544+0900] {logging_mixin.py:190} INFO - [2024-11-14T18:42:23.543+0900] {dag.py:4180} INFO - Setting next_dagrun for example_dynamic_task_mapping_with_no_taskflow_operators to None, run_after=None
[2024-11-14T18:42:23.565+0900] {processor.py:208} INFO - Processing /laewon/airflow_test/py_venv/lib/python3.8/site-packages/airflow/example_dags/example_dynamic_task_mapping_with_no_taskflow_operators.py took 0.075 seconds
[2024-11-14T18:43:19.593+0900] {processor.py:186} INFO - Started process (PID=2366382) to work on /laewon/airflow_test/py_venv/lib/python3.8/site-packages/airflow/example_dags/example_dynamic_task_mapping_with_no_taskflow_operators.py
[2024-11-14T18:43:19.597+0900] {processor.py:914} INFO - Processing file /laewon/airflow_test/py_venv/lib/python3.8/site-packages/airflow/example_dags/example_dynamic_task_mapping_with_no_taskflow_operators.py for tasks to queue
[2024-11-14T18:43:19.599+0900] {logging_mixin.py:190} INFO - [2024-11-14T18:43:19.598+0900] {dagbag.py:588} INFO - Filling up the DagBag from /laewon/airflow_test/py_venv/lib/python3.8/site-packages/airflow/example_dags/example_dynamic_task_mapping_with_no_taskflow_operators.py
[2024-11-14T18:43:19.608+0900] {processor.py:925} INFO - DAG(s) 'example_dynamic_task_mapping_with_no_taskflow_operators' retrieved from /laewon/airflow_test/py_venv/lib/python3.8/site-packages/airflow/example_dags/example_dynamic_task_mapping_with_no_taskflow_operators.py
[2024-11-14T18:43:19.625+0900] {logging_mixin.py:190} INFO - [2024-11-14T18:43:19.624+0900] {dag.py:3239} INFO - Sync 1 DAGs
[2024-11-14T18:43:19.639+0900] {logging_mixin.py:190} INFO - [2024-11-14T18:43:19.639+0900] {dag.py:4180} INFO - Setting next_dagrun for example_dynamic_task_mapping_with_no_taskflow_operators to None, run_after=None
[2024-11-14T18:43:19.660+0900] {processor.py:208} INFO - Processing /laewon/airflow_test/py_venv/lib/python3.8/site-packages/airflow/example_dags/example_dynamic_task_mapping_with_no_taskflow_operators.py took 0.075 seconds
[2024-11-14T18:44:10.420+0900] {processor.py:186} INFO - Started process (PID=2366435) to work on /laewon/airflow_test/py_venv/lib/python3.8/site-packages/airflow/example_dags/example_dynamic_task_mapping_with_no_taskflow_operators.py
[2024-11-14T18:44:10.425+0900] {processor.py:914} INFO - Processing file /laewon/airflow_test/py_venv/lib/python3.8/site-packages/airflow/example_dags/example_dynamic_task_mapping_with_no_taskflow_operators.py for tasks to queue
[2024-11-14T18:44:10.427+0900] {logging_mixin.py:190} INFO - [2024-11-14T18:44:10.426+0900] {dagbag.py:588} INFO - Filling up the DagBag from /laewon/airflow_test/py_venv/lib/python3.8/site-packages/airflow/example_dags/example_dynamic_task_mapping_with_no_taskflow_operators.py
[2024-11-14T18:44:10.436+0900] {processor.py:925} INFO - DAG(s) 'example_dynamic_task_mapping_with_no_taskflow_operators' retrieved from /laewon/airflow_test/py_venv/lib/python3.8/site-packages/airflow/example_dags/example_dynamic_task_mapping_with_no_taskflow_operators.py
[2024-11-14T18:44:10.452+0900] {logging_mixin.py:190} INFO - [2024-11-14T18:44:10.452+0900] {dag.py:3239} INFO - Sync 1 DAGs
[2024-11-14T18:44:10.467+0900] {logging_mixin.py:190} INFO - [2024-11-14T18:44:10.467+0900] {dag.py:4180} INFO - Setting next_dagrun for example_dynamic_task_mapping_with_no_taskflow_operators to None, run_after=None
[2024-11-14T18:44:10.488+0900] {processor.py:208} INFO - Processing /laewon/airflow_test/py_venv/lib/python3.8/site-packages/airflow/example_dags/example_dynamic_task_mapping_with_no_taskflow_operators.py took 0.075 seconds
[2024-11-14T18:45:02.649+0900] {processor.py:186} INFO - Started process (PID=2366517) to work on /laewon/airflow_test/py_venv/lib/python3.8/site-packages/airflow/example_dags/example_dynamic_task_mapping_with_no_taskflow_operators.py
[2024-11-14T18:45:02.654+0900] {processor.py:914} INFO - Processing file /laewon/airflow_test/py_venv/lib/python3.8/site-packages/airflow/example_dags/example_dynamic_task_mapping_with_no_taskflow_operators.py for tasks to queue
[2024-11-14T18:45:02.656+0900] {logging_mixin.py:190} INFO - [2024-11-14T18:45:02.655+0900] {dagbag.py:588} INFO - Filling up the DagBag from /laewon/airflow_test/py_venv/lib/python3.8/site-packages/airflow/example_dags/example_dynamic_task_mapping_with_no_taskflow_operators.py
[2024-11-14T18:45:02.665+0900] {processor.py:925} INFO - DAG(s) 'example_dynamic_task_mapping_with_no_taskflow_operators' retrieved from /laewon/airflow_test/py_venv/lib/python3.8/site-packages/airflow/example_dags/example_dynamic_task_mapping_with_no_taskflow_operators.py
[2024-11-14T18:45:02.681+0900] {logging_mixin.py:190} INFO - [2024-11-14T18:45:02.681+0900] {dag.py:3239} INFO - Sync 1 DAGs
[2024-11-14T18:45:02.696+0900] {logging_mixin.py:190} INFO - [2024-11-14T18:45:02.696+0900] {dag.py:4180} INFO - Setting next_dagrun for example_dynamic_task_mapping_with_no_taskflow_operators to None, run_after=None
[2024-11-14T18:45:02.718+0900] {processor.py:208} INFO - Processing /laewon/airflow_test/py_venv/lib/python3.8/site-packages/airflow/example_dags/example_dynamic_task_mapping_with_no_taskflow_operators.py took 0.076 seconds
