[2024-11-14T18:40:08.726+0900] {processor.py:186} INFO - Started process (PID=2365493) to work on /laewon/airflow_test/py_venv/lib/python3.8/site-packages/airflow/example_dags/example_inlet_event_extra.py
[2024-11-14T18:40:08.727+0900] {processor.py:914} INFO - Processing file /laewon/airflow_test/py_venv/lib/python3.8/site-packages/airflow/example_dags/example_inlet_event_extra.py for tasks to queue
[2024-11-14T18:40:08.730+0900] {logging_mixin.py:190} INFO - [2024-11-14T18:40:08.729+0900] {dagbag.py:588} INFO - Filling up the DagBag from /laewon/airflow_test/py_venv/lib/python3.8/site-packages/airflow/example_dags/example_inlet_event_extra.py
[2024-11-14T18:40:08.744+0900] {processor.py:925} INFO - DAG(s) 'read_dataset_event', 'read_dataset_event_from_classic' retrieved from /laewon/airflow_test/py_venv/lib/python3.8/site-packages/airflow/example_dags/example_inlet_event_extra.py
[2024-11-14T18:40:08.855+0900] {logging_mixin.py:190} INFO - [2024-11-14T18:40:08.854+0900] {override.py:1901} INFO - Created Permission View: can edit on DAG:read_dataset_event
[2024-11-14T18:40:08.867+0900] {logging_mixin.py:190} INFO - [2024-11-14T18:40:08.867+0900] {override.py:1901} INFO - Created Permission View: can delete on DAG:read_dataset_event
[2024-11-14T18:40:08.877+0900] {logging_mixin.py:190} INFO - [2024-11-14T18:40:08.876+0900] {override.py:1901} INFO - Created Permission View: can read on DAG:read_dataset_event
[2024-11-14T18:40:08.890+0900] {logging_mixin.py:190} INFO - [2024-11-14T18:40:08.890+0900] {override.py:1901} INFO - Created Permission View: can create on DAG Run:read_dataset_event
[2024-11-14T18:40:08.899+0900] {logging_mixin.py:190} INFO - [2024-11-14T18:40:08.899+0900] {override.py:1901} INFO - Created Permission View: can read on DAG Run:read_dataset_event
[2024-11-14T18:40:08.908+0900] {logging_mixin.py:190} INFO - [2024-11-14T18:40:08.908+0900] {override.py:1901} INFO - Created Permission View: can delete on DAG Run:read_dataset_event
[2024-11-14T18:40:08.918+0900] {logging_mixin.py:190} INFO - [2024-11-14T18:40:08.917+0900] {override.py:1901} INFO - Created Permission View: menu access on DAG Run:read_dataset_event
[2024-11-14T18:40:08.936+0900] {logging_mixin.py:190} INFO - [2024-11-14T18:40:08.936+0900] {override.py:1901} INFO - Created Permission View: can edit on DAG:read_dataset_event_from_classic
[2024-11-14T18:40:08.945+0900] {logging_mixin.py:190} INFO - [2024-11-14T18:40:08.945+0900] {override.py:1901} INFO - Created Permission View: can delete on DAG:read_dataset_event_from_classic
[2024-11-14T18:40:08.955+0900] {logging_mixin.py:190} INFO - [2024-11-14T18:40:08.954+0900] {override.py:1901} INFO - Created Permission View: can read on DAG:read_dataset_event_from_classic
[2024-11-14T18:40:08.968+0900] {logging_mixin.py:190} INFO - [2024-11-14T18:40:08.968+0900] {override.py:1901} INFO - Created Permission View: can create on DAG Run:read_dataset_event_from_classic
[2024-11-14T18:40:08.977+0900] {logging_mixin.py:190} INFO - [2024-11-14T18:40:08.977+0900] {override.py:1901} INFO - Created Permission View: can read on DAG Run:read_dataset_event_from_classic
[2024-11-14T18:40:08.987+0900] {logging_mixin.py:190} INFO - [2024-11-14T18:40:08.986+0900] {override.py:1901} INFO - Created Permission View: can delete on DAG Run:read_dataset_event_from_classic
[2024-11-14T18:40:08.996+0900] {logging_mixin.py:190} INFO - [2024-11-14T18:40:08.995+0900] {override.py:1901} INFO - Created Permission View: menu access on DAG Run:read_dataset_event_from_classic
[2024-11-14T18:40:08.996+0900] {logging_mixin.py:190} INFO - [2024-11-14T18:40:08.996+0900] {dag.py:3239} INFO - Sync 2 DAGs
[2024-11-14T18:40:09.009+0900] {logging_mixin.py:190} INFO - [2024-11-14T18:40:09.009+0900] {dag.py:3262} INFO - Creating ORM DAG for read_dataset_event_from_classic
[2024-11-14T18:40:09.010+0900] {logging_mixin.py:190} INFO - [2024-11-14T18:40:09.010+0900] {dag.py:3262} INFO - Creating ORM DAG for read_dataset_event
[2024-11-14T18:40:09.020+0900] {logging_mixin.py:190} INFO - [2024-11-14T18:40:09.020+0900] {dag.py:4180} INFO - Setting next_dagrun for read_dataset_event to 2024-11-13 00:00:00+00:00, run_after=2024-11-14 00:00:00+00:00
[2024-11-14T18:40:09.022+0900] {logging_mixin.py:190} INFO - [2024-11-14T18:40:09.022+0900] {dag.py:4180} INFO - Setting next_dagrun for read_dataset_event_from_classic to 2024-11-13 00:00:00+00:00, run_after=2024-11-14 00:00:00+00:00
[2024-11-14T18:40:09.044+0900] {processor.py:208} INFO - Processing /laewon/airflow_test/py_venv/lib/python3.8/site-packages/airflow/example_dags/example_inlet_event_extra.py took 0.325 seconds
[2024-11-14T18:41:36.015+0900] {processor.py:186} INFO - Started process (PID=2366062) to work on /laewon/airflow_test/py_venv/lib/python3.8/site-packages/airflow/example_dags/example_inlet_event_extra.py
[2024-11-14T18:41:36.019+0900] {processor.py:914} INFO - Processing file /laewon/airflow_test/py_venv/lib/python3.8/site-packages/airflow/example_dags/example_inlet_event_extra.py for tasks to queue
[2024-11-14T18:41:36.021+0900] {logging_mixin.py:190} INFO - [2024-11-14T18:41:36.021+0900] {dagbag.py:588} INFO - Filling up the DagBag from /laewon/airflow_test/py_venv/lib/python3.8/site-packages/airflow/example_dags/example_inlet_event_extra.py
[2024-11-14T18:41:36.036+0900] {processor.py:925} INFO - DAG(s) 'read_dataset_event_from_classic', 'read_dataset_event' retrieved from /laewon/airflow_test/py_venv/lib/python3.8/site-packages/airflow/example_dags/example_inlet_event_extra.py
[2024-11-14T18:41:36.055+0900] {logging_mixin.py:190} INFO - [2024-11-14T18:41:36.054+0900] {dag.py:3239} INFO - Sync 2 DAGs
[2024-11-14T18:41:36.080+0900] {logging_mixin.py:190} INFO - [2024-11-14T18:41:36.079+0900] {dag.py:4180} INFO - Setting next_dagrun for read_dataset_event to 2024-11-13 00:00:00+00:00, run_after=2024-11-14 00:00:00+00:00
[2024-11-14T18:41:36.085+0900] {logging_mixin.py:190} INFO - [2024-11-14T18:41:36.085+0900] {dag.py:4180} INFO - Setting next_dagrun for read_dataset_event_from_classic to 2024-11-13 00:00:00+00:00, run_after=2024-11-14 00:00:00+00:00
[2024-11-14T18:41:36.107+0900] {processor.py:208} INFO - Processing /laewon/airflow_test/py_venv/lib/python3.8/site-packages/airflow/example_dags/example_inlet_event_extra.py took 0.099 seconds
[2024-11-14T18:42:30.626+0900] {processor.py:186} INFO - Started process (PID=2366300) to work on /laewon/airflow_test/py_venv/lib/python3.8/site-packages/airflow/example_dags/example_inlet_event_extra.py
[2024-11-14T18:42:30.627+0900] {processor.py:914} INFO - Processing file /laewon/airflow_test/py_venv/lib/python3.8/site-packages/airflow/example_dags/example_inlet_event_extra.py for tasks to queue
[2024-11-14T18:42:30.629+0900] {logging_mixin.py:190} INFO - [2024-11-14T18:42:30.629+0900] {dagbag.py:588} INFO - Filling up the DagBag from /laewon/airflow_test/py_venv/lib/python3.8/site-packages/airflow/example_dags/example_inlet_event_extra.py
[2024-11-14T18:42:30.643+0900] {processor.py:925} INFO - DAG(s) 'read_dataset_event', 'read_dataset_event_from_classic' retrieved from /laewon/airflow_test/py_venv/lib/python3.8/site-packages/airflow/example_dags/example_inlet_event_extra.py
[2024-11-14T18:42:30.662+0900] {logging_mixin.py:190} INFO - [2024-11-14T18:42:30.662+0900] {dag.py:3239} INFO - Sync 2 DAGs
[2024-11-14T18:42:30.687+0900] {logging_mixin.py:190} INFO - [2024-11-14T18:42:30.687+0900] {dag.py:4180} INFO - Setting next_dagrun for read_dataset_event to 2024-11-13 00:00:00+00:00, run_after=2024-11-14 00:00:00+00:00
[2024-11-14T18:42:30.692+0900] {logging_mixin.py:190} INFO - [2024-11-14T18:42:30.692+0900] {dag.py:4180} INFO - Setting next_dagrun for read_dataset_event_from_classic to 2024-11-13 00:00:00+00:00, run_after=2024-11-14 00:00:00+00:00
[2024-11-14T18:42:30.714+0900] {processor.py:208} INFO - Processing /laewon/airflow_test/py_venv/lib/python3.8/site-packages/airflow/example_dags/example_inlet_event_extra.py took 0.095 seconds
[2024-11-14T18:43:25.385+0900] {processor.py:186} INFO - Started process (PID=2366389) to work on /laewon/airflow_test/py_venv/lib/python3.8/site-packages/airflow/example_dags/example_inlet_event_extra.py
[2024-11-14T18:43:25.390+0900] {processor.py:914} INFO - Processing file /laewon/airflow_test/py_venv/lib/python3.8/site-packages/airflow/example_dags/example_inlet_event_extra.py for tasks to queue
[2024-11-14T18:43:25.392+0900] {logging_mixin.py:190} INFO - [2024-11-14T18:43:25.391+0900] {dagbag.py:588} INFO - Filling up the DagBag from /laewon/airflow_test/py_venv/lib/python3.8/site-packages/airflow/example_dags/example_inlet_event_extra.py
[2024-11-14T18:43:25.406+0900] {processor.py:925} INFO - DAG(s) 'read_dataset_event', 'read_dataset_event_from_classic' retrieved from /laewon/airflow_test/py_venv/lib/python3.8/site-packages/airflow/example_dags/example_inlet_event_extra.py
[2024-11-14T18:43:25.425+0900] {logging_mixin.py:190} INFO - [2024-11-14T18:43:25.425+0900] {dag.py:3239} INFO - Sync 2 DAGs
[2024-11-14T18:43:25.450+0900] {logging_mixin.py:190} INFO - [2024-11-14T18:43:25.450+0900] {dag.py:4180} INFO - Setting next_dagrun for read_dataset_event to 2024-11-13 00:00:00+00:00, run_after=2024-11-14 00:00:00+00:00
[2024-11-14T18:43:25.455+0900] {logging_mixin.py:190} INFO - [2024-11-14T18:43:25.455+0900] {dag.py:4180} INFO - Setting next_dagrun for read_dataset_event_from_classic to 2024-11-13 00:00:00+00:00, run_after=2024-11-14 00:00:00+00:00
[2024-11-14T18:43:25.477+0900] {processor.py:208} INFO - Processing /laewon/airflow_test/py_venv/lib/python3.8/site-packages/airflow/example_dags/example_inlet_event_extra.py took 0.098 seconds
[2024-11-14T18:44:17.771+0900] {processor.py:186} INFO - Started process (PID=2366442) to work on /laewon/airflow_test/py_venv/lib/python3.8/site-packages/airflow/example_dags/example_inlet_event_extra.py
[2024-11-14T18:44:17.775+0900] {processor.py:914} INFO - Processing file /laewon/airflow_test/py_venv/lib/python3.8/site-packages/airflow/example_dags/example_inlet_event_extra.py for tasks to queue
[2024-11-14T18:44:17.778+0900] {logging_mixin.py:190} INFO - [2024-11-14T18:44:17.777+0900] {dagbag.py:588} INFO - Filling up the DagBag from /laewon/airflow_test/py_venv/lib/python3.8/site-packages/airflow/example_dags/example_inlet_event_extra.py
[2024-11-14T18:44:17.792+0900] {processor.py:925} INFO - DAG(s) 'read_dataset_event', 'read_dataset_event_from_classic' retrieved from /laewon/airflow_test/py_venv/lib/python3.8/site-packages/airflow/example_dags/example_inlet_event_extra.py
[2024-11-14T18:44:17.811+0900] {logging_mixin.py:190} INFO - [2024-11-14T18:44:17.811+0900] {dag.py:3239} INFO - Sync 2 DAGs
[2024-11-14T18:44:17.836+0900] {logging_mixin.py:190} INFO - [2024-11-14T18:44:17.836+0900] {dag.py:4180} INFO - Setting next_dagrun for read_dataset_event to 2024-11-13 00:00:00+00:00, run_after=2024-11-14 00:00:00+00:00
[2024-11-14T18:44:17.841+0900] {logging_mixin.py:190} INFO - [2024-11-14T18:44:17.841+0900] {dag.py:4180} INFO - Setting next_dagrun for read_dataset_event_from_classic to 2024-11-13 00:00:00+00:00, run_after=2024-11-14 00:00:00+00:00
[2024-11-14T18:44:17.863+0900] {processor.py:208} INFO - Processing /laewon/airflow_test/py_venv/lib/python3.8/site-packages/airflow/example_dags/example_inlet_event_extra.py took 0.099 seconds
[2024-11-14T18:45:09.471+0900] {processor.py:186} INFO - Started process (PID=2366524) to work on /laewon/airflow_test/py_venv/lib/python3.8/site-packages/airflow/example_dags/example_inlet_event_extra.py
[2024-11-14T18:45:09.476+0900] {processor.py:914} INFO - Processing file /laewon/airflow_test/py_venv/lib/python3.8/site-packages/airflow/example_dags/example_inlet_event_extra.py for tasks to queue
[2024-11-14T18:45:09.478+0900] {logging_mixin.py:190} INFO - [2024-11-14T18:45:09.477+0900] {dagbag.py:588} INFO - Filling up the DagBag from /laewon/airflow_test/py_venv/lib/python3.8/site-packages/airflow/example_dags/example_inlet_event_extra.py
[2024-11-14T18:45:09.492+0900] {processor.py:925} INFO - DAG(s) 'read_dataset_event', 'read_dataset_event_from_classic' retrieved from /laewon/airflow_test/py_venv/lib/python3.8/site-packages/airflow/example_dags/example_inlet_event_extra.py
[2024-11-14T18:45:09.511+0900] {logging_mixin.py:190} INFO - [2024-11-14T18:45:09.511+0900] {dag.py:3239} INFO - Sync 2 DAGs
[2024-11-14T18:45:09.537+0900] {logging_mixin.py:190} INFO - [2024-11-14T18:45:09.536+0900] {dag.py:4180} INFO - Setting next_dagrun for read_dataset_event to 2024-11-13 00:00:00+00:00, run_after=2024-11-14 00:00:00+00:00
[2024-11-14T18:45:09.542+0900] {logging_mixin.py:190} INFO - [2024-11-14T18:45:09.541+0900] {dag.py:4180} INFO - Setting next_dagrun for read_dataset_event_from_classic to 2024-11-13 00:00:00+00:00, run_after=2024-11-14 00:00:00+00:00
[2024-11-14T18:45:09.564+0900] {processor.py:208} INFO - Processing /laewon/airflow_test/py_venv/lib/python3.8/site-packages/airflow/example_dags/example_inlet_event_extra.py took 0.099 seconds
