[2024-11-14T18:40:04.818+0900] {processor.py:186} INFO - Started process (PID=2365490) to work on /laewon/airflow_test/py_venv/lib/python3.8/site-packages/airflow/example_dags/example_outlet_event_extra.py
[2024-11-14T18:40:04.819+0900] {processor.py:914} INFO - Processing file /laewon/airflow_test/py_venv/lib/python3.8/site-packages/airflow/example_dags/example_outlet_event_extra.py for tasks to queue
[2024-11-14T18:40:04.821+0900] {logging_mixin.py:190} INFO - [2024-11-14T18:40:04.821+0900] {dagbag.py:588} INFO - Filling up the DagBag from /laewon/airflow_test/py_venv/lib/python3.8/site-packages/airflow/example_dags/example_outlet_event_extra.py
[2024-11-14T18:40:04.837+0900] {processor.py:925} INFO - DAG(s) 'dataset_with_extra_from_classic_operator', 'dataset_with_extra_by_yield', 'dataset_with_extra_by_context' retrieved from /laewon/airflow_test/py_venv/lib/python3.8/site-packages/airflow/example_dags/example_outlet_event_extra.py
[2024-11-14T18:40:04.948+0900] {logging_mixin.py:190} INFO - [2024-11-14T18:40:04.947+0900] {override.py:1901} INFO - Created Permission View: can edit on DAG:dataset_with_extra_from_classic_operator
[2024-11-14T18:40:04.960+0900] {logging_mixin.py:190} INFO - [2024-11-14T18:40:04.960+0900] {override.py:1901} INFO - Created Permission View: can delete on DAG:dataset_with_extra_from_classic_operator
[2024-11-14T18:40:04.969+0900] {logging_mixin.py:190} INFO - [2024-11-14T18:40:04.969+0900] {override.py:1901} INFO - Created Permission View: can read on DAG:dataset_with_extra_from_classic_operator
[2024-11-14T18:40:04.983+0900] {logging_mixin.py:190} INFO - [2024-11-14T18:40:04.982+0900] {override.py:1901} INFO - Created Permission View: can create on DAG Run:dataset_with_extra_from_classic_operator
[2024-11-14T18:40:04.992+0900] {logging_mixin.py:190} INFO - [2024-11-14T18:40:04.992+0900] {override.py:1901} INFO - Created Permission View: can read on DAG Run:dataset_with_extra_from_classic_operator
[2024-11-14T18:40:05.001+0900] {logging_mixin.py:190} INFO - [2024-11-14T18:40:05.001+0900] {override.py:1901} INFO - Created Permission View: can delete on DAG Run:dataset_with_extra_from_classic_operator
[2024-11-14T18:40:05.010+0900] {logging_mixin.py:190} INFO - [2024-11-14T18:40:05.010+0900] {override.py:1901} INFO - Created Permission View: menu access on DAG Run:dataset_with_extra_from_classic_operator
[2024-11-14T18:40:05.029+0900] {logging_mixin.py:190} INFO - [2024-11-14T18:40:05.029+0900] {override.py:1901} INFO - Created Permission View: can edit on DAG:dataset_with_extra_by_yield
[2024-11-14T18:40:05.038+0900] {logging_mixin.py:190} INFO - [2024-11-14T18:40:05.038+0900] {override.py:1901} INFO - Created Permission View: can delete on DAG:dataset_with_extra_by_yield
[2024-11-14T18:40:05.047+0900] {logging_mixin.py:190} INFO - [2024-11-14T18:40:05.047+0900] {override.py:1901} INFO - Created Permission View: can read on DAG:dataset_with_extra_by_yield
[2024-11-14T18:40:05.061+0900] {logging_mixin.py:190} INFO - [2024-11-14T18:40:05.061+0900] {override.py:1901} INFO - Created Permission View: can create on DAG Run:dataset_with_extra_by_yield
[2024-11-14T18:40:05.070+0900] {logging_mixin.py:190} INFO - [2024-11-14T18:40:05.070+0900] {override.py:1901} INFO - Created Permission View: can read on DAG Run:dataset_with_extra_by_yield
[2024-11-14T18:40:05.079+0900] {logging_mixin.py:190} INFO - [2024-11-14T18:40:05.079+0900] {override.py:1901} INFO - Created Permission View: can delete on DAG Run:dataset_with_extra_by_yield
[2024-11-14T18:40:05.088+0900] {logging_mixin.py:190} INFO - [2024-11-14T18:40:05.088+0900] {override.py:1901} INFO - Created Permission View: menu access on DAG Run:dataset_with_extra_by_yield
[2024-11-14T18:40:05.106+0900] {logging_mixin.py:190} INFO - [2024-11-14T18:40:05.105+0900] {override.py:1901} INFO - Created Permission View: can edit on DAG:dataset_with_extra_by_context
[2024-11-14T18:40:05.115+0900] {logging_mixin.py:190} INFO - [2024-11-14T18:40:05.114+0900] {override.py:1901} INFO - Created Permission View: can delete on DAG:dataset_with_extra_by_context
[2024-11-14T18:40:05.124+0900] {logging_mixin.py:190} INFO - [2024-11-14T18:40:05.124+0900] {override.py:1901} INFO - Created Permission View: can read on DAG:dataset_with_extra_by_context
[2024-11-14T18:40:05.138+0900] {logging_mixin.py:190} INFO - [2024-11-14T18:40:05.137+0900] {override.py:1901} INFO - Created Permission View: can create on DAG Run:dataset_with_extra_by_context
[2024-11-14T18:40:05.147+0900] {logging_mixin.py:190} INFO - [2024-11-14T18:40:05.146+0900] {override.py:1901} INFO - Created Permission View: can read on DAG Run:dataset_with_extra_by_context
[2024-11-14T18:40:05.156+0900] {logging_mixin.py:190} INFO - [2024-11-14T18:40:05.156+0900] {override.py:1901} INFO - Created Permission View: can delete on DAG Run:dataset_with_extra_by_context
[2024-11-14T18:40:05.165+0900] {logging_mixin.py:190} INFO - [2024-11-14T18:40:05.165+0900] {override.py:1901} INFO - Created Permission View: menu access on DAG Run:dataset_with_extra_by_context
[2024-11-14T18:40:05.165+0900] {logging_mixin.py:190} INFO - [2024-11-14T18:40:05.165+0900] {dag.py:3239} INFO - Sync 3 DAGs
[2024-11-14T18:40:05.179+0900] {logging_mixin.py:190} INFO - [2024-11-14T18:40:05.178+0900] {dag.py:3262} INFO - Creating ORM DAG for dataset_with_extra_by_context
[2024-11-14T18:40:05.179+0900] {logging_mixin.py:190} INFO - [2024-11-14T18:40:05.179+0900] {dag.py:3262} INFO - Creating ORM DAG for dataset_with_extra_by_yield
[2024-11-14T18:40:05.180+0900] {logging_mixin.py:190} INFO - [2024-11-14T18:40:05.180+0900] {dag.py:3262} INFO - Creating ORM DAG for dataset_with_extra_from_classic_operator
[2024-11-14T18:40:05.190+0900] {logging_mixin.py:190} INFO - [2024-11-14T18:40:05.190+0900] {dag.py:4180} INFO - Setting next_dagrun for dataset_with_extra_by_context to 2024-11-13 00:00:00+00:00, run_after=2024-11-14 00:00:00+00:00
[2024-11-14T18:40:05.194+0900] {logging_mixin.py:190} INFO - [2024-11-14T18:40:05.194+0900] {dag.py:4180} INFO - Setting next_dagrun for dataset_with_extra_by_yield to 2024-11-13 00:00:00+00:00, run_after=2024-11-14 00:00:00+00:00
[2024-11-14T18:40:05.196+0900] {logging_mixin.py:190} INFO - [2024-11-14T18:40:05.196+0900] {dag.py:4180} INFO - Setting next_dagrun for dataset_with_extra_from_classic_operator to 2024-11-13 00:00:00+00:00, run_after=2024-11-14 00:00:00+00:00
[2024-11-14T18:40:05.222+0900] {processor.py:208} INFO - Processing /laewon/airflow_test/py_venv/lib/python3.8/site-packages/airflow/example_dags/example_outlet_event_extra.py took 0.413 seconds
[2024-11-14T18:41:32.684+0900] {processor.py:186} INFO - Started process (PID=2366059) to work on /laewon/airflow_test/py_venv/lib/python3.8/site-packages/airflow/example_dags/example_outlet_event_extra.py
[2024-11-14T18:41:32.689+0900] {processor.py:914} INFO - Processing file /laewon/airflow_test/py_venv/lib/python3.8/site-packages/airflow/example_dags/example_outlet_event_extra.py for tasks to queue
[2024-11-14T18:41:32.691+0900] {logging_mixin.py:190} INFO - [2024-11-14T18:41:32.690+0900] {dagbag.py:588} INFO - Filling up the DagBag from /laewon/airflow_test/py_venv/lib/python3.8/site-packages/airflow/example_dags/example_outlet_event_extra.py
[2024-11-14T18:41:32.708+0900] {processor.py:925} INFO - DAG(s) 'dataset_with_extra_from_classic_operator', 'dataset_with_extra_by_yield', 'dataset_with_extra_by_context' retrieved from /laewon/airflow_test/py_venv/lib/python3.8/site-packages/airflow/example_dags/example_outlet_event_extra.py
[2024-11-14T18:41:32.730+0900] {logging_mixin.py:190} INFO - [2024-11-14T18:41:32.730+0900] {dag.py:3239} INFO - Sync 3 DAGs
[2024-11-14T18:41:32.755+0900] {logging_mixin.py:190} INFO - [2024-11-14T18:41:32.755+0900] {dag.py:4180} INFO - Setting next_dagrun for dataset_with_extra_by_context to 2024-11-13 00:00:00+00:00, run_after=2024-11-14 00:00:00+00:00
[2024-11-14T18:41:32.761+0900] {logging_mixin.py:190} INFO - [2024-11-14T18:41:32.760+0900] {dag.py:4180} INFO - Setting next_dagrun for dataset_with_extra_by_yield to 2024-11-13 00:00:00+00:00, run_after=2024-11-14 00:00:00+00:00
[2024-11-14T18:41:32.764+0900] {logging_mixin.py:190} INFO - [2024-11-14T18:41:32.763+0900] {dag.py:4180} INFO - Setting next_dagrun for dataset_with_extra_from_classic_operator to 2024-11-13 00:00:00+00:00, run_after=2024-11-14 00:00:00+00:00
[2024-11-14T18:41:32.791+0900] {processor.py:208} INFO - Processing /laewon/airflow_test/py_venv/lib/python3.8/site-packages/airflow/example_dags/example_outlet_event_extra.py took 0.113 seconds
[2024-11-14T18:42:27.770+0900] {processor.py:186} INFO - Started process (PID=2366267) to work on /laewon/airflow_test/py_venv/lib/python3.8/site-packages/airflow/example_dags/example_outlet_event_extra.py
[2024-11-14T18:42:27.774+0900] {processor.py:914} INFO - Processing file /laewon/airflow_test/py_venv/lib/python3.8/site-packages/airflow/example_dags/example_outlet_event_extra.py for tasks to queue
[2024-11-14T18:42:27.776+0900] {logging_mixin.py:190} INFO - [2024-11-14T18:42:27.776+0900] {dagbag.py:588} INFO - Filling up the DagBag from /laewon/airflow_test/py_venv/lib/python3.8/site-packages/airflow/example_dags/example_outlet_event_extra.py
[2024-11-14T18:42:27.793+0900] {processor.py:925} INFO - DAG(s) 'dataset_with_extra_from_classic_operator', 'dataset_with_extra_by_yield', 'dataset_with_extra_by_context' retrieved from /laewon/airflow_test/py_venv/lib/python3.8/site-packages/airflow/example_dags/example_outlet_event_extra.py
[2024-11-14T18:42:27.816+0900] {logging_mixin.py:190} INFO - [2024-11-14T18:42:27.816+0900] {dag.py:3239} INFO - Sync 3 DAGs
[2024-11-14T18:42:27.841+0900] {logging_mixin.py:190} INFO - [2024-11-14T18:42:27.841+0900] {dag.py:4180} INFO - Setting next_dagrun for dataset_with_extra_by_context to 2024-11-13 00:00:00+00:00, run_after=2024-11-14 00:00:00+00:00
[2024-11-14T18:42:27.846+0900] {logging_mixin.py:190} INFO - [2024-11-14T18:42:27.846+0900] {dag.py:4180} INFO - Setting next_dagrun for dataset_with_extra_by_yield to 2024-11-13 00:00:00+00:00, run_after=2024-11-14 00:00:00+00:00
[2024-11-14T18:42:27.849+0900] {logging_mixin.py:190} INFO - [2024-11-14T18:42:27.849+0900] {dag.py:4180} INFO - Setting next_dagrun for dataset_with_extra_from_classic_operator to 2024-11-13 00:00:00+00:00, run_after=2024-11-14 00:00:00+00:00
[2024-11-14T18:42:27.875+0900] {processor.py:208} INFO - Processing /laewon/airflow_test/py_venv/lib/python3.8/site-packages/airflow/example_dags/example_outlet_event_extra.py took 0.112 seconds
[2024-11-14T18:43:23.425+0900] {processor.py:186} INFO - Started process (PID=2366386) to work on /laewon/airflow_test/py_venv/lib/python3.8/site-packages/airflow/example_dags/example_outlet_event_extra.py
[2024-11-14T18:43:23.429+0900] {processor.py:914} INFO - Processing file /laewon/airflow_test/py_venv/lib/python3.8/site-packages/airflow/example_dags/example_outlet_event_extra.py for tasks to queue
[2024-11-14T18:43:23.432+0900] {logging_mixin.py:190} INFO - [2024-11-14T18:43:23.431+0900] {dagbag.py:588} INFO - Filling up the DagBag from /laewon/airflow_test/py_venv/lib/python3.8/site-packages/airflow/example_dags/example_outlet_event_extra.py
[2024-11-14T18:43:23.448+0900] {processor.py:925} INFO - DAG(s) 'dataset_with_extra_from_classic_operator', 'dataset_with_extra_by_yield', 'dataset_with_extra_by_context' retrieved from /laewon/airflow_test/py_venv/lib/python3.8/site-packages/airflow/example_dags/example_outlet_event_extra.py
[2024-11-14T18:43:23.471+0900] {logging_mixin.py:190} INFO - [2024-11-14T18:43:23.471+0900] {dag.py:3239} INFO - Sync 3 DAGs
[2024-11-14T18:43:23.496+0900] {logging_mixin.py:190} INFO - [2024-11-14T18:43:23.495+0900] {dag.py:4180} INFO - Setting next_dagrun for dataset_with_extra_by_context to 2024-11-13 00:00:00+00:00, run_after=2024-11-14 00:00:00+00:00
[2024-11-14T18:43:23.501+0900] {logging_mixin.py:190} INFO - [2024-11-14T18:43:23.500+0900] {dag.py:4180} INFO - Setting next_dagrun for dataset_with_extra_by_yield to 2024-11-13 00:00:00+00:00, run_after=2024-11-14 00:00:00+00:00
[2024-11-14T18:43:23.503+0900] {logging_mixin.py:190} INFO - [2024-11-14T18:43:23.503+0900] {dag.py:4180} INFO - Setting next_dagrun for dataset_with_extra_from_classic_operator to 2024-11-13 00:00:00+00:00, run_after=2024-11-14 00:00:00+00:00
[2024-11-14T18:43:23.530+0900] {processor.py:208} INFO - Processing /laewon/airflow_test/py_venv/lib/python3.8/site-packages/airflow/example_dags/example_outlet_event_extra.py took 0.112 seconds
[2024-11-14T18:44:15.000+0900] {processor.py:186} INFO - Started process (PID=2366439) to work on /laewon/airflow_test/py_venv/lib/python3.8/site-packages/airflow/example_dags/example_outlet_event_extra.py
[2024-11-14T18:44:15.004+0900] {processor.py:914} INFO - Processing file /laewon/airflow_test/py_venv/lib/python3.8/site-packages/airflow/example_dags/example_outlet_event_extra.py for tasks to queue
[2024-11-14T18:44:15.007+0900] {logging_mixin.py:190} INFO - [2024-11-14T18:44:15.006+0900] {dagbag.py:588} INFO - Filling up the DagBag from /laewon/airflow_test/py_venv/lib/python3.8/site-packages/airflow/example_dags/example_outlet_event_extra.py
[2024-11-14T18:44:15.023+0900] {processor.py:925} INFO - DAG(s) 'dataset_with_extra_by_context', 'dataset_with_extra_by_yield', 'dataset_with_extra_from_classic_operator' retrieved from /laewon/airflow_test/py_venv/lib/python3.8/site-packages/airflow/example_dags/example_outlet_event_extra.py
[2024-11-14T18:44:15.046+0900] {logging_mixin.py:190} INFO - [2024-11-14T18:44:15.046+0900] {dag.py:3239} INFO - Sync 3 DAGs
[2024-11-14T18:44:15.071+0900] {logging_mixin.py:190} INFO - [2024-11-14T18:44:15.071+0900] {dag.py:4180} INFO - Setting next_dagrun for dataset_with_extra_by_context to 2024-11-13 00:00:00+00:00, run_after=2024-11-14 00:00:00+00:00
[2024-11-14T18:44:15.077+0900] {logging_mixin.py:190} INFO - [2024-11-14T18:44:15.077+0900] {dag.py:4180} INFO - Setting next_dagrun for dataset_with_extra_by_yield to 2024-11-13 00:00:00+00:00, run_after=2024-11-14 00:00:00+00:00
[2024-11-14T18:44:15.080+0900] {logging_mixin.py:190} INFO - [2024-11-14T18:44:15.079+0900] {dag.py:4180} INFO - Setting next_dagrun for dataset_with_extra_from_classic_operator to 2024-11-13 00:00:00+00:00, run_after=2024-11-14 00:00:00+00:00
[2024-11-14T18:44:15.106+0900] {processor.py:208} INFO - Processing /laewon/airflow_test/py_venv/lib/python3.8/site-packages/airflow/example_dags/example_outlet_event_extra.py took 0.113 seconds
[2024-11-14T18:45:05.835+0900] {processor.py:186} INFO - Started process (PID=2366521) to work on /laewon/airflow_test/py_venv/lib/python3.8/site-packages/airflow/example_dags/example_outlet_event_extra.py
[2024-11-14T18:45:05.839+0900] {processor.py:914} INFO - Processing file /laewon/airflow_test/py_venv/lib/python3.8/site-packages/airflow/example_dags/example_outlet_event_extra.py for tasks to queue
[2024-11-14T18:45:05.841+0900] {logging_mixin.py:190} INFO - [2024-11-14T18:45:05.841+0900] {dagbag.py:588} INFO - Filling up the DagBag from /laewon/airflow_test/py_venv/lib/python3.8/site-packages/airflow/example_dags/example_outlet_event_extra.py
[2024-11-14T18:45:05.858+0900] {processor.py:925} INFO - DAG(s) 'dataset_with_extra_from_classic_operator', 'dataset_with_extra_by_yield', 'dataset_with_extra_by_context' retrieved from /laewon/airflow_test/py_venv/lib/python3.8/site-packages/airflow/example_dags/example_outlet_event_extra.py
[2024-11-14T18:45:05.880+0900] {logging_mixin.py:190} INFO - [2024-11-14T18:45:05.880+0900] {dag.py:3239} INFO - Sync 3 DAGs
[2024-11-14T18:45:05.906+0900] {logging_mixin.py:190} INFO - [2024-11-14T18:45:05.906+0900] {dag.py:4180} INFO - Setting next_dagrun for dataset_with_extra_by_context to 2024-11-13 00:00:00+00:00, run_after=2024-11-14 00:00:00+00:00
[2024-11-14T18:45:05.911+0900] {logging_mixin.py:190} INFO - [2024-11-14T18:45:05.911+0900] {dag.py:4180} INFO - Setting next_dagrun for dataset_with_extra_by_yield to 2024-11-13 00:00:00+00:00, run_after=2024-11-14 00:00:00+00:00
[2024-11-14T18:45:05.914+0900] {logging_mixin.py:190} INFO - [2024-11-14T18:45:05.914+0900] {dag.py:4180} INFO - Setting next_dagrun for dataset_with_extra_from_classic_operator to 2024-11-13 00:00:00+00:00, run_after=2024-11-14 00:00:00+00:00
[2024-11-14T18:45:05.940+0900] {processor.py:208} INFO - Processing /laewon/airflow_test/py_venv/lib/python3.8/site-packages/airflow/example_dags/example_outlet_event_extra.py took 0.112 seconds
