[2024-11-14T18:39:39.849+0900] {processor.py:186} INFO - Started process (PID=2365333) to work on /laewon/airflow_test/py_venv/lib/python3.8/site-packages/airflow/example_dags/example_xcom.py
[2024-11-14T18:39:39.849+0900] {processor.py:914} INFO - Processing file /laewon/airflow_test/py_venv/lib/python3.8/site-packages/airflow/example_dags/example_xcom.py for tasks to queue
[2024-11-14T18:39:39.851+0900] {logging_mixin.py:190} INFO - [2024-11-14T18:39:39.851+0900] {dagbag.py:588} INFO - Filling up the DagBag from /laewon/airflow_test/py_venv/lib/python3.8/site-packages/airflow/example_dags/example_xcom.py
[2024-11-14T18:39:39.862+0900] {processor.py:925} INFO - DAG(s) 'example_xcom' retrieved from /laewon/airflow_test/py_venv/lib/python3.8/site-packages/airflow/example_dags/example_xcom.py
[2024-11-14T18:39:39.977+0900] {logging_mixin.py:190} INFO - [2024-11-14T18:39:39.977+0900] {override.py:1901} INFO - Created Permission View: can edit on DAG:example_xcom
[2024-11-14T18:39:39.989+0900] {logging_mixin.py:190} INFO - [2024-11-14T18:39:39.989+0900] {override.py:1901} INFO - Created Permission View: can delete on DAG:example_xcom
[2024-11-14T18:39:39.998+0900] {logging_mixin.py:190} INFO - [2024-11-14T18:39:39.998+0900] {override.py:1901} INFO - Created Permission View: can read on DAG:example_xcom
[2024-11-14T18:39:40.012+0900] {logging_mixin.py:190} INFO - [2024-11-14T18:39:40.011+0900] {override.py:1901} INFO - Created Permission View: can create on DAG Run:example_xcom
[2024-11-14T18:39:40.021+0900] {logging_mixin.py:190} INFO - [2024-11-14T18:39:40.020+0900] {override.py:1901} INFO - Created Permission View: can read on DAG Run:example_xcom
[2024-11-14T18:39:40.030+0900] {logging_mixin.py:190} INFO - [2024-11-14T18:39:40.029+0900] {override.py:1901} INFO - Created Permission View: can delete on DAG Run:example_xcom
[2024-11-14T18:39:40.039+0900] {logging_mixin.py:190} INFO - [2024-11-14T18:39:40.039+0900] {override.py:1901} INFO - Created Permission View: menu access on DAG Run:example_xcom
[2024-11-14T18:39:40.040+0900] {logging_mixin.py:190} INFO - [2024-11-14T18:39:40.039+0900] {dag.py:3239} INFO - Sync 1 DAGs
[2024-11-14T18:39:40.053+0900] {logging_mixin.py:190} INFO - [2024-11-14T18:39:40.052+0900] {dag.py:3262} INFO - Creating ORM DAG for example_xcom
[2024-11-14T18:39:40.061+0900] {logging_mixin.py:190} INFO - [2024-11-14T18:39:40.061+0900] {dag.py:4180} INFO - Setting next_dagrun for example_xcom to 2021-01-01 00:00:00+00:00, run_after=2021-01-01 00:00:00+00:00
[2024-11-14T18:39:40.081+0900] {processor.py:208} INFO - Processing /laewon/airflow_test/py_venv/lib/python3.8/site-packages/airflow/example_dags/example_xcom.py took 0.239 seconds
[2024-11-14T18:41:01.008+0900] {processor.py:186} INFO - Started process (PID=2365877) to work on /laewon/airflow_test/py_venv/lib/python3.8/site-packages/airflow/example_dags/example_xcom.py
[2024-11-14T18:41:01.012+0900] {processor.py:914} INFO - Processing file /laewon/airflow_test/py_venv/lib/python3.8/site-packages/airflow/example_dags/example_xcom.py for tasks to queue
[2024-11-14T18:41:01.015+0900] {logging_mixin.py:190} INFO - [2024-11-14T18:41:01.014+0900] {dagbag.py:588} INFO - Filling up the DagBag from /laewon/airflow_test/py_venv/lib/python3.8/site-packages/airflow/example_dags/example_xcom.py
[2024-11-14T18:41:01.026+0900] {processor.py:925} INFO - DAG(s) 'example_xcom' retrieved from /laewon/airflow_test/py_venv/lib/python3.8/site-packages/airflow/example_dags/example_xcom.py
[2024-11-14T18:41:01.044+0900] {logging_mixin.py:190} INFO - [2024-11-14T18:41:01.044+0900] {dag.py:3239} INFO - Sync 1 DAGs
[2024-11-14T18:41:01.067+0900] {logging_mixin.py:190} INFO - [2024-11-14T18:41:01.067+0900] {dag.py:4180} INFO - Setting next_dagrun for example_xcom to 2021-01-01 00:00:00+00:00, run_after=2021-01-01 00:00:00+00:00
[2024-11-14T18:41:01.091+0900] {processor.py:208} INFO - Processing /laewon/airflow_test/py_venv/lib/python3.8/site-packages/airflow/example_dags/example_xcom.py took 0.090 seconds
[2024-11-14T18:42:01.895+0900] {processor.py:186} INFO - Started process (PID=2366149) to work on /laewon/airflow_test/py_venv/lib/python3.8/site-packages/airflow/example_dags/example_xcom.py
[2024-11-14T18:42:01.899+0900] {processor.py:914} INFO - Processing file /laewon/airflow_test/py_venv/lib/python3.8/site-packages/airflow/example_dags/example_xcom.py for tasks to queue
[2024-11-14T18:42:01.901+0900] {logging_mixin.py:190} INFO - [2024-11-14T18:42:01.900+0900] {dagbag.py:588} INFO - Filling up the DagBag from /laewon/airflow_test/py_venv/lib/python3.8/site-packages/airflow/example_dags/example_xcom.py
[2024-11-14T18:42:01.912+0900] {processor.py:925} INFO - DAG(s) 'example_xcom' retrieved from /laewon/airflow_test/py_venv/lib/python3.8/site-packages/airflow/example_dags/example_xcom.py
[2024-11-14T18:42:01.930+0900] {logging_mixin.py:190} INFO - [2024-11-14T18:42:01.930+0900] {dag.py:3239} INFO - Sync 1 DAGs
[2024-11-14T18:42:01.953+0900] {logging_mixin.py:190} INFO - [2024-11-14T18:42:01.953+0900] {dag.py:4180} INFO - Setting next_dagrun for example_xcom to 2021-01-01 00:00:00+00:00, run_after=2021-01-01 00:00:00+00:00
[2024-11-14T18:42:01.977+0900] {processor.py:208} INFO - Processing /laewon/airflow_test/py_venv/lib/python3.8/site-packages/airflow/example_dags/example_xcom.py took 0.089 seconds
[2024-11-14T18:42:53.515+0900] {processor.py:186} INFO - Started process (PID=2366354) to work on /laewon/airflow_test/py_venv/lib/python3.8/site-packages/airflow/example_dags/example_xcom.py
[2024-11-14T18:42:53.519+0900] {processor.py:914} INFO - Processing file /laewon/airflow_test/py_venv/lib/python3.8/site-packages/airflow/example_dags/example_xcom.py for tasks to queue
[2024-11-14T18:42:53.522+0900] {logging_mixin.py:190} INFO - [2024-11-14T18:42:53.521+0900] {dagbag.py:588} INFO - Filling up the DagBag from /laewon/airflow_test/py_venv/lib/python3.8/site-packages/airflow/example_dags/example_xcom.py
[2024-11-14T18:42:53.533+0900] {processor.py:925} INFO - DAG(s) 'example_xcom' retrieved from /laewon/airflow_test/py_venv/lib/python3.8/site-packages/airflow/example_dags/example_xcom.py
[2024-11-14T18:42:53.551+0900] {logging_mixin.py:190} INFO - [2024-11-14T18:42:53.551+0900] {dag.py:3239} INFO - Sync 1 DAGs
[2024-11-14T18:42:53.574+0900] {logging_mixin.py:190} INFO - [2024-11-14T18:42:53.574+0900] {dag.py:4180} INFO - Setting next_dagrun for example_xcom to 2021-01-01 00:00:00+00:00, run_after=2021-01-01 00:00:00+00:00
[2024-11-14T18:42:53.598+0900] {processor.py:208} INFO - Processing /laewon/airflow_test/py_venv/lib/python3.8/site-packages/airflow/example_dags/example_xcom.py took 0.090 seconds
[2024-11-14T18:43:44.532+0900] {processor.py:186} INFO - Started process (PID=2366408) to work on /laewon/airflow_test/py_venv/lib/python3.8/site-packages/airflow/example_dags/example_xcom.py
[2024-11-14T18:43:44.536+0900] {processor.py:914} INFO - Processing file /laewon/airflow_test/py_venv/lib/python3.8/site-packages/airflow/example_dags/example_xcom.py for tasks to queue
[2024-11-14T18:43:44.538+0900] {logging_mixin.py:190} INFO - [2024-11-14T18:43:44.538+0900] {dagbag.py:588} INFO - Filling up the DagBag from /laewon/airflow_test/py_venv/lib/python3.8/site-packages/airflow/example_dags/example_xcom.py
[2024-11-14T18:43:44.549+0900] {processor.py:925} INFO - DAG(s) 'example_xcom' retrieved from /laewon/airflow_test/py_venv/lib/python3.8/site-packages/airflow/example_dags/example_xcom.py
[2024-11-14T18:43:44.568+0900] {logging_mixin.py:190} INFO - [2024-11-14T18:43:44.568+0900] {dag.py:3239} INFO - Sync 1 DAGs
[2024-11-14T18:43:44.590+0900] {logging_mixin.py:190} INFO - [2024-11-14T18:43:44.590+0900] {dag.py:4180} INFO - Setting next_dagrun for example_xcom to 2021-01-01 00:00:00+00:00, run_after=2021-01-01 00:00:00+00:00
[2024-11-14T18:43:44.627+0900] {processor.py:208} INFO - Processing /laewon/airflow_test/py_venv/lib/python3.8/site-packages/airflow/example_dags/example_xcom.py took 0.102 seconds
[2024-11-14T18:44:36.542+0900] {processor.py:186} INFO - Started process (PID=2366491) to work on /laewon/airflow_test/py_venv/lib/python3.8/site-packages/airflow/example_dags/example_xcom.py
[2024-11-14T18:44:36.546+0900] {processor.py:914} INFO - Processing file /laewon/airflow_test/py_venv/lib/python3.8/site-packages/airflow/example_dags/example_xcom.py for tasks to queue
[2024-11-14T18:44:36.548+0900] {logging_mixin.py:190} INFO - [2024-11-14T18:44:36.548+0900] {dagbag.py:588} INFO - Filling up the DagBag from /laewon/airflow_test/py_venv/lib/python3.8/site-packages/airflow/example_dags/example_xcom.py
[2024-11-14T18:44:36.560+0900] {processor.py:925} INFO - DAG(s) 'example_xcom' retrieved from /laewon/airflow_test/py_venv/lib/python3.8/site-packages/airflow/example_dags/example_xcom.py
[2024-11-14T18:44:36.578+0900] {logging_mixin.py:190} INFO - [2024-11-14T18:44:36.578+0900] {dag.py:3239} INFO - Sync 1 DAGs
[2024-11-14T18:44:36.600+0900] {logging_mixin.py:190} INFO - [2024-11-14T18:44:36.600+0900] {dag.py:4180} INFO - Setting next_dagrun for example_xcom to 2021-01-01 00:00:00+00:00, run_after=2021-01-01 00:00:00+00:00
[2024-11-14T18:44:36.625+0900] {processor.py:208} INFO - Processing /laewon/airflow_test/py_venv/lib/python3.8/site-packages/airflow/example_dags/example_xcom.py took 0.090 seconds
[2024-11-14T18:45:27.284+0900] {processor.py:186} INFO - Started process (PID=2366543) to work on /laewon/airflow_test/py_venv/lib/python3.8/site-packages/airflow/example_dags/example_xcom.py
[2024-11-14T18:45:27.288+0900] {processor.py:914} INFO - Processing file /laewon/airflow_test/py_venv/lib/python3.8/site-packages/airflow/example_dags/example_xcom.py for tasks to queue
[2024-11-14T18:45:27.290+0900] {logging_mixin.py:190} INFO - [2024-11-14T18:45:27.290+0900] {dagbag.py:588} INFO - Filling up the DagBag from /laewon/airflow_test/py_venv/lib/python3.8/site-packages/airflow/example_dags/example_xcom.py
[2024-11-14T18:45:27.302+0900] {processor.py:925} INFO - DAG(s) 'example_xcom' retrieved from /laewon/airflow_test/py_venv/lib/python3.8/site-packages/airflow/example_dags/example_xcom.py
[2024-11-14T18:45:27.320+0900] {logging_mixin.py:190} INFO - [2024-11-14T18:45:27.320+0900] {dag.py:3239} INFO - Sync 1 DAGs
[2024-11-14T18:45:27.342+0900] {logging_mixin.py:190} INFO - [2024-11-14T18:45:27.342+0900] {dag.py:4180} INFO - Setting next_dagrun for example_xcom to 2021-01-01 00:00:00+00:00, run_after=2021-01-01 00:00:00+00:00
[2024-11-14T18:45:27.367+0900] {processor.py:208} INFO - Processing /laewon/airflow_test/py_venv/lib/python3.8/site-packages/airflow/example_dags/example_xcom.py took 0.090 seconds
