[2024-11-14T18:40:13.077+0900] {processor.py:186} INFO - Started process (PID=2365496) to work on /laewon/airflow_test/py_venv/lib/python3.8/site-packages/airflow/example_dags/example_branch_operator_decorator.py
[2024-11-14T18:40:13.078+0900] {processor.py:914} INFO - Processing file /laewon/airflow_test/py_venv/lib/python3.8/site-packages/airflow/example_dags/example_branch_operator_decorator.py for tasks to queue
[2024-11-14T18:40:13.080+0900] {logging_mixin.py:190} INFO - [2024-11-14T18:40:13.080+0900] {dagbag.py:588} INFO - Filling up the DagBag from /laewon/airflow_test/py_venv/lib/python3.8/site-packages/airflow/example_dags/example_branch_operator_decorator.py
[2024-11-14T18:40:13.083+0900] {processor.py:927} WARNING - No viable dags retrieved from /laewon/airflow_test/py_venv/lib/python3.8/site-packages/airflow/example_dags/example_branch_operator_decorator.py
[2024-11-14T18:40:13.094+0900] {processor.py:208} INFO - Processing /laewon/airflow_test/py_venv/lib/python3.8/site-packages/airflow/example_dags/example_branch_operator_decorator.py took 0.024 seconds
[2024-11-14T18:41:38.871+0900] {processor.py:186} INFO - Started process (PID=2366065) to work on /laewon/airflow_test/py_venv/lib/python3.8/site-packages/airflow/example_dags/example_branch_operator_decorator.py
[2024-11-14T18:41:38.876+0900] {processor.py:914} INFO - Processing file /laewon/airflow_test/py_venv/lib/python3.8/site-packages/airflow/example_dags/example_branch_operator_decorator.py for tasks to queue
[2024-11-14T18:41:38.878+0900] {logging_mixin.py:190} INFO - [2024-11-14T18:41:38.877+0900] {dagbag.py:588} INFO - Filling up the DagBag from /laewon/airflow_test/py_venv/lib/python3.8/site-packages/airflow/example_dags/example_branch_operator_decorator.py
[2024-11-14T18:41:38.881+0900] {processor.py:927} WARNING - No viable dags retrieved from /laewon/airflow_test/py_venv/lib/python3.8/site-packages/airflow/example_dags/example_branch_operator_decorator.py
[2024-11-14T18:41:38.892+0900] {processor.py:208} INFO - Processing /laewon/airflow_test/py_venv/lib/python3.8/site-packages/airflow/example_dags/example_branch_operator_decorator.py took 0.028 seconds
[2024-11-14T18:42:33.643+0900] {processor.py:186} INFO - Started process (PID=2366318) to work on /laewon/airflow_test/py_venv/lib/python3.8/site-packages/airflow/example_dags/example_branch_operator_decorator.py
[2024-11-14T18:42:33.647+0900] {processor.py:914} INFO - Processing file /laewon/airflow_test/py_venv/lib/python3.8/site-packages/airflow/example_dags/example_branch_operator_decorator.py for tasks to queue
[2024-11-14T18:42:33.649+0900] {logging_mixin.py:190} INFO - [2024-11-14T18:42:33.649+0900] {dagbag.py:588} INFO - Filling up the DagBag from /laewon/airflow_test/py_venv/lib/python3.8/site-packages/airflow/example_dags/example_branch_operator_decorator.py
[2024-11-14T18:42:33.652+0900] {processor.py:927} WARNING - No viable dags retrieved from /laewon/airflow_test/py_venv/lib/python3.8/site-packages/airflow/example_dags/example_branch_operator_decorator.py
[2024-11-14T18:42:33.663+0900] {processor.py:208} INFO - Processing /laewon/airflow_test/py_venv/lib/python3.8/site-packages/airflow/example_dags/example_branch_operator_decorator.py took 0.027 seconds
[2024-11-14T18:43:28.683+0900] {processor.py:186} INFO - Started process (PID=2366392) to work on /laewon/airflow_test/py_venv/lib/python3.8/site-packages/airflow/example_dags/example_branch_operator_decorator.py
[2024-11-14T18:43:28.687+0900] {processor.py:914} INFO - Processing file /laewon/airflow_test/py_venv/lib/python3.8/site-packages/airflow/example_dags/example_branch_operator_decorator.py for tasks to queue
[2024-11-14T18:43:28.689+0900] {logging_mixin.py:190} INFO - [2024-11-14T18:43:28.688+0900] {dagbag.py:588} INFO - Filling up the DagBag from /laewon/airflow_test/py_venv/lib/python3.8/site-packages/airflow/example_dags/example_branch_operator_decorator.py
[2024-11-14T18:43:28.692+0900] {processor.py:927} WARNING - No viable dags retrieved from /laewon/airflow_test/py_venv/lib/python3.8/site-packages/airflow/example_dags/example_branch_operator_decorator.py
[2024-11-14T18:43:28.703+0900] {processor.py:208} INFO - Processing /laewon/airflow_test/py_venv/lib/python3.8/site-packages/airflow/example_dags/example_branch_operator_decorator.py took 0.027 seconds
[2024-11-14T18:44:45.542+0900] {processor.py:186} INFO - Started process (PID=2366501) to work on /laewon/airflow_test/py_venv/lib/python3.8/site-packages/airflow/example_dags/example_branch_operator_decorator.py
[2024-11-14T18:44:45.546+0900] {processor.py:914} INFO - Processing file /laewon/airflow_test/py_venv/lib/python3.8/site-packages/airflow/example_dags/example_branch_operator_decorator.py for tasks to queue
[2024-11-14T18:44:45.548+0900] {logging_mixin.py:190} INFO - [2024-11-14T18:44:45.548+0900] {dagbag.py:588} INFO - Filling up the DagBag from /laewon/airflow_test/py_venv/lib/python3.8/site-packages/airflow/example_dags/example_branch_operator_decorator.py
[2024-11-14T18:44:45.551+0900] {processor.py:927} WARNING - No viable dags retrieved from /laewon/airflow_test/py_venv/lib/python3.8/site-packages/airflow/example_dags/example_branch_operator_decorator.py
[2024-11-14T18:44:45.562+0900] {processor.py:208} INFO - Processing /laewon/airflow_test/py_venv/lib/python3.8/site-packages/airflow/example_dags/example_branch_operator_decorator.py took 0.027 seconds
