[2024-11-14T18:40:19.172+0900] {processor.py:186} INFO - Started process (PID=2365502) to work on /laewon/airflow_test/py_venv/lib/python3.8/site-packages/airflow/example_dags/example_branch_operator.py
[2024-11-14T18:40:19.173+0900] {processor.py:914} INFO - Processing file /laewon/airflow_test/py_venv/lib/python3.8/site-packages/airflow/example_dags/example_branch_operator.py for tasks to queue
[2024-11-14T18:40:19.175+0900] {logging_mixin.py:190} INFO - [2024-11-14T18:40:19.174+0900] {dagbag.py:588} INFO - Filling up the DagBag from /laewon/airflow_test/py_venv/lib/python3.8/site-packages/airflow/example_dags/example_branch_operator.py
[2024-11-14T18:40:19.178+0900] {processor.py:927} WARNING - No viable dags retrieved from /laewon/airflow_test/py_venv/lib/python3.8/site-packages/airflow/example_dags/example_branch_operator.py
[2024-11-14T18:40:19.188+0900] {processor.py:208} INFO - Processing /laewon/airflow_test/py_venv/lib/python3.8/site-packages/airflow/example_dags/example_branch_operator.py took 0.023 seconds
[2024-11-14T18:41:45.184+0900] {processor.py:186} INFO - Started process (PID=2366071) to work on /laewon/airflow_test/py_venv/lib/python3.8/site-packages/airflow/example_dags/example_branch_operator.py
[2024-11-14T18:41:45.189+0900] {processor.py:914} INFO - Processing file /laewon/airflow_test/py_venv/lib/python3.8/site-packages/airflow/example_dags/example_branch_operator.py for tasks to queue
[2024-11-14T18:41:45.191+0900] {logging_mixin.py:190} INFO - [2024-11-14T18:41:45.190+0900] {dagbag.py:588} INFO - Filling up the DagBag from /laewon/airflow_test/py_venv/lib/python3.8/site-packages/airflow/example_dags/example_branch_operator.py
[2024-11-14T18:41:45.194+0900] {processor.py:927} WARNING - No viable dags retrieved from /laewon/airflow_test/py_venv/lib/python3.8/site-packages/airflow/example_dags/example_branch_operator.py
[2024-11-14T18:41:45.205+0900] {processor.py:208} INFO - Processing /laewon/airflow_test/py_venv/lib/python3.8/site-packages/airflow/example_dags/example_branch_operator.py took 0.028 seconds
[2024-11-14T18:42:39.515+0900] {processor.py:186} INFO - Started process (PID=2366339) to work on /laewon/airflow_test/py_venv/lib/python3.8/site-packages/airflow/example_dags/example_branch_operator.py
[2024-11-14T18:42:39.519+0900] {processor.py:914} INFO - Processing file /laewon/airflow_test/py_venv/lib/python3.8/site-packages/airflow/example_dags/example_branch_operator.py for tasks to queue
[2024-11-14T18:42:39.521+0900] {logging_mixin.py:190} INFO - [2024-11-14T18:42:39.521+0900] {dagbag.py:588} INFO - Filling up the DagBag from /laewon/airflow_test/py_venv/lib/python3.8/site-packages/airflow/example_dags/example_branch_operator.py
[2024-11-14T18:42:39.525+0900] {processor.py:927} WARNING - No viable dags retrieved from /laewon/airflow_test/py_venv/lib/python3.8/site-packages/airflow/example_dags/example_branch_operator.py
[2024-11-14T18:42:39.536+0900] {processor.py:208} INFO - Processing /laewon/airflow_test/py_venv/lib/python3.8/site-packages/airflow/example_dags/example_branch_operator.py took 0.027 seconds
[2024-11-14T18:43:58.216+0900] {processor.py:186} INFO - Started process (PID=2366421) to work on /laewon/airflow_test/py_venv/lib/python3.8/site-packages/airflow/example_dags/example_branch_operator.py
[2024-11-14T18:43:58.220+0900] {processor.py:914} INFO - Processing file /laewon/airflow_test/py_venv/lib/python3.8/site-packages/airflow/example_dags/example_branch_operator.py for tasks to queue
[2024-11-14T18:43:58.222+0900] {logging_mixin.py:190} INFO - [2024-11-14T18:43:58.222+0900] {dagbag.py:588} INFO - Filling up the DagBag from /laewon/airflow_test/py_venv/lib/python3.8/site-packages/airflow/example_dags/example_branch_operator.py
[2024-11-14T18:43:58.226+0900] {processor.py:927} WARNING - No viable dags retrieved from /laewon/airflow_test/py_venv/lib/python3.8/site-packages/airflow/example_dags/example_branch_operator.py
[2024-11-14T18:43:58.237+0900] {processor.py:208} INFO - Processing /laewon/airflow_test/py_venv/lib/python3.8/site-packages/airflow/example_dags/example_branch_operator.py took 0.028 seconds
[2024-11-14T18:45:14.102+0900] {processor.py:186} INFO - Started process (PID=2366529) to work on /laewon/airflow_test/py_venv/lib/python3.8/site-packages/airflow/example_dags/example_branch_operator.py
[2024-11-14T18:45:14.106+0900] {processor.py:914} INFO - Processing file /laewon/airflow_test/py_venv/lib/python3.8/site-packages/airflow/example_dags/example_branch_operator.py for tasks to queue
[2024-11-14T18:45:14.108+0900] {logging_mixin.py:190} INFO - [2024-11-14T18:45:14.108+0900] {dagbag.py:588} INFO - Filling up the DagBag from /laewon/airflow_test/py_venv/lib/python3.8/site-packages/airflow/example_dags/example_branch_operator.py
[2024-11-14T18:45:14.112+0900] {processor.py:927} WARNING - No viable dags retrieved from /laewon/airflow_test/py_venv/lib/python3.8/site-packages/airflow/example_dags/example_branch_operator.py
[2024-11-14T18:45:14.123+0900] {processor.py:208} INFO - Processing /laewon/airflow_test/py_venv/lib/python3.8/site-packages/airflow/example_dags/example_branch_operator.py took 0.028 seconds
