[2024-11-14T18:40:17.773+0900] {processor.py:186} INFO - Started process (PID=2365500) to work on /laewon/airflow_test/py_venv/lib/python3.8/site-packages/airflow/example_dags/example_branch_python_dop_operator_3.py
[2024-11-14T18:40:17.774+0900] {processor.py:914} INFO - Processing file /laewon/airflow_test/py_venv/lib/python3.8/site-packages/airflow/example_dags/example_branch_python_dop_operator_3.py for tasks to queue
[2024-11-14T18:40:17.776+0900] {logging_mixin.py:190} INFO - [2024-11-14T18:40:17.775+0900] {dagbag.py:588} INFO - Filling up the DagBag from /laewon/airflow_test/py_venv/lib/python3.8/site-packages/airflow/example_dags/example_branch_python_dop_operator_3.py
[2024-11-14T18:40:17.788+0900] {processor.py:925} INFO - DAG(s) 'example_branch_dop_operator_v3' retrieved from /laewon/airflow_test/py_venv/lib/python3.8/site-packages/airflow/example_dags/example_branch_python_dop_operator_3.py
[2024-11-14T18:40:17.899+0900] {logging_mixin.py:190} INFO - [2024-11-14T18:40:17.899+0900] {override.py:1901} INFO - Created Permission View: can edit on DAG:example_branch_dop_operator_v3
[2024-11-14T18:40:17.912+0900] {logging_mixin.py:190} INFO - [2024-11-14T18:40:17.911+0900] {override.py:1901} INFO - Created Permission View: can delete on DAG:example_branch_dop_operator_v3
[2024-11-14T18:40:17.921+0900] {logging_mixin.py:190} INFO - [2024-11-14T18:40:17.920+0900] {override.py:1901} INFO - Created Permission View: can read on DAG:example_branch_dop_operator_v3
[2024-11-14T18:40:17.934+0900] {logging_mixin.py:190} INFO - [2024-11-14T18:40:17.934+0900] {override.py:1901} INFO - Created Permission View: can create on DAG Run:example_branch_dop_operator_v3
[2024-11-14T18:40:17.943+0900] {logging_mixin.py:190} INFO - [2024-11-14T18:40:17.943+0900] {override.py:1901} INFO - Created Permission View: can read on DAG Run:example_branch_dop_operator_v3
[2024-11-14T18:40:17.952+0900] {logging_mixin.py:190} INFO - [2024-11-14T18:40:17.952+0900] {override.py:1901} INFO - Created Permission View: can delete on DAG Run:example_branch_dop_operator_v3
[2024-11-14T18:40:17.961+0900] {logging_mixin.py:190} INFO - [2024-11-14T18:40:17.961+0900] {override.py:1901} INFO - Created Permission View: menu access on DAG Run:example_branch_dop_operator_v3
[2024-11-14T18:40:17.962+0900] {logging_mixin.py:190} INFO - [2024-11-14T18:40:17.962+0900] {dag.py:3239} INFO - Sync 1 DAGs
[2024-11-14T18:40:17.975+0900] {logging_mixin.py:190} INFO - [2024-11-14T18:40:17.975+0900] {dag.py:3262} INFO - Creating ORM DAG for example_branch_dop_operator_v3
[2024-11-14T18:40:17.990+0900] {logging_mixin.py:190} INFO - [2024-11-14T18:40:17.990+0900] {dag.py:4180} INFO - Setting next_dagrun for example_branch_dop_operator_v3 to 2024-11-14 09:39:00+00:00, run_after=2024-11-14 09:40:00+00:00
[2024-11-14T18:40:18.011+0900] {processor.py:208} INFO - Processing /laewon/airflow_test/py_venv/lib/python3.8/site-packages/airflow/example_dags/example_branch_python_dop_operator_3.py took 0.245 seconds
[2024-11-14T18:41:42.932+0900] {processor.py:186} INFO - Started process (PID=2366069) to work on /laewon/airflow_test/py_venv/lib/python3.8/site-packages/airflow/example_dags/example_branch_python_dop_operator_3.py
[2024-11-14T18:41:42.936+0900] {processor.py:914} INFO - Processing file /laewon/airflow_test/py_venv/lib/python3.8/site-packages/airflow/example_dags/example_branch_python_dop_operator_3.py for tasks to queue
[2024-11-14T18:41:42.938+0900] {logging_mixin.py:190} INFO - [2024-11-14T18:41:42.937+0900] {dagbag.py:588} INFO - Filling up the DagBag from /laewon/airflow_test/py_venv/lib/python3.8/site-packages/airflow/example_dags/example_branch_python_dop_operator_3.py
[2024-11-14T18:41:42.950+0900] {processor.py:925} INFO - DAG(s) 'example_branch_dop_operator_v3' retrieved from /laewon/airflow_test/py_venv/lib/python3.8/site-packages/airflow/example_dags/example_branch_python_dop_operator_3.py
[2024-11-14T18:41:42.967+0900] {logging_mixin.py:190} INFO - [2024-11-14T18:41:42.967+0900] {dag.py:3239} INFO - Sync 1 DAGs
[2024-11-14T18:41:42.995+0900] {logging_mixin.py:190} INFO - [2024-11-14T18:41:42.995+0900] {dag.py:4180} INFO - Setting next_dagrun for example_branch_dop_operator_v3 to 2024-11-14 09:40:00+00:00, run_after=2024-11-14 09:41:00+00:00
[2024-11-14T18:41:43.021+0900] {processor.py:208} INFO - Processing /laewon/airflow_test/py_venv/lib/python3.8/site-packages/airflow/example_dags/example_branch_python_dop_operator_3.py took 0.096 seconds
[2024-11-14T18:42:38.180+0900] {processor.py:186} INFO - Started process (PID=2366337) to work on /laewon/airflow_test/py_venv/lib/python3.8/site-packages/airflow/example_dags/example_branch_python_dop_operator_3.py
[2024-11-14T18:42:38.184+0900] {processor.py:914} INFO - Processing file /laewon/airflow_test/py_venv/lib/python3.8/site-packages/airflow/example_dags/example_branch_python_dop_operator_3.py for tasks to queue
[2024-11-14T18:42:38.186+0900] {logging_mixin.py:190} INFO - [2024-11-14T18:42:38.185+0900] {dagbag.py:588} INFO - Filling up the DagBag from /laewon/airflow_test/py_venv/lib/python3.8/site-packages/airflow/example_dags/example_branch_python_dop_operator_3.py
[2024-11-14T18:42:38.198+0900] {processor.py:925} INFO - DAG(s) 'example_branch_dop_operator_v3' retrieved from /laewon/airflow_test/py_venv/lib/python3.8/site-packages/airflow/example_dags/example_branch_python_dop_operator_3.py
[2024-11-14T18:42:38.215+0900] {logging_mixin.py:190} INFO - [2024-11-14T18:42:38.215+0900] {dag.py:3239} INFO - Sync 1 DAGs
[2024-11-14T18:42:38.243+0900] {logging_mixin.py:190} INFO - [2024-11-14T18:42:38.243+0900] {dag.py:4180} INFO - Setting next_dagrun for example_branch_dop_operator_v3 to 2024-11-14 09:41:00+00:00, run_after=2024-11-14 09:42:00+00:00
[2024-11-14T18:42:38.268+0900] {processor.py:208} INFO - Processing /laewon/airflow_test/py_venv/lib/python3.8/site-packages/airflow/example_dags/example_branch_python_dop_operator_3.py took 0.095 seconds
[2024-11-14T18:43:55.926+0900] {processor.py:186} INFO - Started process (PID=2366419) to work on /laewon/airflow_test/py_venv/lib/python3.8/site-packages/airflow/example_dags/example_branch_python_dop_operator_3.py
[2024-11-14T18:43:55.930+0900] {processor.py:914} INFO - Processing file /laewon/airflow_test/py_venv/lib/python3.8/site-packages/airflow/example_dags/example_branch_python_dop_operator_3.py for tasks to queue
[2024-11-14T18:43:55.932+0900] {logging_mixin.py:190} INFO - [2024-11-14T18:43:55.932+0900] {dagbag.py:588} INFO - Filling up the DagBag from /laewon/airflow_test/py_venv/lib/python3.8/site-packages/airflow/example_dags/example_branch_python_dop_operator_3.py
[2024-11-14T18:43:55.945+0900] {processor.py:925} INFO - DAG(s) 'example_branch_dop_operator_v3' retrieved from /laewon/airflow_test/py_venv/lib/python3.8/site-packages/airflow/example_dags/example_branch_python_dop_operator_3.py
[2024-11-14T18:43:55.961+0900] {logging_mixin.py:190} INFO - [2024-11-14T18:43:55.961+0900] {dag.py:3239} INFO - Sync 1 DAGs
[2024-11-14T18:43:55.989+0900] {logging_mixin.py:190} INFO - [2024-11-14T18:43:55.989+0900] {dag.py:4180} INFO - Setting next_dagrun for example_branch_dop_operator_v3 to 2024-11-14 09:42:00+00:00, run_after=2024-11-14 09:43:00+00:00
[2024-11-14T18:43:56.015+0900] {processor.py:208} INFO - Processing /laewon/airflow_test/py_venv/lib/python3.8/site-packages/airflow/example_dags/example_branch_python_dop_operator_3.py took 0.096 seconds
[2024-11-14T18:45:11.813+0900] {processor.py:186} INFO - Started process (PID=2366527) to work on /laewon/airflow_test/py_venv/lib/python3.8/site-packages/airflow/example_dags/example_branch_python_dop_operator_3.py
[2024-11-14T18:45:11.817+0900] {processor.py:914} INFO - Processing file /laewon/airflow_test/py_venv/lib/python3.8/site-packages/airflow/example_dags/example_branch_python_dop_operator_3.py for tasks to queue
[2024-11-14T18:45:11.819+0900] {logging_mixin.py:190} INFO - [2024-11-14T18:45:11.819+0900] {dagbag.py:588} INFO - Filling up the DagBag from /laewon/airflow_test/py_venv/lib/python3.8/site-packages/airflow/example_dags/example_branch_python_dop_operator_3.py
[2024-11-14T18:45:11.832+0900] {processor.py:925} INFO - DAG(s) 'example_branch_dop_operator_v3' retrieved from /laewon/airflow_test/py_venv/lib/python3.8/site-packages/airflow/example_dags/example_branch_python_dop_operator_3.py
[2024-11-14T18:45:11.848+0900] {logging_mixin.py:190} INFO - [2024-11-14T18:45:11.848+0900] {dag.py:3239} INFO - Sync 1 DAGs
[2024-11-14T18:45:11.877+0900] {logging_mixin.py:190} INFO - [2024-11-14T18:45:11.877+0900] {dag.py:4180} INFO - Setting next_dagrun for example_branch_dop_operator_v3 to 2024-11-14 09:44:00+00:00, run_after=2024-11-14 09:45:00+00:00
[2024-11-14T18:45:11.901+0900] {processor.py:208} INFO - Processing /laewon/airflow_test/py_venv/lib/python3.8/site-packages/airflow/example_dags/example_branch_python_dop_operator_3.py took 0.095 seconds
