[2024-11-14T18:39:48.121+0900] {processor.py:186} INFO - Started process (PID=2365385) to work on /laewon/airflow_test/py_venv/lib/python3.8/site-packages/airflow/example_dags/example_latest_only_with_trigger.py
[2024-11-14T18:39:48.122+0900] {processor.py:914} INFO - Processing file /laewon/airflow_test/py_venv/lib/python3.8/site-packages/airflow/example_dags/example_latest_only_with_trigger.py for tasks to queue
[2024-11-14T18:39:48.125+0900] {logging_mixin.py:190} INFO - [2024-11-14T18:39:48.124+0900] {dagbag.py:588} INFO - Filling up the DagBag from /laewon/airflow_test/py_venv/lib/python3.8/site-packages/airflow/example_dags/example_latest_only_with_trigger.py
[2024-11-14T18:39:48.133+0900] {processor.py:925} INFO - DAG(s) 'latest_only_with_trigger' retrieved from /laewon/airflow_test/py_venv/lib/python3.8/site-packages/airflow/example_dags/example_latest_only_with_trigger.py
[2024-11-14T18:39:48.248+0900] {logging_mixin.py:190} INFO - [2024-11-14T18:39:48.247+0900] {override.py:1901} INFO - Created Permission View: can edit on DAG:latest_only_with_trigger
[2024-11-14T18:39:48.260+0900] {logging_mixin.py:190} INFO - [2024-11-14T18:39:48.260+0900] {override.py:1901} INFO - Created Permission View: can delete on DAG:latest_only_with_trigger
[2024-11-14T18:39:48.270+0900] {logging_mixin.py:190} INFO - [2024-11-14T18:39:48.269+0900] {override.py:1901} INFO - Created Permission View: can read on DAG:latest_only_with_trigger
[2024-11-14T18:39:48.283+0900] {logging_mixin.py:190} INFO - [2024-11-14T18:39:48.283+0900] {override.py:1901} INFO - Created Permission View: can create on DAG Run:latest_only_with_trigger
[2024-11-14T18:39:48.292+0900] {logging_mixin.py:190} INFO - [2024-11-14T18:39:48.292+0900] {override.py:1901} INFO - Created Permission View: can read on DAG Run:latest_only_with_trigger
[2024-11-14T18:39:48.301+0900] {logging_mixin.py:190} INFO - [2024-11-14T18:39:48.301+0900] {override.py:1901} INFO - Created Permission View: can delete on DAG Run:latest_only_with_trigger
[2024-11-14T18:39:48.310+0900] {logging_mixin.py:190} INFO - [2024-11-14T18:39:48.310+0900] {override.py:1901} INFO - Created Permission View: menu access on DAG Run:latest_only_with_trigger
[2024-11-14T18:39:48.311+0900] {logging_mixin.py:190} INFO - [2024-11-14T18:39:48.311+0900] {dag.py:3239} INFO - Sync 1 DAGs
[2024-11-14T18:39:48.324+0900] {logging_mixin.py:190} INFO - [2024-11-14T18:39:48.324+0900] {dag.py:3262} INFO - Creating ORM DAG for latest_only_with_trigger
[2024-11-14T18:39:48.333+0900] {logging_mixin.py:190} INFO - [2024-11-14T18:39:48.333+0900] {dag.py:4180} INFO - Setting next_dagrun for latest_only_with_trigger to 2024-11-14 04:00:00+00:00, run_after=2024-11-14 08:00:00+00:00
[2024-11-14T18:39:48.352+0900] {processor.py:208} INFO - Processing /laewon/airflow_test/py_venv/lib/python3.8/site-packages/airflow/example_dags/example_latest_only_with_trigger.py took 0.238 seconds
[2024-11-14T18:41:07.386+0900] {processor.py:186} INFO - Started process (PID=2365914) to work on /laewon/airflow_test/py_venv/lib/python3.8/site-packages/airflow/example_dags/example_latest_only_with_trigger.py
[2024-11-14T18:41:07.390+0900] {processor.py:914} INFO - Processing file /laewon/airflow_test/py_venv/lib/python3.8/site-packages/airflow/example_dags/example_latest_only_with_trigger.py for tasks to queue
[2024-11-14T18:41:07.392+0900] {logging_mixin.py:190} INFO - [2024-11-14T18:41:07.392+0900] {dagbag.py:588} INFO - Filling up the DagBag from /laewon/airflow_test/py_venv/lib/python3.8/site-packages/airflow/example_dags/example_latest_only_with_trigger.py
[2024-11-14T18:41:07.401+0900] {processor.py:925} INFO - DAG(s) 'latest_only_with_trigger' retrieved from /laewon/airflow_test/py_venv/lib/python3.8/site-packages/airflow/example_dags/example_latest_only_with_trigger.py
[2024-11-14T18:41:07.419+0900] {logging_mixin.py:190} INFO - [2024-11-14T18:41:07.418+0900] {dag.py:3239} INFO - Sync 1 DAGs
[2024-11-14T18:41:07.442+0900] {logging_mixin.py:190} INFO - [2024-11-14T18:41:07.442+0900] {dag.py:4180} INFO - Setting next_dagrun for latest_only_with_trigger to 2024-11-14 04:00:00+00:00, run_after=2024-11-14 08:00:00+00:00
[2024-11-14T18:41:07.467+0900] {processor.py:208} INFO - Processing /laewon/airflow_test/py_venv/lib/python3.8/site-packages/airflow/example_dags/example_latest_only_with_trigger.py took 0.089 seconds
[2024-11-14T18:42:08.075+0900] {processor.py:186} INFO - Started process (PID=2366187) to work on /laewon/airflow_test/py_venv/lib/python3.8/site-packages/airflow/example_dags/example_latest_only_with_trigger.py
[2024-11-14T18:42:08.079+0900] {processor.py:914} INFO - Processing file /laewon/airflow_test/py_venv/lib/python3.8/site-packages/airflow/example_dags/example_latest_only_with_trigger.py for tasks to queue
[2024-11-14T18:42:08.082+0900] {logging_mixin.py:190} INFO - [2024-11-14T18:42:08.081+0900] {dagbag.py:588} INFO - Filling up the DagBag from /laewon/airflow_test/py_venv/lib/python3.8/site-packages/airflow/example_dags/example_latest_only_with_trigger.py
[2024-11-14T18:42:08.090+0900] {processor.py:925} INFO - DAG(s) 'latest_only_with_trigger' retrieved from /laewon/airflow_test/py_venv/lib/python3.8/site-packages/airflow/example_dags/example_latest_only_with_trigger.py
[2024-11-14T18:42:08.108+0900] {logging_mixin.py:190} INFO - [2024-11-14T18:42:08.108+0900] {dag.py:3239} INFO - Sync 1 DAGs
[2024-11-14T18:42:08.131+0900] {logging_mixin.py:190} INFO - [2024-11-14T18:42:08.131+0900] {dag.py:4180} INFO - Setting next_dagrun for latest_only_with_trigger to 2024-11-14 04:00:00+00:00, run_after=2024-11-14 08:00:00+00:00
[2024-11-14T18:42:08.155+0900] {processor.py:208} INFO - Processing /laewon/airflow_test/py_venv/lib/python3.8/site-packages/airflow/example_dags/example_latest_only_with_trigger.py took 0.088 seconds
[2024-11-14T18:42:59.936+0900] {processor.py:186} INFO - Started process (PID=2366361) to work on /laewon/airflow_test/py_venv/lib/python3.8/site-packages/airflow/example_dags/example_latest_only_with_trigger.py
[2024-11-14T18:42:59.940+0900] {processor.py:914} INFO - Processing file /laewon/airflow_test/py_venv/lib/python3.8/site-packages/airflow/example_dags/example_latest_only_with_trigger.py for tasks to queue
[2024-11-14T18:42:59.943+0900] {logging_mixin.py:190} INFO - [2024-11-14T18:42:59.943+0900] {dagbag.py:588} INFO - Filling up the DagBag from /laewon/airflow_test/py_venv/lib/python3.8/site-packages/airflow/example_dags/example_latest_only_with_trigger.py
[2024-11-14T18:42:59.952+0900] {processor.py:925} INFO - DAG(s) 'latest_only_with_trigger' retrieved from /laewon/airflow_test/py_venv/lib/python3.8/site-packages/airflow/example_dags/example_latest_only_with_trigger.py
[2024-11-14T18:42:59.970+0900] {logging_mixin.py:190} INFO - [2024-11-14T18:42:59.970+0900] {dag.py:3239} INFO - Sync 1 DAGs
[2024-11-14T18:42:59.994+0900] {logging_mixin.py:190} INFO - [2024-11-14T18:42:59.994+0900] {dag.py:4180} INFO - Setting next_dagrun for latest_only_with_trigger to 2024-11-14 04:00:00+00:00, run_after=2024-11-14 08:00:00+00:00
[2024-11-14T18:43:00.018+0900] {processor.py:208} INFO - Processing /laewon/airflow_test/py_venv/lib/python3.8/site-packages/airflow/example_dags/example_latest_only_with_trigger.py took 0.089 seconds
[2024-11-14T18:43:52.753+0900] {processor.py:186} INFO - Started process (PID=2366415) to work on /laewon/airflow_test/py_venv/lib/python3.8/site-packages/airflow/example_dags/example_latest_only_with_trigger.py
[2024-11-14T18:43:52.757+0900] {processor.py:914} INFO - Processing file /laewon/airflow_test/py_venv/lib/python3.8/site-packages/airflow/example_dags/example_latest_only_with_trigger.py for tasks to queue
[2024-11-14T18:43:52.760+0900] {logging_mixin.py:190} INFO - [2024-11-14T18:43:52.759+0900] {dagbag.py:588} INFO - Filling up the DagBag from /laewon/airflow_test/py_venv/lib/python3.8/site-packages/airflow/example_dags/example_latest_only_with_trigger.py
[2024-11-14T18:43:52.768+0900] {processor.py:925} INFO - DAG(s) 'latest_only_with_trigger' retrieved from /laewon/airflow_test/py_venv/lib/python3.8/site-packages/airflow/example_dags/example_latest_only_with_trigger.py
[2024-11-14T18:43:52.786+0900] {logging_mixin.py:190} INFO - [2024-11-14T18:43:52.786+0900] {dag.py:3239} INFO - Sync 1 DAGs
[2024-11-14T18:43:52.810+0900] {logging_mixin.py:190} INFO - [2024-11-14T18:43:52.809+0900] {dag.py:4180} INFO - Setting next_dagrun for latest_only_with_trigger to 2024-11-14 04:00:00+00:00, run_after=2024-11-14 08:00:00+00:00
[2024-11-14T18:43:52.836+0900] {processor.py:208} INFO - Processing /laewon/airflow_test/py_venv/lib/python3.8/site-packages/airflow/example_dags/example_latest_only_with_trigger.py took 0.090 seconds
[2024-11-14T18:44:43.274+0900] {processor.py:186} INFO - Started process (PID=2366498) to work on /laewon/airflow_test/py_venv/lib/python3.8/site-packages/airflow/example_dags/example_latest_only_with_trigger.py
[2024-11-14T18:44:43.278+0900] {processor.py:914} INFO - Processing file /laewon/airflow_test/py_venv/lib/python3.8/site-packages/airflow/example_dags/example_latest_only_with_trigger.py for tasks to queue
[2024-11-14T18:44:43.280+0900] {logging_mixin.py:190} INFO - [2024-11-14T18:44:43.280+0900] {dagbag.py:588} INFO - Filling up the DagBag from /laewon/airflow_test/py_venv/lib/python3.8/site-packages/airflow/example_dags/example_latest_only_with_trigger.py
[2024-11-14T18:44:43.289+0900] {processor.py:925} INFO - DAG(s) 'latest_only_with_trigger' retrieved from /laewon/airflow_test/py_venv/lib/python3.8/site-packages/airflow/example_dags/example_latest_only_with_trigger.py
[2024-11-14T18:44:43.307+0900] {logging_mixin.py:190} INFO - [2024-11-14T18:44:43.307+0900] {dag.py:3239} INFO - Sync 1 DAGs
[2024-11-14T18:44:43.330+0900] {logging_mixin.py:190} INFO - [2024-11-14T18:44:43.330+0900] {dag.py:4180} INFO - Setting next_dagrun for latest_only_with_trigger to 2024-11-14 04:00:00+00:00, run_after=2024-11-14 08:00:00+00:00
[2024-11-14T18:44:43.355+0900] {processor.py:208} INFO - Processing /laewon/airflow_test/py_venv/lib/python3.8/site-packages/airflow/example_dags/example_latest_only_with_trigger.py took 0.089 seconds
[2024-11-14T18:45:34.825+0900] {processor.py:186} INFO - Started process (PID=2366550) to work on /laewon/airflow_test/py_venv/lib/python3.8/site-packages/airflow/example_dags/example_latest_only_with_trigger.py
[2024-11-14T18:45:34.829+0900] {processor.py:914} INFO - Processing file /laewon/airflow_test/py_venv/lib/python3.8/site-packages/airflow/example_dags/example_latest_only_with_trigger.py for tasks to queue
[2024-11-14T18:45:34.832+0900] {logging_mixin.py:190} INFO - [2024-11-14T18:45:34.832+0900] {dagbag.py:588} INFO - Filling up the DagBag from /laewon/airflow_test/py_venv/lib/python3.8/site-packages/airflow/example_dags/example_latest_only_with_trigger.py
[2024-11-14T18:45:34.841+0900] {processor.py:925} INFO - DAG(s) 'latest_only_with_trigger' retrieved from /laewon/airflow_test/py_venv/lib/python3.8/site-packages/airflow/example_dags/example_latest_only_with_trigger.py
[2024-11-14T18:45:34.859+0900] {logging_mixin.py:190} INFO - [2024-11-14T18:45:34.859+0900] {dag.py:3239} INFO - Sync 1 DAGs
[2024-11-14T18:45:34.882+0900] {logging_mixin.py:190} INFO - [2024-11-14T18:45:34.882+0900] {dag.py:4180} INFO - Setting next_dagrun for latest_only_with_trigger to 2024-11-14 04:00:00+00:00, run_after=2024-11-14 08:00:00+00:00
[2024-11-14T18:45:34.909+0900] {processor.py:208} INFO - Processing /laewon/airflow_test/py_venv/lib/python3.8/site-packages/airflow/example_dags/example_latest_only_with_trigger.py took 0.091 seconds
