[2024-11-14T18:39:51.740+0900] {processor.py:186} INFO - Started process (PID=2365419) to work on /laewon/airflow_test/py_venv/lib/python3.8/site-packages/airflow/example_dags/example_external_task_marker_dag.py
[2024-11-14T18:39:51.741+0900] {processor.py:914} INFO - Processing file /laewon/airflow_test/py_venv/lib/python3.8/site-packages/airflow/example_dags/example_external_task_marker_dag.py for tasks to queue
[2024-11-14T18:39:51.744+0900] {logging_mixin.py:190} INFO - [2024-11-14T18:39:51.743+0900] {dagbag.py:588} INFO - Filling up the DagBag from /laewon/airflow_test/py_venv/lib/python3.8/site-packages/airflow/example_dags/example_external_task_marker_dag.py
[2024-11-14T18:39:51.752+0900] {processor.py:925} INFO - DAG(s) 'example_external_task_marker_child', 'example_external_task_marker_parent' retrieved from /laewon/airflow_test/py_venv/lib/python3.8/site-packages/airflow/example_dags/example_external_task_marker_dag.py
[2024-11-14T18:39:51.861+0900] {logging_mixin.py:190} INFO - [2024-11-14T18:39:51.861+0900] {override.py:1901} INFO - Created Permission View: can edit on DAG:example_external_task_marker_child
[2024-11-14T18:39:51.874+0900] {logging_mixin.py:190} INFO - [2024-11-14T18:39:51.873+0900] {override.py:1901} INFO - Created Permission View: can delete on DAG:example_external_task_marker_child
[2024-11-14T18:39:51.883+0900] {logging_mixin.py:190} INFO - [2024-11-14T18:39:51.882+0900] {override.py:1901} INFO - Created Permission View: can read on DAG:example_external_task_marker_child
[2024-11-14T18:39:51.896+0900] {logging_mixin.py:190} INFO - [2024-11-14T18:39:51.896+0900] {override.py:1901} INFO - Created Permission View: can create on DAG Run:example_external_task_marker_child
[2024-11-14T18:39:51.905+0900] {logging_mixin.py:190} INFO - [2024-11-14T18:39:51.905+0900] {override.py:1901} INFO - Created Permission View: can read on DAG Run:example_external_task_marker_child
[2024-11-14T18:39:51.914+0900] {logging_mixin.py:190} INFO - [2024-11-14T18:39:51.914+0900] {override.py:1901} INFO - Created Permission View: can delete on DAG Run:example_external_task_marker_child
[2024-11-14T18:39:51.923+0900] {logging_mixin.py:190} INFO - [2024-11-14T18:39:51.923+0900] {override.py:1901} INFO - Created Permission View: menu access on DAG Run:example_external_task_marker_child
[2024-11-14T18:39:51.942+0900] {logging_mixin.py:190} INFO - [2024-11-14T18:39:51.941+0900] {override.py:1901} INFO - Created Permission View: can edit on DAG:example_external_task_marker_parent
[2024-11-14T18:39:51.951+0900] {logging_mixin.py:190} INFO - [2024-11-14T18:39:51.950+0900] {override.py:1901} INFO - Created Permission View: can delete on DAG:example_external_task_marker_parent
[2024-11-14T18:39:51.960+0900] {logging_mixin.py:190} INFO - [2024-11-14T18:39:51.959+0900] {override.py:1901} INFO - Created Permission View: can read on DAG:example_external_task_marker_parent
[2024-11-14T18:39:51.973+0900] {logging_mixin.py:190} INFO - [2024-11-14T18:39:51.973+0900] {override.py:1901} INFO - Created Permission View: can create on DAG Run:example_external_task_marker_parent
[2024-11-14T18:39:51.982+0900] {logging_mixin.py:190} INFO - [2024-11-14T18:39:51.982+0900] {override.py:1901} INFO - Created Permission View: can read on DAG Run:example_external_task_marker_parent
[2024-11-14T18:39:51.991+0900] {logging_mixin.py:190} INFO - [2024-11-14T18:39:51.991+0900] {override.py:1901} INFO - Created Permission View: can delete on DAG Run:example_external_task_marker_parent
[2024-11-14T18:39:52.001+0900] {logging_mixin.py:190} INFO - [2024-11-14T18:39:52.000+0900] {override.py:1901} INFO - Created Permission View: menu access on DAG Run:example_external_task_marker_parent
[2024-11-14T18:39:52.001+0900] {logging_mixin.py:190} INFO - [2024-11-14T18:39:52.001+0900] {dag.py:3239} INFO - Sync 2 DAGs
[2024-11-14T18:39:52.014+0900] {logging_mixin.py:190} INFO - [2024-11-14T18:39:52.014+0900] {dag.py:3262} INFO - Creating ORM DAG for example_external_task_marker_parent
[2024-11-14T18:39:52.015+0900] {logging_mixin.py:190} INFO - [2024-11-14T18:39:52.015+0900] {dag.py:3262} INFO - Creating ORM DAG for example_external_task_marker_child
[2024-11-14T18:39:52.016+0900] {logging_mixin.py:190} INFO - [2024-11-14T18:39:52.015+0900] {dag.py:4180} INFO - Setting next_dagrun for example_external_task_marker_child to None, run_after=None
[2024-11-14T18:39:52.016+0900] {logging_mixin.py:190} INFO - [2024-11-14T18:39:52.016+0900] {dag.py:4180} INFO - Setting next_dagrun for example_external_task_marker_parent to None, run_after=None
[2024-11-14T18:39:52.036+0900] {processor.py:208} INFO - Processing /laewon/airflow_test/py_venv/lib/python3.8/site-packages/airflow/example_dags/example_external_task_marker_dag.py took 0.303 seconds
[2024-11-14T18:41:11.311+0900] {processor.py:186} INFO - Started process (PID=2365948) to work on /laewon/airflow_test/py_venv/lib/python3.8/site-packages/airflow/example_dags/example_external_task_marker_dag.py
[2024-11-14T18:41:11.316+0900] {processor.py:914} INFO - Processing file /laewon/airflow_test/py_venv/lib/python3.8/site-packages/airflow/example_dags/example_external_task_marker_dag.py for tasks to queue
[2024-11-14T18:41:11.318+0900] {logging_mixin.py:190} INFO - [2024-11-14T18:41:11.317+0900] {dagbag.py:588} INFO - Filling up the DagBag from /laewon/airflow_test/py_venv/lib/python3.8/site-packages/airflow/example_dags/example_external_task_marker_dag.py
[2024-11-14T18:41:11.327+0900] {processor.py:925} INFO - DAG(s) 'example_external_task_marker_parent', 'example_external_task_marker_child' retrieved from /laewon/airflow_test/py_venv/lib/python3.8/site-packages/airflow/example_dags/example_external_task_marker_dag.py
[2024-11-14T18:41:11.348+0900] {logging_mixin.py:190} INFO - [2024-11-14T18:41:11.348+0900] {dag.py:3239} INFO - Sync 2 DAGs
[2024-11-14T18:41:11.363+0900] {logging_mixin.py:190} INFO - [2024-11-14T18:41:11.363+0900] {dag.py:4180} INFO - Setting next_dagrun for example_external_task_marker_child to None, run_after=None
[2024-11-14T18:41:11.367+0900] {logging_mixin.py:190} INFO - [2024-11-14T18:41:11.367+0900] {dag.py:4180} INFO - Setting next_dagrun for example_external_task_marker_parent to None, run_after=None
[2024-11-14T18:41:11.386+0900] {processor.py:208} INFO - Processing /laewon/airflow_test/py_venv/lib/python3.8/site-packages/airflow/example_dags/example_external_task_marker_dag.py took 0.082 seconds
[2024-11-14T18:42:12.205+0900] {processor.py:186} INFO - Started process (PID=2366191) to work on /laewon/airflow_test/py_venv/lib/python3.8/site-packages/airflow/example_dags/example_external_task_marker_dag.py
[2024-11-14T18:42:12.209+0900] {processor.py:914} INFO - Processing file /laewon/airflow_test/py_venv/lib/python3.8/site-packages/airflow/example_dags/example_external_task_marker_dag.py for tasks to queue
[2024-11-14T18:42:12.211+0900] {logging_mixin.py:190} INFO - [2024-11-14T18:42:12.210+0900] {dagbag.py:588} INFO - Filling up the DagBag from /laewon/airflow_test/py_venv/lib/python3.8/site-packages/airflow/example_dags/example_external_task_marker_dag.py
[2024-11-14T18:42:12.220+0900] {processor.py:925} INFO - DAG(s) 'example_external_task_marker_parent', 'example_external_task_marker_child' retrieved from /laewon/airflow_test/py_venv/lib/python3.8/site-packages/airflow/example_dags/example_external_task_marker_dag.py
[2024-11-14T18:42:12.241+0900] {logging_mixin.py:190} INFO - [2024-11-14T18:42:12.240+0900] {dag.py:3239} INFO - Sync 2 DAGs
[2024-11-14T18:42:12.256+0900] {logging_mixin.py:190} INFO - [2024-11-14T18:42:12.256+0900] {dag.py:4180} INFO - Setting next_dagrun for example_external_task_marker_child to None, run_after=None
[2024-11-14T18:42:12.259+0900] {logging_mixin.py:190} INFO - [2024-11-14T18:42:12.259+0900] {dag.py:4180} INFO - Setting next_dagrun for example_external_task_marker_parent to None, run_after=None
[2024-11-14T18:42:12.278+0900] {processor.py:208} INFO - Processing /laewon/airflow_test/py_venv/lib/python3.8/site-packages/airflow/example_dags/example_external_task_marker_dag.py took 0.081 seconds
[2024-11-14T18:43:14.094+0900] {processor.py:186} INFO - Started process (PID=2366375) to work on /laewon/airflow_test/py_venv/lib/python3.8/site-packages/airflow/example_dags/example_external_task_marker_dag.py
[2024-11-14T18:43:14.098+0900] {processor.py:914} INFO - Processing file /laewon/airflow_test/py_venv/lib/python3.8/site-packages/airflow/example_dags/example_external_task_marker_dag.py for tasks to queue
[2024-11-14T18:43:14.100+0900] {logging_mixin.py:190} INFO - [2024-11-14T18:43:14.100+0900] {dagbag.py:588} INFO - Filling up the DagBag from /laewon/airflow_test/py_venv/lib/python3.8/site-packages/airflow/example_dags/example_external_task_marker_dag.py
[2024-11-14T18:43:14.110+0900] {processor.py:925} INFO - DAG(s) 'example_external_task_marker_parent', 'example_external_task_marker_child' retrieved from /laewon/airflow_test/py_venv/lib/python3.8/site-packages/airflow/example_dags/example_external_task_marker_dag.py
[2024-11-14T18:43:14.130+0900] {logging_mixin.py:190} INFO - [2024-11-14T18:43:14.130+0900] {dag.py:3239} INFO - Sync 2 DAGs
[2024-11-14T18:43:14.145+0900] {logging_mixin.py:190} INFO - [2024-11-14T18:43:14.145+0900] {dag.py:4180} INFO - Setting next_dagrun for example_external_task_marker_child to None, run_after=None
[2024-11-14T18:43:14.149+0900] {logging_mixin.py:190} INFO - [2024-11-14T18:43:14.149+0900] {dag.py:4180} INFO - Setting next_dagrun for example_external_task_marker_parent to None, run_after=None
[2024-11-14T18:43:14.168+0900] {processor.py:208} INFO - Processing /laewon/airflow_test/py_venv/lib/python3.8/site-packages/airflow/example_dags/example_external_task_marker_dag.py took 0.081 seconds
[2024-11-14T18:44:04.925+0900] {processor.py:186} INFO - Started process (PID=2366429) to work on /laewon/airflow_test/py_venv/lib/python3.8/site-packages/airflow/example_dags/example_external_task_marker_dag.py
[2024-11-14T18:44:04.929+0900] {processor.py:914} INFO - Processing file /laewon/airflow_test/py_venv/lib/python3.8/site-packages/airflow/example_dags/example_external_task_marker_dag.py for tasks to queue
[2024-11-14T18:44:04.931+0900] {logging_mixin.py:190} INFO - [2024-11-14T18:44:04.931+0900] {dagbag.py:588} INFO - Filling up the DagBag from /laewon/airflow_test/py_venv/lib/python3.8/site-packages/airflow/example_dags/example_external_task_marker_dag.py
[2024-11-14T18:44:04.941+0900] {processor.py:925} INFO - DAG(s) 'example_external_task_marker_child', 'example_external_task_marker_parent' retrieved from /laewon/airflow_test/py_venv/lib/python3.8/site-packages/airflow/example_dags/example_external_task_marker_dag.py
[2024-11-14T18:44:04.961+0900] {logging_mixin.py:190} INFO - [2024-11-14T18:44:04.961+0900] {dag.py:3239} INFO - Sync 2 DAGs
[2024-11-14T18:44:04.976+0900] {logging_mixin.py:190} INFO - [2024-11-14T18:44:04.975+0900] {dag.py:4180} INFO - Setting next_dagrun for example_external_task_marker_child to None, run_after=None
[2024-11-14T18:44:04.980+0900] {logging_mixin.py:190} INFO - [2024-11-14T18:44:04.980+0900] {dag.py:4180} INFO - Setting next_dagrun for example_external_task_marker_parent to None, run_after=None
[2024-11-14T18:44:04.999+0900] {processor.py:208} INFO - Processing /laewon/airflow_test/py_venv/lib/python3.8/site-packages/airflow/example_dags/example_external_task_marker_dag.py took 0.082 seconds
[2024-11-14T18:44:55.690+0900] {processor.py:186} INFO - Started process (PID=2366511) to work on /laewon/airflow_test/py_venv/lib/python3.8/site-packages/airflow/example_dags/example_external_task_marker_dag.py
[2024-11-14T18:44:55.694+0900] {processor.py:914} INFO - Processing file /laewon/airflow_test/py_venv/lib/python3.8/site-packages/airflow/example_dags/example_external_task_marker_dag.py for tasks to queue
[2024-11-14T18:44:55.696+0900] {logging_mixin.py:190} INFO - [2024-11-14T18:44:55.696+0900] {dagbag.py:588} INFO - Filling up the DagBag from /laewon/airflow_test/py_venv/lib/python3.8/site-packages/airflow/example_dags/example_external_task_marker_dag.py
[2024-11-14T18:44:55.705+0900] {processor.py:925} INFO - DAG(s) 'example_external_task_marker_child', 'example_external_task_marker_parent' retrieved from /laewon/airflow_test/py_venv/lib/python3.8/site-packages/airflow/example_dags/example_external_task_marker_dag.py
[2024-11-14T18:44:55.726+0900] {logging_mixin.py:190} INFO - [2024-11-14T18:44:55.725+0900] {dag.py:3239} INFO - Sync 2 DAGs
[2024-11-14T18:44:55.741+0900] {logging_mixin.py:190} INFO - [2024-11-14T18:44:55.740+0900] {dag.py:4180} INFO - Setting next_dagrun for example_external_task_marker_child to None, run_after=None
[2024-11-14T18:44:55.744+0900] {logging_mixin.py:190} INFO - [2024-11-14T18:44:55.744+0900] {dag.py:4180} INFO - Setting next_dagrun for example_external_task_marker_parent to None, run_after=None
[2024-11-14T18:44:55.763+0900] {processor.py:208} INFO - Processing /laewon/airflow_test/py_venv/lib/python3.8/site-packages/airflow/example_dags/example_external_task_marker_dag.py took 0.081 seconds
