[2024-11-14T18:39:31.832+0900] {processor.py:186} INFO - Started process (PID=2365280) to work on /laewon/airflow_test/py_venv/lib/python3.8/site-packages/airflow/example_dags/example_trigger_controller_dag.py
[2024-11-14T18:39:31.833+0900] {processor.py:914} INFO - Processing file /laewon/airflow_test/py_venv/lib/python3.8/site-packages/airflow/example_dags/example_trigger_controller_dag.py for tasks to queue
[2024-11-14T18:39:31.835+0900] {logging_mixin.py:190} INFO - [2024-11-14T18:39:31.835+0900] {dagbag.py:588} INFO - Filling up the DagBag from /laewon/airflow_test/py_venv/lib/python3.8/site-packages/airflow/example_dags/example_trigger_controller_dag.py
[2024-11-14T18:39:31.843+0900] {processor.py:925} INFO - DAG(s) 'example_trigger_controller_dag' retrieved from /laewon/airflow_test/py_venv/lib/python3.8/site-packages/airflow/example_dags/example_trigger_controller_dag.py
[2024-11-14T18:39:31.955+0900] {logging_mixin.py:190} INFO - [2024-11-14T18:39:31.954+0900] {override.py:1901} INFO - Created Permission View: can edit on DAG:example_trigger_controller_dag
[2024-11-14T18:39:31.968+0900] {logging_mixin.py:190} INFO - [2024-11-14T18:39:31.968+0900] {override.py:1901} INFO - Created Permission View: can delete on DAG:example_trigger_controller_dag
[2024-11-14T18:39:31.977+0900] {logging_mixin.py:190} INFO - [2024-11-14T18:39:31.977+0900] {override.py:1901} INFO - Created Permission View: can read on DAG:example_trigger_controller_dag
[2024-11-14T18:39:31.990+0900] {logging_mixin.py:190} INFO - [2024-11-14T18:39:31.990+0900] {override.py:1901} INFO - Created Permission View: can create on DAG Run:example_trigger_controller_dag
[2024-11-14T18:39:31.999+0900] {logging_mixin.py:190} INFO - [2024-11-14T18:39:31.999+0900] {override.py:1901} INFO - Created Permission View: can read on DAG Run:example_trigger_controller_dag
[2024-11-14T18:39:32.008+0900] {logging_mixin.py:190} INFO - [2024-11-14T18:39:32.008+0900] {override.py:1901} INFO - Created Permission View: can delete on DAG Run:example_trigger_controller_dag
[2024-11-14T18:39:32.017+0900] {logging_mixin.py:190} INFO - [2024-11-14T18:39:32.016+0900] {override.py:1901} INFO - Created Permission View: menu access on DAG Run:example_trigger_controller_dag
[2024-11-14T18:39:32.017+0900] {logging_mixin.py:190} INFO - [2024-11-14T18:39:32.017+0900] {dag.py:3239} INFO - Sync 1 DAGs
[2024-11-14T18:39:32.030+0900] {logging_mixin.py:190} INFO - [2024-11-14T18:39:32.030+0900] {dag.py:3262} INFO - Creating ORM DAG for example_trigger_controller_dag
[2024-11-14T18:39:32.039+0900] {logging_mixin.py:190} INFO - [2024-11-14T18:39:32.039+0900] {dag.py:4180} INFO - Setting next_dagrun for example_trigger_controller_dag to 2021-01-01 00:00:00+00:00, run_after=2021-01-01 00:00:00+00:00
[2024-11-14T18:39:32.058+0900] {processor.py:208} INFO - Processing /laewon/airflow_test/py_venv/lib/python3.8/site-packages/airflow/example_dags/example_trigger_controller_dag.py took 0.233 seconds
[2024-11-14T18:40:52.448+0900] {processor.py:186} INFO - Started process (PID=2365755) to work on /laewon/airflow_test/py_venv/lib/python3.8/site-packages/airflow/example_dags/example_trigger_controller_dag.py
[2024-11-14T18:40:52.449+0900] {processor.py:914} INFO - Processing file /laewon/airflow_test/py_venv/lib/python3.8/site-packages/airflow/example_dags/example_trigger_controller_dag.py for tasks to queue
[2024-11-14T18:40:52.450+0900] {logging_mixin.py:190} INFO - [2024-11-14T18:40:52.450+0900] {dagbag.py:588} INFO - Filling up the DagBag from /laewon/airflow_test/py_venv/lib/python3.8/site-packages/airflow/example_dags/example_trigger_controller_dag.py
[2024-11-14T18:40:52.457+0900] {processor.py:925} INFO - DAG(s) 'example_trigger_controller_dag' retrieved from /laewon/airflow_test/py_venv/lib/python3.8/site-packages/airflow/example_dags/example_trigger_controller_dag.py
[2024-11-14T18:40:52.472+0900] {logging_mixin.py:190} INFO - [2024-11-14T18:40:52.472+0900] {dag.py:3239} INFO - Sync 1 DAGs
[2024-11-14T18:40:52.494+0900] {logging_mixin.py:190} INFO - [2024-11-14T18:40:52.494+0900] {dag.py:4180} INFO - Setting next_dagrun for example_trigger_controller_dag to 2021-01-01 00:00:00+00:00, run_after=2021-01-01 00:00:00+00:00
[2024-11-14T18:40:52.515+0900] {processor.py:208} INFO - Processing /laewon/airflow_test/py_venv/lib/python3.8/site-packages/airflow/example_dags/example_trigger_controller_dag.py took 0.074 seconds
[2024-11-14T18:41:54.229+0900] {processor.py:186} INFO - Started process (PID=2366111) to work on /laewon/airflow_test/py_venv/lib/python3.8/site-packages/airflow/example_dags/example_trigger_controller_dag.py
[2024-11-14T18:41:54.233+0900] {processor.py:914} INFO - Processing file /laewon/airflow_test/py_venv/lib/python3.8/site-packages/airflow/example_dags/example_trigger_controller_dag.py for tasks to queue
[2024-11-14T18:41:54.236+0900] {logging_mixin.py:190} INFO - [2024-11-14T18:41:54.235+0900] {dagbag.py:588} INFO - Filling up the DagBag from /laewon/airflow_test/py_venv/lib/python3.8/site-packages/airflow/example_dags/example_trigger_controller_dag.py
[2024-11-14T18:41:54.244+0900] {processor.py:925} INFO - DAG(s) 'example_trigger_controller_dag' retrieved from /laewon/airflow_test/py_venv/lib/python3.8/site-packages/airflow/example_dags/example_trigger_controller_dag.py
[2024-11-14T18:41:54.260+0900] {logging_mixin.py:190} INFO - [2024-11-14T18:41:54.259+0900] {dag.py:3239} INFO - Sync 1 DAGs
[2024-11-14T18:41:54.283+0900] {logging_mixin.py:190} INFO - [2024-11-14T18:41:54.283+0900] {dag.py:4180} INFO - Setting next_dagrun for example_trigger_controller_dag to 2021-01-01 00:00:00+00:00, run_after=2021-01-01 00:00:00+00:00
[2024-11-14T18:41:54.304+0900] {processor.py:208} INFO - Processing /laewon/airflow_test/py_venv/lib/python3.8/site-packages/airflow/example_dags/example_trigger_controller_dag.py took 0.082 seconds
[2024-11-14T18:42:44.939+0900] {processor.py:186} INFO - Started process (PID=2366345) to work on /laewon/airflow_test/py_venv/lib/python3.8/site-packages/airflow/example_dags/example_trigger_controller_dag.py
[2024-11-14T18:42:44.944+0900] {processor.py:914} INFO - Processing file /laewon/airflow_test/py_venv/lib/python3.8/site-packages/airflow/example_dags/example_trigger_controller_dag.py for tasks to queue
[2024-11-14T18:42:44.946+0900] {logging_mixin.py:190} INFO - [2024-11-14T18:42:44.945+0900] {dagbag.py:588} INFO - Filling up the DagBag from /laewon/airflow_test/py_venv/lib/python3.8/site-packages/airflow/example_dags/example_trigger_controller_dag.py
[2024-11-14T18:42:44.954+0900] {processor.py:925} INFO - DAG(s) 'example_trigger_controller_dag' retrieved from /laewon/airflow_test/py_venv/lib/python3.8/site-packages/airflow/example_dags/example_trigger_controller_dag.py
[2024-11-14T18:42:44.970+0900] {logging_mixin.py:190} INFO - [2024-11-14T18:42:44.969+0900] {dag.py:3239} INFO - Sync 1 DAGs
[2024-11-14T18:42:44.992+0900] {logging_mixin.py:190} INFO - [2024-11-14T18:42:44.992+0900] {dag.py:4180} INFO - Setting next_dagrun for example_trigger_controller_dag to 2021-01-01 00:00:00+00:00, run_after=2021-01-01 00:00:00+00:00
[2024-11-14T18:42:45.014+0900] {processor.py:208} INFO - Processing /laewon/airflow_test/py_venv/lib/python3.8/site-packages/airflow/example_dags/example_trigger_controller_dag.py took 0.082 seconds
[2024-11-14T18:43:36.678+0900] {processor.py:186} INFO - Started process (PID=2366400) to work on /laewon/airflow_test/py_venv/lib/python3.8/site-packages/airflow/example_dags/example_trigger_controller_dag.py
[2024-11-14T18:43:36.682+0900] {processor.py:914} INFO - Processing file /laewon/airflow_test/py_venv/lib/python3.8/site-packages/airflow/example_dags/example_trigger_controller_dag.py for tasks to queue
[2024-11-14T18:43:36.684+0900] {logging_mixin.py:190} INFO - [2024-11-14T18:43:36.684+0900] {dagbag.py:588} INFO - Filling up the DagBag from /laewon/airflow_test/py_venv/lib/python3.8/site-packages/airflow/example_dags/example_trigger_controller_dag.py
[2024-11-14T18:43:36.692+0900] {processor.py:925} INFO - DAG(s) 'example_trigger_controller_dag' retrieved from /laewon/airflow_test/py_venv/lib/python3.8/site-packages/airflow/example_dags/example_trigger_controller_dag.py
[2024-11-14T18:43:36.708+0900] {logging_mixin.py:190} INFO - [2024-11-14T18:43:36.708+0900] {dag.py:3239} INFO - Sync 1 DAGs
[2024-11-14T18:43:36.731+0900] {logging_mixin.py:190} INFO - [2024-11-14T18:43:36.731+0900] {dag.py:4180} INFO - Setting next_dagrun for example_trigger_controller_dag to 2021-01-01 00:00:00+00:00, run_after=2021-01-01 00:00:00+00:00
[2024-11-14T18:43:36.753+0900] {processor.py:208} INFO - Processing /laewon/airflow_test/py_venv/lib/python3.8/site-packages/airflow/example_dags/example_trigger_controller_dag.py took 0.082 seconds
[2024-11-14T18:44:28.686+0900] {processor.py:186} INFO - Started process (PID=2366483) to work on /laewon/airflow_test/py_venv/lib/python3.8/site-packages/airflow/example_dags/example_trigger_controller_dag.py
[2024-11-14T18:44:28.690+0900] {processor.py:914} INFO - Processing file /laewon/airflow_test/py_venv/lib/python3.8/site-packages/airflow/example_dags/example_trigger_controller_dag.py for tasks to queue
[2024-11-14T18:44:28.692+0900] {logging_mixin.py:190} INFO - [2024-11-14T18:44:28.692+0900] {dagbag.py:588} INFO - Filling up the DagBag from /laewon/airflow_test/py_venv/lib/python3.8/site-packages/airflow/example_dags/example_trigger_controller_dag.py
[2024-11-14T18:44:28.700+0900] {processor.py:925} INFO - DAG(s) 'example_trigger_controller_dag' retrieved from /laewon/airflow_test/py_venv/lib/python3.8/site-packages/airflow/example_dags/example_trigger_controller_dag.py
[2024-11-14T18:44:28.716+0900] {logging_mixin.py:190} INFO - [2024-11-14T18:44:28.716+0900] {dag.py:3239} INFO - Sync 1 DAGs
[2024-11-14T18:44:28.739+0900] {logging_mixin.py:190} INFO - [2024-11-14T18:44:28.738+0900] {dag.py:4180} INFO - Setting next_dagrun for example_trigger_controller_dag to 2021-01-01 00:00:00+00:00, run_after=2021-01-01 00:00:00+00:00
[2024-11-14T18:44:28.760+0900] {processor.py:208} INFO - Processing /laewon/airflow_test/py_venv/lib/python3.8/site-packages/airflow/example_dags/example_trigger_controller_dag.py took 0.081 seconds
[2024-11-14T18:45:18.873+0900] {processor.py:186} INFO - Started process (PID=2366535) to work on /laewon/airflow_test/py_venv/lib/python3.8/site-packages/airflow/example_dags/example_trigger_controller_dag.py
[2024-11-14T18:45:18.877+0900] {processor.py:914} INFO - Processing file /laewon/airflow_test/py_venv/lib/python3.8/site-packages/airflow/example_dags/example_trigger_controller_dag.py for tasks to queue
[2024-11-14T18:45:18.879+0900] {logging_mixin.py:190} INFO - [2024-11-14T18:45:18.878+0900] {dagbag.py:588} INFO - Filling up the DagBag from /laewon/airflow_test/py_venv/lib/python3.8/site-packages/airflow/example_dags/example_trigger_controller_dag.py
[2024-11-14T18:45:18.887+0900] {processor.py:925} INFO - DAG(s) 'example_trigger_controller_dag' retrieved from /laewon/airflow_test/py_venv/lib/python3.8/site-packages/airflow/example_dags/example_trigger_controller_dag.py
[2024-11-14T18:45:18.903+0900] {logging_mixin.py:190} INFO - [2024-11-14T18:45:18.903+0900] {dag.py:3239} INFO - Sync 1 DAGs
[2024-11-14T18:45:18.926+0900] {logging_mixin.py:190} INFO - [2024-11-14T18:45:18.925+0900] {dag.py:4180} INFO - Setting next_dagrun for example_trigger_controller_dag to 2021-01-01 00:00:00+00:00, run_after=2021-01-01 00:00:00+00:00
[2024-11-14T18:45:18.947+0900] {processor.py:208} INFO - Processing /laewon/airflow_test/py_venv/lib/python3.8/site-packages/airflow/example_dags/example_trigger_controller_dag.py took 0.081 seconds
