[2024-11-14T18:39:26.519+0900] {processor.py:186} INFO - Started process (PID=2365276) to work on /laewon/airflow_test/py_venv/lib/python3.8/site-packages/airflow/example_dags/example_time_delta_sensor_async.py
[2024-11-14T18:39:26.520+0900] {processor.py:914} INFO - Processing file /laewon/airflow_test/py_venv/lib/python3.8/site-packages/airflow/example_dags/example_time_delta_sensor_async.py for tasks to queue
[2024-11-14T18:39:26.522+0900] {logging_mixin.py:190} INFO - [2024-11-14T18:39:26.521+0900] {dagbag.py:588} INFO - Filling up the DagBag from /laewon/airflow_test/py_venv/lib/python3.8/site-packages/airflow/example_dags/example_time_delta_sensor_async.py
[2024-11-14T18:39:26.530+0900] {processor.py:925} INFO - DAG(s) 'example_time_delta_sensor_async' retrieved from /laewon/airflow_test/py_venv/lib/python3.8/site-packages/airflow/example_dags/example_time_delta_sensor_async.py
[2024-11-14T18:39:26.648+0900] {logging_mixin.py:190} INFO - [2024-11-14T18:39:26.647+0900] {override.py:1901} INFO - Created Permission View: can edit on DAG:example_time_delta_sensor_async
[2024-11-14T18:39:26.661+0900] {logging_mixin.py:190} INFO - [2024-11-14T18:39:26.661+0900] {override.py:1901} INFO - Created Permission View: can delete on DAG:example_time_delta_sensor_async
[2024-11-14T18:39:26.670+0900] {logging_mixin.py:190} INFO - [2024-11-14T18:39:26.670+0900] {override.py:1901} INFO - Created Permission View: can read on DAG:example_time_delta_sensor_async
[2024-11-14T18:39:26.683+0900] {logging_mixin.py:190} INFO - [2024-11-14T18:39:26.683+0900] {override.py:1901} INFO - Created Permission View: can create on DAG Run:example_time_delta_sensor_async
[2024-11-14T18:39:26.692+0900] {logging_mixin.py:190} INFO - [2024-11-14T18:39:26.692+0900] {override.py:1901} INFO - Created Permission View: can read on DAG Run:example_time_delta_sensor_async
[2024-11-14T18:39:26.701+0900] {logging_mixin.py:190} INFO - [2024-11-14T18:39:26.701+0900] {override.py:1901} INFO - Created Permission View: can delete on DAG Run:example_time_delta_sensor_async
[2024-11-14T18:39:26.710+0900] {logging_mixin.py:190} INFO - [2024-11-14T18:39:26.710+0900] {override.py:1901} INFO - Created Permission View: menu access on DAG Run:example_time_delta_sensor_async
[2024-11-14T18:39:26.710+0900] {logging_mixin.py:190} INFO - [2024-11-14T18:39:26.710+0900] {dag.py:3239} INFO - Sync 1 DAGs
[2024-11-14T18:39:26.724+0900] {logging_mixin.py:190} INFO - [2024-11-14T18:39:26.723+0900] {dag.py:3262} INFO - Creating ORM DAG for example_time_delta_sensor_async
[2024-11-14T18:39:26.724+0900] {logging_mixin.py:190} INFO - [2024-11-14T18:39:26.724+0900] {dag.py:4180} INFO - Setting next_dagrun for example_time_delta_sensor_async to None, run_after=None
[2024-11-14T18:39:26.744+0900] {processor.py:208} INFO - Processing /laewon/airflow_test/py_venv/lib/python3.8/site-packages/airflow/example_dags/example_time_delta_sensor_async.py took 0.233 seconds
[2024-11-14T18:40:33.261+0900] {processor.py:186} INFO - Started process (PID=2365574) to work on /laewon/airflow_test/py_venv/lib/python3.8/site-packages/airflow/example_dags/example_time_delta_sensor_async.py
[2024-11-14T18:40:33.265+0900] {processor.py:914} INFO - Processing file /laewon/airflow_test/py_venv/lib/python3.8/site-packages/airflow/example_dags/example_time_delta_sensor_async.py for tasks to queue
[2024-11-14T18:40:33.268+0900] {logging_mixin.py:190} INFO - [2024-11-14T18:40:33.267+0900] {dagbag.py:588} INFO - Filling up the DagBag from /laewon/airflow_test/py_venv/lib/python3.8/site-packages/airflow/example_dags/example_time_delta_sensor_async.py
[2024-11-14T18:40:33.276+0900] {processor.py:925} INFO - DAG(s) 'example_time_delta_sensor_async' retrieved from /laewon/airflow_test/py_venv/lib/python3.8/site-packages/airflow/example_dags/example_time_delta_sensor_async.py
[2024-11-14T18:40:33.292+0900] {logging_mixin.py:190} INFO - [2024-11-14T18:40:33.292+0900] {dag.py:3239} INFO - Sync 1 DAGs
[2024-11-14T18:40:33.307+0900] {logging_mixin.py:190} INFO - [2024-11-14T18:40:33.307+0900] {dag.py:4180} INFO - Setting next_dagrun for example_time_delta_sensor_async to None, run_after=None
[2024-11-14T18:40:33.331+0900] {processor.py:208} INFO - Processing /laewon/airflow_test/py_venv/lib/python3.8/site-packages/airflow/example_dags/example_time_delta_sensor_async.py took 0.076 seconds
[2024-11-14T18:41:22.531+0900] {processor.py:186} INFO - Started process (PID=2366019) to work on /laewon/airflow_test/py_venv/lib/python3.8/site-packages/airflow/example_dags/example_time_delta_sensor_async.py
[2024-11-14T18:41:22.535+0900] {processor.py:914} INFO - Processing file /laewon/airflow_test/py_venv/lib/python3.8/site-packages/airflow/example_dags/example_time_delta_sensor_async.py for tasks to queue
[2024-11-14T18:41:22.537+0900] {logging_mixin.py:190} INFO - [2024-11-14T18:41:22.537+0900] {dagbag.py:588} INFO - Filling up the DagBag from /laewon/airflow_test/py_venv/lib/python3.8/site-packages/airflow/example_dags/example_time_delta_sensor_async.py
[2024-11-14T18:41:22.545+0900] {processor.py:925} INFO - DAG(s) 'example_time_delta_sensor_async' retrieved from /laewon/airflow_test/py_venv/lib/python3.8/site-packages/airflow/example_dags/example_time_delta_sensor_async.py
[2024-11-14T18:41:22.562+0900] {logging_mixin.py:190} INFO - [2024-11-14T18:41:22.562+0900] {dag.py:3239} INFO - Sync 1 DAGs
[2024-11-14T18:41:22.577+0900] {logging_mixin.py:190} INFO - [2024-11-14T18:41:22.577+0900] {dag.py:4180} INFO - Setting next_dagrun for example_time_delta_sensor_async to None, run_after=None
[2024-11-14T18:41:22.598+0900] {processor.py:208} INFO - Processing /laewon/airflow_test/py_venv/lib/python3.8/site-packages/airflow/example_dags/example_time_delta_sensor_async.py took 0.074 seconds
[2024-11-14T18:42:18.295+0900] {processor.py:186} INFO - Started process (PID=2366212) to work on /laewon/airflow_test/py_venv/lib/python3.8/site-packages/airflow/example_dags/example_time_delta_sensor_async.py
[2024-11-14T18:42:18.299+0900] {processor.py:914} INFO - Processing file /laewon/airflow_test/py_venv/lib/python3.8/site-packages/airflow/example_dags/example_time_delta_sensor_async.py for tasks to queue
[2024-11-14T18:42:18.301+0900] {logging_mixin.py:190} INFO - [2024-11-14T18:42:18.301+0900] {dagbag.py:588} INFO - Filling up the DagBag from /laewon/airflow_test/py_venv/lib/python3.8/site-packages/airflow/example_dags/example_time_delta_sensor_async.py
[2024-11-14T18:42:18.309+0900] {processor.py:925} INFO - DAG(s) 'example_time_delta_sensor_async' retrieved from /laewon/airflow_test/py_venv/lib/python3.8/site-packages/airflow/example_dags/example_time_delta_sensor_async.py
[2024-11-14T18:42:18.326+0900] {logging_mixin.py:190} INFO - [2024-11-14T18:42:18.325+0900] {dag.py:3239} INFO - Sync 1 DAGs
[2024-11-14T18:42:18.341+0900] {logging_mixin.py:190} INFO - [2024-11-14T18:42:18.340+0900] {dag.py:4180} INFO - Setting next_dagrun for example_time_delta_sensor_async to None, run_after=None
[2024-11-14T18:42:18.362+0900] {processor.py:208} INFO - Processing /laewon/airflow_test/py_venv/lib/python3.8/site-packages/airflow/example_dags/example_time_delta_sensor_async.py took 0.074 seconds
[2024-11-14T18:43:08.665+0900] {processor.py:186} INFO - Started process (PID=2366370) to work on /laewon/airflow_test/py_venv/lib/python3.8/site-packages/airflow/example_dags/example_time_delta_sensor_async.py
[2024-11-14T18:43:08.669+0900] {processor.py:914} INFO - Processing file /laewon/airflow_test/py_venv/lib/python3.8/site-packages/airflow/example_dags/example_time_delta_sensor_async.py for tasks to queue
[2024-11-14T18:43:08.672+0900] {logging_mixin.py:190} INFO - [2024-11-14T18:43:08.671+0900] {dagbag.py:588} INFO - Filling up the DagBag from /laewon/airflow_test/py_venv/lib/python3.8/site-packages/airflow/example_dags/example_time_delta_sensor_async.py
[2024-11-14T18:43:08.680+0900] {processor.py:925} INFO - DAG(s) 'example_time_delta_sensor_async' retrieved from /laewon/airflow_test/py_venv/lib/python3.8/site-packages/airflow/example_dags/example_time_delta_sensor_async.py
[2024-11-14T18:43:08.697+0900] {logging_mixin.py:190} INFO - [2024-11-14T18:43:08.696+0900] {dag.py:3239} INFO - Sync 1 DAGs
[2024-11-14T18:43:08.713+0900] {logging_mixin.py:190} INFO - [2024-11-14T18:43:08.712+0900] {dag.py:4180} INFO - Setting next_dagrun for example_time_delta_sensor_async to None, run_after=None
[2024-11-14T18:43:08.734+0900] {processor.py:208} INFO - Processing /laewon/airflow_test/py_venv/lib/python3.8/site-packages/airflow/example_dags/example_time_delta_sensor_async.py took 0.076 seconds
[2024-11-14T18:44:00.683+0900] {processor.py:186} INFO - Started process (PID=2366424) to work on /laewon/airflow_test/py_venv/lib/python3.8/site-packages/airflow/example_dags/example_time_delta_sensor_async.py
[2024-11-14T18:44:00.687+0900] {processor.py:914} INFO - Processing file /laewon/airflow_test/py_venv/lib/python3.8/site-packages/airflow/example_dags/example_time_delta_sensor_async.py for tasks to queue
[2024-11-14T18:44:00.689+0900] {logging_mixin.py:190} INFO - [2024-11-14T18:44:00.689+0900] {dagbag.py:588} INFO - Filling up the DagBag from /laewon/airflow_test/py_venv/lib/python3.8/site-packages/airflow/example_dags/example_time_delta_sensor_async.py
[2024-11-14T18:44:00.698+0900] {processor.py:925} INFO - DAG(s) 'example_time_delta_sensor_async' retrieved from /laewon/airflow_test/py_venv/lib/python3.8/site-packages/airflow/example_dags/example_time_delta_sensor_async.py
[2024-11-14T18:44:00.714+0900] {logging_mixin.py:190} INFO - [2024-11-14T18:44:00.714+0900] {dag.py:3239} INFO - Sync 1 DAGs
[2024-11-14T18:44:00.729+0900] {logging_mixin.py:190} INFO - [2024-11-14T18:44:00.729+0900] {dag.py:4180} INFO - Setting next_dagrun for example_time_delta_sensor_async to None, run_after=None
[2024-11-14T18:44:00.752+0900] {processor.py:208} INFO - Processing /laewon/airflow_test/py_venv/lib/python3.8/site-packages/airflow/example_dags/example_time_delta_sensor_async.py took 0.076 seconds
[2024-11-14T18:44:51.197+0900] {processor.py:186} INFO - Started process (PID=2366506) to work on /laewon/airflow_test/py_venv/lib/python3.8/site-packages/airflow/example_dags/example_time_delta_sensor_async.py
[2024-11-14T18:44:51.201+0900] {processor.py:914} INFO - Processing file /laewon/airflow_test/py_venv/lib/python3.8/site-packages/airflow/example_dags/example_time_delta_sensor_async.py for tasks to queue
[2024-11-14T18:44:51.203+0900] {logging_mixin.py:190} INFO - [2024-11-14T18:44:51.203+0900] {dagbag.py:588} INFO - Filling up the DagBag from /laewon/airflow_test/py_venv/lib/python3.8/site-packages/airflow/example_dags/example_time_delta_sensor_async.py
[2024-11-14T18:44:51.211+0900] {processor.py:925} INFO - DAG(s) 'example_time_delta_sensor_async' retrieved from /laewon/airflow_test/py_venv/lib/python3.8/site-packages/airflow/example_dags/example_time_delta_sensor_async.py
[2024-11-14T18:44:51.228+0900] {logging_mixin.py:190} INFO - [2024-11-14T18:44:51.227+0900] {dag.py:3239} INFO - Sync 1 DAGs
[2024-11-14T18:44:51.243+0900] {logging_mixin.py:190} INFO - [2024-11-14T18:44:51.242+0900] {dag.py:4180} INFO - Setting next_dagrun for example_time_delta_sensor_async to None, run_after=None
[2024-11-14T18:44:51.264+0900] {processor.py:208} INFO - Processing /laewon/airflow_test/py_venv/lib/python3.8/site-packages/airflow/example_dags/example_time_delta_sensor_async.py took 0.074 seconds
