[2024-11-14T18:40:20.891+0900] {processor.py:186} INFO - Started process (PID=2365504) to work on /laewon/airflow_test/py_venv/lib/python3.8/site-packages/airflow/example_dags/example_datasets.py
[2024-11-14T18:40:20.892+0900] {processor.py:914} INFO - Processing file /laewon/airflow_test/py_venv/lib/python3.8/site-packages/airflow/example_dags/example_datasets.py for tasks to queue
[2024-11-14T18:40:20.894+0900] {logging_mixin.py:190} INFO - [2024-11-14T18:40:20.893+0900] {dagbag.py:588} INFO - Filling up the DagBag from /laewon/airflow_test/py_venv/lib/python3.8/site-packages/airflow/example_dags/example_datasets.py
[2024-11-14T18:40:20.913+0900] {processor.py:925} INFO - DAG(s) 'dataset_produces_2', 'dataset_consumes_1_never_scheduled', 'dataset_consumes_1', 'consume_1_or_both_2_and_3_with_dataset_expressions', 'dataset_consumes_unknown_never_scheduled', 'dataset_consumes_1_and_2', 'dataset_produces_1', 'conditional_dataset_and_time_based_timetable', 'consume_1_or_2_with_dataset_expressions', 'consume_1_and_2_with_dataset_expressions' retrieved from /laewon/airflow_test/py_venv/lib/python3.8/site-packages/airflow/example_dags/example_datasets.py
[2024-11-14T18:40:21.021+0900] {logging_mixin.py:190} INFO - [2024-11-14T18:40:21.020+0900] {override.py:1901} INFO - Created Permission View: can edit on DAG:dataset_produces_2
[2024-11-14T18:40:21.033+0900] {logging_mixin.py:190} INFO - [2024-11-14T18:40:21.033+0900] {override.py:1901} INFO - Created Permission View: can delete on DAG:dataset_produces_2
[2024-11-14T18:40:21.042+0900] {logging_mixin.py:190} INFO - [2024-11-14T18:40:21.042+0900] {override.py:1901} INFO - Created Permission View: can read on DAG:dataset_produces_2
[2024-11-14T18:40:21.055+0900] {logging_mixin.py:190} INFO - [2024-11-14T18:40:21.055+0900] {override.py:1901} INFO - Created Permission View: can create on DAG Run:dataset_produces_2
[2024-11-14T18:40:21.065+0900] {logging_mixin.py:190} INFO - [2024-11-14T18:40:21.064+0900] {override.py:1901} INFO - Created Permission View: can read on DAG Run:dataset_produces_2
[2024-11-14T18:40:21.074+0900] {logging_mixin.py:190} INFO - [2024-11-14T18:40:21.073+0900] {override.py:1901} INFO - Created Permission View: can delete on DAG Run:dataset_produces_2
[2024-11-14T18:40:21.083+0900] {logging_mixin.py:190} INFO - [2024-11-14T18:40:21.082+0900] {override.py:1901} INFO - Created Permission View: menu access on DAG Run:dataset_produces_2
[2024-11-14T18:40:21.102+0900] {logging_mixin.py:190} INFO - [2024-11-14T18:40:21.101+0900] {override.py:1901} INFO - Created Permission View: can edit on DAG:dataset_consumes_1_never_scheduled
[2024-11-14T18:40:21.111+0900] {logging_mixin.py:190} INFO - [2024-11-14T18:40:21.110+0900] {override.py:1901} INFO - Created Permission View: can delete on DAG:dataset_consumes_1_never_scheduled
[2024-11-14T18:40:21.120+0900] {logging_mixin.py:190} INFO - [2024-11-14T18:40:21.120+0900] {override.py:1901} INFO - Created Permission View: can read on DAG:dataset_consumes_1_never_scheduled
[2024-11-14T18:40:21.133+0900] {logging_mixin.py:190} INFO - [2024-11-14T18:40:21.133+0900] {override.py:1901} INFO - Created Permission View: can create on DAG Run:dataset_consumes_1_never_scheduled
[2024-11-14T18:40:21.142+0900] {logging_mixin.py:190} INFO - [2024-11-14T18:40:21.142+0900] {override.py:1901} INFO - Created Permission View: can read on DAG Run:dataset_consumes_1_never_scheduled
[2024-11-14T18:40:21.160+0900] {logging_mixin.py:190} INFO - [2024-11-14T18:40:21.160+0900] {override.py:1901} INFO - Created Permission View: can delete on DAG Run:dataset_consumes_1_never_scheduled
[2024-11-14T18:40:21.173+0900] {logging_mixin.py:190} INFO - [2024-11-14T18:40:21.173+0900] {override.py:1901} INFO - Created Permission View: menu access on DAG Run:dataset_consumes_1_never_scheduled
[2024-11-14T18:40:21.191+0900] {logging_mixin.py:190} INFO - [2024-11-14T18:40:21.191+0900] {override.py:1901} INFO - Created Permission View: can edit on DAG:dataset_consumes_1
[2024-11-14T18:40:21.201+0900] {logging_mixin.py:190} INFO - [2024-11-14T18:40:21.200+0900] {override.py:1901} INFO - Created Permission View: can delete on DAG:dataset_consumes_1
[2024-11-14T18:40:21.210+0900] {logging_mixin.py:190} INFO - [2024-11-14T18:40:21.209+0900] {override.py:1901} INFO - Created Permission View: can read on DAG:dataset_consumes_1
[2024-11-14T18:40:21.223+0900] {logging_mixin.py:190} INFO - [2024-11-14T18:40:21.223+0900] {override.py:1901} INFO - Created Permission View: can create on DAG Run:dataset_consumes_1
[2024-11-14T18:40:21.232+0900] {logging_mixin.py:190} INFO - [2024-11-14T18:40:21.232+0900] {override.py:1901} INFO - Created Permission View: can read on DAG Run:dataset_consumes_1
[2024-11-14T18:40:21.241+0900] {logging_mixin.py:190} INFO - [2024-11-14T18:40:21.241+0900] {override.py:1901} INFO - Created Permission View: can delete on DAG Run:dataset_consumes_1
[2024-11-14T18:40:21.251+0900] {logging_mixin.py:190} INFO - [2024-11-14T18:40:21.250+0900] {override.py:1901} INFO - Created Permission View: menu access on DAG Run:dataset_consumes_1
[2024-11-14T18:40:21.270+0900] {logging_mixin.py:190} INFO - [2024-11-14T18:40:21.270+0900] {override.py:1901} INFO - Created Permission View: can edit on DAG:consume_1_or_both_2_and_3_with_dataset_expressions
[2024-11-14T18:40:21.279+0900] {logging_mixin.py:190} INFO - [2024-11-14T18:40:21.279+0900] {override.py:1901} INFO - Created Permission View: can delete on DAG:consume_1_or_both_2_and_3_with_dataset_expressions
[2024-11-14T18:40:21.289+0900] {logging_mixin.py:190} INFO - [2024-11-14T18:40:21.289+0900] {override.py:1901} INFO - Created Permission View: can read on DAG:consume_1_or_both_2_and_3_with_dataset_expressions
[2024-11-14T18:40:21.303+0900] {logging_mixin.py:190} INFO - [2024-11-14T18:40:21.303+0900] {override.py:1901} INFO - Created Permission View: can create on DAG Run:consume_1_or_both_2_and_3_with_dataset_expressions
[2024-11-14T18:40:21.312+0900] {logging_mixin.py:190} INFO - [2024-11-14T18:40:21.312+0900] {override.py:1901} INFO - Created Permission View: can read on DAG Run:consume_1_or_both_2_and_3_with_dataset_expressions
[2024-11-14T18:40:21.322+0900] {logging_mixin.py:190} INFO - [2024-11-14T18:40:21.321+0900] {override.py:1901} INFO - Created Permission View: can delete on DAG Run:consume_1_or_both_2_and_3_with_dataset_expressions
[2024-11-14T18:40:21.331+0900] {logging_mixin.py:190} INFO - [2024-11-14T18:40:21.331+0900] {override.py:1901} INFO - Created Permission View: menu access on DAG Run:consume_1_or_both_2_and_3_with_dataset_expressions
[2024-11-14T18:40:21.350+0900] {logging_mixin.py:190} INFO - [2024-11-14T18:40:21.349+0900] {override.py:1901} INFO - Created Permission View: can edit on DAG:dataset_consumes_unknown_never_scheduled
[2024-11-14T18:40:21.359+0900] {logging_mixin.py:190} INFO - [2024-11-14T18:40:21.359+0900] {override.py:1901} INFO - Created Permission View: can delete on DAG:dataset_consumes_unknown_never_scheduled
[2024-11-14T18:40:21.368+0900] {logging_mixin.py:190} INFO - [2024-11-14T18:40:21.368+0900] {override.py:1901} INFO - Created Permission View: can read on DAG:dataset_consumes_unknown_never_scheduled
[2024-11-14T18:40:21.382+0900] {logging_mixin.py:190} INFO - [2024-11-14T18:40:21.381+0900] {override.py:1901} INFO - Created Permission View: can create on DAG Run:dataset_consumes_unknown_never_scheduled
[2024-11-14T18:40:21.391+0900] {logging_mixin.py:190} INFO - [2024-11-14T18:40:21.391+0900] {override.py:1901} INFO - Created Permission View: can read on DAG Run:dataset_consumes_unknown_never_scheduled
[2024-11-14T18:40:21.401+0900] {logging_mixin.py:190} INFO - [2024-11-14T18:40:21.400+0900] {override.py:1901} INFO - Created Permission View: can delete on DAG Run:dataset_consumes_unknown_never_scheduled
[2024-11-14T18:40:21.410+0900] {logging_mixin.py:190} INFO - [2024-11-14T18:40:21.409+0900] {override.py:1901} INFO - Created Permission View: menu access on DAG Run:dataset_consumes_unknown_never_scheduled
[2024-11-14T18:40:21.428+0900] {logging_mixin.py:190} INFO - [2024-11-14T18:40:21.428+0900] {override.py:1901} INFO - Created Permission View: can edit on DAG:dataset_consumes_1_and_2
[2024-11-14T18:40:21.437+0900] {logging_mixin.py:190} INFO - [2024-11-14T18:40:21.437+0900] {override.py:1901} INFO - Created Permission View: can delete on DAG:dataset_consumes_1_and_2
[2024-11-14T18:40:21.447+0900] {logging_mixin.py:190} INFO - [2024-11-14T18:40:21.446+0900] {override.py:1901} INFO - Created Permission View: can read on DAG:dataset_consumes_1_and_2
[2024-11-14T18:40:21.460+0900] {logging_mixin.py:190} INFO - [2024-11-14T18:40:21.460+0900] {override.py:1901} INFO - Created Permission View: can create on DAG Run:dataset_consumes_1_and_2
[2024-11-14T18:40:21.470+0900] {logging_mixin.py:190} INFO - [2024-11-14T18:40:21.469+0900] {override.py:1901} INFO - Created Permission View: can read on DAG Run:dataset_consumes_1_and_2
[2024-11-14T18:40:21.479+0900] {logging_mixin.py:190} INFO - [2024-11-14T18:40:21.478+0900] {override.py:1901} INFO - Created Permission View: can delete on DAG Run:dataset_consumes_1_and_2
[2024-11-14T18:40:21.488+0900] {logging_mixin.py:190} INFO - [2024-11-14T18:40:21.488+0900] {override.py:1901} INFO - Created Permission View: menu access on DAG Run:dataset_consumes_1_and_2
[2024-11-14T18:40:21.507+0900] {logging_mixin.py:190} INFO - [2024-11-14T18:40:21.506+0900] {override.py:1901} INFO - Created Permission View: can edit on DAG:dataset_produces_1
[2024-11-14T18:40:21.516+0900] {logging_mixin.py:190} INFO - [2024-11-14T18:40:21.515+0900] {override.py:1901} INFO - Created Permission View: can delete on DAG:dataset_produces_1
[2024-11-14T18:40:21.525+0900] {logging_mixin.py:190} INFO - [2024-11-14T18:40:21.524+0900] {override.py:1901} INFO - Created Permission View: can read on DAG:dataset_produces_1
[2024-11-14T18:40:21.538+0900] {logging_mixin.py:190} INFO - [2024-11-14T18:40:21.538+0900] {override.py:1901} INFO - Created Permission View: can create on DAG Run:dataset_produces_1
[2024-11-14T18:40:21.547+0900] {logging_mixin.py:190} INFO - [2024-11-14T18:40:21.547+0900] {override.py:1901} INFO - Created Permission View: can read on DAG Run:dataset_produces_1
[2024-11-14T18:40:21.556+0900] {logging_mixin.py:190} INFO - [2024-11-14T18:40:21.556+0900] {override.py:1901} INFO - Created Permission View: can delete on DAG Run:dataset_produces_1
[2024-11-14T18:40:21.565+0900] {logging_mixin.py:190} INFO - [2024-11-14T18:40:21.565+0900] {override.py:1901} INFO - Created Permission View: menu access on DAG Run:dataset_produces_1
[2024-11-14T18:40:21.584+0900] {logging_mixin.py:190} INFO - [2024-11-14T18:40:21.583+0900] {override.py:1901} INFO - Created Permission View: can edit on DAG:conditional_dataset_and_time_based_timetable
[2024-11-14T18:40:21.593+0900] {logging_mixin.py:190} INFO - [2024-11-14T18:40:21.593+0900] {override.py:1901} INFO - Created Permission View: can delete on DAG:conditional_dataset_and_time_based_timetable
[2024-11-14T18:40:21.602+0900] {logging_mixin.py:190} INFO - [2024-11-14T18:40:21.602+0900] {override.py:1901} INFO - Created Permission View: can read on DAG:conditional_dataset_and_time_based_timetable
[2024-11-14T18:40:21.616+0900] {logging_mixin.py:190} INFO - [2024-11-14T18:40:21.615+0900] {override.py:1901} INFO - Created Permission View: can create on DAG Run:conditional_dataset_and_time_based_timetable
[2024-11-14T18:40:21.625+0900] {logging_mixin.py:190} INFO - [2024-11-14T18:40:21.624+0900] {override.py:1901} INFO - Created Permission View: can read on DAG Run:conditional_dataset_and_time_based_timetable
[2024-11-14T18:40:21.634+0900] {logging_mixin.py:190} INFO - [2024-11-14T18:40:21.634+0900] {override.py:1901} INFO - Created Permission View: can delete on DAG Run:conditional_dataset_and_time_based_timetable
[2024-11-14T18:40:21.643+0900] {logging_mixin.py:190} INFO - [2024-11-14T18:40:21.643+0900] {override.py:1901} INFO - Created Permission View: menu access on DAG Run:conditional_dataset_and_time_based_timetable
[2024-11-14T18:40:21.661+0900] {logging_mixin.py:190} INFO - [2024-11-14T18:40:21.661+0900] {override.py:1901} INFO - Created Permission View: can edit on DAG:consume_1_or_2_with_dataset_expressions
[2024-11-14T18:40:21.670+0900] {logging_mixin.py:190} INFO - [2024-11-14T18:40:21.670+0900] {override.py:1901} INFO - Created Permission View: can delete on DAG:consume_1_or_2_with_dataset_expressions
[2024-11-14T18:40:21.680+0900] {logging_mixin.py:190} INFO - [2024-11-14T18:40:21.679+0900] {override.py:1901} INFO - Created Permission View: can read on DAG:consume_1_or_2_with_dataset_expressions
[2024-11-14T18:40:21.693+0900] {logging_mixin.py:190} INFO - [2024-11-14T18:40:21.692+0900] {override.py:1901} INFO - Created Permission View: can create on DAG Run:consume_1_or_2_with_dataset_expressions
[2024-11-14T18:40:21.702+0900] {logging_mixin.py:190} INFO - [2024-11-14T18:40:21.702+0900] {override.py:1901} INFO - Created Permission View: can read on DAG Run:consume_1_or_2_with_dataset_expressions
[2024-11-14T18:40:21.711+0900] {logging_mixin.py:190} INFO - [2024-11-14T18:40:21.711+0900] {override.py:1901} INFO - Created Permission View: can delete on DAG Run:consume_1_or_2_with_dataset_expressions
[2024-11-14T18:40:21.720+0900] {logging_mixin.py:190} INFO - [2024-11-14T18:40:21.720+0900] {override.py:1901} INFO - Created Permission View: menu access on DAG Run:consume_1_or_2_with_dataset_expressions
[2024-11-14T18:40:21.738+0900] {logging_mixin.py:190} INFO - [2024-11-14T18:40:21.738+0900] {override.py:1901} INFO - Created Permission View: can edit on DAG:consume_1_and_2_with_dataset_expressions
[2024-11-14T18:40:21.747+0900] {logging_mixin.py:190} INFO - [2024-11-14T18:40:21.747+0900] {override.py:1901} INFO - Created Permission View: can delete on DAG:consume_1_and_2_with_dataset_expressions
[2024-11-14T18:40:21.756+0900] {logging_mixin.py:190} INFO - [2024-11-14T18:40:21.756+0900] {override.py:1901} INFO - Created Permission View: can read on DAG:consume_1_and_2_with_dataset_expressions
[2024-11-14T18:40:21.769+0900] {logging_mixin.py:190} INFO - [2024-11-14T18:40:21.769+0900] {override.py:1901} INFO - Created Permission View: can create on DAG Run:consume_1_and_2_with_dataset_expressions
[2024-11-14T18:40:21.779+0900] {logging_mixin.py:190} INFO - [2024-11-14T18:40:21.778+0900] {override.py:1901} INFO - Created Permission View: can read on DAG Run:consume_1_and_2_with_dataset_expressions
[2024-11-14T18:40:21.788+0900] {logging_mixin.py:190} INFO - [2024-11-14T18:40:21.787+0900] {override.py:1901} INFO - Created Permission View: can delete on DAG Run:consume_1_and_2_with_dataset_expressions
[2024-11-14T18:40:21.797+0900] {logging_mixin.py:190} INFO - [2024-11-14T18:40:21.796+0900] {override.py:1901} INFO - Created Permission View: menu access on DAG Run:consume_1_and_2_with_dataset_expressions
[2024-11-14T18:40:21.797+0900] {logging_mixin.py:190} INFO - [2024-11-14T18:40:21.797+0900] {dag.py:3239} INFO - Sync 10 DAGs
[2024-11-14T18:40:21.810+0900] {logging_mixin.py:190} INFO - [2024-11-14T18:40:21.810+0900] {dag.py:3262} INFO - Creating ORM DAG for dataset_consumes_1_and_2
[2024-11-14T18:40:21.811+0900] {logging_mixin.py:190} INFO - [2024-11-14T18:40:21.811+0900] {dag.py:3262} INFO - Creating ORM DAG for consume_1_or_both_2_and_3_with_dataset_expressions
[2024-11-14T18:40:21.812+0900] {logging_mixin.py:190} INFO - [2024-11-14T18:40:21.812+0900] {dag.py:3262} INFO - Creating ORM DAG for dataset_consumes_unknown_never_scheduled
[2024-11-14T18:40:21.813+0900] {logging_mixin.py:190} INFO - [2024-11-14T18:40:21.812+0900] {dag.py:3262} INFO - Creating ORM DAG for consume_1_or_2_with_dataset_expressions
[2024-11-14T18:40:21.813+0900] {logging_mixin.py:190} INFO - [2024-11-14T18:40:21.813+0900] {dag.py:3262} INFO - Creating ORM DAG for dataset_produces_2
[2024-11-14T18:40:21.814+0900] {logging_mixin.py:190} INFO - [2024-11-14T18:40:21.814+0900] {dag.py:3262} INFO - Creating ORM DAG for dataset_consumes_1_never_scheduled
[2024-11-14T18:40:21.815+0900] {logging_mixin.py:190} INFO - [2024-11-14T18:40:21.814+0900] {dag.py:3262} INFO - Creating ORM DAG for dataset_consumes_1
[2024-11-14T18:40:21.815+0900] {logging_mixin.py:190} INFO - [2024-11-14T18:40:21.815+0900] {dag.py:3262} INFO - Creating ORM DAG for conditional_dataset_and_time_based_timetable
[2024-11-14T18:40:21.816+0900] {logging_mixin.py:190} INFO - [2024-11-14T18:40:21.816+0900] {dag.py:3262} INFO - Creating ORM DAG for consume_1_and_2_with_dataset_expressions
[2024-11-14T18:40:21.817+0900] {logging_mixin.py:190} INFO - [2024-11-14T18:40:21.816+0900] {dag.py:3262} INFO - Creating ORM DAG for dataset_produces_1
[2024-11-14T18:40:21.827+0900] {logging_mixin.py:190} INFO - [2024-11-14T18:40:21.826+0900] {dag.py:4180} INFO - Setting next_dagrun for conditional_dataset_and_time_based_timetable to 2024-11-13 01:00:00+00:00, run_after=2024-11-13 01:00:00+00:00
[2024-11-14T18:40:21.827+0900] {logging_mixin.py:190} INFO - [2024-11-14T18:40:21.827+0900] {dag.py:4180} INFO - Setting next_dagrun for consume_1_and_2_with_dataset_expressions to None, run_after=None
[2024-11-14T18:40:21.828+0900] {logging_mixin.py:190} INFO - [2024-11-14T18:40:21.828+0900] {dag.py:4180} INFO - Setting next_dagrun for consume_1_or_2_with_dataset_expressions to None, run_after=None
[2024-11-14T18:40:21.828+0900] {logging_mixin.py:190} INFO - [2024-11-14T18:40:21.828+0900] {dag.py:4180} INFO - Setting next_dagrun for consume_1_or_both_2_and_3_with_dataset_expressions to None, run_after=None
[2024-11-14T18:40:21.829+0900] {logging_mixin.py:190} INFO - [2024-11-14T18:40:21.829+0900] {dag.py:4180} INFO - Setting next_dagrun for dataset_consumes_1 to None, run_after=None
[2024-11-14T18:40:21.829+0900] {logging_mixin.py:190} INFO - [2024-11-14T18:40:21.829+0900] {dag.py:4180} INFO - Setting next_dagrun for dataset_consumes_1_and_2 to None, run_after=None
[2024-11-14T18:40:21.830+0900] {logging_mixin.py:190} INFO - [2024-11-14T18:40:21.830+0900] {dag.py:4180} INFO - Setting next_dagrun for dataset_consumes_1_never_scheduled to None, run_after=None
[2024-11-14T18:40:21.831+0900] {logging_mixin.py:190} INFO - [2024-11-14T18:40:21.830+0900] {dag.py:4180} INFO - Setting next_dagrun for dataset_consumes_unknown_never_scheduled to None, run_after=None
[2024-11-14T18:40:21.833+0900] {logging_mixin.py:190} INFO - [2024-11-14T18:40:21.833+0900] {dag.py:4180} INFO - Setting next_dagrun for dataset_produces_1 to 2024-11-13 00:00:00+00:00, run_after=2024-11-14 00:00:00+00:00
[2024-11-14T18:40:21.834+0900] {logging_mixin.py:190} INFO - [2024-11-14T18:40:21.833+0900] {dag.py:4180} INFO - Setting next_dagrun for dataset_produces_2 to None, run_after=None
[2024-11-14T18:40:21.874+0900] {processor.py:208} INFO - Processing /laewon/airflow_test/py_venv/lib/python3.8/site-packages/airflow/example_dags/example_datasets.py took 0.991 seconds
[2024-11-14T18:41:47.473+0900] {processor.py:186} INFO - Started process (PID=2366073) to work on /laewon/airflow_test/py_venv/lib/python3.8/site-packages/airflow/example_dags/example_datasets.py
[2024-11-14T18:41:47.478+0900] {processor.py:914} INFO - Processing file /laewon/airflow_test/py_venv/lib/python3.8/site-packages/airflow/example_dags/example_datasets.py for tasks to queue
[2024-11-14T18:41:47.480+0900] {logging_mixin.py:190} INFO - [2024-11-14T18:41:47.479+0900] {dagbag.py:588} INFO - Filling up the DagBag from /laewon/airflow_test/py_venv/lib/python3.8/site-packages/airflow/example_dags/example_datasets.py
[2024-11-14T18:41:47.499+0900] {processor.py:925} INFO - DAG(s) 'dataset_consumes_1_and_2', 'consume_1_or_both_2_and_3_with_dataset_expressions', 'dataset_consumes_1', 'dataset_consumes_1_never_scheduled', 'dataset_consumes_unknown_never_scheduled', 'dataset_produces_1', 'conditional_dataset_and_time_based_timetable', 'consume_1_and_2_with_dataset_expressions', 'dataset_produces_2', 'consume_1_or_2_with_dataset_expressions' retrieved from /laewon/airflow_test/py_venv/lib/python3.8/site-packages/airflow/example_dags/example_datasets.py
[2024-11-14T18:41:47.540+0900] {logging_mixin.py:190} INFO - [2024-11-14T18:41:47.540+0900] {dag.py:3239} INFO - Sync 10 DAGs
[2024-11-14T18:41:47.567+0900] {logging_mixin.py:190} INFO - [2024-11-14T18:41:47.567+0900] {dag.py:4180} INFO - Setting next_dagrun for conditional_dataset_and_time_based_timetable to 2024-11-13 01:00:00+00:00, run_after=2024-11-13 01:00:00+00:00
[2024-11-14T18:41:47.571+0900] {logging_mixin.py:190} INFO - [2024-11-14T18:41:47.570+0900] {dag.py:4180} INFO - Setting next_dagrun for consume_1_and_2_with_dataset_expressions to None, run_after=None
[2024-11-14T18:41:47.572+0900] {logging_mixin.py:190} INFO - [2024-11-14T18:41:47.571+0900] {dag.py:4180} INFO - Setting next_dagrun for consume_1_or_2_with_dataset_expressions to None, run_after=None
[2024-11-14T18:41:47.573+0900] {logging_mixin.py:190} INFO - [2024-11-14T18:41:47.573+0900] {dag.py:4180} INFO - Setting next_dagrun for consume_1_or_both_2_and_3_with_dataset_expressions to None, run_after=None
[2024-11-14T18:41:47.574+0900] {logging_mixin.py:190} INFO - [2024-11-14T18:41:47.574+0900] {dag.py:4180} INFO - Setting next_dagrun for dataset_consumes_1 to None, run_after=None
[2024-11-14T18:41:47.575+0900] {logging_mixin.py:190} INFO - [2024-11-14T18:41:47.575+0900] {dag.py:4180} INFO - Setting next_dagrun for dataset_consumes_1_and_2 to None, run_after=None
[2024-11-14T18:41:47.576+0900] {logging_mixin.py:190} INFO - [2024-11-14T18:41:47.576+0900] {dag.py:4180} INFO - Setting next_dagrun for dataset_consumes_1_never_scheduled to None, run_after=None
[2024-11-14T18:41:47.577+0900] {logging_mixin.py:190} INFO - [2024-11-14T18:41:47.577+0900] {dag.py:4180} INFO - Setting next_dagrun for dataset_consumes_unknown_never_scheduled to None, run_after=None
[2024-11-14T18:41:47.580+0900] {logging_mixin.py:190} INFO - [2024-11-14T18:41:47.580+0900] {dag.py:4180} INFO - Setting next_dagrun for dataset_produces_1 to 2024-11-13 00:00:00+00:00, run_after=2024-11-14 00:00:00+00:00
[2024-11-14T18:41:47.581+0900] {logging_mixin.py:190} INFO - [2024-11-14T18:41:47.581+0900] {dag.py:4180} INFO - Setting next_dagrun for dataset_produces_2 to None, run_after=None
[2024-11-14T18:41:47.617+0900] {processor.py:208} INFO - Processing /laewon/airflow_test/py_venv/lib/python3.8/site-packages/airflow/example_dags/example_datasets.py took 0.150 seconds
[2024-11-14T18:43:03.847+0900] {processor.py:186} INFO - Started process (PID=2366365) to work on /laewon/airflow_test/py_venv/lib/python3.8/site-packages/airflow/example_dags/example_datasets.py
[2024-11-14T18:43:03.852+0900] {processor.py:914} INFO - Processing file /laewon/airflow_test/py_venv/lib/python3.8/site-packages/airflow/example_dags/example_datasets.py for tasks to queue
[2024-11-14T18:43:03.854+0900] {logging_mixin.py:190} INFO - [2024-11-14T18:43:03.853+0900] {dagbag.py:588} INFO - Filling up the DagBag from /laewon/airflow_test/py_venv/lib/python3.8/site-packages/airflow/example_dags/example_datasets.py
[2024-11-14T18:43:03.873+0900] {processor.py:925} INFO - DAG(s) 'dataset_consumes_1_and_2', 'dataset_produces_1', 'dataset_consumes_1_never_scheduled', 'consume_1_or_2_with_dataset_expressions', 'consume_1_and_2_with_dataset_expressions', 'dataset_consumes_1', 'dataset_produces_2', 'consume_1_or_both_2_and_3_with_dataset_expressions', 'dataset_consumes_unknown_never_scheduled', 'conditional_dataset_and_time_based_timetable' retrieved from /laewon/airflow_test/py_venv/lib/python3.8/site-packages/airflow/example_dags/example_datasets.py
[2024-11-14T18:43:03.914+0900] {logging_mixin.py:190} INFO - [2024-11-14T18:43:03.914+0900] {dag.py:3239} INFO - Sync 10 DAGs
[2024-11-14T18:43:03.941+0900] {logging_mixin.py:190} INFO - [2024-11-14T18:43:03.940+0900] {dag.py:4180} INFO - Setting next_dagrun for conditional_dataset_and_time_based_timetable to 2024-11-13 01:00:00+00:00, run_after=2024-11-13 01:00:00+00:00
[2024-11-14T18:43:03.944+0900] {logging_mixin.py:190} INFO - [2024-11-14T18:43:03.944+0900] {dag.py:4180} INFO - Setting next_dagrun for consume_1_and_2_with_dataset_expressions to None, run_after=None
[2024-11-14T18:43:03.945+0900] {logging_mixin.py:190} INFO - [2024-11-14T18:43:03.945+0900] {dag.py:4180} INFO - Setting next_dagrun for consume_1_or_2_with_dataset_expressions to None, run_after=None
[2024-11-14T18:43:03.946+0900] {logging_mixin.py:190} INFO - [2024-11-14T18:43:03.946+0900] {dag.py:4180} INFO - Setting next_dagrun for consume_1_or_both_2_and_3_with_dataset_expressions to None, run_after=None
[2024-11-14T18:43:03.947+0900] {logging_mixin.py:190} INFO - [2024-11-14T18:43:03.947+0900] {dag.py:4180} INFO - Setting next_dagrun for dataset_consumes_1 to None, run_after=None
[2024-11-14T18:43:03.949+0900] {logging_mixin.py:190} INFO - [2024-11-14T18:43:03.948+0900] {dag.py:4180} INFO - Setting next_dagrun for dataset_consumes_1_and_2 to None, run_after=None
[2024-11-14T18:43:03.950+0900] {logging_mixin.py:190} INFO - [2024-11-14T18:43:03.949+0900] {dag.py:4180} INFO - Setting next_dagrun for dataset_consumes_1_never_scheduled to None, run_after=None
[2024-11-14T18:43:03.951+0900] {logging_mixin.py:190} INFO - [2024-11-14T18:43:03.950+0900] {dag.py:4180} INFO - Setting next_dagrun for dataset_consumes_unknown_never_scheduled to None, run_after=None
[2024-11-14T18:43:03.953+0900] {logging_mixin.py:190} INFO - [2024-11-14T18:43:03.953+0900] {dag.py:4180} INFO - Setting next_dagrun for dataset_produces_1 to 2024-11-13 00:00:00+00:00, run_after=2024-11-14 00:00:00+00:00
[2024-11-14T18:43:03.954+0900] {logging_mixin.py:190} INFO - [2024-11-14T18:43:03.954+0900] {dag.py:4180} INFO - Setting next_dagrun for dataset_produces_2 to None, run_after=None
[2024-11-14T18:43:03.990+0900] {processor.py:208} INFO - Processing /laewon/airflow_test/py_venv/lib/python3.8/site-packages/airflow/example_dags/example_datasets.py took 0.150 seconds
[2024-11-14T18:44:21.403+0900] {processor.py:186} INFO - Started process (PID=2366475) to work on /laewon/airflow_test/py_venv/lib/python3.8/site-packages/airflow/example_dags/example_datasets.py
[2024-11-14T18:44:21.407+0900] {processor.py:914} INFO - Processing file /laewon/airflow_test/py_venv/lib/python3.8/site-packages/airflow/example_dags/example_datasets.py for tasks to queue
[2024-11-14T18:44:21.409+0900] {logging_mixin.py:190} INFO - [2024-11-14T18:44:21.409+0900] {dagbag.py:588} INFO - Filling up the DagBag from /laewon/airflow_test/py_venv/lib/python3.8/site-packages/airflow/example_dags/example_datasets.py
[2024-11-14T18:44:21.428+0900] {processor.py:925} INFO - DAG(s) 'consume_1_and_2_with_dataset_expressions', 'dataset_consumes_1_and_2', 'consume_1_or_2_with_dataset_expressions', 'dataset_consumes_unknown_never_scheduled', 'dataset_produces_1', 'consume_1_or_both_2_and_3_with_dataset_expressions', 'conditional_dataset_and_time_based_timetable', 'dataset_consumes_1', 'dataset_consumes_1_never_scheduled', 'dataset_produces_2' retrieved from /laewon/airflow_test/py_venv/lib/python3.8/site-packages/airflow/example_dags/example_datasets.py
[2024-11-14T18:44:21.470+0900] {logging_mixin.py:190} INFO - [2024-11-14T18:44:21.470+0900] {dag.py:3239} INFO - Sync 10 DAGs
[2024-11-14T18:44:21.496+0900] {logging_mixin.py:190} INFO - [2024-11-14T18:44:21.496+0900] {dag.py:4180} INFO - Setting next_dagrun for conditional_dataset_and_time_based_timetable to 2024-11-13 01:00:00+00:00, run_after=2024-11-13 01:00:00+00:00
[2024-11-14T18:44:21.499+0900] {logging_mixin.py:190} INFO - [2024-11-14T18:44:21.499+0900] {dag.py:4180} INFO - Setting next_dagrun for consume_1_and_2_with_dataset_expressions to None, run_after=None
[2024-11-14T18:44:21.500+0900] {logging_mixin.py:190} INFO - [2024-11-14T18:44:21.500+0900] {dag.py:4180} INFO - Setting next_dagrun for consume_1_or_2_with_dataset_expressions to None, run_after=None
[2024-11-14T18:44:21.502+0900] {logging_mixin.py:190} INFO - [2024-11-14T18:44:21.501+0900] {dag.py:4180} INFO - Setting next_dagrun for consume_1_or_both_2_and_3_with_dataset_expressions to None, run_after=None
[2024-11-14T18:44:21.503+0900] {logging_mixin.py:190} INFO - [2024-11-14T18:44:21.503+0900] {dag.py:4180} INFO - Setting next_dagrun for dataset_consumes_1 to None, run_after=None
[2024-11-14T18:44:21.504+0900] {logging_mixin.py:190} INFO - [2024-11-14T18:44:21.504+0900] {dag.py:4180} INFO - Setting next_dagrun for dataset_consumes_1_and_2 to None, run_after=None
[2024-11-14T18:44:21.505+0900] {logging_mixin.py:190} INFO - [2024-11-14T18:44:21.505+0900] {dag.py:4180} INFO - Setting next_dagrun for dataset_consumes_1_never_scheduled to None, run_after=None
[2024-11-14T18:44:21.506+0900] {logging_mixin.py:190} INFO - [2024-11-14T18:44:21.506+0900] {dag.py:4180} INFO - Setting next_dagrun for dataset_consumes_unknown_never_scheduled to None, run_after=None
[2024-11-14T18:44:21.509+0900] {logging_mixin.py:190} INFO - [2024-11-14T18:44:21.508+0900] {dag.py:4180} INFO - Setting next_dagrun for dataset_produces_1 to 2024-11-13 00:00:00+00:00, run_after=2024-11-14 00:00:00+00:00
[2024-11-14T18:44:21.510+0900] {logging_mixin.py:190} INFO - [2024-11-14T18:44:21.510+0900] {dag.py:4180} INFO - Setting next_dagrun for dataset_produces_2 to None, run_after=None
[2024-11-14T18:44:21.547+0900] {processor.py:208} INFO - Processing /laewon/airflow_test/py_venv/lib/python3.8/site-packages/airflow/example_dags/example_datasets.py took 0.150 seconds
[2024-11-14T18:45:38.838+0900] {processor.py:186} INFO - Started process (PID=2366556) to work on /laewon/airflow_test/py_venv/lib/python3.8/site-packages/airflow/example_dags/example_datasets.py
[2024-11-14T18:45:38.842+0900] {processor.py:914} INFO - Processing file /laewon/airflow_test/py_venv/lib/python3.8/site-packages/airflow/example_dags/example_datasets.py for tasks to queue
[2024-11-14T18:45:38.844+0900] {logging_mixin.py:190} INFO - [2024-11-14T18:45:38.844+0900] {dagbag.py:588} INFO - Filling up the DagBag from /laewon/airflow_test/py_venv/lib/python3.8/site-packages/airflow/example_dags/example_datasets.py
[2024-11-14T18:45:38.863+0900] {processor.py:925} INFO - DAG(s) 'dataset_consumes_unknown_never_scheduled', 'dataset_consumes_1_never_scheduled', 'dataset_produces_1', 'dataset_consumes_1', 'consume_1_or_2_with_dataset_expressions', 'conditional_dataset_and_time_based_timetable', 'dataset_consumes_1_and_2', 'dataset_produces_2', 'consume_1_or_both_2_and_3_with_dataset_expressions', 'consume_1_and_2_with_dataset_expressions' retrieved from /laewon/airflow_test/py_venv/lib/python3.8/site-packages/airflow/example_dags/example_datasets.py
[2024-11-14T18:45:38.905+0900] {logging_mixin.py:190} INFO - [2024-11-14T18:45:38.905+0900] {dag.py:3239} INFO - Sync 10 DAGs
[2024-11-14T18:45:38.931+0900] {logging_mixin.py:190} INFO - [2024-11-14T18:45:38.931+0900] {dag.py:4180} INFO - Setting next_dagrun for conditional_dataset_and_time_based_timetable to 2024-11-13 01:00:00+00:00, run_after=2024-11-13 01:00:00+00:00
[2024-11-14T18:45:38.934+0900] {logging_mixin.py:190} INFO - [2024-11-14T18:45:38.934+0900] {dag.py:4180} INFO - Setting next_dagrun for consume_1_and_2_with_dataset_expressions to None, run_after=None
[2024-11-14T18:45:38.935+0900] {logging_mixin.py:190} INFO - [2024-11-14T18:45:38.935+0900] {dag.py:4180} INFO - Setting next_dagrun for consume_1_or_2_with_dataset_expressions to None, run_after=None
[2024-11-14T18:45:38.936+0900] {logging_mixin.py:190} INFO - [2024-11-14T18:45:38.936+0900] {dag.py:4180} INFO - Setting next_dagrun for consume_1_or_both_2_and_3_with_dataset_expressions to None, run_after=None
[2024-11-14T18:45:38.938+0900] {logging_mixin.py:190} INFO - [2024-11-14T18:45:38.937+0900] {dag.py:4180} INFO - Setting next_dagrun for dataset_consumes_1 to None, run_after=None
[2024-11-14T18:45:38.939+0900] {logging_mixin.py:190} INFO - [2024-11-14T18:45:38.938+0900] {dag.py:4180} INFO - Setting next_dagrun for dataset_consumes_1_and_2 to None, run_after=None
[2024-11-14T18:45:38.940+0900] {logging_mixin.py:190} INFO - [2024-11-14T18:45:38.940+0900] {dag.py:4180} INFO - Setting next_dagrun for dataset_consumes_1_never_scheduled to None, run_after=None
[2024-11-14T18:45:38.941+0900] {logging_mixin.py:190} INFO - [2024-11-14T18:45:38.941+0900] {dag.py:4180} INFO - Setting next_dagrun for dataset_consumes_unknown_never_scheduled to None, run_after=None
[2024-11-14T18:45:38.944+0900] {logging_mixin.py:190} INFO - [2024-11-14T18:45:38.943+0900] {dag.py:4180} INFO - Setting next_dagrun for dataset_produces_1 to 2024-11-13 00:00:00+00:00, run_after=2024-11-14 00:00:00+00:00
[2024-11-14T18:45:38.945+0900] {logging_mixin.py:190} INFO - [2024-11-14T18:45:38.944+0900] {dag.py:4180} INFO - Setting next_dagrun for dataset_produces_2 to None, run_after=None
[2024-11-14T18:45:38.982+0900] {processor.py:208} INFO - Processing /laewon/airflow_test/py_venv/lib/python3.8/site-packages/airflow/example_dags/example_datasets.py took 0.151 seconds
