[2024-11-14T18:40:18.817+0900] {processor.py:186} INFO - Started process (PID=2365501) to work on /laewon/airflow_test/py_venv/lib/python3.8/site-packages/airflow/example_dags/example_branch_day_of_week_operator.py
[2024-11-14T18:40:18.818+0900] {processor.py:914} INFO - Processing file /laewon/airflow_test/py_venv/lib/python3.8/site-packages/airflow/example_dags/example_branch_day_of_week_operator.py for tasks to queue
[2024-11-14T18:40:18.820+0900] {logging_mixin.py:190} INFO - [2024-11-14T18:40:18.820+0900] {dagbag.py:588} INFO - Filling up the DagBag from /laewon/airflow_test/py_venv/lib/python3.8/site-packages/airflow/example_dags/example_branch_day_of_week_operator.py
[2024-11-14T18:40:18.831+0900] {processor.py:925} INFO - DAG(s) 'example_weekday_branch_operator' retrieved from /laewon/airflow_test/py_venv/lib/python3.8/site-packages/airflow/example_dags/example_branch_day_of_week_operator.py
[2024-11-14T18:40:18.943+0900] {logging_mixin.py:190} INFO - [2024-11-14T18:40:18.943+0900] {override.py:1901} INFO - Created Permission View: can edit on DAG:example_weekday_branch_operator
[2024-11-14T18:40:18.956+0900] {logging_mixin.py:190} INFO - [2024-11-14T18:40:18.955+0900] {override.py:1901} INFO - Created Permission View: can delete on DAG:example_weekday_branch_operator
[2024-11-14T18:40:18.965+0900] {logging_mixin.py:190} INFO - [2024-11-14T18:40:18.964+0900] {override.py:1901} INFO - Created Permission View: can read on DAG:example_weekday_branch_operator
[2024-11-14T18:40:18.978+0900] {logging_mixin.py:190} INFO - [2024-11-14T18:40:18.978+0900] {override.py:1901} INFO - Created Permission View: can create on DAG Run:example_weekday_branch_operator
[2024-11-14T18:40:18.987+0900] {logging_mixin.py:190} INFO - [2024-11-14T18:40:18.987+0900] {override.py:1901} INFO - Created Permission View: can read on DAG Run:example_weekday_branch_operator
[2024-11-14T18:40:18.997+0900] {logging_mixin.py:190} INFO - [2024-11-14T18:40:18.996+0900] {override.py:1901} INFO - Created Permission View: can delete on DAG Run:example_weekday_branch_operator
[2024-11-14T18:40:19.006+0900] {logging_mixin.py:190} INFO - [2024-11-14T18:40:19.005+0900] {override.py:1901} INFO - Created Permission View: menu access on DAG Run:example_weekday_branch_operator
[2024-11-14T18:40:19.006+0900] {logging_mixin.py:190} INFO - [2024-11-14T18:40:19.006+0900] {dag.py:3239} INFO - Sync 1 DAGs
[2024-11-14T18:40:19.019+0900] {logging_mixin.py:190} INFO - [2024-11-14T18:40:19.019+0900] {dag.py:3262} INFO - Creating ORM DAG for example_weekday_branch_operator
[2024-11-14T18:40:19.031+0900] {logging_mixin.py:190} INFO - [2024-11-14T18:40:19.031+0900] {dag.py:4180} INFO - Setting next_dagrun for example_weekday_branch_operator to 2024-11-13 00:00:00+00:00, run_after=2024-11-14 00:00:00+00:00
[2024-11-14T18:40:19.051+0900] {processor.py:208} INFO - Processing /laewon/airflow_test/py_venv/lib/python3.8/site-packages/airflow/example_dags/example_branch_day_of_week_operator.py took 0.241 seconds
[2024-11-14T18:41:44.031+0900] {processor.py:186} INFO - Started process (PID=2366070) to work on /laewon/airflow_test/py_venv/lib/python3.8/site-packages/airflow/example_dags/example_branch_day_of_week_operator.py
[2024-11-14T18:41:44.035+0900] {processor.py:914} INFO - Processing file /laewon/airflow_test/py_venv/lib/python3.8/site-packages/airflow/example_dags/example_branch_day_of_week_operator.py for tasks to queue
[2024-11-14T18:41:44.037+0900] {logging_mixin.py:190} INFO - [2024-11-14T18:41:44.037+0900] {dagbag.py:588} INFO - Filling up the DagBag from /laewon/airflow_test/py_venv/lib/python3.8/site-packages/airflow/example_dags/example_branch_day_of_week_operator.py
[2024-11-14T18:41:44.049+0900] {processor.py:925} INFO - DAG(s) 'example_weekday_branch_operator' retrieved from /laewon/airflow_test/py_venv/lib/python3.8/site-packages/airflow/example_dags/example_branch_day_of_week_operator.py
[2024-11-14T18:41:44.067+0900] {logging_mixin.py:190} INFO - [2024-11-14T18:41:44.067+0900] {dag.py:3239} INFO - Sync 1 DAGs
[2024-11-14T18:41:44.092+0900] {logging_mixin.py:190} INFO - [2024-11-14T18:41:44.091+0900] {dag.py:4180} INFO - Setting next_dagrun for example_weekday_branch_operator to 2024-11-13 00:00:00+00:00, run_after=2024-11-14 00:00:00+00:00
[2024-11-14T18:41:44.117+0900] {processor.py:208} INFO - Processing /laewon/airflow_test/py_venv/lib/python3.8/site-packages/airflow/example_dags/example_branch_day_of_week_operator.py took 0.093 seconds
[2024-11-14T18:42:38.369+0900] {processor.py:186} INFO - Started process (PID=2366338) to work on /laewon/airflow_test/py_venv/lib/python3.8/site-packages/airflow/example_dags/example_branch_day_of_week_operator.py
[2024-11-14T18:42:38.373+0900] {processor.py:914} INFO - Processing file /laewon/airflow_test/py_venv/lib/python3.8/site-packages/airflow/example_dags/example_branch_day_of_week_operator.py for tasks to queue
[2024-11-14T18:42:38.375+0900] {logging_mixin.py:190} INFO - [2024-11-14T18:42:38.375+0900] {dagbag.py:588} INFO - Filling up the DagBag from /laewon/airflow_test/py_venv/lib/python3.8/site-packages/airflow/example_dags/example_branch_day_of_week_operator.py
[2024-11-14T18:42:38.386+0900] {processor.py:925} INFO - DAG(s) 'example_weekday_branch_operator' retrieved from /laewon/airflow_test/py_venv/lib/python3.8/site-packages/airflow/example_dags/example_branch_day_of_week_operator.py
[2024-11-14T18:42:38.403+0900] {logging_mixin.py:190} INFO - [2024-11-14T18:42:38.403+0900] {dag.py:3239} INFO - Sync 1 DAGs
[2024-11-14T18:42:38.426+0900] {logging_mixin.py:190} INFO - [2024-11-14T18:42:38.426+0900] {dag.py:4180} INFO - Setting next_dagrun for example_weekday_branch_operator to 2024-11-13 00:00:00+00:00, run_after=2024-11-14 00:00:00+00:00
[2024-11-14T18:42:38.451+0900] {processor.py:208} INFO - Processing /laewon/airflow_test/py_venv/lib/python3.8/site-packages/airflow/example_dags/example_branch_day_of_week_operator.py took 0.088 seconds
[2024-11-14T18:43:57.072+0900] {processor.py:186} INFO - Started process (PID=2366420) to work on /laewon/airflow_test/py_venv/lib/python3.8/site-packages/airflow/example_dags/example_branch_day_of_week_operator.py
[2024-11-14T18:43:57.076+0900] {processor.py:914} INFO - Processing file /laewon/airflow_test/py_venv/lib/python3.8/site-packages/airflow/example_dags/example_branch_day_of_week_operator.py for tasks to queue
[2024-11-14T18:43:57.078+0900] {logging_mixin.py:190} INFO - [2024-11-14T18:43:57.078+0900] {dagbag.py:588} INFO - Filling up the DagBag from /laewon/airflow_test/py_venv/lib/python3.8/site-packages/airflow/example_dags/example_branch_day_of_week_operator.py
[2024-11-14T18:43:57.090+0900] {processor.py:925} INFO - DAG(s) 'example_weekday_branch_operator' retrieved from /laewon/airflow_test/py_venv/lib/python3.8/site-packages/airflow/example_dags/example_branch_day_of_week_operator.py
[2024-11-14T18:43:57.108+0900] {logging_mixin.py:190} INFO - [2024-11-14T18:43:57.108+0900] {dag.py:3239} INFO - Sync 1 DAGs
[2024-11-14T18:43:57.133+0900] {logging_mixin.py:190} INFO - [2024-11-14T18:43:57.133+0900] {dag.py:4180} INFO - Setting next_dagrun for example_weekday_branch_operator to 2024-11-13 00:00:00+00:00, run_after=2024-11-14 00:00:00+00:00
[2024-11-14T18:43:57.159+0900] {processor.py:208} INFO - Processing /laewon/airflow_test/py_venv/lib/python3.8/site-packages/airflow/example_dags/example_branch_day_of_week_operator.py took 0.094 seconds
[2024-11-14T18:45:12.958+0900] {processor.py:186} INFO - Started process (PID=2366528) to work on /laewon/airflow_test/py_venv/lib/python3.8/site-packages/airflow/example_dags/example_branch_day_of_week_operator.py
[2024-11-14T18:45:12.962+0900] {processor.py:914} INFO - Processing file /laewon/airflow_test/py_venv/lib/python3.8/site-packages/airflow/example_dags/example_branch_day_of_week_operator.py for tasks to queue
[2024-11-14T18:45:12.964+0900] {logging_mixin.py:190} INFO - [2024-11-14T18:45:12.964+0900] {dagbag.py:588} INFO - Filling up the DagBag from /laewon/airflow_test/py_venv/lib/python3.8/site-packages/airflow/example_dags/example_branch_day_of_week_operator.py
[2024-11-14T18:45:12.976+0900] {processor.py:925} INFO - DAG(s) 'example_weekday_branch_operator' retrieved from /laewon/airflow_test/py_venv/lib/python3.8/site-packages/airflow/example_dags/example_branch_day_of_week_operator.py
[2024-11-14T18:45:12.994+0900] {logging_mixin.py:190} INFO - [2024-11-14T18:45:12.994+0900] {dag.py:3239} INFO - Sync 1 DAGs
[2024-11-14T18:45:13.020+0900] {logging_mixin.py:190} INFO - [2024-11-14T18:45:13.019+0900] {dag.py:4180} INFO - Setting next_dagrun for example_weekday_branch_operator to 2024-11-13 00:00:00+00:00, run_after=2024-11-14 00:00:00+00:00
[2024-11-14T18:45:13.044+0900] {processor.py:208} INFO - Processing /laewon/airflow_test/py_venv/lib/python3.8/site-packages/airflow/example_dags/example_branch_day_of_week_operator.py took 0.093 seconds
