[2024-11-14T18:39:41.194+0900] {processor.py:186} INFO - Started process (PID=2365349) to work on /laewon/airflow_test/py_venv/lib/python3.8/site-packages/airflow/example_dags/tutorial_taskflow_api_virtualenv.py
[2024-11-14T18:39:41.195+0900] {processor.py:914} INFO - Processing file /laewon/airflow_test/py_venv/lib/python3.8/site-packages/airflow/example_dags/tutorial_taskflow_api_virtualenv.py for tasks to queue
[2024-11-14T18:39:41.197+0900] {logging_mixin.py:190} INFO - [2024-11-14T18:39:41.197+0900] {dagbag.py:588} INFO - Filling up the DagBag from /laewon/airflow_test/py_venv/lib/python3.8/site-packages/airflow/example_dags/tutorial_taskflow_api_virtualenv.py
[2024-11-14T18:39:41.201+0900] {logging_mixin.py:190} INFO - [2024-11-14T18:39:41.200+0900] {tutorial_taskflow_api_virtualenv.py:29} WARNING - The tutorial_taskflow_api_virtualenv example DAG requires virtualenv, please install it.
[2024-11-14T18:39:41.201+0900] {processor.py:927} WARNING - No viable dags retrieved from /laewon/airflow_test/py_venv/lib/python3.8/site-packages/airflow/example_dags/tutorial_taskflow_api_virtualenv.py
[2024-11-14T18:39:41.212+0900] {processor.py:208} INFO - Processing /laewon/airflow_test/py_venv/lib/python3.8/site-packages/airflow/example_dags/tutorial_taskflow_api_virtualenv.py took 0.025 seconds
[2024-11-14T18:41:02.151+0900] {processor.py:186} INFO - Started process (PID=2365878) to work on /laewon/airflow_test/py_venv/lib/python3.8/site-packages/airflow/example_dags/tutorial_taskflow_api_virtualenv.py
[2024-11-14T18:41:02.155+0900] {processor.py:914} INFO - Processing file /laewon/airflow_test/py_venv/lib/python3.8/site-packages/airflow/example_dags/tutorial_taskflow_api_virtualenv.py for tasks to queue
[2024-11-14T18:41:02.158+0900] {logging_mixin.py:190} INFO - [2024-11-14T18:41:02.157+0900] {dagbag.py:588} INFO - Filling up the DagBag from /laewon/airflow_test/py_venv/lib/python3.8/site-packages/airflow/example_dags/tutorial_taskflow_api_virtualenv.py
[2024-11-14T18:41:02.161+0900] {logging_mixin.py:190} INFO - [2024-11-14T18:41:02.161+0900] {tutorial_taskflow_api_virtualenv.py:29} WARNING - The tutorial_taskflow_api_virtualenv example DAG requires virtualenv, please install it.
[2024-11-14T18:41:02.161+0900] {processor.py:927} WARNING - No viable dags retrieved from /laewon/airflow_test/py_venv/lib/python3.8/site-packages/airflow/example_dags/tutorial_taskflow_api_virtualenv.py
[2024-11-14T18:41:02.172+0900] {processor.py:208} INFO - Processing /laewon/airflow_test/py_venv/lib/python3.8/site-packages/airflow/example_dags/tutorial_taskflow_api_virtualenv.py took 0.028 seconds
[2024-11-14T18:42:03.038+0900] {processor.py:186} INFO - Started process (PID=2366150) to work on /laewon/airflow_test/py_venv/lib/python3.8/site-packages/airflow/example_dags/tutorial_taskflow_api_virtualenv.py
[2024-11-14T18:42:03.042+0900] {processor.py:914} INFO - Processing file /laewon/airflow_test/py_venv/lib/python3.8/site-packages/airflow/example_dags/tutorial_taskflow_api_virtualenv.py for tasks to queue
[2024-11-14T18:42:03.044+0900] {logging_mixin.py:190} INFO - [2024-11-14T18:42:03.044+0900] {dagbag.py:588} INFO - Filling up the DagBag from /laewon/airflow_test/py_venv/lib/python3.8/site-packages/airflow/example_dags/tutorial_taskflow_api_virtualenv.py
[2024-11-14T18:42:03.048+0900] {logging_mixin.py:190} INFO - [2024-11-14T18:42:03.047+0900] {tutorial_taskflow_api_virtualenv.py:29} WARNING - The tutorial_taskflow_api_virtualenv example DAG requires virtualenv, please install it.
[2024-11-14T18:42:03.048+0900] {processor.py:927} WARNING - No viable dags retrieved from /laewon/airflow_test/py_venv/lib/python3.8/site-packages/airflow/example_dags/tutorial_taskflow_api_virtualenv.py
[2024-11-14T18:42:03.059+0900] {processor.py:208} INFO - Processing /laewon/airflow_test/py_venv/lib/python3.8/site-packages/airflow/example_dags/tutorial_taskflow_api_virtualenv.py took 0.028 seconds
[2024-11-14T18:42:53.938+0900] {processor.py:186} INFO - Started process (PID=2366355) to work on /laewon/airflow_test/py_venv/lib/python3.8/site-packages/airflow/example_dags/tutorial_taskflow_api_virtualenv.py
[2024-11-14T18:42:53.943+0900] {processor.py:914} INFO - Processing file /laewon/airflow_test/py_venv/lib/python3.8/site-packages/airflow/example_dags/tutorial_taskflow_api_virtualenv.py for tasks to queue
[2024-11-14T18:42:53.945+0900] {logging_mixin.py:190} INFO - [2024-11-14T18:42:53.944+0900] {dagbag.py:588} INFO - Filling up the DagBag from /laewon/airflow_test/py_venv/lib/python3.8/site-packages/airflow/example_dags/tutorial_taskflow_api_virtualenv.py
[2024-11-14T18:42:53.948+0900] {logging_mixin.py:190} INFO - [2024-11-14T18:42:53.948+0900] {tutorial_taskflow_api_virtualenv.py:29} WARNING - The tutorial_taskflow_api_virtualenv example DAG requires virtualenv, please install it.
[2024-11-14T18:42:53.948+0900] {processor.py:927} WARNING - No viable dags retrieved from /laewon/airflow_test/py_venv/lib/python3.8/site-packages/airflow/example_dags/tutorial_taskflow_api_virtualenv.py
[2024-11-14T18:42:53.960+0900] {processor.py:208} INFO - Processing /laewon/airflow_test/py_venv/lib/python3.8/site-packages/airflow/example_dags/tutorial_taskflow_api_virtualenv.py took 0.028 seconds
[2024-11-14T18:43:45.780+0900] {processor.py:186} INFO - Started process (PID=2366409) to work on /laewon/airflow_test/py_venv/lib/python3.8/site-packages/airflow/example_dags/tutorial_taskflow_api_virtualenv.py
[2024-11-14T18:43:45.784+0900] {processor.py:914} INFO - Processing file /laewon/airflow_test/py_venv/lib/python3.8/site-packages/airflow/example_dags/tutorial_taskflow_api_virtualenv.py for tasks to queue
[2024-11-14T18:43:45.786+0900] {logging_mixin.py:190} INFO - [2024-11-14T18:43:45.786+0900] {dagbag.py:588} INFO - Filling up the DagBag from /laewon/airflow_test/py_venv/lib/python3.8/site-packages/airflow/example_dags/tutorial_taskflow_api_virtualenv.py
[2024-11-14T18:43:45.790+0900] {logging_mixin.py:190} INFO - [2024-11-14T18:43:45.790+0900] {tutorial_taskflow_api_virtualenv.py:29} WARNING - The tutorial_taskflow_api_virtualenv example DAG requires virtualenv, please install it.
[2024-11-14T18:43:45.790+0900] {processor.py:927} WARNING - No viable dags retrieved from /laewon/airflow_test/py_venv/lib/python3.8/site-packages/airflow/example_dags/tutorial_taskflow_api_virtualenv.py
[2024-11-14T18:43:45.801+0900] {processor.py:208} INFO - Processing /laewon/airflow_test/py_venv/lib/python3.8/site-packages/airflow/example_dags/tutorial_taskflow_api_virtualenv.py took 0.028 seconds
[2024-11-14T18:44:37.685+0900] {processor.py:186} INFO - Started process (PID=2366492) to work on /laewon/airflow_test/py_venv/lib/python3.8/site-packages/airflow/example_dags/tutorial_taskflow_api_virtualenv.py
[2024-11-14T18:44:37.689+0900] {processor.py:914} INFO - Processing file /laewon/airflow_test/py_venv/lib/python3.8/site-packages/airflow/example_dags/tutorial_taskflow_api_virtualenv.py for tasks to queue
[2024-11-14T18:44:37.692+0900] {logging_mixin.py:190} INFO - [2024-11-14T18:44:37.691+0900] {dagbag.py:588} INFO - Filling up the DagBag from /laewon/airflow_test/py_venv/lib/python3.8/site-packages/airflow/example_dags/tutorial_taskflow_api_virtualenv.py
[2024-11-14T18:44:37.695+0900] {logging_mixin.py:190} INFO - [2024-11-14T18:44:37.695+0900] {tutorial_taskflow_api_virtualenv.py:29} WARNING - The tutorial_taskflow_api_virtualenv example DAG requires virtualenv, please install it.
[2024-11-14T18:44:37.695+0900] {processor.py:927} WARNING - No viable dags retrieved from /laewon/airflow_test/py_venv/lib/python3.8/site-packages/airflow/example_dags/tutorial_taskflow_api_virtualenv.py
[2024-11-14T18:44:37.706+0900] {processor.py:208} INFO - Processing /laewon/airflow_test/py_venv/lib/python3.8/site-packages/airflow/example_dags/tutorial_taskflow_api_virtualenv.py took 0.028 seconds
[2024-11-14T18:45:28.427+0900] {processor.py:186} INFO - Started process (PID=2366544) to work on /laewon/airflow_test/py_venv/lib/python3.8/site-packages/airflow/example_dags/tutorial_taskflow_api_virtualenv.py
[2024-11-14T18:45:28.431+0900] {processor.py:914} INFO - Processing file /laewon/airflow_test/py_venv/lib/python3.8/site-packages/airflow/example_dags/tutorial_taskflow_api_virtualenv.py for tasks to queue
[2024-11-14T18:45:28.433+0900] {logging_mixin.py:190} INFO - [2024-11-14T18:45:28.433+0900] {dagbag.py:588} INFO - Filling up the DagBag from /laewon/airflow_test/py_venv/lib/python3.8/site-packages/airflow/example_dags/tutorial_taskflow_api_virtualenv.py
[2024-11-14T18:45:28.436+0900] {logging_mixin.py:190} INFO - [2024-11-14T18:45:28.436+0900] {tutorial_taskflow_api_virtualenv.py:29} WARNING - The tutorial_taskflow_api_virtualenv example DAG requires virtualenv, please install it.
[2024-11-14T18:45:28.437+0900] {processor.py:927} WARNING - No viable dags retrieved from /laewon/airflow_test/py_venv/lib/python3.8/site-packages/airflow/example_dags/tutorial_taskflow_api_virtualenv.py
[2024-11-14T18:45:28.448+0900] {processor.py:208} INFO - Processing /laewon/airflow_test/py_venv/lib/python3.8/site-packages/airflow/example_dags/tutorial_taskflow_api_virtualenv.py took 0.028 seconds
