[2024-12-03T20:06:38.112+0900] {local_task_job_runner.py:123} INFO - ::group::Pre task execution logs
[2024-12-03T20:06:38.122+0900] {taskinstance.py:2613} INFO - Dependencies all met for dep_context=non-requeueable deps ti=<TaskInstance: process_and_upload_json_to_hdfs.run_make_model scheduled__2024-12-03T10:00:00+00:00 [queued]>
[2024-12-03T20:06:38.129+0900] {taskinstance.py:2613} INFO - Dependencies all met for dep_context=requeueable deps ti=<TaskInstance: process_and_upload_json_to_hdfs.run_make_model scheduled__2024-12-03T10:00:00+00:00 [queued]>
[2024-12-03T20:06:38.129+0900] {taskinstance.py:2866} INFO - Starting attempt 1 of 2
[2024-12-03T20:06:38.145+0900] {taskinstance.py:2889} INFO - Executing <Task(BashOperator): run_make_model> on 2024-12-03 10:00:00+00:00
[2024-12-03T20:06:38.148+0900] {standard_task_runner.py:72} INFO - Started process 512239 to run task
[2024-12-03T20:06:38.152+0900] {standard_task_runner.py:104} INFO - Running: ['airflow', 'tasks', 'run', 'process_and_upload_json_to_hdfs', 'run_make_model', 'scheduled__2024-12-03T10:00:00+00:00', '--job-id', '478', '--raw', '--subdir', 'DAGS_FOLDER/data_to_hdfs.py', '--cfg-path', '/tmp/tmpt8rn8teo']
[2024-12-03T20:06:38.153+0900] {standard_task_runner.py:105} INFO - Job 478: Subtask run_make_model
[2024-12-03T20:06:38.186+0900] {task_command.py:467} INFO - Running <TaskInstance: process_and_upload_json_to_hdfs.run_make_model scheduled__2024-12-03T10:00:00+00:00 [running]> on host MN
[2024-12-03T20:06:38.253+0900] {taskinstance.py:3132} INFO - Exporting env vars: AIRFLOW_CTX_DAG_OWNER='airflow' AIRFLOW_CTX_DAG_ID='process_and_upload_json_to_hdfs' AIRFLOW_CTX_TASK_ID='run_make_model' AIRFLOW_CTX_EXECUTION_DATE='2024-12-03T10:00:00+00:00' AIRFLOW_CTX_TRY_NUMBER='1' AIRFLOW_CTX_DAG_RUN_ID='scheduled__2024-12-03T10:00:00+00:00'
[2024-12-03T20:06:38.254+0900] {taskinstance.py:731} INFO - ::endgroup::
[2024-12-03T20:06:38.268+0900] {subprocess.py:78} INFO - Tmp dir root location: /tmp
[2024-12-03T20:06:38.269+0900] {subprocess.py:88} INFO - Running command: ['/usr/bin/bash', '-c', '/laewon/spark/bin/spark-submit --master yarn --deploy-mode cluster /laewon/Riot/make_model.py']
[2024-12-03T20:06:38.275+0900] {subprocess.py:99} INFO - Output:
[2024-12-03T20:06:40.528+0900] {subprocess.py:106} INFO - 24/12/03 20:06:40 INFO DefaultNoHARMFailoverProxyProvider: Connecting to ResourceManager at MN/192.168.4.7:8032
[2024-12-03T20:06:41.229+0900] {subprocess.py:106} INFO - 24/12/03 20:06:41 INFO Configuration: resource-types.xml not found
[2024-12-03T20:06:41.229+0900] {subprocess.py:106} INFO - 24/12/03 20:06:41 INFO ResourceUtils: Unable to find 'resource-types.xml'.
[2024-12-03T20:06:41.244+0900] {subprocess.py:106} INFO - 24/12/03 20:06:41 INFO Client: Verifying our application has not requested more than the maximum memory capability of the cluster (819200 MB per container)
[2024-12-03T20:06:41.245+0900] {subprocess.py:106} INFO - 24/12/03 20:06:41 INFO Client: Will allocate AM container, with 1408 MB memory including 384 MB overhead
[2024-12-03T20:06:41.245+0900] {subprocess.py:106} INFO - 24/12/03 20:06:41 INFO Client: Setting up container launch context for our AM
[2024-12-03T20:06:41.248+0900] {subprocess.py:106} INFO - 24/12/03 20:06:41 INFO Client: Setting up the launch environment for our AM container
[2024-12-03T20:06:41.260+0900] {subprocess.py:106} INFO - 24/12/03 20:06:41 INFO Client: Preparing resources for our AM container
[2024-12-03T20:06:41.295+0900] {subprocess.py:106} INFO - 24/12/03 20:06:41 WARN Client: Neither spark.yarn.jars nor spark.yarn.archive is set, falling back to uploading libraries under SPARK_HOME.
[2024-12-03T20:06:44.027+0900] {subprocess.py:106} INFO - 24/12/03 20:06:44 INFO Client: Uploading resource file:/tmp/spark-ecf12c8b-d29b-40a2-8f01-dde196f7209a/__spark_libs__15663789907802822910.zip -> hdfs://MN:9000/user/dke/.sparkStaging/application_1733127595631_0036/__spark_libs__15663789907802822910.zip
[2024-12-03T20:07:14.293+0900] {subprocess.py:106} INFO - 24/12/03 20:07:14 INFO Client: Uploading resource file:/laewon/Riot/make_model.py -> hdfs://MN:9000/user/dke/.sparkStaging/application_1733127595631_0036/make_model.py
[2024-12-03T20:07:14.327+0900] {subprocess.py:106} INFO - 24/12/03 20:07:14 INFO Client: Uploading resource file:/laewon/spark-3.5.1-bin-hadoop3/python/lib/pyspark.zip -> hdfs://MN:9000/user/dke/.sparkStaging/application_1733127595631_0036/pyspark.zip
[2024-12-03T20:07:14.593+0900] {subprocess.py:106} INFO - 24/12/03 20:07:14 INFO Client: Uploading resource file:/laewon/spark-3.5.1-bin-hadoop3/python/lib/py4j-0.10.9.7-src.zip -> hdfs://MN:9000/user/dke/.sparkStaging/application_1733127595631_0036/py4j-0.10.9.7-src.zip
[2024-12-03T20:07:14.794+0900] {subprocess.py:106} INFO - 24/12/03 20:07:14 INFO Client: Uploading resource file:/tmp/spark-ecf12c8b-d29b-40a2-8f01-dde196f7209a/__spark_conf__9317827945755582484.zip -> hdfs://MN:9000/user/dke/.sparkStaging/application_1733127595631_0036/__spark_conf__.zip
[2024-12-03T20:07:14.868+0900] {subprocess.py:106} INFO - 24/12/03 20:07:14 INFO SecurityManager: Changing view acls to: dke
[2024-12-03T20:07:14.869+0900] {subprocess.py:106} INFO - 24/12/03 20:07:14 INFO SecurityManager: Changing modify acls to: dke
[2024-12-03T20:07:14.869+0900] {subprocess.py:106} INFO - 24/12/03 20:07:14 INFO SecurityManager: Changing view acls groups to:
[2024-12-03T20:07:14.870+0900] {subprocess.py:106} INFO - 24/12/03 20:07:14 INFO SecurityManager: Changing modify acls groups to:
[2024-12-03T20:07:14.871+0900] {subprocess.py:106} INFO - 24/12/03 20:07:14 INFO SecurityManager: SecurityManager: authentication disabled; ui acls disabled; users with view permissions: dke; groups with view permissions: EMPTY; users with modify permissions: dke; groups with modify permissions: EMPTY
[2024-12-03T20:07:14.907+0900] {subprocess.py:106} INFO - 24/12/03 20:07:14 INFO Client: Submitting application application_1733127595631_0036 to ResourceManager
[2024-12-03T20:07:14.952+0900] {subprocess.py:106} INFO - 24/12/03 20:07:14 INFO YarnClientImpl: Submitted application application_1733127595631_0036
[2024-12-03T20:07:15.955+0900] {subprocess.py:106} INFO - 24/12/03 20:07:15 INFO Client: Application report for application_1733127595631_0036 (state: ACCEPTED)
[2024-12-03T20:07:15.958+0900] {subprocess.py:106} INFO - 24/12/03 20:07:15 INFO Client:
[2024-12-03T20:07:15.959+0900] {subprocess.py:106} INFO - 	 client token: N/A
[2024-12-03T20:07:15.959+0900] {subprocess.py:106} INFO - 	 diagnostics: AM container is launched, waiting for AM container to Register with RM
[2024-12-03T20:07:15.959+0900] {subprocess.py:106} INFO - 	 ApplicationMaster host: N/A
[2024-12-03T20:07:15.959+0900] {subprocess.py:106} INFO - 	 ApplicationMaster RPC port: -1
[2024-12-03T20:07:15.960+0900] {subprocess.py:106} INFO - 	 queue: root.default
[2024-12-03T20:07:15.960+0900] {subprocess.py:106} INFO - 	 start time: 1733224034930
[2024-12-03T20:07:15.960+0900] {subprocess.py:106} INFO - 	 final status: UNDEFINED
[2024-12-03T20:07:15.960+0900] {subprocess.py:106} INFO - 	 tracking URL: http://MN:8088/proxy/application_1733127595631_0036/
[2024-12-03T20:07:15.961+0900] {subprocess.py:106} INFO - 	 user: dke
[2024-12-03T20:07:33.983+0900] {subprocess.py:106} INFO - 24/12/03 20:07:33 INFO Client: Application report for application_1733127595631_0036 (state: RUNNING)
[2024-12-03T20:07:33.983+0900] {subprocess.py:106} INFO - 24/12/03 20:07:33 INFO Client:
[2024-12-03T20:07:33.984+0900] {subprocess.py:106} INFO - 	 client token: N/A
[2024-12-03T20:07:33.984+0900] {subprocess.py:106} INFO - 	 diagnostics: N/A
[2024-12-03T20:07:33.984+0900] {subprocess.py:106} INFO - 	 ApplicationMaster host: SN09
[2024-12-03T20:07:33.984+0900] {subprocess.py:106} INFO - 	 ApplicationMaster RPC port: 38471
[2024-12-03T20:07:33.985+0900] {subprocess.py:106} INFO - 	 queue: root.default
[2024-12-03T20:07:33.985+0900] {subprocess.py:106} INFO - 	 start time: 1733224034930
[2024-12-03T20:07:33.985+0900] {subprocess.py:106} INFO - 	 final status: UNDEFINED
[2024-12-03T20:07:33.985+0900] {subprocess.py:106} INFO - 	 tracking URL: http://MN:8088/proxy/application_1733127595631_0036/
[2024-12-03T20:07:33.986+0900] {subprocess.py:106} INFO - 	 user: dke
[2024-12-03T20:08:04.023+0900] {subprocess.py:106} INFO - 24/12/03 20:08:04 INFO Client: Application report for application_1733127595631_0036 (state: RUNNING)
[2024-12-03T20:08:32.061+0900] {subprocess.py:106} INFO - 24/12/03 20:08:32 INFO Client: Application report for application_1733127595631_0036 (state: FINISHED)
[2024-12-03T20:08:32.061+0900] {subprocess.py:106} INFO - 24/12/03 20:08:32 INFO Client:
[2024-12-03T20:08:32.062+0900] {subprocess.py:106} INFO - 	 client token: N/A
[2024-12-03T20:08:32.062+0900] {subprocess.py:106} INFO - 	 diagnostics: N/A
[2024-12-03T20:08:32.063+0900] {subprocess.py:106} INFO - 	 ApplicationMaster host: SN09
[2024-12-03T20:08:32.063+0900] {subprocess.py:106} INFO - 	 ApplicationMaster RPC port: 38471
[2024-12-03T20:08:32.063+0900] {subprocess.py:106} INFO - 	 queue: root.default
[2024-12-03T20:08:32.064+0900] {subprocess.py:106} INFO - 	 start time: 1733224034930
[2024-12-03T20:08:32.064+0900] {subprocess.py:106} INFO - 	 final status: SUCCEEDED
[2024-12-03T20:08:32.065+0900] {subprocess.py:106} INFO - 	 tracking URL: http://MN:8088/proxy/application_1733127595631_0036/
[2024-12-03T20:08:32.065+0900] {subprocess.py:106} INFO - 	 user: dke
[2024-12-03T20:08:32.072+0900] {subprocess.py:106} INFO - 24/12/03 20:08:32 INFO ShutdownHookManager: Shutdown hook called
[2024-12-03T20:08:32.072+0900] {subprocess.py:106} INFO - 24/12/03 20:08:32 INFO ShutdownHookManager: Deleting directory /tmp/spark-ecf12c8b-d29b-40a2-8f01-dde196f7209a
[2024-12-03T20:08:32.075+0900] {subprocess.py:106} INFO - 24/12/03 20:08:32 INFO ShutdownHookManager: Deleting directory /tmp/spark-93e434f9-5675-4057-bbbf-4feb4a469f3c
[2024-12-03T20:08:32.429+0900] {subprocess.py:110} INFO - Command exited with return code 0
[2024-12-03T20:08:32.452+0900] {taskinstance.py:340} INFO - ::group::Post task execution logs
[2024-12-03T20:08:32.453+0900] {taskinstance.py:352} INFO - Marking task as SUCCESS. dag_id=process_and_upload_json_to_hdfs, task_id=run_make_model, run_id=scheduled__2024-12-03T10:00:00+00:00, execution_date=20241203T100000, start_date=20241203T110638, end_date=20241203T110832
[2024-12-03T20:08:32.493+0900] {local_task_job_runner.py:266} INFO - Task exited with return code 0
[2024-12-03T20:08:32.504+0900] {taskinstance.py:3895} INFO - 0 downstream tasks scheduled from follow-on schedule check
[2024-12-03T20:08:32.504+0900] {local_task_job_runner.py:245} INFO - ::endgroup::
