[2024-12-06T10:06:24.946+0900] {local_task_job_runner.py:123} INFO - ::group::Pre task execution logs
[2024-12-06T10:06:24.956+0900] {taskinstance.py:2613} INFO - Dependencies all met for dep_context=non-requeueable deps ti=<TaskInstance: process_and_upload_json_to_hdfs.run_make_model scheduled__2024-12-06T00:00:00+00:00 [queued]>
[2024-12-06T10:06:24.962+0900] {taskinstance.py:2613} INFO - Dependencies all met for dep_context=requeueable deps ti=<TaskInstance: process_and_upload_json_to_hdfs.run_make_model scheduled__2024-12-06T00:00:00+00:00 [queued]>
[2024-12-06T10:06:24.963+0900] {taskinstance.py:2866} INFO - Starting attempt 1 of 2
[2024-12-06T10:06:24.980+0900] {taskinstance.py:2889} INFO - Executing <Task(BashOperator): run_make_model> on 2024-12-06 00:00:00+00:00
[2024-12-06T10:06:24.984+0900] {standard_task_runner.py:72} INFO - Started process 2338684 to run task
[2024-12-06T10:06:24.987+0900] {standard_task_runner.py:104} INFO - Running: ['airflow', 'tasks', 'run', 'process_and_upload_json_to_hdfs', 'run_make_model', 'scheduled__2024-12-06T00:00:00+00:00', '--job-id', '726', '--raw', '--subdir', 'DAGS_FOLDER/data_to_hdfs.py', '--cfg-path', '/tmp/tmpbqnvys9t']
[2024-12-06T10:06:24.989+0900] {standard_task_runner.py:105} INFO - Job 726: Subtask run_make_model
[2024-12-06T10:06:25.025+0900] {task_command.py:467} INFO - Running <TaskInstance: process_and_upload_json_to_hdfs.run_make_model scheduled__2024-12-06T00:00:00+00:00 [running]> on host MN
[2024-12-06T10:06:25.103+0900] {taskinstance.py:3132} INFO - Exporting env vars: AIRFLOW_CTX_DAG_OWNER='airflow' AIRFLOW_CTX_DAG_ID='process_and_upload_json_to_hdfs' AIRFLOW_CTX_TASK_ID='run_make_model' AIRFLOW_CTX_EXECUTION_DATE='2024-12-06T00:00:00+00:00' AIRFLOW_CTX_TRY_NUMBER='1' AIRFLOW_CTX_DAG_RUN_ID='scheduled__2024-12-06T00:00:00+00:00'
[2024-12-06T10:06:25.104+0900] {taskinstance.py:731} INFO - ::endgroup::
[2024-12-06T10:06:25.118+0900] {subprocess.py:78} INFO - Tmp dir root location: /tmp
[2024-12-06T10:06:25.118+0900] {subprocess.py:88} INFO - Running command: ['/usr/bin/bash', '-c', '/laewon/spark/bin/spark-submit --master yarn --deploy-mode cluster /laewon/Riot/make_model.py']
[2024-12-06T10:06:25.124+0900] {subprocess.py:99} INFO - Output:
[2024-12-06T10:06:27.397+0900] {subprocess.py:106} INFO - 24/12/06 10:06:27 INFO DefaultNoHARMFailoverProxyProvider: Connecting to ResourceManager at MN/192.168.4.7:8032
[2024-12-06T10:06:28.099+0900] {subprocess.py:106} INFO - 24/12/06 10:06:28 INFO Configuration: resource-types.xml not found
[2024-12-06T10:06:28.099+0900] {subprocess.py:106} INFO - 24/12/06 10:06:28 INFO ResourceUtils: Unable to find 'resource-types.xml'.
[2024-12-06T10:06:28.113+0900] {subprocess.py:106} INFO - 24/12/06 10:06:28 INFO Client: Verifying our application has not requested more than the maximum memory capability of the cluster (819200 MB per container)
[2024-12-06T10:06:28.114+0900] {subprocess.py:106} INFO - 24/12/06 10:06:28 INFO Client: Will allocate AM container, with 1408 MB memory including 384 MB overhead
[2024-12-06T10:06:28.114+0900] {subprocess.py:106} INFO - 24/12/06 10:06:28 INFO Client: Setting up container launch context for our AM
[2024-12-06T10:06:28.118+0900] {subprocess.py:106} INFO - 24/12/06 10:06:28 INFO Client: Setting up the launch environment for our AM container
[2024-12-06T10:06:28.129+0900] {subprocess.py:106} INFO - 24/12/06 10:06:28 INFO Client: Preparing resources for our AM container
[2024-12-06T10:06:28.166+0900] {subprocess.py:106} INFO - 24/12/06 10:06:28 WARN Client: Neither spark.yarn.jars nor spark.yarn.archive is set, falling back to uploading libraries under SPARK_HOME.
[2024-12-06T10:06:34.151+0900] {subprocess.py:106} INFO - 24/12/06 10:06:34 INFO Client: Uploading resource file:/tmp/spark-e4f455cc-baf2-4cda-9a85-9edb75563162/__spark_libs__17784857111340536816.zip -> hdfs://MN:9000/user/dke/.sparkStaging/application_1733127595631_0098/__spark_libs__17784857111340536816.zip
[2024-12-06T10:07:09.781+0900] {subprocess.py:106} INFO - 24/12/06 10:07:09 INFO Client: Uploading resource file:/laewon/Riot/make_model.py -> hdfs://MN:9000/user/dke/.sparkStaging/application_1733127595631_0098/make_model.py
[2024-12-06T10:07:09.816+0900] {subprocess.py:106} INFO - 24/12/06 10:07:09 INFO Client: Uploading resource file:/laewon/spark-3.5.1-bin-hadoop3/python/lib/pyspark.zip -> hdfs://MN:9000/user/dke/.sparkStaging/application_1733127595631_0098/pyspark.zip
[2024-12-06T10:07:10.071+0900] {subprocess.py:106} INFO - 24/12/06 10:07:10 INFO Client: Uploading resource file:/laewon/spark-3.5.1-bin-hadoop3/python/lib/py4j-0.10.9.7-src.zip -> hdfs://MN:9000/user/dke/.sparkStaging/application_1733127595631_0098/py4j-0.10.9.7-src.zip
[2024-12-06T10:07:10.274+0900] {subprocess.py:106} INFO - 24/12/06 10:07:10 INFO Client: Uploading resource file:/tmp/spark-e4f455cc-baf2-4cda-9a85-9edb75563162/__spark_conf__6191485850966589487.zip -> hdfs://MN:9000/user/dke/.sparkStaging/application_1733127595631_0098/__spark_conf__.zip
[2024-12-06T10:07:10.373+0900] {subprocess.py:106} INFO - 24/12/06 10:07:10 INFO SecurityManager: Changing view acls to: dke
[2024-12-06T10:07:10.374+0900] {subprocess.py:106} INFO - 24/12/06 10:07:10 INFO SecurityManager: Changing modify acls to: dke
[2024-12-06T10:07:10.374+0900] {subprocess.py:106} INFO - 24/12/06 10:07:10 INFO SecurityManager: Changing view acls groups to:
[2024-12-06T10:07:10.375+0900] {subprocess.py:106} INFO - 24/12/06 10:07:10 INFO SecurityManager: Changing modify acls groups to:
[2024-12-06T10:07:10.375+0900] {subprocess.py:106} INFO - 24/12/06 10:07:10 INFO SecurityManager: SecurityManager: authentication disabled; ui acls disabled; users with view permissions: dke; groups with view permissions: EMPTY; users with modify permissions: dke; groups with modify permissions: EMPTY
[2024-12-06T10:07:10.415+0900] {subprocess.py:106} INFO - 24/12/06 10:07:10 INFO Client: Submitting application application_1733127595631_0098 to ResourceManager
[2024-12-06T10:07:10.466+0900] {subprocess.py:106} INFO - 24/12/06 10:07:10 INFO YarnClientImpl: Submitted application application_1733127595631_0098
[2024-12-06T10:07:11.468+0900] {subprocess.py:106} INFO - 24/12/06 10:07:11 INFO Client: Application report for application_1733127595631_0098 (state: ACCEPTED)
[2024-12-06T10:07:11.472+0900] {subprocess.py:106} INFO - 24/12/06 10:07:11 INFO Client:
[2024-12-06T10:07:11.472+0900] {subprocess.py:106} INFO - 	 client token: N/A
[2024-12-06T10:07:11.473+0900] {subprocess.py:106} INFO - 	 diagnostics: AM container is launched, waiting for AM container to Register with RM
[2024-12-06T10:07:11.473+0900] {subprocess.py:106} INFO - 	 ApplicationMaster host: N/A
[2024-12-06T10:07:11.473+0900] {subprocess.py:106} INFO - 	 ApplicationMaster RPC port: -1
[2024-12-06T10:07:11.473+0900] {subprocess.py:106} INFO - 	 queue: root.default
[2024-12-06T10:07:11.474+0900] {subprocess.py:106} INFO - 	 start time: 1733447230438
[2024-12-06T10:07:11.474+0900] {subprocess.py:106} INFO - 	 final status: UNDEFINED
[2024-12-06T10:07:11.474+0900] {subprocess.py:106} INFO - 	 tracking URL: http://MN:8088/proxy/application_1733127595631_0098/
[2024-12-06T10:07:11.474+0900] {subprocess.py:106} INFO - 	 user: dke
[2024-12-06T10:07:19.482+0900] {subprocess.py:106} INFO - 24/12/06 10:07:19 INFO Client: Application report for application_1733127595631_0098 (state: RUNNING)
[2024-12-06T10:07:19.483+0900] {subprocess.py:106} INFO - 24/12/06 10:07:19 INFO Client:
[2024-12-06T10:07:19.483+0900] {subprocess.py:106} INFO - 	 client token: N/A
[2024-12-06T10:07:19.483+0900] {subprocess.py:106} INFO - 	 diagnostics: N/A
[2024-12-06T10:07:19.483+0900] {subprocess.py:106} INFO - 	 ApplicationMaster host: SN02
[2024-12-06T10:07:19.484+0900] {subprocess.py:106} INFO - 	 ApplicationMaster RPC port: 39173
[2024-12-06T10:07:19.484+0900] {subprocess.py:106} INFO - 	 queue: root.default
[2024-12-06T10:07:19.484+0900] {subprocess.py:106} INFO - 	 start time: 1733447230438
[2024-12-06T10:07:19.484+0900] {subprocess.py:106} INFO - 	 final status: UNDEFINED
[2024-12-06T10:07:19.484+0900] {subprocess.py:106} INFO - 	 tracking URL: http://MN:8088/proxy/application_1733127595631_0098/
[2024-12-06T10:07:19.485+0900] {subprocess.py:106} INFO - 	 user: dke
[2024-12-06T10:07:49.519+0900] {subprocess.py:106} INFO - 24/12/06 10:07:49 INFO Client: Application report for application_1733127595631_0098 (state: RUNNING)
[2024-12-06T10:07:54.525+0900] {subprocess.py:106} INFO - 24/12/06 10:07:54 INFO Client: Application report for application_1733127595631_0098 (state: FINISHED)
[2024-12-06T10:07:54.526+0900] {subprocess.py:106} INFO - 24/12/06 10:07:54 INFO Client:
[2024-12-06T10:07:54.526+0900] {subprocess.py:106} INFO - 	 client token: N/A
[2024-12-06T10:07:54.526+0900] {subprocess.py:106} INFO - 	 diagnostics: N/A
[2024-12-06T10:07:54.526+0900] {subprocess.py:106} INFO - 	 ApplicationMaster host: SN02
[2024-12-06T10:07:54.527+0900] {subprocess.py:106} INFO - 	 ApplicationMaster RPC port: 39173
[2024-12-06T10:07:54.527+0900] {subprocess.py:106} INFO - 	 queue: root.default
[2024-12-06T10:07:54.527+0900] {subprocess.py:106} INFO - 	 start time: 1733447230438
[2024-12-06T10:07:54.527+0900] {subprocess.py:106} INFO - 	 final status: SUCCEEDED
[2024-12-06T10:07:54.528+0900] {subprocess.py:106} INFO - 	 tracking URL: http://MN:8088/proxy/application_1733127595631_0098/
[2024-12-06T10:07:54.528+0900] {subprocess.py:106} INFO - 	 user: dke
[2024-12-06T10:07:54.535+0900] {subprocess.py:106} INFO - 24/12/06 10:07:54 INFO ShutdownHookManager: Shutdown hook called
[2024-12-06T10:07:54.536+0900] {subprocess.py:106} INFO - 24/12/06 10:07:54 INFO ShutdownHookManager: Deleting directory /tmp/spark-4f7d641d-bd63-48eb-9c74-27e0a083a052
[2024-12-06T10:07:54.539+0900] {subprocess.py:106} INFO - 24/12/06 10:07:54 INFO ShutdownHookManager: Deleting directory /tmp/spark-e4f455cc-baf2-4cda-9a85-9edb75563162
[2024-12-06T10:07:54.896+0900] {subprocess.py:110} INFO - Command exited with return code 0
[2024-12-06T10:07:54.920+0900] {taskinstance.py:340} INFO - ::group::Post task execution logs
[2024-12-06T10:07:54.920+0900] {taskinstance.py:352} INFO - Marking task as SUCCESS. dag_id=process_and_upload_json_to_hdfs, task_id=run_make_model, run_id=scheduled__2024-12-06T00:00:00+00:00, execution_date=20241206T000000, start_date=20241206T010624, end_date=20241206T010754
[2024-12-06T10:07:54.967+0900] {local_task_job_runner.py:266} INFO - Task exited with return code 0
[2024-12-06T10:07:54.977+0900] {taskinstance.py:3895} INFO - 0 downstream tasks scheduled from follow-on schedule check
[2024-12-06T10:07:54.978+0900] {local_task_job_runner.py:245} INFO - ::endgroup::
