[2024-11-26T13:00:03.339+0900] {local_task_job_runner.py:123} INFO - ::group::Pre task execution logs
[2024-11-26T13:00:03.349+0900] {taskinstance.py:2613} INFO - Dependencies all met for dep_context=non-requeueable deps ti=<TaskInstance: process_and_upload_json_to_hdfs.process_json_files scheduled__2024-11-26T03:00:00+00:00 [queued]>
[2024-11-26T13:00:03.355+0900] {taskinstance.py:2613} INFO - Dependencies all met for dep_context=requeueable deps ti=<TaskInstance: process_and_upload_json_to_hdfs.process_json_files scheduled__2024-11-26T03:00:00+00:00 [queued]>
[2024-11-26T13:00:03.355+0900] {taskinstance.py:2866} INFO - Starting attempt 1 of 2
[2024-11-26T13:00:03.371+0900] {taskinstance.py:2889} INFO - Executing <Task(PythonOperator): process_json_files> on 2024-11-26 03:00:00+00:00
[2024-11-26T13:00:03.374+0900] {standard_task_runner.py:72} INFO - Started process 3009381 to run task
[2024-11-26T13:00:03.377+0900] {standard_task_runner.py:104} INFO - Running: ['airflow', 'tasks', 'run', 'process_and_upload_json_to_hdfs', 'process_json_files', 'scheduled__2024-11-26T03:00:00+00:00', '--job-id', '314', '--raw', '--subdir', 'DAGS_FOLDER/data_to_hdfs.py', '--cfg-path', '/tmp/tmpqc5knlur']
[2024-11-26T13:00:03.379+0900] {standard_task_runner.py:105} INFO - Job 314: Subtask process_json_files
[2024-11-26T13:00:03.412+0900] {task_command.py:467} INFO - Running <TaskInstance: process_and_upload_json_to_hdfs.process_json_files scheduled__2024-11-26T03:00:00+00:00 [running]> on host MN
[2024-11-26T13:00:03.477+0900] {taskinstance.py:3132} INFO - Exporting env vars: AIRFLOW_CTX_DAG_OWNER='airflow' AIRFLOW_CTX_DAG_ID='process_and_upload_json_to_hdfs' AIRFLOW_CTX_TASK_ID='process_json_files' AIRFLOW_CTX_EXECUTION_DATE='2024-11-26T03:00:00+00:00' AIRFLOW_CTX_TRY_NUMBER='1' AIRFLOW_CTX_DAG_RUN_ID='scheduled__2024-11-26T03:00:00+00:00'
[2024-11-26T13:00:03.478+0900] {taskinstance.py:731} INFO - ::endgroup::
[2024-11-26T13:00:03.851+0900] {logging_mixin.py:190} INFO - Champion data for champion 64 saved to /laewon/Riot/output/champion_64.csv.
[2024-11-26T13:00:03.936+0900] {logging_mixin.py:190} INFO - Champion data for champion 82 saved to /laewon/Riot/output/champion_82.csv.
[2024-11-26T13:00:03.988+0900] {logging_mixin.py:190} INFO - Champion data for champion 6 saved to /laewon/Riot/output/champion_6.csv.
[2024-11-26T13:00:04.038+0900] {logging_mixin.py:190} INFO - Champion data for champion 166 saved to /laewon/Riot/output/champion_166.csv.
[2024-11-26T13:00:04.148+0900] {logging_mixin.py:190} INFO - Champion data for champion 235 saved to /laewon/Riot/output/champion_235.csv.
[2024-11-26T13:00:04.210+0900] {logging_mixin.py:190} INFO - Champion data for champion 142 saved to /laewon/Riot/output/champion_142.csv.
[2024-11-26T13:00:04.274+0900] {logging_mixin.py:190} INFO - Champion data for champion 136 saved to /laewon/Riot/output/champion_136.csv.
[2024-11-26T13:00:04.428+0900] {logging_mixin.py:190} INFO - Champion data for champion 99 saved to /laewon/Riot/output/champion_99.csv.
[2024-11-26T13:00:04.548+0900] {logging_mixin.py:190} INFO - Champion data for champion 498 saved to /laewon/Riot/output/champion_498.csv.
[2024-11-26T13:00:04.645+0900] {logging_mixin.py:190} INFO - Champion data for champion 777 saved to /laewon/Riot/output/champion_777.csv.
[2024-11-26T13:00:04.691+0900] {logging_mixin.py:190} INFO - Champion data for champion 19 saved to /laewon/Riot/output/champion_19.csv.
[2024-11-26T13:00:04.748+0900] {logging_mixin.py:190} INFO - Champion data for champion 203 saved to /laewon/Riot/output/champion_203.csv.
[2024-11-26T13:00:04.825+0900] {logging_mixin.py:190} INFO - Champion data for champion 122 saved to /laewon/Riot/output/champion_122.csv.
[2024-11-26T13:00:04.937+0900] {logging_mixin.py:190} INFO - Champion data for champion 43 saved to /laewon/Riot/output/champion_43.csv.
[2024-11-26T13:00:05.027+0900] {logging_mixin.py:190} INFO - Champion data for champion 84 saved to /laewon/Riot/output/champion_84.csv.
[2024-11-26T13:00:05.111+0900] {logging_mixin.py:190} INFO - Champion data for champion 117 saved to /laewon/Riot/output/champion_117.csv.
[2024-11-26T13:00:05.172+0900] {logging_mixin.py:190} INFO - Champion data for champion 12 saved to /laewon/Riot/output/champion_12.csv.
[2024-11-26T13:00:05.282+0900] {logging_mixin.py:190} INFO - Champion data for champion 31 saved to /laewon/Riot/output/champion_31.csv.
[2024-11-26T13:00:05.321+0900] {logging_mixin.py:190} INFO - Champion data for champion 114 saved to /laewon/Riot/output/champion_114.csv.
[2024-11-26T13:00:05.471+0900] {logging_mixin.py:190} INFO - Champion data for champion 110 saved to /laewon/Riot/output/champion_110.csv.
[2024-11-26T13:00:05.541+0900] {logging_mixin.py:190} INFO - Champion data for champion 154 saved to /laewon/Riot/output/champion_154.csv.
[2024-11-26T13:00:05.630+0900] {logging_mixin.py:190} INFO - Champion data for champion 10 saved to /laewon/Riot/output/champion_10.csv.
[2024-11-26T13:00:05.712+0900] {logging_mixin.py:190} INFO - Champion data for champion 245 saved to /laewon/Riot/output/champion_245.csv.
[2024-11-26T13:00:05.822+0900] {logging_mixin.py:190} INFO - Champion data for champion 18 saved to /laewon/Riot/output/champion_18.csv.
[2024-11-26T13:00:05.906+0900] {logging_mixin.py:190} INFO - Champion data for champion 799 saved to /laewon/Riot/output/champion_799.csv.
[2024-11-26T13:00:06.105+0900] {logging_mixin.py:190} INFO - Champion data for champion 81 saved to /laewon/Riot/output/champion_81.csv.
[2024-11-26T13:00:06.217+0900] {logging_mixin.py:190} INFO - Champion data for champion 147 saved to /laewon/Riot/output/champion_147.csv.
[2024-11-26T13:00:06.358+0900] {logging_mixin.py:190} INFO - Champion data for champion 145 saved to /laewon/Riot/output/champion_145.csv.
[2024-11-26T13:00:06.553+0900] {logging_mixin.py:190} INFO - Champion data for champion 51 saved to /laewon/Riot/output/champion_51.csv.
[2024-11-26T13:00:06.726+0900] {logging_mixin.py:190} INFO - Champion data for champion 53 saved to /laewon/Riot/output/champion_53.csv.
[2024-11-26T13:00:06.881+0900] {logging_mixin.py:190} INFO - Champion data for champion 22 saved to /laewon/Riot/output/champion_22.csv.
[2024-11-26T13:00:06.987+0900] {logging_mixin.py:190} INFO - Champion data for champion 7 saved to /laewon/Riot/output/champion_7.csv.
[2024-11-26T13:00:07.042+0900] {logging_mixin.py:190} INFO - Champion data for champion 39 saved to /laewon/Riot/output/champion_39.csv.
[2024-11-26T13:00:07.177+0900] {logging_mixin.py:190} INFO - Champion data for champion 126 saved to /laewon/Riot/output/champion_126.csv.
[2024-11-26T13:00:07.250+0900] {logging_mixin.py:190} INFO - Champion data for champion 55 saved to /laewon/Riot/output/champion_55.csv.
[2024-11-26T13:00:07.385+0900] {logging_mixin.py:190} INFO - Champion data for champion 115 saved to /laewon/Riot/output/champion_115.csv.
[2024-11-26T13:00:07.452+0900] {logging_mixin.py:190} INFO - Champion data for champion 26 saved to /laewon/Riot/output/champion_26.csv.
[2024-11-26T13:00:07.520+0900] {logging_mixin.py:190} INFO - Champion data for champion 127 saved to /laewon/Riot/output/champion_127.csv.
[2024-11-26T13:00:07.555+0900] {logging_mixin.py:190} INFO - Champion data for champion 33 saved to /laewon/Riot/output/champion_33.csv.
[2024-11-26T13:00:07.586+0900] {logging_mixin.py:190} INFO - Champion data for champion 150 saved to /laewon/Riot/output/champion_150.csv.
[2024-11-26T13:00:07.617+0900] {logging_mixin.py:190} INFO - Champion data for champion 497 saved to /laewon/Riot/output/champion_497.csv.
[2024-11-26T13:00:07.713+0900] {logging_mixin.py:190} INFO - Champion data for champion 266 saved to /laewon/Riot/output/champion_266.csv.
[2024-11-26T13:00:07.782+0900] {logging_mixin.py:190} INFO - Champion data for champion 1 saved to /laewon/Riot/output/champion_1.csv.
[2024-11-26T13:00:07.861+0900] {logging_mixin.py:190} INFO - Champion data for champion 59 saved to /laewon/Riot/output/champion_59.csv.
[2024-11-26T13:00:07.928+0900] {logging_mixin.py:190} INFO - Champion data for champion 875 saved to /laewon/Riot/output/champion_875.csv.
[2024-11-26T13:00:07.985+0900] {logging_mixin.py:190} INFO - Champion data for champion 14 saved to /laewon/Riot/output/champion_14.csv.
[2024-11-26T13:00:08.127+0900] {logging_mixin.py:190} INFO - Champion data for champion 76 saved to /laewon/Riot/output/champion_76.csv.
[2024-11-26T13:00:08.206+0900] {logging_mixin.py:190} INFO - Champion data for champion 27 saved to /laewon/Riot/output/champion_27.csv.
[2024-11-26T13:00:08.311+0900] {logging_mixin.py:190} INFO - Champion data for champion 104 saved to /laewon/Riot/output/champion_104.csv.
[2024-11-26T13:00:08.433+0900] {logging_mixin.py:190} INFO - Champion data for champion 101 saved to /laewon/Riot/output/champion_101.csv.
[2024-11-26T13:00:08.481+0900] {logging_mixin.py:190} INFO - Champion data for champion 102 saved to /laewon/Riot/output/champion_102.csv.
[2024-11-26T13:00:08.553+0900] {logging_mixin.py:190} INFO - Champion data for champion 68 saved to /laewon/Riot/output/champion_68.csv.
[2024-11-26T13:00:08.587+0900] {logging_mixin.py:190} INFO - Champion data for champion 72 saved to /laewon/Riot/output/champion_72.csv.
[2024-11-26T13:00:08.657+0900] {logging_mixin.py:190} INFO - Champion data for champion 910 saved to /laewon/Riot/output/champion_910.csv.
[2024-11-26T13:00:08.764+0900] {logging_mixin.py:190} INFO - Champion data for champion 517 saved to /laewon/Riot/output/champion_517.csv.
[2024-11-26T13:00:08.839+0900] {logging_mixin.py:190} INFO - Champion data for champion 24 saved to /laewon/Riot/output/champion_24.csv.
[2024-11-26T13:00:08.904+0900] {logging_mixin.py:190} INFO - Champion data for champion 62 saved to /laewon/Riot/output/champion_62.csv.
[2024-11-26T13:00:08.996+0900] {logging_mixin.py:190} INFO - Champion data for champion 518 saved to /laewon/Riot/output/champion_518.csv.
[2024-11-26T13:00:09.119+0900] {logging_mixin.py:190} INFO - Champion data for champion 17 saved to /laewon/Riot/output/champion_17.csv.
[2024-11-26T13:00:09.228+0900] {logging_mixin.py:190} INFO - Champion data for champion 901 saved to /laewon/Riot/output/champion_901.csv.
[2024-11-26T13:00:09.307+0900] {logging_mixin.py:190} INFO - Champion data for champion 79 saved to /laewon/Riot/output/champion_79.csv.
[2024-11-26T13:00:09.443+0900] {logging_mixin.py:190} INFO - Champion data for champion 236 saved to /laewon/Riot/output/champion_236.csv.
[2024-11-26T13:00:09.594+0900] {logging_mixin.py:190} INFO - Champion data for champion 103 saved to /laewon/Riot/output/champion_103.csv.
[2024-11-26T13:00:09.651+0900] {logging_mixin.py:190} INFO - Champion data for champion 143 saved to /laewon/Riot/output/champion_143.csv.
[2024-11-26T13:00:09.727+0900] {logging_mixin.py:190} INFO - Champion data for champion 35 saved to /laewon/Riot/output/champion_35.csv.
[2024-11-26T13:00:09.824+0900] {logging_mixin.py:190} INFO - Champion data for champion 36 saved to /laewon/Riot/output/champion_36.csv.
[2024-11-26T13:00:09.858+0900] {logging_mixin.py:190} INFO - Champion data for champion 5 saved to /laewon/Riot/output/champion_5.csv.
[2024-11-26T13:00:09.941+0900] {logging_mixin.py:190} INFO - Champion data for champion 13 saved to /laewon/Riot/output/champion_13.csv.
[2024-11-26T13:00:10.035+0900] {logging_mixin.py:190} INFO - Champion data for champion 40 saved to /laewon/Riot/output/champion_40.csv.
[2024-11-26T13:00:10.058+0900] {logging_mixin.py:190} INFO - Champion data for champion 28 saved to /laewon/Riot/output/champion_28.csv.
[2024-11-26T13:00:10.138+0900] {logging_mixin.py:190} INFO - Champion data for champion 133 saved to /laewon/Riot/output/champion_133.csv.
[2024-11-26T13:00:10.211+0900] {logging_mixin.py:190} INFO - Champion data for champion 105 saved to /laewon/Riot/output/champion_105.csv.
[2024-11-26T13:00:10.299+0900] {logging_mixin.py:190} INFO - Champion data for champion 80 saved to /laewon/Riot/output/champion_80.csv.
[2024-11-26T13:00:10.345+0900] {logging_mixin.py:190} INFO - Champion data for champion 432 saved to /laewon/Riot/output/champion_432.csv.
[2024-11-26T13:00:10.396+0900] {logging_mixin.py:190} INFO - Champion data for champion 92 saved to /laewon/Riot/output/champion_92.csv.
[2024-11-26T13:00:10.468+0900] {logging_mixin.py:190} INFO - Champion data for champion 89 saved to /laewon/Riot/output/champion_89.csv.
[2024-11-26T13:00:10.597+0900] {logging_mixin.py:190} INFO - Champion data for champion 63 saved to /laewon/Riot/output/champion_63.csv.
[2024-11-26T13:00:10.670+0900] {logging_mixin.py:190} INFO - Champion data for champion 121 saved to /laewon/Riot/output/champion_121.csv.
[2024-11-26T13:00:10.732+0900] {logging_mixin.py:190} INFO - Champion data for champion 85 saved to /laewon/Riot/output/champion_85.csv.
[2024-11-26T13:00:10.814+0900] {logging_mixin.py:190} INFO - Champion data for champion 9 saved to /laewon/Riot/output/champion_9.csv.
[2024-11-26T13:00:10.884+0900] {logging_mixin.py:190} INFO - Champion data for champion 11 saved to /laewon/Riot/output/champion_11.csv.
[2024-11-26T13:00:10.923+0900] {logging_mixin.py:190} INFO - Champion data for champion 91 saved to /laewon/Riot/output/champion_91.csv.
[2024-11-26T13:00:10.975+0900] {logging_mixin.py:190} INFO - Champion data for champion 23 saved to /laewon/Riot/output/champion_23.csv.
[2024-11-26T13:00:11.089+0900] {logging_mixin.py:190} INFO - Champion data for champion 412 saved to /laewon/Riot/output/champion_412.csv.
[2024-11-26T13:00:11.114+0900] {logging_mixin.py:190} INFO - Champion data for champion 200 saved to /laewon/Riot/output/champion_200.csv.
[2024-11-26T13:00:11.216+0900] {logging_mixin.py:190} INFO - Champion data for champion 221 saved to /laewon/Riot/output/champion_221.csv.
[2024-11-26T13:00:11.269+0900] {logging_mixin.py:190} INFO - Champion data for champion 429 saved to /laewon/Riot/output/champion_429.csv.
[2024-11-26T13:00:11.322+0900] {logging_mixin.py:190} INFO - Champion data for champion 90 saved to /laewon/Riot/output/champion_90.csv.
[2024-11-26T13:00:11.374+0900] {logging_mixin.py:190} INFO - Champion data for champion 268 saved to /laewon/Riot/output/champion_268.csv.
[2024-11-26T13:00:11.493+0900] {logging_mixin.py:190} INFO - Champion data for champion 555 saved to /laewon/Riot/output/champion_555.csv.
[2024-11-26T13:00:11.562+0900] {logging_mixin.py:190} INFO - Champion data for champion 134 saved to /laewon/Riot/output/champion_134.csv.
[2024-11-26T13:00:11.608+0900] {logging_mixin.py:190} INFO - Champion data for champion 78 saved to /laewon/Riot/output/champion_78.csv.
[2024-11-26T13:00:11.656+0900] {logging_mixin.py:190} INFO - Champion data for champion 897 saved to /laewon/Riot/output/champion_897.csv.
[2024-11-26T13:00:11.798+0900] {logging_mixin.py:190} INFO - Champion data for champion 45 saved to /laewon/Riot/output/champion_45.csv.
[2024-11-26T13:00:11.910+0900] {logging_mixin.py:190} INFO - Champion data for champion 29 saved to /laewon/Riot/output/champion_29.csv.
[2024-11-26T13:00:11.976+0900] {logging_mixin.py:190} INFO - Champion data for champion 234 saved to /laewon/Riot/output/champion_234.csv.
[2024-11-26T13:00:12.051+0900] {logging_mixin.py:190} INFO - Champion data for champion 50 saved to /laewon/Riot/output/champion_50.csv.
[2024-11-26T13:00:12.146+0900] {logging_mixin.py:190} INFO - Champion data for champion 74 saved to /laewon/Riot/output/champion_74.csv.
[2024-11-26T13:00:12.307+0900] {logging_mixin.py:190} INFO - Champion data for champion 202 saved to /laewon/Riot/output/champion_202.csv.
[2024-11-26T13:00:12.374+0900] {logging_mixin.py:190} INFO - Champion data for champion 3 saved to /laewon/Riot/output/champion_3.csv.
[2024-11-26T13:00:12.473+0900] {logging_mixin.py:190} INFO - Champion data for champion 112 saved to /laewon/Riot/output/champion_112.csv.
[2024-11-26T13:00:12.644+0900] {logging_mixin.py:190} INFO - Champion data for champion 222 saved to /laewon/Riot/output/champion_222.csv.
[2024-11-26T13:00:12.716+0900] {logging_mixin.py:190} INFO - Champion data for champion 360 saved to /laewon/Riot/output/champion_360.csv.
[2024-11-26T13:00:12.764+0900] {logging_mixin.py:190} INFO - Champion data for champion 98 saved to /laewon/Riot/output/champion_98.csv.
[2024-11-26T13:00:12.786+0900] {logging_mixin.py:190} INFO - Champion data for champion 246 saved to /laewon/Riot/output/champion_246.csv.
[2024-11-26T13:00:12.881+0900] {logging_mixin.py:190} INFO - Champion data for champion 157 saved to /laewon/Riot/output/champion_157.csv.
[2024-11-26T13:00:13.023+0900] {logging_mixin.py:190} INFO - Champion data for champion 54 saved to /laewon/Riot/output/champion_54.csv.
[2024-11-26T13:00:13.097+0900] {logging_mixin.py:190} INFO - Champion data for champion 888 saved to /laewon/Riot/output/champion_888.csv.
[2024-11-26T13:00:13.162+0900] {logging_mixin.py:190} INFO - Champion data for champion 223 saved to /laewon/Riot/output/champion_223.csv.
[2024-11-26T13:00:13.311+0900] {logging_mixin.py:190} INFO - Champion data for champion 25 saved to /laewon/Riot/output/champion_25.csv.
[2024-11-26T13:00:13.384+0900] {logging_mixin.py:190} INFO - Champion data for champion 711 saved to /laewon/Riot/output/champion_711.csv.
[2024-11-26T13:00:13.425+0900] {logging_mixin.py:190} INFO - Champion data for champion 141 saved to /laewon/Riot/output/champion_141.csv.
[2024-11-26T13:00:13.496+0900] {logging_mixin.py:190} INFO - Champion data for champion 119 saved to /laewon/Riot/output/champion_119.csv.
[2024-11-26T13:00:13.539+0900] {logging_mixin.py:190} INFO - Champion data for champion 164 saved to /laewon/Riot/output/champion_164.csv.
[2024-11-26T13:00:13.581+0900] {logging_mixin.py:190} INFO - Champion data for champion 902 saved to /laewon/Riot/output/champion_902.csv.
[2024-11-26T13:00:13.655+0900] {logging_mixin.py:190} INFO - Champion data for champion 254 saved to /laewon/Riot/output/champion_254.csv.
[2024-11-26T13:00:13.773+0900] {logging_mixin.py:190} INFO - Champion data for champion 15 saved to /laewon/Riot/output/champion_15.csv.
[2024-11-26T13:00:13.871+0900] {logging_mixin.py:190} INFO - Champion data for champion 111 saved to /laewon/Riot/output/champion_111.csv.
[2024-11-26T13:00:13.922+0900] {logging_mixin.py:190} INFO - Champion data for champion 106 saved to /laewon/Riot/output/champion_106.csv.
[2024-11-26T13:00:13.967+0900] {logging_mixin.py:190} INFO - Champion data for champion 420 saved to /laewon/Riot/output/champion_420.csv.
[2024-11-26T13:00:14.040+0900] {logging_mixin.py:190} INFO - Champion data for champion 37 saved to /laewon/Riot/output/champion_37.csv.
[2024-11-26T13:00:14.195+0900] {logging_mixin.py:190} INFO - Champion data for champion 21 saved to /laewon/Riot/output/champion_21.csv.
[2024-11-26T13:00:14.217+0900] {logging_mixin.py:190} INFO - Champion data for champion 950 saved to /laewon/Riot/output/champion_950.csv.
[2024-11-26T13:00:14.310+0900] {logging_mixin.py:190} INFO - Champion data for champion 57 saved to /laewon/Riot/output/champion_57.csv.
[2024-11-26T13:00:14.401+0900] {logging_mixin.py:190} INFO - Champion data for champion 96 saved to /laewon/Riot/output/champion_96.csv.
[2024-11-26T13:00:14.457+0900] {logging_mixin.py:190} INFO - Champion data for champion 75 saved to /laewon/Riot/output/champion_75.csv.
[2024-11-26T13:00:14.581+0900] {logging_mixin.py:190} INFO - Champion data for champion 161 saved to /laewon/Riot/output/champion_161.csv.
[2024-11-26T13:00:14.616+0900] {logging_mixin.py:190} INFO - Champion data for champion 56 saved to /laewon/Riot/output/champion_56.csv.
[2024-11-26T13:00:14.735+0900] {logging_mixin.py:190} INFO - Champion data for champion 61 saved to /laewon/Riot/output/champion_61.csv.
[2024-11-26T13:00:14.774+0900] {logging_mixin.py:190} INFO - Champion data for champion 69 saved to /laewon/Riot/output/champion_69.csv.
[2024-11-26T13:00:14.855+0900] {logging_mixin.py:190} INFO - Champion data for champion 30 saved to /laewon/Riot/output/champion_30.csv.
[2024-11-26T13:00:14.967+0900] {logging_mixin.py:190} INFO - Champion data for champion 67 saved to /laewon/Riot/output/champion_67.csv.
[2024-11-26T13:00:15.013+0900] {logging_mixin.py:190} INFO - Champion data for champion 163 saved to /laewon/Riot/output/champion_163.csv.
[2024-11-26T13:00:15.036+0900] {logging_mixin.py:190} INFO - Champion data for champion 895 saved to /laewon/Riot/output/champion_895.csv.
[2024-11-26T13:00:15.096+0900] {logging_mixin.py:190} INFO - Champion data for champion 201 saved to /laewon/Riot/output/champion_201.csv.
[2024-11-26T13:00:15.170+0900] {logging_mixin.py:190} INFO - Champion data for champion 16 saved to /laewon/Riot/output/champion_16.csv.
[2024-11-26T13:00:15.199+0900] {logging_mixin.py:190} INFO - Champion data for champion 233 saved to /laewon/Riot/output/champion_233.csv.
[2024-11-26T13:00:15.287+0900] {logging_mixin.py:190} INFO - Champion data for champion 42 saved to /laewon/Riot/output/champion_42.csv.
[2024-11-26T13:00:15.330+0900] {logging_mixin.py:190} INFO - Champion data for champion 113 saved to /laewon/Riot/output/champion_113.csv.
[2024-11-26T13:00:15.391+0900] {logging_mixin.py:190} INFO - Champion data for champion 20 saved to /laewon/Riot/output/champion_20.csv.
[2024-11-26T13:00:15.463+0900] {logging_mixin.py:190} INFO - Champion data for champion 350 saved to /laewon/Riot/output/champion_350.csv.
[2024-11-26T13:00:15.496+0900] {logging_mixin.py:190} INFO - Champion data for champion 526 saved to /laewon/Riot/output/champion_526.csv.
[2024-11-26T13:00:15.532+0900] {logging_mixin.py:190} INFO - Champion data for champion 77 saved to /laewon/Riot/output/champion_77.csv.
[2024-11-26T13:00:15.594+0900] {logging_mixin.py:190} INFO - Champion data for champion 34 saved to /laewon/Riot/output/champion_34.csv.
[2024-11-26T13:00:15.652+0900] {logging_mixin.py:190} INFO - Champion data for champion 516 saved to /laewon/Riot/output/champion_516.csv.
[2024-11-26T13:00:15.744+0900] {logging_mixin.py:190} INFO - Champion data for champion 238 saved to /laewon/Riot/output/champion_238.csv.
[2024-11-26T13:00:15.797+0900] {logging_mixin.py:190} INFO - Champion data for champion 876 saved to /laewon/Riot/output/champion_876.csv.
[2024-11-26T13:00:15.823+0900] {logging_mixin.py:190} INFO - Champion data for champion 120 saved to /laewon/Riot/output/champion_120.csv.
[2024-11-26T13:00:15.837+0900] {logging_mixin.py:190} INFO - Champion data for champion 240 saved to /laewon/Riot/output/champion_240.csv.
[2024-11-26T13:00:15.889+0900] {logging_mixin.py:190} INFO - Champion data for champion 58 saved to /laewon/Riot/output/champion_58.csv.
[2024-11-26T13:00:15.945+0900] {logging_mixin.py:190} INFO - Champion data for champion 523 saved to /laewon/Riot/output/champion_523.csv.
[2024-11-26T13:00:15.984+0900] {logging_mixin.py:190} INFO - Champion data for champion 38 saved to /laewon/Riot/output/champion_38.csv.
[2024-11-26T13:00:16.058+0900] {logging_mixin.py:190} INFO - Champion data for champion 86 saved to /laewon/Riot/output/champion_86.csv.
[2024-11-26T13:00:16.132+0900] {logging_mixin.py:190} INFO - Champion data for champion 8 saved to /laewon/Riot/output/champion_8.csv.
[2024-11-26T13:00:16.192+0900] {logging_mixin.py:190} INFO - Champion data for champion 131 saved to /laewon/Riot/output/champion_131.csv.
[2024-11-26T13:00:16.237+0900] {logging_mixin.py:190} INFO - Champion data for champion 893 saved to /laewon/Riot/output/champion_893.csv.
[2024-11-26T13:00:16.263+0900] {logging_mixin.py:190} INFO - Champion data for champion 60 saved to /laewon/Riot/output/champion_60.csv.
[2024-11-26T13:00:16.377+0900] {logging_mixin.py:190} INFO - Champion data for champion 4 saved to /laewon/Riot/output/champion_4.csv.
[2024-11-26T13:00:16.394+0900] {logging_mixin.py:190} INFO - Champion data for champion 421 saved to /laewon/Riot/output/champion_421.csv.
[2024-11-26T13:00:16.423+0900] {logging_mixin.py:190} INFO - Champion data for champion 107 saved to /laewon/Riot/output/champion_107.csv.
[2024-11-26T13:00:16.469+0900] {logging_mixin.py:190} INFO - Champion data for champion 41 saved to /laewon/Riot/output/champion_41.csv.
[2024-11-26T13:00:16.491+0900] {logging_mixin.py:190} INFO - Champion data for champion 427 saved to /laewon/Riot/output/champion_427.csv.
[2024-11-26T13:00:16.537+0900] {logging_mixin.py:190} INFO - Champion data for champion 267 saved to /laewon/Riot/output/champion_267.csv.
[2024-11-26T13:00:16.569+0900] {logging_mixin.py:190} INFO - Champion data for champion 887 saved to /laewon/Riot/output/champion_887.csv.
[2024-11-26T13:00:16.665+0900] {logging_mixin.py:190} INFO - Champion data for champion 32 saved to /laewon/Riot/output/champion_32.csv.
[2024-11-26T13:00:16.790+0900] {logging_mixin.py:190} INFO - All new JSON files have been processed and saved as 'match_data_combined.csv'.
[2024-11-26T13:00:16.806+0900] {python.py:240} INFO - Done. Returned value was: None
[2024-11-26T13:00:16.811+0900] {taskinstance.py:340} INFO - ::group::Post task execution logs
[2024-11-26T13:00:16.812+0900] {taskinstance.py:352} INFO - Marking task as SUCCESS. dag_id=process_and_upload_json_to_hdfs, task_id=process_json_files, run_id=scheduled__2024-11-26T03:00:00+00:00, execution_date=20241126T030000, start_date=20241126T040003, end_date=20241126T040016
[2024-11-26T13:00:16.839+0900] {local_task_job_runner.py:266} INFO - Task exited with return code 0
[2024-11-26T13:00:16.856+0900] {taskinstance.py:3895} INFO - 1 downstream tasks scheduled from follow-on schedule check
[2024-11-26T13:00:16.861+0900] {local_task_job_runner.py:245} INFO - ::endgroup::
