[2024-12-03T17:06:38.178+0900] {local_task_job_runner.py:123} INFO - ::group::Pre task execution logs
[2024-12-03T17:06:38.188+0900] {taskinstance.py:2613} INFO - Dependencies all met for dep_context=non-requeueable deps ti=<TaskInstance: process_and_upload_json_to_hdfs.run_make_model scheduled__2024-12-03T07:00:00+00:00 [queued]>
[2024-12-03T17:06:38.195+0900] {taskinstance.py:2613} INFO - Dependencies all met for dep_context=requeueable deps ti=<TaskInstance: process_and_upload_json_to_hdfs.run_make_model scheduled__2024-12-03T07:00:00+00:00 [queued]>
[2024-12-03T17:06:38.195+0900] {taskinstance.py:2866} INFO - Starting attempt 1 of 2
[2024-12-03T17:06:38.211+0900] {taskinstance.py:2889} INFO - Executing <Task(BashOperator): run_make_model> on 2024-12-03 07:00:00+00:00
[2024-12-03T17:06:38.214+0900] {standard_task_runner.py:72} INFO - Started process 425457 to run task
[2024-12-03T17:06:38.218+0900] {standard_task_runner.py:104} INFO - Running: ['airflow', 'tasks', 'run', 'process_and_upload_json_to_hdfs', 'run_make_model', 'scheduled__2024-12-03T07:00:00+00:00', '--job-id', '466', '--raw', '--subdir', 'DAGS_FOLDER/data_to_hdfs.py', '--cfg-path', '/tmp/tmpggxdefwv']
[2024-12-03T17:06:38.219+0900] {standard_task_runner.py:105} INFO - Job 466: Subtask run_make_model
[2024-12-03T17:06:38.253+0900] {task_command.py:467} INFO - Running <TaskInstance: process_and_upload_json_to_hdfs.run_make_model scheduled__2024-12-03T07:00:00+00:00 [running]> on host MN
[2024-12-03T17:06:38.321+0900] {taskinstance.py:3132} INFO - Exporting env vars: AIRFLOW_CTX_DAG_OWNER='airflow' AIRFLOW_CTX_DAG_ID='process_and_upload_json_to_hdfs' AIRFLOW_CTX_TASK_ID='run_make_model' AIRFLOW_CTX_EXECUTION_DATE='2024-12-03T07:00:00+00:00' AIRFLOW_CTX_TRY_NUMBER='1' AIRFLOW_CTX_DAG_RUN_ID='scheduled__2024-12-03T07:00:00+00:00'
[2024-12-03T17:06:38.321+0900] {taskinstance.py:731} INFO - ::endgroup::
[2024-12-03T17:06:38.335+0900] {subprocess.py:78} INFO - Tmp dir root location: /tmp
[2024-12-03T17:06:38.336+0900] {subprocess.py:88} INFO - Running command: ['/usr/bin/bash', '-c', '/laewon/spark/bin/spark-submit --master yarn --deploy-mode cluster /laewon/Riot/make_model.py']
[2024-12-03T17:06:38.342+0900] {subprocess.py:99} INFO - Output:
[2024-12-03T17:06:40.603+0900] {subprocess.py:106} INFO - 24/12/03 17:06:40 INFO DefaultNoHARMFailoverProxyProvider: Connecting to ResourceManager at MN/192.168.4.7:8032
[2024-12-03T17:06:41.294+0900] {subprocess.py:106} INFO - 24/12/03 17:06:41 INFO Configuration: resource-types.xml not found
[2024-12-03T17:06:41.295+0900] {subprocess.py:106} INFO - 24/12/03 17:06:41 INFO ResourceUtils: Unable to find 'resource-types.xml'.
[2024-12-03T17:06:41.308+0900] {subprocess.py:106} INFO - 24/12/03 17:06:41 INFO Client: Verifying our application has not requested more than the maximum memory capability of the cluster (819200 MB per container)
[2024-12-03T17:06:41.309+0900] {subprocess.py:106} INFO - 24/12/03 17:06:41 INFO Client: Will allocate AM container, with 1408 MB memory including 384 MB overhead
[2024-12-03T17:06:41.310+0900] {subprocess.py:106} INFO - 24/12/03 17:06:41 INFO Client: Setting up container launch context for our AM
[2024-12-03T17:06:41.313+0900] {subprocess.py:106} INFO - 24/12/03 17:06:41 INFO Client: Setting up the launch environment for our AM container
[2024-12-03T17:06:41.324+0900] {subprocess.py:106} INFO - 24/12/03 17:06:41 INFO Client: Preparing resources for our AM container
[2024-12-03T17:06:41.358+0900] {subprocess.py:106} INFO - 24/12/03 17:06:41 WARN Client: Neither spark.yarn.jars nor spark.yarn.archive is set, falling back to uploading libraries under SPARK_HOME.
[2024-12-03T17:06:44.180+0900] {subprocess.py:106} INFO - 24/12/03 17:06:44 INFO Client: Uploading resource file:/tmp/spark-f8697716-40ff-447f-9545-fd775cf723e8/__spark_libs__16500058497440109535.zip -> hdfs://MN:9000/user/dke/.sparkStaging/application_1733127595631_0031/__spark_libs__16500058497440109535.zip
[2024-12-03T17:07:15.649+0900] {subprocess.py:106} INFO - 24/12/03 17:07:15 INFO Client: Uploading resource file:/laewon/Riot/make_model.py -> hdfs://MN:9000/user/dke/.sparkStaging/application_1733127595631_0031/make_model.py
[2024-12-03T17:07:15.684+0900] {subprocess.py:106} INFO - 24/12/03 17:07:15 INFO Client: Uploading resource file:/laewon/spark-3.5.1-bin-hadoop3/python/lib/pyspark.zip -> hdfs://MN:9000/user/dke/.sparkStaging/application_1733127595631_0031/pyspark.zip
[2024-12-03T17:07:15.924+0900] {subprocess.py:106} INFO - 24/12/03 17:07:15 INFO Client: Uploading resource file:/laewon/spark-3.5.1-bin-hadoop3/python/lib/py4j-0.10.9.7-src.zip -> hdfs://MN:9000/user/dke/.sparkStaging/application_1733127595631_0031/py4j-0.10.9.7-src.zip
[2024-12-03T17:07:16.127+0900] {subprocess.py:106} INFO - 24/12/03 17:07:16 INFO Client: Uploading resource file:/tmp/spark-f8697716-40ff-447f-9545-fd775cf723e8/__spark_conf__7127462865483622972.zip -> hdfs://MN:9000/user/dke/.sparkStaging/application_1733127595631_0031/__spark_conf__.zip
[2024-12-03T17:07:16.204+0900] {subprocess.py:106} INFO - 24/12/03 17:07:16 INFO SecurityManager: Changing view acls to: dke
[2024-12-03T17:07:16.205+0900] {subprocess.py:106} INFO - 24/12/03 17:07:16 INFO SecurityManager: Changing modify acls to: dke
[2024-12-03T17:07:16.205+0900] {subprocess.py:106} INFO - 24/12/03 17:07:16 INFO SecurityManager: Changing view acls groups to:
[2024-12-03T17:07:16.206+0900] {subprocess.py:106} INFO - 24/12/03 17:07:16 INFO SecurityManager: Changing modify acls groups to:
[2024-12-03T17:07:16.206+0900] {subprocess.py:106} INFO - 24/12/03 17:07:16 INFO SecurityManager: SecurityManager: authentication disabled; ui acls disabled; users with view permissions: dke; groups with view permissions: EMPTY; users with modify permissions: dke; groups with modify permissions: EMPTY
[2024-12-03T17:07:16.245+0900] {subprocess.py:106} INFO - 24/12/03 17:07:16 INFO Client: Submitting application application_1733127595631_0031 to ResourceManager
[2024-12-03T17:07:16.292+0900] {subprocess.py:106} INFO - 24/12/03 17:07:16 INFO YarnClientImpl: Submitted application application_1733127595631_0031
[2024-12-03T17:07:17.295+0900] {subprocess.py:106} INFO - 24/12/03 17:07:17 INFO Client: Application report for application_1733127595631_0031 (state: ACCEPTED)
[2024-12-03T17:07:17.299+0900] {subprocess.py:106} INFO - 24/12/03 17:07:17 INFO Client:
[2024-12-03T17:07:17.299+0900] {subprocess.py:106} INFO - 	 client token: N/A
[2024-12-03T17:07:17.299+0900] {subprocess.py:106} INFO - 	 diagnostics: AM container is launched, waiting for AM container to Register with RM
[2024-12-03T17:07:17.300+0900] {subprocess.py:106} INFO - 	 ApplicationMaster host: N/A
[2024-12-03T17:07:17.300+0900] {subprocess.py:106} INFO - 	 ApplicationMaster RPC port: -1
[2024-12-03T17:07:17.300+0900] {subprocess.py:106} INFO - 	 queue: root.default
[2024-12-03T17:07:17.301+0900] {subprocess.py:106} INFO - 	 start time: 1733213236269
[2024-12-03T17:07:17.301+0900] {subprocess.py:106} INFO - 	 final status: UNDEFINED
[2024-12-03T17:07:17.301+0900] {subprocess.py:106} INFO - 	 tracking URL: http://MN:8088/proxy/application_1733127595631_0031/
[2024-12-03T17:07:17.302+0900] {subprocess.py:106} INFO - 	 user: dke
[2024-12-03T17:07:24.308+0900] {subprocess.py:106} INFO - 24/12/03 17:07:24 INFO Client: Application report for application_1733127595631_0031 (state: RUNNING)
[2024-12-03T17:07:24.309+0900] {subprocess.py:106} INFO - 24/12/03 17:07:24 INFO Client:
[2024-12-03T17:07:24.309+0900] {subprocess.py:106} INFO - 	 client token: N/A
[2024-12-03T17:07:24.310+0900] {subprocess.py:106} INFO - 	 diagnostics: N/A
[2024-12-03T17:07:24.310+0900] {subprocess.py:106} INFO - 	 ApplicationMaster host: SN07
[2024-12-03T17:07:24.310+0900] {subprocess.py:106} INFO - 	 ApplicationMaster RPC port: 44573
[2024-12-03T17:07:24.310+0900] {subprocess.py:106} INFO - 	 queue: root.default
[2024-12-03T17:07:24.310+0900] {subprocess.py:106} INFO - 	 start time: 1733213236269
[2024-12-03T17:07:24.311+0900] {subprocess.py:106} INFO - 	 final status: UNDEFINED
[2024-12-03T17:07:24.311+0900] {subprocess.py:106} INFO - 	 tracking URL: http://MN:8088/proxy/application_1733127595631_0031/
[2024-12-03T17:07:24.312+0900] {subprocess.py:106} INFO - 	 user: dke
[2024-12-03T17:07:54.350+0900] {subprocess.py:106} INFO - 24/12/03 17:07:54 INFO Client: Application report for application_1733127595631_0031 (state: RUNNING)
[2024-12-03T17:08:21.385+0900] {subprocess.py:106} INFO - 24/12/03 17:08:21 INFO Client: Application report for application_1733127595631_0031 (state: FINISHED)
[2024-12-03T17:08:21.386+0900] {subprocess.py:106} INFO - 24/12/03 17:08:21 INFO Client:
[2024-12-03T17:08:21.386+0900] {subprocess.py:106} INFO - 	 client token: N/A
[2024-12-03T17:08:21.386+0900] {subprocess.py:106} INFO - 	 diagnostics: N/A
[2024-12-03T17:08:21.387+0900] {subprocess.py:106} INFO - 	 ApplicationMaster host: SN07
[2024-12-03T17:08:21.387+0900] {subprocess.py:106} INFO - 	 ApplicationMaster RPC port: 44573
[2024-12-03T17:08:21.387+0900] {subprocess.py:106} INFO - 	 queue: root.default
[2024-12-03T17:08:21.387+0900] {subprocess.py:106} INFO - 	 start time: 1733213236269
[2024-12-03T17:08:21.388+0900] {subprocess.py:106} INFO - 	 final status: SUCCEEDED
[2024-12-03T17:08:21.388+0900] {subprocess.py:106} INFO - 	 tracking URL: http://MN:8088/proxy/application_1733127595631_0031/
[2024-12-03T17:08:21.388+0900] {subprocess.py:106} INFO - 	 user: dke
[2024-12-03T17:08:21.395+0900] {subprocess.py:106} INFO - 24/12/03 17:08:21 INFO ShutdownHookManager: Shutdown hook called
[2024-12-03T17:08:21.396+0900] {subprocess.py:106} INFO - 24/12/03 17:08:21 INFO ShutdownHookManager: Deleting directory /tmp/spark-caf14b7c-2d64-4f70-b894-71224346199e
[2024-12-03T17:08:21.399+0900] {subprocess.py:106} INFO - 24/12/03 17:08:21 INFO ShutdownHookManager: Deleting directory /tmp/spark-f8697716-40ff-447f-9545-fd775cf723e8
[2024-12-03T17:08:21.753+0900] {subprocess.py:110} INFO - Command exited with return code 0
[2024-12-03T17:08:21.777+0900] {taskinstance.py:340} INFO - ::group::Post task execution logs
[2024-12-03T17:08:21.777+0900] {taskinstance.py:352} INFO - Marking task as SUCCESS. dag_id=process_and_upload_json_to_hdfs, task_id=run_make_model, run_id=scheduled__2024-12-03T07:00:00+00:00, execution_date=20241203T070000, start_date=20241203T080638, end_date=20241203T080821
[2024-12-03T17:08:21.793+0900] {local_task_job_runner.py:266} INFO - Task exited with return code 0
[2024-12-03T17:08:21.803+0900] {taskinstance.py:3895} INFO - 0 downstream tasks scheduled from follow-on schedule check
[2024-12-03T17:08:21.804+0900] {local_task_job_runner.py:245} INFO - ::endgroup::
