[2024-12-04T10:06:24.035+0900] {local_task_job_runner.py:123} INFO - ::group::Pre task execution logs
[2024-12-04T10:06:24.045+0900] {taskinstance.py:2613} INFO - Dependencies all met for dep_context=non-requeueable deps ti=<TaskInstance: process_and_upload_json_to_hdfs.run_make_model scheduled__2024-12-04T00:00:00+00:00 [queued]>
[2024-12-04T10:06:24.052+0900] {taskinstance.py:2613} INFO - Dependencies all met for dep_context=requeueable deps ti=<TaskInstance: process_and_upload_json_to_hdfs.run_make_model scheduled__2024-12-04T00:00:00+00:00 [queued]>
[2024-12-04T10:06:24.052+0900] {taskinstance.py:2866} INFO - Starting attempt 1 of 2
[2024-12-04T10:06:24.068+0900] {taskinstance.py:2889} INFO - Executing <Task(BashOperator): run_make_model> on 2024-12-04 00:00:00+00:00
[2024-12-04T10:06:24.071+0900] {standard_task_runner.py:72} INFO - Started process 905728 to run task
[2024-12-04T10:06:24.074+0900] {standard_task_runner.py:104} INFO - Running: ['airflow', 'tasks', 'run', 'process_and_upload_json_to_hdfs', 'run_make_model', 'scheduled__2024-12-04T00:00:00+00:00', '--job-id', '534', '--raw', '--subdir', 'DAGS_FOLDER/data_to_hdfs.py', '--cfg-path', '/tmp/tmpbliqr_c5']
[2024-12-04T10:06:24.076+0900] {standard_task_runner.py:105} INFO - Job 534: Subtask run_make_model
[2024-12-04T10:06:24.109+0900] {task_command.py:467} INFO - Running <TaskInstance: process_and_upload_json_to_hdfs.run_make_model scheduled__2024-12-04T00:00:00+00:00 [running]> on host MN
[2024-12-04T10:06:24.176+0900] {taskinstance.py:3132} INFO - Exporting env vars: AIRFLOW_CTX_DAG_OWNER='airflow' AIRFLOW_CTX_DAG_ID='process_and_upload_json_to_hdfs' AIRFLOW_CTX_TASK_ID='run_make_model' AIRFLOW_CTX_EXECUTION_DATE='2024-12-04T00:00:00+00:00' AIRFLOW_CTX_TRY_NUMBER='1' AIRFLOW_CTX_DAG_RUN_ID='scheduled__2024-12-04T00:00:00+00:00'
[2024-12-04T10:06:24.177+0900] {taskinstance.py:731} INFO - ::endgroup::
[2024-12-04T10:06:24.191+0900] {subprocess.py:78} INFO - Tmp dir root location: /tmp
[2024-12-04T10:06:24.191+0900] {subprocess.py:88} INFO - Running command: ['/usr/bin/bash', '-c', '/laewon/spark/bin/spark-submit --master yarn --deploy-mode cluster /laewon/Riot/make_model.py']
[2024-12-04T10:06:24.198+0900] {subprocess.py:99} INFO - Output:
[2024-12-04T10:06:26.426+0900] {subprocess.py:106} INFO - 24/12/04 10:06:26 INFO DefaultNoHARMFailoverProxyProvider: Connecting to ResourceManager at MN/192.168.4.7:8032
[2024-12-04T10:06:27.124+0900] {subprocess.py:106} INFO - 24/12/04 10:06:27 INFO Configuration: resource-types.xml not found
[2024-12-04T10:06:27.125+0900] {subprocess.py:106} INFO - 24/12/04 10:06:27 INFO ResourceUtils: Unable to find 'resource-types.xml'.
[2024-12-04T10:06:27.139+0900] {subprocess.py:106} INFO - 24/12/04 10:06:27 INFO Client: Verifying our application has not requested more than the maximum memory capability of the cluster (819200 MB per container)
[2024-12-04T10:06:27.140+0900] {subprocess.py:106} INFO - 24/12/04 10:06:27 INFO Client: Will allocate AM container, with 1408 MB memory including 384 MB overhead
[2024-12-04T10:06:27.140+0900] {subprocess.py:106} INFO - 24/12/04 10:06:27 INFO Client: Setting up container launch context for our AM
[2024-12-04T10:06:27.144+0900] {subprocess.py:106} INFO - 24/12/04 10:06:27 INFO Client: Setting up the launch environment for our AM container
[2024-12-04T10:06:27.155+0900] {subprocess.py:106} INFO - 24/12/04 10:06:27 INFO Client: Preparing resources for our AM container
[2024-12-04T10:06:27.190+0900] {subprocess.py:106} INFO - 24/12/04 10:06:27 WARN Client: Neither spark.yarn.jars nor spark.yarn.archive is set, falling back to uploading libraries under SPARK_HOME.
[2024-12-04T10:06:30.053+0900] {subprocess.py:106} INFO - 24/12/04 10:06:30 INFO Client: Uploading resource file:/tmp/spark-86b93d4e-efe1-4a3f-b223-71c7e99df8c2/__spark_libs__5603448484773958602.zip -> hdfs://MN:9000/user/dke/.sparkStaging/application_1733127595631_0050/__spark_libs__5603448484773958602.zip
[2024-12-04T10:07:02.702+0900] {subprocess.py:106} INFO - 24/12/04 10:07:02 INFO Client: Uploading resource file:/laewon/Riot/make_model.py -> hdfs://MN:9000/user/dke/.sparkStaging/application_1733127595631_0050/make_model.py
[2024-12-04T10:07:02.735+0900] {subprocess.py:106} INFO - 24/12/04 10:07:02 INFO Client: Uploading resource file:/laewon/spark-3.5.1-bin-hadoop3/python/lib/pyspark.zip -> hdfs://MN:9000/user/dke/.sparkStaging/application_1733127595631_0050/pyspark.zip
[2024-12-04T10:07:02.992+0900] {subprocess.py:106} INFO - 24/12/04 10:07:02 INFO Client: Uploading resource file:/laewon/spark-3.5.1-bin-hadoop3/python/lib/py4j-0.10.9.7-src.zip -> hdfs://MN:9000/user/dke/.sparkStaging/application_1733127595631_0050/py4j-0.10.9.7-src.zip
[2024-12-04T10:07:03.193+0900] {subprocess.py:106} INFO - 24/12/04 10:07:03 INFO Client: Uploading resource file:/tmp/spark-86b93d4e-efe1-4a3f-b223-71c7e99df8c2/__spark_conf__8885579071252039954.zip -> hdfs://MN:9000/user/dke/.sparkStaging/application_1733127595631_0050/__spark_conf__.zip
[2024-12-04T10:07:03.287+0900] {subprocess.py:106} INFO - 24/12/04 10:07:03 INFO SecurityManager: Changing view acls to: dke
[2024-12-04T10:07:03.287+0900] {subprocess.py:106} INFO - 24/12/04 10:07:03 INFO SecurityManager: Changing modify acls to: dke
[2024-12-04T10:07:03.287+0900] {subprocess.py:106} INFO - 24/12/04 10:07:03 INFO SecurityManager: Changing view acls groups to:
[2024-12-04T10:07:03.288+0900] {subprocess.py:106} INFO - 24/12/04 10:07:03 INFO SecurityManager: Changing modify acls groups to:
[2024-12-04T10:07:03.288+0900] {subprocess.py:106} INFO - 24/12/04 10:07:03 INFO SecurityManager: SecurityManager: authentication disabled; ui acls disabled; users with view permissions: dke; groups with view permissions: EMPTY; users with modify permissions: dke; groups with modify permissions: EMPTY
[2024-12-04T10:07:03.324+0900] {subprocess.py:106} INFO - 24/12/04 10:07:03 INFO Client: Submitting application application_1733127595631_0050 to ResourceManager
[2024-12-04T10:07:03.379+0900] {subprocess.py:106} INFO - 24/12/04 10:07:03 INFO YarnClientImpl: Submitted application application_1733127595631_0050
[2024-12-04T10:07:04.382+0900] {subprocess.py:106} INFO - 24/12/04 10:07:04 INFO Client: Application report for application_1733127595631_0050 (state: ACCEPTED)
[2024-12-04T10:07:04.385+0900] {subprocess.py:106} INFO - 24/12/04 10:07:04 INFO Client:
[2024-12-04T10:07:04.386+0900] {subprocess.py:106} INFO - 	 client token: N/A
[2024-12-04T10:07:04.386+0900] {subprocess.py:106} INFO - 	 diagnostics: AM container is launched, waiting for AM container to Register with RM
[2024-12-04T10:07:04.386+0900] {subprocess.py:106} INFO - 	 ApplicationMaster host: N/A
[2024-12-04T10:07:04.387+0900] {subprocess.py:106} INFO - 	 ApplicationMaster RPC port: -1
[2024-12-04T10:07:04.387+0900] {subprocess.py:106} INFO - 	 queue: root.default
[2024-12-04T10:07:04.387+0900] {subprocess.py:106} INFO - 	 start time: 1733274423348
[2024-12-04T10:07:04.387+0900] {subprocess.py:106} INFO - 	 final status: UNDEFINED
[2024-12-04T10:07:04.388+0900] {subprocess.py:106} INFO - 	 tracking URL: http://MN:8088/proxy/application_1733127595631_0050/
[2024-12-04T10:07:04.388+0900] {subprocess.py:106} INFO - 	 user: dke
[2024-12-04T10:07:11.395+0900] {subprocess.py:106} INFO - 24/12/04 10:07:11 INFO Client: Application report for application_1733127595631_0050 (state: RUNNING)
[2024-12-04T10:07:11.395+0900] {subprocess.py:106} INFO - 24/12/04 10:07:11 INFO Client:
[2024-12-04T10:07:11.395+0900] {subprocess.py:106} INFO - 	 client token: N/A
[2024-12-04T10:07:11.396+0900] {subprocess.py:106} INFO - 	 diagnostics: N/A
[2024-12-04T10:07:11.396+0900] {subprocess.py:106} INFO - 	 ApplicationMaster host: SN07
[2024-12-04T10:07:11.396+0900] {subprocess.py:106} INFO - 	 ApplicationMaster RPC port: 39465
[2024-12-04T10:07:11.396+0900] {subprocess.py:106} INFO - 	 queue: root.default
[2024-12-04T10:07:11.397+0900] {subprocess.py:106} INFO - 	 start time: 1733274423348
[2024-12-04T10:07:11.397+0900] {subprocess.py:106} INFO - 	 final status: UNDEFINED
[2024-12-04T10:07:11.397+0900] {subprocess.py:106} INFO - 	 tracking URL: http://MN:8088/proxy/application_1733127595631_0050/
[2024-12-04T10:07:11.398+0900] {subprocess.py:106} INFO - 	 user: dke
[2024-12-04T10:07:41.433+0900] {subprocess.py:106} INFO - 24/12/04 10:07:41 INFO Client: Application report for application_1733127595631_0050 (state: RUNNING)
[2024-12-04T10:07:44.437+0900] {subprocess.py:106} INFO - 24/12/04 10:07:44 INFO Client: Application report for application_1733127595631_0050 (state: FINISHED)
[2024-12-04T10:07:44.437+0900] {subprocess.py:106} INFO - 24/12/04 10:07:44 INFO Client:
[2024-12-04T10:07:44.438+0900] {subprocess.py:106} INFO - 	 client token: N/A
[2024-12-04T10:07:44.438+0900] {subprocess.py:106} INFO - 	 diagnostics: N/A
[2024-12-04T10:07:44.438+0900] {subprocess.py:106} INFO - 	 ApplicationMaster host: SN07
[2024-12-04T10:07:44.438+0900] {subprocess.py:106} INFO - 	 ApplicationMaster RPC port: 39465
[2024-12-04T10:07:44.439+0900] {subprocess.py:106} INFO - 	 queue: root.default
[2024-12-04T10:07:44.439+0900] {subprocess.py:106} INFO - 	 start time: 1733274423348
[2024-12-04T10:07:44.439+0900] {subprocess.py:106} INFO - 	 final status: SUCCEEDED
[2024-12-04T10:07:44.439+0900] {subprocess.py:106} INFO - 	 tracking URL: http://MN:8088/proxy/application_1733127595631_0050/
[2024-12-04T10:07:44.440+0900] {subprocess.py:106} INFO - 	 user: dke
[2024-12-04T10:07:44.446+0900] {subprocess.py:106} INFO - 24/12/04 10:07:44 INFO ShutdownHookManager: Shutdown hook called
[2024-12-04T10:07:44.447+0900] {subprocess.py:106} INFO - 24/12/04 10:07:44 INFO ShutdownHookManager: Deleting directory /tmp/spark-4b98848d-11de-4cd9-a3ff-c4d6aac405de
[2024-12-04T10:07:44.450+0900] {subprocess.py:106} INFO - 24/12/04 10:07:44 INFO ShutdownHookManager: Deleting directory /tmp/spark-86b93d4e-efe1-4a3f-b223-71c7e99df8c2
[2024-12-04T10:07:44.804+0900] {subprocess.py:110} INFO - Command exited with return code 0
[2024-12-04T10:07:44.827+0900] {taskinstance.py:340} INFO - ::group::Post task execution logs
[2024-12-04T10:07:44.828+0900] {taskinstance.py:352} INFO - Marking task as SUCCESS. dag_id=process_and_upload_json_to_hdfs, task_id=run_make_model, run_id=scheduled__2024-12-04T00:00:00+00:00, execution_date=20241204T000000, start_date=20241204T010624, end_date=20241204T010744
[2024-12-04T10:07:44.869+0900] {local_task_job_runner.py:266} INFO - Task exited with return code 0
[2024-12-04T10:07:44.880+0900] {taskinstance.py:3895} INFO - 0 downstream tasks scheduled from follow-on schedule check
[2024-12-04T10:07:44.880+0900] {local_task_job_runner.py:245} INFO - ::endgroup::
