[2024-12-05T01:06:38.348+0900] {local_task_job_runner.py:123} INFO - ::group::Pre task execution logs
[2024-12-05T01:06:38.358+0900] {taskinstance.py:2613} INFO - Dependencies all met for dep_context=non-requeueable deps ti=<TaskInstance: process_and_upload_json_to_hdfs.run_make_model scheduled__2024-12-04T15:00:00+00:00 [queued]>
[2024-12-05T01:06:38.365+0900] {taskinstance.py:2613} INFO - Dependencies all met for dep_context=requeueable deps ti=<TaskInstance: process_and_upload_json_to_hdfs.run_make_model scheduled__2024-12-04T15:00:00+00:00 [queued]>
[2024-12-05T01:06:38.365+0900] {taskinstance.py:2866} INFO - Starting attempt 1 of 2
[2024-12-05T01:06:38.381+0900] {taskinstance.py:2889} INFO - Executing <Task(BashOperator): run_make_model> on 2024-12-04 15:00:00+00:00
[2024-12-05T01:06:38.384+0900] {standard_task_runner.py:72} INFO - Started process 1351642 to run task
[2024-12-05T01:06:38.388+0900] {standard_task_runner.py:104} INFO - Running: ['airflow', 'tasks', 'run', 'process_and_upload_json_to_hdfs', 'run_make_model', 'scheduled__2024-12-04T15:00:00+00:00', '--job-id', '594', '--raw', '--subdir', 'DAGS_FOLDER/data_to_hdfs.py', '--cfg-path', '/tmp/tmp0trcn0qu']
[2024-12-05T01:06:38.389+0900] {standard_task_runner.py:105} INFO - Job 594: Subtask run_make_model
[2024-12-05T01:06:38.423+0900] {task_command.py:467} INFO - Running <TaskInstance: process_and_upload_json_to_hdfs.run_make_model scheduled__2024-12-04T15:00:00+00:00 [running]> on host MN
[2024-12-05T01:06:38.490+0900] {taskinstance.py:3132} INFO - Exporting env vars: AIRFLOW_CTX_DAG_OWNER='airflow' AIRFLOW_CTX_DAG_ID='process_and_upload_json_to_hdfs' AIRFLOW_CTX_TASK_ID='run_make_model' AIRFLOW_CTX_EXECUTION_DATE='2024-12-04T15:00:00+00:00' AIRFLOW_CTX_TRY_NUMBER='1' AIRFLOW_CTX_DAG_RUN_ID='scheduled__2024-12-04T15:00:00+00:00'
[2024-12-05T01:06:38.491+0900] {taskinstance.py:731} INFO - ::endgroup::
[2024-12-05T01:06:38.505+0900] {subprocess.py:78} INFO - Tmp dir root location: /tmp
[2024-12-05T01:06:38.505+0900] {subprocess.py:88} INFO - Running command: ['/usr/bin/bash', '-c', '/laewon/spark/bin/spark-submit --master yarn --deploy-mode cluster /laewon/Riot/make_model.py']
[2024-12-05T01:06:38.512+0900] {subprocess.py:99} INFO - Output:
[2024-12-05T01:06:40.754+0900] {subprocess.py:106} INFO - 24/12/05 01:06:40 INFO DefaultNoHARMFailoverProxyProvider: Connecting to ResourceManager at MN/192.168.4.7:8032
[2024-12-05T01:06:41.451+0900] {subprocess.py:106} INFO - 24/12/05 01:06:41 INFO Configuration: resource-types.xml not found
[2024-12-05T01:06:41.452+0900] {subprocess.py:106} INFO - 24/12/05 01:06:41 INFO ResourceUtils: Unable to find 'resource-types.xml'.
[2024-12-05T01:06:41.465+0900] {subprocess.py:106} INFO - 24/12/05 01:06:41 INFO Client: Verifying our application has not requested more than the maximum memory capability of the cluster (819200 MB per container)
[2024-12-05T01:06:41.466+0900] {subprocess.py:106} INFO - 24/12/05 01:06:41 INFO Client: Will allocate AM container, with 1408 MB memory including 384 MB overhead
[2024-12-05T01:06:41.467+0900] {subprocess.py:106} INFO - 24/12/05 01:06:41 INFO Client: Setting up container launch context for our AM
[2024-12-05T01:06:41.470+0900] {subprocess.py:106} INFO - 24/12/05 01:06:41 INFO Client: Setting up the launch environment for our AM container
[2024-12-05T01:06:41.481+0900] {subprocess.py:106} INFO - 24/12/05 01:06:41 INFO Client: Preparing resources for our AM container
[2024-12-05T01:06:41.515+0900] {subprocess.py:106} INFO - 24/12/05 01:06:41 WARN Client: Neither spark.yarn.jars nor spark.yarn.archive is set, falling back to uploading libraries under SPARK_HOME.
[2024-12-05T01:06:44.360+0900] {subprocess.py:106} INFO - 24/12/05 01:06:44 INFO Client: Uploading resource file:/tmp/spark-fb5d669d-9abc-4a77-ba6b-0b1157447467/__spark_libs__18051090321621783295.zip -> hdfs://MN:9000/user/dke/.sparkStaging/application_1733127595631_0065/__spark_libs__18051090321621783295.zip
[2024-12-05T01:07:19.291+0900] {subprocess.py:106} INFO - 24/12/05 01:07:19 INFO Client: Uploading resource file:/laewon/Riot/make_model.py -> hdfs://MN:9000/user/dke/.sparkStaging/application_1733127595631_0065/make_model.py
[2024-12-05T01:07:19.324+0900] {subprocess.py:106} INFO - 24/12/05 01:07:19 INFO Client: Uploading resource file:/laewon/spark-3.5.1-bin-hadoop3/python/lib/pyspark.zip -> hdfs://MN:9000/user/dke/.sparkStaging/application_1733127595631_0065/pyspark.zip
[2024-12-05T01:07:19.573+0900] {subprocess.py:106} INFO - 24/12/05 01:07:19 INFO Client: Uploading resource file:/laewon/spark-3.5.1-bin-hadoop3/python/lib/py4j-0.10.9.7-src.zip -> hdfs://MN:9000/user/dke/.sparkStaging/application_1733127595631_0065/py4j-0.10.9.7-src.zip
[2024-12-05T01:07:19.781+0900] {subprocess.py:106} INFO - 24/12/05 01:07:19 INFO Client: Uploading resource file:/tmp/spark-fb5d669d-9abc-4a77-ba6b-0b1157447467/__spark_conf__1088089364001192935.zip -> hdfs://MN:9000/user/dke/.sparkStaging/application_1733127595631_0065/__spark_conf__.zip
[2024-12-05T01:07:19.872+0900] {subprocess.py:106} INFO - 24/12/05 01:07:19 INFO SecurityManager: Changing view acls to: dke
[2024-12-05T01:07:19.873+0900] {subprocess.py:106} INFO - 24/12/05 01:07:19 INFO SecurityManager: Changing modify acls to: dke
[2024-12-05T01:07:19.873+0900] {subprocess.py:106} INFO - 24/12/05 01:07:19 INFO SecurityManager: Changing view acls groups to:
[2024-12-05T01:07:19.874+0900] {subprocess.py:106} INFO - 24/12/05 01:07:19 INFO SecurityManager: Changing modify acls groups to:
[2024-12-05T01:07:19.874+0900] {subprocess.py:106} INFO - 24/12/05 01:07:19 INFO SecurityManager: SecurityManager: authentication disabled; ui acls disabled; users with view permissions: dke; groups with view permissions: EMPTY; users with modify permissions: dke; groups with modify permissions: EMPTY
[2024-12-05T01:07:19.910+0900] {subprocess.py:106} INFO - 24/12/05 01:07:19 INFO Client: Submitting application application_1733127595631_0065 to ResourceManager
[2024-12-05T01:07:19.955+0900] {subprocess.py:106} INFO - 24/12/05 01:07:19 INFO YarnClientImpl: Submitted application application_1733127595631_0065
[2024-12-05T01:07:20.958+0900] {subprocess.py:106} INFO - 24/12/05 01:07:20 INFO Client: Application report for application_1733127595631_0065 (state: ACCEPTED)
[2024-12-05T01:07:20.961+0900] {subprocess.py:106} INFO - 24/12/05 01:07:20 INFO Client:
[2024-12-05T01:07:20.962+0900] {subprocess.py:106} INFO - 	 client token: N/A
[2024-12-05T01:07:20.962+0900] {subprocess.py:106} INFO - 	 diagnostics: AM container is launched, waiting for AM container to Register with RM
[2024-12-05T01:07:20.962+0900] {subprocess.py:106} INFO - 	 ApplicationMaster host: N/A
[2024-12-05T01:07:20.962+0900] {subprocess.py:106} INFO - 	 ApplicationMaster RPC port: -1
[2024-12-05T01:07:20.963+0900] {subprocess.py:106} INFO - 	 queue: root.default
[2024-12-05T01:07:20.963+0900] {subprocess.py:106} INFO - 	 start time: 1733328439934
[2024-12-05T01:07:20.963+0900] {subprocess.py:106} INFO - 	 final status: UNDEFINED
[2024-12-05T01:07:20.963+0900] {subprocess.py:106} INFO - 	 tracking URL: http://MN:8088/proxy/application_1733127595631_0065/
[2024-12-05T01:07:20.964+0900] {subprocess.py:106} INFO - 	 user: dke
[2024-12-05T01:07:38.985+0900] {subprocess.py:106} INFO - 24/12/05 01:07:38 INFO Client: Application report for application_1733127595631_0065 (state: RUNNING)
[2024-12-05T01:07:38.985+0900] {subprocess.py:106} INFO - 24/12/05 01:07:38 INFO Client:
[2024-12-05T01:07:38.985+0900] {subprocess.py:106} INFO - 	 client token: N/A
[2024-12-05T01:07:38.986+0900] {subprocess.py:106} INFO - 	 diagnostics: N/A
[2024-12-05T01:07:38.986+0900] {subprocess.py:106} INFO - 	 ApplicationMaster host: SN09
[2024-12-05T01:07:38.986+0900] {subprocess.py:106} INFO - 	 ApplicationMaster RPC port: 39241
[2024-12-05T01:07:38.986+0900] {subprocess.py:106} INFO - 	 queue: root.default
[2024-12-05T01:07:38.986+0900] {subprocess.py:106} INFO - 	 start time: 1733328439934
[2024-12-05T01:07:38.987+0900] {subprocess.py:106} INFO - 	 final status: UNDEFINED
[2024-12-05T01:07:38.987+0900] {subprocess.py:106} INFO - 	 tracking URL: http://MN:8088/proxy/application_1733127595631_0065/
[2024-12-05T01:07:38.987+0900] {subprocess.py:106} INFO - 	 user: dke
[2024-12-05T01:08:09.020+0900] {subprocess.py:106} INFO - 24/12/05 01:08:09 INFO Client: Application report for application_1733127595631_0065 (state: RUNNING)
[2024-12-05T01:08:37.054+0900] {subprocess.py:106} INFO - 24/12/05 01:08:37 INFO Client: Application report for application_1733127595631_0065 (state: FINISHED)
[2024-12-05T01:08:37.054+0900] {subprocess.py:106} INFO - 24/12/05 01:08:37 INFO Client:
[2024-12-05T01:08:37.055+0900] {subprocess.py:106} INFO - 	 client token: N/A
[2024-12-05T01:08:37.055+0900] {subprocess.py:106} INFO - 	 diagnostics: N/A
[2024-12-05T01:08:37.055+0900] {subprocess.py:106} INFO - 	 ApplicationMaster host: SN09
[2024-12-05T01:08:37.055+0900] {subprocess.py:106} INFO - 	 ApplicationMaster RPC port: 39241
[2024-12-05T01:08:37.056+0900] {subprocess.py:106} INFO - 	 queue: root.default
[2024-12-05T01:08:37.056+0900] {subprocess.py:106} INFO - 	 start time: 1733328439934
[2024-12-05T01:08:37.056+0900] {subprocess.py:106} INFO - 	 final status: SUCCEEDED
[2024-12-05T01:08:37.056+0900] {subprocess.py:106} INFO - 	 tracking URL: http://MN:8088/proxy/application_1733127595631_0065/
[2024-12-05T01:08:37.057+0900] {subprocess.py:106} INFO - 	 user: dke
[2024-12-05T01:08:37.063+0900] {subprocess.py:106} INFO - 24/12/05 01:08:37 INFO ShutdownHookManager: Shutdown hook called
[2024-12-05T01:08:37.064+0900] {subprocess.py:106} INFO - 24/12/05 01:08:37 INFO ShutdownHookManager: Deleting directory /tmp/spark-32833d26-7bc5-43f8-9c07-392b785e4132
[2024-12-05T01:08:37.067+0900] {subprocess.py:106} INFO - 24/12/05 01:08:37 INFO ShutdownHookManager: Deleting directory /tmp/spark-fb5d669d-9abc-4a77-ba6b-0b1157447467
[2024-12-05T01:08:37.424+0900] {subprocess.py:110} INFO - Command exited with return code 0
[2024-12-05T01:08:37.448+0900] {taskinstance.py:340} INFO - ::group::Post task execution logs
[2024-12-05T01:08:37.448+0900] {taskinstance.py:352} INFO - Marking task as SUCCESS. dag_id=process_and_upload_json_to_hdfs, task_id=run_make_model, run_id=scheduled__2024-12-04T15:00:00+00:00, execution_date=20241204T150000, start_date=20241204T160638, end_date=20241204T160837
[2024-12-05T01:08:37.503+0900] {local_task_job_runner.py:266} INFO - Task exited with return code 0
[2024-12-05T01:08:37.514+0900] {taskinstance.py:3895} INFO - 0 downstream tasks scheduled from follow-on schedule check
[2024-12-05T01:08:37.515+0900] {local_task_job_runner.py:245} INFO - ::endgroup::
