[2024-12-03T21:06:51.762+0900] {local_task_job_runner.py:123} INFO - ::group::Pre task execution logs
[2024-12-03T21:06:51.772+0900] {taskinstance.py:2613} INFO - Dependencies all met for dep_context=non-requeueable deps ti=<TaskInstance: process_and_upload_json_to_hdfs.run_make_model scheduled__2024-12-03T11:00:00+00:00 [queued]>
[2024-12-03T21:06:51.779+0900] {taskinstance.py:2613} INFO - Dependencies all met for dep_context=requeueable deps ti=<TaskInstance: process_and_upload_json_to_hdfs.run_make_model scheduled__2024-12-03T11:00:00+00:00 [queued]>
[2024-12-03T21:06:51.779+0900] {taskinstance.py:2866} INFO - Starting attempt 1 of 2
[2024-12-03T21:06:51.795+0900] {taskinstance.py:2889} INFO - Executing <Task(BashOperator): run_make_model> on 2024-12-03 11:00:00+00:00
[2024-12-03T21:06:51.798+0900] {standard_task_runner.py:72} INFO - Started process 540886 to run task
[2024-12-03T21:06:51.801+0900] {standard_task_runner.py:104} INFO - Running: ['airflow', 'tasks', 'run', 'process_and_upload_json_to_hdfs', 'run_make_model', 'scheduled__2024-12-03T11:00:00+00:00', '--job-id', '482', '--raw', '--subdir', 'DAGS_FOLDER/data_to_hdfs.py', '--cfg-path', '/tmp/tmpi1axlhpr']
[2024-12-03T21:06:51.803+0900] {standard_task_runner.py:105} INFO - Job 482: Subtask run_make_model
[2024-12-03T21:06:51.836+0900] {task_command.py:467} INFO - Running <TaskInstance: process_and_upload_json_to_hdfs.run_make_model scheduled__2024-12-03T11:00:00+00:00 [running]> on host MN
[2024-12-03T21:06:51.903+0900] {taskinstance.py:3132} INFO - Exporting env vars: AIRFLOW_CTX_DAG_OWNER='airflow' AIRFLOW_CTX_DAG_ID='process_and_upload_json_to_hdfs' AIRFLOW_CTX_TASK_ID='run_make_model' AIRFLOW_CTX_EXECUTION_DATE='2024-12-03T11:00:00+00:00' AIRFLOW_CTX_TRY_NUMBER='1' AIRFLOW_CTX_DAG_RUN_ID='scheduled__2024-12-03T11:00:00+00:00'
[2024-12-03T21:06:51.903+0900] {taskinstance.py:731} INFO - ::endgroup::
[2024-12-03T21:06:51.917+0900] {subprocess.py:78} INFO - Tmp dir root location: /tmp
[2024-12-03T21:06:51.918+0900] {subprocess.py:88} INFO - Running command: ['/usr/bin/bash', '-c', '/laewon/spark/bin/spark-submit --master yarn --deploy-mode cluster /laewon/Riot/make_model.py']
[2024-12-03T21:06:51.925+0900] {subprocess.py:99} INFO - Output:
[2024-12-03T21:06:54.160+0900] {subprocess.py:106} INFO - 24/12/03 21:06:54 INFO DefaultNoHARMFailoverProxyProvider: Connecting to ResourceManager at MN/192.168.4.7:8032
[2024-12-03T21:06:54.851+0900] {subprocess.py:106} INFO - 24/12/03 21:06:54 INFO Configuration: resource-types.xml not found
[2024-12-03T21:06:54.852+0900] {subprocess.py:106} INFO - 24/12/03 21:06:54 INFO ResourceUtils: Unable to find 'resource-types.xml'.
[2024-12-03T21:06:54.866+0900] {subprocess.py:106} INFO - 24/12/03 21:06:54 INFO Client: Verifying our application has not requested more than the maximum memory capability of the cluster (819200 MB per container)
[2024-12-03T21:06:54.867+0900] {subprocess.py:106} INFO - 24/12/03 21:06:54 INFO Client: Will allocate AM container, with 1408 MB memory including 384 MB overhead
[2024-12-03T21:06:54.867+0900] {subprocess.py:106} INFO - 24/12/03 21:06:54 INFO Client: Setting up container launch context for our AM
[2024-12-03T21:06:54.871+0900] {subprocess.py:106} INFO - 24/12/03 21:06:54 INFO Client: Setting up the launch environment for our AM container
[2024-12-03T21:06:54.882+0900] {subprocess.py:106} INFO - 24/12/03 21:06:54 INFO Client: Preparing resources for our AM container
[2024-12-03T21:06:54.918+0900] {subprocess.py:106} INFO - 24/12/03 21:06:54 WARN Client: Neither spark.yarn.jars nor spark.yarn.archive is set, falling back to uploading libraries under SPARK_HOME.
[2024-12-03T21:06:57.635+0900] {subprocess.py:106} INFO - 24/12/03 21:06:57 INFO Client: Uploading resource file:/tmp/spark-5748e47c-b8f9-4cb9-96ce-bd273033cf14/__spark_libs__15002328217311614322.zip -> hdfs://MN:9000/user/dke/.sparkStaging/application_1733127595631_0037/__spark_libs__15002328217311614322.zip
[2024-12-03T21:07:29.981+0900] {subprocess.py:106} INFO - 24/12/03 21:07:29 INFO Client: Uploading resource file:/laewon/Riot/make_model.py -> hdfs://MN:9000/user/dke/.sparkStaging/application_1733127595631_0037/make_model.py
[2024-12-03T21:07:30.020+0900] {subprocess.py:106} INFO - 24/12/03 21:07:30 INFO Client: Uploading resource file:/laewon/spark-3.5.1-bin-hadoop3/python/lib/pyspark.zip -> hdfs://MN:9000/user/dke/.sparkStaging/application_1733127595631_0037/pyspark.zip
[2024-12-03T21:07:30.305+0900] {subprocess.py:106} INFO - 24/12/03 21:07:30 INFO Client: Uploading resource file:/laewon/spark-3.5.1-bin-hadoop3/python/lib/py4j-0.10.9.7-src.zip -> hdfs://MN:9000/user/dke/.sparkStaging/application_1733127595631_0037/py4j-0.10.9.7-src.zip
[2024-12-03T21:07:30.504+0900] {subprocess.py:106} INFO - 24/12/03 21:07:30 INFO Client: Uploading resource file:/tmp/spark-5748e47c-b8f9-4cb9-96ce-bd273033cf14/__spark_conf__15198319872005888521.zip -> hdfs://MN:9000/user/dke/.sparkStaging/application_1733127595631_0037/__spark_conf__.zip
[2024-12-03T21:07:30.586+0900] {subprocess.py:106} INFO - 24/12/03 21:07:30 INFO SecurityManager: Changing view acls to: dke
[2024-12-03T21:07:30.587+0900] {subprocess.py:106} INFO - 24/12/03 21:07:30 INFO SecurityManager: Changing modify acls to: dke
[2024-12-03T21:07:30.587+0900] {subprocess.py:106} INFO - 24/12/03 21:07:30 INFO SecurityManager: Changing view acls groups to:
[2024-12-03T21:07:30.588+0900] {subprocess.py:106} INFO - 24/12/03 21:07:30 INFO SecurityManager: Changing modify acls groups to:
[2024-12-03T21:07:30.588+0900] {subprocess.py:106} INFO - 24/12/03 21:07:30 INFO SecurityManager: SecurityManager: authentication disabled; ui acls disabled; users with view permissions: dke; groups with view permissions: EMPTY; users with modify permissions: dke; groups with modify permissions: EMPTY
[2024-12-03T21:07:30.633+0900] {subprocess.py:106} INFO - 24/12/03 21:07:30 INFO Client: Submitting application application_1733127595631_0037 to ResourceManager
[2024-12-03T21:07:30.679+0900] {subprocess.py:106} INFO - 24/12/03 21:07:30 INFO YarnClientImpl: Submitted application application_1733127595631_0037
[2024-12-03T21:07:31.682+0900] {subprocess.py:106} INFO - 24/12/03 21:07:31 INFO Client: Application report for application_1733127595631_0037 (state: ACCEPTED)
[2024-12-03T21:07:31.686+0900] {subprocess.py:106} INFO - 24/12/03 21:07:31 INFO Client:
[2024-12-03T21:07:31.686+0900] {subprocess.py:106} INFO - 	 client token: N/A
[2024-12-03T21:07:31.687+0900] {subprocess.py:106} INFO - 	 diagnostics: AM container is launched, waiting for AM container to Register with RM
[2024-12-03T21:07:31.687+0900] {subprocess.py:106} INFO - 	 ApplicationMaster host: N/A
[2024-12-03T21:07:31.687+0900] {subprocess.py:106} INFO - 	 ApplicationMaster RPC port: -1
[2024-12-03T21:07:31.688+0900] {subprocess.py:106} INFO - 	 queue: root.default
[2024-12-03T21:07:31.688+0900] {subprocess.py:106} INFO - 	 start time: 1733227650657
[2024-12-03T21:07:31.688+0900] {subprocess.py:106} INFO - 	 final status: UNDEFINED
[2024-12-03T21:07:31.688+0900] {subprocess.py:106} INFO - 	 tracking URL: http://MN:8088/proxy/application_1733127595631_0037/
[2024-12-03T21:07:31.689+0900] {subprocess.py:106} INFO - 	 user: dke
[2024-12-03T21:07:38.696+0900] {subprocess.py:106} INFO - 24/12/03 21:07:38 INFO Client: Application report for application_1733127595631_0037 (state: RUNNING)
[2024-12-03T21:07:38.696+0900] {subprocess.py:106} INFO - 24/12/03 21:07:38 INFO Client:
[2024-12-03T21:07:38.696+0900] {subprocess.py:106} INFO - 	 client token: N/A
[2024-12-03T21:07:38.696+0900] {subprocess.py:106} INFO - 	 diagnostics: N/A
[2024-12-03T21:07:38.697+0900] {subprocess.py:106} INFO - 	 ApplicationMaster host: SN04
[2024-12-03T21:07:38.697+0900] {subprocess.py:106} INFO - 	 ApplicationMaster RPC port: 38573
[2024-12-03T21:07:38.697+0900] {subprocess.py:106} INFO - 	 queue: root.default
[2024-12-03T21:07:38.697+0900] {subprocess.py:106} INFO - 	 start time: 1733227650657
[2024-12-03T21:07:38.698+0900] {subprocess.py:106} INFO - 	 final status: UNDEFINED
[2024-12-03T21:07:38.698+0900] {subprocess.py:106} INFO - 	 tracking URL: http://MN:8088/proxy/application_1733127595631_0037/
[2024-12-03T21:07:38.699+0900] {subprocess.py:106} INFO - 	 user: dke
[2024-12-03T21:08:08.736+0900] {subprocess.py:106} INFO - 24/12/03 21:08:08 INFO Client: Application report for application_1733127595631_0037 (state: RUNNING)
[2024-12-03T21:08:11.739+0900] {subprocess.py:106} INFO - 24/12/03 21:08:11 INFO Client: Application report for application_1733127595631_0037 (state: FINISHED)
[2024-12-03T21:08:11.740+0900] {subprocess.py:106} INFO - 24/12/03 21:08:11 INFO Client:
[2024-12-03T21:08:11.740+0900] {subprocess.py:106} INFO - 	 client token: N/A
[2024-12-03T21:08:11.740+0900] {subprocess.py:106} INFO - 	 diagnostics: N/A
[2024-12-03T21:08:11.741+0900] {subprocess.py:106} INFO - 	 ApplicationMaster host: SN04
[2024-12-03T21:08:11.741+0900] {subprocess.py:106} INFO - 	 ApplicationMaster RPC port: 38573
[2024-12-03T21:08:11.742+0900] {subprocess.py:106} INFO - 	 queue: root.default
[2024-12-03T21:08:11.742+0900] {subprocess.py:106} INFO - 	 start time: 1733227650657
[2024-12-03T21:08:11.742+0900] {subprocess.py:106} INFO - 	 final status: SUCCEEDED
[2024-12-03T21:08:11.743+0900] {subprocess.py:106} INFO - 	 tracking URL: http://MN:8088/proxy/application_1733127595631_0037/
[2024-12-03T21:08:11.743+0900] {subprocess.py:106} INFO - 	 user: dke
[2024-12-03T21:08:11.750+0900] {subprocess.py:106} INFO - 24/12/03 21:08:11 INFO ShutdownHookManager: Shutdown hook called
[2024-12-03T21:08:11.751+0900] {subprocess.py:106} INFO - 24/12/03 21:08:11 INFO ShutdownHookManager: Deleting directory /tmp/spark-5748e47c-b8f9-4cb9-96ce-bd273033cf14
[2024-12-03T21:08:11.754+0900] {subprocess.py:106} INFO - 24/12/03 21:08:11 INFO ShutdownHookManager: Deleting directory /tmp/spark-8f779b75-f2bc-49da-87f5-5ab82eecfc84
[2024-12-03T21:08:12.107+0900] {subprocess.py:110} INFO - Command exited with return code 0
[2024-12-03T21:08:12.130+0900] {taskinstance.py:340} INFO - ::group::Post task execution logs
[2024-12-03T21:08:12.130+0900] {taskinstance.py:352} INFO - Marking task as SUCCESS. dag_id=process_and_upload_json_to_hdfs, task_id=run_make_model, run_id=scheduled__2024-12-03T11:00:00+00:00, execution_date=20241203T110000, start_date=20241203T120651, end_date=20241203T120812
[2024-12-03T21:08:12.161+0900] {local_task_job_runner.py:266} INFO - Task exited with return code 0
[2024-12-03T21:08:12.171+0900] {taskinstance.py:3895} INFO - 0 downstream tasks scheduled from follow-on schedule check
[2024-12-03T21:08:12.172+0900] {local_task_job_runner.py:245} INFO - ::endgroup::
