[2024-12-06T05:06:51.451+0900] {local_task_job_runner.py:123} INFO - ::group::Pre task execution logs
[2024-12-06T05:06:51.461+0900] {taskinstance.py:2613} INFO - Dependencies all met for dep_context=non-requeueable deps ti=<TaskInstance: process_and_upload_json_to_hdfs.run_make_model scheduled__2024-12-05T19:00:00+00:00 [queued]>
[2024-12-06T05:06:51.468+0900] {taskinstance.py:2613} INFO - Dependencies all met for dep_context=requeueable deps ti=<TaskInstance: process_and_upload_json_to_hdfs.run_make_model scheduled__2024-12-05T19:00:00+00:00 [queued]>
[2024-12-06T05:06:51.469+0900] {taskinstance.py:2866} INFO - Starting attempt 1 of 2
[2024-12-06T05:06:51.484+0900] {taskinstance.py:2889} INFO - Executing <Task(BashOperator): run_make_model> on 2024-12-05 19:00:00+00:00
[2024-12-06T05:06:51.487+0900] {standard_task_runner.py:72} INFO - Started process 2197307 to run task
[2024-12-06T05:06:51.491+0900] {standard_task_runner.py:104} INFO - Running: ['airflow', 'tasks', 'run', 'process_and_upload_json_to_hdfs', 'run_make_model', 'scheduled__2024-12-05T19:00:00+00:00', '--job-id', '706', '--raw', '--subdir', 'DAGS_FOLDER/data_to_hdfs.py', '--cfg-path', '/tmp/tmpl0cf6g2p']
[2024-12-06T05:06:51.492+0900] {standard_task_runner.py:105} INFO - Job 706: Subtask run_make_model
[2024-12-06T05:06:51.525+0900] {task_command.py:467} INFO - Running <TaskInstance: process_and_upload_json_to_hdfs.run_make_model scheduled__2024-12-05T19:00:00+00:00 [running]> on host MN
[2024-12-06T05:06:51.593+0900] {taskinstance.py:3132} INFO - Exporting env vars: AIRFLOW_CTX_DAG_OWNER='airflow' AIRFLOW_CTX_DAG_ID='process_and_upload_json_to_hdfs' AIRFLOW_CTX_TASK_ID='run_make_model' AIRFLOW_CTX_EXECUTION_DATE='2024-12-05T19:00:00+00:00' AIRFLOW_CTX_TRY_NUMBER='1' AIRFLOW_CTX_DAG_RUN_ID='scheduled__2024-12-05T19:00:00+00:00'
[2024-12-06T05:06:51.594+0900] {taskinstance.py:731} INFO - ::endgroup::
[2024-12-06T05:06:51.608+0900] {subprocess.py:78} INFO - Tmp dir root location: /tmp
[2024-12-06T05:06:51.608+0900] {subprocess.py:88} INFO - Running command: ['/usr/bin/bash', '-c', '/laewon/spark/bin/spark-submit --master yarn --deploy-mode cluster /laewon/Riot/make_model.py']
[2024-12-06T05:06:51.615+0900] {subprocess.py:99} INFO - Output:
[2024-12-06T05:06:53.908+0900] {subprocess.py:106} INFO - 24/12/06 05:06:53 INFO DefaultNoHARMFailoverProxyProvider: Connecting to ResourceManager at MN/192.168.4.7:8032
[2024-12-06T05:06:54.599+0900] {subprocess.py:106} INFO - 24/12/06 05:06:54 INFO Configuration: resource-types.xml not found
[2024-12-06T05:06:54.599+0900] {subprocess.py:106} INFO - 24/12/06 05:06:54 INFO ResourceUtils: Unable to find 'resource-types.xml'.
[2024-12-06T05:06:54.613+0900] {subprocess.py:106} INFO - 24/12/06 05:06:54 INFO Client: Verifying our application has not requested more than the maximum memory capability of the cluster (819200 MB per container)
[2024-12-06T05:06:54.614+0900] {subprocess.py:106} INFO - 24/12/06 05:06:54 INFO Client: Will allocate AM container, with 1408 MB memory including 384 MB overhead
[2024-12-06T05:06:54.615+0900] {subprocess.py:106} INFO - 24/12/06 05:06:54 INFO Client: Setting up container launch context for our AM
[2024-12-06T05:06:54.618+0900] {subprocess.py:106} INFO - 24/12/06 05:06:54 INFO Client: Setting up the launch environment for our AM container
[2024-12-06T05:06:54.630+0900] {subprocess.py:106} INFO - 24/12/06 05:06:54 INFO Client: Preparing resources for our AM container
[2024-12-06T05:06:54.665+0900] {subprocess.py:106} INFO - 24/12/06 05:06:54 WARN Client: Neither spark.yarn.jars nor spark.yarn.archive is set, falling back to uploading libraries under SPARK_HOME.
[2024-12-06T05:06:57.495+0900] {subprocess.py:106} INFO - 24/12/06 05:06:57 INFO Client: Uploading resource file:/tmp/spark-7355c9f4-7968-411b-95e8-ccfbb11d79ea/__spark_libs__15450967661306367601.zip -> hdfs://MN:9000/user/dke/.sparkStaging/application_1733127595631_0093/__spark_libs__15450967661306367601.zip
[2024-12-06T05:07:27.966+0900] {subprocess.py:106} INFO - 24/12/06 05:07:27 INFO Client: Uploading resource file:/laewon/Riot/make_model.py -> hdfs://MN:9000/user/dke/.sparkStaging/application_1733127595631_0093/make_model.py
[2024-12-06T05:07:27.995+0900] {subprocess.py:106} INFO - 24/12/06 05:07:27 INFO Client: Uploading resource file:/laewon/spark-3.5.1-bin-hadoop3/python/lib/pyspark.zip -> hdfs://MN:9000/user/dke/.sparkStaging/application_1733127595631_0093/pyspark.zip
[2024-12-06T05:07:28.230+0900] {subprocess.py:106} INFO - 24/12/06 05:07:28 INFO Client: Uploading resource file:/laewon/spark-3.5.1-bin-hadoop3/python/lib/py4j-0.10.9.7-src.zip -> hdfs://MN:9000/user/dke/.sparkStaging/application_1733127595631_0093/py4j-0.10.9.7-src.zip
[2024-12-06T05:07:28.460+0900] {subprocess.py:106} INFO - 24/12/06 05:07:28 INFO Client: Uploading resource file:/tmp/spark-7355c9f4-7968-411b-95e8-ccfbb11d79ea/__spark_conf__11186046160755177428.zip -> hdfs://MN:9000/user/dke/.sparkStaging/application_1733127595631_0093/__spark_conf__.zip
[2024-12-06T05:07:28.533+0900] {subprocess.py:106} INFO - 24/12/06 05:07:28 INFO SecurityManager: Changing view acls to: dke
[2024-12-06T05:07:28.534+0900] {subprocess.py:106} INFO - 24/12/06 05:07:28 INFO SecurityManager: Changing modify acls to: dke
[2024-12-06T05:07:28.535+0900] {subprocess.py:106} INFO - 24/12/06 05:07:28 INFO SecurityManager: Changing view acls groups to:
[2024-12-06T05:07:28.535+0900] {subprocess.py:106} INFO - 24/12/06 05:07:28 INFO SecurityManager: Changing modify acls groups to:
[2024-12-06T05:07:28.536+0900] {subprocess.py:106} INFO - 24/12/06 05:07:28 INFO SecurityManager: SecurityManager: authentication disabled; ui acls disabled; users with view permissions: dke; groups with view permissions: EMPTY; users with modify permissions: dke; groups with modify permissions: EMPTY
[2024-12-06T05:07:28.572+0900] {subprocess.py:106} INFO - 24/12/06 05:07:28 INFO Client: Submitting application application_1733127595631_0093 to ResourceManager
[2024-12-06T05:07:28.617+0900] {subprocess.py:106} INFO - 24/12/06 05:07:28 INFO YarnClientImpl: Submitted application application_1733127595631_0093
[2024-12-06T05:07:29.620+0900] {subprocess.py:106} INFO - 24/12/06 05:07:29 INFO Client: Application report for application_1733127595631_0093 (state: ACCEPTED)
[2024-12-06T05:07:29.624+0900] {subprocess.py:106} INFO - 24/12/06 05:07:29 INFO Client:
[2024-12-06T05:07:29.624+0900] {subprocess.py:106} INFO - 	 client token: N/A
[2024-12-06T05:07:29.624+0900] {subprocess.py:106} INFO - 	 diagnostics: AM container is launched, waiting for AM container to Register with RM
[2024-12-06T05:07:29.624+0900] {subprocess.py:106} INFO - 	 ApplicationMaster host: N/A
[2024-12-06T05:07:29.625+0900] {subprocess.py:106} INFO - 	 ApplicationMaster RPC port: -1
[2024-12-06T05:07:29.625+0900] {subprocess.py:106} INFO - 	 queue: root.default
[2024-12-06T05:07:29.625+0900] {subprocess.py:106} INFO - 	 start time: 1733429248595
[2024-12-06T05:07:29.625+0900] {subprocess.py:106} INFO - 	 final status: UNDEFINED
[2024-12-06T05:07:29.626+0900] {subprocess.py:106} INFO - 	 tracking URL: http://MN:8088/proxy/application_1733127595631_0093/
[2024-12-06T05:07:29.626+0900] {subprocess.py:106} INFO - 	 user: dke
[2024-12-06T05:07:36.633+0900] {subprocess.py:106} INFO - 24/12/06 05:07:36 INFO Client: Application report for application_1733127595631_0093 (state: RUNNING)
[2024-12-06T05:07:36.633+0900] {subprocess.py:106} INFO - 24/12/06 05:07:36 INFO Client:
[2024-12-06T05:07:36.634+0900] {subprocess.py:106} INFO - 	 client token: N/A
[2024-12-06T05:07:36.634+0900] {subprocess.py:106} INFO - 	 diagnostics: N/A
[2024-12-06T05:07:36.634+0900] {subprocess.py:106} INFO - 	 ApplicationMaster host: SN09
[2024-12-06T05:07:36.634+0900] {subprocess.py:106} INFO - 	 ApplicationMaster RPC port: 45583
[2024-12-06T05:07:36.635+0900] {subprocess.py:106} INFO - 	 queue: root.default
[2024-12-06T05:07:36.635+0900] {subprocess.py:106} INFO - 	 start time: 1733429248595
[2024-12-06T05:07:36.635+0900] {subprocess.py:106} INFO - 	 final status: UNDEFINED
[2024-12-06T05:07:36.635+0900] {subprocess.py:106} INFO - 	 tracking URL: http://MN:8088/proxy/application_1733127595631_0093/
[2024-12-06T05:07:36.636+0900] {subprocess.py:106} INFO - 	 user: dke
[2024-12-06T05:08:06.674+0900] {subprocess.py:106} INFO - 24/12/06 05:08:06 INFO Client: Application report for application_1733127595631_0093 (state: RUNNING)
[2024-12-06T05:08:28.702+0900] {subprocess.py:106} INFO - 24/12/06 05:08:28 INFO Client: Application report for application_1733127595631_0093 (state: FINISHED)
[2024-12-06T05:08:28.702+0900] {subprocess.py:106} INFO - 24/12/06 05:08:28 INFO Client:
[2024-12-06T05:08:28.703+0900] {subprocess.py:106} INFO - 	 client token: N/A
[2024-12-06T05:08:28.703+0900] {subprocess.py:106} INFO - 	 diagnostics: N/A
[2024-12-06T05:08:28.703+0900] {subprocess.py:106} INFO - 	 ApplicationMaster host: SN09
[2024-12-06T05:08:28.703+0900] {subprocess.py:106} INFO - 	 ApplicationMaster RPC port: 45583
[2024-12-06T05:08:28.704+0900] {subprocess.py:106} INFO - 	 queue: root.default
[2024-12-06T05:08:28.704+0900] {subprocess.py:106} INFO - 	 start time: 1733429248595
[2024-12-06T05:08:28.704+0900] {subprocess.py:106} INFO - 	 final status: SUCCEEDED
[2024-12-06T05:08:28.704+0900] {subprocess.py:106} INFO - 	 tracking URL: http://MN:8088/proxy/application_1733127595631_0093/
[2024-12-06T05:08:28.705+0900] {subprocess.py:106} INFO - 	 user: dke
[2024-12-06T05:08:28.713+0900] {subprocess.py:106} INFO - 24/12/06 05:08:28 INFO ShutdownHookManager: Shutdown hook called
[2024-12-06T05:08:28.715+0900] {subprocess.py:106} INFO - 24/12/06 05:08:28 INFO ShutdownHookManager: Deleting directory /tmp/spark-3cbd8186-5eaa-4477-97e6-753b72807cee
[2024-12-06T05:08:28.718+0900] {subprocess.py:106} INFO - 24/12/06 05:08:28 INFO ShutdownHookManager: Deleting directory /tmp/spark-7355c9f4-7968-411b-95e8-ccfbb11d79ea
[2024-12-06T05:08:29.076+0900] {subprocess.py:110} INFO - Command exited with return code 0
[2024-12-06T05:08:29.099+0900] {taskinstance.py:340} INFO - ::group::Post task execution logs
[2024-12-06T05:08:29.100+0900] {taskinstance.py:352} INFO - Marking task as SUCCESS. dag_id=process_and_upload_json_to_hdfs, task_id=run_make_model, run_id=scheduled__2024-12-05T19:00:00+00:00, execution_date=20241205T190000, start_date=20241205T200651, end_date=20241205T200829
[2024-12-06T05:08:29.148+0900] {local_task_job_runner.py:266} INFO - Task exited with return code 0
[2024-12-06T05:08:29.158+0900] {taskinstance.py:3895} INFO - 0 downstream tasks scheduled from follow-on schedule check
[2024-12-06T05:08:29.159+0900] {local_task_job_runner.py:245} INFO - ::endgroup::
