[2024-12-06T00:06:39.094+0900] {local_task_job_runner.py:123} INFO - ::group::Pre task execution logs
[2024-12-06T00:06:39.104+0900] {taskinstance.py:2613} INFO - Dependencies all met for dep_context=non-requeueable deps ti=<TaskInstance: process_and_upload_json_to_hdfs.run_make_model scheduled__2024-12-05T14:00:00+00:00 [queued]>
[2024-12-06T00:06:39.111+0900] {taskinstance.py:2613} INFO - Dependencies all met for dep_context=requeueable deps ti=<TaskInstance: process_and_upload_json_to_hdfs.run_make_model scheduled__2024-12-05T14:00:00+00:00 [queued]>
[2024-12-06T00:06:39.111+0900] {taskinstance.py:2866} INFO - Starting attempt 1 of 2
[2024-12-06T00:06:39.127+0900] {taskinstance.py:2889} INFO - Executing <Task(BashOperator): run_make_model> on 2024-12-05 14:00:00+00:00
[2024-12-06T00:06:39.130+0900] {standard_task_runner.py:72} INFO - Started process 2055694 to run task
[2024-12-06T00:06:39.133+0900] {standard_task_runner.py:104} INFO - Running: ['airflow', 'tasks', 'run', 'process_and_upload_json_to_hdfs', 'run_make_model', 'scheduled__2024-12-05T14:00:00+00:00', '--job-id', '686', '--raw', '--subdir', 'DAGS_FOLDER/data_to_hdfs.py', '--cfg-path', '/tmp/tmpiz6zs82m']
[2024-12-06T00:06:39.135+0900] {standard_task_runner.py:105} INFO - Job 686: Subtask run_make_model
[2024-12-06T00:06:39.168+0900] {task_command.py:467} INFO - Running <TaskInstance: process_and_upload_json_to_hdfs.run_make_model scheduled__2024-12-05T14:00:00+00:00 [running]> on host MN
[2024-12-06T00:06:39.236+0900] {taskinstance.py:3132} INFO - Exporting env vars: AIRFLOW_CTX_DAG_OWNER='airflow' AIRFLOW_CTX_DAG_ID='process_and_upload_json_to_hdfs' AIRFLOW_CTX_TASK_ID='run_make_model' AIRFLOW_CTX_EXECUTION_DATE='2024-12-05T14:00:00+00:00' AIRFLOW_CTX_TRY_NUMBER='1' AIRFLOW_CTX_DAG_RUN_ID='scheduled__2024-12-05T14:00:00+00:00'
[2024-12-06T00:06:39.238+0900] {taskinstance.py:731} INFO - ::endgroup::
[2024-12-06T00:06:39.259+0900] {subprocess.py:78} INFO - Tmp dir root location: /tmp
[2024-12-06T00:06:39.260+0900] {subprocess.py:88} INFO - Running command: ['/usr/bin/bash', '-c', '/laewon/spark/bin/spark-submit --master yarn --deploy-mode cluster /laewon/Riot/make_model.py']
[2024-12-06T00:06:39.267+0900] {subprocess.py:99} INFO - Output:
[2024-12-06T00:06:41.491+0900] {subprocess.py:106} INFO - 24/12/06 00:06:41 INFO DefaultNoHARMFailoverProxyProvider: Connecting to ResourceManager at MN/192.168.4.7:8032
[2024-12-06T00:06:42.188+0900] {subprocess.py:106} INFO - 24/12/06 00:06:42 INFO Configuration: resource-types.xml not found
[2024-12-06T00:06:42.188+0900] {subprocess.py:106} INFO - 24/12/06 00:06:42 INFO ResourceUtils: Unable to find 'resource-types.xml'.
[2024-12-06T00:06:42.202+0900] {subprocess.py:106} INFO - 24/12/06 00:06:42 INFO Client: Verifying our application has not requested more than the maximum memory capability of the cluster (819200 MB per container)
[2024-12-06T00:06:42.203+0900] {subprocess.py:106} INFO - 24/12/06 00:06:42 INFO Client: Will allocate AM container, with 1408 MB memory including 384 MB overhead
[2024-12-06T00:06:42.204+0900] {subprocess.py:106} INFO - 24/12/06 00:06:42 INFO Client: Setting up container launch context for our AM
[2024-12-06T00:06:42.207+0900] {subprocess.py:106} INFO - 24/12/06 00:06:42 INFO Client: Setting up the launch environment for our AM container
[2024-12-06T00:06:42.219+0900] {subprocess.py:106} INFO - 24/12/06 00:06:42 INFO Client: Preparing resources for our AM container
[2024-12-06T00:06:42.252+0900] {subprocess.py:106} INFO - 24/12/06 00:06:42 WARN Client: Neither spark.yarn.jars nor spark.yarn.archive is set, falling back to uploading libraries under SPARK_HOME.
[2024-12-06T00:06:45.116+0900] {subprocess.py:106} INFO - 24/12/06 00:06:45 INFO Client: Uploading resource file:/tmp/spark-6e9059f9-ba79-4aef-a09d-cb8b77b6a027/__spark_libs__12172084397115835161.zip -> hdfs://MN:9000/user/dke/.sparkStaging/application_1733127595631_0088/__spark_libs__12172084397115835161.zip
[2024-12-06T00:07:20.041+0900] {subprocess.py:106} INFO - 24/12/06 00:07:20 INFO Client: Uploading resource file:/laewon/Riot/make_model.py -> hdfs://MN:9000/user/dke/.sparkStaging/application_1733127595631_0088/make_model.py
[2024-12-06T00:07:20.088+0900] {subprocess.py:106} INFO - 24/12/06 00:07:20 INFO Client: Uploading resource file:/laewon/spark-3.5.1-bin-hadoop3/python/lib/pyspark.zip -> hdfs://MN:9000/user/dke/.sparkStaging/application_1733127595631_0088/pyspark.zip
[2024-12-06T00:07:20.327+0900] {subprocess.py:106} INFO - 24/12/06 00:07:20 INFO Client: Uploading resource file:/laewon/spark-3.5.1-bin-hadoop3/python/lib/py4j-0.10.9.7-src.zip -> hdfs://MN:9000/user/dke/.sparkStaging/application_1733127595631_0088/py4j-0.10.9.7-src.zip
[2024-12-06T00:07:20.528+0900] {subprocess.py:106} INFO - 24/12/06 00:07:20 INFO Client: Uploading resource file:/tmp/spark-6e9059f9-ba79-4aef-a09d-cb8b77b6a027/__spark_conf__13485788689975985882.zip -> hdfs://MN:9000/user/dke/.sparkStaging/application_1733127595631_0088/__spark_conf__.zip
[2024-12-06T00:07:20.611+0900] {subprocess.py:106} INFO - 24/12/06 00:07:20 INFO SecurityManager: Changing view acls to: dke
[2024-12-06T00:07:20.611+0900] {subprocess.py:106} INFO - 24/12/06 00:07:20 INFO SecurityManager: Changing modify acls to: dke
[2024-12-06T00:07:20.612+0900] {subprocess.py:106} INFO - 24/12/06 00:07:20 INFO SecurityManager: Changing view acls groups to:
[2024-12-06T00:07:20.612+0900] {subprocess.py:106} INFO - 24/12/06 00:07:20 INFO SecurityManager: Changing modify acls groups to:
[2024-12-06T00:07:20.613+0900] {subprocess.py:106} INFO - 24/12/06 00:07:20 INFO SecurityManager: SecurityManager: authentication disabled; ui acls disabled; users with view permissions: dke; groups with view permissions: EMPTY; users with modify permissions: dke; groups with modify permissions: EMPTY
[2024-12-06T00:07:20.653+0900] {subprocess.py:106} INFO - 24/12/06 00:07:20 INFO Client: Submitting application application_1733127595631_0088 to ResourceManager
[2024-12-06T00:07:20.698+0900] {subprocess.py:106} INFO - 24/12/06 00:07:20 INFO YarnClientImpl: Submitted application application_1733127595631_0088
[2024-12-06T00:07:21.701+0900] {subprocess.py:106} INFO - 24/12/06 00:07:21 INFO Client: Application report for application_1733127595631_0088 (state: ACCEPTED)
[2024-12-06T00:07:21.704+0900] {subprocess.py:106} INFO - 24/12/06 00:07:21 INFO Client:
[2024-12-06T00:07:21.704+0900] {subprocess.py:106} INFO - 	 client token: N/A
[2024-12-06T00:07:21.705+0900] {subprocess.py:106} INFO - 	 diagnostics: AM container is launched, waiting for AM container to Register with RM
[2024-12-06T00:07:21.705+0900] {subprocess.py:106} INFO - 	 ApplicationMaster host: N/A
[2024-12-06T00:07:21.705+0900] {subprocess.py:106} INFO - 	 ApplicationMaster RPC port: -1
[2024-12-06T00:07:21.705+0900] {subprocess.py:106} INFO - 	 queue: root.default
[2024-12-06T00:07:21.706+0900] {subprocess.py:106} INFO - 	 start time: 1733411240676
[2024-12-06T00:07:21.706+0900] {subprocess.py:106} INFO - 	 final status: UNDEFINED
[2024-12-06T00:07:21.706+0900] {subprocess.py:106} INFO - 	 tracking URL: http://MN:8088/proxy/application_1733127595631_0088/
[2024-12-06T00:07:21.706+0900] {subprocess.py:106} INFO - 	 user: dke
[2024-12-06T00:07:51.744+0900] {subprocess.py:106} INFO - 24/12/06 00:07:51 INFO Client: Application report for application_1733127595631_0088 (state: ACCEPTED)
[2024-12-06T00:07:55.749+0900] {subprocess.py:106} INFO - 24/12/06 00:07:55 INFO Client: Application report for application_1733127595631_0088 (state: RUNNING)
[2024-12-06T00:07:55.749+0900] {subprocess.py:106} INFO - 24/12/06 00:07:55 INFO Client:
[2024-12-06T00:07:55.750+0900] {subprocess.py:106} INFO - 	 client token: N/A
[2024-12-06T00:07:55.750+0900] {subprocess.py:106} INFO - 	 diagnostics: N/A
[2024-12-06T00:07:55.750+0900] {subprocess.py:106} INFO - 	 ApplicationMaster host: SN03
[2024-12-06T00:07:55.750+0900] {subprocess.py:106} INFO - 	 ApplicationMaster RPC port: 36079
[2024-12-06T00:07:55.751+0900] {subprocess.py:106} INFO - 	 queue: root.default
[2024-12-06T00:07:55.751+0900] {subprocess.py:106} INFO - 	 start time: 1733411240676
[2024-12-06T00:07:55.751+0900] {subprocess.py:106} INFO - 	 final status: UNDEFINED
[2024-12-06T00:07:55.752+0900] {subprocess.py:106} INFO - 	 tracking URL: http://MN:8088/proxy/application_1733127595631_0088/
[2024-12-06T00:07:55.752+0900] {subprocess.py:106} INFO - 	 user: dke
[2024-12-06T00:08:25.785+0900] {subprocess.py:106} INFO - 24/12/06 00:08:25 INFO Client: Application report for application_1733127595631_0088 (state: RUNNING)
[2024-12-06T00:08:31.793+0900] {subprocess.py:106} INFO - 24/12/06 00:08:31 INFO Client: Application report for application_1733127595631_0088 (state: FINISHED)
[2024-12-06T00:08:31.793+0900] {subprocess.py:106} INFO - 24/12/06 00:08:31 INFO Client:
[2024-12-06T00:08:31.794+0900] {subprocess.py:106} INFO - 	 client token: N/A
[2024-12-06T00:08:31.794+0900] {subprocess.py:106} INFO - 	 diagnostics: N/A
[2024-12-06T00:08:31.794+0900] {subprocess.py:106} INFO - 	 ApplicationMaster host: SN03
[2024-12-06T00:08:31.794+0900] {subprocess.py:106} INFO - 	 ApplicationMaster RPC port: 36079
[2024-12-06T00:08:31.795+0900] {subprocess.py:106} INFO - 	 queue: root.default
[2024-12-06T00:08:31.795+0900] {subprocess.py:106} INFO - 	 start time: 1733411240676
[2024-12-06T00:08:31.795+0900] {subprocess.py:106} INFO - 	 final status: SUCCEEDED
[2024-12-06T00:08:31.795+0900] {subprocess.py:106} INFO - 	 tracking URL: http://MN:8088/proxy/application_1733127595631_0088/
[2024-12-06T00:08:31.796+0900] {subprocess.py:106} INFO - 	 user: dke
[2024-12-06T00:08:31.803+0900] {subprocess.py:106} INFO - 24/12/06 00:08:31 INFO Client: Deleted staging directory hdfs://MN:9000/user/dke/.sparkStaging/application_1733127595631_0088
[2024-12-06T00:08:31.806+0900] {subprocess.py:106} INFO - 24/12/06 00:08:31 INFO ShutdownHookManager: Shutdown hook called
[2024-12-06T00:08:31.807+0900] {subprocess.py:106} INFO - 24/12/06 00:08:31 INFO ShutdownHookManager: Deleting directory /tmp/spark-6e9059f9-ba79-4aef-a09d-cb8b77b6a027
[2024-12-06T00:08:31.810+0900] {subprocess.py:106} INFO - 24/12/06 00:08:31 INFO ShutdownHookManager: Deleting directory /tmp/spark-7b9ef09d-b058-4f50-88df-f9333065de46
[2024-12-06T00:08:32.170+0900] {subprocess.py:110} INFO - Command exited with return code 0
[2024-12-06T00:08:32.192+0900] {taskinstance.py:340} INFO - ::group::Post task execution logs
[2024-12-06T00:08:32.193+0900] {taskinstance.py:352} INFO - Marking task as SUCCESS. dag_id=process_and_upload_json_to_hdfs, task_id=run_make_model, run_id=scheduled__2024-12-05T14:00:00+00:00, execution_date=20241205T140000, start_date=20241205T150639, end_date=20241205T150832
[2024-12-06T00:08:32.243+0900] {local_task_job_runner.py:266} INFO - Task exited with return code 0
[2024-12-06T00:08:32.254+0900] {taskinstance.py:3895} INFO - 0 downstream tasks scheduled from follow-on schedule check
[2024-12-06T00:08:32.255+0900] {local_task_job_runner.py:245} INFO - ::endgroup::
