[2024-12-04T16:06:41.539+0900] {local_task_job_runner.py:123} INFO - ::group::Pre task execution logs
[2024-12-04T16:06:41.549+0900] {taskinstance.py:2613} INFO - Dependencies all met for dep_context=non-requeueable deps ti=<TaskInstance: process_and_upload_json_to_hdfs.run_make_model scheduled__2024-12-04T06:00:00+00:00 [queued]>
[2024-12-04T16:06:41.556+0900] {taskinstance.py:2613} INFO - Dependencies all met for dep_context=requeueable deps ti=<TaskInstance: process_and_upload_json_to_hdfs.run_make_model scheduled__2024-12-04T06:00:00+00:00 [queued]>
[2024-12-04T16:06:41.556+0900] {taskinstance.py:2866} INFO - Starting attempt 1 of 2
[2024-12-04T16:06:41.572+0900] {taskinstance.py:2889} INFO - Executing <Task(BashOperator): run_make_model> on 2024-12-04 06:00:00+00:00
[2024-12-04T16:06:41.575+0900] {standard_task_runner.py:72} INFO - Started process 1078563 to run task
[2024-12-04T16:06:41.578+0900] {standard_task_runner.py:104} INFO - Running: ['airflow', 'tasks', 'run', 'process_and_upload_json_to_hdfs', 'run_make_model', 'scheduled__2024-12-04T06:00:00+00:00', '--job-id', '558', '--raw', '--subdir', 'DAGS_FOLDER/data_to_hdfs.py', '--cfg-path', '/tmp/tmpf9cufoye']
[2024-12-04T16:06:41.580+0900] {standard_task_runner.py:105} INFO - Job 558: Subtask run_make_model
[2024-12-04T16:06:41.613+0900] {task_command.py:467} INFO - Running <TaskInstance: process_and_upload_json_to_hdfs.run_make_model scheduled__2024-12-04T06:00:00+00:00 [running]> on host MN
[2024-12-04T16:06:41.680+0900] {taskinstance.py:3132} INFO - Exporting env vars: AIRFLOW_CTX_DAG_OWNER='airflow' AIRFLOW_CTX_DAG_ID='process_and_upload_json_to_hdfs' AIRFLOW_CTX_TASK_ID='run_make_model' AIRFLOW_CTX_EXECUTION_DATE='2024-12-04T06:00:00+00:00' AIRFLOW_CTX_TRY_NUMBER='1' AIRFLOW_CTX_DAG_RUN_ID='scheduled__2024-12-04T06:00:00+00:00'
[2024-12-04T16:06:41.681+0900] {taskinstance.py:731} INFO - ::endgroup::
[2024-12-04T16:06:41.695+0900] {subprocess.py:78} INFO - Tmp dir root location: /tmp
[2024-12-04T16:06:41.695+0900] {subprocess.py:88} INFO - Running command: ['/usr/bin/bash', '-c', '/laewon/spark/bin/spark-submit --master yarn --deploy-mode cluster /laewon/Riot/make_model.py']
[2024-12-04T16:06:41.702+0900] {subprocess.py:99} INFO - Output:
[2024-12-04T16:06:43.967+0900] {subprocess.py:106} INFO - 24/12/04 16:06:43 INFO DefaultNoHARMFailoverProxyProvider: Connecting to ResourceManager at MN/192.168.4.7:8032
[2024-12-04T16:06:44.656+0900] {subprocess.py:106} INFO - 24/12/04 16:06:44 INFO Configuration: resource-types.xml not found
[2024-12-04T16:06:44.657+0900] {subprocess.py:106} INFO - 24/12/04 16:06:44 INFO ResourceUtils: Unable to find 'resource-types.xml'.
[2024-12-04T16:06:44.671+0900] {subprocess.py:106} INFO - 24/12/04 16:06:44 INFO Client: Verifying our application has not requested more than the maximum memory capability of the cluster (819200 MB per container)
[2024-12-04T16:06:44.672+0900] {subprocess.py:106} INFO - 24/12/04 16:06:44 INFO Client: Will allocate AM container, with 1408 MB memory including 384 MB overhead
[2024-12-04T16:06:44.672+0900] {subprocess.py:106} INFO - 24/12/04 16:06:44 INFO Client: Setting up container launch context for our AM
[2024-12-04T16:06:44.676+0900] {subprocess.py:106} INFO - 24/12/04 16:06:44 INFO Client: Setting up the launch environment for our AM container
[2024-12-04T16:06:44.688+0900] {subprocess.py:106} INFO - 24/12/04 16:06:44 INFO Client: Preparing resources for our AM container
[2024-12-04T16:06:44.723+0900] {subprocess.py:106} INFO - 24/12/04 16:06:44 WARN Client: Neither spark.yarn.jars nor spark.yarn.archive is set, falling back to uploading libraries under SPARK_HOME.
[2024-12-04T16:06:47.577+0900] {subprocess.py:106} INFO - 24/12/04 16:06:47 INFO Client: Uploading resource file:/tmp/spark-e4a7fade-7c95-4388-ab2a-033b3edaae68/__spark_libs__18390062073440950049.zip -> hdfs://MN:9000/user/dke/.sparkStaging/application_1733127595631_0056/__spark_libs__18390062073440950049.zip
[2024-12-04T16:07:17.655+0900] {subprocess.py:106} INFO - 24/12/04 16:07:17 INFO Client: Uploading resource file:/laewon/Riot/make_model.py -> hdfs://MN:9000/user/dke/.sparkStaging/application_1733127595631_0056/make_model.py
[2024-12-04T16:07:17.690+0900] {subprocess.py:106} INFO - 24/12/04 16:07:17 INFO Client: Uploading resource file:/laewon/spark-3.5.1-bin-hadoop3/python/lib/pyspark.zip -> hdfs://MN:9000/user/dke/.sparkStaging/application_1733127595631_0056/pyspark.zip
[2024-12-04T16:07:17.928+0900] {subprocess.py:106} INFO - 24/12/04 16:07:17 INFO Client: Uploading resource file:/laewon/spark-3.5.1-bin-hadoop3/python/lib/py4j-0.10.9.7-src.zip -> hdfs://MN:9000/user/dke/.sparkStaging/application_1733127595631_0056/py4j-0.10.9.7-src.zip
[2024-12-04T16:07:18.146+0900] {subprocess.py:106} INFO - 24/12/04 16:07:18 INFO Client: Uploading resource file:/tmp/spark-e4a7fade-7c95-4388-ab2a-033b3edaae68/__spark_conf__14738097004114367453.zip -> hdfs://MN:9000/user/dke/.sparkStaging/application_1733127595631_0056/__spark_conf__.zip
[2024-12-04T16:07:18.237+0900] {subprocess.py:106} INFO - 24/12/04 16:07:18 INFO SecurityManager: Changing view acls to: dke
[2024-12-04T16:07:18.237+0900] {subprocess.py:106} INFO - 24/12/04 16:07:18 INFO SecurityManager: Changing modify acls to: dke
[2024-12-04T16:07:18.238+0900] {subprocess.py:106} INFO - 24/12/04 16:07:18 INFO SecurityManager: Changing view acls groups to:
[2024-12-04T16:07:18.238+0900] {subprocess.py:106} INFO - 24/12/04 16:07:18 INFO SecurityManager: Changing modify acls groups to:
[2024-12-04T16:07:18.239+0900] {subprocess.py:106} INFO - 24/12/04 16:07:18 INFO SecurityManager: SecurityManager: authentication disabled; ui acls disabled; users with view permissions: dke; groups with view permissions: EMPTY; users with modify permissions: dke; groups with modify permissions: EMPTY
[2024-12-04T16:07:18.275+0900] {subprocess.py:106} INFO - 24/12/04 16:07:18 INFO Client: Submitting application application_1733127595631_0056 to ResourceManager
[2024-12-04T16:07:18.323+0900] {subprocess.py:106} INFO - 24/12/04 16:07:18 INFO YarnClientImpl: Submitted application application_1733127595631_0056
[2024-12-04T16:07:19.326+0900] {subprocess.py:106} INFO - 24/12/04 16:07:19 INFO Client: Application report for application_1733127595631_0056 (state: ACCEPTED)
[2024-12-04T16:07:19.329+0900] {subprocess.py:106} INFO - 24/12/04 16:07:19 INFO Client:
[2024-12-04T16:07:19.330+0900] {subprocess.py:106} INFO - 	 client token: N/A
[2024-12-04T16:07:19.330+0900] {subprocess.py:106} INFO - 	 diagnostics: AM container is launched, waiting for AM container to Register with RM
[2024-12-04T16:07:19.330+0900] {subprocess.py:106} INFO - 	 ApplicationMaster host: N/A
[2024-12-04T16:07:19.330+0900] {subprocess.py:106} INFO - 	 ApplicationMaster RPC port: -1
[2024-12-04T16:07:19.331+0900] {subprocess.py:106} INFO - 	 queue: root.default
[2024-12-04T16:07:19.331+0900] {subprocess.py:106} INFO - 	 start time: 1733296038298
[2024-12-04T16:07:19.331+0900] {subprocess.py:106} INFO - 	 final status: UNDEFINED
[2024-12-04T16:07:19.331+0900] {subprocess.py:106} INFO - 	 tracking URL: http://MN:8088/proxy/application_1733127595631_0056/
[2024-12-04T16:07:19.332+0900] {subprocess.py:106} INFO - 	 user: dke
[2024-12-04T16:07:49.371+0900] {subprocess.py:106} INFO - 24/12/04 16:07:49 INFO Client: Application report for application_1733127595631_0056 (state: ACCEPTED)
[2024-12-04T16:07:53.376+0900] {subprocess.py:106} INFO - 24/12/04 16:07:53 INFO Client: Application report for application_1733127595631_0056 (state: RUNNING)
[2024-12-04T16:07:53.377+0900] {subprocess.py:106} INFO - 24/12/04 16:07:53 INFO Client:
[2024-12-04T16:07:53.377+0900] {subprocess.py:106} INFO - 	 client token: N/A
[2024-12-04T16:07:53.377+0900] {subprocess.py:106} INFO - 	 diagnostics: N/A
[2024-12-04T16:07:53.377+0900] {subprocess.py:106} INFO - 	 ApplicationMaster host: SN01
[2024-12-04T16:07:53.378+0900] {subprocess.py:106} INFO - 	 ApplicationMaster RPC port: 39803
[2024-12-04T16:07:53.378+0900] {subprocess.py:106} INFO - 	 queue: root.default
[2024-12-04T16:07:53.378+0900] {subprocess.py:106} INFO - 	 start time: 1733296038298
[2024-12-04T16:07:53.378+0900] {subprocess.py:106} INFO - 	 final status: UNDEFINED
[2024-12-04T16:07:53.379+0900] {subprocess.py:106} INFO - 	 tracking URL: http://MN:8088/proxy/application_1733127595631_0056/
[2024-12-04T16:07:53.379+0900] {subprocess.py:106} INFO - 	 user: dke
[2024-12-04T16:08:23.414+0900] {subprocess.py:106} INFO - 24/12/04 16:08:23 INFO Client: Application report for application_1733127595631_0056 (state: RUNNING)
[2024-12-04T16:08:37.431+0900] {subprocess.py:106} INFO - 24/12/04 16:08:37 INFO Client: Application report for application_1733127595631_0056 (state: FINISHED)
[2024-12-04T16:08:37.431+0900] {subprocess.py:106} INFO - 24/12/04 16:08:37 INFO Client:
[2024-12-04T16:08:37.432+0900] {subprocess.py:106} INFO - 	 client token: N/A
[2024-12-04T16:08:37.432+0900] {subprocess.py:106} INFO - 	 diagnostics: N/A
[2024-12-04T16:08:37.432+0900] {subprocess.py:106} INFO - 	 ApplicationMaster host: SN01
[2024-12-04T16:08:37.432+0900] {subprocess.py:106} INFO - 	 ApplicationMaster RPC port: 39803
[2024-12-04T16:08:37.433+0900] {subprocess.py:106} INFO - 	 queue: root.default
[2024-12-04T16:08:37.433+0900] {subprocess.py:106} INFO - 	 start time: 1733296038298
[2024-12-04T16:08:37.433+0900] {subprocess.py:106} INFO - 	 final status: SUCCEEDED
[2024-12-04T16:08:37.433+0900] {subprocess.py:106} INFO - 	 tracking URL: http://MN:8088/proxy/application_1733127595631_0056/
[2024-12-04T16:08:37.434+0900] {subprocess.py:106} INFO - 	 user: dke
[2024-12-04T16:08:37.441+0900] {subprocess.py:106} INFO - 24/12/04 16:08:37 INFO ShutdownHookManager: Shutdown hook called
[2024-12-04T16:08:37.442+0900] {subprocess.py:106} INFO - 24/12/04 16:08:37 INFO ShutdownHookManager: Deleting directory /tmp/spark-e0bf66b1-df5c-4643-8894-9e411821c813
[2024-12-04T16:08:37.445+0900] {subprocess.py:106} INFO - 24/12/04 16:08:37 INFO ShutdownHookManager: Deleting directory /tmp/spark-e4a7fade-7c95-4388-ab2a-033b3edaae68
[2024-12-04T16:08:37.799+0900] {subprocess.py:110} INFO - Command exited with return code 0
[2024-12-04T16:08:37.822+0900] {taskinstance.py:340} INFO - ::group::Post task execution logs
[2024-12-04T16:08:37.822+0900] {taskinstance.py:352} INFO - Marking task as SUCCESS. dag_id=process_and_upload_json_to_hdfs, task_id=run_make_model, run_id=scheduled__2024-12-04T06:00:00+00:00, execution_date=20241204T060000, start_date=20241204T070641, end_date=20241204T070837
[2024-12-04T16:08:37.843+0900] {local_task_job_runner.py:266} INFO - Task exited with return code 0
[2024-12-04T16:08:37.853+0900] {taskinstance.py:3895} INFO - 0 downstream tasks scheduled from follow-on schedule check
[2024-12-04T16:08:37.853+0900] {local_task_job_runner.py:245} INFO - ::endgroup::
