[2024-12-06T11:06:25.857+0900] {local_task_job_runner.py:123} INFO - ::group::Pre task execution logs
[2024-12-06T11:06:25.868+0900] {taskinstance.py:2613} INFO - Dependencies all met for dep_context=non-requeueable deps ti=<TaskInstance: process_and_upload_json_to_hdfs.run_make_model scheduled__2024-12-06T01:00:00+00:00 [queued]>
[2024-12-06T11:06:25.875+0900] {taskinstance.py:2613} INFO - Dependencies all met for dep_context=requeueable deps ti=<TaskInstance: process_and_upload_json_to_hdfs.run_make_model scheduled__2024-12-06T01:00:00+00:00 [queued]>
[2024-12-06T11:06:25.876+0900] {taskinstance.py:2866} INFO - Starting attempt 1 of 2
[2024-12-06T11:06:25.900+0900] {taskinstance.py:2889} INFO - Executing <Task(BashOperator): run_make_model> on 2024-12-06 01:00:00+00:00
[2024-12-06T11:06:25.905+0900] {standard_task_runner.py:72} INFO - Started process 2366949 to run task
[2024-12-06T11:06:25.909+0900] {standard_task_runner.py:104} INFO - Running: ['airflow', 'tasks', 'run', 'process_and_upload_json_to_hdfs', 'run_make_model', 'scheduled__2024-12-06T01:00:00+00:00', '--job-id', '730', '--raw', '--subdir', 'DAGS_FOLDER/data_to_hdfs.py', '--cfg-path', '/tmp/tmppbnozfbo']
[2024-12-06T11:06:25.910+0900] {standard_task_runner.py:105} INFO - Job 730: Subtask run_make_model
[2024-12-06T11:06:25.944+0900] {task_command.py:467} INFO - Running <TaskInstance: process_and_upload_json_to_hdfs.run_make_model scheduled__2024-12-06T01:00:00+00:00 [running]> on host MN
[2024-12-06T11:06:26.017+0900] {taskinstance.py:3132} INFO - Exporting env vars: AIRFLOW_CTX_DAG_OWNER='airflow' AIRFLOW_CTX_DAG_ID='process_and_upload_json_to_hdfs' AIRFLOW_CTX_TASK_ID='run_make_model' AIRFLOW_CTX_EXECUTION_DATE='2024-12-06T01:00:00+00:00' AIRFLOW_CTX_TRY_NUMBER='1' AIRFLOW_CTX_DAG_RUN_ID='scheduled__2024-12-06T01:00:00+00:00'
[2024-12-06T11:06:26.018+0900] {taskinstance.py:731} INFO - ::endgroup::
[2024-12-06T11:06:26.032+0900] {subprocess.py:78} INFO - Tmp dir root location: /tmp
[2024-12-06T11:06:26.033+0900] {subprocess.py:88} INFO - Running command: ['/usr/bin/bash', '-c', '/laewon/spark/bin/spark-submit --master yarn --deploy-mode cluster /laewon/Riot/make_model.py']
[2024-12-06T11:06:26.039+0900] {subprocess.py:99} INFO - Output:
[2024-12-06T11:06:28.262+0900] {subprocess.py:106} INFO - 24/12/06 11:06:28 INFO DefaultNoHARMFailoverProxyProvider: Connecting to ResourceManager at MN/192.168.4.7:8032
[2024-12-06T11:06:28.953+0900] {subprocess.py:106} INFO - 24/12/06 11:06:28 INFO Configuration: resource-types.xml not found
[2024-12-06T11:06:28.953+0900] {subprocess.py:106} INFO - 24/12/06 11:06:28 INFO ResourceUtils: Unable to find 'resource-types.xml'.
[2024-12-06T11:06:28.967+0900] {subprocess.py:106} INFO - 24/12/06 11:06:28 INFO Client: Verifying our application has not requested more than the maximum memory capability of the cluster (819200 MB per container)
[2024-12-06T11:06:28.968+0900] {subprocess.py:106} INFO - 24/12/06 11:06:28 INFO Client: Will allocate AM container, with 1408 MB memory including 384 MB overhead
[2024-12-06T11:06:28.968+0900] {subprocess.py:106} INFO - 24/12/06 11:06:28 INFO Client: Setting up container launch context for our AM
[2024-12-06T11:06:28.972+0900] {subprocess.py:106} INFO - 24/12/06 11:06:28 INFO Client: Setting up the launch environment for our AM container
[2024-12-06T11:06:28.983+0900] {subprocess.py:106} INFO - 24/12/06 11:06:28 INFO Client: Preparing resources for our AM container
[2024-12-06T11:06:29.018+0900] {subprocess.py:106} INFO - 24/12/06 11:06:29 WARN Client: Neither spark.yarn.jars nor spark.yarn.archive is set, falling back to uploading libraries under SPARK_HOME.
[2024-12-06T11:06:34.993+0900] {subprocess.py:106} INFO - 24/12/06 11:06:34 INFO Client: Uploading resource file:/tmp/spark-38be27fe-fe9f-4dd7-b6b9-425d6ee4c1f2/__spark_libs__17814389265836825318.zip -> hdfs://MN:9000/user/dke/.sparkStaging/application_1733127595631_0099/__spark_libs__17814389265836825318.zip
[2024-12-06T11:07:10.200+0900] {subprocess.py:106} INFO - 24/12/06 11:07:10 INFO Client: Uploading resource file:/laewon/Riot/make_model.py -> hdfs://MN:9000/user/dke/.sparkStaging/application_1733127595631_0099/make_model.py
[2024-12-06T11:07:10.238+0900] {subprocess.py:106} INFO - 24/12/06 11:07:10 INFO Client: Uploading resource file:/laewon/spark-3.5.1-bin-hadoop3/python/lib/pyspark.zip -> hdfs://MN:9000/user/dke/.sparkStaging/application_1733127595631_0099/pyspark.zip
[2024-12-06T11:07:10.492+0900] {subprocess.py:106} INFO - 24/12/06 11:07:10 INFO Client: Uploading resource file:/laewon/spark-3.5.1-bin-hadoop3/python/lib/py4j-0.10.9.7-src.zip -> hdfs://MN:9000/user/dke/.sparkStaging/application_1733127595631_0099/py4j-0.10.9.7-src.zip
[2024-12-06T11:07:10.712+0900] {subprocess.py:106} INFO - 24/12/06 11:07:10 INFO Client: Uploading resource file:/tmp/spark-38be27fe-fe9f-4dd7-b6b9-425d6ee4c1f2/__spark_conf__6486317987016470573.zip -> hdfs://MN:9000/user/dke/.sparkStaging/application_1733127595631_0099/__spark_conf__.zip
[2024-12-06T11:07:10.819+0900] {subprocess.py:106} INFO - 24/12/06 11:07:10 INFO SecurityManager: Changing view acls to: dke
[2024-12-06T11:07:10.819+0900] {subprocess.py:106} INFO - 24/12/06 11:07:10 INFO SecurityManager: Changing modify acls to: dke
[2024-12-06T11:07:10.820+0900] {subprocess.py:106} INFO - 24/12/06 11:07:10 INFO SecurityManager: Changing view acls groups to:
[2024-12-06T11:07:10.820+0900] {subprocess.py:106} INFO - 24/12/06 11:07:10 INFO SecurityManager: Changing modify acls groups to:
[2024-12-06T11:07:10.821+0900] {subprocess.py:106} INFO - 24/12/06 11:07:10 INFO SecurityManager: SecurityManager: authentication disabled; ui acls disabled; users with view permissions: dke; groups with view permissions: EMPTY; users with modify permissions: dke; groups with modify permissions: EMPTY
[2024-12-06T11:07:10.860+0900] {subprocess.py:106} INFO - 24/12/06 11:07:10 INFO Client: Submitting application application_1733127595631_0099 to ResourceManager
[2024-12-06T11:07:10.912+0900] {subprocess.py:106} INFO - 24/12/06 11:07:10 INFO YarnClientImpl: Submitted application application_1733127595631_0099
[2024-12-06T11:07:11.914+0900] {subprocess.py:106} INFO - 24/12/06 11:07:11 INFO Client: Application report for application_1733127595631_0099 (state: ACCEPTED)
[2024-12-06T11:07:11.918+0900] {subprocess.py:106} INFO - 24/12/06 11:07:11 INFO Client:
[2024-12-06T11:07:11.918+0900] {subprocess.py:106} INFO - 	 client token: N/A
[2024-12-06T11:07:11.919+0900] {subprocess.py:106} INFO - 	 diagnostics: AM container is launched, waiting for AM container to Register with RM
[2024-12-06T11:07:11.919+0900] {subprocess.py:106} INFO - 	 ApplicationMaster host: N/A
[2024-12-06T11:07:11.919+0900] {subprocess.py:106} INFO - 	 ApplicationMaster RPC port: -1
[2024-12-06T11:07:11.919+0900] {subprocess.py:106} INFO - 	 queue: root.default
[2024-12-06T11:07:11.920+0900] {subprocess.py:106} INFO - 	 start time: 1733450830885
[2024-12-06T11:07:11.920+0900] {subprocess.py:106} INFO - 	 final status: UNDEFINED
[2024-12-06T11:07:11.920+0900] {subprocess.py:106} INFO - 	 tracking URL: http://MN:8088/proxy/application_1733127595631_0099/
[2024-12-06T11:07:11.920+0900] {subprocess.py:106} INFO - 	 user: dke
[2024-12-06T11:07:29.940+0900] {subprocess.py:106} INFO - 24/12/06 11:07:29 INFO Client: Application report for application_1733127595631_0099 (state: RUNNING)
[2024-12-06T11:07:29.941+0900] {subprocess.py:106} INFO - 24/12/06 11:07:29 INFO Client:
[2024-12-06T11:07:29.941+0900] {subprocess.py:106} INFO - 	 client token: N/A
[2024-12-06T11:07:29.942+0900] {subprocess.py:106} INFO - 	 diagnostics: N/A
[2024-12-06T11:07:29.942+0900] {subprocess.py:106} INFO - 	 ApplicationMaster host: SN05
[2024-12-06T11:07:29.942+0900] {subprocess.py:106} INFO - 	 ApplicationMaster RPC port: 42907
[2024-12-06T11:07:29.943+0900] {subprocess.py:106} INFO - 	 queue: root.default
[2024-12-06T11:07:29.943+0900] {subprocess.py:106} INFO - 	 start time: 1733450830885
[2024-12-06T11:07:29.943+0900] {subprocess.py:106} INFO - 	 final status: UNDEFINED
[2024-12-06T11:07:29.944+0900] {subprocess.py:106} INFO - 	 tracking URL: http://MN:8088/proxy/application_1733127595631_0099/
[2024-12-06T11:07:29.944+0900] {subprocess.py:106} INFO - 	 user: dke
[2024-12-06T11:07:59.977+0900] {subprocess.py:106} INFO - 24/12/06 11:07:59 INFO Client: Application report for application_1733127595631_0099 (state: RUNNING)
[2024-12-06T11:08:06.985+0900] {subprocess.py:106} INFO - 24/12/06 11:08:06 INFO Client: Application report for application_1733127595631_0099 (state: FINISHED)
[2024-12-06T11:08:06.986+0900] {subprocess.py:106} INFO - 24/12/06 11:08:06 INFO Client:
[2024-12-06T11:08:06.986+0900] {subprocess.py:106} INFO - 	 client token: N/A
[2024-12-06T11:08:06.986+0900] {subprocess.py:106} INFO - 	 diagnostics: N/A
[2024-12-06T11:08:06.986+0900] {subprocess.py:106} INFO - 	 ApplicationMaster host: SN05
[2024-12-06T11:08:06.987+0900] {subprocess.py:106} INFO - 	 ApplicationMaster RPC port: 42907
[2024-12-06T11:08:06.987+0900] {subprocess.py:106} INFO - 	 queue: root.default
[2024-12-06T11:08:06.987+0900] {subprocess.py:106} INFO - 	 start time: 1733450830885
[2024-12-06T11:08:06.987+0900] {subprocess.py:106} INFO - 	 final status: SUCCEEDED
[2024-12-06T11:08:06.988+0900] {subprocess.py:106} INFO - 	 tracking URL: http://MN:8088/proxy/application_1733127595631_0099/
[2024-12-06T11:08:06.988+0900] {subprocess.py:106} INFO - 	 user: dke
[2024-12-06T11:08:06.995+0900] {subprocess.py:106} INFO - 24/12/06 11:08:06 INFO ShutdownHookManager: Shutdown hook called
[2024-12-06T11:08:06.995+0900] {subprocess.py:106} INFO - 24/12/06 11:08:06 INFO ShutdownHookManager: Deleting directory /tmp/spark-438e767f-a46f-4037-9f55-dfbda15fb45f
[2024-12-06T11:08:06.998+0900] {subprocess.py:106} INFO - 24/12/06 11:08:06 INFO ShutdownHookManager: Deleting directory /tmp/spark-38be27fe-fe9f-4dd7-b6b9-425d6ee4c1f2
[2024-12-06T11:08:07.356+0900] {subprocess.py:110} INFO - Command exited with return code 0
[2024-12-06T11:08:07.382+0900] {taskinstance.py:340} INFO - ::group::Post task execution logs
[2024-12-06T11:08:07.382+0900] {taskinstance.py:352} INFO - Marking task as SUCCESS. dag_id=process_and_upload_json_to_hdfs, task_id=run_make_model, run_id=scheduled__2024-12-06T01:00:00+00:00, execution_date=20241206T010000, start_date=20241206T020625, end_date=20241206T020807
[2024-12-06T11:08:07.442+0900] {local_task_job_runner.py:266} INFO - Task exited with return code 0
[2024-12-06T11:08:07.453+0900] {taskinstance.py:3895} INFO - 0 downstream tasks scheduled from follow-on schedule check
[2024-12-06T11:08:07.453+0900] {local_task_job_runner.py:245} INFO - ::endgroup::
