[2024-12-03T15:06:50.588+0900] {local_task_job_runner.py:123} INFO - ::group::Pre task execution logs
[2024-12-03T15:06:50.598+0900] {taskinstance.py:2613} INFO - Dependencies all met for dep_context=non-requeueable deps ti=<TaskInstance: process_and_upload_json_to_hdfs.run_make_model scheduled__2024-12-03T05:00:00+00:00 [queued]>
[2024-12-03T15:06:50.605+0900] {taskinstance.py:2613} INFO - Dependencies all met for dep_context=requeueable deps ti=<TaskInstance: process_and_upload_json_to_hdfs.run_make_model scheduled__2024-12-03T05:00:00+00:00 [queued]>
[2024-12-03T15:06:50.605+0900] {taskinstance.py:2866} INFO - Starting attempt 1 of 2
[2024-12-03T15:06:50.620+0900] {taskinstance.py:2889} INFO - Executing <Task(BashOperator): run_make_model> on 2024-12-03 05:00:00+00:00
[2024-12-03T15:06:50.623+0900] {standard_task_runner.py:72} INFO - Started process 371031 to run task
[2024-12-03T15:06:50.627+0900] {standard_task_runner.py:104} INFO - Running: ['airflow', 'tasks', 'run', 'process_and_upload_json_to_hdfs', 'run_make_model', 'scheduled__2024-12-03T05:00:00+00:00', '--job-id', '458', '--raw', '--subdir', 'DAGS_FOLDER/data_to_hdfs.py', '--cfg-path', '/tmp/tmpyshud7p8']
[2024-12-03T15:06:50.628+0900] {standard_task_runner.py:105} INFO - Job 458: Subtask run_make_model
[2024-12-03T15:06:50.661+0900] {task_command.py:467} INFO - Running <TaskInstance: process_and_upload_json_to_hdfs.run_make_model scheduled__2024-12-03T05:00:00+00:00 [running]> on host MN
[2024-12-03T15:06:50.728+0900] {taskinstance.py:3132} INFO - Exporting env vars: AIRFLOW_CTX_DAG_OWNER='airflow' AIRFLOW_CTX_DAG_ID='process_and_upload_json_to_hdfs' AIRFLOW_CTX_TASK_ID='run_make_model' AIRFLOW_CTX_EXECUTION_DATE='2024-12-03T05:00:00+00:00' AIRFLOW_CTX_TRY_NUMBER='1' AIRFLOW_CTX_DAG_RUN_ID='scheduled__2024-12-03T05:00:00+00:00'
[2024-12-03T15:06:50.729+0900] {taskinstance.py:731} INFO - ::endgroup::
[2024-12-03T15:06:50.743+0900] {subprocess.py:78} INFO - Tmp dir root location: /tmp
[2024-12-03T15:06:50.744+0900] {subprocess.py:88} INFO - Running command: ['/usr/bin/bash', '-c', '/laewon/spark/bin/spark-submit --master yarn --deploy-mode cluster /laewon/Riot/make_model.py']
[2024-12-03T15:06:50.750+0900] {subprocess.py:99} INFO - Output:
[2024-12-03T15:06:52.999+0900] {subprocess.py:106} INFO - 24/12/03 15:06:52 INFO DefaultNoHARMFailoverProxyProvider: Connecting to ResourceManager at MN/192.168.4.7:8032
[2024-12-03T15:06:53.694+0900] {subprocess.py:106} INFO - 24/12/03 15:06:53 INFO Configuration: resource-types.xml not found
[2024-12-03T15:06:53.695+0900] {subprocess.py:106} INFO - 24/12/03 15:06:53 INFO ResourceUtils: Unable to find 'resource-types.xml'.
[2024-12-03T15:06:53.708+0900] {subprocess.py:106} INFO - 24/12/03 15:06:53 INFO Client: Verifying our application has not requested more than the maximum memory capability of the cluster (819200 MB per container)
[2024-12-03T15:06:53.709+0900] {subprocess.py:106} INFO - 24/12/03 15:06:53 INFO Client: Will allocate AM container, with 1408 MB memory including 384 MB overhead
[2024-12-03T15:06:53.710+0900] {subprocess.py:106} INFO - 24/12/03 15:06:53 INFO Client: Setting up container launch context for our AM
[2024-12-03T15:06:53.713+0900] {subprocess.py:106} INFO - 24/12/03 15:06:53 INFO Client: Setting up the launch environment for our AM container
[2024-12-03T15:06:53.724+0900] {subprocess.py:106} INFO - 24/12/03 15:06:53 INFO Client: Preparing resources for our AM container
[2024-12-03T15:06:53.759+0900] {subprocess.py:106} INFO - 24/12/03 15:06:53 WARN Client: Neither spark.yarn.jars nor spark.yarn.archive is set, falling back to uploading libraries under SPARK_HOME.
[2024-12-03T15:06:56.594+0900] {subprocess.py:106} INFO - 24/12/03 15:06:56 INFO Client: Uploading resource file:/tmp/spark-6c403a44-a397-4c40-a67f-0abf50401f43/__spark_libs__3772557258489017500.zip -> hdfs://MN:9000/user/dke/.sparkStaging/application_1733127595631_0027/__spark_libs__3772557258489017500.zip
[2024-12-03T15:07:31.460+0900] {subprocess.py:106} INFO - 24/12/03 15:07:31 INFO Client: Uploading resource file:/laewon/Riot/make_model.py -> hdfs://MN:9000/user/dke/.sparkStaging/application_1733127595631_0027/make_model.py
[2024-12-03T15:07:31.499+0900] {subprocess.py:106} INFO - 24/12/03 15:07:31 INFO Client: Uploading resource file:/laewon/spark-3.5.1-bin-hadoop3/python/lib/pyspark.zip -> hdfs://MN:9000/user/dke/.sparkStaging/application_1733127595631_0027/pyspark.zip
[2024-12-03T15:07:31.761+0900] {subprocess.py:106} INFO - 24/12/03 15:07:31 INFO Client: Uploading resource file:/laewon/spark-3.5.1-bin-hadoop3/python/lib/py4j-0.10.9.7-src.zip -> hdfs://MN:9000/user/dke/.sparkStaging/application_1733127595631_0027/py4j-0.10.9.7-src.zip
[2024-12-03T15:07:31.963+0900] {subprocess.py:106} INFO - 24/12/03 15:07:31 INFO Client: Uploading resource file:/tmp/spark-6c403a44-a397-4c40-a67f-0abf50401f43/__spark_conf__1794273023100406073.zip -> hdfs://MN:9000/user/dke/.sparkStaging/application_1733127595631_0027/__spark_conf__.zip
[2024-12-03T15:07:32.053+0900] {subprocess.py:106} INFO - 24/12/03 15:07:32 INFO SecurityManager: Changing view acls to: dke
[2024-12-03T15:07:32.053+0900] {subprocess.py:106} INFO - 24/12/03 15:07:32 INFO SecurityManager: Changing modify acls to: dke
[2024-12-03T15:07:32.053+0900] {subprocess.py:106} INFO - 24/12/03 15:07:32 INFO SecurityManager: Changing view acls groups to:
[2024-12-03T15:07:32.054+0900] {subprocess.py:106} INFO - 24/12/03 15:07:32 INFO SecurityManager: Changing modify acls groups to:
[2024-12-03T15:07:32.054+0900] {subprocess.py:106} INFO - 24/12/03 15:07:32 INFO SecurityManager: SecurityManager: authentication disabled; ui acls disabled; users with view permissions: dke; groups with view permissions: EMPTY; users with modify permissions: dke; groups with modify permissions: EMPTY
[2024-12-03T15:07:32.090+0900] {subprocess.py:106} INFO - 24/12/03 15:07:32 INFO Client: Submitting application application_1733127595631_0027 to ResourceManager
[2024-12-03T15:07:32.135+0900] {subprocess.py:106} INFO - 24/12/03 15:07:32 INFO YarnClientImpl: Submitted application application_1733127595631_0027
[2024-12-03T15:07:33.138+0900] {subprocess.py:106} INFO - 24/12/03 15:07:33 INFO Client: Application report for application_1733127595631_0027 (state: ACCEPTED)
[2024-12-03T15:07:33.142+0900] {subprocess.py:106} INFO - 24/12/03 15:07:33 INFO Client:
[2024-12-03T15:07:33.142+0900] {subprocess.py:106} INFO - 	 client token: N/A
[2024-12-03T15:07:33.142+0900] {subprocess.py:106} INFO - 	 diagnostics: AM container is launched, waiting for AM container to Register with RM
[2024-12-03T15:07:33.143+0900] {subprocess.py:106} INFO - 	 ApplicationMaster host: N/A
[2024-12-03T15:07:33.143+0900] {subprocess.py:106} INFO - 	 ApplicationMaster RPC port: -1
[2024-12-03T15:07:33.143+0900] {subprocess.py:106} INFO - 	 queue: root.default
[2024-12-03T15:07:33.144+0900] {subprocess.py:106} INFO - 	 start time: 1733206052114
[2024-12-03T15:07:33.144+0900] {subprocess.py:106} INFO - 	 final status: UNDEFINED
[2024-12-03T15:07:33.144+0900] {subprocess.py:106} INFO - 	 tracking URL: http://MN:8088/proxy/application_1733127595631_0027/
[2024-12-03T15:07:33.145+0900] {subprocess.py:106} INFO - 	 user: dke
[2024-12-03T15:08:03.183+0900] {subprocess.py:106} INFO - 24/12/03 15:08:03 INFO Client: Application report for application_1733127595631_0027 (state: ACCEPTED)
[2024-12-03T15:08:07.189+0900] {subprocess.py:106} INFO - 24/12/03 15:08:07 INFO Client: Application report for application_1733127595631_0027 (state: RUNNING)
[2024-12-03T15:08:07.189+0900] {subprocess.py:106} INFO - 24/12/03 15:08:07 INFO Client:
[2024-12-03T15:08:07.189+0900] {subprocess.py:106} INFO - 	 client token: N/A
[2024-12-03T15:08:07.190+0900] {subprocess.py:106} INFO - 	 diagnostics: N/A
[2024-12-03T15:08:07.190+0900] {subprocess.py:106} INFO - 	 ApplicationMaster host: SN01
[2024-12-03T15:08:07.190+0900] {subprocess.py:106} INFO - 	 ApplicationMaster RPC port: 45421
[2024-12-03T15:08:07.190+0900] {subprocess.py:106} INFO - 	 queue: root.default
[2024-12-03T15:08:07.190+0900] {subprocess.py:106} INFO - 	 start time: 1733206052114
[2024-12-03T15:08:07.191+0900] {subprocess.py:106} INFO - 	 final status: UNDEFINED
[2024-12-03T15:08:07.191+0900] {subprocess.py:106} INFO - 	 tracking URL: http://MN:8088/proxy/application_1733127595631_0027/
[2024-12-03T15:08:07.192+0900] {subprocess.py:106} INFO - 	 user: dke
[2024-12-03T15:08:37.226+0900] {subprocess.py:106} INFO - 24/12/03 15:08:37 INFO Client: Application report for application_1733127595631_0027 (state: RUNNING)
[2024-12-03T15:08:50.242+0900] {subprocess.py:106} INFO - 24/12/03 15:08:50 INFO Client: Application report for application_1733127595631_0027 (state: FINISHED)
[2024-12-03T15:08:50.243+0900] {subprocess.py:106} INFO - 24/12/03 15:08:50 INFO Client:
[2024-12-03T15:08:50.243+0900] {subprocess.py:106} INFO - 	 client token: N/A
[2024-12-03T15:08:50.243+0900] {subprocess.py:106} INFO - 	 diagnostics: N/A
[2024-12-03T15:08:50.244+0900] {subprocess.py:106} INFO - 	 ApplicationMaster host: SN01
[2024-12-03T15:08:50.244+0900] {subprocess.py:106} INFO - 	 ApplicationMaster RPC port: 45421
[2024-12-03T15:08:50.244+0900] {subprocess.py:106} INFO - 	 queue: root.default
[2024-12-03T15:08:50.245+0900] {subprocess.py:106} INFO - 	 start time: 1733206052114
[2024-12-03T15:08:50.245+0900] {subprocess.py:106} INFO - 	 final status: SUCCEEDED
[2024-12-03T15:08:50.245+0900] {subprocess.py:106} INFO - 	 tracking URL: http://MN:8088/proxy/application_1733127595631_0027/
[2024-12-03T15:08:50.246+0900] {subprocess.py:106} INFO - 	 user: dke
[2024-12-03T15:08:50.252+0900] {subprocess.py:106} INFO - 24/12/03 15:08:50 INFO ShutdownHookManager: Shutdown hook called
[2024-12-03T15:08:50.253+0900] {subprocess.py:106} INFO - 24/12/03 15:08:50 INFO ShutdownHookManager: Deleting directory /tmp/spark-a75199d9-2c72-4463-b318-8dd8594192a5
[2024-12-03T15:08:50.256+0900] {subprocess.py:106} INFO - 24/12/03 15:08:50 INFO ShutdownHookManager: Deleting directory /tmp/spark-6c403a44-a397-4c40-a67f-0abf50401f43
[2024-12-03T15:08:50.609+0900] {subprocess.py:110} INFO - Command exited with return code 0
[2024-12-03T15:08:50.632+0900] {taskinstance.py:340} INFO - ::group::Post task execution logs
[2024-12-03T15:08:50.632+0900] {taskinstance.py:352} INFO - Marking task as SUCCESS. dag_id=process_and_upload_json_to_hdfs, task_id=run_make_model, run_id=scheduled__2024-12-03T05:00:00+00:00, execution_date=20241203T050000, start_date=20241203T060650, end_date=20241203T060850
[2024-12-03T15:08:50.652+0900] {local_task_job_runner.py:266} INFO - Task exited with return code 0
[2024-12-03T15:08:50.662+0900] {taskinstance.py:3895} INFO - 0 downstream tasks scheduled from follow-on schedule check
[2024-12-03T15:08:50.662+0900] {local_task_job_runner.py:245} INFO - ::endgroup::
