[2024-11-15T15:28:42.863+0900] {local_task_job_runner.py:123} INFO - ::group::Pre task execution logs
[2024-11-15T15:28:42.873+0900] {taskinstance.py:2613} INFO - Dependencies all met for dep_context=non-requeueable deps ti=<TaskInstance: random_data_direct_to_hdfs.save_to_hdfs scheduled__2024-11-14T07:07:00+00:00 [queued]>
[2024-11-15T15:28:42.880+0900] {taskinstance.py:2613} INFO - Dependencies all met for dep_context=requeueable deps ti=<TaskInstance: random_data_direct_to_hdfs.save_to_hdfs scheduled__2024-11-14T07:07:00+00:00 [queued]>
[2024-11-15T15:28:42.880+0900] {taskinstance.py:2866} INFO - Starting attempt 1 of 6
[2024-11-15T15:28:42.895+0900] {taskinstance.py:2889} INFO - Executing <Task(BashOperator): save_to_hdfs> on 2024-11-14 07:07:00+00:00
[2024-11-15T15:28:42.897+0900] {standard_task_runner.py:72} INFO - Started process 2384781 to run task
[2024-11-15T15:28:42.900+0900] {standard_task_runner.py:104} INFO - Running: ['airflow', 'tasks', 'run', 'random_data_direct_to_hdfs', 'save_to_hdfs', 'scheduled__2024-11-14T07:07:00+00:00', '--job-id', '43', '--raw', '--subdir', 'DAGS_FOLDER/data_to_hdfs.py', '--cfg-path', '/tmp/tmpp0_o2jmq']
[2024-11-15T15:28:42.902+0900] {standard_task_runner.py:105} INFO - Job 43: Subtask save_to_hdfs
[2024-11-15T15:28:42.935+0900] {task_command.py:467} INFO - Running <TaskInstance: random_data_direct_to_hdfs.save_to_hdfs scheduled__2024-11-14T07:07:00+00:00 [running]> on host MN
[2024-11-15T15:28:43.010+0900] {taskinstance.py:3132} INFO - Exporting env vars: AIRFLOW_CTX_DAG_OWNER='lwjeong' AIRFLOW_CTX_DAG_ID='random_data_direct_to_hdfs' AIRFLOW_CTX_TASK_ID='save_to_hdfs' AIRFLOW_CTX_EXECUTION_DATE='2024-11-14T07:07:00+00:00' AIRFLOW_CTX_TRY_NUMBER='1' AIRFLOW_CTX_DAG_RUN_ID='scheduled__2024-11-14T07:07:00+00:00'
[2024-11-15T15:28:43.011+0900] {taskinstance.py:731} INFO - ::endgroup::
[2024-11-15T15:28:43.024+0900] {subprocess.py:78} INFO - Tmp dir root location: /tmp
[2024-11-15T15:28:43.024+0900] {subprocess.py:88} INFO - Running command: ['/usr/bin/bash', '-c', 'echo "[{"id": 0, "value": 69, "timestamp": "2024-11-15T15:28:27.532507"}, {"id": 1, "value": 60, "timestamp": "2024-11-15T15:28:27.532507"}, {"id": 2, "value": 34, "timestamp": "2024-11-15T15:28:27.532507"}, {"id": 3, "value": 70, "timestamp": "2024-11-15T15:28:27.532507"}, {"id": 4, "value": 51, "timestamp": "2024-11-15T15:28:27.532507"}, {"id": 5, "value": 76, "timestamp": "2024-11-15T15:28:27.532507"}, {"id": 6, "value": 11, "timestamp": "2024-11-15T15:28:27.532507"}, {"id": 7, "value": 100, "timestamp": "2024-11-15T15:28:27.532507"}, {"id": 8, "value": 78, "timestamp": "2024-11-15T15:28:27.532507"}, {"id": 9, "value": 37, "timestamp": "2024-11-15T15:28:27.532507"}]" | hdfs dfs -put -f - /path/in/hdfs/random_data_8.json']
[2024-11-15T15:28:43.029+0900] {subprocess.py:99} INFO - Output:
[2024-11-15T15:28:45.087+0900] {subprocess.py:110} INFO - Command exited with return code 0
[2024-11-15T15:28:45.108+0900] {taskinstance.py:340} INFO - ::group::Post task execution logs
[2024-11-15T15:28:45.109+0900] {taskinstance.py:352} INFO - Marking task as SUCCESS. dag_id=random_data_direct_to_hdfs, task_id=save_to_hdfs, run_id=scheduled__2024-11-14T07:07:00+00:00, execution_date=20241114T070700, start_date=20241115T062842, end_date=20241115T062845
[2024-11-15T15:28:45.158+0900] {local_task_job_runner.py:266} INFO - Task exited with return code 0
[2024-11-15T15:28:45.171+0900] {taskinstance.py:3895} INFO - 0 downstream tasks scheduled from follow-on schedule check
[2024-11-15T15:28:45.172+0900] {local_task_job_runner.py:245} INFO - ::endgroup::
