[2024-12-03T02:00:32.576+0900] {local_task_job_runner.py:123} INFO - ::group::Pre task execution logs
[2024-12-03T02:00:32.586+0900] {taskinstance.py:2613} INFO - Dependencies all met for dep_context=non-requeueable deps ti=<TaskInstance: process_and_upload_json_to_hdfs.save_to_hdfs scheduled__2024-12-02T16:00:00+00:00 [queued]>
[2024-12-03T02:00:32.593+0900] {taskinstance.py:2613} INFO - Dependencies all met for dep_context=requeueable deps ti=<TaskInstance: process_and_upload_json_to_hdfs.save_to_hdfs scheduled__2024-12-02T16:00:00+00:00 [queued]>
[2024-12-03T02:00:32.593+0900] {taskinstance.py:2866} INFO - Starting attempt 1 of 2
[2024-12-03T02:00:32.608+0900] {taskinstance.py:2889} INFO - Executing <Task(BashOperator): save_to_hdfs> on 2024-12-02 16:00:00+00:00
[2024-12-03T02:00:32.611+0900] {standard_task_runner.py:72} INFO - Started process 171251 to run task
[2024-12-03T02:00:32.615+0900] {standard_task_runner.py:104} INFO - Running: ['airflow', 'tasks', 'run', 'process_and_upload_json_to_hdfs', 'save_to_hdfs', 'scheduled__2024-12-02T16:00:00+00:00', '--job-id', '402', '--raw', '--subdir', 'DAGS_FOLDER/data_to_hdfs.py', '--cfg-path', '/tmp/tmpodnlv5kz']
[2024-12-03T02:00:32.616+0900] {standard_task_runner.py:105} INFO - Job 402: Subtask save_to_hdfs
[2024-12-03T02:00:32.649+0900] {task_command.py:467} INFO - Running <TaskInstance: process_and_upload_json_to_hdfs.save_to_hdfs scheduled__2024-12-02T16:00:00+00:00 [running]> on host MN
[2024-12-03T02:00:32.723+0900] {taskinstance.py:3132} INFO - Exporting env vars: AIRFLOW_CTX_DAG_OWNER='airflow' AIRFLOW_CTX_DAG_ID='process_and_upload_json_to_hdfs' AIRFLOW_CTX_TASK_ID='save_to_hdfs' AIRFLOW_CTX_EXECUTION_DATE='2024-12-02T16:00:00+00:00' AIRFLOW_CTX_TRY_NUMBER='1' AIRFLOW_CTX_DAG_RUN_ID='scheduled__2024-12-02T16:00:00+00:00'
[2024-12-03T02:00:32.724+0900] {taskinstance.py:731} INFO - ::endgroup::
[2024-12-03T02:00:32.736+0900] {subprocess.py:78} INFO - Tmp dir root location: /tmp
[2024-12-03T02:00:32.737+0900] {subprocess.py:88} INFO - Running command: ['/usr/bin/bash', '-c', 'cat "/laewon/Riot/output/match_data_combined.csv" | hdfs dfs -put -f - /data/match_data_combined.csv']
[2024-12-03T02:00:32.743+0900] {subprocess.py:99} INFO - Output:
[2024-12-03T02:00:34.966+0900] {subprocess.py:110} INFO - Command exited with return code 0
[2024-12-03T02:00:34.987+0900] {taskinstance.py:340} INFO - ::group::Post task execution logs
[2024-12-03T02:00:34.987+0900] {taskinstance.py:352} INFO - Marking task as SUCCESS. dag_id=process_and_upload_json_to_hdfs, task_id=save_to_hdfs, run_id=scheduled__2024-12-02T16:00:00+00:00, execution_date=20241202T160000, start_date=20241202T170032, end_date=20241202T170034
[2024-12-03T02:00:35.033+0900] {local_task_job_runner.py:266} INFO - Task exited with return code 0
[2024-12-03T02:00:35.055+0900] {taskinstance.py:3895} INFO - 1 downstream tasks scheduled from follow-on schedule check
[2024-12-03T02:00:35.059+0900] {local_task_job_runner.py:245} INFO - ::endgroup::
