[2024-12-05T10:06:24.026+0900] {local_task_job_runner.py:123} INFO - ::group::Pre task execution logs
[2024-12-05T10:06:24.036+0900] {taskinstance.py:2613} INFO - Dependencies all met for dep_context=non-requeueable deps ti=<TaskInstance: process_and_upload_json_to_hdfs.run_make_model scheduled__2024-12-05T00:00:00+00:00 [queued]>
[2024-12-05T10:06:24.043+0900] {taskinstance.py:2613} INFO - Dependencies all met for dep_context=requeueable deps ti=<TaskInstance: process_and_upload_json_to_hdfs.run_make_model scheduled__2024-12-05T00:00:00+00:00 [queued]>
[2024-12-05T10:06:24.043+0900] {taskinstance.py:2866} INFO - Starting attempt 1 of 2
[2024-12-05T10:06:24.059+0900] {taskinstance.py:2889} INFO - Executing <Task(BashOperator): run_make_model> on 2024-12-05 00:00:00+00:00
[2024-12-05T10:06:24.062+0900] {standard_task_runner.py:72} INFO - Started process 1603509 to run task
[2024-12-05T10:06:24.065+0900] {standard_task_runner.py:104} INFO - Running: ['airflow', 'tasks', 'run', 'process_and_upload_json_to_hdfs', 'run_make_model', 'scheduled__2024-12-05T00:00:00+00:00', '--job-id', '630', '--raw', '--subdir', 'DAGS_FOLDER/data_to_hdfs.py', '--cfg-path', '/tmp/tmpxlywj9j3']
[2024-12-05T10:06:24.067+0900] {standard_task_runner.py:105} INFO - Job 630: Subtask run_make_model
[2024-12-05T10:06:24.100+0900] {task_command.py:467} INFO - Running <TaskInstance: process_and_upload_json_to_hdfs.run_make_model scheduled__2024-12-05T00:00:00+00:00 [running]> on host MN
[2024-12-05T10:06:24.168+0900] {taskinstance.py:3132} INFO - Exporting env vars: AIRFLOW_CTX_DAG_OWNER='airflow' AIRFLOW_CTX_DAG_ID='process_and_upload_json_to_hdfs' AIRFLOW_CTX_TASK_ID='run_make_model' AIRFLOW_CTX_EXECUTION_DATE='2024-12-05T00:00:00+00:00' AIRFLOW_CTX_TRY_NUMBER='1' AIRFLOW_CTX_DAG_RUN_ID='scheduled__2024-12-05T00:00:00+00:00'
[2024-12-05T10:06:24.169+0900] {taskinstance.py:731} INFO - ::endgroup::
[2024-12-05T10:06:24.183+0900] {subprocess.py:78} INFO - Tmp dir root location: /tmp
[2024-12-05T10:06:24.184+0900] {subprocess.py:88} INFO - Running command: ['/usr/bin/bash', '-c', '/laewon/spark/bin/spark-submit --master yarn --deploy-mode cluster /laewon/Riot/make_model.py']
[2024-12-05T10:06:24.190+0900] {subprocess.py:99} INFO - Output:
[2024-12-05T10:06:26.491+0900] {subprocess.py:106} INFO - 24/12/05 10:06:26 INFO DefaultNoHARMFailoverProxyProvider: Connecting to ResourceManager at MN/192.168.4.7:8032
[2024-12-05T10:06:27.224+0900] {subprocess.py:106} INFO - 24/12/05 10:06:27 INFO Configuration: resource-types.xml not found
[2024-12-05T10:06:27.224+0900] {subprocess.py:106} INFO - 24/12/05 10:06:27 INFO ResourceUtils: Unable to find 'resource-types.xml'.
[2024-12-05T10:06:27.240+0900] {subprocess.py:106} INFO - 24/12/05 10:06:27 INFO Client: Verifying our application has not requested more than the maximum memory capability of the cluster (819200 MB per container)
[2024-12-05T10:06:27.241+0900] {subprocess.py:106} INFO - 24/12/05 10:06:27 INFO Client: Will allocate AM container, with 1408 MB memory including 384 MB overhead
[2024-12-05T10:06:27.242+0900] {subprocess.py:106} INFO - 24/12/05 10:06:27 INFO Client: Setting up container launch context for our AM
[2024-12-05T10:06:27.247+0900] {subprocess.py:106} INFO - 24/12/05 10:06:27 INFO Client: Setting up the launch environment for our AM container
[2024-12-05T10:06:27.261+0900] {subprocess.py:106} INFO - 24/12/05 10:06:27 INFO Client: Preparing resources for our AM container
[2024-12-05T10:06:27.295+0900] {subprocess.py:106} INFO - 24/12/05 10:06:27 WARN Client: Neither spark.yarn.jars nor spark.yarn.archive is set, falling back to uploading libraries under SPARK_HOME.
[2024-12-05T10:06:30.205+0900] {subprocess.py:106} INFO - 24/12/05 10:06:30 INFO Client: Uploading resource file:/tmp/spark-2235e35d-86d5-4622-9b29-7ec27f14d2bb/__spark_libs__16066330254250913311.zip -> hdfs://MN:9000/user/dke/.sparkStaging/application_1733127595631_0074/__spark_libs__16066330254250913311.zip
[2024-12-05T10:07:00.182+0900] {subprocess.py:106} INFO - 24/12/05 10:07:00 INFO Client: Uploading resource file:/laewon/Riot/make_model.py -> hdfs://MN:9000/user/dke/.sparkStaging/application_1733127595631_0074/make_model.py
[2024-12-05T10:07:00.215+0900] {subprocess.py:106} INFO - 24/12/05 10:07:00 INFO Client: Uploading resource file:/laewon/spark-3.5.1-bin-hadoop3/python/lib/pyspark.zip -> hdfs://MN:9000/user/dke/.sparkStaging/application_1733127595631_0074/pyspark.zip
[2024-12-05T10:07:00.491+0900] {subprocess.py:106} INFO - 24/12/05 10:07:00 INFO Client: Uploading resource file:/laewon/spark-3.5.1-bin-hadoop3/python/lib/py4j-0.10.9.7-src.zip -> hdfs://MN:9000/user/dke/.sparkStaging/application_1733127595631_0074/py4j-0.10.9.7-src.zip
[2024-12-05T10:07:00.685+0900] {subprocess.py:106} INFO - 24/12/05 10:07:00 INFO Client: Uploading resource file:/tmp/spark-2235e35d-86d5-4622-9b29-7ec27f14d2bb/__spark_conf__16272288613199893757.zip -> hdfs://MN:9000/user/dke/.sparkStaging/application_1733127595631_0074/__spark_conf__.zip
[2024-12-05T10:07:00.760+0900] {subprocess.py:106} INFO - 24/12/05 10:07:00 INFO SecurityManager: Changing view acls to: dke
[2024-12-05T10:07:00.760+0900] {subprocess.py:106} INFO - 24/12/05 10:07:00 INFO SecurityManager: Changing modify acls to: dke
[2024-12-05T10:07:00.761+0900] {subprocess.py:106} INFO - 24/12/05 10:07:00 INFO SecurityManager: Changing view acls groups to:
[2024-12-05T10:07:00.761+0900] {subprocess.py:106} INFO - 24/12/05 10:07:00 INFO SecurityManager: Changing modify acls groups to:
[2024-12-05T10:07:00.762+0900] {subprocess.py:106} INFO - 24/12/05 10:07:00 INFO SecurityManager: SecurityManager: authentication disabled; ui acls disabled; users with view permissions: dke; groups with view permissions: EMPTY; users with modify permissions: dke; groups with modify permissions: EMPTY
[2024-12-05T10:07:00.799+0900] {subprocess.py:106} INFO - 24/12/05 10:07:00 INFO Client: Submitting application application_1733127595631_0074 to ResourceManager
[2024-12-05T10:07:00.847+0900] {subprocess.py:106} INFO - 24/12/05 10:07:00 INFO YarnClientImpl: Submitted application application_1733127595631_0074
[2024-12-05T10:07:01.850+0900] {subprocess.py:106} INFO - 24/12/05 10:07:01 INFO Client: Application report for application_1733127595631_0074 (state: ACCEPTED)
[2024-12-05T10:07:01.853+0900] {subprocess.py:106} INFO - 24/12/05 10:07:01 INFO Client:
[2024-12-05T10:07:01.853+0900] {subprocess.py:106} INFO - 	 client token: N/A
[2024-12-05T10:07:01.853+0900] {subprocess.py:106} INFO - 	 diagnostics: AM container is launched, waiting for AM container to Register with RM
[2024-12-05T10:07:01.854+0900] {subprocess.py:106} INFO - 	 ApplicationMaster host: N/A
[2024-12-05T10:07:01.854+0900] {subprocess.py:106} INFO - 	 ApplicationMaster RPC port: -1
[2024-12-05T10:07:01.854+0900] {subprocess.py:106} INFO - 	 queue: root.default
[2024-12-05T10:07:01.854+0900] {subprocess.py:106} INFO - 	 start time: 1733360820823
[2024-12-05T10:07:01.854+0900] {subprocess.py:106} INFO - 	 final status: UNDEFINED
[2024-12-05T10:07:01.855+0900] {subprocess.py:106} INFO - 	 tracking URL: http://MN:8088/proxy/application_1733127595631_0074/
[2024-12-05T10:07:01.855+0900] {subprocess.py:106} INFO - 	 user: dke
[2024-12-05T10:07:08.862+0900] {subprocess.py:106} INFO - 24/12/05 10:07:08 INFO Client: Application report for application_1733127595631_0074 (state: RUNNING)
[2024-12-05T10:07:08.862+0900] {subprocess.py:106} INFO - 24/12/05 10:07:08 INFO Client:
[2024-12-05T10:07:08.862+0900] {subprocess.py:106} INFO - 	 client token: N/A
[2024-12-05T10:07:08.863+0900] {subprocess.py:106} INFO - 	 diagnostics: N/A
[2024-12-05T10:07:08.863+0900] {subprocess.py:106} INFO - 	 ApplicationMaster host: SN04
[2024-12-05T10:07:08.863+0900] {subprocess.py:106} INFO - 	 ApplicationMaster RPC port: 43955
[2024-12-05T10:07:08.863+0900] {subprocess.py:106} INFO - 	 queue: root.default
[2024-12-05T10:07:08.864+0900] {subprocess.py:106} INFO - 	 start time: 1733360820823
[2024-12-05T10:07:08.864+0900] {subprocess.py:106} INFO - 	 final status: UNDEFINED
[2024-12-05T10:07:08.864+0900] {subprocess.py:106} INFO - 	 tracking URL: http://MN:8088/proxy/application_1733127595631_0074/
[2024-12-05T10:07:08.865+0900] {subprocess.py:106} INFO - 	 user: dke
[2024-12-05T10:07:38.897+0900] {subprocess.py:106} INFO - 24/12/05 10:07:38 INFO Client: Application report for application_1733127595631_0074 (state: RUNNING)
[2024-12-05T10:07:44.905+0900] {subprocess.py:106} INFO - 24/12/05 10:07:44 INFO Client: Application report for application_1733127595631_0074 (state: FINISHED)
[2024-12-05T10:07:44.905+0900] {subprocess.py:106} INFO - 24/12/05 10:07:44 INFO Client:
[2024-12-05T10:07:44.906+0900] {subprocess.py:106} INFO - 	 client token: N/A
[2024-12-05T10:07:44.906+0900] {subprocess.py:106} INFO - 	 diagnostics: N/A
[2024-12-05T10:07:44.906+0900] {subprocess.py:106} INFO - 	 ApplicationMaster host: SN04
[2024-12-05T10:07:44.907+0900] {subprocess.py:106} INFO - 	 ApplicationMaster RPC port: 43955
[2024-12-05T10:07:44.907+0900] {subprocess.py:106} INFO - 	 queue: root.default
[2024-12-05T10:07:44.907+0900] {subprocess.py:106} INFO - 	 start time: 1733360820823
[2024-12-05T10:07:44.907+0900] {subprocess.py:106} INFO - 	 final status: SUCCEEDED
[2024-12-05T10:07:44.907+0900] {subprocess.py:106} INFO - 	 tracking URL: http://MN:8088/proxy/application_1733127595631_0074/
[2024-12-05T10:07:44.908+0900] {subprocess.py:106} INFO - 	 user: dke
[2024-12-05T10:07:44.914+0900] {subprocess.py:106} INFO - 24/12/05 10:07:44 INFO ShutdownHookManager: Shutdown hook called
[2024-12-05T10:07:44.915+0900] {subprocess.py:106} INFO - 24/12/05 10:07:44 INFO ShutdownHookManager: Deleting directory /tmp/spark-00a95e44-5ec7-4363-87b1-a76594e4c991
[2024-12-05T10:07:44.918+0900] {subprocess.py:106} INFO - 24/12/05 10:07:44 INFO ShutdownHookManager: Deleting directory /tmp/spark-2235e35d-86d5-4622-9b29-7ec27f14d2bb
[2024-12-05T10:07:45.276+0900] {subprocess.py:110} INFO - Command exited with return code 0
[2024-12-05T10:07:45.300+0900] {taskinstance.py:340} INFO - ::group::Post task execution logs
[2024-12-05T10:07:45.300+0900] {taskinstance.py:352} INFO - Marking task as SUCCESS. dag_id=process_and_upload_json_to_hdfs, task_id=run_make_model, run_id=scheduled__2024-12-05T00:00:00+00:00, execution_date=20241205T000000, start_date=20241205T010624, end_date=20241205T010745
[2024-12-05T10:07:45.342+0900] {local_task_job_runner.py:266} INFO - Task exited with return code 0
[2024-12-05T10:07:45.352+0900] {taskinstance.py:3895} INFO - 0 downstream tasks scheduled from follow-on schedule check
[2024-12-05T10:07:45.353+0900] {local_task_job_runner.py:245} INFO - ::endgroup::
