[2024-12-04T04:06:38.244+0900] {local_task_job_runner.py:123} INFO - ::group::Pre task execution logs
[2024-12-04T04:06:38.254+0900] {taskinstance.py:2613} INFO - Dependencies all met for dep_context=non-requeueable deps ti=<TaskInstance: process_and_upload_json_to_hdfs.run_make_model scheduled__2024-12-03T18:00:00+00:00 [queued]>
[2024-12-04T04:06:38.261+0900] {taskinstance.py:2613} INFO - Dependencies all met for dep_context=requeueable deps ti=<TaskInstance: process_and_upload_json_to_hdfs.run_make_model scheduled__2024-12-03T18:00:00+00:00 [queued]>
[2024-12-04T04:06:38.261+0900] {taskinstance.py:2866} INFO - Starting attempt 1 of 2
[2024-12-04T04:06:38.277+0900] {taskinstance.py:2889} INFO - Executing <Task(BashOperator): run_make_model> on 2024-12-03 18:00:00+00:00
[2024-12-04T04:06:38.280+0900] {standard_task_runner.py:72} INFO - Started process 737633 to run task
[2024-12-04T04:06:38.283+0900] {standard_task_runner.py:104} INFO - Running: ['airflow', 'tasks', 'run', 'process_and_upload_json_to_hdfs', 'run_make_model', 'scheduled__2024-12-03T18:00:00+00:00', '--job-id', '510', '--raw', '--subdir', 'DAGS_FOLDER/data_to_hdfs.py', '--cfg-path', '/tmp/tmp_01nun46']
[2024-12-04T04:06:38.285+0900] {standard_task_runner.py:105} INFO - Job 510: Subtask run_make_model
[2024-12-04T04:06:38.318+0900] {task_command.py:467} INFO - Running <TaskInstance: process_and_upload_json_to_hdfs.run_make_model scheduled__2024-12-03T18:00:00+00:00 [running]> on host MN
[2024-12-04T04:06:38.385+0900] {taskinstance.py:3132} INFO - Exporting env vars: AIRFLOW_CTX_DAG_OWNER='airflow' AIRFLOW_CTX_DAG_ID='process_and_upload_json_to_hdfs' AIRFLOW_CTX_TASK_ID='run_make_model' AIRFLOW_CTX_EXECUTION_DATE='2024-12-03T18:00:00+00:00' AIRFLOW_CTX_TRY_NUMBER='1' AIRFLOW_CTX_DAG_RUN_ID='scheduled__2024-12-03T18:00:00+00:00'
[2024-12-04T04:06:38.386+0900] {taskinstance.py:731} INFO - ::endgroup::
[2024-12-04T04:06:38.400+0900] {subprocess.py:78} INFO - Tmp dir root location: /tmp
[2024-12-04T04:06:38.400+0900] {subprocess.py:88} INFO - Running command: ['/usr/bin/bash', '-c', '/laewon/spark/bin/spark-submit --master yarn --deploy-mode cluster /laewon/Riot/make_model.py']
[2024-12-04T04:06:38.407+0900] {subprocess.py:99} INFO - Output:
[2024-12-04T04:06:40.646+0900] {subprocess.py:106} INFO - 24/12/04 04:06:40 INFO DefaultNoHARMFailoverProxyProvider: Connecting to ResourceManager at MN/192.168.4.7:8032
[2024-12-04T04:06:41.335+0900] {subprocess.py:106} INFO - 24/12/04 04:06:41 INFO Configuration: resource-types.xml not found
[2024-12-04T04:06:41.335+0900] {subprocess.py:106} INFO - 24/12/04 04:06:41 INFO ResourceUtils: Unable to find 'resource-types.xml'.
[2024-12-04T04:06:41.350+0900] {subprocess.py:106} INFO - 24/12/04 04:06:41 INFO Client: Verifying our application has not requested more than the maximum memory capability of the cluster (819200 MB per container)
[2024-12-04T04:06:41.351+0900] {subprocess.py:106} INFO - 24/12/04 04:06:41 INFO Client: Will allocate AM container, with 1408 MB memory including 384 MB overhead
[2024-12-04T04:06:41.351+0900] {subprocess.py:106} INFO - 24/12/04 04:06:41 INFO Client: Setting up container launch context for our AM
[2024-12-04T04:06:41.355+0900] {subprocess.py:106} INFO - 24/12/04 04:06:41 INFO Client: Setting up the launch environment for our AM container
[2024-12-04T04:06:41.366+0900] {subprocess.py:106} INFO - 24/12/04 04:06:41 INFO Client: Preparing resources for our AM container
[2024-12-04T04:06:41.401+0900] {subprocess.py:106} INFO - 24/12/04 04:06:41 WARN Client: Neither spark.yarn.jars nor spark.yarn.archive is set, falling back to uploading libraries under SPARK_HOME.
[2024-12-04T04:06:44.265+0900] {subprocess.py:106} INFO - 24/12/04 04:06:44 INFO Client: Uploading resource file:/tmp/spark-84879c22-9cec-428c-8cab-2ba09a16ed74/__spark_libs__3815761648796191057.zip -> hdfs://MN:9000/user/dke/.sparkStaging/application_1733127595631_0044/__spark_libs__3815761648796191057.zip
[2024-12-04T04:07:14.085+0900] {subprocess.py:106} INFO - 24/12/04 04:07:14 INFO Client: Uploading resource file:/laewon/Riot/make_model.py -> hdfs://MN:9000/user/dke/.sparkStaging/application_1733127595631_0044/make_model.py
[2024-12-04T04:07:14.119+0900] {subprocess.py:106} INFO - 24/12/04 04:07:14 INFO Client: Uploading resource file:/laewon/spark-3.5.1-bin-hadoop3/python/lib/pyspark.zip -> hdfs://MN:9000/user/dke/.sparkStaging/application_1733127595631_0044/pyspark.zip
[2024-12-04T04:07:14.361+0900] {subprocess.py:106} INFO - 24/12/04 04:07:14 INFO Client: Uploading resource file:/laewon/spark-3.5.1-bin-hadoop3/python/lib/py4j-0.10.9.7-src.zip -> hdfs://MN:9000/user/dke/.sparkStaging/application_1733127595631_0044/py4j-0.10.9.7-src.zip
[2024-12-04T04:07:14.561+0900] {subprocess.py:106} INFO - 24/12/04 04:07:14 INFO Client: Uploading resource file:/tmp/spark-84879c22-9cec-428c-8cab-2ba09a16ed74/__spark_conf__6398956836397903790.zip -> hdfs://MN:9000/user/dke/.sparkStaging/application_1733127595631_0044/__spark_conf__.zip
[2024-12-04T04:07:14.650+0900] {subprocess.py:106} INFO - 24/12/04 04:07:14 INFO SecurityManager: Changing view acls to: dke
[2024-12-04T04:07:14.651+0900] {subprocess.py:106} INFO - 24/12/04 04:07:14 INFO SecurityManager: Changing modify acls to: dke
[2024-12-04T04:07:14.651+0900] {subprocess.py:106} INFO - 24/12/04 04:07:14 INFO SecurityManager: Changing view acls groups to:
[2024-12-04T04:07:14.652+0900] {subprocess.py:106} INFO - 24/12/04 04:07:14 INFO SecurityManager: Changing modify acls groups to:
[2024-12-04T04:07:14.652+0900] {subprocess.py:106} INFO - 24/12/04 04:07:14 INFO SecurityManager: SecurityManager: authentication disabled; ui acls disabled; users with view permissions: dke; groups with view permissions: EMPTY; users with modify permissions: dke; groups with modify permissions: EMPTY
[2024-12-04T04:07:14.688+0900] {subprocess.py:106} INFO - 24/12/04 04:07:14 INFO Client: Submitting application application_1733127595631_0044 to ResourceManager
[2024-12-04T04:07:14.733+0900] {subprocess.py:106} INFO - 24/12/04 04:07:14 INFO YarnClientImpl: Submitted application application_1733127595631_0044
[2024-12-04T04:07:15.736+0900] {subprocess.py:106} INFO - 24/12/04 04:07:15 INFO Client: Application report for application_1733127595631_0044 (state: ACCEPTED)
[2024-12-04T04:07:15.739+0900] {subprocess.py:106} INFO - 24/12/04 04:07:15 INFO Client:
[2024-12-04T04:07:15.739+0900] {subprocess.py:106} INFO - 	 client token: N/A
[2024-12-04T04:07:15.740+0900] {subprocess.py:106} INFO - 	 diagnostics: AM container is launched, waiting for AM container to Register with RM
[2024-12-04T04:07:15.740+0900] {subprocess.py:106} INFO - 	 ApplicationMaster host: N/A
[2024-12-04T04:07:15.740+0900] {subprocess.py:106} INFO - 	 ApplicationMaster RPC port: -1
[2024-12-04T04:07:15.740+0900] {subprocess.py:106} INFO - 	 queue: root.default
[2024-12-04T04:07:15.741+0900] {subprocess.py:106} INFO - 	 start time: 1733252834712
[2024-12-04T04:07:15.741+0900] {subprocess.py:106} INFO - 	 final status: UNDEFINED
[2024-12-04T04:07:15.741+0900] {subprocess.py:106} INFO - 	 tracking URL: http://MN:8088/proxy/application_1733127595631_0044/
[2024-12-04T04:07:15.741+0900] {subprocess.py:106} INFO - 	 user: dke
[2024-12-04T04:07:22.749+0900] {subprocess.py:106} INFO - 24/12/04 04:07:22 INFO Client: Application report for application_1733127595631_0044 (state: RUNNING)
[2024-12-04T04:07:22.749+0900] {subprocess.py:106} INFO - 24/12/04 04:07:22 INFO Client:
[2024-12-04T04:07:22.750+0900] {subprocess.py:106} INFO - 	 client token: N/A
[2024-12-04T04:07:22.750+0900] {subprocess.py:106} INFO - 	 diagnostics: N/A
[2024-12-04T04:07:22.750+0900] {subprocess.py:106} INFO - 	 ApplicationMaster host: SN05
[2024-12-04T04:07:22.750+0900] {subprocess.py:106} INFO - 	 ApplicationMaster RPC port: 35545
[2024-12-04T04:07:22.751+0900] {subprocess.py:106} INFO - 	 queue: root.default
[2024-12-04T04:07:22.751+0900] {subprocess.py:106} INFO - 	 start time: 1733252834712
[2024-12-04T04:07:22.751+0900] {subprocess.py:106} INFO - 	 final status: UNDEFINED
[2024-12-04T04:07:22.751+0900] {subprocess.py:106} INFO - 	 tracking URL: http://MN:8088/proxy/application_1733127595631_0044/
[2024-12-04T04:07:22.752+0900] {subprocess.py:106} INFO - 	 user: dke
[2024-12-04T04:07:52.790+0900] {subprocess.py:106} INFO - 24/12/04 04:07:52 INFO Client: Application report for application_1733127595631_0044 (state: RUNNING)
[2024-12-04T04:08:04.805+0900] {subprocess.py:106} INFO - 24/12/04 04:08:04 INFO Client: Application report for application_1733127595631_0044 (state: FINISHED)
[2024-12-04T04:08:04.805+0900] {subprocess.py:106} INFO - 24/12/04 04:08:04 INFO Client:
[2024-12-04T04:08:04.806+0900] {subprocess.py:106} INFO - 	 client token: N/A
[2024-12-04T04:08:04.806+0900] {subprocess.py:106} INFO - 	 diagnostics: N/A
[2024-12-04T04:08:04.806+0900] {subprocess.py:106} INFO - 	 ApplicationMaster host: SN05
[2024-12-04T04:08:04.806+0900] {subprocess.py:106} INFO - 	 ApplicationMaster RPC port: 35545
[2024-12-04T04:08:04.807+0900] {subprocess.py:106} INFO - 	 queue: root.default
[2024-12-04T04:08:04.807+0900] {subprocess.py:106} INFO - 	 start time: 1733252834712
[2024-12-04T04:08:04.807+0900] {subprocess.py:106} INFO - 	 final status: SUCCEEDED
[2024-12-04T04:08:04.807+0900] {subprocess.py:106} INFO - 	 tracking URL: http://MN:8088/proxy/application_1733127595631_0044/
[2024-12-04T04:08:04.808+0900] {subprocess.py:106} INFO - 	 user: dke
[2024-12-04T04:08:04.814+0900] {subprocess.py:106} INFO - 24/12/04 04:08:04 INFO ShutdownHookManager: Shutdown hook called
[2024-12-04T04:08:04.815+0900] {subprocess.py:106} INFO - 24/12/04 04:08:04 INFO ShutdownHookManager: Deleting directory /tmp/spark-58671be4-594b-4a4a-a3b0-165e8bf373c1
[2024-12-04T04:08:04.818+0900] {subprocess.py:106} INFO - 24/12/04 04:08:04 INFO ShutdownHookManager: Deleting directory /tmp/spark-84879c22-9cec-428c-8cab-2ba09a16ed74
[2024-12-04T04:08:05.172+0900] {subprocess.py:110} INFO - Command exited with return code 0
[2024-12-04T04:08:05.196+0900] {taskinstance.py:340} INFO - ::group::Post task execution logs
[2024-12-04T04:08:05.196+0900] {taskinstance.py:352} INFO - Marking task as SUCCESS. dag_id=process_and_upload_json_to_hdfs, task_id=run_make_model, run_id=scheduled__2024-12-03T18:00:00+00:00, execution_date=20241203T180000, start_date=20241203T190638, end_date=20241203T190805
[2024-12-04T04:08:05.244+0900] {local_task_job_runner.py:266} INFO - Task exited with return code 0
[2024-12-04T04:08:05.255+0900] {taskinstance.py:3895} INFO - 0 downstream tasks scheduled from follow-on schedule check
[2024-12-04T04:08:05.255+0900] {local_task_job_runner.py:245} INFO - ::endgroup::
