[2024-12-03T09:06:37.344+0900] {local_task_job_runner.py:123} INFO - ::group::Pre task execution logs
[2024-12-03T09:06:37.355+0900] {taskinstance.py:2613} INFO - Dependencies all met for dep_context=non-requeueable deps ti=<TaskInstance: process_and_upload_json_to_hdfs.run_make_model scheduled__2024-12-02T23:00:00+00:00 [queued]>
[2024-12-03T09:06:37.361+0900] {taskinstance.py:2613} INFO - Dependencies all met for dep_context=requeueable deps ti=<TaskInstance: process_and_upload_json_to_hdfs.run_make_model scheduled__2024-12-02T23:00:00+00:00 [queued]>
[2024-12-03T09:06:37.362+0900] {taskinstance.py:2866} INFO - Starting attempt 1 of 2
[2024-12-03T09:06:37.377+0900] {taskinstance.py:2889} INFO - Executing <Task(BashOperator): run_make_model> on 2024-12-02 23:00:00+00:00
[2024-12-03T09:06:37.381+0900] {standard_task_runner.py:72} INFO - Started process 284658 to run task
[2024-12-03T09:06:37.384+0900] {standard_task_runner.py:104} INFO - Running: ['airflow', 'tasks', 'run', 'process_and_upload_json_to_hdfs', 'run_make_model', 'scheduled__2024-12-02T23:00:00+00:00', '--job-id', '432', '--raw', '--subdir', 'DAGS_FOLDER/data_to_hdfs.py', '--cfg-path', '/tmp/tmpw9zph54j']
[2024-12-03T09:06:37.386+0900] {standard_task_runner.py:105} INFO - Job 432: Subtask run_make_model
[2024-12-03T09:06:37.419+0900] {task_command.py:467} INFO - Running <TaskInstance: process_and_upload_json_to_hdfs.run_make_model scheduled__2024-12-02T23:00:00+00:00 [running]> on host MN
[2024-12-03T09:06:37.485+0900] {taskinstance.py:3132} INFO - Exporting env vars: AIRFLOW_CTX_DAG_OWNER='airflow' AIRFLOW_CTX_DAG_ID='process_and_upload_json_to_hdfs' AIRFLOW_CTX_TASK_ID='run_make_model' AIRFLOW_CTX_EXECUTION_DATE='2024-12-02T23:00:00+00:00' AIRFLOW_CTX_TRY_NUMBER='1' AIRFLOW_CTX_DAG_RUN_ID='scheduled__2024-12-02T23:00:00+00:00'
[2024-12-03T09:06:37.485+0900] {taskinstance.py:731} INFO - ::endgroup::
[2024-12-03T09:06:37.499+0900] {subprocess.py:78} INFO - Tmp dir root location: /tmp
[2024-12-03T09:06:37.500+0900] {subprocess.py:88} INFO - Running command: ['/usr/bin/bash', '-c', '/laewon/spark/bin/spark-submit --master yarn --deploy-mode cluster /laewon/Riot/make_model.py']
[2024-12-03T09:06:37.506+0900] {subprocess.py:99} INFO - Output:
[2024-12-03T09:06:39.753+0900] {subprocess.py:106} INFO - 24/12/03 09:06:39 INFO DefaultNoHARMFailoverProxyProvider: Connecting to ResourceManager at MN/192.168.4.7:8032
[2024-12-03T09:06:40.443+0900] {subprocess.py:106} INFO - 24/12/03 09:06:40 INFO Configuration: resource-types.xml not found
[2024-12-03T09:06:40.444+0900] {subprocess.py:106} INFO - 24/12/03 09:06:40 INFO ResourceUtils: Unable to find 'resource-types.xml'.
[2024-12-03T09:06:40.458+0900] {subprocess.py:106} INFO - 24/12/03 09:06:40 INFO Client: Verifying our application has not requested more than the maximum memory capability of the cluster (819200 MB per container)
[2024-12-03T09:06:40.459+0900] {subprocess.py:106} INFO - 24/12/03 09:06:40 INFO Client: Will allocate AM container, with 1408 MB memory including 384 MB overhead
[2024-12-03T09:06:40.460+0900] {subprocess.py:106} INFO - 24/12/03 09:06:40 INFO Client: Setting up container launch context for our AM
[2024-12-03T09:06:40.463+0900] {subprocess.py:106} INFO - 24/12/03 09:06:40 INFO Client: Setting up the launch environment for our AM container
[2024-12-03T09:06:40.475+0900] {subprocess.py:106} INFO - 24/12/03 09:06:40 INFO Client: Preparing resources for our AM container
[2024-12-03T09:06:40.510+0900] {subprocess.py:106} INFO - 24/12/03 09:06:40 WARN Client: Neither spark.yarn.jars nor spark.yarn.archive is set, falling back to uploading libraries under SPARK_HOME.
[2024-12-03T09:06:43.330+0900] {subprocess.py:106} INFO - 24/12/03 09:06:43 INFO Client: Uploading resource file:/tmp/spark-b5399e96-63ec-4677-a283-d35d82f87f52/__spark_libs__4273893399774755447.zip -> hdfs://MN:9000/user/dke/.sparkStaging/application_1733127595631_0019/__spark_libs__4273893399774755447.zip
[2024-12-03T09:07:13.536+0900] {subprocess.py:106} INFO - 24/12/03 09:07:13 INFO Client: Uploading resource file:/laewon/Riot/make_model.py -> hdfs://MN:9000/user/dke/.sparkStaging/application_1733127595631_0019/make_model.py
[2024-12-03T09:07:13.572+0900] {subprocess.py:106} INFO - 24/12/03 09:07:13 INFO Client: Uploading resource file:/laewon/spark-3.5.1-bin-hadoop3/python/lib/pyspark.zip -> hdfs://MN:9000/user/dke/.sparkStaging/application_1733127595631_0019/pyspark.zip
[2024-12-03T09:07:13.809+0900] {subprocess.py:106} INFO - 24/12/03 09:07:13 INFO Client: Uploading resource file:/laewon/spark-3.5.1-bin-hadoop3/python/lib/py4j-0.10.9.7-src.zip -> hdfs://MN:9000/user/dke/.sparkStaging/application_1733127595631_0019/py4j-0.10.9.7-src.zip
[2024-12-03T09:07:14.021+0900] {subprocess.py:106} INFO - 24/12/03 09:07:14 INFO Client: Uploading resource file:/tmp/spark-b5399e96-63ec-4677-a283-d35d82f87f52/__spark_conf__12611377319932861749.zip -> hdfs://MN:9000/user/dke/.sparkStaging/application_1733127595631_0019/__spark_conf__.zip
[2024-12-03T09:07:14.099+0900] {subprocess.py:106} INFO - 24/12/03 09:07:14 INFO SecurityManager: Changing view acls to: dke
[2024-12-03T09:07:14.099+0900] {subprocess.py:106} INFO - 24/12/03 09:07:14 INFO SecurityManager: Changing modify acls to: dke
[2024-12-03T09:07:14.100+0900] {subprocess.py:106} INFO - 24/12/03 09:07:14 INFO SecurityManager: Changing view acls groups to:
[2024-12-03T09:07:14.100+0900] {subprocess.py:106} INFO - 24/12/03 09:07:14 INFO SecurityManager: Changing modify acls groups to:
[2024-12-03T09:07:14.101+0900] {subprocess.py:106} INFO - 24/12/03 09:07:14 INFO SecurityManager: SecurityManager: authentication disabled; ui acls disabled; users with view permissions: dke; groups with view permissions: EMPTY; users with modify permissions: dke; groups with modify permissions: EMPTY
[2024-12-03T09:07:14.139+0900] {subprocess.py:106} INFO - 24/12/03 09:07:14 INFO Client: Submitting application application_1733127595631_0019 to ResourceManager
[2024-12-03T09:07:14.187+0900] {subprocess.py:106} INFO - 24/12/03 09:07:14 INFO YarnClientImpl: Submitted application application_1733127595631_0019
[2024-12-03T09:07:15.190+0900] {subprocess.py:106} INFO - 24/12/03 09:07:15 INFO Client: Application report for application_1733127595631_0019 (state: ACCEPTED)
[2024-12-03T09:07:15.193+0900] {subprocess.py:106} INFO - 24/12/03 09:07:15 INFO Client:
[2024-12-03T09:07:15.194+0900] {subprocess.py:106} INFO - 	 client token: N/A
[2024-12-03T09:07:15.194+0900] {subprocess.py:106} INFO - 	 diagnostics: AM container is launched, waiting for AM container to Register with RM
[2024-12-03T09:07:15.194+0900] {subprocess.py:106} INFO - 	 ApplicationMaster host: N/A
[2024-12-03T09:07:15.194+0900] {subprocess.py:106} INFO - 	 ApplicationMaster RPC port: -1
[2024-12-03T09:07:15.195+0900] {subprocess.py:106} INFO - 	 queue: root.default
[2024-12-03T09:07:15.195+0900] {subprocess.py:106} INFO - 	 start time: 1733184434165
[2024-12-03T09:07:15.195+0900] {subprocess.py:106} INFO - 	 final status: UNDEFINED
[2024-12-03T09:07:15.195+0900] {subprocess.py:106} INFO - 	 tracking URL: http://MN:8088/proxy/application_1733127595631_0019/
[2024-12-03T09:07:15.196+0900] {subprocess.py:106} INFO - 	 user: dke
[2024-12-03T09:07:22.203+0900] {subprocess.py:106} INFO - 24/12/03 09:07:22 INFO Client: Application report for application_1733127595631_0019 (state: RUNNING)
[2024-12-03T09:07:22.203+0900] {subprocess.py:106} INFO - 24/12/03 09:07:22 INFO Client:
[2024-12-03T09:07:22.204+0900] {subprocess.py:106} INFO - 	 client token: N/A
[2024-12-03T09:07:22.204+0900] {subprocess.py:106} INFO - 	 diagnostics: N/A
[2024-12-03T09:07:22.204+0900] {subprocess.py:106} INFO - 	 ApplicationMaster host: SN06
[2024-12-03T09:07:22.204+0900] {subprocess.py:106} INFO - 	 ApplicationMaster RPC port: 40859
[2024-12-03T09:07:22.205+0900] {subprocess.py:106} INFO - 	 queue: root.default
[2024-12-03T09:07:22.205+0900] {subprocess.py:106} INFO - 	 start time: 1733184434165
[2024-12-03T09:07:22.205+0900] {subprocess.py:106} INFO - 	 final status: UNDEFINED
[2024-12-03T09:07:22.205+0900] {subprocess.py:106} INFO - 	 tracking URL: http://MN:8088/proxy/application_1733127595631_0019/
[2024-12-03T09:07:22.206+0900] {subprocess.py:106} INFO - 	 user: dke
[2024-12-03T09:07:52.242+0900] {subprocess.py:106} INFO - 24/12/03 09:07:52 INFO Client: Application report for application_1733127595631_0019 (state: RUNNING)
[2024-12-03T09:08:13.268+0900] {subprocess.py:106} INFO - 24/12/03 09:08:13 INFO Client: Application report for application_1733127595631_0019 (state: FINISHED)
[2024-12-03T09:08:13.268+0900] {subprocess.py:106} INFO - 24/12/03 09:08:13 INFO Client:
[2024-12-03T09:08:13.269+0900] {subprocess.py:106} INFO - 	 client token: N/A
[2024-12-03T09:08:13.269+0900] {subprocess.py:106} INFO - 	 diagnostics: N/A
[2024-12-03T09:08:13.269+0900] {subprocess.py:106} INFO - 	 ApplicationMaster host: SN06
[2024-12-03T09:08:13.270+0900] {subprocess.py:106} INFO - 	 ApplicationMaster RPC port: 40859
[2024-12-03T09:08:13.270+0900] {subprocess.py:106} INFO - 	 queue: root.default
[2024-12-03T09:08:13.270+0900] {subprocess.py:106} INFO - 	 start time: 1733184434165
[2024-12-03T09:08:13.270+0900] {subprocess.py:106} INFO - 	 final status: SUCCEEDED
[2024-12-03T09:08:13.271+0900] {subprocess.py:106} INFO - 	 tracking URL: http://MN:8088/proxy/application_1733127595631_0019/
[2024-12-03T09:08:13.271+0900] {subprocess.py:106} INFO - 	 user: dke
[2024-12-03T09:08:13.277+0900] {subprocess.py:106} INFO - 24/12/03 09:08:13 INFO ShutdownHookManager: Shutdown hook called
[2024-12-03T09:08:13.279+0900] {subprocess.py:106} INFO - 24/12/03 09:08:13 INFO ShutdownHookManager: Deleting directory /tmp/spark-7fb3ebaf-21cb-4765-b7a7-ba07998eb1f2
[2024-12-03T09:08:13.282+0900] {subprocess.py:106} INFO - 24/12/03 09:08:13 INFO ShutdownHookManager: Deleting directory /tmp/spark-b5399e96-63ec-4677-a283-d35d82f87f52
[2024-12-03T09:08:13.636+0900] {subprocess.py:110} INFO - Command exited with return code 0
[2024-12-03T09:08:13.658+0900] {taskinstance.py:340} INFO - ::group::Post task execution logs
[2024-12-03T09:08:13.659+0900] {taskinstance.py:352} INFO - Marking task as SUCCESS. dag_id=process_and_upload_json_to_hdfs, task_id=run_make_model, run_id=scheduled__2024-12-02T23:00:00+00:00, execution_date=20241202T230000, start_date=20241203T000637, end_date=20241203T000813
[2024-12-03T09:08:13.701+0900] {local_task_job_runner.py:266} INFO - Task exited with return code 0
[2024-12-03T09:08:13.712+0900] {taskinstance.py:3895} INFO - 0 downstream tasks scheduled from follow-on schedule check
[2024-12-03T09:08:13.712+0900] {local_task_job_runner.py:245} INFO - ::endgroup::
