[2024-12-03T05:06:50.464+0900] {local_task_job_runner.py:123} INFO - ::group::Pre task execution logs
[2024-12-03T05:06:50.474+0900] {taskinstance.py:2613} INFO - Dependencies all met for dep_context=non-requeueable deps ti=<TaskInstance: process_and_upload_json_to_hdfs.run_make_model scheduled__2024-12-02T19:00:00+00:00 [queued]>
[2024-12-03T05:06:50.481+0900] {taskinstance.py:2613} INFO - Dependencies all met for dep_context=requeueable deps ti=<TaskInstance: process_and_upload_json_to_hdfs.run_make_model scheduled__2024-12-02T19:00:00+00:00 [queued]>
[2024-12-03T05:06:50.481+0900] {taskinstance.py:2866} INFO - Starting attempt 1 of 2
[2024-12-03T05:06:50.497+0900] {taskinstance.py:2889} INFO - Executing <Task(BashOperator): run_make_model> on 2024-12-02 19:00:00+00:00
[2024-12-03T05:06:50.500+0900] {standard_task_runner.py:72} INFO - Started process 225377 to run task
[2024-12-03T05:06:50.504+0900] {standard_task_runner.py:104} INFO - Running: ['airflow', 'tasks', 'run', 'process_and_upload_json_to_hdfs', 'run_make_model', 'scheduled__2024-12-02T19:00:00+00:00', '--job-id', '416', '--raw', '--subdir', 'DAGS_FOLDER/data_to_hdfs.py', '--cfg-path', '/tmp/tmp1ctw7u_b']
[2024-12-03T05:06:50.505+0900] {standard_task_runner.py:105} INFO - Job 416: Subtask run_make_model
[2024-12-03T05:06:50.538+0900] {task_command.py:467} INFO - Running <TaskInstance: process_and_upload_json_to_hdfs.run_make_model scheduled__2024-12-02T19:00:00+00:00 [running]> on host MN
[2024-12-03T05:06:50.604+0900] {taskinstance.py:3132} INFO - Exporting env vars: AIRFLOW_CTX_DAG_OWNER='airflow' AIRFLOW_CTX_DAG_ID='process_and_upload_json_to_hdfs' AIRFLOW_CTX_TASK_ID='run_make_model' AIRFLOW_CTX_EXECUTION_DATE='2024-12-02T19:00:00+00:00' AIRFLOW_CTX_TRY_NUMBER='1' AIRFLOW_CTX_DAG_RUN_ID='scheduled__2024-12-02T19:00:00+00:00'
[2024-12-03T05:06:50.605+0900] {taskinstance.py:731} INFO - ::endgroup::
[2024-12-03T05:06:50.619+0900] {subprocess.py:78} INFO - Tmp dir root location: /tmp
[2024-12-03T05:06:50.620+0900] {subprocess.py:88} INFO - Running command: ['/usr/bin/bash', '-c', '/laewon/spark/bin/spark-submit --master yarn --deploy-mode cluster /laewon/Riot/make_model.py']
[2024-12-03T05:06:50.626+0900] {subprocess.py:99} INFO - Output:
[2024-12-03T05:06:52.862+0900] {subprocess.py:106} INFO - 24/12/03 05:06:52 INFO DefaultNoHARMFailoverProxyProvider: Connecting to ResourceManager at MN/192.168.4.7:8032
[2024-12-03T05:06:53.555+0900] {subprocess.py:106} INFO - 24/12/03 05:06:53 INFO Configuration: resource-types.xml not found
[2024-12-03T05:06:53.555+0900] {subprocess.py:106} INFO - 24/12/03 05:06:53 INFO ResourceUtils: Unable to find 'resource-types.xml'.
[2024-12-03T05:06:53.569+0900] {subprocess.py:106} INFO - 24/12/03 05:06:53 INFO Client: Verifying our application has not requested more than the maximum memory capability of the cluster (819200 MB per container)
[2024-12-03T05:06:53.570+0900] {subprocess.py:106} INFO - 24/12/03 05:06:53 INFO Client: Will allocate AM container, with 1408 MB memory including 384 MB overhead
[2024-12-03T05:06:53.571+0900] {subprocess.py:106} INFO - 24/12/03 05:06:53 INFO Client: Setting up container launch context for our AM
[2024-12-03T05:06:53.574+0900] {subprocess.py:106} INFO - 24/12/03 05:06:53 INFO Client: Setting up the launch environment for our AM container
[2024-12-03T05:06:53.586+0900] {subprocess.py:106} INFO - 24/12/03 05:06:53 INFO Client: Preparing resources for our AM container
[2024-12-03T05:06:53.620+0900] {subprocess.py:106} INFO - 24/12/03 05:06:53 WARN Client: Neither spark.yarn.jars nor spark.yarn.archive is set, falling back to uploading libraries under SPARK_HOME.
[2024-12-03T05:06:56.475+0900] {subprocess.py:106} INFO - 24/12/03 05:06:56 INFO Client: Uploading resource file:/tmp/spark-d7cc1dda-d414-4f78-9008-d65252f96125/__spark_libs__17293935995837725026.zip -> hdfs://MN:9000/user/dke/.sparkStaging/application_1733127595631_0015/__spark_libs__17293935995837725026.zip
[2024-12-03T05:07:28.223+0900] {subprocess.py:106} INFO - 24/12/03 05:07:28 INFO Client: Uploading resource file:/laewon/Riot/make_model.py -> hdfs://MN:9000/user/dke/.sparkStaging/application_1733127595631_0015/make_model.py
[2024-12-03T05:07:28.256+0900] {subprocess.py:106} INFO - 24/12/03 05:07:28 INFO Client: Uploading resource file:/laewon/spark-3.5.1-bin-hadoop3/python/lib/pyspark.zip -> hdfs://MN:9000/user/dke/.sparkStaging/application_1733127595631_0015/pyspark.zip
[2024-12-03T05:07:28.493+0900] {subprocess.py:106} INFO - 24/12/03 05:07:28 INFO Client: Uploading resource file:/laewon/spark-3.5.1-bin-hadoop3/python/lib/py4j-0.10.9.7-src.zip -> hdfs://MN:9000/user/dke/.sparkStaging/application_1733127595631_0015/py4j-0.10.9.7-src.zip
[2024-12-03T05:07:28.696+0900] {subprocess.py:106} INFO - 24/12/03 05:07:28 INFO Client: Uploading resource file:/tmp/spark-d7cc1dda-d414-4f78-9008-d65252f96125/__spark_conf__6570612982222683461.zip -> hdfs://MN:9000/user/dke/.sparkStaging/application_1733127595631_0015/__spark_conf__.zip
[2024-12-03T05:07:28.785+0900] {subprocess.py:106} INFO - 24/12/03 05:07:28 INFO SecurityManager: Changing view acls to: dke
[2024-12-03T05:07:28.786+0900] {subprocess.py:106} INFO - 24/12/03 05:07:28 INFO SecurityManager: Changing modify acls to: dke
[2024-12-03T05:07:28.786+0900] {subprocess.py:106} INFO - 24/12/03 05:07:28 INFO SecurityManager: Changing view acls groups to:
[2024-12-03T05:07:28.786+0900] {subprocess.py:106} INFO - 24/12/03 05:07:28 INFO SecurityManager: Changing modify acls groups to:
[2024-12-03T05:07:28.787+0900] {subprocess.py:106} INFO - 24/12/03 05:07:28 INFO SecurityManager: SecurityManager: authentication disabled; ui acls disabled; users with view permissions: dke; groups with view permissions: EMPTY; users with modify permissions: dke; groups with modify permissions: EMPTY
[2024-12-03T05:07:28.823+0900] {subprocess.py:106} INFO - 24/12/03 05:07:28 INFO Client: Submitting application application_1733127595631_0015 to ResourceManager
[2024-12-03T05:07:28.873+0900] {subprocess.py:106} INFO - 24/12/03 05:07:28 INFO YarnClientImpl: Submitted application application_1733127595631_0015
[2024-12-03T05:07:29.876+0900] {subprocess.py:106} INFO - 24/12/03 05:07:29 INFO Client: Application report for application_1733127595631_0015 (state: ACCEPTED)
[2024-12-03T05:07:29.879+0900] {subprocess.py:106} INFO - 24/12/03 05:07:29 INFO Client:
[2024-12-03T05:07:29.880+0900] {subprocess.py:106} INFO - 	 client token: N/A
[2024-12-03T05:07:29.880+0900] {subprocess.py:106} INFO - 	 diagnostics: AM container is launched, waiting for AM container to Register with RM
[2024-12-03T05:07:29.880+0900] {subprocess.py:106} INFO - 	 ApplicationMaster host: N/A
[2024-12-03T05:07:29.880+0900] {subprocess.py:106} INFO - 	 ApplicationMaster RPC port: -1
[2024-12-03T05:07:29.881+0900] {subprocess.py:106} INFO - 	 queue: root.default
[2024-12-03T05:07:29.881+0900] {subprocess.py:106} INFO - 	 start time: 1733170048846
[2024-12-03T05:07:29.881+0900] {subprocess.py:106} INFO - 	 final status: UNDEFINED
[2024-12-03T05:07:29.881+0900] {subprocess.py:106} INFO - 	 tracking URL: http://MN:8088/proxy/application_1733127595631_0015/
[2024-12-03T05:07:29.882+0900] {subprocess.py:106} INFO - 	 user: dke
[2024-12-03T05:07:59.920+0900] {subprocess.py:106} INFO - 24/12/03 05:07:59 INFO Client: Application report for application_1733127595631_0015 (state: ACCEPTED)
[2024-12-03T05:08:12.937+0900] {subprocess.py:106} INFO - 24/12/03 05:08:12 INFO Client: Application report for application_1733127595631_0015 (state: RUNNING)
[2024-12-03T05:08:12.937+0900] {subprocess.py:106} INFO - 24/12/03 05:08:12 INFO Client:
[2024-12-03T05:08:12.938+0900] {subprocess.py:106} INFO - 	 client token: N/A
[2024-12-03T05:08:12.938+0900] {subprocess.py:106} INFO - 	 diagnostics: N/A
[2024-12-03T05:08:12.938+0900] {subprocess.py:106} INFO - 	 ApplicationMaster host: SN03
[2024-12-03T05:08:12.939+0900] {subprocess.py:106} INFO - 	 ApplicationMaster RPC port: 40703
[2024-12-03T05:08:12.939+0900] {subprocess.py:106} INFO - 	 queue: root.default
[2024-12-03T05:08:12.939+0900] {subprocess.py:106} INFO - 	 start time: 1733170048846
[2024-12-03T05:08:12.940+0900] {subprocess.py:106} INFO - 	 final status: UNDEFINED
[2024-12-03T05:08:12.940+0900] {subprocess.py:106} INFO - 	 tracking URL: http://MN:8088/proxy/application_1733127595631_0015/
[2024-12-03T05:08:12.941+0900] {subprocess.py:106} INFO - 	 user: dke
[2024-12-03T05:08:42.974+0900] {subprocess.py:106} INFO - 24/12/03 05:08:42 INFO Client: Application report for application_1733127595631_0015 (state: RUNNING)
[2024-12-03T05:09:08.006+0900] {subprocess.py:106} INFO - 24/12/03 05:09:08 INFO Client: Application report for application_1733127595631_0015 (state: FINISHED)
[2024-12-03T05:09:08.006+0900] {subprocess.py:106} INFO - 24/12/03 05:09:08 INFO Client:
[2024-12-03T05:09:08.007+0900] {subprocess.py:106} INFO - 	 client token: N/A
[2024-12-03T05:09:08.007+0900] {subprocess.py:106} INFO - 	 diagnostics: N/A
[2024-12-03T05:09:08.007+0900] {subprocess.py:106} INFO - 	 ApplicationMaster host: SN03
[2024-12-03T05:09:08.008+0900] {subprocess.py:106} INFO - 	 ApplicationMaster RPC port: 40703
[2024-12-03T05:09:08.008+0900] {subprocess.py:106} INFO - 	 queue: root.default
[2024-12-03T05:09:08.008+0900] {subprocess.py:106} INFO - 	 start time: 1733170048846
[2024-12-03T05:09:08.009+0900] {subprocess.py:106} INFO - 	 final status: SUCCEEDED
[2024-12-03T05:09:08.009+0900] {subprocess.py:106} INFO - 	 tracking URL: http://MN:8088/proxy/application_1733127595631_0015/
[2024-12-03T05:09:08.009+0900] {subprocess.py:106} INFO - 	 user: dke
[2024-12-03T05:09:08.015+0900] {subprocess.py:106} INFO - 24/12/03 05:09:08 INFO ShutdownHookManager: Shutdown hook called
[2024-12-03T05:09:08.016+0900] {subprocess.py:106} INFO - 24/12/03 05:09:08 INFO ShutdownHookManager: Deleting directory /tmp/spark-78e73044-be0c-40e8-9878-2cf571f09ed7
[2024-12-03T05:09:08.019+0900] {subprocess.py:106} INFO - 24/12/03 05:09:08 INFO ShutdownHookManager: Deleting directory /tmp/spark-d7cc1dda-d414-4f78-9008-d65252f96125
[2024-12-03T05:09:08.373+0900] {subprocess.py:110} INFO - Command exited with return code 0
[2024-12-03T05:09:08.396+0900] {taskinstance.py:340} INFO - ::group::Post task execution logs
[2024-12-03T05:09:08.396+0900] {taskinstance.py:352} INFO - Marking task as SUCCESS. dag_id=process_and_upload_json_to_hdfs, task_id=run_make_model, run_id=scheduled__2024-12-02T19:00:00+00:00, execution_date=20241202T190000, start_date=20241202T200650, end_date=20241202T200908
[2024-12-03T05:09:08.444+0900] {local_task_job_runner.py:266} INFO - Task exited with return code 0
[2024-12-03T05:09:08.455+0900] {taskinstance.py:3895} INFO - 0 downstream tasks scheduled from follow-on schedule check
[2024-12-03T05:09:08.455+0900] {local_task_job_runner.py:245} INFO - ::endgroup::
