[2024-11-15T15:28:38.523+0900] {local_task_job_runner.py:123} INFO - ::group::Pre task execution logs
[2024-11-15T15:28:38.533+0900] {taskinstance.py:2613} INFO - Dependencies all met for dep_context=non-requeueable deps ti=<TaskInstance: random_data_direct_to_hdfs.save_to_hdfs scheduled__2024-11-14T07:06:00+00:00 [queued]>
[2024-11-15T15:28:38.540+0900] {taskinstance.py:2613} INFO - Dependencies all met for dep_context=requeueable deps ti=<TaskInstance: random_data_direct_to_hdfs.save_to_hdfs scheduled__2024-11-14T07:06:00+00:00 [queued]>
[2024-11-15T15:28:38.540+0900] {taskinstance.py:2866} INFO - Starting attempt 1 of 6
[2024-11-15T15:28:38.554+0900] {taskinstance.py:2889} INFO - Executing <Task(BashOperator): save_to_hdfs> on 2024-11-14 07:06:00+00:00
[2024-11-15T15:28:38.557+0900] {standard_task_runner.py:72} INFO - Started process 2384701 to run task
[2024-11-15T15:28:38.560+0900] {standard_task_runner.py:104} INFO - Running: ['airflow', 'tasks', 'run', 'random_data_direct_to_hdfs', 'save_to_hdfs', 'scheduled__2024-11-14T07:06:00+00:00', '--job-id', '42', '--raw', '--subdir', 'DAGS_FOLDER/data_to_hdfs.py', '--cfg-path', '/tmp/tmpx7gflj1u']
[2024-11-15T15:28:38.562+0900] {standard_task_runner.py:105} INFO - Job 42: Subtask save_to_hdfs
[2024-11-15T15:28:38.595+0900] {task_command.py:467} INFO - Running <TaskInstance: random_data_direct_to_hdfs.save_to_hdfs scheduled__2024-11-14T07:06:00+00:00 [running]> on host MN
[2024-11-15T15:28:38.671+0900] {taskinstance.py:3132} INFO - Exporting env vars: AIRFLOW_CTX_DAG_OWNER='lwjeong' AIRFLOW_CTX_DAG_ID='random_data_direct_to_hdfs' AIRFLOW_CTX_TASK_ID='save_to_hdfs' AIRFLOW_CTX_EXECUTION_DATE='2024-11-14T07:06:00+00:00' AIRFLOW_CTX_TRY_NUMBER='1' AIRFLOW_CTX_DAG_RUN_ID='scheduled__2024-11-14T07:06:00+00:00'
[2024-11-15T15:28:38.671+0900] {taskinstance.py:731} INFO - ::endgroup::
[2024-11-15T15:28:38.684+0900] {subprocess.py:78} INFO - Tmp dir root location: /tmp
[2024-11-15T15:28:38.684+0900] {subprocess.py:88} INFO - Running command: ['/usr/bin/bash', '-c', 'echo "[{"id": 0, "value": 68, "timestamp": "2024-11-15T15:28:18.549344"}, {"id": 1, "value": 77, "timestamp": "2024-11-15T15:28:18.549344"}, {"id": 2, "value": 55, "timestamp": "2024-11-15T15:28:18.549344"}, {"id": 3, "value": 6, "timestamp": "2024-11-15T15:28:18.549344"}, {"id": 4, "value": 4, "timestamp": "2024-11-15T15:28:18.549344"}, {"id": 5, "value": 73, "timestamp": "2024-11-15T15:28:18.549344"}, {"id": 6, "value": 59, "timestamp": "2024-11-15T15:28:18.549344"}, {"id": 7, "value": 18, "timestamp": "2024-11-15T15:28:18.549344"}, {"id": 8, "value": 23, "timestamp": "2024-11-15T15:28:18.549344"}, {"id": 9, "value": 85, "timestamp": "2024-11-15T15:28:18.549344"}]" | hdfs dfs -put -f - /path/in/hdfs/random_data_7.json']
[2024-11-15T15:28:38.689+0900] {subprocess.py:99} INFO - Output:
[2024-11-15T15:28:40.744+0900] {subprocess.py:110} INFO - Command exited with return code 0
[2024-11-15T15:28:40.766+0900] {taskinstance.py:340} INFO - ::group::Post task execution logs
[2024-11-15T15:28:40.766+0900] {taskinstance.py:352} INFO - Marking task as SUCCESS. dag_id=random_data_direct_to_hdfs, task_id=save_to_hdfs, run_id=scheduled__2024-11-14T07:06:00+00:00, execution_date=20241114T070600, start_date=20241115T062838, end_date=20241115T062840
[2024-11-15T15:28:40.818+0900] {local_task_job_runner.py:266} INFO - Task exited with return code 0
[2024-11-15T15:28:40.831+0900] {taskinstance.py:3895} INFO - 0 downstream tasks scheduled from follow-on schedule check
[2024-11-15T15:28:40.832+0900] {local_task_job_runner.py:245} INFO - ::endgroup::
