[2024-12-05T11:06:23.963+0900] {local_task_job_runner.py:123} INFO - ::group::Pre task execution logs
[2024-12-05T11:06:23.973+0900] {taskinstance.py:2613} INFO - Dependencies all met for dep_context=non-requeueable deps ti=<TaskInstance: process_and_upload_json_to_hdfs.run_make_model scheduled__2024-12-05T01:00:00+00:00 [queued]>
[2024-12-05T11:06:23.980+0900] {taskinstance.py:2613} INFO - Dependencies all met for dep_context=requeueable deps ti=<TaskInstance: process_and_upload_json_to_hdfs.run_make_model scheduled__2024-12-05T01:00:00+00:00 [queued]>
[2024-12-05T11:06:23.980+0900] {taskinstance.py:2866} INFO - Starting attempt 1 of 2
[2024-12-05T11:06:23.996+0900] {taskinstance.py:2889} INFO - Executing <Task(BashOperator): run_make_model> on 2024-12-05 01:00:00+00:00
[2024-12-05T11:06:23.999+0900] {standard_task_runner.py:72} INFO - Started process 1631511 to run task
[2024-12-05T11:06:24.002+0900] {standard_task_runner.py:104} INFO - Running: ['airflow', 'tasks', 'run', 'process_and_upload_json_to_hdfs', 'run_make_model', 'scheduled__2024-12-05T01:00:00+00:00', '--job-id', '634', '--raw', '--subdir', 'DAGS_FOLDER/data_to_hdfs.py', '--cfg-path', '/tmp/tmpdhive9f1']
[2024-12-05T11:06:24.004+0900] {standard_task_runner.py:105} INFO - Job 634: Subtask run_make_model
[2024-12-05T11:06:24.038+0900] {task_command.py:467} INFO - Running <TaskInstance: process_and_upload_json_to_hdfs.run_make_model scheduled__2024-12-05T01:00:00+00:00 [running]> on host MN
[2024-12-05T11:06:24.105+0900] {taskinstance.py:3132} INFO - Exporting env vars: AIRFLOW_CTX_DAG_OWNER='airflow' AIRFLOW_CTX_DAG_ID='process_and_upload_json_to_hdfs' AIRFLOW_CTX_TASK_ID='run_make_model' AIRFLOW_CTX_EXECUTION_DATE='2024-12-05T01:00:00+00:00' AIRFLOW_CTX_TRY_NUMBER='1' AIRFLOW_CTX_DAG_RUN_ID='scheduled__2024-12-05T01:00:00+00:00'
[2024-12-05T11:06:24.106+0900] {taskinstance.py:731} INFO - ::endgroup::
[2024-12-05T11:06:24.120+0900] {subprocess.py:78} INFO - Tmp dir root location: /tmp
[2024-12-05T11:06:24.120+0900] {subprocess.py:88} INFO - Running command: ['/usr/bin/bash', '-c', '/laewon/spark/bin/spark-submit --master yarn --deploy-mode cluster /laewon/Riot/make_model.py']
[2024-12-05T11:06:24.127+0900] {subprocess.py:99} INFO - Output:
[2024-12-05T11:06:26.382+0900] {subprocess.py:106} INFO - 24/12/05 11:06:26 INFO DefaultNoHARMFailoverProxyProvider: Connecting to ResourceManager at MN/192.168.4.7:8032
[2024-12-05T11:06:27.090+0900] {subprocess.py:106} INFO - 24/12/05 11:06:27 INFO Configuration: resource-types.xml not found
[2024-12-05T11:06:27.091+0900] {subprocess.py:106} INFO - 24/12/05 11:06:27 INFO ResourceUtils: Unable to find 'resource-types.xml'.
[2024-12-05T11:06:27.105+0900] {subprocess.py:106} INFO - 24/12/05 11:06:27 INFO Client: Verifying our application has not requested more than the maximum memory capability of the cluster (819200 MB per container)
[2024-12-05T11:06:27.106+0900] {subprocess.py:106} INFO - 24/12/05 11:06:27 INFO Client: Will allocate AM container, with 1408 MB memory including 384 MB overhead
[2024-12-05T11:06:27.106+0900] {subprocess.py:106} INFO - 24/12/05 11:06:27 INFO Client: Setting up container launch context for our AM
[2024-12-05T11:06:27.110+0900] {subprocess.py:106} INFO - 24/12/05 11:06:27 INFO Client: Setting up the launch environment for our AM container
[2024-12-05T11:06:27.122+0900] {subprocess.py:106} INFO - 24/12/05 11:06:27 INFO Client: Preparing resources for our AM container
[2024-12-05T11:06:27.157+0900] {subprocess.py:106} INFO - 24/12/05 11:06:27 WARN Client: Neither spark.yarn.jars nor spark.yarn.archive is set, falling back to uploading libraries under SPARK_HOME.
[2024-12-05T11:06:30.009+0900] {subprocess.py:106} INFO - 24/12/05 11:06:30 INFO Client: Uploading resource file:/tmp/spark-10e4e44c-2761-4f9a-abc6-1c38cf4f7dee/__spark_libs__3971340299390421966.zip -> hdfs://MN:9000/user/dke/.sparkStaging/application_1733127595631_0075/__spark_libs__3971340299390421966.zip
[2024-12-05T11:07:04.749+0900] {subprocess.py:106} INFO - 24/12/05 11:07:04 INFO Client: Uploading resource file:/laewon/Riot/make_model.py -> hdfs://MN:9000/user/dke/.sparkStaging/application_1733127595631_0075/make_model.py
[2024-12-05T11:07:04.781+0900] {subprocess.py:106} INFO - 24/12/05 11:07:04 INFO Client: Uploading resource file:/laewon/spark-3.5.1-bin-hadoop3/python/lib/pyspark.zip -> hdfs://MN:9000/user/dke/.sparkStaging/application_1733127595631_0075/pyspark.zip
[2024-12-05T11:07:05.035+0900] {subprocess.py:106} INFO - 24/12/05 11:07:05 INFO Client: Uploading resource file:/laewon/spark-3.5.1-bin-hadoop3/python/lib/py4j-0.10.9.7-src.zip -> hdfs://MN:9000/user/dke/.sparkStaging/application_1733127595631_0075/py4j-0.10.9.7-src.zip
[2024-12-05T11:07:05.234+0900] {subprocess.py:106} INFO - 24/12/05 11:07:05 INFO Client: Uploading resource file:/tmp/spark-10e4e44c-2761-4f9a-abc6-1c38cf4f7dee/__spark_conf__11785755594388180050.zip -> hdfs://MN:9000/user/dke/.sparkStaging/application_1733127595631_0075/__spark_conf__.zip
[2024-12-05T11:07:05.311+0900] {subprocess.py:106} INFO - 24/12/05 11:07:05 INFO SecurityManager: Changing view acls to: dke
[2024-12-05T11:07:05.311+0900] {subprocess.py:106} INFO - 24/12/05 11:07:05 INFO SecurityManager: Changing modify acls to: dke
[2024-12-05T11:07:05.312+0900] {subprocess.py:106} INFO - 24/12/05 11:07:05 INFO SecurityManager: Changing view acls groups to:
[2024-12-05T11:07:05.312+0900] {subprocess.py:106} INFO - 24/12/05 11:07:05 INFO SecurityManager: Changing modify acls groups to:
[2024-12-05T11:07:05.313+0900] {subprocess.py:106} INFO - 24/12/05 11:07:05 INFO SecurityManager: SecurityManager: authentication disabled; ui acls disabled; users with view permissions: dke; groups with view permissions: EMPTY; users with modify permissions: dke; groups with modify permissions: EMPTY
[2024-12-05T11:07:05.349+0900] {subprocess.py:106} INFO - 24/12/05 11:07:05 INFO Client: Submitting application application_1733127595631_0075 to ResourceManager
[2024-12-05T11:07:05.394+0900] {subprocess.py:106} INFO - 24/12/05 11:07:05 INFO YarnClientImpl: Submitted application application_1733127595631_0075
[2024-12-05T11:07:06.396+0900] {subprocess.py:106} INFO - 24/12/05 11:07:06 INFO Client: Application report for application_1733127595631_0075 (state: ACCEPTED)
[2024-12-05T11:07:06.400+0900] {subprocess.py:106} INFO - 24/12/05 11:07:06 INFO Client:
[2024-12-05T11:07:06.400+0900] {subprocess.py:106} INFO - 	 client token: N/A
[2024-12-05T11:07:06.400+0900] {subprocess.py:106} INFO - 	 diagnostics: AM container is launched, waiting for AM container to Register with RM
[2024-12-05T11:07:06.401+0900] {subprocess.py:106} INFO - 	 ApplicationMaster host: N/A
[2024-12-05T11:07:06.401+0900] {subprocess.py:106} INFO - 	 ApplicationMaster RPC port: -1
[2024-12-05T11:07:06.401+0900] {subprocess.py:106} INFO - 	 queue: root.default
[2024-12-05T11:07:06.401+0900] {subprocess.py:106} INFO - 	 start time: 1733364425373
[2024-12-05T11:07:06.402+0900] {subprocess.py:106} INFO - 	 final status: UNDEFINED
[2024-12-05T11:07:06.402+0900] {subprocess.py:106} INFO - 	 tracking URL: http://MN:8088/proxy/application_1733127595631_0075/
[2024-12-05T11:07:06.402+0900] {subprocess.py:106} INFO - 	 user: dke
[2024-12-05T11:07:36.438+0900] {subprocess.py:106} INFO - 24/12/05 11:07:36 INFO Client: Application report for application_1733127595631_0075 (state: ACCEPTED)
[2024-12-05T11:07:57.463+0900] {subprocess.py:106} INFO - 24/12/05 11:07:57 INFO Client: Application report for application_1733127595631_0075 (state: RUNNING)
[2024-12-05T11:07:57.464+0900] {subprocess.py:106} INFO - 24/12/05 11:07:57 INFO Client:
[2024-12-05T11:07:57.464+0900] {subprocess.py:106} INFO - 	 client token: N/A
[2024-12-05T11:07:57.464+0900] {subprocess.py:106} INFO - 	 diagnostics: N/A
[2024-12-05T11:07:57.464+0900] {subprocess.py:106} INFO - 	 ApplicationMaster host: SN01
[2024-12-05T11:07:57.465+0900] {subprocess.py:106} INFO - 	 ApplicationMaster RPC port: 40405
[2024-12-05T11:07:57.465+0900] {subprocess.py:106} INFO - 	 queue: root.default
[2024-12-05T11:07:57.465+0900] {subprocess.py:106} INFO - 	 start time: 1733364425373
[2024-12-05T11:07:57.465+0900] {subprocess.py:106} INFO - 	 final status: UNDEFINED
[2024-12-05T11:07:57.466+0900] {subprocess.py:106} INFO - 	 tracking URL: http://MN:8088/proxy/application_1733127595631_0075/
[2024-12-05T11:07:57.466+0900] {subprocess.py:106} INFO - 	 user: dke
[2024-12-05T11:08:27.499+0900] {subprocess.py:106} INFO - 24/12/05 11:08:27 INFO Client: Application report for application_1733127595631_0075 (state: RUNNING)
[2024-12-05T11:08:32.505+0900] {subprocess.py:106} INFO - 24/12/05 11:08:32 INFO Client: Application report for application_1733127595631_0075 (state: FINISHED)
[2024-12-05T11:08:32.505+0900] {subprocess.py:106} INFO - 24/12/05 11:08:32 INFO Client:
[2024-12-05T11:08:32.506+0900] {subprocess.py:106} INFO - 	 client token: N/A
[2024-12-05T11:08:32.506+0900] {subprocess.py:106} INFO - 	 diagnostics: N/A
[2024-12-05T11:08:32.506+0900] {subprocess.py:106} INFO - 	 ApplicationMaster host: SN01
[2024-12-05T11:08:32.506+0900] {subprocess.py:106} INFO - 	 ApplicationMaster RPC port: 40405
[2024-12-05T11:08:32.507+0900] {subprocess.py:106} INFO - 	 queue: root.default
[2024-12-05T11:08:32.507+0900] {subprocess.py:106} INFO - 	 start time: 1733364425373
[2024-12-05T11:08:32.507+0900] {subprocess.py:106} INFO - 	 final status: SUCCEEDED
[2024-12-05T11:08:32.507+0900] {subprocess.py:106} INFO - 	 tracking URL: http://MN:8088/proxy/application_1733127595631_0075/
[2024-12-05T11:08:32.507+0900] {subprocess.py:106} INFO - 	 user: dke
[2024-12-05T11:08:32.513+0900] {subprocess.py:106} INFO - 24/12/05 11:08:32 INFO ShutdownHookManager: Shutdown hook called
[2024-12-05T11:08:32.514+0900] {subprocess.py:106} INFO - 24/12/05 11:08:32 INFO ShutdownHookManager: Deleting directory /tmp/spark-10e4e44c-2761-4f9a-abc6-1c38cf4f7dee
[2024-12-05T11:08:32.517+0900] {subprocess.py:106} INFO - 24/12/05 11:08:32 INFO ShutdownHookManager: Deleting directory /tmp/spark-72c5e2d4-b492-4b2b-9992-b9048af0aa27
[2024-12-05T11:08:32.873+0900] {subprocess.py:110} INFO - Command exited with return code 0
[2024-12-05T11:08:32.896+0900] {taskinstance.py:340} INFO - ::group::Post task execution logs
[2024-12-05T11:08:32.896+0900] {taskinstance.py:352} INFO - Marking task as SUCCESS. dag_id=process_and_upload_json_to_hdfs, task_id=run_make_model, run_id=scheduled__2024-12-05T01:00:00+00:00, execution_date=20241205T010000, start_date=20241205T020623, end_date=20241205T020832
[2024-12-05T11:08:32.917+0900] {local_task_job_runner.py:266} INFO - Task exited with return code 0
[2024-12-05T11:08:32.927+0900] {taskinstance.py:3895} INFO - 0 downstream tasks scheduled from follow-on schedule check
[2024-12-05T11:08:32.927+0900] {local_task_job_runner.py:245} INFO - ::endgroup::
