[2024-12-03T08:06:37.350+0900] {local_task_job_runner.py:123} INFO - ::group::Pre task execution logs
[2024-12-03T08:06:37.360+0900] {taskinstance.py:2613} INFO - Dependencies all met for dep_context=non-requeueable deps ti=<TaskInstance: process_and_upload_json_to_hdfs.run_make_model scheduled__2024-12-02T22:00:00+00:00 [queued]>
[2024-12-03T08:06:37.367+0900] {taskinstance.py:2613} INFO - Dependencies all met for dep_context=requeueable deps ti=<TaskInstance: process_and_upload_json_to_hdfs.run_make_model scheduled__2024-12-02T22:00:00+00:00 [queued]>
[2024-12-03T08:06:37.367+0900] {taskinstance.py:2866} INFO - Starting attempt 1 of 2
[2024-12-03T08:06:37.383+0900] {taskinstance.py:2889} INFO - Executing <Task(BashOperator): run_make_model> on 2024-12-02 22:00:00+00:00
[2024-12-03T08:06:37.386+0900] {standard_task_runner.py:72} INFO - Started process 270296 to run task
[2024-12-03T08:06:37.389+0900] {standard_task_runner.py:104} INFO - Running: ['airflow', 'tasks', 'run', 'process_and_upload_json_to_hdfs', 'run_make_model', 'scheduled__2024-12-02T22:00:00+00:00', '--job-id', '428', '--raw', '--subdir', 'DAGS_FOLDER/data_to_hdfs.py', '--cfg-path', '/tmp/tmp7z5c2une']
[2024-12-03T08:06:37.391+0900] {standard_task_runner.py:105} INFO - Job 428: Subtask run_make_model
[2024-12-03T08:06:37.424+0900] {task_command.py:467} INFO - Running <TaskInstance: process_and_upload_json_to_hdfs.run_make_model scheduled__2024-12-02T22:00:00+00:00 [running]> on host MN
[2024-12-03T08:06:37.491+0900] {taskinstance.py:3132} INFO - Exporting env vars: AIRFLOW_CTX_DAG_OWNER='airflow' AIRFLOW_CTX_DAG_ID='process_and_upload_json_to_hdfs' AIRFLOW_CTX_TASK_ID='run_make_model' AIRFLOW_CTX_EXECUTION_DATE='2024-12-02T22:00:00+00:00' AIRFLOW_CTX_TRY_NUMBER='1' AIRFLOW_CTX_DAG_RUN_ID='scheduled__2024-12-02T22:00:00+00:00'
[2024-12-03T08:06:37.491+0900] {taskinstance.py:731} INFO - ::endgroup::
[2024-12-03T08:06:37.505+0900] {subprocess.py:78} INFO - Tmp dir root location: /tmp
[2024-12-03T08:06:37.506+0900] {subprocess.py:88} INFO - Running command: ['/usr/bin/bash', '-c', '/laewon/spark/bin/spark-submit --master yarn --deploy-mode cluster /laewon/Riot/make_model.py']
[2024-12-03T08:06:37.512+0900] {subprocess.py:99} INFO - Output:
[2024-12-03T08:06:39.745+0900] {subprocess.py:106} INFO - 24/12/03 08:06:39 INFO DefaultNoHARMFailoverProxyProvider: Connecting to ResourceManager at MN/192.168.4.7:8032
[2024-12-03T08:06:40.447+0900] {subprocess.py:106} INFO - 24/12/03 08:06:40 INFO Configuration: resource-types.xml not found
[2024-12-03T08:06:40.448+0900] {subprocess.py:106} INFO - 24/12/03 08:06:40 INFO ResourceUtils: Unable to find 'resource-types.xml'.
[2024-12-03T08:06:40.461+0900] {subprocess.py:106} INFO - 24/12/03 08:06:40 INFO Client: Verifying our application has not requested more than the maximum memory capability of the cluster (819200 MB per container)
[2024-12-03T08:06:40.463+0900] {subprocess.py:106} INFO - 24/12/03 08:06:40 INFO Client: Will allocate AM container, with 1408 MB memory including 384 MB overhead
[2024-12-03T08:06:40.463+0900] {subprocess.py:106} INFO - 24/12/03 08:06:40 INFO Client: Setting up container launch context for our AM
[2024-12-03T08:06:40.467+0900] {subprocess.py:106} INFO - 24/12/03 08:06:40 INFO Client: Setting up the launch environment for our AM container
[2024-12-03T08:06:40.478+0900] {subprocess.py:106} INFO - 24/12/03 08:06:40 INFO Client: Preparing resources for our AM container
[2024-12-03T08:06:40.512+0900] {subprocess.py:106} INFO - 24/12/03 08:06:40 WARN Client: Neither spark.yarn.jars nor spark.yarn.archive is set, falling back to uploading libraries under SPARK_HOME.
[2024-12-03T08:06:43.334+0900] {subprocess.py:106} INFO - 24/12/03 08:06:43 INFO Client: Uploading resource file:/tmp/spark-752053b5-449b-44f4-8613-f3ce288ffa38/__spark_libs__7900022101185928323.zip -> hdfs://MN:9000/user/dke/.sparkStaging/application_1733127595631_0018/__spark_libs__7900022101185928323.zip
[2024-12-03T08:07:12.627+0900] {subprocess.py:106} INFO - 24/12/03 08:07:12 INFO Client: Uploading resource file:/laewon/Riot/make_model.py -> hdfs://MN:9000/user/dke/.sparkStaging/application_1733127595631_0018/make_model.py
[2024-12-03T08:07:12.661+0900] {subprocess.py:106} INFO - 24/12/03 08:07:12 INFO Client: Uploading resource file:/laewon/spark-3.5.1-bin-hadoop3/python/lib/pyspark.zip -> hdfs://MN:9000/user/dke/.sparkStaging/application_1733127595631_0018/pyspark.zip
[2024-12-03T08:07:12.919+0900] {subprocess.py:106} INFO - 24/12/03 08:07:12 INFO Client: Uploading resource file:/laewon/spark-3.5.1-bin-hadoop3/python/lib/py4j-0.10.9.7-src.zip -> hdfs://MN:9000/user/dke/.sparkStaging/application_1733127595631_0018/py4j-0.10.9.7-src.zip
[2024-12-03T08:07:13.165+0900] {subprocess.py:106} INFO - 24/12/03 08:07:13 INFO Client: Uploading resource file:/tmp/spark-752053b5-449b-44f4-8613-f3ce288ffa38/__spark_conf__1310038832686268309.zip -> hdfs://MN:9000/user/dke/.sparkStaging/application_1733127595631_0018/__spark_conf__.zip
[2024-12-03T08:07:13.257+0900] {subprocess.py:106} INFO - 24/12/03 08:07:13 INFO SecurityManager: Changing view acls to: dke
[2024-12-03T08:07:13.257+0900] {subprocess.py:106} INFO - 24/12/03 08:07:13 INFO SecurityManager: Changing modify acls to: dke
[2024-12-03T08:07:13.258+0900] {subprocess.py:106} INFO - 24/12/03 08:07:13 INFO SecurityManager: Changing view acls groups to:
[2024-12-03T08:07:13.258+0900] {subprocess.py:106} INFO - 24/12/03 08:07:13 INFO SecurityManager: Changing modify acls groups to:
[2024-12-03T08:07:13.259+0900] {subprocess.py:106} INFO - 24/12/03 08:07:13 INFO SecurityManager: SecurityManager: authentication disabled; ui acls disabled; users with view permissions: dke; groups with view permissions: EMPTY; users with modify permissions: dke; groups with modify permissions: EMPTY
[2024-12-03T08:07:13.297+0900] {subprocess.py:106} INFO - 24/12/03 08:07:13 INFO Client: Submitting application application_1733127595631_0018 to ResourceManager
[2024-12-03T08:07:13.343+0900] {subprocess.py:106} INFO - 24/12/03 08:07:13 INFO YarnClientImpl: Submitted application application_1733127595631_0018
[2024-12-03T08:07:14.346+0900] {subprocess.py:106} INFO - 24/12/03 08:07:14 INFO Client: Application report for application_1733127595631_0018 (state: ACCEPTED)
[2024-12-03T08:07:14.351+0900] {subprocess.py:106} INFO - 24/12/03 08:07:14 INFO Client:
[2024-12-03T08:07:14.351+0900] {subprocess.py:106} INFO - 	 client token: N/A
[2024-12-03T08:07:14.352+0900] {subprocess.py:106} INFO - 	 diagnostics: AM container is launched, waiting for AM container to Register with RM
[2024-12-03T08:07:14.352+0900] {subprocess.py:106} INFO - 	 ApplicationMaster host: N/A
[2024-12-03T08:07:14.352+0900] {subprocess.py:106} INFO - 	 ApplicationMaster RPC port: -1
[2024-12-03T08:07:14.352+0900] {subprocess.py:106} INFO - 	 queue: root.default
[2024-12-03T08:07:14.353+0900] {subprocess.py:106} INFO - 	 start time: 1733180833321
[2024-12-03T08:07:14.353+0900] {subprocess.py:106} INFO - 	 final status: UNDEFINED
[2024-12-03T08:07:14.353+0900] {subprocess.py:106} INFO - 	 tracking URL: http://MN:8088/proxy/application_1733127595631_0018/
[2024-12-03T08:07:14.353+0900] {subprocess.py:106} INFO - 	 user: dke
[2024-12-03T08:07:21.361+0900] {subprocess.py:106} INFO - 24/12/03 08:07:21 INFO Client: Application report for application_1733127595631_0018 (state: RUNNING)
[2024-12-03T08:07:21.361+0900] {subprocess.py:106} INFO - 24/12/03 08:07:21 INFO Client:
[2024-12-03T08:07:21.362+0900] {subprocess.py:106} INFO - 	 client token: N/A
[2024-12-03T08:07:21.362+0900] {subprocess.py:106} INFO - 	 diagnostics: N/A
[2024-12-03T08:07:21.362+0900] {subprocess.py:106} INFO - 	 ApplicationMaster host: SN05
[2024-12-03T08:07:21.362+0900] {subprocess.py:106} INFO - 	 ApplicationMaster RPC port: 33367
[2024-12-03T08:07:21.363+0900] {subprocess.py:106} INFO - 	 queue: root.default
[2024-12-03T08:07:21.363+0900] {subprocess.py:106} INFO - 	 start time: 1733180833321
[2024-12-03T08:07:21.363+0900] {subprocess.py:106} INFO - 	 final status: UNDEFINED
[2024-12-03T08:07:21.363+0900] {subprocess.py:106} INFO - 	 tracking URL: http://MN:8088/proxy/application_1733127595631_0018/
[2024-12-03T08:07:21.364+0900] {subprocess.py:106} INFO - 	 user: dke
[2024-12-03T08:07:51.403+0900] {subprocess.py:106} INFO - 24/12/03 08:07:51 INFO Client: Application report for application_1733127595631_0018 (state: RUNNING)
[2024-12-03T08:07:57.411+0900] {subprocess.py:106} INFO - 24/12/03 08:07:57 INFO Client: Application report for application_1733127595631_0018 (state: FINISHED)
[2024-12-03T08:07:57.411+0900] {subprocess.py:106} INFO - 24/12/03 08:07:57 INFO Client:
[2024-12-03T08:07:57.412+0900] {subprocess.py:106} INFO - 	 client token: N/A
[2024-12-03T08:07:57.412+0900] {subprocess.py:106} INFO - 	 diagnostics: N/A
[2024-12-03T08:07:57.412+0900] {subprocess.py:106} INFO - 	 ApplicationMaster host: SN05
[2024-12-03T08:07:57.413+0900] {subprocess.py:106} INFO - 	 ApplicationMaster RPC port: 33367
[2024-12-03T08:07:57.413+0900] {subprocess.py:106} INFO - 	 queue: root.default
[2024-12-03T08:07:57.413+0900] {subprocess.py:106} INFO - 	 start time: 1733180833321
[2024-12-03T08:07:57.413+0900] {subprocess.py:106} INFO - 	 final status: SUCCEEDED
[2024-12-03T08:07:57.414+0900] {subprocess.py:106} INFO - 	 tracking URL: http://MN:8088/proxy/application_1733127595631_0018/
[2024-12-03T08:07:57.414+0900] {subprocess.py:106} INFO - 	 user: dke
[2024-12-03T08:07:57.421+0900] {subprocess.py:106} INFO - 24/12/03 08:07:57 INFO ShutdownHookManager: Shutdown hook called
[2024-12-03T08:07:57.422+0900] {subprocess.py:106} INFO - 24/12/03 08:07:57 INFO ShutdownHookManager: Deleting directory /tmp/spark-b05c335b-c8cc-4a47-ba64-8f13dda2612c
[2024-12-03T08:07:57.425+0900] {subprocess.py:106} INFO - 24/12/03 08:07:57 INFO ShutdownHookManager: Deleting directory /tmp/spark-752053b5-449b-44f4-8613-f3ce288ffa38
[2024-12-03T08:07:57.778+0900] {subprocess.py:110} INFO - Command exited with return code 0
[2024-12-03T08:07:57.801+0900] {taskinstance.py:340} INFO - ::group::Post task execution logs
[2024-12-03T08:07:57.802+0900] {taskinstance.py:352} INFO - Marking task as SUCCESS. dag_id=process_and_upload_json_to_hdfs, task_id=run_make_model, run_id=scheduled__2024-12-02T22:00:00+00:00, execution_date=20241202T220000, start_date=20241202T230637, end_date=20241202T230757
[2024-12-03T08:07:57.824+0900] {local_task_job_runner.py:266} INFO - Task exited with return code 0
[2024-12-03T08:07:57.834+0900] {taskinstance.py:3895} INFO - 0 downstream tasks scheduled from follow-on schedule check
[2024-12-03T08:07:57.834+0900] {local_task_job_runner.py:245} INFO - ::endgroup::
