[2024-12-05T09:06:39.016+0900] {local_task_job_runner.py:123} INFO - ::group::Pre task execution logs
[2024-12-05T09:06:39.026+0900] {taskinstance.py:2613} INFO - Dependencies all met for dep_context=non-requeueable deps ti=<TaskInstance: process_and_upload_json_to_hdfs.run_make_model scheduled__2024-12-04T23:00:00+00:00 [queued]>
[2024-12-05T09:06:39.033+0900] {taskinstance.py:2613} INFO - Dependencies all met for dep_context=requeueable deps ti=<TaskInstance: process_and_upload_json_to_hdfs.run_make_model scheduled__2024-12-04T23:00:00+00:00 [queued]>
[2024-12-05T09:06:39.033+0900] {taskinstance.py:2866} INFO - Starting attempt 1 of 2
[2024-12-05T09:06:39.048+0900] {taskinstance.py:2889} INFO - Executing <Task(BashOperator): run_make_model> on 2024-12-04 23:00:00+00:00
[2024-12-05T09:06:39.051+0900] {standard_task_runner.py:72} INFO - Started process 1575672 to run task
[2024-12-05T09:06:39.055+0900] {standard_task_runner.py:104} INFO - Running: ['airflow', 'tasks', 'run', 'process_and_upload_json_to_hdfs', 'run_make_model', 'scheduled__2024-12-04T23:00:00+00:00', '--job-id', '626', '--raw', '--subdir', 'DAGS_FOLDER/data_to_hdfs.py', '--cfg-path', '/tmp/tmpwb3q8s6_']
[2024-12-05T09:06:39.057+0900] {standard_task_runner.py:105} INFO - Job 626: Subtask run_make_model
[2024-12-05T09:06:39.089+0900] {task_command.py:467} INFO - Running <TaskInstance: process_and_upload_json_to_hdfs.run_make_model scheduled__2024-12-04T23:00:00+00:00 [running]> on host MN
[2024-12-05T09:06:39.157+0900] {taskinstance.py:3132} INFO - Exporting env vars: AIRFLOW_CTX_DAG_OWNER='airflow' AIRFLOW_CTX_DAG_ID='process_and_upload_json_to_hdfs' AIRFLOW_CTX_TASK_ID='run_make_model' AIRFLOW_CTX_EXECUTION_DATE='2024-12-04T23:00:00+00:00' AIRFLOW_CTX_TRY_NUMBER='1' AIRFLOW_CTX_DAG_RUN_ID='scheduled__2024-12-04T23:00:00+00:00'
[2024-12-05T09:06:39.158+0900] {taskinstance.py:731} INFO - ::endgroup::
[2024-12-05T09:06:39.172+0900] {subprocess.py:78} INFO - Tmp dir root location: /tmp
[2024-12-05T09:06:39.172+0900] {subprocess.py:88} INFO - Running command: ['/usr/bin/bash', '-c', '/laewon/spark/bin/spark-submit --master yarn --deploy-mode cluster /laewon/Riot/make_model.py']
[2024-12-05T09:06:39.179+0900] {subprocess.py:99} INFO - Output:
[2024-12-05T09:06:41.471+0900] {subprocess.py:106} INFO - 24/12/05 09:06:41 INFO DefaultNoHARMFailoverProxyProvider: Connecting to ResourceManager at MN/192.168.4.7:8032
[2024-12-05T09:06:42.192+0900] {subprocess.py:106} INFO - 24/12/05 09:06:42 INFO Configuration: resource-types.xml not found
[2024-12-05T09:06:42.193+0900] {subprocess.py:106} INFO - 24/12/05 09:06:42 INFO ResourceUtils: Unable to find 'resource-types.xml'.
[2024-12-05T09:06:42.206+0900] {subprocess.py:106} INFO - 24/12/05 09:06:42 INFO Client: Verifying our application has not requested more than the maximum memory capability of the cluster (819200 MB per container)
[2024-12-05T09:06:42.207+0900] {subprocess.py:106} INFO - 24/12/05 09:06:42 INFO Client: Will allocate AM container, with 1408 MB memory including 384 MB overhead
[2024-12-05T09:06:42.208+0900] {subprocess.py:106} INFO - 24/12/05 09:06:42 INFO Client: Setting up container launch context for our AM
[2024-12-05T09:06:42.211+0900] {subprocess.py:106} INFO - 24/12/05 09:06:42 INFO Client: Setting up the launch environment for our AM container
[2024-12-05T09:06:42.223+0900] {subprocess.py:106} INFO - 24/12/05 09:06:42 INFO Client: Preparing resources for our AM container
[2024-12-05T09:06:42.256+0900] {subprocess.py:106} INFO - 24/12/05 09:06:42 WARN Client: Neither spark.yarn.jars nor spark.yarn.archive is set, falling back to uploading libraries under SPARK_HOME.
[2024-12-05T09:06:45.074+0900] {subprocess.py:106} INFO - 24/12/05 09:06:45 INFO Client: Uploading resource file:/tmp/spark-80b41577-143a-4402-b945-accc7404e278/__spark_libs__4028095623358401300.zip -> hdfs://MN:9000/user/dke/.sparkStaging/application_1733127595631_0073/__spark_libs__4028095623358401300.zip
[2024-12-05T09:07:22.175+0900] {subprocess.py:106} INFO - 24/12/05 09:07:22 INFO Client: Uploading resource file:/laewon/Riot/make_model.py -> hdfs://MN:9000/user/dke/.sparkStaging/application_1733127595631_0073/make_model.py
[2024-12-05T09:07:22.208+0900] {subprocess.py:106} INFO - 24/12/05 09:07:22 INFO Client: Uploading resource file:/laewon/spark-3.5.1-bin-hadoop3/python/lib/pyspark.zip -> hdfs://MN:9000/user/dke/.sparkStaging/application_1733127595631_0073/pyspark.zip
[2024-12-05T09:07:22.444+0900] {subprocess.py:106} INFO - 24/12/05 09:07:22 INFO Client: Uploading resource file:/laewon/spark-3.5.1-bin-hadoop3/python/lib/py4j-0.10.9.7-src.zip -> hdfs://MN:9000/user/dke/.sparkStaging/application_1733127595631_0073/py4j-0.10.9.7-src.zip
[2024-12-05T09:07:22.644+0900] {subprocess.py:106} INFO - 24/12/05 09:07:22 INFO Client: Uploading resource file:/tmp/spark-80b41577-143a-4402-b945-accc7404e278/__spark_conf__6560644928238526113.zip -> hdfs://MN:9000/user/dke/.sparkStaging/application_1733127595631_0073/__spark_conf__.zip
[2024-12-05T09:07:22.719+0900] {subprocess.py:106} INFO - 24/12/05 09:07:22 INFO SecurityManager: Changing view acls to: dke
[2024-12-05T09:07:22.720+0900] {subprocess.py:106} INFO - 24/12/05 09:07:22 INFO SecurityManager: Changing modify acls to: dke
[2024-12-05T09:07:22.720+0900] {subprocess.py:106} INFO - 24/12/05 09:07:22 INFO SecurityManager: Changing view acls groups to:
[2024-12-05T09:07:22.720+0900] {subprocess.py:106} INFO - 24/12/05 09:07:22 INFO SecurityManager: Changing modify acls groups to:
[2024-12-05T09:07:22.721+0900] {subprocess.py:106} INFO - 24/12/05 09:07:22 INFO SecurityManager: SecurityManager: authentication disabled; ui acls disabled; users with view permissions: dke; groups with view permissions: EMPTY; users with modify permissions: dke; groups with modify permissions: EMPTY
[2024-12-05T09:07:22.757+0900] {subprocess.py:106} INFO - 24/12/05 09:07:22 INFO Client: Submitting application application_1733127595631_0073 to ResourceManager
[2024-12-05T09:07:22.802+0900] {subprocess.py:106} INFO - 24/12/05 09:07:22 INFO YarnClientImpl: Submitted application application_1733127595631_0073
[2024-12-05T09:07:23.804+0900] {subprocess.py:106} INFO - 24/12/05 09:07:23 INFO Client: Application report for application_1733127595631_0073 (state: ACCEPTED)
[2024-12-05T09:07:23.808+0900] {subprocess.py:106} INFO - 24/12/05 09:07:23 INFO Client:
[2024-12-05T09:07:23.808+0900] {subprocess.py:106} INFO - 	 client token: N/A
[2024-12-05T09:07:23.809+0900] {subprocess.py:106} INFO - 	 diagnostics: AM container is launched, waiting for AM container to Register with RM
[2024-12-05T09:07:23.809+0900] {subprocess.py:106} INFO - 	 ApplicationMaster host: N/A
[2024-12-05T09:07:23.809+0900] {subprocess.py:106} INFO - 	 ApplicationMaster RPC port: -1
[2024-12-05T09:07:23.810+0900] {subprocess.py:106} INFO - 	 queue: root.default
[2024-12-05T09:07:23.810+0900] {subprocess.py:106} INFO - 	 start time: 1733357242780
[2024-12-05T09:07:23.810+0900] {subprocess.py:106} INFO - 	 final status: UNDEFINED
[2024-12-05T09:07:23.810+0900] {subprocess.py:106} INFO - 	 tracking URL: http://MN:8088/proxy/application_1733127595631_0073/
[2024-12-05T09:07:23.810+0900] {subprocess.py:106} INFO - 	 user: dke
[2024-12-05T09:07:35.824+0900] {subprocess.py:106} INFO - 24/12/05 09:07:35 INFO Client: Application report for application_1733127595631_0073 (state: RUNNING)
[2024-12-05T09:07:35.824+0900] {subprocess.py:106} INFO - 24/12/05 09:07:35 INFO Client:
[2024-12-05T09:07:35.825+0900] {subprocess.py:106} INFO - 	 client token: N/A
[2024-12-05T09:07:35.825+0900] {subprocess.py:106} INFO - 	 diagnostics: N/A
[2024-12-05T09:07:35.825+0900] {subprocess.py:106} INFO - 	 ApplicationMaster host: SN04
[2024-12-05T09:07:35.825+0900] {subprocess.py:106} INFO - 	 ApplicationMaster RPC port: 45297
[2024-12-05T09:07:35.826+0900] {subprocess.py:106} INFO - 	 queue: root.default
[2024-12-05T09:07:35.826+0900] {subprocess.py:106} INFO - 	 start time: 1733357242780
[2024-12-05T09:07:35.826+0900] {subprocess.py:106} INFO - 	 final status: UNDEFINED
[2024-12-05T09:07:35.826+0900] {subprocess.py:106} INFO - 	 tracking URL: http://MN:8088/proxy/application_1733127595631_0073/
[2024-12-05T09:07:35.827+0900] {subprocess.py:106} INFO - 	 user: dke
[2024-12-05T09:08:05.864+0900] {subprocess.py:106} INFO - 24/12/05 09:08:05 INFO Client: Application report for application_1733127595631_0073 (state: RUNNING)
[2024-12-05T09:08:30.895+0900] {subprocess.py:106} INFO - 24/12/05 09:08:30 INFO Client: Application report for application_1733127595631_0073 (state: FINISHED)
[2024-12-05T09:08:30.895+0900] {subprocess.py:106} INFO - 24/12/05 09:08:30 INFO Client:
[2024-12-05T09:08:30.896+0900] {subprocess.py:106} INFO - 	 client token: N/A
[2024-12-05T09:08:30.896+0900] {subprocess.py:106} INFO - 	 diagnostics: N/A
[2024-12-05T09:08:30.896+0900] {subprocess.py:106} INFO - 	 ApplicationMaster host: SN04
[2024-12-05T09:08:30.896+0900] {subprocess.py:106} INFO - 	 ApplicationMaster RPC port: 45297
[2024-12-05T09:08:30.897+0900] {subprocess.py:106} INFO - 	 queue: root.default
[2024-12-05T09:08:30.897+0900] {subprocess.py:106} INFO - 	 start time: 1733357242780
[2024-12-05T09:08:30.897+0900] {subprocess.py:106} INFO - 	 final status: SUCCEEDED
[2024-12-05T09:08:30.897+0900] {subprocess.py:106} INFO - 	 tracking URL: http://MN:8088/proxy/application_1733127595631_0073/
[2024-12-05T09:08:30.898+0900] {subprocess.py:106} INFO - 	 user: dke
[2024-12-05T09:08:30.905+0900] {subprocess.py:106} INFO - 24/12/05 09:08:30 INFO Client: Deleted staging directory hdfs://MN:9000/user/dke/.sparkStaging/application_1733127595631_0073
[2024-12-05T09:08:30.908+0900] {subprocess.py:106} INFO - 24/12/05 09:08:30 INFO ShutdownHookManager: Shutdown hook called
[2024-12-05T09:08:30.910+0900] {subprocess.py:106} INFO - 24/12/05 09:08:30 INFO ShutdownHookManager: Deleting directory /tmp/spark-80b41577-143a-4402-b945-accc7404e278
[2024-12-05T09:08:30.913+0900] {subprocess.py:106} INFO - 24/12/05 09:08:30 INFO ShutdownHookManager: Deleting directory /tmp/spark-541df395-8210-4bfa-b673-cd69ea247f39
[2024-12-05T09:08:31.269+0900] {subprocess.py:110} INFO - Command exited with return code 0
[2024-12-05T09:08:31.292+0900] {taskinstance.py:340} INFO - ::group::Post task execution logs
[2024-12-05T09:08:31.292+0900] {taskinstance.py:352} INFO - Marking task as SUCCESS. dag_id=process_and_upload_json_to_hdfs, task_id=run_make_model, run_id=scheduled__2024-12-04T23:00:00+00:00, execution_date=20241204T230000, start_date=20241205T000639, end_date=20241205T000831
[2024-12-05T09:08:31.313+0900] {local_task_job_runner.py:266} INFO - Task exited with return code 0
[2024-12-05T09:08:31.323+0900] {taskinstance.py:3895} INFO - 0 downstream tasks scheduled from follow-on schedule check
[2024-12-05T09:08:31.323+0900] {local_task_job_runner.py:245} INFO - ::endgroup::
