[2024-11-14T19:17:26.338+0900] {local_task_job_runner.py:123} INFO - ::group::Pre task execution logs
[2024-11-14T19:17:26.349+0900] {taskinstance.py:2613} INFO - Dependencies all met for dep_context=non-requeueable deps ti=<TaskInstance: first_dag.first_task scheduled__2024-11-14T07:09:00+00:00 [queued]>
[2024-11-14T19:17:26.355+0900] {taskinstance.py:2613} INFO - Dependencies all met for dep_context=requeueable deps ti=<TaskInstance: first_dag.first_task scheduled__2024-11-14T07:09:00+00:00 [queued]>
[2024-11-14T19:17:26.356+0900] {taskinstance.py:2866} INFO - Starting attempt 1 of 6
[2024-11-14T19:17:26.370+0900] {taskinstance.py:2889} INFO - Executing <Task(BashOperator): first_task> on 2024-11-14 07:09:00+00:00
[2024-11-14T19:17:26.372+0900] {standard_task_runner.py:72} INFO - Started process 2369286 to run task
[2024-11-14T19:17:26.376+0900] {standard_task_runner.py:104} INFO - Running: ['airflow', 'tasks', 'run', 'first_dag', 'first_task', 'scheduled__2024-11-14T07:09:00+00:00', '--job-id', '28', '--raw', '--subdir', 'DAGS_FOLDER/first_dag.py', '--cfg-path', '/tmp/tmpjo4cxf9x']
[2024-11-14T19:17:26.377+0900] {standard_task_runner.py:105} INFO - Job 28: Subtask first_task
[2024-11-14T19:17:26.410+0900] {task_command.py:467} INFO - Running <TaskInstance: first_dag.first_task scheduled__2024-11-14T07:09:00+00:00 [running]> on host MN
[2024-11-14T19:17:26.477+0900] {taskinstance.py:3132} INFO - Exporting env vars: AIRFLOW_CTX_DAG_OWNER='coder2j' AIRFLOW_CTX_DAG_ID='first_dag' AIRFLOW_CTX_TASK_ID='first_task' AIRFLOW_CTX_EXECUTION_DATE='2024-11-14T07:09:00+00:00' AIRFLOW_CTX_TRY_NUMBER='1' AIRFLOW_CTX_DAG_RUN_ID='scheduled__2024-11-14T07:09:00+00:00'
[2024-11-14T19:17:26.478+0900] {taskinstance.py:731} INFO - ::endgroup::
[2024-11-14T19:17:26.493+0900] {subprocess.py:78} INFO - Tmp dir root location: /tmp
[2024-11-14T19:17:26.493+0900] {subprocess.py:88} INFO - Running command: ['/usr/bin/bash', '-c', 'echo hello world, this is the fist task!']
[2024-11-14T19:17:26.499+0900] {subprocess.py:99} INFO - Output:
[2024-11-14T19:17:26.499+0900] {subprocess.py:106} INFO - hello world, this is the fist task!
[2024-11-14T19:17:26.500+0900] {subprocess.py:110} INFO - Command exited with return code 0
[2024-11-14T19:17:26.518+0900] {taskinstance.py:340} INFO - ::group::Post task execution logs
[2024-11-14T19:17:26.518+0900] {taskinstance.py:352} INFO - Marking task as SUCCESS. dag_id=first_dag, task_id=first_task, run_id=scheduled__2024-11-14T07:09:00+00:00, execution_date=20241114T070900, start_date=20241114T101726, end_date=20241114T101726
[2024-11-14T19:17:26.547+0900] {local_task_job_runner.py:266} INFO - Task exited with return code 0
[2024-11-14T19:17:26.559+0900] {taskinstance.py:3895} INFO - 0 downstream tasks scheduled from follow-on schedule check
[2024-11-14T19:17:26.560+0900] {local_task_job_runner.py:245} INFO - ::endgroup::
