[2024-12-04T01:00:03.452+0900] {local_task_job_runner.py:123} INFO - ::group::Pre task execution logs
[2024-12-04T01:00:03.462+0900] {taskinstance.py:2613} INFO - Dependencies all met for dep_context=non-requeueable deps ti=<TaskInstance: process_and_upload_json_to_hdfs.process_json_files scheduled__2024-12-03T15:00:00+00:00 [queued]>
[2024-12-04T01:00:03.468+0900] {taskinstance.py:2613} INFO - Dependencies all met for dep_context=requeueable deps ti=<TaskInstance: process_and_upload_json_to_hdfs.process_json_files scheduled__2024-12-03T15:00:00+00:00 [queued]>
[2024-12-04T01:00:03.469+0900] {taskinstance.py:2866} INFO - Starting attempt 1 of 2
[2024-12-04T01:00:03.485+0900] {taskinstance.py:2889} INFO - Executing <Task(PythonOperator): process_json_files> on 2024-12-03 15:00:00+00:00
[2024-12-04T01:00:03.488+0900] {standard_task_runner.py:72} INFO - Started process 640186 to run task
[2024-12-04T01:00:03.491+0900] {standard_task_runner.py:104} INFO - Running: ['airflow', 'tasks', 'run', 'process_and_upload_json_to_hdfs', 'process_json_files', 'scheduled__2024-12-03T15:00:00+00:00', '--job-id', '495', '--raw', '--subdir', 'DAGS_FOLDER/data_to_hdfs.py', '--cfg-path', '/tmp/tmpy1ckufmp']
[2024-12-04T01:00:03.493+0900] {standard_task_runner.py:105} INFO - Job 495: Subtask process_json_files
[2024-12-04T01:00:03.526+0900] {task_command.py:467} INFO - Running <TaskInstance: process_and_upload_json_to_hdfs.process_json_files scheduled__2024-12-03T15:00:00+00:00 [running]> on host MN
[2024-12-04T01:00:03.593+0900] {taskinstance.py:3132} INFO - Exporting env vars: AIRFLOW_CTX_DAG_OWNER='airflow' AIRFLOW_CTX_DAG_ID='process_and_upload_json_to_hdfs' AIRFLOW_CTX_TASK_ID='process_json_files' AIRFLOW_CTX_EXECUTION_DATE='2024-12-03T15:00:00+00:00' AIRFLOW_CTX_TRY_NUMBER='1' AIRFLOW_CTX_DAG_RUN_ID='scheduled__2024-12-03T15:00:00+00:00'
[2024-12-04T01:00:03.593+0900] {taskinstance.py:731} INFO - ::endgroup::
[2024-12-04T01:00:03.927+0900] {logging_mixin.py:190} INFO - Champion data for champion 11 saved to /laewon/Riot/output/champion_11.csv.
[2024-12-04T01:00:04.022+0900] {logging_mixin.py:190} INFO - Champion data for champion 40 saved to /laewon/Riot/output/champion_40.csv.
[2024-12-04T01:00:04.089+0900] {logging_mixin.py:190} INFO - Champion data for champion 223 saved to /laewon/Riot/output/champion_223.csv.
[2024-12-04T01:00:04.204+0900] {logging_mixin.py:190} INFO - Champion data for champion 29 saved to /laewon/Riot/output/champion_29.csv.
[2024-12-04T01:00:04.277+0900] {logging_mixin.py:190} INFO - Champion data for champion 89 saved to /laewon/Riot/output/champion_89.csv.
[2024-12-04T01:00:04.396+0900] {logging_mixin.py:190} INFO - Champion data for champion 15 saved to /laewon/Riot/output/champion_15.csv.
[2024-12-04T01:00:04.451+0900] {logging_mixin.py:190} INFO - Champion data for champion 90 saved to /laewon/Riot/output/champion_90.csv.
[2024-12-04T01:00:04.549+0900] {logging_mixin.py:190} INFO - Champion data for champion 36 saved to /laewon/Riot/output/champion_36.csv.
[2024-12-04T01:00:04.621+0900] {logging_mixin.py:190} INFO - Champion data for champion 711 saved to /laewon/Riot/output/champion_711.csv.
[2024-12-04T01:00:04.785+0900] {logging_mixin.py:190} INFO - Champion data for champion 202 saved to /laewon/Riot/output/champion_202.csv.
[2024-12-04T01:00:04.869+0900] {logging_mixin.py:190} INFO - Champion data for champion 117 saved to /laewon/Riot/output/champion_117.csv.
[2024-12-04T01:00:04.958+0900] {logging_mixin.py:190} INFO - Champion data for champion 10 saved to /laewon/Riot/output/champion_10.csv.
[2024-12-04T01:00:05.117+0900] {logging_mixin.py:190} INFO - Champion data for champion 21 saved to /laewon/Riot/output/champion_21.csv.
[2024-12-04T01:00:05.214+0900] {logging_mixin.py:190} INFO - Champion data for champion 777 saved to /laewon/Riot/output/champion_777.csv.
[2024-12-04T01:00:05.301+0900] {logging_mixin.py:190} INFO - Champion data for champion 799 saved to /laewon/Riot/output/champion_799.csv.
[2024-12-04T01:00:05.354+0900] {logging_mixin.py:190} INFO - Champion data for champion 23 saved to /laewon/Riot/output/champion_23.csv.
[2024-12-04T01:00:05.441+0900] {logging_mixin.py:190} INFO - Champion data for champion 13 saved to /laewon/Riot/output/champion_13.csv.
[2024-12-04T01:00:05.584+0900] {logging_mixin.py:190} INFO - Champion data for champion 76 saved to /laewon/Riot/output/champion_76.csv.
[2024-12-04T01:00:05.632+0900] {logging_mixin.py:190} INFO - Champion data for champion 163 saved to /laewon/Riot/output/champion_163.csv.
[2024-12-04T01:00:05.680+0900] {logging_mixin.py:190} INFO - Champion data for champion 41 saved to /laewon/Riot/output/champion_41.csv.
[2024-12-04T01:00:05.715+0900] {logging_mixin.py:190} INFO - Champion data for champion 72 saved to /laewon/Riot/output/champion_72.csv.
[2024-12-04T01:00:05.799+0900] {logging_mixin.py:190} INFO - Champion data for champion 9 saved to /laewon/Riot/output/champion_9.csv.
[2024-12-04T01:00:05.929+0900] {logging_mixin.py:190} INFO - Champion data for champion 161 saved to /laewon/Riot/output/champion_161.csv.
[2024-12-04T01:00:06.085+0900] {logging_mixin.py:190} INFO - Champion data for champion 110 saved to /laewon/Riot/output/champion_110.csv.
[2024-12-04T01:00:06.168+0900] {logging_mixin.py:190} INFO - Champion data for champion 133 saved to /laewon/Riot/output/champion_133.csv.
[2024-12-04T01:00:06.319+0900] {logging_mixin.py:190} INFO - Champion data for champion 103 saved to /laewon/Riot/output/champion_103.csv.
[2024-12-04T01:00:06.413+0900] {logging_mixin.py:190} INFO - Champion data for champion 57 saved to /laewon/Riot/output/champion_57.csv.
[2024-12-04T01:00:06.569+0900] {logging_mixin.py:190} INFO - Champion data for champion 22 saved to /laewon/Riot/output/champion_22.csv.
[2024-12-04T01:00:06.674+0900] {logging_mixin.py:190} INFO - Champion data for champion 221 saved to /laewon/Riot/output/champion_221.csv.
[2024-12-04T01:00:06.755+0900] {logging_mixin.py:190} INFO - Champion data for champion 27 saved to /laewon/Riot/output/champion_27.csv.
[2024-12-04T01:00:06.833+0900] {logging_mixin.py:190} INFO - Champion data for champion 59 saved to /laewon/Riot/output/champion_59.csv.
[2024-12-04T01:00:07.006+0900] {logging_mixin.py:190} INFO - Champion data for champion 53 saved to /laewon/Riot/output/champion_53.csv.
[2024-12-04T01:00:07.130+0900] {logging_mixin.py:190} INFO - Champion data for champion 101 saved to /laewon/Riot/output/champion_101.csv.
[2024-12-04T01:00:07.222+0900] {logging_mixin.py:190} INFO - Champion data for champion 96 saved to /laewon/Riot/output/champion_96.csv.
[2024-12-04T01:00:07.332+0900] {logging_mixin.py:190} INFO - Champion data for champion 235 saved to /laewon/Riot/output/champion_235.csv.
[2024-12-04T01:00:07.428+0900] {logging_mixin.py:190} INFO - Champion data for champion 518 saved to /laewon/Riot/output/champion_518.csv.
[2024-12-04T01:00:07.450+0900] {logging_mixin.py:190} INFO - Champion data for champion 2 saved to /laewon/Riot/output/champion_2.csv.
[2024-12-04T01:00:07.592+0900] {logging_mixin.py:190} INFO - Champion data for champion 45 saved to /laewon/Riot/output/champion_45.csv.
[2024-12-04T01:00:07.650+0900] {logging_mixin.py:190} INFO - Champion data for champion 143 saved to /laewon/Riot/output/champion_143.csv.
[2024-12-04T01:00:07.765+0900] {logging_mixin.py:190} INFO - Champion data for champion 4 saved to /laewon/Riot/output/champion_4.csv.
[2024-12-04T01:00:07.922+0900] {logging_mixin.py:190} INFO - Champion data for champion 99 saved to /laewon/Riot/output/champion_99.csv.
[2024-12-04T01:00:08.016+0900] {logging_mixin.py:190} INFO - Champion data for champion 84 saved to /laewon/Riot/output/champion_84.csv.
[2024-12-04T01:00:08.069+0900] {logging_mixin.py:190} INFO - Champion data for champion 6 saved to /laewon/Riot/output/champion_6.csv.
[2024-12-04T01:00:08.169+0900] {logging_mixin.py:190} INFO - Champion data for champion 112 saved to /laewon/Riot/output/champion_112.csv.
[2024-12-04T01:00:08.247+0900] {logging_mixin.py:190} INFO - Champion data for champion 50 saved to /laewon/Riot/output/champion_50.csv.
[2024-12-04T01:00:08.324+0900] {logging_mixin.py:190} INFO - Champion data for champion 24 saved to /laewon/Riot/output/champion_24.csv.
[2024-12-04T01:00:08.415+0900] {logging_mixin.py:190} INFO - Champion data for champion 80 saved to /laewon/Riot/output/champion_80.csv.
[2024-12-04T01:00:08.535+0900] {logging_mixin.py:190} INFO - Champion data for champion 61 saved to /laewon/Riot/output/champion_61.csv.
[2024-12-04T01:00:08.645+0900] {logging_mixin.py:190} INFO - Champion data for champion 104 saved to /laewon/Riot/output/champion_104.csv.
[2024-12-04T01:00:08.672+0900] {logging_mixin.py:190} INFO - Champion data for champion 44 saved to /laewon/Riot/output/champion_44.csv.
[2024-12-04T01:00:08.742+0900] {logging_mixin.py:190} INFO - Champion data for champion 1 saved to /laewon/Riot/output/champion_1.csv.
[2024-12-04T01:00:08.854+0900] {logging_mixin.py:190} INFO - Champion data for champion 31 saved to /laewon/Riot/output/champion_31.csv.
[2024-12-04T01:00:09.056+0900] {logging_mixin.py:190} INFO - Champion data for champion 51 saved to /laewon/Riot/output/champion_51.csv.
[2024-12-04T01:00:09.111+0900] {logging_mixin.py:190} INFO - Champion data for champion 268 saved to /laewon/Riot/output/champion_268.csv.
[2024-12-04T01:00:09.173+0900] {logging_mixin.py:190} INFO - Champion data for champion 85 saved to /laewon/Riot/output/champion_85.csv.
[2024-12-04T01:00:09.236+0900] {logging_mixin.py:190} INFO - Champion data for champion 12 saved to /laewon/Riot/output/champion_12.csv.
[2024-12-04T01:00:09.308+0900] {logging_mixin.py:190} INFO - Champion data for champion 154 saved to /laewon/Riot/output/champion_154.csv.
[2024-12-04T01:00:09.332+0900] {logging_mixin.py:190} INFO - Champion data for champion 895 saved to /laewon/Riot/output/champion_895.csv.
[2024-12-04T01:00:09.510+0900] {logging_mixin.py:190} INFO - Champion data for champion 222 saved to /laewon/Riot/output/champion_222.csv.
[2024-12-04T01:00:09.573+0900] {logging_mixin.py:190} INFO - Champion data for champion 201 saved to /laewon/Riot/output/champion_201.csv.
[2024-12-04T01:00:09.663+0900] {logging_mixin.py:190} INFO - Champion data for champion 42 saved to /laewon/Riot/output/champion_42.csv.
[2024-12-04T01:00:09.707+0900] {logging_mixin.py:190} INFO - Champion data for champion 893 saved to /laewon/Riot/output/champion_893.csv.
[2024-12-04T01:00:09.768+0900] {logging_mixin.py:190} INFO - Champion data for champion 131 saved to /laewon/Riot/output/champion_131.csv.
[2024-12-04T01:00:09.883+0900] {logging_mixin.py:190} INFO - Champion data for champion 412 saved to /laewon/Riot/output/champion_412.csv.
[2024-12-04T01:00:10.090+0900] {logging_mixin.py:190} INFO - Champion data for champion 81 saved to /laewon/Riot/output/champion_81.csv.
[2024-12-04T01:00:10.162+0900] {logging_mixin.py:190} INFO - Champion data for champion 360 saved to /laewon/Riot/output/champion_360.csv.
[2024-12-04T01:00:10.233+0900] {logging_mixin.py:190} INFO - Champion data for champion 910 saved to /laewon/Riot/output/champion_910.csv.
[2024-12-04T01:00:10.349+0900] {logging_mixin.py:190} INFO - Champion data for champion 147 saved to /laewon/Riot/output/champion_147.csv.
[2024-12-04T01:00:10.436+0900] {logging_mixin.py:190} INFO - Champion data for champion 82 saved to /laewon/Riot/output/champion_82.csv.
[2024-12-04T01:00:10.568+0900] {logging_mixin.py:190} INFO - Champion data for champion 63 saved to /laewon/Riot/output/champion_63.csv.
[2024-12-04T01:00:10.719+0900] {logging_mixin.py:190} INFO - Champion data for champion 25 saved to /laewon/Riot/output/champion_25.csv.
[2024-12-04T01:00:10.788+0900] {logging_mixin.py:190} INFO - Champion data for champion 234 saved to /laewon/Riot/output/champion_234.csv.
[2024-12-04T01:00:10.811+0900] {logging_mixin.py:190} INFO - Champion data for champion 246 saved to /laewon/Riot/output/champion_246.csv.
[2024-12-04T01:00:10.887+0900] {logging_mixin.py:190} INFO - Champion data for champion 888 saved to /laewon/Riot/output/champion_888.csv.
[2024-12-04T01:00:10.986+0900] {logging_mixin.py:190} INFO - Champion data for champion 157 saved to /laewon/Riot/output/champion_157.csv.
[2024-12-04T01:00:11.043+0900] {logging_mixin.py:190} INFO - Champion data for champion 39 saved to /laewon/Riot/output/champion_39.csv.
[2024-12-04T01:00:11.095+0900] {logging_mixin.py:190} INFO - Champion data for champion 92 saved to /laewon/Riot/output/champion_92.csv.
[2024-12-04T01:00:11.133+0900] {logging_mixin.py:190} INFO - Champion data for champion 38 saved to /laewon/Riot/output/champion_38.csv.
[2024-12-04T01:00:11.226+0900] {logging_mixin.py:190} INFO - Champion data for champion 238 saved to /laewon/Riot/output/champion_238.csv.
[2024-12-04T01:00:11.268+0900] {logging_mixin.py:190} INFO - Champion data for champion 902 saved to /laewon/Riot/output/champion_902.csv.
[2024-12-04T01:00:11.346+0900] {logging_mixin.py:190} INFO - Champion data for champion 254 saved to /laewon/Riot/output/champion_254.csv.
[2024-12-04T01:00:11.472+0900] {logging_mixin.py:190} INFO - Champion data for champion 555 saved to /laewon/Riot/output/champion_555.csv.
[2024-12-04T01:00:11.518+0900] {logging_mixin.py:190} INFO - Champion data for champion 102 saved to /laewon/Riot/output/champion_102.csv.
[2024-12-04T01:00:11.557+0900] {logging_mixin.py:190} INFO - Champion data for champion 48 saved to /laewon/Riot/output/champion_48.csv.
[2024-12-04T01:00:11.689+0900] {logging_mixin.py:190} INFO - Champion data for champion 901 saved to /laewon/Riot/output/champion_901.csv.
[2024-12-04T01:00:11.805+0900] {logging_mixin.py:190} INFO - Champion data for champion 111 saved to /laewon/Riot/output/champion_111.csv.
[2024-12-04T01:00:11.919+0900] {logging_mixin.py:190} INFO - Champion data for champion 18 saved to /laewon/Riot/output/champion_18.csv.
[2024-12-04T01:00:11.944+0900] {logging_mixin.py:190} INFO - Champion data for champion 28 saved to /laewon/Riot/output/champion_28.csv.
[2024-12-04T01:00:11.994+0900] {logging_mixin.py:190} INFO - Champion data for champion 106 saved to /laewon/Riot/output/champion_106.csv.
[2024-12-04T01:00:12.058+0900] {logging_mixin.py:190} INFO - Champion data for champion 142 saved to /laewon/Riot/output/champion_142.csv.
[2024-12-04T01:00:12.157+0900] {logging_mixin.py:190} INFO - Champion data for champion 32 saved to /laewon/Riot/output/champion_32.csv.
[2024-12-04T01:00:12.303+0900] {logging_mixin.py:190} INFO - Champion data for champion 145 saved to /laewon/Riot/output/champion_145.csv.
[2024-12-04T01:00:12.384+0900] {logging_mixin.py:190} INFO - Champion data for champion 122 saved to /laewon/Riot/output/champion_122.csv.
[2024-12-04T01:00:12.501+0900] {logging_mixin.py:190} INFO - Champion data for champion 67 saved to /laewon/Riot/output/champion_67.csv.
[2024-12-04T01:00:12.612+0900] {logging_mixin.py:190} INFO - Champion data for champion 7 saved to /laewon/Riot/output/champion_7.csv.
[2024-12-04T01:00:12.678+0900] {logging_mixin.py:190} INFO - Champion data for champion 136 saved to /laewon/Riot/output/champion_136.csv.
[2024-12-04T01:00:12.709+0900] {logging_mixin.py:190} INFO - Champion data for champion 150 saved to /laewon/Riot/output/champion_150.csv.
[2024-12-04T01:00:12.775+0900] {logging_mixin.py:190} INFO - Champion data for champion 34 saved to /laewon/Riot/output/champion_34.csv.
[2024-12-04T01:00:12.851+0900] {logging_mixin.py:190} INFO - Champion data for champion 86 saved to /laewon/Riot/output/champion_86.csv.
[2024-12-04T01:00:12.907+0900] {logging_mixin.py:190} INFO - Champion data for champion 429 saved to /laewon/Riot/output/champion_429.csv.
[2024-12-04T01:00:13.051+0900] {logging_mixin.py:190} INFO - Champion data for champion 115 saved to /laewon/Riot/output/champion_115.csv.
[2024-12-04T01:00:13.130+0900] {logging_mixin.py:190} INFO - Champion data for champion 79 saved to /laewon/Riot/output/champion_79.csv.
[2024-12-04T01:00:13.201+0900] {logging_mixin.py:190} INFO - Champion data for champion 134 saved to /laewon/Riot/output/champion_134.csv.
[2024-12-04T01:00:13.287+0900] {logging_mixin.py:190} INFO - Champion data for champion 245 saved to /laewon/Riot/output/champion_245.csv.
[2024-12-04T01:00:13.438+0900] {logging_mixin.py:190} INFO - Champion data for champion 54 saved to /laewon/Riot/output/champion_54.csv.
[2024-12-04T01:00:13.554+0900] {logging_mixin.py:190} INFO - Champion data for champion 43 saved to /laewon/Riot/output/champion_43.csv.
[2024-12-04T01:00:13.664+0900] {logging_mixin.py:190} INFO - Champion data for champion 517 saved to /laewon/Riot/output/champion_517.csv.
[2024-12-04T01:00:13.725+0900] {logging_mixin.py:190} INFO - Champion data for champion 523 saved to /laewon/Riot/output/champion_523.csv.
[2024-12-04T01:00:13.785+0900] {logging_mixin.py:190} INFO - Champion data for champion 75 saved to /laewon/Riot/output/champion_75.csv.
[2024-12-04T01:00:13.832+0900] {logging_mixin.py:190} INFO - Champion data for champion 19 saved to /laewon/Riot/output/champion_19.csv.
[2024-12-04T01:00:13.880+0900] {logging_mixin.py:190} INFO - Champion data for champion 897 saved to /laewon/Riot/output/champion_897.csv.
[2024-12-04T01:00:13.957+0900] {logging_mixin.py:190} INFO - Champion data for champion 16 saved to /laewon/Riot/output/champion_16.csv.
[2024-12-04T01:00:13.970+0900] {logging_mixin.py:190} INFO - Champion data for champion 83 saved to /laewon/Riot/output/champion_83.csv.
[2024-12-04T01:00:14.046+0900] {logging_mixin.py:190} INFO - Champion data for champion 121 saved to /laewon/Riot/output/champion_121.csv.
[2024-12-04T01:00:14.116+0900] {logging_mixin.py:190} INFO - Champion data for champion 26 saved to /laewon/Riot/output/champion_26.csv.
[2024-12-04T01:00:14.168+0900] {logging_mixin.py:190} INFO - Champion data for champion 166 saved to /laewon/Riot/output/champion_166.csv.
[2024-12-04T01:00:14.262+0900] {logging_mixin.py:190} INFO - Champion data for champion 74 saved to /laewon/Riot/output/champion_74.csv.
[2024-12-04T01:00:14.311+0900] {logging_mixin.py:190} INFO - Champion data for champion 420 saved to /laewon/Riot/output/champion_420.csv.
[2024-12-04T01:00:14.352+0900] {logging_mixin.py:190} INFO - Champion data for champion 114 saved to /laewon/Riot/output/champion_114.csv.
[2024-12-04T01:00:14.430+0900] {logging_mixin.py:190} INFO - Champion data for champion 35 saved to /laewon/Riot/output/champion_35.csv.
[2024-12-04T01:00:14.478+0900] {logging_mixin.py:190} INFO - Champion data for champion 432 saved to /laewon/Riot/output/champion_432.csv.
[2024-12-04T01:00:14.543+0900] {logging_mixin.py:190} INFO - Champion data for champion 62 saved to /laewon/Riot/output/champion_62.csv.
[2024-12-04T01:00:14.628+0900] {logging_mixin.py:190} INFO - Champion data for champion 30 saved to /laewon/Riot/output/champion_30.csv.
[2024-12-04T01:00:14.693+0900] {logging_mixin.py:190} INFO - Champion data for champion 20 saved to /laewon/Riot/output/champion_20.csv.
[2024-12-04T01:00:14.815+0900] {logging_mixin.py:190} INFO - Champion data for champion 498 saved to /laewon/Riot/output/champion_498.csv.
[2024-12-04T01:00:14.857+0900] {logging_mixin.py:190} INFO - Champion data for champion 141 saved to /laewon/Riot/output/champion_141.csv.
[2024-12-04T01:00:14.995+0900] {logging_mixin.py:190} INFO - Champion data for champion 126 saved to /laewon/Riot/output/champion_126.csv.
[2024-12-04T01:00:15.047+0900] {logging_mixin.py:190} INFO - Champion data for champion 58 saved to /laewon/Riot/output/champion_58.csv.
[2024-12-04T01:00:15.188+0900] {logging_mixin.py:190} INFO - Champion data for champion 236 saved to /laewon/Riot/output/champion_236.csv.
[2024-12-04T01:00:15.261+0900] {logging_mixin.py:190} INFO - Champion data for champion 105 saved to /laewon/Riot/output/champion_105.csv.
[2024-12-04T01:00:15.331+0900] {logging_mixin.py:190} INFO - Champion data for champion 350 saved to /laewon/Riot/output/champion_350.csv.
[2024-12-04T01:00:15.403+0900] {logging_mixin.py:190} INFO - Champion data for champion 127 saved to /laewon/Riot/output/champion_127.csv.
[2024-12-04T01:00:15.527+0900] {logging_mixin.py:190} INFO - Champion data for champion 17 saved to /laewon/Riot/output/champion_17.csv.
[2024-12-04T01:00:15.600+0900] {logging_mixin.py:190} INFO - Champion data for champion 55 saved to /laewon/Riot/output/champion_55.csv.
[2024-12-04T01:00:15.712+0900] {logging_mixin.py:190} INFO - Champion data for champion 64 saved to /laewon/Riot/output/champion_64.csv.
[2024-12-04T01:00:15.755+0900] {logging_mixin.py:190} INFO - Champion data for champion 164 saved to /laewon/Riot/output/champion_164.csv.
[2024-12-04T01:00:15.803+0900] {logging_mixin.py:190} INFO - Champion data for champion 267 saved to /laewon/Riot/output/champion_267.csv.
[2024-12-04T01:00:15.862+0900] {logging_mixin.py:190} INFO - Champion data for champion 516 saved to /laewon/Riot/output/champion_516.csv.
[2024-12-04T01:00:15.931+0900] {logging_mixin.py:190} INFO - Champion data for champion 875 saved to /laewon/Riot/output/champion_875.csv.
[2024-12-04T01:00:16.004+0900] {logging_mixin.py:190} INFO - Champion data for champion 8 saved to /laewon/Riot/output/champion_8.csv.
[2024-12-04T01:00:16.105+0900] {logging_mixin.py:190} INFO - Champion data for champion 266 saved to /laewon/Riot/output/champion_266.csv.
[2024-12-04T01:00:16.142+0900] {logging_mixin.py:190} INFO - Champion data for champion 77 saved to /laewon/Riot/output/champion_77.csv.
[2024-12-04T01:00:16.170+0900] {logging_mixin.py:190} INFO - Champion data for champion 60 saved to /laewon/Riot/output/champion_60.csv.
[2024-12-04T01:00:16.195+0900] {logging_mixin.py:190} INFO - Champion data for champion 200 saved to /laewon/Riot/output/champion_200.csv.
[2024-12-04T01:00:16.254+0900] {logging_mixin.py:190} INFO - Champion data for champion 203 saved to /laewon/Riot/output/champion_203.csv.
[2024-12-04T01:00:16.296+0900] {logging_mixin.py:190} INFO - Champion data for champion 69 saved to /laewon/Riot/output/champion_69.csv.
[2024-12-04T01:00:16.330+0900] {logging_mixin.py:190} INFO - Champion data for champion 887 saved to /laewon/Riot/output/champion_887.csv.
[2024-12-04T01:00:16.402+0900] {logging_mixin.py:190} INFO - Champion data for champion 119 saved to /laewon/Riot/output/champion_119.csv.
[2024-12-04T01:00:16.475+0900] {logging_mixin.py:190} INFO - Champion data for champion 68 saved to /laewon/Riot/output/champion_68.csv.
[2024-12-04T01:00:16.497+0900] {logging_mixin.py:190} INFO - Champion data for champion 950 saved to /laewon/Riot/output/champion_950.csv.
[2024-12-04T01:00:16.554+0900] {logging_mixin.py:190} INFO - Champion data for champion 14 saved to /laewon/Riot/output/champion_14.csv.
[2024-12-04T01:00:16.591+0900] {logging_mixin.py:190} INFO - Champion data for champion 56 saved to /laewon/Riot/output/champion_56.csv.
[2024-12-04T01:00:16.673+0900] {logging_mixin.py:190} INFO - Champion data for champion 3 saved to /laewon/Riot/output/champion_3.csv.
[2024-12-04T01:00:16.748+0900] {logging_mixin.py:190} INFO - Champion data for champion 98 saved to /laewon/Riot/output/champion_98.csv.
[2024-12-04T01:00:16.773+0900] {logging_mixin.py:190} INFO - Champion data for champion 120 saved to /laewon/Riot/output/champion_120.csv.
[2024-12-04T01:00:16.849+0900] {logging_mixin.py:190} INFO - Champion data for champion 37 saved to /laewon/Riot/output/champion_37.csv.
[2024-12-04T01:00:16.885+0900] {logging_mixin.py:190} INFO - Champion data for champion 5 saved to /laewon/Riot/output/champion_5.csv.
[2024-12-04T01:00:16.913+0900] {logging_mixin.py:190} INFO - Champion data for champion 233 saved to /laewon/Riot/output/champion_233.csv.
[2024-12-04T01:00:16.960+0900] {logging_mixin.py:190} INFO - Champion data for champion 78 saved to /laewon/Riot/output/champion_78.csv.
[2024-12-04T01:00:16.991+0900] {logging_mixin.py:190} INFO - Champion data for champion 107 saved to /laewon/Riot/output/champion_107.csv.
[2024-12-04T01:00:17.045+0900] {logging_mixin.py:190} INFO - Champion data for champion 876 saved to /laewon/Riot/output/champion_876.csv.
[2024-12-04T01:00:17.217+0900] {logging_mixin.py:190} INFO - All new JSON files have been processed and saved as 'match_data_combined.csv'.
[2024-12-04T01:00:17.236+0900] {python.py:240} INFO - Done. Returned value was: None
[2024-12-04T01:00:17.241+0900] {taskinstance.py:340} INFO - ::group::Post task execution logs
[2024-12-04T01:00:17.241+0900] {taskinstance.py:352} INFO - Marking task as SUCCESS. dag_id=process_and_upload_json_to_hdfs, task_id=process_json_files, run_id=scheduled__2024-12-03T15:00:00+00:00, execution_date=20241203T150000, start_date=20241203T160003, end_date=20241203T160017
[2024-12-04T01:00:17.273+0900] {local_task_job_runner.py:266} INFO - Task exited with return code 0
[2024-12-04T01:00:17.290+0900] {taskinstance.py:3895} INFO - 1 downstream tasks scheduled from follow-on schedule check
[2024-12-04T01:00:17.295+0900] {local_task_job_runner.py:245} INFO - ::endgroup::
