[2024-12-03T10:06:36.677+0900] {local_task_job_runner.py:123} INFO - ::group::Pre task execution logs
[2024-12-03T10:06:36.687+0900] {taskinstance.py:2613} INFO - Dependencies all met for dep_context=non-requeueable deps ti=<TaskInstance: process_and_upload_json_to_hdfs.run_make_model scheduled__2024-12-03T00:00:00+00:00 [queued]>
[2024-12-03T10:06:36.694+0900] {taskinstance.py:2613} INFO - Dependencies all met for dep_context=requeueable deps ti=<TaskInstance: process_and_upload_json_to_hdfs.run_make_model scheduled__2024-12-03T00:00:00+00:00 [queued]>
[2024-12-03T10:06:36.694+0900] {taskinstance.py:2866} INFO - Starting attempt 1 of 2
[2024-12-03T10:06:36.710+0900] {taskinstance.py:2889} INFO - Executing <Task(BashOperator): run_make_model> on 2024-12-03 00:00:00+00:00
[2024-12-03T10:06:36.713+0900] {standard_task_runner.py:72} INFO - Started process 298943 to run task
[2024-12-03T10:06:36.716+0900] {standard_task_runner.py:104} INFO - Running: ['airflow', 'tasks', 'run', 'process_and_upload_json_to_hdfs', 'run_make_model', 'scheduled__2024-12-03T00:00:00+00:00', '--job-id', '436', '--raw', '--subdir', 'DAGS_FOLDER/data_to_hdfs.py', '--cfg-path', '/tmp/tmp0i51tzcy']
[2024-12-03T10:06:36.718+0900] {standard_task_runner.py:105} INFO - Job 436: Subtask run_make_model
[2024-12-03T10:06:36.751+0900] {task_command.py:467} INFO - Running <TaskInstance: process_and_upload_json_to_hdfs.run_make_model scheduled__2024-12-03T00:00:00+00:00 [running]> on host MN
[2024-12-03T10:06:36.818+0900] {taskinstance.py:3132} INFO - Exporting env vars: AIRFLOW_CTX_DAG_OWNER='airflow' AIRFLOW_CTX_DAG_ID='process_and_upload_json_to_hdfs' AIRFLOW_CTX_TASK_ID='run_make_model' AIRFLOW_CTX_EXECUTION_DATE='2024-12-03T00:00:00+00:00' AIRFLOW_CTX_TRY_NUMBER='1' AIRFLOW_CTX_DAG_RUN_ID='scheduled__2024-12-03T00:00:00+00:00'
[2024-12-03T10:06:36.819+0900] {taskinstance.py:731} INFO - ::endgroup::
[2024-12-03T10:06:36.833+0900] {subprocess.py:78} INFO - Tmp dir root location: /tmp
[2024-12-03T10:06:36.833+0900] {subprocess.py:88} INFO - Running command: ['/usr/bin/bash', '-c', '/laewon/spark/bin/spark-submit --master yarn --deploy-mode cluster /laewon/Riot/make_model.py']
[2024-12-03T10:06:36.839+0900] {subprocess.py:99} INFO - Output:
[2024-12-03T10:06:39.141+0900] {subprocess.py:106} INFO - 24/12/03 10:06:39 INFO DefaultNoHARMFailoverProxyProvider: Connecting to ResourceManager at MN/192.168.4.7:8032
[2024-12-03T10:06:39.840+0900] {subprocess.py:106} INFO - 24/12/03 10:06:39 INFO Configuration: resource-types.xml not found
[2024-12-03T10:06:39.841+0900] {subprocess.py:106} INFO - 24/12/03 10:06:39 INFO ResourceUtils: Unable to find 'resource-types.xml'.
[2024-12-03T10:06:39.855+0900] {subprocess.py:106} INFO - 24/12/03 10:06:39 INFO Client: Verifying our application has not requested more than the maximum memory capability of the cluster (819200 MB per container)
[2024-12-03T10:06:39.856+0900] {subprocess.py:106} INFO - 24/12/03 10:06:39 INFO Client: Will allocate AM container, with 1408 MB memory including 384 MB overhead
[2024-12-03T10:06:39.856+0900] {subprocess.py:106} INFO - 24/12/03 10:06:39 INFO Client: Setting up container launch context for our AM
[2024-12-03T10:06:39.859+0900] {subprocess.py:106} INFO - 24/12/03 10:06:39 INFO Client: Setting up the launch environment for our AM container
[2024-12-03T10:06:39.871+0900] {subprocess.py:106} INFO - 24/12/03 10:06:39 INFO Client: Preparing resources for our AM container
[2024-12-03T10:06:39.905+0900] {subprocess.py:106} INFO - 24/12/03 10:06:39 WARN Client: Neither spark.yarn.jars nor spark.yarn.archive is set, falling back to uploading libraries under SPARK_HOME.
[2024-12-03T10:06:42.751+0900] {subprocess.py:106} INFO - 24/12/03 10:06:42 INFO Client: Uploading resource file:/tmp/spark-20728d2a-1f38-4911-9b8a-3c39c88f8aed/__spark_libs__8144848388457757484.zip -> hdfs://MN:9000/user/dke/.sparkStaging/application_1733127595631_0020/__spark_libs__8144848388457757484.zip
[2024-12-03T10:07:18.076+0900] {subprocess.py:106} INFO - 24/12/03 10:07:18 INFO Client: Uploading resource file:/laewon/Riot/make_model.py -> hdfs://MN:9000/user/dke/.sparkStaging/application_1733127595631_0020/make_model.py
[2024-12-03T10:07:18.113+0900] {subprocess.py:106} INFO - 24/12/03 10:07:18 INFO Client: Uploading resource file:/laewon/spark-3.5.1-bin-hadoop3/python/lib/pyspark.zip -> hdfs://MN:9000/user/dke/.sparkStaging/application_1733127595631_0020/pyspark.zip
[2024-12-03T10:07:18.458+0900] {subprocess.py:106} INFO - 24/12/03 10:07:18 INFO Client: Uploading resource file:/laewon/spark-3.5.1-bin-hadoop3/python/lib/py4j-0.10.9.7-src.zip -> hdfs://MN:9000/user/dke/.sparkStaging/application_1733127595631_0020/py4j-0.10.9.7-src.zip
[2024-12-03T10:07:18.656+0900] {subprocess.py:106} INFO - 24/12/03 10:07:18 INFO Client: Uploading resource file:/tmp/spark-20728d2a-1f38-4911-9b8a-3c39c88f8aed/__spark_conf__15986424935909655492.zip -> hdfs://MN:9000/user/dke/.sparkStaging/application_1733127595631_0020/__spark_conf__.zip
[2024-12-03T10:07:18.745+0900] {subprocess.py:106} INFO - 24/12/03 10:07:18 INFO SecurityManager: Changing view acls to: dke
[2024-12-03T10:07:18.745+0900] {subprocess.py:106} INFO - 24/12/03 10:07:18 INFO SecurityManager: Changing modify acls to: dke
[2024-12-03T10:07:18.745+0900] {subprocess.py:106} INFO - 24/12/03 10:07:18 INFO SecurityManager: Changing view acls groups to:
[2024-12-03T10:07:18.746+0900] {subprocess.py:106} INFO - 24/12/03 10:07:18 INFO SecurityManager: Changing modify acls groups to:
[2024-12-03T10:07:18.746+0900] {subprocess.py:106} INFO - 24/12/03 10:07:18 INFO SecurityManager: SecurityManager: authentication disabled; ui acls disabled; users with view permissions: dke; groups with view permissions: EMPTY; users with modify permissions: dke; groups with modify permissions: EMPTY
[2024-12-03T10:07:18.782+0900] {subprocess.py:106} INFO - 24/12/03 10:07:18 INFO Client: Submitting application application_1733127595631_0020 to ResourceManager
[2024-12-03T10:07:18.826+0900] {subprocess.py:106} INFO - 24/12/03 10:07:18 INFO YarnClientImpl: Submitted application application_1733127595631_0020
[2024-12-03T10:07:19.829+0900] {subprocess.py:106} INFO - 24/12/03 10:07:19 INFO Client: Application report for application_1733127595631_0020 (state: ACCEPTED)
[2024-12-03T10:07:19.833+0900] {subprocess.py:106} INFO - 24/12/03 10:07:19 INFO Client:
[2024-12-03T10:07:19.833+0900] {subprocess.py:106} INFO - 	 client token: N/A
[2024-12-03T10:07:19.833+0900] {subprocess.py:106} INFO - 	 diagnostics: AM container is launched, waiting for AM container to Register with RM
[2024-12-03T10:07:19.833+0900] {subprocess.py:106} INFO - 	 ApplicationMaster host: N/A
[2024-12-03T10:07:19.834+0900] {subprocess.py:106} INFO - 	 ApplicationMaster RPC port: -1
[2024-12-03T10:07:19.834+0900] {subprocess.py:106} INFO - 	 queue: root.default
[2024-12-03T10:07:19.834+0900] {subprocess.py:106} INFO - 	 start time: 1733188038805
[2024-12-03T10:07:19.834+0900] {subprocess.py:106} INFO - 	 final status: UNDEFINED
[2024-12-03T10:07:19.835+0900] {subprocess.py:106} INFO - 	 tracking URL: http://MN:8088/proxy/application_1733127595631_0020/
[2024-12-03T10:07:19.835+0900] {subprocess.py:106} INFO - 	 user: dke
[2024-12-03T10:07:49.873+0900] {subprocess.py:106} INFO - 24/12/03 10:07:49 INFO Client: Application report for application_1733127595631_0020 (state: ACCEPTED)
[2024-12-03T10:07:53.878+0900] {subprocess.py:106} INFO - 24/12/03 10:07:53 INFO Client: Application report for application_1733127595631_0020 (state: RUNNING)
[2024-12-03T10:07:53.879+0900] {subprocess.py:106} INFO - 24/12/03 10:07:53 INFO Client:
[2024-12-03T10:07:53.879+0900] {subprocess.py:106} INFO - 	 client token: N/A
[2024-12-03T10:07:53.879+0900] {subprocess.py:106} INFO - 	 diagnostics: N/A
[2024-12-03T10:07:53.879+0900] {subprocess.py:106} INFO - 	 ApplicationMaster host: SN03
[2024-12-03T10:07:53.880+0900] {subprocess.py:106} INFO - 	 ApplicationMaster RPC port: 46117
[2024-12-03T10:07:53.880+0900] {subprocess.py:106} INFO - 	 queue: root.default
[2024-12-03T10:07:53.880+0900] {subprocess.py:106} INFO - 	 start time: 1733188038805
[2024-12-03T10:07:53.880+0900] {subprocess.py:106} INFO - 	 final status: UNDEFINED
[2024-12-03T10:07:53.881+0900] {subprocess.py:106} INFO - 	 tracking URL: http://MN:8088/proxy/application_1733127595631_0020/
[2024-12-03T10:07:53.881+0900] {subprocess.py:106} INFO - 	 user: dke
[2024-12-03T10:08:23.916+0900] {subprocess.py:106} INFO - 24/12/03 10:08:23 INFO Client: Application report for application_1733127595631_0020 (state: RUNNING)
[2024-12-03T10:08:39.937+0900] {subprocess.py:106} INFO - 24/12/03 10:08:39 INFO Client: Application report for application_1733127595631_0020 (state: FINISHED)
[2024-12-03T10:08:39.937+0900] {subprocess.py:106} INFO - 24/12/03 10:08:39 INFO Client:
[2024-12-03T10:08:39.938+0900] {subprocess.py:106} INFO - 	 client token: N/A
[2024-12-03T10:08:39.938+0900] {subprocess.py:106} INFO - 	 diagnostics: N/A
[2024-12-03T10:08:39.938+0900] {subprocess.py:106} INFO - 	 ApplicationMaster host: SN03
[2024-12-03T10:08:39.938+0900] {subprocess.py:106} INFO - 	 ApplicationMaster RPC port: 46117
[2024-12-03T10:08:39.939+0900] {subprocess.py:106} INFO - 	 queue: root.default
[2024-12-03T10:08:39.939+0900] {subprocess.py:106} INFO - 	 start time: 1733188038805
[2024-12-03T10:08:39.939+0900] {subprocess.py:106} INFO - 	 final status: SUCCEEDED
[2024-12-03T10:08:39.939+0900] {subprocess.py:106} INFO - 	 tracking URL: http://MN:8088/proxy/application_1733127595631_0020/
[2024-12-03T10:08:39.940+0900] {subprocess.py:106} INFO - 	 user: dke
[2024-12-03T10:08:39.946+0900] {subprocess.py:106} INFO - 24/12/03 10:08:39 INFO ShutdownHookManager: Shutdown hook called
[2024-12-03T10:08:39.947+0900] {subprocess.py:106} INFO - 24/12/03 10:08:39 INFO ShutdownHookManager: Deleting directory /tmp/spark-ea2688b0-25b7-4aa2-9216-0c75fb78ecea
[2024-12-03T10:08:39.950+0900] {subprocess.py:106} INFO - 24/12/03 10:08:39 INFO ShutdownHookManager: Deleting directory /tmp/spark-20728d2a-1f38-4911-9b8a-3c39c88f8aed
[2024-12-03T10:08:40.304+0900] {subprocess.py:110} INFO - Command exited with return code 0
[2024-12-03T10:08:40.327+0900] {taskinstance.py:340} INFO - ::group::Post task execution logs
[2024-12-03T10:08:40.327+0900] {taskinstance.py:352} INFO - Marking task as SUCCESS. dag_id=process_and_upload_json_to_hdfs, task_id=run_make_model, run_id=scheduled__2024-12-03T00:00:00+00:00, execution_date=20241203T000000, start_date=20241203T010636, end_date=20241203T010840
[2024-12-03T10:08:40.374+0900] {local_task_job_runner.py:266} INFO - Task exited with return code 0
[2024-12-03T10:08:40.384+0900] {taskinstance.py:3895} INFO - 0 downstream tasks scheduled from follow-on schedule check
[2024-12-03T10:08:40.385+0900] {local_task_job_runner.py:245} INFO - ::endgroup::
