[2024-12-04T06:06:39.024+0900] {local_task_job_runner.py:123} INFO - ::group::Pre task execution logs
[2024-12-04T06:06:39.033+0900] {taskinstance.py:2613} INFO - Dependencies all met for dep_context=non-requeueable deps ti=<TaskInstance: process_and_upload_json_to_hdfs.run_make_model scheduled__2024-12-03T20:00:00+00:00 [queued]>
[2024-12-04T06:06:39.040+0900] {taskinstance.py:2613} INFO - Dependencies all met for dep_context=requeueable deps ti=<TaskInstance: process_and_upload_json_to_hdfs.run_make_model scheduled__2024-12-03T20:00:00+00:00 [queued]>
[2024-12-04T06:06:39.040+0900] {taskinstance.py:2866} INFO - Starting attempt 1 of 2
[2024-12-04T06:06:39.057+0900] {taskinstance.py:2889} INFO - Executing <Task(BashOperator): run_make_model> on 2024-12-03 20:00:00+00:00
[2024-12-04T06:06:39.060+0900] {standard_task_runner.py:72} INFO - Started process 793693 to run task
[2024-12-04T06:06:39.064+0900] {standard_task_runner.py:104} INFO - Running: ['airflow', 'tasks', 'run', 'process_and_upload_json_to_hdfs', 'run_make_model', 'scheduled__2024-12-03T20:00:00+00:00', '--job-id', '518', '--raw', '--subdir', 'DAGS_FOLDER/data_to_hdfs.py', '--cfg-path', '/tmp/tmpt95yiyro']
[2024-12-04T06:06:39.065+0900] {standard_task_runner.py:105} INFO - Job 518: Subtask run_make_model
[2024-12-04T06:06:39.099+0900] {task_command.py:467} INFO - Running <TaskInstance: process_and_upload_json_to_hdfs.run_make_model scheduled__2024-12-03T20:00:00+00:00 [running]> on host MN
[2024-12-04T06:06:39.167+0900] {taskinstance.py:3132} INFO - Exporting env vars: AIRFLOW_CTX_DAG_OWNER='airflow' AIRFLOW_CTX_DAG_ID='process_and_upload_json_to_hdfs' AIRFLOW_CTX_TASK_ID='run_make_model' AIRFLOW_CTX_EXECUTION_DATE='2024-12-03T20:00:00+00:00' AIRFLOW_CTX_TRY_NUMBER='1' AIRFLOW_CTX_DAG_RUN_ID='scheduled__2024-12-03T20:00:00+00:00'
[2024-12-04T06:06:39.168+0900] {taskinstance.py:731} INFO - ::endgroup::
[2024-12-04T06:06:39.182+0900] {subprocess.py:78} INFO - Tmp dir root location: /tmp
[2024-12-04T06:06:39.183+0900] {subprocess.py:88} INFO - Running command: ['/usr/bin/bash', '-c', '/laewon/spark/bin/spark-submit --master yarn --deploy-mode cluster /laewon/Riot/make_model.py']
[2024-12-04T06:06:39.189+0900] {subprocess.py:99} INFO - Output:
[2024-12-04T06:06:41.405+0900] {subprocess.py:106} INFO - 24/12/04 06:06:41 INFO DefaultNoHARMFailoverProxyProvider: Connecting to ResourceManager at MN/192.168.4.7:8032
[2024-12-04T06:06:42.094+0900] {subprocess.py:106} INFO - 24/12/04 06:06:42 INFO Configuration: resource-types.xml not found
[2024-12-04T06:06:42.095+0900] {subprocess.py:106} INFO - 24/12/04 06:06:42 INFO ResourceUtils: Unable to find 'resource-types.xml'.
[2024-12-04T06:06:42.109+0900] {subprocess.py:106} INFO - 24/12/04 06:06:42 INFO Client: Verifying our application has not requested more than the maximum memory capability of the cluster (819200 MB per container)
[2024-12-04T06:06:42.110+0900] {subprocess.py:106} INFO - 24/12/04 06:06:42 INFO Client: Will allocate AM container, with 1408 MB memory including 384 MB overhead
[2024-12-04T06:06:42.110+0900] {subprocess.py:106} INFO - 24/12/04 06:06:42 INFO Client: Setting up container launch context for our AM
[2024-12-04T06:06:42.114+0900] {subprocess.py:106} INFO - 24/12/04 06:06:42 INFO Client: Setting up the launch environment for our AM container
[2024-12-04T06:06:42.126+0900] {subprocess.py:106} INFO - 24/12/04 06:06:42 INFO Client: Preparing resources for our AM container
[2024-12-04T06:06:42.161+0900] {subprocess.py:106} INFO - 24/12/04 06:06:42 WARN Client: Neither spark.yarn.jars nor spark.yarn.archive is set, falling back to uploading libraries under SPARK_HOME.
[2024-12-04T06:06:45.049+0900] {subprocess.py:106} INFO - 24/12/04 06:06:45 INFO Client: Uploading resource file:/tmp/spark-f74b9821-b20b-4402-9f2b-7fe70c3b837e/__spark_libs__9572095318838748889.zip -> hdfs://MN:9000/user/dke/.sparkStaging/application_1733127595631_0046/__spark_libs__9572095318838748889.zip
[2024-12-04T06:07:16.686+0900] {subprocess.py:106} INFO - 24/12/04 06:07:16 INFO Client: Uploading resource file:/laewon/Riot/make_model.py -> hdfs://MN:9000/user/dke/.sparkStaging/application_1733127595631_0046/make_model.py
[2024-12-04T06:07:16.753+0900] {subprocess.py:106} INFO - 24/12/04 06:07:16 INFO Client: Uploading resource file:/laewon/spark-3.5.1-bin-hadoop3/python/lib/pyspark.zip -> hdfs://MN:9000/user/dke/.sparkStaging/application_1733127595631_0046/pyspark.zip
[2024-12-04T06:07:17.004+0900] {subprocess.py:106} INFO - 24/12/04 06:07:17 INFO Client: Uploading resource file:/laewon/spark-3.5.1-bin-hadoop3/python/lib/py4j-0.10.9.7-src.zip -> hdfs://MN:9000/user/dke/.sparkStaging/application_1733127595631_0046/py4j-0.10.9.7-src.zip
[2024-12-04T06:07:17.209+0900] {subprocess.py:106} INFO - 24/12/04 06:07:17 INFO Client: Uploading resource file:/tmp/spark-f74b9821-b20b-4402-9f2b-7fe70c3b837e/__spark_conf__604034821233865792.zip -> hdfs://MN:9000/user/dke/.sparkStaging/application_1733127595631_0046/__spark_conf__.zip
[2024-12-04T06:07:17.284+0900] {subprocess.py:106} INFO - 24/12/04 06:07:17 INFO SecurityManager: Changing view acls to: dke
[2024-12-04T06:07:17.285+0900] {subprocess.py:106} INFO - 24/12/04 06:07:17 INFO SecurityManager: Changing modify acls to: dke
[2024-12-04T06:07:17.285+0900] {subprocess.py:106} INFO - 24/12/04 06:07:17 INFO SecurityManager: Changing view acls groups to:
[2024-12-04T06:07:17.286+0900] {subprocess.py:106} INFO - 24/12/04 06:07:17 INFO SecurityManager: Changing modify acls groups to:
[2024-12-04T06:07:17.287+0900] {subprocess.py:106} INFO - 24/12/04 06:07:17 INFO SecurityManager: SecurityManager: authentication disabled; ui acls disabled; users with view permissions: dke; groups with view permissions: EMPTY; users with modify permissions: dke; groups with modify permissions: EMPTY
[2024-12-04T06:07:17.323+0900] {subprocess.py:106} INFO - 24/12/04 06:07:17 INFO Client: Submitting application application_1733127595631_0046 to ResourceManager
[2024-12-04T06:07:17.368+0900] {subprocess.py:106} INFO - 24/12/04 06:07:17 INFO YarnClientImpl: Submitted application application_1733127595631_0046
[2024-12-04T06:07:18.371+0900] {subprocess.py:106} INFO - 24/12/04 06:07:18 INFO Client: Application report for application_1733127595631_0046 (state: ACCEPTED)
[2024-12-04T06:07:18.374+0900] {subprocess.py:106} INFO - 24/12/04 06:07:18 INFO Client:
[2024-12-04T06:07:18.375+0900] {subprocess.py:106} INFO - 	 client token: N/A
[2024-12-04T06:07:18.375+0900] {subprocess.py:106} INFO - 	 diagnostics: AM container is launched, waiting for AM container to Register with RM
[2024-12-04T06:07:18.375+0900] {subprocess.py:106} INFO - 	 ApplicationMaster host: N/A
[2024-12-04T06:07:18.376+0900] {subprocess.py:106} INFO - 	 ApplicationMaster RPC port: -1
[2024-12-04T06:07:18.376+0900] {subprocess.py:106} INFO - 	 queue: root.default
[2024-12-04T06:07:18.377+0900] {subprocess.py:106} INFO - 	 start time: 1733260037346
[2024-12-04T06:07:18.377+0900] {subprocess.py:106} INFO - 	 final status: UNDEFINED
[2024-12-04T06:07:18.377+0900] {subprocess.py:106} INFO - 	 tracking URL: http://MN:8088/proxy/application_1733127595631_0046/
[2024-12-04T06:07:18.378+0900] {subprocess.py:106} INFO - 	 user: dke
[2024-12-04T06:07:25.384+0900] {subprocess.py:106} INFO - 24/12/04 06:07:25 INFO Client: Application report for application_1733127595631_0046 (state: RUNNING)
[2024-12-04T06:07:25.384+0900] {subprocess.py:106} INFO - 24/12/04 06:07:25 INFO Client:
[2024-12-04T06:07:25.385+0900] {subprocess.py:106} INFO - 	 client token: N/A
[2024-12-04T06:07:25.385+0900] {subprocess.py:106} INFO - 	 diagnostics: N/A
[2024-12-04T06:07:25.385+0900] {subprocess.py:106} INFO - 	 ApplicationMaster host: SN02
[2024-12-04T06:07:25.385+0900] {subprocess.py:106} INFO - 	 ApplicationMaster RPC port: 36141
[2024-12-04T06:07:25.386+0900] {subprocess.py:106} INFO - 	 queue: root.default
[2024-12-04T06:07:25.386+0900] {subprocess.py:106} INFO - 	 start time: 1733260037346
[2024-12-04T06:07:25.386+0900] {subprocess.py:106} INFO - 	 final status: UNDEFINED
[2024-12-04T06:07:25.386+0900] {subprocess.py:106} INFO - 	 tracking URL: http://MN:8088/proxy/application_1733127595631_0046/
[2024-12-04T06:07:25.387+0900] {subprocess.py:106} INFO - 	 user: dke
[2024-12-04T06:07:55.424+0900] {subprocess.py:106} INFO - 24/12/04 06:07:55 INFO Client: Application report for application_1733127595631_0046 (state: RUNNING)
[2024-12-04T06:08:08.440+0900] {subprocess.py:106} INFO - 24/12/04 06:08:08 INFO Client: Application report for application_1733127595631_0046 (state: FINISHED)
[2024-12-04T06:08:08.441+0900] {subprocess.py:106} INFO - 24/12/04 06:08:08 INFO Client:
[2024-12-04T06:08:08.441+0900] {subprocess.py:106} INFO - 	 client token: N/A
[2024-12-04T06:08:08.441+0900] {subprocess.py:106} INFO - 	 diagnostics: N/A
[2024-12-04T06:08:08.441+0900] {subprocess.py:106} INFO - 	 ApplicationMaster host: SN02
[2024-12-04T06:08:08.442+0900] {subprocess.py:106} INFO - 	 ApplicationMaster RPC port: 36141
[2024-12-04T06:08:08.442+0900] {subprocess.py:106} INFO - 	 queue: root.default
[2024-12-04T06:08:08.442+0900] {subprocess.py:106} INFO - 	 start time: 1733260037346
[2024-12-04T06:08:08.442+0900] {subprocess.py:106} INFO - 	 final status: SUCCEEDED
[2024-12-04T06:08:08.443+0900] {subprocess.py:106} INFO - 	 tracking URL: http://MN:8088/proxy/application_1733127595631_0046/
[2024-12-04T06:08:08.443+0900] {subprocess.py:106} INFO - 	 user: dke
[2024-12-04T06:08:08.450+0900] {subprocess.py:106} INFO - 24/12/04 06:08:08 INFO ShutdownHookManager: Shutdown hook called
[2024-12-04T06:08:08.451+0900] {subprocess.py:106} INFO - 24/12/04 06:08:08 INFO ShutdownHookManager: Deleting directory /tmp/spark-f74b9821-b20b-4402-9f2b-7fe70c3b837e
[2024-12-04T06:08:08.455+0900] {subprocess.py:106} INFO - 24/12/04 06:08:08 INFO ShutdownHookManager: Deleting directory /tmp/spark-1dd59cc3-221c-43e3-8571-36d9b5812f4c
[2024-12-04T06:08:08.808+0900] {subprocess.py:110} INFO - Command exited with return code 0
[2024-12-04T06:08:08.831+0900] {taskinstance.py:340} INFO - ::group::Post task execution logs
[2024-12-04T06:08:08.832+0900] {taskinstance.py:352} INFO - Marking task as SUCCESS. dag_id=process_and_upload_json_to_hdfs, task_id=run_make_model, run_id=scheduled__2024-12-03T20:00:00+00:00, execution_date=20241203T200000, start_date=20241203T210639, end_date=20241203T210808
[2024-12-04T06:08:08.867+0900] {local_task_job_runner.py:266} INFO - Task exited with return code 0
[2024-12-04T06:08:08.877+0900] {taskinstance.py:3895} INFO - 0 downstream tasks scheduled from follow-on schedule check
[2024-12-04T06:08:08.878+0900] {local_task_job_runner.py:245} INFO - ::endgroup::
