[2024-12-04T11:06:24.451+0900] {local_task_job_runner.py:123} INFO - ::group::Pre task execution logs
[2024-12-04T11:06:24.461+0900] {taskinstance.py:2613} INFO - Dependencies all met for dep_context=non-requeueable deps ti=<TaskInstance: process_and_upload_json_to_hdfs.run_make_model scheduled__2024-12-04T01:00:00+00:00 [queued]>
[2024-12-04T11:06:24.468+0900] {taskinstance.py:2613} INFO - Dependencies all met for dep_context=requeueable deps ti=<TaskInstance: process_and_upload_json_to_hdfs.run_make_model scheduled__2024-12-04T01:00:00+00:00 [queued]>
[2024-12-04T11:06:24.468+0900] {taskinstance.py:2866} INFO - Starting attempt 1 of 2
[2024-12-04T11:06:24.484+0900] {taskinstance.py:2889} INFO - Executing <Task(BashOperator): run_make_model> on 2024-12-04 01:00:00+00:00
[2024-12-04T11:06:24.488+0900] {standard_task_runner.py:72} INFO - Started process 933670 to run task
[2024-12-04T11:06:24.491+0900] {standard_task_runner.py:104} INFO - Running: ['airflow', 'tasks', 'run', 'process_and_upload_json_to_hdfs', 'run_make_model', 'scheduled__2024-12-04T01:00:00+00:00', '--job-id', '538', '--raw', '--subdir', 'DAGS_FOLDER/data_to_hdfs.py', '--cfg-path', '/tmp/tmp56am30s8']
[2024-12-04T11:06:24.493+0900] {standard_task_runner.py:105} INFO - Job 538: Subtask run_make_model
[2024-12-04T11:06:24.525+0900] {task_command.py:467} INFO - Running <TaskInstance: process_and_upload_json_to_hdfs.run_make_model scheduled__2024-12-04T01:00:00+00:00 [running]> on host MN
[2024-12-04T11:06:24.592+0900] {taskinstance.py:3132} INFO - Exporting env vars: AIRFLOW_CTX_DAG_OWNER='airflow' AIRFLOW_CTX_DAG_ID='process_and_upload_json_to_hdfs' AIRFLOW_CTX_TASK_ID='run_make_model' AIRFLOW_CTX_EXECUTION_DATE='2024-12-04T01:00:00+00:00' AIRFLOW_CTX_TRY_NUMBER='1' AIRFLOW_CTX_DAG_RUN_ID='scheduled__2024-12-04T01:00:00+00:00'
[2024-12-04T11:06:24.593+0900] {taskinstance.py:731} INFO - ::endgroup::
[2024-12-04T11:06:24.607+0900] {subprocess.py:78} INFO - Tmp dir root location: /tmp
[2024-12-04T11:06:24.607+0900] {subprocess.py:88} INFO - Running command: ['/usr/bin/bash', '-c', '/laewon/spark/bin/spark-submit --master yarn --deploy-mode cluster /laewon/Riot/make_model.py']
[2024-12-04T11:06:24.614+0900] {subprocess.py:99} INFO - Output:
[2024-12-04T11:06:26.924+0900] {subprocess.py:106} INFO - 24/12/04 11:06:26 INFO DefaultNoHARMFailoverProxyProvider: Connecting to ResourceManager at MN/192.168.4.7:8032
[2024-12-04T11:06:27.614+0900] {subprocess.py:106} INFO - 24/12/04 11:06:27 INFO Configuration: resource-types.xml not found
[2024-12-04T11:06:27.615+0900] {subprocess.py:106} INFO - 24/12/04 11:06:27 INFO ResourceUtils: Unable to find 'resource-types.xml'.
[2024-12-04T11:06:27.629+0900] {subprocess.py:106} INFO - 24/12/04 11:06:27 INFO Client: Verifying our application has not requested more than the maximum memory capability of the cluster (819200 MB per container)
[2024-12-04T11:06:27.630+0900] {subprocess.py:106} INFO - 24/12/04 11:06:27 INFO Client: Will allocate AM container, with 1408 MB memory including 384 MB overhead
[2024-12-04T11:06:27.630+0900] {subprocess.py:106} INFO - 24/12/04 11:06:27 INFO Client: Setting up container launch context for our AM
[2024-12-04T11:06:27.634+0900] {subprocess.py:106} INFO - 24/12/04 11:06:27 INFO Client: Setting up the launch environment for our AM container
[2024-12-04T11:06:27.645+0900] {subprocess.py:106} INFO - 24/12/04 11:06:27 INFO Client: Preparing resources for our AM container
[2024-12-04T11:06:27.680+0900] {subprocess.py:106} INFO - 24/12/04 11:06:27 WARN Client: Neither spark.yarn.jars nor spark.yarn.archive is set, falling back to uploading libraries under SPARK_HOME.
[2024-12-04T11:06:30.521+0900] {subprocess.py:106} INFO - 24/12/04 11:06:30 INFO Client: Uploading resource file:/tmp/spark-ab6acace-2db4-4474-95d1-5a932263a9c1/__spark_libs__9872561067042927402.zip -> hdfs://MN:9000/user/dke/.sparkStaging/application_1733127595631_0051/__spark_libs__9872561067042927402.zip
[2024-12-04T11:07:00.703+0900] {subprocess.py:106} INFO - 24/12/04 11:07:00 INFO Client: Uploading resource file:/laewon/Riot/make_model.py -> hdfs://MN:9000/user/dke/.sparkStaging/application_1733127595631_0051/make_model.py
[2024-12-04T11:07:00.740+0900] {subprocess.py:106} INFO - 24/12/04 11:07:00 INFO Client: Uploading resource file:/laewon/spark-3.5.1-bin-hadoop3/python/lib/pyspark.zip -> hdfs://MN:9000/user/dke/.sparkStaging/application_1733127595631_0051/pyspark.zip
[2024-12-04T11:07:00.979+0900] {subprocess.py:106} INFO - 24/12/04 11:07:00 INFO Client: Uploading resource file:/laewon/spark-3.5.1-bin-hadoop3/python/lib/py4j-0.10.9.7-src.zip -> hdfs://MN:9000/user/dke/.sparkStaging/application_1733127595631_0051/py4j-0.10.9.7-src.zip
[2024-12-04T11:07:01.181+0900] {subprocess.py:106} INFO - 24/12/04 11:07:01 INFO Client: Uploading resource file:/tmp/spark-ab6acace-2db4-4474-95d1-5a932263a9c1/__spark_conf__14108838153271718281.zip -> hdfs://MN:9000/user/dke/.sparkStaging/application_1733127595631_0051/__spark_conf__.zip
[2024-12-04T11:07:01.266+0900] {subprocess.py:106} INFO - 24/12/04 11:07:01 INFO SecurityManager: Changing view acls to: dke
[2024-12-04T11:07:01.266+0900] {subprocess.py:106} INFO - 24/12/04 11:07:01 INFO SecurityManager: Changing modify acls to: dke
[2024-12-04T11:07:01.267+0900] {subprocess.py:106} INFO - 24/12/04 11:07:01 INFO SecurityManager: Changing view acls groups to:
[2024-12-04T11:07:01.267+0900] {subprocess.py:106} INFO - 24/12/04 11:07:01 INFO SecurityManager: Changing modify acls groups to:
[2024-12-04T11:07:01.268+0900] {subprocess.py:106} INFO - 24/12/04 11:07:01 INFO SecurityManager: SecurityManager: authentication disabled; ui acls disabled; users with view permissions: dke; groups with view permissions: EMPTY; users with modify permissions: dke; groups with modify permissions: EMPTY
[2024-12-04T11:07:01.307+0900] {subprocess.py:106} INFO - 24/12/04 11:07:01 INFO Client: Submitting application application_1733127595631_0051 to ResourceManager
[2024-12-04T11:07:01.354+0900] {subprocess.py:106} INFO - 24/12/04 11:07:01 INFO YarnClientImpl: Submitted application application_1733127595631_0051
[2024-12-04T11:07:02.357+0900] {subprocess.py:106} INFO - 24/12/04 11:07:02 INFO Client: Application report for application_1733127595631_0051 (state: ACCEPTED)
[2024-12-04T11:07:02.361+0900] {subprocess.py:106} INFO - 24/12/04 11:07:02 INFO Client:
[2024-12-04T11:07:02.361+0900] {subprocess.py:106} INFO - 	 client token: N/A
[2024-12-04T11:07:02.361+0900] {subprocess.py:106} INFO - 	 diagnostics: AM container is launched, waiting for AM container to Register with RM
[2024-12-04T11:07:02.362+0900] {subprocess.py:106} INFO - 	 ApplicationMaster host: N/A
[2024-12-04T11:07:02.362+0900] {subprocess.py:106} INFO - 	 ApplicationMaster RPC port: -1
[2024-12-04T11:07:02.362+0900] {subprocess.py:106} INFO - 	 queue: root.default
[2024-12-04T11:07:02.362+0900] {subprocess.py:106} INFO - 	 start time: 1733278021332
[2024-12-04T11:07:02.363+0900] {subprocess.py:106} INFO - 	 final status: UNDEFINED
[2024-12-04T11:07:02.363+0900] {subprocess.py:106} INFO - 	 tracking URL: http://MN:8088/proxy/application_1733127595631_0051/
[2024-12-04T11:07:02.363+0900] {subprocess.py:106} INFO - 	 user: dke
[2024-12-04T11:07:25.391+0900] {subprocess.py:106} INFO - 24/12/04 11:07:25 INFO Client: Application report for application_1733127595631_0051 (state: RUNNING)
[2024-12-04T11:07:25.391+0900] {subprocess.py:106} INFO - 24/12/04 11:07:25 INFO Client:
[2024-12-04T11:07:25.391+0900] {subprocess.py:106} INFO - 	 client token: N/A
[2024-12-04T11:07:25.392+0900] {subprocess.py:106} INFO - 	 diagnostics: N/A
[2024-12-04T11:07:25.392+0900] {subprocess.py:106} INFO - 	 ApplicationMaster host: SN02
[2024-12-04T11:07:25.392+0900] {subprocess.py:106} INFO - 	 ApplicationMaster RPC port: 33273
[2024-12-04T11:07:25.392+0900] {subprocess.py:106} INFO - 	 queue: root.default
[2024-12-04T11:07:25.393+0900] {subprocess.py:106} INFO - 	 start time: 1733278021332
[2024-12-04T11:07:25.393+0900] {subprocess.py:106} INFO - 	 final status: UNDEFINED
[2024-12-04T11:07:25.393+0900] {subprocess.py:106} INFO - 	 tracking URL: http://MN:8088/proxy/application_1733127595631_0051/
[2024-12-04T11:07:25.394+0900] {subprocess.py:106} INFO - 	 user: dke
[2024-12-04T11:07:55.427+0900] {subprocess.py:106} INFO - 24/12/04 11:07:55 INFO Client: Application report for application_1733127595631_0051 (state: RUNNING)
[2024-12-04T11:08:17.454+0900] {subprocess.py:106} INFO - 24/12/04 11:08:17 INFO Client: Application report for application_1733127595631_0051 (state: FINISHED)
[2024-12-04T11:08:17.454+0900] {subprocess.py:106} INFO - 24/12/04 11:08:17 INFO Client:
[2024-12-04T11:08:17.455+0900] {subprocess.py:106} INFO - 	 client token: N/A
[2024-12-04T11:08:17.455+0900] {subprocess.py:106} INFO - 	 diagnostics: N/A
[2024-12-04T11:08:17.455+0900] {subprocess.py:106} INFO - 	 ApplicationMaster host: SN02
[2024-12-04T11:08:17.455+0900] {subprocess.py:106} INFO - 	 ApplicationMaster RPC port: 33273
[2024-12-04T11:08:17.456+0900] {subprocess.py:106} INFO - 	 queue: root.default
[2024-12-04T11:08:17.456+0900] {subprocess.py:106} INFO - 	 start time: 1733278021332
[2024-12-04T11:08:17.456+0900] {subprocess.py:106} INFO - 	 final status: SUCCEEDED
[2024-12-04T11:08:17.456+0900] {subprocess.py:106} INFO - 	 tracking URL: http://MN:8088/proxy/application_1733127595631_0051/
[2024-12-04T11:08:17.457+0900] {subprocess.py:106} INFO - 	 user: dke
[2024-12-04T11:08:17.463+0900] {subprocess.py:106} INFO - 24/12/04 11:08:17 INFO ShutdownHookManager: Shutdown hook called
[2024-12-04T11:08:17.465+0900] {subprocess.py:106} INFO - 24/12/04 11:08:17 INFO ShutdownHookManager: Deleting directory /tmp/spark-a4398fcc-14bd-477e-988f-8c61949e75af
[2024-12-04T11:08:17.468+0900] {subprocess.py:106} INFO - 24/12/04 11:08:17 INFO ShutdownHookManager: Deleting directory /tmp/spark-ab6acace-2db4-4474-95d1-5a932263a9c1
[2024-12-04T11:08:17.822+0900] {subprocess.py:110} INFO - Command exited with return code 0
[2024-12-04T11:08:17.845+0900] {taskinstance.py:340} INFO - ::group::Post task execution logs
[2024-12-04T11:08:17.845+0900] {taskinstance.py:352} INFO - Marking task as SUCCESS. dag_id=process_and_upload_json_to_hdfs, task_id=run_make_model, run_id=scheduled__2024-12-04T01:00:00+00:00, execution_date=20241204T010000, start_date=20241204T020624, end_date=20241204T020817
[2024-12-04T11:08:17.876+0900] {local_task_job_runner.py:266} INFO - Task exited with return code 0
[2024-12-04T11:08:17.886+0900] {taskinstance.py:3895} INFO - 0 downstream tasks scheduled from follow-on schedule check
[2024-12-04T11:08:17.886+0900] {local_task_job_runner.py:245} INFO - ::endgroup::
