[2024-12-06T06:06:39.038+0900] {local_task_job_runner.py:123} INFO - ::group::Pre task execution logs
[2024-12-06T06:06:39.048+0900] {taskinstance.py:2613} INFO - Dependencies all met for dep_context=non-requeueable deps ti=<TaskInstance: process_and_upload_json_to_hdfs.run_make_model scheduled__2024-12-05T20:00:00+00:00 [queued]>
[2024-12-06T06:06:39.055+0900] {taskinstance.py:2613} INFO - Dependencies all met for dep_context=requeueable deps ti=<TaskInstance: process_and_upload_json_to_hdfs.run_make_model scheduled__2024-12-05T20:00:00+00:00 [queued]>
[2024-12-06T06:06:39.055+0900] {taskinstance.py:2866} INFO - Starting attempt 1 of 2
[2024-12-06T06:06:39.072+0900] {taskinstance.py:2889} INFO - Executing <Task(BashOperator): run_make_model> on 2024-12-05 20:00:00+00:00
[2024-12-06T06:06:39.075+0900] {standard_task_runner.py:72} INFO - Started process 2225535 to run task
[2024-12-06T06:06:39.079+0900] {standard_task_runner.py:104} INFO - Running: ['airflow', 'tasks', 'run', 'process_and_upload_json_to_hdfs', 'run_make_model', 'scheduled__2024-12-05T20:00:00+00:00', '--job-id', '710', '--raw', '--subdir', 'DAGS_FOLDER/data_to_hdfs.py', '--cfg-path', '/tmp/tmp8qsa0oml']
[2024-12-06T06:06:39.080+0900] {standard_task_runner.py:105} INFO - Job 710: Subtask run_make_model
[2024-12-06T06:06:39.113+0900] {task_command.py:467} INFO - Running <TaskInstance: process_and_upload_json_to_hdfs.run_make_model scheduled__2024-12-05T20:00:00+00:00 [running]> on host MN
[2024-12-06T06:06:39.181+0900] {taskinstance.py:3132} INFO - Exporting env vars: AIRFLOW_CTX_DAG_OWNER='airflow' AIRFLOW_CTX_DAG_ID='process_and_upload_json_to_hdfs' AIRFLOW_CTX_TASK_ID='run_make_model' AIRFLOW_CTX_EXECUTION_DATE='2024-12-05T20:00:00+00:00' AIRFLOW_CTX_TRY_NUMBER='1' AIRFLOW_CTX_DAG_RUN_ID='scheduled__2024-12-05T20:00:00+00:00'
[2024-12-06T06:06:39.182+0900] {taskinstance.py:731} INFO - ::endgroup::
[2024-12-06T06:06:39.196+0900] {subprocess.py:78} INFO - Tmp dir root location: /tmp
[2024-12-06T06:06:39.196+0900] {subprocess.py:88} INFO - Running command: ['/usr/bin/bash', '-c', '/laewon/spark/bin/spark-submit --master yarn --deploy-mode cluster /laewon/Riot/make_model.py']
[2024-12-06T06:06:39.203+0900] {subprocess.py:99} INFO - Output:
[2024-12-06T06:06:41.459+0900] {subprocess.py:106} INFO - 24/12/06 06:06:41 INFO DefaultNoHARMFailoverProxyProvider: Connecting to ResourceManager at MN/192.168.4.7:8032
[2024-12-06T06:06:42.170+0900] {subprocess.py:106} INFO - 24/12/06 06:06:42 INFO Configuration: resource-types.xml not found
[2024-12-06T06:06:42.170+0900] {subprocess.py:106} INFO - 24/12/06 06:06:42 INFO ResourceUtils: Unable to find 'resource-types.xml'.
[2024-12-06T06:06:42.184+0900] {subprocess.py:106} INFO - 24/12/06 06:06:42 INFO Client: Verifying our application has not requested more than the maximum memory capability of the cluster (819200 MB per container)
[2024-12-06T06:06:42.185+0900] {subprocess.py:106} INFO - 24/12/06 06:06:42 INFO Client: Will allocate AM container, with 1408 MB memory including 384 MB overhead
[2024-12-06T06:06:42.186+0900] {subprocess.py:106} INFO - 24/12/06 06:06:42 INFO Client: Setting up container launch context for our AM
[2024-12-06T06:06:42.189+0900] {subprocess.py:106} INFO - 24/12/06 06:06:42 INFO Client: Setting up the launch environment for our AM container
[2024-12-06T06:06:42.201+0900] {subprocess.py:106} INFO - 24/12/06 06:06:42 INFO Client: Preparing resources for our AM container
[2024-12-06T06:06:42.235+0900] {subprocess.py:106} INFO - 24/12/06 06:06:42 WARN Client: Neither spark.yarn.jars nor spark.yarn.archive is set, falling back to uploading libraries under SPARK_HOME.
[2024-12-06T06:06:45.049+0900] {subprocess.py:106} INFO - 24/12/06 06:06:45 INFO Client: Uploading resource file:/tmp/spark-d4f2c71e-c60a-4305-85d5-c8b78fdbf0ef/__spark_libs__9486971473070848839.zip -> hdfs://MN:9000/user/dke/.sparkStaging/application_1733127595631_0094/__spark_libs__9486971473070848839.zip
[2024-12-06T06:07:15.356+0900] {subprocess.py:106} INFO - 24/12/06 06:07:15 INFO Client: Uploading resource file:/laewon/Riot/make_model.py -> hdfs://MN:9000/user/dke/.sparkStaging/application_1733127595631_0094/make_model.py
[2024-12-06T06:07:15.388+0900] {subprocess.py:106} INFO - 24/12/06 06:07:15 INFO Client: Uploading resource file:/laewon/spark-3.5.1-bin-hadoop3/python/lib/pyspark.zip -> hdfs://MN:9000/user/dke/.sparkStaging/application_1733127595631_0094/pyspark.zip
[2024-12-06T06:07:15.625+0900] {subprocess.py:106} INFO - 24/12/06 06:07:15 INFO Client: Uploading resource file:/laewon/spark-3.5.1-bin-hadoop3/python/lib/py4j-0.10.9.7-src.zip -> hdfs://MN:9000/user/dke/.sparkStaging/application_1733127595631_0094/py4j-0.10.9.7-src.zip
[2024-12-06T06:07:15.826+0900] {subprocess.py:106} INFO - 24/12/06 06:07:15 INFO Client: Uploading resource file:/tmp/spark-d4f2c71e-c60a-4305-85d5-c8b78fdbf0ef/__spark_conf__13980170584331713892.zip -> hdfs://MN:9000/user/dke/.sparkStaging/application_1733127595631_0094/__spark_conf__.zip
[2024-12-06T06:07:15.916+0900] {subprocess.py:106} INFO - 24/12/06 06:07:15 INFO SecurityManager: Changing view acls to: dke
[2024-12-06T06:07:15.917+0900] {subprocess.py:106} INFO - 24/12/06 06:07:15 INFO SecurityManager: Changing modify acls to: dke
[2024-12-06T06:07:15.917+0900] {subprocess.py:106} INFO - 24/12/06 06:07:15 INFO SecurityManager: Changing view acls groups to:
[2024-12-06T06:07:15.918+0900] {subprocess.py:106} INFO - 24/12/06 06:07:15 INFO SecurityManager: Changing modify acls groups to:
[2024-12-06T06:07:15.918+0900] {subprocess.py:106} INFO - 24/12/06 06:07:15 INFO SecurityManager: SecurityManager: authentication disabled; ui acls disabled; users with view permissions: dke; groups with view permissions: EMPTY; users with modify permissions: dke; groups with modify permissions: EMPTY
[2024-12-06T06:07:15.954+0900] {subprocess.py:106} INFO - 24/12/06 06:07:15 INFO Client: Submitting application application_1733127595631_0094 to ResourceManager
[2024-12-06T06:07:15.999+0900] {subprocess.py:106} INFO - 24/12/06 06:07:15 INFO YarnClientImpl: Submitted application application_1733127595631_0094
[2024-12-06T06:07:17.002+0900] {subprocess.py:106} INFO - 24/12/06 06:07:17 INFO Client: Application report for application_1733127595631_0094 (state: ACCEPTED)
[2024-12-06T06:07:17.006+0900] {subprocess.py:106} INFO - 24/12/06 06:07:17 INFO Client:
[2024-12-06T06:07:17.006+0900] {subprocess.py:106} INFO - 	 client token: N/A
[2024-12-06T06:07:17.006+0900] {subprocess.py:106} INFO - 	 diagnostics: AM container is launched, waiting for AM container to Register with RM
[2024-12-06T06:07:17.007+0900] {subprocess.py:106} INFO - 	 ApplicationMaster host: N/A
[2024-12-06T06:07:17.007+0900] {subprocess.py:106} INFO - 	 ApplicationMaster RPC port: -1
[2024-12-06T06:07:17.007+0900] {subprocess.py:106} INFO - 	 queue: root.default
[2024-12-06T06:07:17.007+0900] {subprocess.py:106} INFO - 	 start time: 1733432835977
[2024-12-06T06:07:17.008+0900] {subprocess.py:106} INFO - 	 final status: UNDEFINED
[2024-12-06T06:07:17.008+0900] {subprocess.py:106} INFO - 	 tracking URL: http://MN:8088/proxy/application_1733127595631_0094/
[2024-12-06T06:07:17.008+0900] {subprocess.py:106} INFO - 	 user: dke
[2024-12-06T06:07:24.015+0900] {subprocess.py:106} INFO - 24/12/06 06:07:24 INFO Client: Application report for application_1733127595631_0094 (state: RUNNING)
[2024-12-06T06:07:24.016+0900] {subprocess.py:106} INFO - 24/12/06 06:07:24 INFO Client:
[2024-12-06T06:07:24.016+0900] {subprocess.py:106} INFO - 	 client token: N/A
[2024-12-06T06:07:24.016+0900] {subprocess.py:106} INFO - 	 diagnostics: N/A
[2024-12-06T06:07:24.016+0900] {subprocess.py:106} INFO - 	 ApplicationMaster host: SN09
[2024-12-06T06:07:24.017+0900] {subprocess.py:106} INFO - 	 ApplicationMaster RPC port: 38203
[2024-12-06T06:07:24.017+0900] {subprocess.py:106} INFO - 	 queue: root.default
[2024-12-06T06:07:24.017+0900] {subprocess.py:106} INFO - 	 start time: 1733432835977
[2024-12-06T06:07:24.017+0900] {subprocess.py:106} INFO - 	 final status: UNDEFINED
[2024-12-06T06:07:24.018+0900] {subprocess.py:106} INFO - 	 tracking URL: http://MN:8088/proxy/application_1733127595631_0094/
[2024-12-06T06:07:24.018+0900] {subprocess.py:106} INFO - 	 user: dke
[2024-12-06T06:07:54.056+0900] {subprocess.py:106} INFO - 24/12/06 06:07:54 INFO Client: Application report for application_1733127595631_0094 (state: RUNNING)
[2024-12-06T06:08:06.071+0900] {subprocess.py:106} INFO - 24/12/06 06:08:06 INFO Client: Application report for application_1733127595631_0094 (state: FINISHED)
[2024-12-06T06:08:06.071+0900] {subprocess.py:106} INFO - 24/12/06 06:08:06 INFO Client:
[2024-12-06T06:08:06.071+0900] {subprocess.py:106} INFO - 	 client token: N/A
[2024-12-06T06:08:06.072+0900] {subprocess.py:106} INFO - 	 diagnostics: N/A
[2024-12-06T06:08:06.072+0900] {subprocess.py:106} INFO - 	 ApplicationMaster host: SN09
[2024-12-06T06:08:06.072+0900] {subprocess.py:106} INFO - 	 ApplicationMaster RPC port: 38203
[2024-12-06T06:08:06.073+0900] {subprocess.py:106} INFO - 	 queue: root.default
[2024-12-06T06:08:06.073+0900] {subprocess.py:106} INFO - 	 start time: 1733432835977
[2024-12-06T06:08:06.073+0900] {subprocess.py:106} INFO - 	 final status: SUCCEEDED
[2024-12-06T06:08:06.073+0900] {subprocess.py:106} INFO - 	 tracking URL: http://MN:8088/proxy/application_1733127595631_0094/
[2024-12-06T06:08:06.073+0900] {subprocess.py:106} INFO - 	 user: dke
[2024-12-06T06:08:06.080+0900] {subprocess.py:106} INFO - 24/12/06 06:08:06 INFO ShutdownHookManager: Shutdown hook called
[2024-12-06T06:08:06.081+0900] {subprocess.py:106} INFO - 24/12/06 06:08:06 INFO ShutdownHookManager: Deleting directory /tmp/spark-d4f2c71e-c60a-4305-85d5-c8b78fdbf0ef
[2024-12-06T06:08:06.084+0900] {subprocess.py:106} INFO - 24/12/06 06:08:06 INFO ShutdownHookManager: Deleting directory /tmp/spark-764b6768-c019-4942-b043-53eebed12808
[2024-12-06T06:08:06.442+0900] {subprocess.py:110} INFO - Command exited with return code 0
[2024-12-06T06:08:06.465+0900] {taskinstance.py:340} INFO - ::group::Post task execution logs
[2024-12-06T06:08:06.466+0900] {taskinstance.py:352} INFO - Marking task as SUCCESS. dag_id=process_and_upload_json_to_hdfs, task_id=run_make_model, run_id=scheduled__2024-12-05T20:00:00+00:00, execution_date=20241205T200000, start_date=20241205T210639, end_date=20241205T210806
[2024-12-06T06:08:06.521+0900] {local_task_job_runner.py:266} INFO - Task exited with return code 0
[2024-12-06T06:08:06.532+0900] {taskinstance.py:3895} INFO - 0 downstream tasks scheduled from follow-on schedule check
[2024-12-06T06:08:06.533+0900] {local_task_job_runner.py:245} INFO - ::endgroup::
