[2024-11-15T15:37:29.603+0900] {local_task_job_runner.py:123} INFO - ::group::Pre task execution logs
[2024-11-15T15:37:29.613+0900] {taskinstance.py:2613} INFO - Dependencies all met for dep_context=non-requeueable deps ti=<TaskInstance: random_data_direct_to_hdfs.save_to_hdfs scheduled__2024-11-14T08:05:00+00:00 [queued]>
[2024-11-15T15:37:29.620+0900] {taskinstance.py:2613} INFO - Dependencies all met for dep_context=requeueable deps ti=<TaskInstance: random_data_direct_to_hdfs.save_to_hdfs scheduled__2024-11-14T08:05:00+00:00 [queued]>
[2024-11-15T15:37:29.620+0900] {taskinstance.py:2866} INFO - Starting attempt 1 of 6
[2024-11-15T15:37:29.634+0900] {taskinstance.py:2889} INFO - Executing <Task(BashOperator): save_to_hdfs> on 2024-11-14 08:05:00+00:00
[2024-11-15T15:37:29.637+0900] {standard_task_runner.py:72} INFO - Started process 2392949 to run task
[2024-11-15T15:37:29.640+0900] {standard_task_runner.py:104} INFO - Running: ['airflow', 'tasks', 'run', 'random_data_direct_to_hdfs', 'save_to_hdfs', 'scheduled__2024-11-14T08:05:00+00:00', '--job-id', '218', '--raw', '--subdir', 'DAGS_FOLDER/data_to_hdfs.py', '--cfg-path', '/tmp/tmp1j61zwff']
[2024-11-15T15:37:29.642+0900] {standard_task_runner.py:105} INFO - Job 218: Subtask save_to_hdfs
[2024-11-15T15:37:29.676+0900] {task_command.py:467} INFO - Running <TaskInstance: random_data_direct_to_hdfs.save_to_hdfs scheduled__2024-11-14T08:05:00+00:00 [running]> on host MN
[2024-11-15T15:37:29.754+0900] {taskinstance.py:3132} INFO - Exporting env vars: AIRFLOW_CTX_DAG_OWNER='lwjeong' AIRFLOW_CTX_DAG_ID='random_data_direct_to_hdfs' AIRFLOW_CTX_TASK_ID='save_to_hdfs' AIRFLOW_CTX_EXECUTION_DATE='2024-11-14T08:05:00+00:00' AIRFLOW_CTX_TRY_NUMBER='1' AIRFLOW_CTX_DAG_RUN_ID='scheduled__2024-11-14T08:05:00+00:00'
[2024-11-15T15:37:29.755+0900] {taskinstance.py:731} INFO - ::endgroup::
[2024-11-15T15:37:29.768+0900] {subprocess.py:78} INFO - Tmp dir root location: /tmp
[2024-11-15T15:37:29.768+0900] {subprocess.py:88} INFO - Running command: ['/usr/bin/bash', '-c', 'echo "[{"id": 0, "value": 3, "timestamp": "2024-11-15T15:37:23.104285"}, {"id": 1, "value": 39, "timestamp": "2024-11-15T15:37:23.104285"}, {"id": 2, "value": 11, "timestamp": "2024-11-15T15:37:23.104285"}, {"id": 3, "value": 56, "timestamp": "2024-11-15T15:37:23.104285"}, {"id": 4, "value": 44, "timestamp": "2024-11-15T15:37:23.104285"}, {"id": 5, "value": 39, "timestamp": "2024-11-15T15:37:23.104285"}, {"id": 6, "value": 39, "timestamp": "2024-11-15T15:37:23.104285"}, {"id": 7, "value": 38, "timestamp": "2024-11-15T15:37:23.104285"}, {"id": 8, "value": 57, "timestamp": "2024-11-15T15:37:23.104285"}, {"id": 9, "value": 42, "timestamp": "2024-11-15T15:37:23.104285"}]" | hdfs dfs -put -f - /path/in/hdfs/random_data_66.json']
[2024-11-15T15:37:29.774+0900] {subprocess.py:99} INFO - Output:
[2024-11-15T15:37:31.828+0900] {subprocess.py:110} INFO - Command exited with return code 0
[2024-11-15T15:37:31.849+0900] {taskinstance.py:340} INFO - ::group::Post task execution logs
[2024-11-15T15:37:31.849+0900] {taskinstance.py:352} INFO - Marking task as SUCCESS. dag_id=random_data_direct_to_hdfs, task_id=save_to_hdfs, run_id=scheduled__2024-11-14T08:05:00+00:00, execution_date=20241114T080500, start_date=20241115T063729, end_date=20241115T063731
[2024-11-15T15:37:31.897+0900] {local_task_job_runner.py:266} INFO - Task exited with return code 0
[2024-11-15T15:37:31.911+0900] {taskinstance.py:3895} INFO - 0 downstream tasks scheduled from follow-on schedule check
[2024-11-15T15:37:31.911+0900] {local_task_job_runner.py:245} INFO - ::endgroup::
