[2024-12-04T17:06:38.218+0900] {local_task_job_runner.py:123} INFO - ::group::Pre task execution logs
[2024-12-04T17:06:38.228+0900] {taskinstance.py:2613} INFO - Dependencies all met for dep_context=non-requeueable deps ti=<TaskInstance: process_and_upload_json_to_hdfs.run_make_model scheduled__2024-12-04T07:00:00+00:00 [queued]>
[2024-12-04T17:06:38.235+0900] {taskinstance.py:2613} INFO - Dependencies all met for dep_context=requeueable deps ti=<TaskInstance: process_and_upload_json_to_hdfs.run_make_model scheduled__2024-12-04T07:00:00+00:00 [queued]>
[2024-12-04T17:06:38.235+0900] {taskinstance.py:2866} INFO - Starting attempt 1 of 2
[2024-12-04T17:06:38.251+0900] {taskinstance.py:2889} INFO - Executing <Task(BashOperator): run_make_model> on 2024-12-04 07:00:00+00:00
[2024-12-04T17:06:38.254+0900] {standard_task_runner.py:72} INFO - Started process 1111078 to run task
[2024-12-04T17:06:38.258+0900] {standard_task_runner.py:104} INFO - Running: ['airflow', 'tasks', 'run', 'process_and_upload_json_to_hdfs', 'run_make_model', 'scheduled__2024-12-04T07:00:00+00:00', '--job-id', '562', '--raw', '--subdir', 'DAGS_FOLDER/data_to_hdfs.py', '--cfg-path', '/tmp/tmpaaueisb7']
[2024-12-04T17:06:38.259+0900] {standard_task_runner.py:105} INFO - Job 562: Subtask run_make_model
[2024-12-04T17:06:38.292+0900] {task_command.py:467} INFO - Running <TaskInstance: process_and_upload_json_to_hdfs.run_make_model scheduled__2024-12-04T07:00:00+00:00 [running]> on host MN
[2024-12-04T17:06:38.360+0900] {taskinstance.py:3132} INFO - Exporting env vars: AIRFLOW_CTX_DAG_OWNER='airflow' AIRFLOW_CTX_DAG_ID='process_and_upload_json_to_hdfs' AIRFLOW_CTX_TASK_ID='run_make_model' AIRFLOW_CTX_EXECUTION_DATE='2024-12-04T07:00:00+00:00' AIRFLOW_CTX_TRY_NUMBER='1' AIRFLOW_CTX_DAG_RUN_ID='scheduled__2024-12-04T07:00:00+00:00'
[2024-12-04T17:06:38.361+0900] {taskinstance.py:731} INFO - ::endgroup::
[2024-12-04T17:06:38.375+0900] {subprocess.py:78} INFO - Tmp dir root location: /tmp
[2024-12-04T17:06:38.375+0900] {subprocess.py:88} INFO - Running command: ['/usr/bin/bash', '-c', '/laewon/spark/bin/spark-submit --master yarn --deploy-mode cluster /laewon/Riot/make_model.py']
[2024-12-04T17:06:38.381+0900] {subprocess.py:99} INFO - Output:
[2024-12-04T17:06:40.630+0900] {subprocess.py:106} INFO - 24/12/04 17:06:40 INFO DefaultNoHARMFailoverProxyProvider: Connecting to ResourceManager at MN/192.168.4.7:8032
[2024-12-04T17:06:41.339+0900] {subprocess.py:106} INFO - 24/12/04 17:06:41 INFO Configuration: resource-types.xml not found
[2024-12-04T17:06:41.340+0900] {subprocess.py:106} INFO - 24/12/04 17:06:41 INFO ResourceUtils: Unable to find 'resource-types.xml'.
[2024-12-04T17:06:41.354+0900] {subprocess.py:106} INFO - 24/12/04 17:06:41 INFO Client: Verifying our application has not requested more than the maximum memory capability of the cluster (819200 MB per container)
[2024-12-04T17:06:41.355+0900] {subprocess.py:106} INFO - 24/12/04 17:06:41 INFO Client: Will allocate AM container, with 1408 MB memory including 384 MB overhead
[2024-12-04T17:06:41.355+0900] {subprocess.py:106} INFO - 24/12/04 17:06:41 INFO Client: Setting up container launch context for our AM
[2024-12-04T17:06:41.359+0900] {subprocess.py:106} INFO - 24/12/04 17:06:41 INFO Client: Setting up the launch environment for our AM container
[2024-12-04T17:06:41.370+0900] {subprocess.py:106} INFO - 24/12/04 17:06:41 INFO Client: Preparing resources for our AM container
[2024-12-04T17:06:41.405+0900] {subprocess.py:106} INFO - 24/12/04 17:06:41 WARN Client: Neither spark.yarn.jars nor spark.yarn.archive is set, falling back to uploading libraries under SPARK_HOME.
[2024-12-04T17:06:44.231+0900] {subprocess.py:106} INFO - 24/12/04 17:06:44 INFO Client: Uploading resource file:/tmp/spark-31ede601-7ad4-4d8c-a49f-a31c5fc14ae8/__spark_libs__6002470681472220147.zip -> hdfs://MN:9000/user/dke/.sparkStaging/application_1733127595631_0057/__spark_libs__6002470681472220147.zip
[2024-12-04T17:07:18.594+0900] {subprocess.py:106} INFO - 24/12/04 17:07:18 INFO Client: Uploading resource file:/laewon/Riot/make_model.py -> hdfs://MN:9000/user/dke/.sparkStaging/application_1733127595631_0057/make_model.py
[2024-12-04T17:07:18.623+0900] {subprocess.py:106} INFO - 24/12/04 17:07:18 INFO Client: Uploading resource file:/laewon/spark-3.5.1-bin-hadoop3/python/lib/pyspark.zip -> hdfs://MN:9000/user/dke/.sparkStaging/application_1733127595631_0057/pyspark.zip
[2024-12-04T17:07:18.901+0900] {subprocess.py:106} INFO - 24/12/04 17:07:18 INFO Client: Uploading resource file:/laewon/spark-3.5.1-bin-hadoop3/python/lib/py4j-0.10.9.7-src.zip -> hdfs://MN:9000/user/dke/.sparkStaging/application_1733127595631_0057/py4j-0.10.9.7-src.zip
[2024-12-04T17:07:19.104+0900] {subprocess.py:106} INFO - 24/12/04 17:07:19 INFO Client: Uploading resource file:/tmp/spark-31ede601-7ad4-4d8c-a49f-a31c5fc14ae8/__spark_conf__10371423270981272343.zip -> hdfs://MN:9000/user/dke/.sparkStaging/application_1733127595631_0057/__spark_conf__.zip
[2024-12-04T17:07:19.222+0900] {subprocess.py:106} INFO - 24/12/04 17:07:19 INFO SecurityManager: Changing view acls to: dke
[2024-12-04T17:07:19.222+0900] {subprocess.py:106} INFO - 24/12/04 17:07:19 INFO SecurityManager: Changing modify acls to: dke
[2024-12-04T17:07:19.223+0900] {subprocess.py:106} INFO - 24/12/04 17:07:19 INFO SecurityManager: Changing view acls groups to:
[2024-12-04T17:07:19.224+0900] {subprocess.py:106} INFO - 24/12/04 17:07:19 INFO SecurityManager: Changing modify acls groups to:
[2024-12-04T17:07:19.224+0900] {subprocess.py:106} INFO - 24/12/04 17:07:19 INFO SecurityManager: SecurityManager: authentication disabled; ui acls disabled; users with view permissions: dke; groups with view permissions: EMPTY; users with modify permissions: dke; groups with modify permissions: EMPTY
[2024-12-04T17:07:19.263+0900] {subprocess.py:106} INFO - 24/12/04 17:07:19 INFO Client: Submitting application application_1733127595631_0057 to ResourceManager
[2024-12-04T17:07:19.311+0900] {subprocess.py:106} INFO - 24/12/04 17:07:19 INFO YarnClientImpl: Submitted application application_1733127595631_0057
[2024-12-04T17:07:20.313+0900] {subprocess.py:106} INFO - 24/12/04 17:07:20 INFO Client: Application report for application_1733127595631_0057 (state: ACCEPTED)
[2024-12-04T17:07:20.317+0900] {subprocess.py:106} INFO - 24/12/04 17:07:20 INFO Client:
[2024-12-04T17:07:20.317+0900] {subprocess.py:106} INFO - 	 client token: N/A
[2024-12-04T17:07:20.318+0900] {subprocess.py:106} INFO - 	 diagnostics: AM container is launched, waiting for AM container to Register with RM
[2024-12-04T17:07:20.318+0900] {subprocess.py:106} INFO - 	 ApplicationMaster host: N/A
[2024-12-04T17:07:20.318+0900] {subprocess.py:106} INFO - 	 ApplicationMaster RPC port: -1
[2024-12-04T17:07:20.318+0900] {subprocess.py:106} INFO - 	 queue: root.default
[2024-12-04T17:07:20.319+0900] {subprocess.py:106} INFO - 	 start time: 1733299639288
[2024-12-04T17:07:20.319+0900] {subprocess.py:106} INFO - 	 final status: UNDEFINED
[2024-12-04T17:07:20.319+0900] {subprocess.py:106} INFO - 	 tracking URL: http://MN:8088/proxy/application_1733127595631_0057/
[2024-12-04T17:07:20.319+0900] {subprocess.py:106} INFO - 	 user: dke
[2024-12-04T17:07:46.352+0900] {subprocess.py:106} INFO - 24/12/04 17:07:46 INFO Client: Application report for application_1733127595631_0057 (state: RUNNING)
[2024-12-04T17:07:46.352+0900] {subprocess.py:106} INFO - 24/12/04 17:07:46 INFO Client:
[2024-12-04T17:07:46.353+0900] {subprocess.py:106} INFO - 	 client token: N/A
[2024-12-04T17:07:46.353+0900] {subprocess.py:106} INFO - 	 diagnostics: N/A
[2024-12-04T17:07:46.353+0900] {subprocess.py:106} INFO - 	 ApplicationMaster host: SN03
[2024-12-04T17:07:46.354+0900] {subprocess.py:106} INFO - 	 ApplicationMaster RPC port: 41347
[2024-12-04T17:07:46.354+0900] {subprocess.py:106} INFO - 	 queue: root.default
[2024-12-04T17:07:46.354+0900] {subprocess.py:106} INFO - 	 start time: 1733299639288
[2024-12-04T17:07:46.354+0900] {subprocess.py:106} INFO - 	 final status: UNDEFINED
[2024-12-04T17:07:46.354+0900] {subprocess.py:106} INFO - 	 tracking URL: http://MN:8088/proxy/application_1733127595631_0057/
[2024-12-04T17:07:46.355+0900] {subprocess.py:106} INFO - 	 user: dke
[2024-12-04T17:08:16.390+0900] {subprocess.py:106} INFO - 24/12/04 17:08:16 INFO Client: Application report for application_1733127595631_0057 (state: RUNNING)
[2024-12-04T17:08:19.394+0900] {subprocess.py:106} INFO - 24/12/04 17:08:19 INFO Client: Application report for application_1733127595631_0057 (state: FINISHED)
[2024-12-04T17:08:19.394+0900] {subprocess.py:106} INFO - 24/12/04 17:08:19 INFO Client:
[2024-12-04T17:08:19.395+0900] {subprocess.py:106} INFO - 	 client token: N/A
[2024-12-04T17:08:19.395+0900] {subprocess.py:106} INFO - 	 diagnostics: N/A
[2024-12-04T17:08:19.395+0900] {subprocess.py:106} INFO - 	 ApplicationMaster host: SN03
[2024-12-04T17:08:19.395+0900] {subprocess.py:106} INFO - 	 ApplicationMaster RPC port: 41347
[2024-12-04T17:08:19.396+0900] {subprocess.py:106} INFO - 	 queue: root.default
[2024-12-04T17:08:19.396+0900] {subprocess.py:106} INFO - 	 start time: 1733299639288
[2024-12-04T17:08:19.396+0900] {subprocess.py:106} INFO - 	 final status: SUCCEEDED
[2024-12-04T17:08:19.396+0900] {subprocess.py:106} INFO - 	 tracking URL: http://MN:8088/proxy/application_1733127595631_0057/
[2024-12-04T17:08:19.397+0900] {subprocess.py:106} INFO - 	 user: dke
[2024-12-04T17:08:19.403+0900] {subprocess.py:106} INFO - 24/12/04 17:08:19 INFO ShutdownHookManager: Shutdown hook called
[2024-12-04T17:08:19.404+0900] {subprocess.py:106} INFO - 24/12/04 17:08:19 INFO ShutdownHookManager: Deleting directory /tmp/spark-a1dd8aac-3113-4246-be7d-5061a9a9b46f
[2024-12-04T17:08:19.407+0900] {subprocess.py:106} INFO - 24/12/04 17:08:19 INFO ShutdownHookManager: Deleting directory /tmp/spark-31ede601-7ad4-4d8c-a49f-a31c5fc14ae8
[2024-12-04T17:08:19.762+0900] {subprocess.py:110} INFO - Command exited with return code 0
[2024-12-04T17:08:19.785+0900] {taskinstance.py:340} INFO - ::group::Post task execution logs
[2024-12-04T17:08:19.786+0900] {taskinstance.py:352} INFO - Marking task as SUCCESS. dag_id=process_and_upload_json_to_hdfs, task_id=run_make_model, run_id=scheduled__2024-12-04T07:00:00+00:00, execution_date=20241204T070000, start_date=20241204T080638, end_date=20241204T080819
[2024-12-04T17:08:19.827+0900] {local_task_job_runner.py:266} INFO - Task exited with return code 0
[2024-12-04T17:08:19.838+0900] {taskinstance.py:3895} INFO - 0 downstream tasks scheduled from follow-on schedule check
[2024-12-04T17:08:19.838+0900] {local_task_job_runner.py:245} INFO - ::endgroup::
