[2024-12-05T14:06:24.729+0900] {local_task_job_runner.py:123} INFO - ::group::Pre task execution logs
[2024-12-05T14:06:24.739+0900] {taskinstance.py:2613} INFO - Dependencies all met for dep_context=non-requeueable deps ti=<TaskInstance: process_and_upload_json_to_hdfs.run_make_model scheduled__2024-12-05T04:00:00+00:00 [queued]>
[2024-12-05T14:06:24.746+0900] {taskinstance.py:2613} INFO - Dependencies all met for dep_context=requeueable deps ti=<TaskInstance: process_and_upload_json_to_hdfs.run_make_model scheduled__2024-12-05T04:00:00+00:00 [queued]>
[2024-12-05T14:06:24.746+0900] {taskinstance.py:2866} INFO - Starting attempt 1 of 2
[2024-12-05T14:06:24.761+0900] {taskinstance.py:2889} INFO - Executing <Task(BashOperator): run_make_model> on 2024-12-05 04:00:00+00:00
[2024-12-05T14:06:24.765+0900] {standard_task_runner.py:72} INFO - Started process 1715339 to run task
[2024-12-05T14:06:24.768+0900] {standard_task_runner.py:104} INFO - Running: ['airflow', 'tasks', 'run', 'process_and_upload_json_to_hdfs', 'run_make_model', 'scheduled__2024-12-05T04:00:00+00:00', '--job-id', '646', '--raw', '--subdir', 'DAGS_FOLDER/data_to_hdfs.py', '--cfg-path', '/tmp/tmp9gv71ulz']
[2024-12-05T14:06:24.770+0900] {standard_task_runner.py:105} INFO - Job 646: Subtask run_make_model
[2024-12-05T14:06:24.803+0900] {task_command.py:467} INFO - Running <TaskInstance: process_and_upload_json_to_hdfs.run_make_model scheduled__2024-12-05T04:00:00+00:00 [running]> on host MN
[2024-12-05T14:06:24.870+0900] {taskinstance.py:3132} INFO - Exporting env vars: AIRFLOW_CTX_DAG_OWNER='airflow' AIRFLOW_CTX_DAG_ID='process_and_upload_json_to_hdfs' AIRFLOW_CTX_TASK_ID='run_make_model' AIRFLOW_CTX_EXECUTION_DATE='2024-12-05T04:00:00+00:00' AIRFLOW_CTX_TRY_NUMBER='1' AIRFLOW_CTX_DAG_RUN_ID='scheduled__2024-12-05T04:00:00+00:00'
[2024-12-05T14:06:24.870+0900] {taskinstance.py:731} INFO - ::endgroup::
[2024-12-05T14:06:24.884+0900] {subprocess.py:78} INFO - Tmp dir root location: /tmp
[2024-12-05T14:06:24.885+0900] {subprocess.py:88} INFO - Running command: ['/usr/bin/bash', '-c', '/laewon/spark/bin/spark-submit --master yarn --deploy-mode cluster /laewon/Riot/make_model.py']
[2024-12-05T14:06:24.891+0900] {subprocess.py:99} INFO - Output:
[2024-12-05T14:06:27.137+0900] {subprocess.py:106} INFO - 24/12/05 14:06:27 INFO DefaultNoHARMFailoverProxyProvider: Connecting to ResourceManager at MN/192.168.4.7:8032
[2024-12-05T14:06:27.842+0900] {subprocess.py:106} INFO - 24/12/05 14:06:27 INFO Configuration: resource-types.xml not found
[2024-12-05T14:06:27.842+0900] {subprocess.py:106} INFO - 24/12/05 14:06:27 INFO ResourceUtils: Unable to find 'resource-types.xml'.
[2024-12-05T14:06:27.856+0900] {subprocess.py:106} INFO - 24/12/05 14:06:27 INFO Client: Verifying our application has not requested more than the maximum memory capability of the cluster (819200 MB per container)
[2024-12-05T14:06:27.857+0900] {subprocess.py:106} INFO - 24/12/05 14:06:27 INFO Client: Will allocate AM container, with 1408 MB memory including 384 MB overhead
[2024-12-05T14:06:27.857+0900] {subprocess.py:106} INFO - 24/12/05 14:06:27 INFO Client: Setting up container launch context for our AM
[2024-12-05T14:06:27.861+0900] {subprocess.py:106} INFO - 24/12/05 14:06:27 INFO Client: Setting up the launch environment for our AM container
[2024-12-05T14:06:27.872+0900] {subprocess.py:106} INFO - 24/12/05 14:06:27 INFO Client: Preparing resources for our AM container
[2024-12-05T14:06:27.906+0900] {subprocess.py:106} INFO - 24/12/05 14:06:27 WARN Client: Neither spark.yarn.jars nor spark.yarn.archive is set, falling back to uploading libraries under SPARK_HOME.
[2024-12-05T14:06:30.734+0900] {subprocess.py:106} INFO - 24/12/05 14:06:30 INFO Client: Uploading resource file:/tmp/spark-974bfc01-c686-4401-9fea-9e6ac41f1ed1/__spark_libs__1282235770542655526.zip -> hdfs://MN:9000/user/dke/.sparkStaging/application_1733127595631_0078/__spark_libs__1282235770542655526.zip
[2024-12-05T14:07:04.724+0900] {subprocess.py:106} INFO - 24/12/05 14:07:04 INFO Client: Uploading resource file:/laewon/Riot/make_model.py -> hdfs://MN:9000/user/dke/.sparkStaging/application_1733127595631_0078/make_model.py
[2024-12-05T14:07:04.757+0900] {subprocess.py:106} INFO - 24/12/05 14:07:04 INFO Client: Uploading resource file:/laewon/spark-3.5.1-bin-hadoop3/python/lib/pyspark.zip -> hdfs://MN:9000/user/dke/.sparkStaging/application_1733127595631_0078/pyspark.zip
[2024-12-05T14:07:05.037+0900] {subprocess.py:106} INFO - 24/12/05 14:07:05 INFO Client: Uploading resource file:/laewon/spark-3.5.1-bin-hadoop3/python/lib/py4j-0.10.9.7-src.zip -> hdfs://MN:9000/user/dke/.sparkStaging/application_1733127595631_0078/py4j-0.10.9.7-src.zip
[2024-12-05T14:07:05.239+0900] {subprocess.py:106} INFO - 24/12/05 14:07:05 INFO Client: Uploading resource file:/tmp/spark-974bfc01-c686-4401-9fea-9e6ac41f1ed1/__spark_conf__6188203666879901835.zip -> hdfs://MN:9000/user/dke/.sparkStaging/application_1733127595631_0078/__spark_conf__.zip
[2024-12-05T14:07:05.321+0900] {subprocess.py:106} INFO - 24/12/05 14:07:05 INFO SecurityManager: Changing view acls to: dke
[2024-12-05T14:07:05.322+0900] {subprocess.py:106} INFO - 24/12/05 14:07:05 INFO SecurityManager: Changing modify acls to: dke
[2024-12-05T14:07:05.322+0900] {subprocess.py:106} INFO - 24/12/05 14:07:05 INFO SecurityManager: Changing view acls groups to:
[2024-12-05T14:07:05.322+0900] {subprocess.py:106} INFO - 24/12/05 14:07:05 INFO SecurityManager: Changing modify acls groups to:
[2024-12-05T14:07:05.323+0900] {subprocess.py:106} INFO - 24/12/05 14:07:05 INFO SecurityManager: SecurityManager: authentication disabled; ui acls disabled; users with view permissions: dke; groups with view permissions: EMPTY; users with modify permissions: dke; groups with modify permissions: EMPTY
[2024-12-05T14:07:05.364+0900] {subprocess.py:106} INFO - 24/12/05 14:07:05 INFO Client: Submitting application application_1733127595631_0078 to ResourceManager
[2024-12-05T14:07:05.414+0900] {subprocess.py:106} INFO - 24/12/05 14:07:05 INFO YarnClientImpl: Submitted application application_1733127595631_0078
[2024-12-05T14:07:06.417+0900] {subprocess.py:106} INFO - 24/12/05 14:07:06 INFO Client: Application report for application_1733127595631_0078 (state: ACCEPTED)
[2024-12-05T14:07:06.421+0900] {subprocess.py:106} INFO - 24/12/05 14:07:06 INFO Client:
[2024-12-05T14:07:06.421+0900] {subprocess.py:106} INFO - 	 client token: N/A
[2024-12-05T14:07:06.421+0900] {subprocess.py:106} INFO - 	 diagnostics: AM container is launched, waiting for AM container to Register with RM
[2024-12-05T14:07:06.422+0900] {subprocess.py:106} INFO - 	 ApplicationMaster host: N/A
[2024-12-05T14:07:06.422+0900] {subprocess.py:106} INFO - 	 ApplicationMaster RPC port: -1
[2024-12-05T14:07:06.422+0900] {subprocess.py:106} INFO - 	 queue: root.default
[2024-12-05T14:07:06.422+0900] {subprocess.py:106} INFO - 	 start time: 1733375225387
[2024-12-05T14:07:06.423+0900] {subprocess.py:106} INFO - 	 final status: UNDEFINED
[2024-12-05T14:07:06.423+0900] {subprocess.py:106} INFO - 	 tracking URL: http://MN:8088/proxy/application_1733127595631_0078/
[2024-12-05T14:07:06.423+0900] {subprocess.py:106} INFO - 	 user: dke
[2024-12-05T14:07:24.444+0900] {subprocess.py:106} INFO - 24/12/05 14:07:24 INFO Client: Application report for application_1733127595631_0078 (state: RUNNING)
[2024-12-05T14:07:24.445+0900] {subprocess.py:106} INFO - 24/12/05 14:07:24 INFO Client:
[2024-12-05T14:07:24.445+0900] {subprocess.py:106} INFO - 	 client token: N/A
[2024-12-05T14:07:24.445+0900] {subprocess.py:106} INFO - 	 diagnostics: N/A
[2024-12-05T14:07:24.446+0900] {subprocess.py:106} INFO - 	 ApplicationMaster host: SN02
[2024-12-05T14:07:24.446+0900] {subprocess.py:106} INFO - 	 ApplicationMaster RPC port: 41001
[2024-12-05T14:07:24.446+0900] {subprocess.py:106} INFO - 	 queue: root.default
[2024-12-05T14:07:24.446+0900] {subprocess.py:106} INFO - 	 start time: 1733375225387
[2024-12-05T14:07:24.447+0900] {subprocess.py:106} INFO - 	 final status: UNDEFINED
[2024-12-05T14:07:24.447+0900] {subprocess.py:106} INFO - 	 tracking URL: http://MN:8088/proxy/application_1733127595631_0078/
[2024-12-05T14:07:24.447+0900] {subprocess.py:106} INFO - 	 user: dke
[2024-12-05T14:07:54.482+0900] {subprocess.py:106} INFO - 24/12/05 14:07:54 INFO Client: Application report for application_1733127595631_0078 (state: RUNNING)
[2024-12-05T14:08:11.502+0900] {subprocess.py:106} INFO - 24/12/05 14:08:11 INFO Client: Application report for application_1733127595631_0078 (state: FINISHED)
[2024-12-05T14:08:11.503+0900] {subprocess.py:106} INFO - 24/12/05 14:08:11 INFO Client:
[2024-12-05T14:08:11.503+0900] {subprocess.py:106} INFO - 	 client token: N/A
[2024-12-05T14:08:11.503+0900] {subprocess.py:106} INFO - 	 diagnostics: N/A
[2024-12-05T14:08:11.503+0900] {subprocess.py:106} INFO - 	 ApplicationMaster host: SN02
[2024-12-05T14:08:11.504+0900] {subprocess.py:106} INFO - 	 ApplicationMaster RPC port: 41001
[2024-12-05T14:08:11.504+0900] {subprocess.py:106} INFO - 	 queue: root.default
[2024-12-05T14:08:11.504+0900] {subprocess.py:106} INFO - 	 start time: 1733375225387
[2024-12-05T14:08:11.504+0900] {subprocess.py:106} INFO - 	 final status: SUCCEEDED
[2024-12-05T14:08:11.505+0900] {subprocess.py:106} INFO - 	 tracking URL: http://MN:8088/proxy/application_1733127595631_0078/
[2024-12-05T14:08:11.505+0900] {subprocess.py:106} INFO - 	 user: dke
[2024-12-05T14:08:11.513+0900] {subprocess.py:106} INFO - 24/12/05 14:08:11 INFO ShutdownHookManager: Shutdown hook called
[2024-12-05T14:08:11.514+0900] {subprocess.py:106} INFO - 24/12/05 14:08:11 INFO ShutdownHookManager: Deleting directory /tmp/spark-974bfc01-c686-4401-9fea-9e6ac41f1ed1
[2024-12-05T14:08:11.517+0900] {subprocess.py:106} INFO - 24/12/05 14:08:11 INFO ShutdownHookManager: Deleting directory /tmp/spark-1d44e62f-0986-4180-afb4-b670d6b7cf79
[2024-12-05T14:08:11.880+0900] {subprocess.py:110} INFO - Command exited with return code 0
[2024-12-05T14:08:11.903+0900] {taskinstance.py:340} INFO - ::group::Post task execution logs
[2024-12-05T14:08:11.904+0900] {taskinstance.py:352} INFO - Marking task as SUCCESS. dag_id=process_and_upload_json_to_hdfs, task_id=run_make_model, run_id=scheduled__2024-12-05T04:00:00+00:00, execution_date=20241205T040000, start_date=20241205T050624, end_date=20241205T050811
[2024-12-05T14:08:11.946+0900] {local_task_job_runner.py:266} INFO - Task exited with return code 0
[2024-12-05T14:08:11.957+0900] {taskinstance.py:3895} INFO - 0 downstream tasks scheduled from follow-on schedule check
[2024-12-05T14:08:11.957+0900] {local_task_job_runner.py:245} INFO - ::endgroup::
