[2024-11-14T19:17:09.759+0900] {local_task_job_runner.py:123} INFO - ::group::Pre task execution logs
[2024-11-14T19:17:09.770+0900] {taskinstance.py:2613} INFO - Dependencies all met for dep_context=non-requeueable deps ti=<TaskInstance: first_dag.first_task scheduled__2024-11-14T07:03:00+00:00 [queued]>
[2024-11-14T19:17:09.776+0900] {taskinstance.py:2613} INFO - Dependencies all met for dep_context=requeueable deps ti=<TaskInstance: first_dag.first_task scheduled__2024-11-14T07:03:00+00:00 [queued]>
[2024-11-14T19:17:09.777+0900] {taskinstance.py:2866} INFO - Starting attempt 1 of 6
[2024-11-14T19:17:09.791+0900] {taskinstance.py:2889} INFO - Executing <Task(BashOperator): first_task> on 2024-11-14 07:03:00+00:00
[2024-11-14T19:17:09.794+0900] {standard_task_runner.py:72} INFO - Started process 2369073 to run task
[2024-11-14T19:17:09.797+0900] {standard_task_runner.py:104} INFO - Running: ['airflow', 'tasks', 'run', 'first_dag', 'first_task', 'scheduled__2024-11-14T07:03:00+00:00', '--job-id', '22', '--raw', '--subdir', 'DAGS_FOLDER/first_dag.py', '--cfg-path', '/tmp/tmpljy9lc5f']
[2024-11-14T19:17:09.798+0900] {standard_task_runner.py:105} INFO - Job 22: Subtask first_task
[2024-11-14T19:17:09.831+0900] {task_command.py:467} INFO - Running <TaskInstance: first_dag.first_task scheduled__2024-11-14T07:03:00+00:00 [running]> on host MN
[2024-11-14T19:17:09.899+0900] {taskinstance.py:3132} INFO - Exporting env vars: AIRFLOW_CTX_DAG_OWNER='coder2j' AIRFLOW_CTX_DAG_ID='first_dag' AIRFLOW_CTX_TASK_ID='first_task' AIRFLOW_CTX_EXECUTION_DATE='2024-11-14T07:03:00+00:00' AIRFLOW_CTX_TRY_NUMBER='1' AIRFLOW_CTX_DAG_RUN_ID='scheduled__2024-11-14T07:03:00+00:00'
[2024-11-14T19:17:09.899+0900] {taskinstance.py:731} INFO - ::endgroup::
[2024-11-14T19:17:09.914+0900] {subprocess.py:78} INFO - Tmp dir root location: /tmp
[2024-11-14T19:17:09.915+0900] {subprocess.py:88} INFO - Running command: ['/usr/bin/bash', '-c', 'echo hello world, this is the fist task!']
[2024-11-14T19:17:09.920+0900] {subprocess.py:99} INFO - Output:
[2024-11-14T19:17:09.921+0900] {subprocess.py:106} INFO - hello world, this is the fist task!
[2024-11-14T19:17:09.921+0900] {subprocess.py:110} INFO - Command exited with return code 0
[2024-11-14T19:17:09.939+0900] {taskinstance.py:340} INFO - ::group::Post task execution logs
[2024-11-14T19:17:09.940+0900] {taskinstance.py:352} INFO - Marking task as SUCCESS. dag_id=first_dag, task_id=first_task, run_id=scheduled__2024-11-14T07:03:00+00:00, execution_date=20241114T070300, start_date=20241114T101709, end_date=20241114T101709
[2024-11-14T19:17:09.969+0900] {local_task_job_runner.py:266} INFO - Task exited with return code 0
[2024-11-14T19:17:09.981+0900] {taskinstance.py:3895} INFO - 0 downstream tasks scheduled from follow-on schedule check
[2024-11-14T19:17:09.981+0900] {local_task_job_runner.py:245} INFO - ::endgroup::
