[2024-12-04T09:06:23.631+0900] {local_task_job_runner.py:123} INFO - ::group::Pre task execution logs
[2024-12-04T09:06:23.641+0900] {taskinstance.py:2613} INFO - Dependencies all met for dep_context=non-requeueable deps ti=<TaskInstance: process_and_upload_json_to_hdfs.run_make_model scheduled__2024-12-03T23:00:00+00:00 [queued]>
[2024-12-04T09:06:23.648+0900] {taskinstance.py:2613} INFO - Dependencies all met for dep_context=requeueable deps ti=<TaskInstance: process_and_upload_json_to_hdfs.run_make_model scheduled__2024-12-03T23:00:00+00:00 [queued]>
[2024-12-04T09:06:23.648+0900] {taskinstance.py:2866} INFO - Starting attempt 1 of 2
[2024-12-04T09:06:23.664+0900] {taskinstance.py:2889} INFO - Executing <Task(BashOperator): run_make_model> on 2024-12-03 23:00:00+00:00
[2024-12-04T09:06:23.667+0900] {standard_task_runner.py:72} INFO - Started process 877665 to run task
[2024-12-04T09:06:23.670+0900] {standard_task_runner.py:104} INFO - Running: ['airflow', 'tasks', 'run', 'process_and_upload_json_to_hdfs', 'run_make_model', 'scheduled__2024-12-03T23:00:00+00:00', '--job-id', '530', '--raw', '--subdir', 'DAGS_FOLDER/data_to_hdfs.py', '--cfg-path', '/tmp/tmpeixwlkif']
[2024-12-04T09:06:23.672+0900] {standard_task_runner.py:105} INFO - Job 530: Subtask run_make_model
[2024-12-04T09:06:23.705+0900] {task_command.py:467} INFO - Running <TaskInstance: process_and_upload_json_to_hdfs.run_make_model scheduled__2024-12-03T23:00:00+00:00 [running]> on host MN
[2024-12-04T09:06:23.774+0900] {taskinstance.py:3132} INFO - Exporting env vars: AIRFLOW_CTX_DAG_OWNER='airflow' AIRFLOW_CTX_DAG_ID='process_and_upload_json_to_hdfs' AIRFLOW_CTX_TASK_ID='run_make_model' AIRFLOW_CTX_EXECUTION_DATE='2024-12-03T23:00:00+00:00' AIRFLOW_CTX_TRY_NUMBER='1' AIRFLOW_CTX_DAG_RUN_ID='scheduled__2024-12-03T23:00:00+00:00'
[2024-12-04T09:06:23.774+0900] {taskinstance.py:731} INFO - ::endgroup::
[2024-12-04T09:06:23.789+0900] {subprocess.py:78} INFO - Tmp dir root location: /tmp
[2024-12-04T09:06:23.789+0900] {subprocess.py:88} INFO - Running command: ['/usr/bin/bash', '-c', '/laewon/spark/bin/spark-submit --master yarn --deploy-mode cluster /laewon/Riot/make_model.py']
[2024-12-04T09:06:23.796+0900] {subprocess.py:99} INFO - Output:
[2024-12-04T09:06:26.033+0900] {subprocess.py:106} INFO - 24/12/04 09:06:26 INFO DefaultNoHARMFailoverProxyProvider: Connecting to ResourceManager at MN/192.168.4.7:8032
[2024-12-04T09:06:26.729+0900] {subprocess.py:106} INFO - 24/12/04 09:06:26 INFO Configuration: resource-types.xml not found
[2024-12-04T09:06:26.729+0900] {subprocess.py:106} INFO - 24/12/04 09:06:26 INFO ResourceUtils: Unable to find 'resource-types.xml'.
[2024-12-04T09:06:26.743+0900] {subprocess.py:106} INFO - 24/12/04 09:06:26 INFO Client: Verifying our application has not requested more than the maximum memory capability of the cluster (819200 MB per container)
[2024-12-04T09:06:26.744+0900] {subprocess.py:106} INFO - 24/12/04 09:06:26 INFO Client: Will allocate AM container, with 1408 MB memory including 384 MB overhead
[2024-12-04T09:06:26.744+0900] {subprocess.py:106} INFO - 24/12/04 09:06:26 INFO Client: Setting up container launch context for our AM
[2024-12-04T09:06:26.748+0900] {subprocess.py:106} INFO - 24/12/04 09:06:26 INFO Client: Setting up the launch environment for our AM container
[2024-12-04T09:06:26.759+0900] {subprocess.py:106} INFO - 24/12/04 09:06:26 INFO Client: Preparing resources for our AM container
[2024-12-04T09:06:26.793+0900] {subprocess.py:106} INFO - 24/12/04 09:06:26 WARN Client: Neither spark.yarn.jars nor spark.yarn.archive is set, falling back to uploading libraries under SPARK_HOME.
[2024-12-04T09:06:29.640+0900] {subprocess.py:106} INFO - 24/12/04 09:06:29 INFO Client: Uploading resource file:/tmp/spark-7bb69317-0a4b-4b2d-8e59-9668dfa11522/__spark_libs__12923345618863973635.zip -> hdfs://MN:9000/user/dke/.sparkStaging/application_1733127595631_0049/__spark_libs__12923345618863973635.zip
[2024-12-04T09:07:05.205+0900] {subprocess.py:106} INFO - 24/12/04 09:07:05 INFO Client: Uploading resource file:/laewon/Riot/make_model.py -> hdfs://MN:9000/user/dke/.sparkStaging/application_1733127595631_0049/make_model.py
[2024-12-04T09:07:05.237+0900] {subprocess.py:106} INFO - 24/12/04 09:07:05 INFO Client: Uploading resource file:/laewon/spark-3.5.1-bin-hadoop3/python/lib/pyspark.zip -> hdfs://MN:9000/user/dke/.sparkStaging/application_1733127595631_0049/pyspark.zip
[2024-12-04T09:07:05.490+0900] {subprocess.py:106} INFO - 24/12/04 09:07:05 INFO Client: Uploading resource file:/laewon/spark-3.5.1-bin-hadoop3/python/lib/py4j-0.10.9.7-src.zip -> hdfs://MN:9000/user/dke/.sparkStaging/application_1733127595631_0049/py4j-0.10.9.7-src.zip
[2024-12-04T09:07:05.684+0900] {subprocess.py:106} INFO - 24/12/04 09:07:05 INFO Client: Uploading resource file:/tmp/spark-7bb69317-0a4b-4b2d-8e59-9668dfa11522/__spark_conf__12659340526272274046.zip -> hdfs://MN:9000/user/dke/.sparkStaging/application_1733127595631_0049/__spark_conf__.zip
[2024-12-04T09:07:05.765+0900] {subprocess.py:106} INFO - 24/12/04 09:07:05 INFO SecurityManager: Changing view acls to: dke
[2024-12-04T09:07:05.765+0900] {subprocess.py:106} INFO - 24/12/04 09:07:05 INFO SecurityManager: Changing modify acls to: dke
[2024-12-04T09:07:05.766+0900] {subprocess.py:106} INFO - 24/12/04 09:07:05 INFO SecurityManager: Changing view acls groups to:
[2024-12-04T09:07:05.766+0900] {subprocess.py:106} INFO - 24/12/04 09:07:05 INFO SecurityManager: Changing modify acls groups to:
[2024-12-04T09:07:05.767+0900] {subprocess.py:106} INFO - 24/12/04 09:07:05 INFO SecurityManager: SecurityManager: authentication disabled; ui acls disabled; users with view permissions: dke; groups with view permissions: EMPTY; users with modify permissions: dke; groups with modify permissions: EMPTY
[2024-12-04T09:07:05.803+0900] {subprocess.py:106} INFO - 24/12/04 09:07:05 INFO Client: Submitting application application_1733127595631_0049 to ResourceManager
[2024-12-04T09:07:05.849+0900] {subprocess.py:106} INFO - 24/12/04 09:07:05 INFO YarnClientImpl: Submitted application application_1733127595631_0049
[2024-12-04T09:07:06.852+0900] {subprocess.py:106} INFO - 24/12/04 09:07:06 INFO Client: Application report for application_1733127595631_0049 (state: ACCEPTED)
[2024-12-04T09:07:06.855+0900] {subprocess.py:106} INFO - 24/12/04 09:07:06 INFO Client:
[2024-12-04T09:07:06.856+0900] {subprocess.py:106} INFO - 	 client token: N/A
[2024-12-04T09:07:06.856+0900] {subprocess.py:106} INFO - 	 diagnostics: AM container is launched, waiting for AM container to Register with RM
[2024-12-04T09:07:06.856+0900] {subprocess.py:106} INFO - 	 ApplicationMaster host: N/A
[2024-12-04T09:07:06.857+0900] {subprocess.py:106} INFO - 	 ApplicationMaster RPC port: -1
[2024-12-04T09:07:06.857+0900] {subprocess.py:106} INFO - 	 queue: root.default
[2024-12-04T09:07:06.857+0900] {subprocess.py:106} INFO - 	 start time: 1733270825826
[2024-12-04T09:07:06.857+0900] {subprocess.py:106} INFO - 	 final status: UNDEFINED
[2024-12-04T09:07:06.858+0900] {subprocess.py:106} INFO - 	 tracking URL: http://MN:8088/proxy/application_1733127595631_0049/
[2024-12-04T09:07:06.858+0900] {subprocess.py:106} INFO - 	 user: dke
[2024-12-04T09:07:24.879+0900] {subprocess.py:106} INFO - 24/12/04 09:07:24 INFO Client: Application report for application_1733127595631_0049 (state: RUNNING)
[2024-12-04T09:07:24.880+0900] {subprocess.py:106} INFO - 24/12/04 09:07:24 INFO Client:
[2024-12-04T09:07:24.880+0900] {subprocess.py:106} INFO - 	 client token: N/A
[2024-12-04T09:07:24.880+0900] {subprocess.py:106} INFO - 	 diagnostics: N/A
[2024-12-04T09:07:24.881+0900] {subprocess.py:106} INFO - 	 ApplicationMaster host: SN07
[2024-12-04T09:07:24.881+0900] {subprocess.py:106} INFO - 	 ApplicationMaster RPC port: 40387
[2024-12-04T09:07:24.881+0900] {subprocess.py:106} INFO - 	 queue: root.default
[2024-12-04T09:07:24.881+0900] {subprocess.py:106} INFO - 	 start time: 1733270825826
[2024-12-04T09:07:24.882+0900] {subprocess.py:106} INFO - 	 final status: UNDEFINED
[2024-12-04T09:07:24.882+0900] {subprocess.py:106} INFO - 	 tracking URL: http://MN:8088/proxy/application_1733127595631_0049/
[2024-12-04T09:07:24.882+0900] {subprocess.py:106} INFO - 	 user: dke
[2024-12-04T09:07:54.918+0900] {subprocess.py:106} INFO - 24/12/04 09:07:54 INFO Client: Application report for application_1733127595631_0049 (state: RUNNING)
[2024-12-04T09:07:58.923+0900] {subprocess.py:106} INFO - 24/12/04 09:07:58 INFO Client: Application report for application_1733127595631_0049 (state: FINISHED)
[2024-12-04T09:07:58.924+0900] {subprocess.py:106} INFO - 24/12/04 09:07:58 INFO Client:
[2024-12-04T09:07:58.924+0900] {subprocess.py:106} INFO - 	 client token: N/A
[2024-12-04T09:07:58.924+0900] {subprocess.py:106} INFO - 	 diagnostics: N/A
[2024-12-04T09:07:58.924+0900] {subprocess.py:106} INFO - 	 ApplicationMaster host: SN07
[2024-12-04T09:07:58.925+0900] {subprocess.py:106} INFO - 	 ApplicationMaster RPC port: 40387
[2024-12-04T09:07:58.925+0900] {subprocess.py:106} INFO - 	 queue: root.default
[2024-12-04T09:07:58.925+0900] {subprocess.py:106} INFO - 	 start time: 1733270825826
[2024-12-04T09:07:58.925+0900] {subprocess.py:106} INFO - 	 final status: SUCCEEDED
[2024-12-04T09:07:58.926+0900] {subprocess.py:106} INFO - 	 tracking URL: http://MN:8088/proxy/application_1733127595631_0049/
[2024-12-04T09:07:58.926+0900] {subprocess.py:106} INFO - 	 user: dke
[2024-12-04T09:07:58.932+0900] {subprocess.py:106} INFO - 24/12/04 09:07:58 INFO ShutdownHookManager: Shutdown hook called
[2024-12-04T09:07:58.933+0900] {subprocess.py:106} INFO - 24/12/04 09:07:58 INFO ShutdownHookManager: Deleting directory /tmp/spark-a8fe6cb2-0eb1-484a-9048-d0aabeef8645
[2024-12-04T09:07:58.935+0900] {subprocess.py:106} INFO - 24/12/04 09:07:58 INFO ShutdownHookManager: Deleting directory /tmp/spark-7bb69317-0a4b-4b2d-8e59-9668dfa11522
[2024-12-04T09:07:59.288+0900] {subprocess.py:110} INFO - Command exited with return code 0
[2024-12-04T09:07:59.311+0900] {taskinstance.py:340} INFO - ::group::Post task execution logs
[2024-12-04T09:07:59.312+0900] {taskinstance.py:352} INFO - Marking task as SUCCESS. dag_id=process_and_upload_json_to_hdfs, task_id=run_make_model, run_id=scheduled__2024-12-03T23:00:00+00:00, execution_date=20241203T230000, start_date=20241204T000623, end_date=20241204T000759
[2024-12-04T09:07:59.367+0900] {local_task_job_runner.py:266} INFO - Task exited with return code 0
[2024-12-04T09:07:59.378+0900] {taskinstance.py:3895} INFO - 0 downstream tasks scheduled from follow-on schedule check
[2024-12-04T09:07:59.378+0900] {local_task_job_runner.py:245} INFO - ::endgroup::
