[2024-12-05T13:06:23.488+0900] {local_task_job_runner.py:123} INFO - ::group::Pre task execution logs
[2024-12-05T13:06:23.498+0900] {taskinstance.py:2613} INFO - Dependencies all met for dep_context=non-requeueable deps ti=<TaskInstance: process_and_upload_json_to_hdfs.run_make_model scheduled__2024-12-05T03:00:00+00:00 [queued]>
[2024-12-05T13:06:23.505+0900] {taskinstance.py:2613} INFO - Dependencies all met for dep_context=requeueable deps ti=<TaskInstance: process_and_upload_json_to_hdfs.run_make_model scheduled__2024-12-05T03:00:00+00:00 [queued]>
[2024-12-05T13:06:23.505+0900] {taskinstance.py:2866} INFO - Starting attempt 1 of 2
[2024-12-05T13:06:23.521+0900] {taskinstance.py:2889} INFO - Executing <Task(BashOperator): run_make_model> on 2024-12-05 03:00:00+00:00
[2024-12-05T13:06:23.524+0900] {standard_task_runner.py:72} INFO - Started process 1687375 to run task
[2024-12-05T13:06:23.527+0900] {standard_task_runner.py:104} INFO - Running: ['airflow', 'tasks', 'run', 'process_and_upload_json_to_hdfs', 'run_make_model', 'scheduled__2024-12-05T03:00:00+00:00', '--job-id', '642', '--raw', '--subdir', 'DAGS_FOLDER/data_to_hdfs.py', '--cfg-path', '/tmp/tmphocts04s']
[2024-12-05T13:06:23.529+0900] {standard_task_runner.py:105} INFO - Job 642: Subtask run_make_model
[2024-12-05T13:06:23.562+0900] {task_command.py:467} INFO - Running <TaskInstance: process_and_upload_json_to_hdfs.run_make_model scheduled__2024-12-05T03:00:00+00:00 [running]> on host MN
[2024-12-05T13:06:23.630+0900] {taskinstance.py:3132} INFO - Exporting env vars: AIRFLOW_CTX_DAG_OWNER='airflow' AIRFLOW_CTX_DAG_ID='process_and_upload_json_to_hdfs' AIRFLOW_CTX_TASK_ID='run_make_model' AIRFLOW_CTX_EXECUTION_DATE='2024-12-05T03:00:00+00:00' AIRFLOW_CTX_TRY_NUMBER='1' AIRFLOW_CTX_DAG_RUN_ID='scheduled__2024-12-05T03:00:00+00:00'
[2024-12-05T13:06:23.631+0900] {taskinstance.py:731} INFO - ::endgroup::
[2024-12-05T13:06:23.645+0900] {subprocess.py:78} INFO - Tmp dir root location: /tmp
[2024-12-05T13:06:23.645+0900] {subprocess.py:88} INFO - Running command: ['/usr/bin/bash', '-c', '/laewon/spark/bin/spark-submit --master yarn --deploy-mode cluster /laewon/Riot/make_model.py']
[2024-12-05T13:06:23.652+0900] {subprocess.py:99} INFO - Output:
[2024-12-05T13:06:25.874+0900] {subprocess.py:106} INFO - 24/12/05 13:06:25 INFO DefaultNoHARMFailoverProxyProvider: Connecting to ResourceManager at MN/192.168.4.7:8032
[2024-12-05T13:06:26.572+0900] {subprocess.py:106} INFO - 24/12/05 13:06:26 INFO Configuration: resource-types.xml not found
[2024-12-05T13:06:26.572+0900] {subprocess.py:106} INFO - 24/12/05 13:06:26 INFO ResourceUtils: Unable to find 'resource-types.xml'.
[2024-12-05T13:06:26.586+0900] {subprocess.py:106} INFO - 24/12/05 13:06:26 INFO Client: Verifying our application has not requested more than the maximum memory capability of the cluster (819200 MB per container)
[2024-12-05T13:06:26.587+0900] {subprocess.py:106} INFO - 24/12/05 13:06:26 INFO Client: Will allocate AM container, with 1408 MB memory including 384 MB overhead
[2024-12-05T13:06:26.587+0900] {subprocess.py:106} INFO - 24/12/05 13:06:26 INFO Client: Setting up container launch context for our AM
[2024-12-05T13:06:26.591+0900] {subprocess.py:106} INFO - 24/12/05 13:06:26 INFO Client: Setting up the launch environment for our AM container
[2024-12-05T13:06:26.602+0900] {subprocess.py:106} INFO - 24/12/05 13:06:26 INFO Client: Preparing resources for our AM container
[2024-12-05T13:06:26.636+0900] {subprocess.py:106} INFO - 24/12/05 13:06:26 WARN Client: Neither spark.yarn.jars nor spark.yarn.archive is set, falling back to uploading libraries under SPARK_HOME.
[2024-12-05T13:06:29.499+0900] {subprocess.py:106} INFO - 24/12/05 13:06:29 INFO Client: Uploading resource file:/tmp/spark-4018060c-4287-42d6-bb2c-bfce9ee5bc9c/__spark_libs__9814045411245202243.zip -> hdfs://MN:9000/user/dke/.sparkStaging/application_1733127595631_0077/__spark_libs__9814045411245202243.zip
[2024-12-05T13:06:59.192+0900] {subprocess.py:106} INFO - 24/12/05 13:06:59 INFO Client: Uploading resource file:/laewon/Riot/make_model.py -> hdfs://MN:9000/user/dke/.sparkStaging/application_1733127595631_0077/make_model.py
[2024-12-05T13:06:59.225+0900] {subprocess.py:106} INFO - 24/12/05 13:06:59 INFO Client: Uploading resource file:/laewon/spark-3.5.1-bin-hadoop3/python/lib/pyspark.zip -> hdfs://MN:9000/user/dke/.sparkStaging/application_1733127595631_0077/pyspark.zip
[2024-12-05T13:06:59.483+0900] {subprocess.py:106} INFO - 24/12/05 13:06:59 INFO Client: Uploading resource file:/laewon/spark-3.5.1-bin-hadoop3/python/lib/py4j-0.10.9.7-src.zip -> hdfs://MN:9000/user/dke/.sparkStaging/application_1733127595631_0077/py4j-0.10.9.7-src.zip
[2024-12-05T13:06:59.681+0900] {subprocess.py:106} INFO - 24/12/05 13:06:59 INFO Client: Uploading resource file:/tmp/spark-4018060c-4287-42d6-bb2c-bfce9ee5bc9c/__spark_conf__7518033109101245552.zip -> hdfs://MN:9000/user/dke/.sparkStaging/application_1733127595631_0077/__spark_conf__.zip
[2024-12-05T13:06:59.772+0900] {subprocess.py:106} INFO - 24/12/05 13:06:59 INFO SecurityManager: Changing view acls to: dke
[2024-12-05T13:06:59.773+0900] {subprocess.py:106} INFO - 24/12/05 13:06:59 INFO SecurityManager: Changing modify acls to: dke
[2024-12-05T13:06:59.773+0900] {subprocess.py:106} INFO - 24/12/05 13:06:59 INFO SecurityManager: Changing view acls groups to:
[2024-12-05T13:06:59.774+0900] {subprocess.py:106} INFO - 24/12/05 13:06:59 INFO SecurityManager: Changing modify acls groups to:
[2024-12-05T13:06:59.774+0900] {subprocess.py:106} INFO - 24/12/05 13:06:59 INFO SecurityManager: SecurityManager: authentication disabled; ui acls disabled; users with view permissions: dke; groups with view permissions: EMPTY; users with modify permissions: dke; groups with modify permissions: EMPTY
[2024-12-05T13:06:59.811+0900] {subprocess.py:106} INFO - 24/12/05 13:06:59 INFO Client: Submitting application application_1733127595631_0077 to ResourceManager
[2024-12-05T13:06:59.855+0900] {subprocess.py:106} INFO - 24/12/05 13:06:59 INFO YarnClientImpl: Submitted application application_1733127595631_0077
[2024-12-05T13:07:00.858+0900] {subprocess.py:106} INFO - 24/12/05 13:07:00 INFO Client: Application report for application_1733127595631_0077 (state: ACCEPTED)
[2024-12-05T13:07:00.862+0900] {subprocess.py:106} INFO - 24/12/05 13:07:00 INFO Client:
[2024-12-05T13:07:00.862+0900] {subprocess.py:106} INFO - 	 client token: N/A
[2024-12-05T13:07:00.862+0900] {subprocess.py:106} INFO - 	 diagnostics: AM container is launched, waiting for AM container to Register with RM
[2024-12-05T13:07:00.863+0900] {subprocess.py:106} INFO - 	 ApplicationMaster host: N/A
[2024-12-05T13:07:00.863+0900] {subprocess.py:106} INFO - 	 ApplicationMaster RPC port: -1
[2024-12-05T13:07:00.863+0900] {subprocess.py:106} INFO - 	 queue: root.default
[2024-12-05T13:07:00.864+0900] {subprocess.py:106} INFO - 	 start time: 1733371619834
[2024-12-05T13:07:00.864+0900] {subprocess.py:106} INFO - 	 final status: UNDEFINED
[2024-12-05T13:07:00.864+0900] {subprocess.py:106} INFO - 	 tracking URL: http://MN:8088/proxy/application_1733127595631_0077/
[2024-12-05T13:07:00.865+0900] {subprocess.py:106} INFO - 	 user: dke
[2024-12-05T13:07:08.872+0900] {subprocess.py:106} INFO - 24/12/05 13:07:08 INFO Client: Application report for application_1733127595631_0077 (state: RUNNING)
[2024-12-05T13:07:08.872+0900] {subprocess.py:106} INFO - 24/12/05 13:07:08 INFO Client:
[2024-12-05T13:07:08.876+0900] {subprocess.py:106} INFO - 	 client token: N/A
[2024-12-05T13:07:08.876+0900] {subprocess.py:106} INFO - 	 diagnostics: N/A
[2024-12-05T13:07:08.876+0900] {subprocess.py:106} INFO - 	 ApplicationMaster host: SN02
[2024-12-05T13:07:08.877+0900] {subprocess.py:106} INFO - 	 ApplicationMaster RPC port: 46839
[2024-12-05T13:07:08.877+0900] {subprocess.py:106} INFO - 	 queue: root.default
[2024-12-05T13:07:08.877+0900] {subprocess.py:106} INFO - 	 start time: 1733371619834
[2024-12-05T13:07:08.877+0900] {subprocess.py:106} INFO - 	 final status: UNDEFINED
[2024-12-05T13:07:08.878+0900] {subprocess.py:106} INFO - 	 tracking URL: http://MN:8088/proxy/application_1733127595631_0077/
[2024-12-05T13:07:08.878+0900] {subprocess.py:106} INFO - 	 user: dke
[2024-12-05T13:07:38.911+0900] {subprocess.py:106} INFO - 24/12/05 13:07:38 INFO Client: Application report for application_1733127595631_0077 (state: RUNNING)
[2024-12-05T13:08:05.943+0900] {subprocess.py:106} INFO - 24/12/05 13:08:05 INFO Client: Application report for application_1733127595631_0077 (state: FINISHED)
[2024-12-05T13:08:05.943+0900] {subprocess.py:106} INFO - 24/12/05 13:08:05 INFO Client:
[2024-12-05T13:08:05.943+0900] {subprocess.py:106} INFO - 	 client token: N/A
[2024-12-05T13:08:05.943+0900] {subprocess.py:106} INFO - 	 diagnostics: N/A
[2024-12-05T13:08:05.944+0900] {subprocess.py:106} INFO - 	 ApplicationMaster host: SN02
[2024-12-05T13:08:05.944+0900] {subprocess.py:106} INFO - 	 ApplicationMaster RPC port: 46839
[2024-12-05T13:08:05.944+0900] {subprocess.py:106} INFO - 	 queue: root.default
[2024-12-05T13:08:05.945+0900] {subprocess.py:106} INFO - 	 start time: 1733371619834
[2024-12-05T13:08:05.945+0900] {subprocess.py:106} INFO - 	 final status: SUCCEEDED
[2024-12-05T13:08:05.945+0900] {subprocess.py:106} INFO - 	 tracking URL: http://MN:8088/proxy/application_1733127595631_0077/
[2024-12-05T13:08:05.945+0900] {subprocess.py:106} INFO - 	 user: dke
[2024-12-05T13:08:05.952+0900] {subprocess.py:106} INFO - 24/12/05 13:08:05 INFO ShutdownHookManager: Shutdown hook called
[2024-12-05T13:08:05.953+0900] {subprocess.py:106} INFO - 24/12/05 13:08:05 INFO ShutdownHookManager: Deleting directory /tmp/spark-4018060c-4287-42d6-bb2c-bfce9ee5bc9c
[2024-12-05T13:08:05.956+0900] {subprocess.py:106} INFO - 24/12/05 13:08:05 INFO ShutdownHookManager: Deleting directory /tmp/spark-5cb1dbfa-f33b-473a-8cce-db9e3a224243
[2024-12-05T13:08:06.312+0900] {subprocess.py:110} INFO - Command exited with return code 0
[2024-12-05T13:08:06.335+0900] {taskinstance.py:340} INFO - ::group::Post task execution logs
[2024-12-05T13:08:06.336+0900] {taskinstance.py:352} INFO - Marking task as SUCCESS. dag_id=process_and_upload_json_to_hdfs, task_id=run_make_model, run_id=scheduled__2024-12-05T03:00:00+00:00, execution_date=20241205T030000, start_date=20241205T040623, end_date=20241205T040806
[2024-12-05T13:08:06.387+0900] {local_task_job_runner.py:266} INFO - Task exited with return code 0
[2024-12-05T13:08:06.398+0900] {taskinstance.py:3895} INFO - 0 downstream tasks scheduled from follow-on schedule check
[2024-12-05T13:08:06.399+0900] {local_task_job_runner.py:245} INFO - ::endgroup::
